csJEQ7HpKj 6L0P9wiYTi LQS4RWaIb4 yr2iKD0SJV cyukTR72Jw VCXRkR6ip9 8OFiQSqWlq 7wEJiI5PiS DMYdRnFy9V iXeJeuybhE aT41AKdl5u Evc2G8ELqn XscZvzJqpp iyg3yemsnF vWajNtXcan TGot6eqTFE hPcW7ZMxUt GnTplLcGU9 50zH78LVbV hCihjaovik HeOouPUNDK nwOtiG42jZ 92wmTFi7hd d2Kzjms4K0 uTekej2TYE XwvCqC4nWy axiDjZ1rVo XwvCqC4nWy jBq2R8PEKN TSIb7WYk2Y YWsocDnPNS db1KM5gk5g czEzGNGTsZ wj8BgeDxYg 0EIHFqepBj JanG1zqEHX DIweCV1uTl SxJ9W9dGCS HL96vDUXeU frv2ZTIYV7 RzW1bMqgt4 Xmpvu6LoaA nO1kwsrWDz oGdtKnIW4X Pe0YHW6FFN 9eldvgUDV5 Pe0YHW6FFN NT8PIY8IuK PEgcEjsjo3 NT8PIY8IuK Pe0YHW6FFN oGdtKnIW4X nO1kwsrWDz EsZiuUQKgS y11bNYaELc EsZiuUQKgS obiz8bdp4k b99ZyOESHt IKoA1oNHnv b99ZyOESHt 1TOQCdUJG0 b99ZyOESHt 1IsTDHOwck DF9TJJ0Bze 9l3yBdg4Ff pFBN3ooToC OIO7XGOqQI LWOEycYwU9 KI6FgXBEMv LWOEycYwU9 OIO7XGOqQI nmdT9Db7Xs dqITQnrWpX 6ntr3az3xT mI6LdrjZSm NGpW7zEqNq 7XMWK5Yoa1 tDMH6ohjml 7XMWK5Yoa1 NGpW7zEqNq oOMISh2lJO sryUqtB5kv ovTiEB5wKa RqKBCKkOmn ovTiEB5wKa sryUqtB5kv oOMISh2lJO NGpW7zEqNq ySVDeoSwOA NGpW7zEqNq Yj6X9rR01R NGpW7zEqNq mI6LdrjZSm 6ntr3az3xT dqITQnrWpX nmdT9Db7Xs OIO7XGOqQI pFBN3ooToC 0Scs6jHyEV ECFOrOS99M 6TmLbi5J8O ECFOrOS99M 0Scs6jHyEV pFBN3ooToC 9l3yBdg4Ff Wp8yash2qT SZRCneArUb Wp8yash2qT deSWZqlVtW TWLCVMJPb1 ZxzfLadwfB TWLCVMJPb1 k3PbMcWXwf TWLCVMJPb1 sSdyymQ7q0 Ueru14CJ0Y sSdyymQ7q0 TWLCVMJPb1 deSWZqlVtW Wp8yash2qT FX0Ow8kHt8 Wp8yash2qT 9l3yBdg4Ff xBmVjPftZk 9l3yBdg4Ff SBYhoHEkDH 9l3yBdg4Ff DF9TJJ0Bze amMpE0UjMu DF9TJJ0Bze NB5wAQZggS DF9TJJ0Bze 1IsTDHOwck b99ZyOESHt obiz8bdp4k EsZiuUQKgS nO1kwsrWDz Xmpvu6LoaA RzW1bMqgt4 bE85wtNQnS C4rJeJeH2s iiAN44G3xx C4rJeJeH2s bE85wtNQnS RzW1bMqgt4 frv2ZTIYV7 HL96vDUXeU SxJ9W9dGCS DIweCV1uTl JanG1zqEHX 0EIHFqepBj wj8BgeDxYg k4nEE33fY0 wj8BgeDxYg czEzGNGTsZ BUyL5dqQ5m DrrwOcUWt8 BUyL5dqQ5m czEzGNGTsZ db1KM5gk5g YWsocDnPNS TSIb7WYk2Y jBq2R8PEKN XwvCqC4nWy uTekej2TYE d2Kzjms4K0 92wmTFi7hd nwOtiG42jZ HeOouPUNDK hCihjaovik byTDV68f3F hCihjaovik 50zH78LVbV GnTplLcGU9 hPcW7ZMxUt lqAv6mAlkG hPcW7ZMxUt TGot6eqTFE vWajNtXcan iyg3yemsnF XscZvzJqpp Evc2G8ELqn aT41AKdl5u DZ2yu42AN7 aT41AKdl5u iXeJeuybhE 7hhmnpYChW iXeJeuybhE DMYdRnFy9V 7wEJiI5PiS 8OFiQSqWlq lK1RolYklz 8OFiQSqWlq VCXRkR6ip9 cyukTR72Jw yr2iKD0SJV LQS4RWaIb4 6L0P9wiYTi csJEQ7HpKj 
50
OIO7XGOqQI OIO7XGOqQI
NB5wAQZggS NB5wAQZggS
6TmLbi5J8O 6TmLbi5J8O
aT41AKdl5u aT41AKdl5u
yr2iKD0SJV yr2iKD0SJV
DMYdRnFy9V DMYdRnFy9V
92wmTFi7hd 92wmTFi7hd
8OFiQSqWlq 8OFiQSqWlq
uTekej2TYE uTekej2TYE
0Scs6jHyEV 0Scs6jHyEV
wj8BgeDxYg wj8BgeDxYg
LWOEycYwU9 LWOEycYwU9
RqKBCKkOmn RqKBCKkOmn
byTDV68f3F byTDV68f3F
tDMH6ohjml tDMH6ohjml
Pe0YHW6FFN Pe0YHW6FFN
KI6FgXBEMv KI6FgXBEMv
FX0Ow8kHt8 FX0Ow8kHt8
cyukTR72Jw cyukTR72Jw
ECFOrOS99M ECFOrOS99M
hPcW7ZMxUt hPcW7ZMxUt
SBYhoHEkDH SBYhoHEkDH
nwOtiG42jZ nwOtiG42jZ
frv2ZTIYV7 frv2ZTIYV7
nmdT9Db7Xs nmdT9Db7Xs
b99ZyOESHt b99ZyOESHt
oOMISh2lJO oOMISh2lJO
db1KM5gk5g db1KM5gk5g
1IsTDHOwck 1IsTDHOwck
Wp8yash2qT Wp8yash2qT
XscZvzJqpp XscZvzJqpp
50zH78LVbV 50zH78LVbV
lK1RolYklz lK1RolYklz
DZ2yu42AN7 DZ2yu42AN7
iyg3yemsnF iyg3yemsnF
pFBN3ooToC pFBN3ooToC
9eldvgUDV5 9eldvgUDV5
ovTiEB5wKa ovTiEB5wKa
vWajNtXcan vWajNtXcan
YWsocDnPNS YWsocDnPNS
TWLCVMJPb1 TWLCVMJPb1
bE85wtNQnS bE85wtNQnS
Xmpvu6LoaA Xmpvu6LoaA
nO1kwsrWDz nO1kwsrWDz
HeOouPUNDK HeOouPUNDK
NT8PIY8IuK NT8PIY8IuK
BUyL5dqQ5m BUyL5dqQ5m
VCXRkR6ip9 VCXRkR6ip9
mI6LdrjZSm mI6LdrjZSm
6ntr3az3xT 6ntr3az3xT
