avO6DokGNV J3QkKKbcGi m69sGhvEIb 4LEfQ8dbBq M5vmn2rfe3 hJDRtERlM2 J4zLv9eQYZ s61EUaEvD5 BeJHErXoaf z2cSDPtM2c hTLJm7CeoT z2cSDPtM2c 7xLyviR1I7 assPduZNsG r8bqvcUEhk Sgd3bGOfg9 naryMOdTL1 dcrwuoPlRW 6Vno5ofgOO MCqQ323Gen sbTXVYHyuF vHI4A6iECC HfBPlDvwVv yTFGVZhmQb CWOYxiwD74 iuD08RleYC MOhpHdkTC5 105PQGFVff xoeo7Bu344 o1hzXe9VMr HFXlqrw6s9 pLi6Da35m8 Eb5I0Bn9DW Zgm2Ab1ZJh pp9oEJOIeX n8IlcD5WPH 2avIDcS7hw sOz4CyOTsh mieuMIAhO6 Tfg68LSGaQ xJdri1edc0 5Ohp73j5Vl LoasvSMlSm cXdnwAWFPq YzYGSE33By VyrorWQGnD e2Fq6vFvJP njwH7guDpC lORNCOpZxa jthimyJO71 7Xj3l2DrLf xOapGEACDc 5c05SnDhAp OVwR12Zl4z 5c05SnDhAp zIBQfhG3fm rga2ny7Bii ISl9yuyVh1 c8ywGL8KEe drcs3sn46V QvYK0EVpnm t7YzZ8Ojt7 3vAw2jIJXt 3cUFcp9eGY OfWwXoPjYQ k5qBnQzuJp i738Gjb28q 6hUkXEpsWI 16Q7gxdvJ0 I6uQ2PQNic fDzJfrqZdn zIiXxkAb6n gPrSzrOyCD HQ8KtlEddY Q8m60ajE04 UabYuuw7yG f5oITES7l5 UabYuuw7yG Q8m60ajE04 zXUOBQBcsk y3GRWAZk8z RooxVVEkxF IU23wcEy5U oCIQzwtK6X osRl5wkB3D A6nHm1Q8s1 nRX1gHLC4X TtwU6iDk2P edjhVM6lC4 uPdZFeuMUZ edjhVM6lC4 X0G5ZqpJ54 RqvHmhpwvt X0G5ZqpJ54 edjhVM6lC4 TtwU6iDk2P BewrKyn087 yjDKPrYEcQ VTd8GZhw2l 1QEwRZ7ugx ovvrJNC9O1 n8vaUZemlJ qVujmbeZbp GZxstGvvKH FdqlR6uHuK GZxstGvvKH qVujmbeZbp n8vaUZemlJ Tahwj6YBSj vrqjS3jKWB Tahwj6YBSj n8vaUZemlJ ovvrJNC9O1 1QEwRZ7ugx VTd8GZhw2l Vv1bTXWR3n BLKACNSlBT 02AZlhET9G MLoliwA2bi xbkc4zcQzz H6kESck5uW COheoxT0q8 FPZjCKSIvg yCz9HfvQL2 YaoJJXZDta KWBeyttCC7 fyVZxHJv4E IJZhN6M9OZ fyVZxHJv4E HA6dhCK8oa fyVZxHJv4E MQdRMhBgB7 43yyYTjnsO M8aV8VX4ZV 43yyYTjnsO MQdRMhBgB7 fyVZxHJv4E KWBeyttCC7 YaoJJXZDta yCz9HfvQL2 utw3AWn9AP 2V1TnTfRfa X3KQJHrues wzMo25I6rq RSFd3JrZQL wzMo25I6rq X3KQJHrues rQQGxudYlv A7fuO8eGGT wqLBQ9EZ4f zSfpmGep7E beot1gaM4k YdCSxWtCgd BKVLECsw88 YdCSxWtCgd beot1gaM4k zSfpmGep7E wqLBQ9EZ4f A7fuO8eGGT PBJnxfEh3D 3ZL4ZnbV5b XkEHAtN1cV RqSy9Qe9gk XkEHAtN1cV HMwanA1Jap eE7Vb2GqnZ Jxfvi7JzP4 XjXikKyxcW AnP6uLomsd XjXikKyxcW GUW8HaeluT iAPisT0XSK Fi9fvh6iNH gzJnMM68iu Fi9fvh6iNH iAPisT0XSK GUW8HaeluT JKSeGkOEIA GUW8HaeluT HPyPtYzQpw vjvbbqJ8YV 7DjogP4Ro5 zlXA4t5EfM 7DjogP4Ro5 YbGDUqz68Q OlVhhPojbN c6mx76vyvO OlVhhPojbN YbGDUqz68Q 7DjogP4Ro5 UinSqs7Ev6 YV3BkhI2BD UinSqs7Ev6 7DjogP4Ro5 vjvbbqJ8YV IxCgGLyDgl YerKaOBkYm IxCgGLyDgl vjvbbqJ8YV HPyPtYzQpw GUW8HaeluT XjXikKyxcW Jxfvi7JzP4 eE7Vb2GqnZ HMwanA1Jap cervz16Ufa HMwanA1Jap x8DmJyp8fS HMwanA1Jap XkEHAtN1cV 3ZL4ZnbV5b PBJnxfEh3D A7fuO8eGGT qzHxscQJCs ttzTTW6WQ1 qzHxscQJCs uxL3qg8tMm qzHxscQJCs A7fuO8eGGT rQQGxudYlv X3KQJHrues 2V1TnTfRfa utw3AWn9AP yCz9HfvQL2 FPZjCKSIvg COheoxT0q8 H6kESck5uW xbkc4zcQzz MLoliwA2bi MI1UqJwuJf MLoliwA2bi gLFk1pvoxY MLoliwA2bi 02AZlhET9G BLKACNSlBT YJ6c2hS0GH Og7T3x1cXg BxP3OqaZnI Og7T3x1cXg YJ6c2hS0GH BLKACNSlBT Vv1bTXWR3n VTd8GZhw2l yjDKPrYEcQ BewrKyn087 wfeSOX0AoU m3H8rv7L9P dzuKrW9ouC m3H8rv7L9P wfeSOX0AoU BewrKyn087 TtwU6iDk2P nRX1gHLC4X A6nHm1Q8s1 Hnee5g8vql A6nHm1Q8s1 osRl5wkB3D QRDW8B6WxX osRl5wkB3D gtSiwBKSsj osRl5wkB3D oCIQzwtK6X IU23wcEy5U RooxVVEkxF y3GRWAZk8z BVVX0apYra iXg9FnoKot BVVX0apYra y3GRWAZk8z zXUOBQBcsk 35KiplWWtc zXUOBQBcsk Q8m60ajE04 tbE2yDsP3z Q8m60ajE04 1gjnseBhGa yESow7KeYf MpwESw6zWE C2PH7fKVx7 V68cY4uLnr C2PH7fKVx7 MpwESw6zWE dxfBJFW7Al MpwESw6zWE yESow7KeYf Mjbvpt8rwX yESow7KeYf 1gjnseBhGa Q8m60ajE04 HQ8KtlEddY gPrSzrOyCD aWsyMhMWq0 gPrSzrOyCD zIiXxkAb6n fDzJfrqZdn y12jPoqY8o K8wgJ8cxze y12jPoqY8o fDzJfrqZdn I6uQ2PQNic kmSGX8w5Jb I6uQ2PQNic 16Q7gxdvJ0 6hUkXEpsWI i738Gjb28q ly2c41UCWQ i738Gjb28q 7VGBv9JE65 9RP6buZj7i nIkOb0nciS 9RP6buZj7i AkucMGkBYx 9RP6buZj7i 7VGBv9JE65 i738Gjb28q k5qBnQzuJp OfWwXoPjYQ 3cUFcp9eGY 3vAw2jIJXt t7YzZ8Ojt7 fIDXR7735L t7YzZ8Ojt7 QvYK0EVpnm drcs3sn46V c8ywGL8KEe ISl9yuyVh1 rga2ny7Bii zufzUWU9Ei rga2ny7Bii zIBQfhG3fm 5c05SnDhAp xOapGEACDc 7Xj3l2DrLf ugqRREUT6t 7Xj3l2DrLf jthimyJO71 lORNCOpZxa njwH7guDpC e2Fq6vFvJP VyrorWQGnD Q0mP2xwuvu VyrorWQGnD DOyV0wV5Xk VyrorWQGnD YzYGSE33By cXdnwAWFPq LoasvSMlSm 5Ohp73j5Vl xJdri1edc0 Tfg68LSGaQ mieuMIAhO6 sOz4CyOTsh 2avIDcS7hw B4WONCbLDZ 2avIDcS7hw n8IlcD5WPH phRLRcUeub Hv9GZdrMYE phRLRcUeub n8IlcD5WPH pp9oEJOIeX Zgm2Ab1ZJh Eb5I0Bn9DW pLi6Da35m8 HFXlqrw6s9 o1hzXe9VMr xoeo7Bu344 105PQGFVff MOhpHdkTC5 hkoINvLnVr MOhpHdkTC5 iuD08RleYC 8SRetZdCZY iuD08RleYC CWOYxiwD74 yTFGVZhmQb HfBPlDvwVv vHI4A6iECC sbTXVYHyuF MCqQ323Gen 6Vno5ofgOO dcrwuoPlRW naryMOdTL1 Sgd3bGOfg9 r8bqvcUEhk 0pExzogxHC r8bqvcUEhk assPduZNsG 7xLyviR1I7 z2cSDPtM2c BeJHErXoaf s61EUaEvD5 J4zLv9eQYZ hJDRtERlM2 M5vmn2rfe3 4LEfQ8dbBq m69sGhvEIb J3QkKKbcGi avO6DokGNV 
100
UabYuuw7yG UabYuuw7yG
IU23wcEy5U IU23wcEy5U
gPrSzrOyCD gPrSzrOyCD
OfWwXoPjYQ OfWwXoPjYQ
rga2ny7Bii rga2ny7Bii
pLi6Da35m8 pLi6Da35m8
BxP3OqaZnI BxP3OqaZnI
4LEfQ8dbBq 4LEfQ8dbBq
8SRetZdCZY 8SRetZdCZY
JKSeGkOEIA JKSeGkOEIA
TtwU6iDk2P TtwU6iDk2P
oCIQzwtK6X oCIQzwtK6X
K8wgJ8cxze K8wgJ8cxze
nRX1gHLC4X nRX1gHLC4X
IJZhN6M9OZ IJZhN6M9OZ
eE7Vb2GqnZ eE7Vb2GqnZ
njwH7guDpC njwH7guDpC
x8DmJyp8fS x8DmJyp8fS
ly2c41UCWQ ly2c41UCWQ
pp9oEJOIeX pp9oEJOIeX
yjDKPrYEcQ yjDKPrYEcQ
sOz4CyOTsh sOz4CyOTsh
o1hzXe9VMr o1hzXe9VMr
AkucMGkBYx AkucMGkBYx
KWBeyttCC7 KWBeyttCC7
FdqlR6uHuK FdqlR6uHuK
Vv1bTXWR3n Vv1bTXWR3n
GUW8HaeluT GUW8HaeluT
uPdZFeuMUZ uPdZFeuMUZ
iXg9FnoKot iXg9FnoKot
c6mx76vyvO c6mx76vyvO
105PQGFVff 105PQGFVff
HQ8KtlEddY HQ8KtlEddY
sbTXVYHyuF sbTXVYHyuF
HMwanA1Jap HMwanA1Jap
n8IlcD5WPH n8IlcD5WPH
2V1TnTfRfa 2V1TnTfRfa
assPduZNsG assPduZNsG
MOhpHdkTC5 MOhpHdkTC5
COheoxT0q8 COheoxT0q8
BeJHErXoaf BeJHErXoaf
jthimyJO71 jthimyJO71
7Xj3l2DrLf 7Xj3l2DrLf
J3QkKKbcGi J3QkKKbcGi
s61EUaEvD5 s61EUaEvD5
c8ywGL8KEe c8ywGL8KEe
7xLyviR1I7 7xLyviR1I7
hJDRtERlM2 hJDRtERlM2
phRLRcUeub phRLRcUeub
r8bqvcUEhk r8bqvcUEhk
9RP6buZj7i 9RP6buZj7i
X3KQJHrues X3KQJHrues
YbGDUqz68Q YbGDUqz68Q
3cUFcp9eGY 3cUFcp9eGY
FPZjCKSIvg FPZjCKSIvg
V68cY4uLnr V68cY4uLnr
HA6dhCK8oa HA6dhCK8oa
Tfg68LSGaQ Tfg68LSGaQ
IxCgGLyDgl IxCgGLyDgl
gtSiwBKSsj gtSiwBKSsj
wzMo25I6rq wzMo25I6rq
7VGBv9JE65 7VGBv9JE65
6Vno5ofgOO 6Vno5ofgOO
utw3AWn9AP utw3AWn9AP
YV3BkhI2BD YV3BkhI2BD
A7fuO8eGGT A7fuO8eGGT
tbE2yDsP3z tbE2yDsP3z
HPyPtYzQpw HPyPtYzQpw
Q0mP2xwuvu Q0mP2xwuvu
k5qBnQzuJp k5qBnQzuJp
fIDXR7735L fIDXR7735L
ugqRREUT6t ugqRREUT6t
zIiXxkAb6n zIiXxkAb6n
edjhVM6lC4 edjhVM6lC4
cXdnwAWFPq cXdnwAWFPq
gzJnMM68iu gzJnMM68iu
YJ6c2hS0GH YJ6c2hS0GH
vHI4A6iECC vHI4A6iECC
dcrwuoPlRW dcrwuoPlRW
f5oITES7l5 f5oITES7l5
yESow7KeYf yESow7KeYf
fDzJfrqZdn fDzJfrqZdn
xoeo7Bu344 xoeo7Bu344
n8vaUZemlJ n8vaUZemlJ
Hnee5g8vql Hnee5g8vql
xbkc4zcQzz xbkc4zcQzz
MI1UqJwuJf MI1UqJwuJf
naryMOdTL1 naryMOdTL1
AnP6uLomsd AnP6uLomsd
ISl9yuyVh1 ISl9yuyVh1
zXUOBQBcsk zXUOBQBcsk
YzYGSE33By YzYGSE33By
dzuKrW9ouC dzuKrW9ouC
BVVX0apYra BVVX0apYra
5c05SnDhAp 5c05SnDhAp
qzHxscQJCs qzHxscQJCs
GZxstGvvKH GZxstGvvKH
hTLJm7CeoT hTLJm7CeoT
BKVLECsw88 BKVLECsw88
Jxfvi7JzP4 Jxfvi7JzP4
