191UMk21nL BUDaeXoyTK b0EbblbKny 5U1TiKV15M ELIXgJIlkD AitjQpj7w4 ELIXgJIlkD tKTpMtFbk2 ELIXgJIlkD KTjZiEPNtH 8IvHxxRfz6 1xY2Zlc3AD DpNa8lFgFt 4p78B9KklZ 09CxpMpOE2 k4klx4ge86 ZDHbKcGYuH 0hQZzdWU1O gbRk71fpPn ftV4oxPMAr y9jOTGf38P NDqYzAb5TV NWoeQ6koci KkQd5Hp9Le S2HeLaYu6j dSifthON6d yzf2WjRutr 1cr8DPbgxC qhf1lLy8te lDdoMm3owW NBfs6k39zI 5SyCz7w4u8 4Gr6uw8fG5 MduuWOTg2t vnE5vQqjC6 EBjuxT6U0t ojje1AEItn f4Jq5UHgwY 7E1MvxeFdt Lo4hKKtdN8 1wUb5LEMPm paoq0GlTpj 2jgctllNSk HYPG19EwoU HKUAem46nI 3TXKPO7Byh C7ekFCUcpr M8nJ9EKgkF rvj5aHJhza Lw3IcxUj2N iRYV1J26Nq OYoD0IEye8 SwDWMLqLji SOszBvoUeW pEuveoiAuC vPwD67tz22 C09HelAE3G 9wrc8IC46n 5BUtPlO51H z1xAzmtKdi LDlZKtVZfk Uf2z1tJygA 0PNg6KetGI vEhHjMKE6e MfwZe6D3Sr EPlBS7T7Ka 9SG2mYxw7l 91iCBDoaqX lHm18vHJ2I w2nS1ndpMR GoFMr2buGO 9Q2laiR6sI 9BILTYUsB2 OTYTOq1RaY LvuQ9rOKvB O0tHIj6s23 GJJolWmlX4 GfLHsjLOTc 901HX7TJQZ 46kR9frhCr o2tgbYR4qM krQnekSVSn o2tgbYR4qM 9tSyvJHCzl JUYud91Bnj BThcjz0Z6M W42qPC3Q1Z C3c00vme9K S23Srxq0jN FZyHZ6Lq5X zt0v7qvKfZ YYoM750cpM auDwAYhSfa y9VsXqOBnc 4Q443VFe6X y9VsXqOBnc oiNlGoMRmu SFTGGFZHRU E4K1JUE990 wfFgZztMU4 cD7euuSXSr b19nmOZcvY LEBH2mdgma MBPYwEcm9O 78yLwES1cw ygu24jMQoN 78yLwES1cw jyRNRmhKBC ASFONPKQ6O LH0cgCae2B ASFONPKQ6O jyRNRmhKBC 4xhn6F1ESb uPmlvYcbrf IuFzqcT7Hc duPNhGA7Uv IuFzqcT7Hc uPmlvYcbrf kJbGBc9C9w tBcmxuDsoN 5QOznpIGOv tBcmxuDsoN e5XQyrhunk S3qonVENSG Qgu5CLEti0 KGtnFUOpZT 45eD5LYyRd FWrBPzb54Y DB2nm2ICO9 07yIG3BAAL DB2nm2ICO9 YVe6Ah74yf DB2nm2ICO9 FWrBPzb54Y 8AyBzFEJdz FWrBPzb54Y diJ6ctW29z FWrBPzb54Y RAi38n7THS HsdNW9vU1L 9GFvsg4nUm pEto3Ezlzb NZdEvGtXm6 D0JdoW1Q7Z NZdEvGtXm6 pEto3Ezlzb XkTlXmeYZZ pEto3Ezlzb 9GFvsg4nUm RyOLZCGB8b 9GFvsg4nUm n8lop7XKYs RKmt8OMrMm n8lop7XKYs 9GFvsg4nUm GStQ1N3sRs 25EO9zE3pD yGIg3J09aR 1EKg3RcBYb RgKyX1uocr 1EKg3RcBYb yGIg3J09aR 1zjNNpJIcS yGIg3J09aR P1gx99eEKU yGIg3J09aR 25EO9zE3pD GStQ1N3sRs 9GFvsg4nUm HsdNW9vU1L RAi38n7THS FWrBPzb54Y A1VOUMvjOa FWrBPzb54Y 45eD5LYyRd KGtnFUOpZT 3YUeYV0D9X p93FlUDiXm 3YUeYV0D9X 2PcKT6y0Ct 3YUeYV0D9X KGtnFUOpZT Qgu5CLEti0 8xMHzynGRw Qgu5CLEti0 S3qonVENSG ied0bJwjkt S3qonVENSG e5XQyrhunk tBcmxuDsoN kJbGBc9C9w uPmlvYcbrf 4xhn6F1ESb jyRNRmhKBC 78yLwES1cw 3Bo2peoVLT 78yLwES1cw 73C6wVnVKf 7neufX7jRI riWjPA1S8M 7neufX7jRI 73C6wVnVKf lO1GQW4TBf rGxeXD1mii CC9U4RU5ay wjpC6eQDMf J6DODJUiDh EL4neVtxQk J6DODJUiDh wjpC6eQDMf CC9U4RU5ay rGxeXD1mii lO1GQW4TBf LBMhQjnWp5 lO1GQW4TBf eVJXOF2o5P lO1GQW4TBf 73C6wVnVKf 6MkTijpWRP VAvjOZygYB W4lSg9pOaB eGntTDw3pB W4lSg9pOaB VAvjOZygYB 6MkTijpWRP XcbtCDHoXp 6MkTijpWRP YcqSY195JW Y3Dj512pZt YcqSY195JW q6OtvetO8Y YcqSY195JW 6MkTijpWRP 73C6wVnVKf 78yLwES1cw MBPYwEcm9O LEBH2mdgma b19nmOZcvY cD7euuSXSr wfFgZztMU4 E4K1JUE990 US7V26hezl E4K1JUE990 8NTt86O9jh E4K1JUE990 SFTGGFZHRU oiNlGoMRmu RVnx70Iw8E SsBc0QdG86 Cv4wEXAoI2 SsBc0QdG86 RVnx70Iw8E oiNlGoMRmu y9VsXqOBnc auDwAYhSfa n5NVp3YUtN auDwAYhSfa YYoM750cpM zt0v7qvKfZ FZyHZ6Lq5X S23Srxq0jN C3c00vme9K W42qPC3Q1Z nHwu9OoizK w9JUenWsoR nHwu9OoizK W42qPC3Q1Z BThcjz0Z6M JUYud91Bnj 9tSyvJHCzl o2tgbYR4qM 46kR9frhCr 901HX7TJQZ GfLHsjLOTc GJJolWmlX4 O0tHIj6s23 LvuQ9rOKvB OTYTOq1RaY 9BILTYUsB2 9Q2laiR6sI zFQjb8Brix khfvAoa794 SgvgQBTwJM khfvAoa794 eoB50GGBO8 I8HkcbPRNb eoB50GGBO8 khfvAoa794 zFQjb8Brix 9Q2laiR6sI GoFMr2buGO w2nS1ndpMR GvWyWtbJz6 5pzbPelx2l 5HPzHtrlRp 5pzbPelx2l GvWyWtbJz6 w2nS1ndpMR lHm18vHJ2I 91iCBDoaqX SopG4UmdDQ 91iCBDoaqX 9SG2mYxw7l t5oLYylKmY 9SG2mYxw7l EPlBS7T7Ka C2uBQ5XQnA EPlBS7T7Ka MfwZe6D3Sr vEhHjMKE6e 0PNg6KetGI Uf2z1tJygA LDlZKtVZfk z1xAzmtKdi 5BUtPlO51H qW9YnpG5sj 5BUtPlO51H 9wrc8IC46n C09HelAE3G vPwD67tz22 pEuveoiAuC SOszBvoUeW SwDWMLqLji OYoD0IEye8 9tyTFmmxTs OYoD0IEye8 iRYV1J26Nq j6g9nI9mQC iRYV1J26Nq YIgrPshQut st1DTTrpFz YIgrPshQut iRYV1J26Nq Lw3IcxUj2N rvj5aHJhza M8nJ9EKgkF j1xuZLXcxU M8nJ9EKgkF C7ekFCUcpr 3TXKPO7Byh HKUAem46nI HYPG19EwoU 2jgctllNSk paoq0GlTpj 1wUb5LEMPm j8GEzCl2XT 1wUb5LEMPm Lo4hKKtdN8 pHQNWm7JnG Lo4hKKtdN8 7E1MvxeFdt ZAlIGxZtfN 7E1MvxeFdt f4Jq5UHgwY ojje1AEItn EBjuxT6U0t vnE5vQqjC6 MduuWOTg2t 4Gr6uw8fG5 5SyCz7w4u8 NBfs6k39zI cT0eIPFGiy NBfs6k39zI lDdoMm3owW qhf1lLy8te 1cr8DPbgxC yzf2WjRutr poF8OuwrEH yzf2WjRutr dSifthON6d S2HeLaYu6j KkQd5Hp9Le NWoeQ6koci NDqYzAb5TV y9jOTGf38P ftV4oxPMAr gbRk71fpPn 0hQZzdWU1O 55gkpa9scz Q4MGRRR4uy 55gkpa9scz 0hQZzdWU1O ZDHbKcGYuH k4klx4ge86 09CxpMpOE2 uIezBS11bn 09CxpMpOE2 4p78B9KklZ dV9MsTvqYz 4p78B9KklZ DpNa8lFgFt 1xY2Zlc3AD 8IvHxxRfz6 KTjZiEPNtH ELIXgJIlkD 5U1TiKV15M b0EbblbKny BUDaeXoyTK 191UMk21nL nHwu9OoizK 45eD5LYyRd 9SG2mYxw7l paoq0GlTpj 5U1TiKV15M b0EbblbKny 09CxpMpOE2 S2HeLaYu6j ELIXgJIlkD z1xAzmtKdi 1xY2Zlc3AD lHm18vHJ2I Srj9xaQxy3 J6DODJUiDh rvj5aHJhza 1cr8DPbgxC y9jOTGf38P 4p78B9KklZ 4Q443VFe6X qhf1lLy8te j8GEzCl2XT BUDaeXoyTK dSifthON6d C7ekFCUcpr wfFgZztMU4 uPmlvYcbrf W42qPC3Q1Z NWoeQ6koci 9BILTYUsB2 tBcmxuDsoN MBPYwEcm9O 1wUb5LEMPm Uf2z1tJygA ygu24jMQoN Uf2z1tJygA 46kR9frhCr wjpC6eQDMf S3qonVENSG BThcjz0Z6M ZAlIGxZtfN yzf2WjRutr DpNa8lFgFt OTYTOq1RaY MduuWOTg2t JUYud91Bnj M8nJ9EKgkF ZDHbKcGYuH HsdNW9vU1L w2nS1ndpMR ftV4oxPMAr 7E1MvxeFdt pEuveoiAuC RgKyX1uocr 8AyBzFEJdz 6MkTijpWRP 0PNg6KetGI p93FlUDiXm vnE5vQqjC6 k4klx4ge86 rGxeXD1mii MfwZe6D3Sr 9wrc8IC46n SOszBvoUeW qW9YnpG5sj khfvAoa794 ojje1AEItn 5SyCz7w4u8 gbRk71fpPn ASFONPKQ6O SopG4UmdDQ LBMhQjnWp5 uIezBS11bn NDqYzAb5TV GoFMr2buGO krQnekSVSn 9Q2laiR6sI 4nTReA552k 5BUtPlO51H eGntTDw3pB lO1GQW4TBf 8IvHxxRfz6 HKUAem46nI 3TXKPO7Byh AitjQpj7w4 KkQd5Hp9Le f4Jq5UHgwY EL4neVtxQk duPNhGA7Uv 1EKg3RcBYb Lw3IcxUj2N RAi38n7THS PXenT783wF EPlBS7T7Ka cD7euuSXSr nI2qK4M3a5 zt0v7qvKfZ vqqO7eepeD zt0v7qvKfZ nI2qK4M3a5 cD7euuSXSr NiZpDEQm1b y9VsXqOBnc 7neufX7jRI 2jgctllNSk 7neufX7jRI SwDWMLqLji IuFzqcT7Hc SwDWMLqLji E4K1JUE990 oiNlGoMRmu 0hQZzdWU1O oiNlGoMRmu q6OtvetO8Y oiNlGoMRmu 31MQniOAOQ 0o0xpW5Yvl R5PtaAJBhz tKTpMtFbk2 5QOznpIGOv LDlZKtVZfk G8nSzJsa3r LDlZKtVZfk 5QOznpIGOv yGv2H3rVHz FWrBPzb54Y 5HPzHtrlRp D0JdoW1Q7Z 5HPzHtrlRp JXaSeGoBp1 8xMHzynGRw C09HelAE3G ayZPN2fn2x 55gkpa9scz NZdEvGtXm6 c7Q3ddwyMO diJ6ctW29z 901HX7TJQZ 9lX5mPfOH5 A1VOUMvjOa O0tHIj6s23 I8HkcbPRNb vPwD67tz22 NZnzg2Jjog Qgu5CLEti0 NZnzg2Jjog 9GFvsg4nUm iRYV1J26Nq CC9U4RU5ay iRYV1J26Nq 9eoCpdc218 iRYV1J26Nq 9GFvsg4nUm eVJXOF2o5P Y3Dj512pZt C3c00vme9K 9tSyvJHCzl NBfs6k39zI DB2nm2ICO9 C2uBQ5XQnA BLILbU6zT5 j1xuZLXcxU poF8OuwrEH pEto3Ezlzb Qjee2Nmiyp ra5OU4alqF YYoM750cpM jyRNRmhKBC FZyHZ6Lq5X 78yLwES1cw Lo4hKKtdN8 w9JUenWsoR Lo4hKKtdN8 b19nmOZcvY Lo4hKKtdN8 78yLwES1cw FZyHZ6Lq5X KGtnFUOpZT FZyHZ6Lq5X jyRNRmhKBC m3NbrKXK1x jyRNRmhKBC YYoM750cpM ra5OU4alqF GStQ1N3sRs LEBH2mdgma W4lSg9pOaB FOrAAG6jaX f0ynNn33yV FOrAAG6jaX W4lSg9pOaB LEBH2mdgma 91iCBDoaqX WrwaTHiENY 91iCBDoaqX LEBH2mdgma 07yIG3BAAL 5pzbPelx2l 07yIG3BAAL KzjWMugzIZ dDASzl0mbu EcTtoKvria 5S7VmZIWNC LvuQ9rOKvB zHvPr4XYVZ n5NVp3YUtN j6g9nI9mQC YVe6Ah74yf XkTlXmeYZZ Q4MGRRR4uy 4Gr6uw8fG5 EXC7Ccvr99 4Gr6uw8fG5 Q4MGRRR4uy 73C6wVnVKf OYoD0IEye8 EBjuxT6U0t S23Srxq0jN yGIg3J09aR S23Srxq0jN kxWEUIBc2l S23Srxq0jN EBjuxT6U0t PivdzMYzIV XcbtCDHoXp IyRKoyh760 MH2FruouXH IyRKoyh760 6gpaKbtL70 IyRKoyh760 BBa8faTSFc IyRKoyh760 XcbtCDHoXp PivdzMYzIV VxVMR6UMfU Cv4wEXAoI2 EECpFL217a YIgrPshQut oFIuV0iGYN d3m9I2q1q8 Ar1dkMOnW2 HYPG19EwoU Ar1dkMOnW2 d3m9I2q1q8 vlkW68mZAH d3m9I2q1q8 oFIuV0iGYN sSdDQg9jXK o2tgbYR4qM sSdDQg9jXK gjun4xGlAS sSdDQg9jXK oFIuV0iGYN r5b3SQznOm ajYQwjaILI RsqqSpeP9K pHQNWm7JnG riWjPA1S8M pHQNWm7JnG 5mgxzEwhLi NSNywvtChQ 4P7EFfR2s8 z3BOezp5QI cJdQSRAktX z3BOezp5QI 4P7EFfR2s8 NSNywvtChQ KinmFvKhm6 omVJjkXZ5Y vEhHjMKE6e omVJjkXZ5Y KinmFvKhm6 Nla2MTDGvz YcqSY195JW zFQjb8Brix YcqSY195JW hnim4N9ybK YcqSY195JW Nla2MTDGvz KinmFvKhm6 NSNywvtChQ 5mgxzEwhLi pHQNWm7JnG RsqqSpeP9K ajYQwjaILI r5b3SQznOm oFIuV0iGYN YIgrPshQut EECpFL217a Cv4wEXAoI2 ohr5ZO2YhA Cv4wEXAoI2 VxVMR6UMfU PivdzMYzIV EBjuxT6U0t OYoD0IEye8 3Bo2peoVLT OYoD0IEye8 73C6wVnVKf Q4MGRRR4uy XkTlXmeYZZ jJqSfmry1J SsBc0QdG86 jJqSfmry1J RVnx70Iw8E DxTuS50KYC RVnx70Iw8E DVTX83kZiv wwTl8jg9qd DVTX83kZiv CTV03yXXg7 GJJolWmlX4 CTV03yXXg7 DVTX83kZiv RVnx70Iw8E jJqSfmry1J XkTlXmeYZZ YVe6Ah74yf j6g9nI9mQC lDdoMm3owW dV9MsTvqYz lDdoMm3owW Q9X4rSoywj 6B1KDM3TgK Q9X4rSoywj lDdoMm3owW j6g9nI9mQC n5NVp3YUtN zHvPr4XYVZ S1pHWFUhMY zHvPr4XYVZ LvuQ9rOKvB 5S7VmZIWNC IgIKXsoZ05 3YUeYV0D9X GvWyWtbJz6 ya02j3lcux m65FS1GGHv n8lop7XKYs AmDFEn5Rv8 SgvgQBTwJM VAvjOZygYB SgvgQBTwJM AmDFEn5Rv8 n8lop7XKYs m65FS1GGHv ya02j3lcux GvWyWtbJz6 3YUeYV0D9X RekUvbN6ub 3YUeYV0D9X IgIKXsoZ05 P1gx99eEKU IgIKXsoZ05 zjrf5ha2jy RyOLZCGB8b zjrf5ha2jy IgIKXsoZ05 5S7VmZIWNC EcTtoKvria dDASzl0mbu KzjWMugzIZ 07yIG3BAAL LEBH2mdgma ied0bJwjkt LEBH2mdgma eoB50GGBO8 LEBH2mdgma GStQ1N3sRs ra5OU4alqF Qjee2Nmiyp pEto3Ezlzb poF8OuwrEH IZGKBjcRBK poF8OuwrEH x49sxGJOqU SFTGGFZHRU x49sxGJOqU poF8OuwrEH j1xuZLXcxU Cp31MUNqYc 2PcKT6y0Ct Cp31MUNqYc j1xuZLXcxU BLILbU6zT5 pa50vpsp6U BLILbU6zT5 C2uBQ5XQnA DB2nm2ICO9 D6z0d7OltD DB2nm2ICO9 NBfs6k39zI 9tSyvJHCzl st1DTTrpFz 9tSyvJHCzl C3c00vme9K Y3Dj512pZt cEffkvOTRS Y3Dj512pZt eVJXOF2o5P covpwgnnr5 eVJXOF2o5P 9GFvsg4nUm HQ1FGqwY0G auDwAYhSfa HQ1FGqwY0G 9GFvsg4nUm NZnzg2Jjog vPwD67tz22 I8HkcbPRNb O0tHIj6s23 A1VOUMvjOa 1FDD3sqtE3 A1VOUMvjOa 9lX5mPfOH5 1nHAVg9Iw1 6XedQEiUPc 1nHAVg9Iw1 9lX5mPfOH5 901HX7TJQZ diJ6ctW29z fW3gemQIJO diJ6ctW29z c7Q3ddwyMO RKmt8OMrMm e5XQyrhunk RKmt8OMrMm TkQB3ZERdx RKmt8OMrMm c7Q3ddwyMO NZdEvGtXm6 55gkpa9scz ayZPN2fn2x C09HelAE3G 8xMHzynGRw JXaSeGoBp1 5HPzHtrlRp FWrBPzb54Y yGv2H3rVHz 5QOznpIGOv tKTpMtFbk2 R5PtaAJBhz 0o0xpW5Yvl 31MQniOAOQ oiNlGoMRmu E4K1JUE990 cT0eIPFGiy 1zjNNpJIcS kxtZvpbnFw s3U6W7Nhnt kxtZvpbnFw 1zjNNpJIcS cT0eIPFGiy E4K1JUE990 SwDWMLqLji rwhN0jhj0V CavDoxThpo rwhN0jhj0V SwDWMLqLji 7neufX7jRI 0uYcgRPHsC 93e5OXb1Xm 0uYcgRPHsC 7neufX7jRI y9VsXqOBnc AsuM28iaCG y9VsXqOBnc NiZpDEQm1b bWI74dBmag NiZpDEQm1b cD7euuSXSr EPlBS7T7Ka PXenT783wF RAi38n7THS Lw3IcxUj2N 1EKg3RcBYb duPNhGA7Uv EL4neVtxQk f4Jq5UHgwY KkQd5Hp9Le AitjQpj7w4 3TXKPO7Byh HKUAem46nI 8IvHxxRfz6 lO1GQW4TBf eGntTDw3pB 5BUtPlO51H 4nTReA552k 9Q2laiR6sI krQnekSVSn GoFMr2buGO NDqYzAb5TV uIezBS11bn 191UMk21nL uIezBS11bn LBMhQjnWp5 SopG4UmdDQ ASFONPKQ6O gbRk71fpPn KTjZiEPNtH gbRk71fpPn sKFzEkJmAR U4SyGfuxGZ sKFzEkJmAR gbRk71fpPn TOFn4UaKXg gbRk71fpPn 5SyCz7w4u8 ojje1AEItn khfvAoa794 qW9YnpG5sj 9tyTFmmxTs LH0cgCae2B l8BjoDbiWz LH0cgCae2B 9tyTFmmxTs qW9YnpG5sj SOszBvoUeW 9wrc8IC46n MfwZe6D3Sr rGxeXD1mii k4klx4ge86 vnE5vQqjC6 p93FlUDiXm 0PNg6KetGI US7V26hezl 25EO9zE3pD US7V26hezl 0PNg6KetGI 6MkTijpWRP 8AyBzFEJdz RgKyX1uocr fcmuCZYOzE RgKyX1uocr pEuveoiAuC 7E1MvxeFdt ftV4oxPMAr w2nS1ndpMR HsdNW9vU1L ZDHbKcGYuH M8nJ9EKgkF GfLHsjLOTc M8nJ9EKgkF JUYud91Bnj MduuWOTg2t OTYTOq1RaY DpNa8lFgFt yzf2WjRutr t5oLYylKmY yzf2WjRutr ZAlIGxZtfN BThcjz0Z6M S3qonVENSG wjpC6eQDMf 46kR9frhCr Uf2z1tJygA 1wUb5LEMPm MBPYwEcm9O tBcmxuDsoN 9BILTYUsB2 trKGUI6RTD 9BILTYUsB2 NWoeQ6koci W42qPC3Q1Z kJbGBc9C9w jlypjKKuEq kJbGBc9C9w W42qPC3Q1Z cNANnS7Dyj W42qPC3Q1Z uPmlvYcbrf wfFgZztMU4 C7ekFCUcpr 8NTt86O9jh C7ekFCUcpr dSifthON6d BUDaeXoyTK j8GEzCl2XT qhf1lLy8te 4Q443VFe6X 4p78B9KklZ 4xhn6F1ESb 4p78B9KklZ y9jOTGf38P 1cr8DPbgxC rvj5aHJhza J6DODJUiDh Srj9xaQxy3 lHm18vHJ2I 1xY2Zlc3AD z1xAzmtKdi ELIXgJIlkD S2HeLaYu6j 09CxpMpOE2 b0EbblbKny 5U1TiKV15M paoq0GlTpj 9SG2mYxw7l 45eD5LYyRd nHwu9OoizK 
100
b0EbblbKny b0EbblbKny
6gpaKbtL70 6gpaKbtL70
S23Srxq0jN S23Srxq0jN
o2tgbYR4qM o2tgbYR4qM
901HX7TJQZ 901HX7TJQZ
c7Q3ddwyMO c7Q3ddwyMO
09CxpMpOE2 09CxpMpOE2
9tyTFmmxTs 9tyTFmmxTs
jlypjKKuEq jlypjKKuEq
ra5OU4alqF ra5OU4alqF
j1xuZLXcxU j1xuZLXcxU
Q4MGRRR4uy Q4MGRRR4uy
Nla2MTDGvz Nla2MTDGvz
DxTuS50KYC DxTuS50KYC
gjun4xGlAS gjun4xGlAS
JUYud91Bnj JUYud91Bnj
RVnx70Iw8E RVnx70Iw8E
omVJjkXZ5Y omVJjkXZ5Y
e5XQyrhunk e5XQyrhunk
yGv2H3rVHz yGv2H3rVHz
vEhHjMKE6e vEhHjMKE6e
vPwD67tz22 vPwD67tz22
AitjQpj7w4 AitjQpj7w4
NZdEvGtXm6 NZdEvGtXm6
zt0v7qvKfZ zt0v7qvKfZ
uPmlvYcbrf uPmlvYcbrf
oiNlGoMRmu oiNlGoMRmu
5BUtPlO51H 5BUtPlO51H
7neufX7jRI 7neufX7jRI
EcTtoKvria EcTtoKvria
LEBH2mdgma LEBH2mdgma
tKTpMtFbk2 tKTpMtFbk2
6MkTijpWRP 6MkTijpWRP
ohr5ZO2YhA ohr5ZO2YhA
hnim4N9ybK hnim4N9ybK
VxVMR6UMfU VxVMR6UMfU
EECpFL217a EECpFL217a
IZGKBjcRBK IZGKBjcRBK
25EO9zE3pD 25EO9zE3pD
kxWEUIBc2l kxWEUIBc2l
MBPYwEcm9O MBPYwEcm9O
R5PtaAJBhz R5PtaAJBhz
1zjNNpJIcS 1zjNNpJIcS
VAvjOZygYB VAvjOZygYB
bWI74dBmag bWI74dBmag
diJ6ctW29z diJ6ctW29z
TkQB3ZERdx TkQB3ZERdx
rvj5aHJhza rvj5aHJhza
OTYTOq1RaY OTYTOq1RaY
cEffkvOTRS cEffkvOTRS
k4klx4ge86 k4klx4ge86
LH0cgCae2B LH0cgCae2B
f0ynNn33yV f0ynNn33yV
5S7VmZIWNC 5S7VmZIWNC
YVe6Ah74yf YVe6Ah74yf
D0JdoW1Q7Z D0JdoW1Q7Z
1EKg3RcBYb 1EKg3RcBYb
Qgu5CLEti0 Qgu5CLEti0
0hQZzdWU1O 0hQZzdWU1O
MH2FruouXH MH2FruouXH
9Q2laiR6sI 9Q2laiR6sI
5pzbPelx2l 5pzbPelx2l
pEuveoiAuC pEuveoiAuC
ZAlIGxZtfN ZAlIGxZtfN
CTV03yXXg7 CTV03yXXg7
9wrc8IC46n 9wrc8IC46n
dSifthON6d dSifthON6d
ayZPN2fn2x ayZPN2fn2x
5HPzHtrlRp 5HPzHtrlRp
ftV4oxPMAr ftV4oxPMAr
m65FS1GGHv m65FS1GGHv
wjpC6eQDMf wjpC6eQDMf
5QOznpIGOv 5QOznpIGOv
OYoD0IEye8 OYoD0IEye8
cNANnS7Dyj cNANnS7Dyj
cD7euuSXSr cD7euuSXSr
w9JUenWsoR w9JUenWsoR
US7V26hezl US7V26hezl
krQnekSVSn krQnekSVSn
gbRk71fpPn gbRk71fpPn
AsuM28iaCG AsuM28iaCG
duPNhGA7Uv duPNhGA7Uv
RsqqSpeP9K RsqqSpeP9K
SwDWMLqLji SwDWMLqLji
f4Jq5UHgwY f4Jq5UHgwY
t5oLYylKmY t5oLYylKmY
qhf1lLy8te qhf1lLy8te
9lX5mPfOH5 9lX5mPfOH5
ELIXgJIlkD ELIXgJIlkD
SgvgQBTwJM SgvgQBTwJM
Lw3IcxUj2N Lw3IcxUj2N
d3m9I2q1q8 d3m9I2q1q8
BBa8faTSFc BBa8faTSFc
r5b3SQznOm r5b3SQznOm
pa50vpsp6U pa50vpsp6U
cJdQSRAktX cJdQSRAktX
C7ekFCUcpr C7ekFCUcpr
2jgctllNSk 2jgctllNSk
TOFn4UaKXg TOFn4UaKXg
nI2qK4M3a5 nI2qK4M3a5
