KmTo6Bwqc9 JFzlPjxa8n yZmbuawKeT MYyHIQPR4Y cORhrijCgk TJdb5g6unI VY4Kuby3m3 uuYlcOC1aI o1kVXb8wmi nklGgvdqXW DKsotelTEF V8ziPoljbU eC5xUJQhX9 sSO4z6jI0G Qgz2B68RmQ yfVDcjWNWj CERWN2ualR lFlKlrtklS cdma5NYrt1 vpd1aKdamf OaZy7F0g5O OaZy7F0g5O sCcFTkaPMZ pPxaEJHlqK 0yrMPxeC7h cIeukJufmw OkHBUWLWKR wCAc5eDfeT wCAc5eDfeT QOwMdh2o7h QOwMdh2o7h OkHBUWLWKR RuB045RFNg ryWhk362VZ juqleR6m82 ZtjuK6rXJt ZtjuK6rXJt 2q8klK8XU7 tsp9FeWeas CCZYeeI0fn CCZYeeI0fn D0ceUOBCtV voKwUXQddV s16lp1Vh82 s16lp1Vh82 38E9y0kjPV vwYNtKTaH7 Z9trLtnZvM 5VDaYkg7xN 5VDaYkg7xN Z9trLtnZvM SZBl3FFRb2 SZBl3FFRb2 vwYNtKTaH7 VMYMPHfbbC VMYMPHfbbC 38E9y0kjPV voKwUXQddV D0ceUOBCtV tsp9FeWeas 2q8klK8XU7 juqleR6m82 0Q7j1ZrSdz 0Q7j1ZrSdz ryWhk362VZ RuB045RFNg cIeukJufmw 0yrMPxeC7h pPxaEJHlqK sCcFTkaPMZ vpd1aKdamf cdma5NYrt1 lFlKlrtklS CERWN2ualR Nq7ijLT0xJ WgnsGSGYFY WgnsGSGYFY Nq7ijLT0xJ yfVDcjWNWj Qgz2B68RmQ sSO4z6jI0G eC5xUJQhX9 V8ziPoljbU DKsotelTEF 4KjFzPyEHb 4KjFzPyEHb nklGgvdqXW o1kVXb8wmi rzE0oQFS0B QkIYaR6Yyg QkIYaR6Yyg rzE0oQFS0B uuYlcOC1aI VY4Kuby3m3 TJdb5g6unI cORhrijCgk MYyHIQPR4Y yZmbuawKeT JFzlPjxa8n KmTo6Bwqc9 
25
cIeukJufmw cIeukJufmw
OaZy7F0g5O OaZy7F0g5O
lFlKlrtklS lFlKlrtklS
SZBl3FFRb2 SZBl3FFRb2
s16lp1Vh82 s16lp1Vh82
RuB045RFNg RuB045RFNg
o1kVXb8wmi o1kVXb8wmi
Nq7ijLT0xJ Nq7ijLT0xJ
sSO4z6jI0G sSO4z6jI0G
2q8klK8XU7 2q8klK8XU7
tsp9FeWeas tsp9FeWeas
Z9trLtnZvM Z9trLtnZvM
JFzlPjxa8n JFzlPjxa8n
ZtjuK6rXJt ZtjuK6rXJt
QkIYaR6Yyg QkIYaR6Yyg
DKsotelTEF DKsotelTEF
VMYMPHfbbC VMYMPHfbbC
eC5xUJQhX9 eC5xUJQhX9
yfVDcjWNWj yfVDcjWNWj
KmTo6Bwqc9 KmTo6Bwqc9
TJdb5g6unI TJdb5g6unI
pPxaEJHlqK pPxaEJHlqK
vpd1aKdamf vpd1aKdamf
Qgz2B68RmQ Qgz2B68RmQ
5VDaYkg7xN 5VDaYkg7xN
sCcFTkaPMZ sCcFTkaPMZ
