5 33 68 17 36 82 179 82 36 40 92 40 53 123 131 140 131 123 53 87 57 64 14 196 14 63 14 23 90 91 32 21 8 95 121 95 59 118 126 118 59 76 59 101 111 101 59 127 59 96 54 20 19 69 145 69 19 169 19 52 143 144 176 180 176 144 143 52 56 102 56 52 80 26 1 70 105 70 1 177 1 30 15 163 15 10 160 10 28 39 88 168 88 39 31 3 0 51 0 6 11 85 11 113 11 44 106 44 37 45 37 25 43 183 43 25 12 18 178 18 12 150 191 150 12 9 22 58 86 109 86 41 27 7 35 7 5
44
9 9 77
21 21
23 23 103
27 27
31 31
32 32 50
35 35
45 45 152
51 51
54 54
57 57
58 58
63 63
68 68 155
76 76
80 80
85 85
91 91
92 92
96 96
101 101 104
102 102
105 105
106 106
109 109 130
111 111
113 113
121 121
126 126
127 127
140 140
145 145
160 160
163 163
168 168
169 169
176 176
177 177
178 178
179 179
180 180 194
183 183
191 191
196 196
