Milton Aizawl Plast Clawson Piran Karur San Cochrane Elburn Samux Socorro Pakalongan Morondava Tunapuna Martin Koboko Jambi Jizan Scottsdale Campana Devine Littlestown Yevlax Boosaaso Skiatook Kerma Moanda Plainfield Salsk Harahan Kiruna Madrid Chicopee Arras Kitamilo Lodja Totness Zumpango Kanoya Agago Carnikava Makinsk Rumuruti Nguigmi Ipatinga Jeonju Sari Burylbaytal Chicago Hengshui Barddhaman Bonao Zvezdnyy Quime Nusaybin Winona Crawfordsville Moorhead Esik Joliet Pasadena Shamva Berkley Helotes Zadar Heath Kirovohrad Barabinsk Siquijor Chancay Cooma Managua Dunhuang Tabriz Tabuk Keene Luga Kasaali Jerusalem Ashtabula Trang Hayden Bam Wallington Pleasantville Multan Dalby Eydhafushi Esmeraldas Mauldin Kelang Marsaskala Cairo Sofia Zicheng Tallaght Toktogul Shu Kimba Ihosy Milton
100
Kasaali Kasaali
Wallington Wallington
Lodja Lodja
Skiatook Skiatook
Martin Martin
Luga Luga
Winona Winona
Esik Esik
Tunapuna Tunapuna
Dunhuang Dunhuang
Littlestown Littlestown
Marsaskala Marsaskala
Moorhead Moorhead
Burylbaytal Burylbaytal
Cooma Cooma
Kanoya Kanoya
Siquijor Siquijor
Nguigmi Nguigmi
Barabinsk Barabinsk
Sari Sari
Zadar Zadar
Nusaybin Nusaybin
Piran Piran
Salsk Salsk
Quime Quime
Boosaaso Boosaaso
Rumuruti Rumuruti
Managua Managua
Elburn Elburn
Harahan Harahan
Hengshui Hengshui
Hayden Hayden
Cochrane Cochrane
Plainfield Plainfield
Ipatinga Ipatinga
Toktogul Toktogul
Devine Devine
Arras Arras
Ashtabula Ashtabula
Samux Samux
Zvezdnyy Zvezdnyy
Ihosy Ihosy
Chicopee Chicopee
Shu Shu
Crawfordsville Crawfordsville
Jerusalem Jerusalem
Chancay Chancay
Cairo Cairo
Jeonju Jeonju
Campana Campana
Agago Agago
Kirovohrad Kirovohrad
Totness Totness
Kiruna Kiruna
Yevlax Yevlax
Heath Heath
Karur Karur
Tallaght Tallaght
Keene Keene
Tabriz Tabriz
Clawson Clawson
Koboko Koboko
Joliet Joliet
Berkley Berkley
Zumpango Zumpango
Morondava Morondava
San San
Kerma Kerma
Tabuk Tabuk
Multan Multan
Eydhafushi Eydhafushi
Zicheng Zicheng
Jambi Jambi
Kimba Kimba
Kitamilo Kitamilo
Madrid Madrid
Shamva Shamva
Trang Trang
Bonao Bonao
Scottsdale Scottsdale
Aizawl Aizawl
Socorro Socorro
Barddhaman Barddhaman
Sofia Sofia
Chicago Chicago
Carnikava Carnikava
Esmeraldas Esmeraldas
Pasadena Pasadena
Kelang Kelang
Moanda Moanda
Milton Milton
Mauldin Mauldin
Helotes Helotes
Bam Bam
Jizan Jizan
Pleasantville Pleasantville
Plast Plast
Pakalongan Pakalongan
Makinsk Makinsk
Dalby Dalby
