m6 r8 r7 r4 r3 q8 q4 q6 q1 a1 a6 a0 a8 b9 a9 b0 b8 c2 b3 c0 c3 c5 d0 d5 f4 c9 d4 e9 f6 d3 e1 h1 e6 f5 g0 f1 f7 g2 h4 g9 h9 j2 h7 h8 j4 k9 j8 k8 k2 x9 k7 n2 v6 v0 m4 z9 n6 n8 l0 l7 q3 l2 l8 a5 m6
63
a0 a0
a1 a1
a5 a5 j1 l5
a6 a6 x7
a8 a8 n7
a9 a9 e3
b0 b0 w1
b3 b3 g8
b8 b8 x5
b9 b9 j9
c0 c0
c2 c2 n5
c3 c3 r1
c5 c5 j0
c9 c9 l4
d0 d0
d3 d3 g6
d4 d4
d5 d5 e2
e1 e1
e6 e6 x1
e9 e9 q7
f1 f1
f4 f4
f5 f5 r2
f6 f6
f7 f7 k4
g0 g0 n3
g2 g2
g9 g9 j5
h1 h1 j3
h4 h4
h7 h7 k0
h8 h8 z8
h9 h9
j2 j2 l6
j4 j4 w9
j8 j8 w2
k2 k2 z3
k7 k7 m6
k8 k8
k9 k9 v1
z9 z9 v4
x9 x9
v0 v0 m8
v6 v6
n2 n2
n6 n6
n8 n8 w3
m4 m4
l0 l0
l2 l2 q0
l7 l7
l8 l8
q1 q1
q3 q3 w8
q4 q4
q6 q6 y0
q8 q8
r3 r3
r4 r4
r7 r7
r8 r8
