f fffffff zzz j llllllll sss bbbbbbbb dddddddd a eeee p vvvv aaa qqqqqq w c uu xxxxxx ttttt hhhh ff jjjj wwww pp aaaaa rrrrrrrr q ggggg hhh rrrrrr ffffffff v s vv wwwwwww nnnn iii ggg lllll ssss ssssss z m ss xxx qq f
46
f f
rrrrrr jjjjjjj rrrrrr qqqqqqq
xxx xxx
bbbbbbbb bbbbbbbb
ssssss llllll ssssss
dddddddd dddddddd
iii iii
v v
p p
j j
aaaaa aaaaa
vvvv vvvv
llllllll llllllll
q q
wwwwwww wwwwwww
fffffff fffffff
nnnn nnnn
rrrrrrrr rrrrrrrr
aaa aaa
c c
vv vv
ffffffff ffffffff
ff ff
ggggg ggggg
ggg ggg
a a
hhhh hhhh
sss sss
wwww wwww
qqqqqq qqqqqq
z z
hhh hhh
xxxxxx xxxxxx
s s
w w
ssss ssss
lllll lllll
uu uu
m m
eeee eeee
pp pp
ss ss
zzz uuuuu zzz
qq qq
ttttt ttttt
jjjj jjjj
