99 4 99 89 44 89 6 3 13 3 20 3 58 43 17 8 2 33 48 47 34 61 18 63 49 63 16 12 81 31 0 29 78 40 78 39 93 30 75 5 32 37 36 21 98 79 10 22 7 84 46 41 46 82 96 68 11 42 11 88 15 14 15 1 24 23 19 26 19 45 25 45 72 71 27 71 72 9 95 35 99
47
0 0
1 1
2 2
3 3
4 4
5 5
6 6
7 7
8 8
9 9
10 10
11 11
12 12
13 13
14 14
15 15
16 16
17 17
18 18
19 19
20 20
21 21
22 22
23 23
24 24
25 25
26 26
27 27
37 28 36 37
29 29
30 30
31 31 38
32 32
33 33
34 34
35 35
39 39
40 40
41 41
42 42
43 43
44 44
45 45
46 46
47 47
48 48
49 49
