Hamsbourne Sundlechester Skelgrove Shaftthorne Camhampton Hartberbury Camhampton Shaftthorne Sudbage Skelgrove Warrewick Skelgrove Rocklow Dribstoke Endbeck Melshot Endbeck Dribstoke Enderton Stafdenbourne Chipsted Stafdenbourne Wendleslake Boothenrensborough Candlesdon Boothenrensborough Wendleslake Cimansbrough Camswich Leatherblesley Botherstanport Wolvencester Botherstanport Leatherblesley Sodderrenshead Egginglow Chilringfield Rotmerby Sunderborough Ciley Sunderborough Prestbourne Hamperrehampton Chipfield Cammercastle Chipfield Hamsbourne
25
Hamperrehampton Hamperrehampton
Wolvencester Wolvencester
Sundlechester Sundlechester
Chipsted Chipsted
Ciley Ciley
Candlesdon Candlesdon
Leatherblesley Leatherblesley
Chilringfield Chilringfield
Chipfield Chipfield
Camswich Camswich
Camhampton Camhampton
Rotmerby Rotmerby
Sunderborough Sunderborough
Rocklow Rocklow
Melshot Melshot
Warrewick Warrewick
Enderton Enderton
Shaftthorne Shaftthorne
Cammercastle Cammercastle
Sodderrenshead Sodderrenshead
Prestbourne Prestbourne
Boothenrensborough Boothenrensborough
Sudbage Sudbage
Cimansbrough Cimansbrough
Hartberbury Hartberbury
