Whitgrove Worberney Cihead Skellenshot Wychcompwold Shaftborough Hannersmith Tippendham Warblestancester Basbage Southmere Ribberrenston Farnditch Abglewold Wychditch Rothendcombe Bastlebury Hamwold Emmerley Southbury Stapbrook Wetwick Hampingbascombe Sirenshall Cannerthorne Waltbeck Elside Wetsmith Warsmith Horstleover Warsmith Falderbrough Marlbrook Falderbrough Warsmith Skellingover Candleswick Cirerham Wolley Cirerham Dartden Shaftwick Abcester Sifield Enderbeck Marlbeck Tippenbrook Suddenmoor Staincombe Suddenmoor Egmerhampton Suddenmoor Melwood Endleshall Candleswick Horsnell Siavon Abgleham Sundlethorne Fullensborne Blansbrook Tippingbage Watchlake Farndlesover Watchlake Ketchester Ellerbridge Suddingover Chedworth Sundendford Boothingchester Wycastle Boothingchester Ellerbridge Worrenberwang Bothenhall Dribberham Worford Rotherlow Worford Falderseythorne Penby Stapbrough Reddingtree Eley Reddingtree Staindledown Endingnell Toddenmerbrough Casbrook Windleshead Burlake Endleberey Burlake Sodport Skelberden Hamscombe Stainbrough Wendleringdown Stainbrough Hamscombe Alfmere Leatherport Alddleringworth Reddendeney Worhall Ribbenhall Boothingmanstree Faldenhall Wethampton Egsted Marlcester Nortwell Todhampton Bootwick Bothenton Basditch Hampingcastle Redcombe Siey Wychchester Durbrook Wychchester Prestwick Sundcompney Ketnell Toddenmoor Ketnell Staplow Egwick Pemnell Rothingcombe Milthorne Whitringlake Falworth Tipstoke Botenbrook Hampingworth Bursmith Sodberling Bromstanham Clereennell Botbeck Dribblecombe Whitgrove
100
Sifield Sifield
Melwood Melwood
Wethampton Wethampton
Tipstoke Tipstoke
Worrenberwang Worrenberwang
Cannerthorne Cannerthorne
Reddendeney Reddendeney
Ketchester Ketchester
Enderbeck Enderbeck
Abglewold Abglewold
Bastlebury Bastlebury
Ketnell Ketnell
Skelberden Skelberden
Bothenton Bothenton
Faldenhall Faldenhall
Eley Eley
Siavon Siavon
Todhampton Todhampton
Hampingcastle Hampingcastle
Casbrook Casbrook
Shaftborough Shaftborough
Redcombe Redcombe
Southbury Southbury
Suddingover Suddingover
Farnditch Farnditch
Dribblecombe Dribblecombe
Egmerhampton Egmerhampton
Watchlake Watchlake
Clereennell Clereennell
Penby Penby
Cihead Cihead
Rothingcombe Rothingcombe
Staincombe Staincombe
Horsnell Horsnell
Staplow Staplow
Wetsmith Wetsmith
Falworth Falworth
Stapbrough Stapbrough
Tippingbage Tippingbage
Nortwell Nortwell
Ribberrenston Ribberrenston
Dartden Dartden
Rotherlow Rotherlow
Basditch Basditch
Prestwick Prestwick
Ellerbridge Ellerbridge
Wycastle Wycastle
Milthorne Milthorne
Hamwold Hamwold
Elside Elside
Endingnell Endingnell
Worford Worford
Bootwick Bootwick
Waltbeck Waltbeck
Suddenmoor Suddenmoor
Southmere Southmere
Skellenshot Skellenshot
Bromstanham Bromstanham
Worhall Worhall
Chedworth Chedworth
Hampingworth Hampingworth
Sirenshall Sirenshall
Wetwick Wetwick
Bothenhall Bothenhall
Candleswick Candleswick
Siey Siey
Whitringlake Whitringlake
Wychcompwold Wychcompwold
Rothendcombe Rothendcombe
Botbeck Botbeck
Tippenbrook Tippenbrook
Toddenmoor Toddenmoor
Leatherport Leatherport
Dribberham Dribberham
Emmerley Emmerley
Skellingover Skellingover
Wychchester Wychchester
Sodberling Sodberling
Sodport Sodport
Tippendham Tippendham
Whitgrove Whitgrove
Farndlesover Farndlesover
Alfmere Alfmere
Horstleover Horstleover
Durbrook Durbrook
Abcester Abcester
Sundlethorne Sundlethorne
Marlbrook Marlbrook
Bursmith Bursmith
Abgleham Abgleham
Wendleringdown Wendleringdown
Blansbrook Blansbrook
Marlcester Marlcester
Wolley Wolley
Sundendford Sundendford
Boothingmanstree Boothingmanstree
Falderseythorne Falderseythorne
Hampingbascombe Hampingbascombe
Egsted Egsted
Endleberey Endleberey
