5 14 90 91 99 147 99 94 40 36 82 179 82 49 46 34 182 34 6 11 113 11 85 11 27 60 129 60 27 7 35 7 16 61 43 183 43 25 37 45 72 45 152 197 152 45 59 75 181 75 59 96 148 173 148 96 136 96 59 76 59 95 134 149 134 95 8 170 8 21 24 21 1 70 187 70 1 30 22 9 10 28 39 88 168 88 39 31 4 79 93 32 73 56 102 56 52 19 20 38 20 19 5
39
1 51 105 177
19 54 68 80 145 155 169 176 180 194
85 85
35 35
8 21 121
22 9 45 57 58 77 92 106 109 130 152 178 191
10 160 163
14 23 63 91 103 196
16
24
25
27 27 140
168 168
30
31 31
32 32 50
38
43
46
49
102 102
59 96 101 104 111 126 127
72
76 76
79
179 179
99
113 113
129
136
147
149
170
173
181
182
183 183
187
197
