149 68 75 59 4 2 42 155 45 175 96 100 144 37 134 20 80 110 122 51 180 23 74 189 127 119 29 79 33 64 7 28 163 141 11 6 102 194 182 5 120 89 10 90 56 13 49 26 115 108 40 12 73 54 88 61 158 133 15 104 131 98 77 67 185 86 27 146 174 161 94 87 39 81 70 139 92 32 145 197 21 34 1 118 111 22 38 55 113 128 47 84 8 78 147 53 72 57 63 167 149
99
67 19 30 41 50 60 62 67 91 95
1 1 83
2 2
12 3 12 58 65
4 4
5 5 25
6 6
7 7
8 8 17 35
61 9 46 61 71
10 10
11 11
13 13
68 14 24 48 68 97
15 15
96 16 76 96
37 18 37 44
20 20
21 21 85
22 22
23 23 99
26 26
27 27
28 28
29 29 43
94 31 93 94
32 32
33 33
34 34
42 36 42 69
38 38
39 39
40 40
45 45
47 47
49 49 52
51 51
53 53
54 54
55 55
56 56
57 57
59 59
63 63
64 64 66
70 70
72 72
73 73
74 74
75 75
77 77 82
78 78
79 79
80 80
81 81
84 84
86 86
87 87
88 88
89 89
90 90
92 92
98 98
100 100
102
104
108
110
111
113
115
118
119
120
122
127
128
131
133
134
139
141
144
145
146
147
155
158
161
163
167
174
175
180
182
185
189
194
197
