89 65 93 46 29 49 88 49 41 66 57 47 57 8 40 98 1 60 76 67 32 30 36 74 27 80 94 14 68 22 68 34 2 72 85 7 15 51 96 9 4 64 95 33 79 3 79 59 61 50 20 18 69 70 97 13 24 11 24 5 24 25 38 58 78 63 78 37 6 37 84 43 99 54 82 65 89
49
2 2 28
1 1
3 3
66 4 8 10 12 16 19 29 31 40 41 42 49
5 5 24
6 6
7 7
9 9
11 11
13 13
14 14
15 15
74 17 21 23 44 48
20 18 20 35 39 50
22 22
25 25
38 26 38 45
27 27
30 30
32 32
33 33
34 34
36 36
37 37
43 43
46 46
47 47
51
54
58
59
60
61
63
64
67
68
69
70
72
76
78
84
85
88
93
96
98
99
