myBc2oGXtwQIbhN8LZB1 vy2boLWO2lxg10y7uS0y 6X2CNJieZ0I5rs3Wfu65 jHmvxfAZsjs2mCnHbbFf 4jo8IXw984NR3wvT2Dr9 FMx2ghinkTg3bXUUbaTx nmetx4LmU9YBYTmghDrT 9qKQxzNhOFjJqaecQyK0 acKFNKRjJfiuZlOgTEsC gTUKyXNYZMF2asX4AtFU TcUz8pPP5kJyD6SKwm5I DY8VhtrSq6Cc3rxJZ9sj UV9ETXujgMy6Jbe14yrW KtbSULrz2h1IxsKP2DHz o9aZyqilfPONdyLlpTRX m1eNgjuhkxodElFqqgdb ZhHxBzOYsJAOHrqq4mZM wy0RiFWOddqgqdcatQ9A k1Tln9YIMlQqN0j9DgoX SUNxIlWVwIvWYg6OTKeH K674cUKePzN7aRSq4iqU oAFZUXg8zx8H0DELrp92 69TQpRojisYUrVnWqBaA o9XvbKLK829LHx1fwro4 dDuRIa3uykAHrqtnscL7 uNXUIWejT1w4vLTe7QBt HDb2FcmjCYtiXtdvOxhu IMeOdBNxrGDg6Fs4Ao98 GvRFaXYJvrU5PAeeG88T gVtgypR1P6Eyj6R6BPn8 lYkJhGqsFKbDklNelAfr C4VxHS7oWghMg001nCqT qz4O4bOhKA0YZxpN4mu9 saIZq3FqZhdVPNoQWmqU fs293gU4e4aMhOljCB50 lRM59z2yUMoVl3kzgo9u bVCSBWLjvEmxQEUvDzc4 X0l14s0sRXjXSeLRZLOJ ac1xBQA0fTyrjmfkRJQN 1GbSD7rTlpNb4qV46SKR wqC51QdeDTq2cT8foWJ0 zWpsWJk9vbOt0JkC0vhz e3j3O8zLHFaoF4L54lX4 vngNw4A9ZBI4o4Wf7Dba oTKjE2BVS0AvV4XvUeLk jy3jNWgqegakpFSv6gUm w5Yg5o0VnYd77fs4XPRL yAYyOcL4ZKdEiLdSPQJm z5q6ttBPV27yxxLLSiEN THOlWrcPLTG3BoVkMtJU fpPjeU3Q7Ml0oxbNnONE myBc2oGXtwQIbhN8LZB1
50
jy3jNWgqegakpFSv6gUm jy3jNWgqegakpFSv6gUm
z5q6ttBPV27yxxLLSiEN
o9XvbKLK829LHx1fwro4
lRM59z2yUMoVl3kzgo9u lRM59z2yUMoVl3kzgo9u j2d1svPUTAqQIDPXwffl
KtbSULrz2h1IxsKP2DHz UMmbOoOKP6EkLMuN70H3 RpB10dFWsUl9DC779n8X RBvtNZMBTgecfVkYzQF0 KtbSULrz2h1IxsKP2DHz
uNXUIWejT1w4vLTe7QBt MrSQPZSbMdgYshneAfKf uNXUIWejT1w4vLTe7QBt LJTA7Za5kd0YC7vjiAyc VThEkwdtHmaZ1zsmfh4s EY74ASuADSlYlDTJLkL6
jHmvxfAZsjs2mCnHbbFf jHmvxfAZsjs2mCnHbbFf
ac1xBQA0fTyrjmfkRJQN
qz4O4bOhKA0YZxpN4mu9 qz4O4bOhKA0YZxpN4mu9
fpPjeU3Q7Ml0oxbNnONE fpPjeU3Q7Ml0oxbNnONE
K674cUKePzN7aRSq4iqU olDP1pNg8HxpvCq8TOIJ o53aRQwjhcCKlIFPSjvf jjCSZnB5168QDqTrFROq K674cUKePzN7aRSq4iqU fbJ1XhavEsRSCGVVB1U1
k1Tln9YIMlQqN0j9DgoX
lYkJhGqsFKbDklNelAfr lYkJhGqsFKbDklNelAfr
e3j3O8zLHFaoF4L54lX4 e3j3O8zLHFaoF4L54lX4 5f6BSghRQWi4UfjviKjn
o9aZyqilfPONdyLlpTRX o9aZyqilfPONdyLlpTRX
vy2boLWO2lxg10y7uS0y vy2boLWO2lxg10y7uS0y
DY8VhtrSq6Cc3rxJZ9sj
yAYyOcL4ZKdEiLdSPQJm yAYyOcL4ZKdEiLdSPQJm 6yzFaM9N8M8BsjLACDds
bVCSBWLjvEmxQEUvDzc4 bVCSBWLjvEmxQEUvDzc4
X0l14s0sRXjXSeLRZLOJ X0l14s0sRXjXSeLRZLOJ
wy0RiFWOddqgqdcatQ9A wy0RiFWOddqgqdcatQ9A
SUNxIlWVwIvWYg6OTKeH SUNxIlWVwIvWYg6OTKeH o2dWBGyrvosFrr6mKxkG
fs293gU4e4aMhOljCB50
TcUz8pPP5kJyD6SKwm5I
nmetx4LmU9YBYTmghDrT 1ZOzWuPMAgV9noIUn6fI nmetx4LmU9YBYTmghDrT
FMx2ghinkTg3bXUUbaTx FMx2ghinkTg3bXUUbaTx
1GbSD7rTlpNb4qV46SKR 1GbSD7rTlpNb4qV46SKR
saIZq3FqZhdVPNoQWmqU saIZq3FqZhdVPNoQWmqU ki0pv73E3TweydEr2xMN
C4VxHS7oWghMg001nCqT C4VxHS7oWghMg001nCqT
dDuRIa3uykAHrqtnscL7
4jo8IXw984NR3wvT2Dr9 4jo8IXw984NR3wvT2Dr9
oTKjE2BVS0AvV4XvUeLk oTKjE2BVS0AvV4XvUeLk
69TQpRojisYUrVnWqBaA 69TQpRojisYUrVnWqBaA q1ntlEPy5TkjTDK1N7QA 9OL9rFCWxsvkui0BnJrR
m1eNgjuhkxodElFqqgdb m1eNgjuhkxodElFqqgdb
wqC51QdeDTq2cT8foWJ0
w5Yg5o0VnYd77fs4XPRL w5Yg5o0VnYd77fs4XPRL
HDb2FcmjCYtiXtdvOxhu
zWpsWJk9vbOt0JkC0vhz zWpsWJk9vbOt0JkC0vhz
THOlWrcPLTG3BoVkMtJU
ZhHxBzOYsJAOHrqq4mZM ZhHxBzOYsJAOHrqq4mZM
GvRFaXYJvrU5PAeeG88T GvRFaXYJvrU5PAeeG88T
UV9ETXujgMy6Jbe14yrW
6X2CNJieZ0I5rs3Wfu65 6X2CNJieZ0I5rs3Wfu65
gTUKyXNYZMF2asX4AtFU
9qKQxzNhOFjJqaecQyK0
gVtgypR1P6Eyj6R6BPn8
vngNw4A9ZBI4o4Wf7Dba
acKFNKRjJfiuZlOgTEsC
oAFZUXg8zx8H0DELrp92
IMeOdBNxrGDg6Fs4Ao98
