Clearnesse Morwald Foxvale Marbleiron Freyview Violetley Westvale Courtcastle Buttermead Newby Butterbush Morwall Foxhaven Courtwall Eriwall Oldmoor Dellwyn Oakmere Esterfall Goldwyvern Ironriver Corbank Woodice Valhaven Ironshore Clearnesse
25
Oldmoor Oldmoor
Woodice Woodice
Dellwyn Dellwyn
Freyview Freyview
Oakmere Oakmere
Eriwall Eriwall
Valhaven Valhaven
Newby Newby
Foxhaven Foxhaven
Morwall Morwall
Goldwyvern Goldwyvern
Corbank Corbank
Westvale Westvale
Morwald Morwald
Ironriver Ironriver
Violetley Violetley
Courtwall Courtwall
Ironshore Ironshore
Marbleiron Marbleiron
Buttermead Buttermead
Courtcastle Courtcastle
Butterbush Butterbush
Foxvale Foxvale
Esterfall Esterfall
Clearnesse Clearnesse
