Brightmere Bushgate Wolflea Esterfall Lightmere Newley Freyview Foxvale Buttermead Foxhaven Valhaven Westerlight Ironshore Clearland Morwall Esterash Stonefair Clearnesse Wildemarsh Marbleiron Newby Erilyn Stoneglass Eriwall Fairsage Dellwyn Westvale Lochmage Goldwyvern Oldmoor Morwald Courtwall Shoreburn Violetley Woodice Snowshore Greenshore Corbank Wellmage Southwheat Oakmere Irondeer Bluedell Butterbush Westmill Rosemill Courtcastle Eastcastle Ironriver Greyice Brightmere
50
Snowshore Snowshore
Newley Newley
Wolflea Wolflea
Corbank Corbank
Oldmoor Oldmoor
Lightmere Lightmere
Marbleiron Marbleiron
Eriwall Eriwall
Brightmere Brightmere
Southwheat Southwheat
Foxhaven Foxhaven
Buttermead Buttermead
Newby Newby
Irondeer Irondeer
Bushgate Bushgate
Oakmere Oakmere
Goldwyvern Goldwyvern
Westmill Westmill
Clearnesse Clearnesse
Butterbush Butterbush
Esterfall Esterfall
Ironshore Ironshore
Westerlight Westerlight
Rosemill Rosemill
Esterash Esterash
Lochmage Lochmage
Ironriver Ironriver
Stoneglass Stoneglass
Wildemarsh Wildemarsh
Morwald Morwald
Westvale Westvale
Fairsage Fairsage
Courtcastle Courtcastle
Bluedell Bluedell
Shoreburn Shoreburn
Erilyn Erilyn
Courtwall Courtwall
Violetley Violetley
Clearland Clearland
Valhaven Valhaven
Eastcastle Eastcastle
Greyice Greyice
Greenshore Greenshore
Stonefair Stonefair
Morwall Morwall
Dellwyn Dellwyn
Foxvale Foxvale
Woodice Woodice
Wellmage Wellmage
Freyview Freyview
