129 137 16 25 46 2 55 2 4 157 110 154 193 154 196 37 160 74 127 113 146 88 1 88 31 61 112 79 72 43 19 7 96 70 96 118 166 47 178 106 133 85 184 109 34 51 197 115 197 107 82 180 145 171 49 162 119 163 119 64 119 94 139 94 27 165 40 3 90 152 91 152 77 69 167 130 167 69 122 142 8 181 169 181 32 187 32 181 8 190 182 21 67 21 151 153 148 5 28 10 100 10 22 45 118 13 92 124 92 179 76 97 101 52 101 170 73 136 73 170 58 170 121 192 175 192 103 123 89 172 145 99 129
66
1 1
4 4
7 7
10 10
13 13
16 16
19 19
22 22
25 25
28 28
31 31
34 34
37 37
40 40
43 43
46 46
49 49
52 52
55 55
58 58
61 61
64 64
67 67
70 70
73 73
76 76
79 79
82 82
85 85
88 88
91 91
94 94
97 97
100 100
103 103
106 106
109 109
112 112
115 115
118 118
121 121
124 124
127 127
130 130
133 133
136 136
139 139
142 142
145 145
148 148
151 151
154 154
157 157
160 160
163 163
166 166
169 169
172 172
175 175
178 178
181 181
184 184
187 187
190 190
193 193
196 196
