FacultyClub PacificFilmArchive Warren SutardjaDai StudentUnion EarthLibrary Mulford McCone InternationalHouse McCone EnergyBuilding HearstGym Unit3 Manville Jacobs Pimentel BrainImagingCenter Etcheverry MLK CITRIS SpringerGateway BioscienceLibrary MediaCenter ArtHistoryLibrary BancroftDance LawrenceofScience BancroftDance Spieker OBrien Koshland MelvinLaboratory FPF Birge AnthropologyLibrary Sproul StowPlaza CareerCenter Morrison AndersenAuditorium Library OptometryLibrary SproulPlaza MartinezCommons Investigative Cheit Wheeler EarthquakeLibrary Durham FacultyClub
44
FacultyClub FacultyClub IRLE
BioscienceLibrary BioscienceLibrary Hilgard
SutardjaDai SutardjaDai
Etcheverry Etcheverry
SproulPlaza SproulPlaza UniversityHouse
StudentUnion StudentUnion
EarthquakeLibrary EarthquakeLibrary
LawrenceofScience LawrenceofScience NewspapersLibrary
Pimentel Pimentel
Mulford Mulford
CareerCenter CareerCenter
HearstGym HearstGym
Durham Durham
OBrien OBrien
Library Library
Spieker Spieker
FPF FPF
PacificFilmArchive PacificFilmArchive
BrainImagingCenter BrainImagingCenter
Morrison Morrison Stephens
Wheeler Wheeler
Cheit Cheit
Manville Manville
Koshland Koshland
Jacobs Jacobs
Investigative Investigative
EarthLibrary EarthLibrary
EnergyBuilding EnergyBuilding
MediaCenter MediaCenter
StowPlaza StowPlaza
MartinezCommons MartinezCommons
MelvinLaboratory MelvinLaboratory
BancroftDance BancroftDance
AndersenAuditorium AndersenAuditorium
Unit3 Unit3
AnthropologyLibrary AnthropologyLibrary
InternationalHouse InternationalHouse
OptometryLibrary OptometryLibrary
SpringerGateway SpringerGateway DonnerLaboratory
ArtHistoryLibrary ArtHistoryLibrary
Sproul Sproul
Birge Birge
CITRIS CITRIS
Warren Warren
