FacultyClub StudentUnion BrainImagingCenter Morrison Mulford Warren Spieker Unit3 CareerCenter EarthquakeLibrary FPF UniversityHouse SutardjaDai SproulPlaza MartinezCommons Durham Wheeler Cheit Hilgard Manville Pimentel BioscienceLibrary HearstGym Etcheverry Library OBrien LawrenceofScience FacultyClub
24
FacultyClub FacultyClub
BioscienceLibrary BioscienceLibrary
SutardjaDai SutardjaDai
Etcheverry Etcheverry
SproulPlaza SproulPlaza
Hilgard Hilgard
StudentUnion StudentUnion
EarthquakeLibrary EarthquakeLibrary
UniversityHouse UniversityHouse
LawrenceofScience LawrenceofScience PacificFilmArchive
Pimentel Pimentel
Mulford Mulford
CareerCenter CareerCenter
HearstGym HearstGym
Durham Durham
OBrien OBrien
Library Library
Spieker Spieker
FPF FPF
BrainImagingCenter BrainImagingCenter
Morrison Morrison
Wheeler Wheeler
Cheit Cheit
Manville Manville
