159 22 159 77 190 77 75 37 75 108 38 108 50 29 88 131 44 60 44 4 149 76 184 165 65 98 32 79 3 79 57 64 177 174 177 111 34 111 128 111 177 5 102 123 102 82 102 158 99 158 74 185 74 129 15 167 8 178 8 189 92 116 92 114 35 114 31 156 52 6 197 106 13 63 121 166 27 169 27 145 27 173 133 17 36 66 10 200 10 171 69 155 69 138 25 45 72 7 117 48 182 47 148 51 65 26 65 93 154 2 154 93 56 96 162 191 162 67 119 86 119 172 126 97 14 140 149 23 194 21 194 23 181 100 199 100 59 189 107 134 120 134 107 130 192 46 142 127 61 127 146 127 109 180 122 180 193 24 193 53 137 85 137 101 132 101 147 40 147 157 71 139 91 87 20 41 20 104 11 30 81 28 81 164 43 164 159
100
122 122
43 43
157 157
169 169
100 100
128 128
36 36
134 134
15 15
32 32
86 86
146 146
101 101
107 107
76 76
93 93
35 35
77 77
72 72
126 126
193 193
132 132
185 185
63 63
47 47
52 52
116 116
71 71
46 46
65 65
172 172
45 45
138 138
158 158
2 2
97 97
79 79
137 137
174 174
98 98
31 31
17 17
51 51
85 85
64 64
106 106
10 10
120 120
199 199
53 53
21 21
191 191
41 41
38 38
180 180
114 114
37 37
96 96
190 190
74 74
61 61
26 26
133 133
121 121
155 155
99 99
4 4
13 13
87 87
3 3
111 111
24 24
82 82
181 181
145 145
28 28
34 34
178 178
48 48
140 140
156 156
165 165
148 148
154 154
102 102
7 7
14 14
11 11
40 40
59 59
139 139
123 123
109 109
167 167
22 22
200 200
192 192
60 60
6 6
88 88
