loc0 loc23 loc51 loc3 loc98 loc70 loc29 loc90 loc62 loc6 loc88 loc8 loc88 loc40 loc96 loc94 loc21 loc89 loc0 loc23 loc84 loc91 loc31 loc91 loc93 loc71 loc90 loc62 loc45 loc43 loc68 loc86 loc69 loc86 loc68 loc81 loc25 loc46 loc20 loc74 loc24 loc48 loc33 loc86 loc89 loc0 loc23 loc0 loc82 loc54 loc65 loc67 loc13 loc28 loc13 loc67 loc4 loc62 loc4 loc81 loc68 loc52 loc68 loc86 loc89 loc0
21
loc91 loc39 loc91 loc75
loc8 loc8 loc88
loc29 loc29 loc34
loc6 loc6 loc61 loc79
loc40 loc40
loc21 loc21
loc93 loc93 loc26 loc72
loc45 loc45 loc49 loc35
loc69 loc69 loc86
loc81 loc81 loc42 loc25
loc20 loc20
loc24 loc24
loc33 loc48 loc33
loc23 loc7 loc23 loc84 loc99
loc54 loc54
loc62 loc16 loc62 loc90
loc65 loc65
loc28 loc28
loc31 loc31
loc52 loc52
loc51 loc51
