69 135 7 101 127 5 132 192 5 33 191 4 44 186 4 82 52 30 1 31 53 194 8 27 117 119 24 50 133 3 110 14 148 16 90 83 2 150 77 80 166 6 74 165 6 71 72 81 58 185 198 3 15 11 112 97 147 197 12 195 0 193 0 162 0 188 0 51 113 1 64 1 128 158 149 170 25 56 115 69
64
8 36 163 131 100
186 186
148 148
30 30
194 194
115 115
147 147
5 5 121
1 118 46 87 59 1
198 198
74 74
71 71
112 112
165 165
193 193
11 146 11 104
14 99 14
97 97
6 63 106
113 113
24 24
33 33
128 128
2 160 26 2
83 83
51 51
133 133
58 58
166 166
191 191
4 37 134
25 25
77 77
101 101
53 53
192 192
52 52
64 64
127 127
50 50
188 188
72 72
80 80
31 31
56 56
132 132
117 117
44 44
197 197
119 119
3 171 190
158 158
90 90
16 16
135 135
195 195
27 27
81 81
149 149
185 185
150 150
110 110
162 162
82 82
