74 123 109 161 139 138 116 120 198 143 171 165 176 178 37 152 16 140 11 42 142 181 20 96 184 136 194 57 86 31 86 128 86 146 45 146 73 125 157 125 98 125 83 60 59 14 118 14 39 32 27 103 147 95 172 12 172 5 48 132 173 100 134 112 76 154 76 33 108 183 188 88 113 28 130 151 135 56 80 7 34 94 163 129 141 61 193 4 168 179 54 133 199 111 199 51 77 51 190 155 52 34 18 110 72 100 97 137 50 66 25 23 68 58 43 158 43 187 17 64 90 64 47 127 114 112 107 44 25 66 63 174 63 115 148 105 148 192 13 121 6 89 76 166 131 200 131 53 131 91 162 167 81 123 74
99
4 4
5 5
11 11 99
12 12
14 14
16 16
17 17
18 18
20 20
23 23
27 27
31 31
32 32
39 39
42 42
45 45
44 44
47 47
50 50
51 51
52 52
53 53
56 56
58 58
59 59
60 60
61 61
54 54
63 63
66 66
72 72
73 73
76 76
77 77
80 80
81 81
83 83
86 86
88 88
89 89
90 90
91 91
94 94
95 95
96 96
97 97
98 98
100 100
103 103
105 105
107 107
108 108
109 109
111 111
112 112
113 113
114 114
115 115
118 118
116 116
120 120
123 123
125 125
127 127
128 128
129 129
130 130
132 132
133 133
134 134
135 135
136 136
138 138
139 139
140 140
142 142
143 143
146 146
152 152
154 154
155 155
157 157
158 158
161 161
163 163
165 165
167 167
171 171
173 173
174 174
178 178
179 179
184 184
190 190
192 192
193 193
198 198
199 199
200 200
