AA AD DN CT AM CW DP CW AM CV DR CV AM CT DN AD AL AD AN CY DW CY DV CY AN CX DS CX DU CX DT AA AB AG BC BK FE DZ EC EE EF EH EJ EZ EJ EH FA EH EF EN EF EL EW EX EW EL EF EE ED EP ED EE EC DZ FE BK BC AG BB AG BA BF BA BG BA BE BA AG AZ BD AZ AG AB AF AB AE AO AQ AO AE AB AH BN BS FF BS BN AH BM BP CE BW AI BW CE BP BM AH AB AA
28
AA AA AC AJ DT
AE AB AE AO AP
AD AD AK AN
AF AF
AG AG BJ
AH AH
AI AI
AL AL
AM AM DQ
AQ AQ
BD BD
BE BE
BF BF
BG BG
BB BH BI
EC BK DX DY DZ FB FC
DP DP
DR DR
DS DS
DU DU
DV DV
DW DW
EN EN EO
EP EP
EX EX EY
EZ EZ
FA FA
FF FF
