gucdicwxmb epdwcjuvdr vugkhjygfe vkrlpmybdj zpjhxyylhb koawdpgqdx zpjhxyylhb rnpokwoqgt iwdghbmiai rnpokwoqgt jqtguzxxsl evdoyagqfp gkcfktyute zjbarjhmau gkcfktyute tgbmxdmvwe xtvbrolacp psiebvskfb zumetrybth psiebvskfb xtvbrolacp chjuuxuacs jedsthbmzo lkvobxyfca lbuiysostx tvuprbwofb siatqqydwf yiwwdwbzth oggftsricu yiwwdwbzth gwnccktgki seeyrseflx gwnccktgki ztplgyvqhm gwnccktgki wtyqwjwskq qzdrdcxoib vugkhjygfe ahqdrcepub vugkhjygfe epdwcjuvdr gucdicwxmb
19
rnpokwoqgt rnpokwoqgt
ahqdrcepub ahqdrcepub
zjbarjhmau xawkqmfmmx zjbarjhmau
lkvobxyfca lkvobxyfca
iwdghbmiai iwdghbmiai
psiebvskfb psiebvskfb
vkrlpmybdj vkrlpmybdj
yiwwdwbzth yiwwdwbzth
seeyrseflx seeyrseflx
ztplgyvqhm ztplgyvqhm
oggftsricu oggftsricu
tvuprbwofb tvuprbwofb
gkcfktyute gkcfktyute
zumetrybth zumetrybth
koawdpgqdx zpjhxyylhb koawdpgqdx
evdoyagqfp evdoyagqfp
vugkhjygfe vugkhjygfe
wtyqwjwskq wtyqwjwskq
epdwcjuvdr epdwcjuvdr
