99 139 183 95 24 95 184 19 1 12 139 33 110 151 110 155 36 98 152 90 152 32 34 79 178 79 75 156 70 156 142 193 27 49 123 49 125 49 10 49 126 81 9 81 158 81 100 69 173 69 83 69 25 69 82 31 104 130 104 169 144 55 120 171 120 180 37 53 162 0 21 78 21 5 182 68 187 117 116 163 107 94 107 118 4 14 35 176 102 58 149 154 122 48 26 199 39 199 42 74 166 84 160 195 119 157 172 157 96 132 96 56 43 66 43 97 16 190 16 17 23 165 64 59 113 148 113 114 113 30 113 124 113 51 113 170 138 20 153 18 7 111 45 41 45 185 137 150 137 186 85 127 85 174 85 63 2 40 2 47 8 135 61 54 129 28 129 29 88 108 106 159 131 159 164 168 86 181 86 146 71 192 71 112 71 80 62 73 62 161 76 167 52 103 52 22 52 92 175 15 175 188 176 99
100
0 0
1 1
4 4
5 5
8 8
9 9
10 10
12 12
15 15
17 17
18 18
20 20
22 22
24 24
25 25
26 26
27 27
28 28
30 30
33 33
34 34
35 35
39 39
40 40
41 41
42 42
47 47
51 51
53 53
55 55
56 56
59 59
61 61
63 63
66 66
68 68
70 70
73 73
75 75
78 78
80 80
82 82
83 83
88 88
90 90
92 92
94 94
97 97
98 98
99 99
100 100
102 102
103 103
106 106
111 111
112 112
114 114
117 117
119 119
122 122
123 123
124 124
125 125
126 126
127 127
130 130
131 131
132 132
142 142
146 146
148 148
149 149
150 150
151 151
155 155
158 158
160 160
161 161
163 163
164 164
165 165
166 166
167 167
168 168
169 169
170 170
171 171
172 172
173 173
174 174
178 178
180 180
181 181
183 183
184 184
185 185
186 186
188 188
190 190
192 192
