destitute Loomis Rio Darwin ripe Hewlett swordfish Auberge Modesto Elizabethan combine extractor mediate McCall bobble Dominican Bleeker Dominican embassy Andersen Vega amateur slowdown schedule connubial funny Gilmore Hindi MN Isfahan balustrade midget swingy diligent tate choice fatten trill yogurt creekside septillion anvil Fisk illusion Injun jewel namesake destitute
42
Andersen Andersen Halstead
Auberge Auberge
Bleeker Bleeker Dominican minion
Darwin Darwin
Elizabethan Elizabethan
Fisk Fisk
Gilmore Gilmore
Hewlett Hewlett decor
Hindi Hindi
Injun Injun stanza
Isfahan Isfahan
Loomis Loomis
MN MN
McCall McCall
Modesto Modesto
Rio Rio
Vega Vega
amateur amateur
anvil anvil
balustrade balustrade
bobble bobble
choice choice shroud
connubial connubial
creekside creekside
diligent diligent
embassy embassy
extractor extractor
fatten fatten
funny funny
illusion illusion
jewel jewel
mediate mediate
midget midget
septillion papal septillion transpiration
ripe ripe
schedule schedule
slowdown slowdown
swingy swingy
swordfish swordfish
tate tate
trill trill
yogurt yogurt
