Rhode McEnerney Olympia East Cheyenne Hellman Martin Harrisburg Silver Simpson Nevada Campanile Oregon Blackwell Cleary Warren Maxwell Trenton McLaughlin Etcheverry Mathematical Salt Springer Energy Richmond Providence Illinois Simon West Montgomery Bancroft Class Edwards Nashville Utah Santa Berkeley Jefferson Sproul Boalt Tennessee Hartford Heating Clark CNMAT BART Montana Haste Morrison Moffitt Stadium Pennsylvania LeConte Madison Krutch Brain Chvez Columbus Tang Bowles Moses Cory Hargrove Birge Hawaii Chou Wisconsin Observatory Insectary Hearst Little Police Topeka Mississippi Durant Minnesota Maryland Hertz Lower Concord Jones Columbia Durham Foothill Jacobs Barrows International Florida Mulford Lansing Austin Annapolis Baton Grinnell Kentucky Michigan Valley Life University Donner Rhode
100
Krutch Krutch
Energy Energy
Hearst Hearst
Campanile Campanile
Providence Providence
Utah Utah
Florida Florida
Jacobs Jacobs
Birge Birge
Clark Clark
Bancroft Bancroft
Harrisburg Harrisburg
Hawaii Hawaii
CNMAT CNMAT
Rhode Rhode
Blackwell Blackwell
Annapolis Annapolis
LeConte LeConte
Cory Cory
Edwards Edwards
Observatory Observatory
Wisconsin Wisconsin
McLaughlin McLaughlin
Haste Haste
Illinois Illinois
Moffitt Moffitt
Silver Silver
Insectary Insectary
Chou Chou
Little Little
Nashville Nashville
Baton Baton
Bowles Bowles
Montana Montana
Moses Moses
Jefferson Jefferson
East East
Hartford Hartford
Donner Donner
Lansing Lansing
Chvez Chvez
Hellman Hellman
BART BART
Columbia Columbia
Stadium Stadium
Michigan Michigan
Class Class
International International
Hertz Hertz
Pennsylvania Pennsylvania
McEnerney McEnerney
Kentucky Kentucky
Tang Tang
Life Life
Jones Jones
Durham Durham
Columbus Columbus
Salt Salt
Heating Heating
Berkeley Berkeley
Sproul Sproul
Maryland Maryland
West West
Olympia Olympia
Tennessee Tennessee
Martin Martin
Durant Durant
Concord Concord
Simpson Simpson
Madison Madison
Simon Simon
Morrison Morrison
Oregon Oregon
Police Police
Brain Brain
Topeka Topeka
Lower Lower
Boalt Boalt
Richmond Richmond
Nevada Nevada
University University
Austin Austin
Mathematical Mathematical
Minnesota Minnesota
Valley Valley
Barrows Barrows
Cheyenne Cheyenne
Montgomery Montgomery
Hargrove Hargrove
Foothill Foothill
Springer Springer
Santa Santa
Etcheverry Etcheverry
Trenton Trenton
Maxwell Maxwell
Mulford Mulford
Grinnell Grinnell
Warren Warren
Mississippi Mississippi
Cleary Cleary
