pump literature performance polish hallway feign consideration line depressed privilege physical freedom overlook mouse reflection forest hierarchy affect plug unanimous sticky separate brain attractive admiration title distributor exercise mud category engineer button guideline diagram ghost park sit pursuit nominate pedestrian prospect anger pipe descent survival reject judicial preoccupation leadership rock valley linger impound tip need innovation gloom parallel range sentiment float ground packet genetic wear sacrifice formulate sweet pray ensure lemon row aspect minor fairy lot appearance pump
77
guideline guideline
ensure ensure
hallway hallway
sticky sticky
impound impound
physical physical
category category
tip tip
range range
prospect prospect
literature literature
distributor distributor
row row
sweet sweet
rock rock
pipe pipe
nominate nominate
mouse mouse
appearance appearance
lemon lemon
fairy fairy
mud mud
anger anger
brain brain
unanimous unanimous
consideration consideration
reflection reflection
plug plug
preoccupation preoccupation
linger linger
minor minor
sentiment sentiment
depressed depressed
parallel parallel
feign feign
sacrifice sacrifice
diagram wage diagram
affect affect
reject reject
innovation innovation
admiration admiration
overlook overlook
freedom freedom
aspect aspect
ground ground
polish polish
park park
button button
line line
pedestrian pedestrian
engineer engineer
wear wear
pursuit pursuit
exercise exercise
float float
gloom gloom
attractive attractive
separate separate
title title
formulate formulate
judicial judicial
performance performance
pray pray
forest forest
need need
pump pump
genetic genetic
valley valley
descent descent
packet packet
lot lot
hierarchy hierarchy
ghost ghost
leadership leadership
privilege privilege
sit sit
survival survival
