0 15 30 45 60 75 76 77 93 94 109 124 123 108 93 94 79 80 95 110 95 111 95 80 81 82 98 99 84 85 86 87 88 87 103 104 119 104 89 59 58 73 57 73 58 43 28 12 13 12 11 10 25 41 56 71 70 85 100 115 100 116 100 85 84 83 82 81 80 79 78 77 76 75 91 107 122 106 120 106 121 106 90 105 90 75 60 45 30 15 31 46 31 47 63 48 62 64 65 50 36 51 36 52 68 53 38 23 8 7 6 5 20 5 4 19 34 19 18 3 2 1 0
54
0 0
3 3 18
5 5
7 7
8 8
10 10
13 13
15 15 30
20 20 35
23 23
25 25 40
28 28
31 31 45
34 34
36 36
41 41 55
46 46
47 47
50 50
51 51
52 52
56 56
57 57
63 63
68 68
70 70
71 71
73 73
75 75
76 76
78 78
80 80
83 83
85 85
88 88
90 90
93 93
95 95
98 98
100 100
103 103
105 105
106 106
108 108
109 109
110 110
111 111
115 115
116 116
119 119
120 120
121 121
122 122
124 124
