Waco SanAntonio MorenoValley OverlandPark KansasCity Omaha KansasCity Aurora Richmond SanFrancisco AthensClarkeCounty OWO SterlingHeights OWO LexingtonFa Palmdale FortCollins Victorville StPaul Victorville SanBernardino Stamford Cary Stamford Clarksville Palmdale FortWayne Palmdale AnnArbor SaltLakeCity Rochester Oski Irving SantaClara ChulaVista Lincoln Detroit Lincoln Newark OverlandPark Waco
25
Rochester Rochester
Palmdale Palmdale
Clarksville Clarksville
OWO OWO
Cary Cary
SanAntonio SanAntonio
StPaul StPaul
SanFrancisco SanFrancisco
LexingtonFa LexingtonFa
MorenoValley MorenoValley
AnnArbor AnnArbor
SterlingHeights SterlingHeights
Stamford Stamford
Detroit Detroit
FortWayne FortWayne
Omaha Omaha
FortCollins FortCollins
SaltLakeCity SaltLakeCity
SanBernardino SanBernardino
AthensClarkeCounty AthensClarkeCounty
ChulaVista ChulaVista
Irving Irving
Richmond Richmond
Lincoln Lincoln
Newark Newark
