pace voice financial respect bitter rob tablet cigarette demand pain demand joint dip discriminate lake page fortune imposter throne quality headline mature brake chair mystery enter mystery approval other swear deposit paper deposit honor deposit circulation output autonomy glasses tool dialogue prison dialogue likely enhance legislation sign tolerate forge winner forge vegetarian linger dough enhance thumb nationalist shy title sunrise seize understand figure understand skeleton disclose injury disclose class exclusive buffet guarantee king pace
50
shy shy
swear swear
dough dough
pain pain
buffet buffet
linger linger
circulation circulation
class class
nationalist nationalist
tool tool
honor honor
prison prison
imposter imposter
guarantee guarantee
exclusive exclusive
other other
rob rob
sunrise sunrise
voice voice
winner winner
vegetarian vegetarian
tolerate tolerate
lake lake
headline headline
throne throne
seize seize
glasses glasses
paper paper
tablet tablet
legislation legislation
enter enter
enhance enhance
quality quality
injury injury
bitter bitter
dip dip
page page
mystery mystery
figure figure
autonomy autonomy
likely likely
demand demand
output output
thumb thumb
cigarette cigarette
brake brake
financial financial
title title
king king
sign sign
