pace speaker sign bleed curriculum chew offset chew drawer compromise view dive coincide identity straighten pig pier bleed smile headline smile bleed environment interface electronics swop liver tool swear coast profound skeleton development native mature page nationalist acceptance nationalist brake scheme brake bowel joystick guarantee attraction coffin bitter rage bitter coffin attraction exclusive dip excuse rob demand feature write lake begin greeting decisive tolerate injury flag home dialogue cotton lifestyle election interactive error widen banana driver imposter tablet note deter terms thumb terms deter linger physics dough thirsty structure throne boom quality autonomy paper terminal forge confrontation development exempt buffet pipe blonde virgin winner assignment winner virgin blonde shiver ignore due ignore audience sunrise rent atmosphere viable likely other quadruple ask candle teacher ex spoil desk enemy stress enemy control enemy illusion joint output joint single country knot country triple country throne respect chair mixture mercy financial injection pardon vegetarian exile vegetarian market pace
93
exclusive exclusive
identity identity
injection injection
market market
acceptance acceptance
exempt exempt
coffin coffin
begin begin
teacher teacher
autonomy autonomy
development development native
drawer drawer
control control enemy
swop swop
stress stress
audience audience
injury injury
deter deter
environment environment
virgin virgin
tablet tablet
output output
dip dip
thumb thumb
structure structure
buffet buffet
viable viable
dough dough
assignment assignment
coincide coincide
atmosphere atmosphere
cotton cotton
triple triple
mature mature
pig pig
spoil spoil
profound profound
smile curriculum smile
widen widen
dive dive
shiver shiver ignore
note note
flag flag
physics physics
driver driver
tool railcar tool
mercy mercy
error error
throne throne
decisive decisive
candle candle
illusion illusion
headline headline
rob rob
scheme scheme
offset offset
knot knot
country country
likely comfortable likely
skeleton skeleton
rent rent
guarantee guarantee attraction
coast coast
interface interface
electronics electronics
other other
confrontation confrontation
exile exile
pace pace
ask ask
imposter imposter
straighten straighten
quadruple quadruple
liver liver
pardon pardon
due due
bowel bowel
home home
financial financial
lifestyle lifestyle
interactive interactive
respect respect
swear swear
chair chair
page page
boom boom
greeting greeting
forge forge
rage rage
election election
excuse excuse
feature feature
pipe pipe
