location1 location38 location10 location49 location66 location72 location78 location77 location3 location40 location52 location94 location56 location46 location45 location99 location2 location19 location71 location74 location58 location48 location8 location29 location80 location79 location35 location43 location57 location30 location91 location32 location47 location23 location44 location42 location9 location21 location89 location6 location53 location31 location1
41
location94 location94
location19 location19 location36
location56 location56
location49 location49
location99 location99
location35 location35
location23 location23
location21 location21 location51 location75
location42 location59 location42
location6 location6
location52 location52
location2 location2
location38 location38 location17 location90
location8 location8
location80 location80
location91 location91
location43 location43 location83
location10 location10
location79 location79
location74 location74
location57 location95 location57
location78 location78
location58 location58
location48 location48
location89 location89
location46 location46
location30 location30
location47 location47
location45 location45
location53 location54 location53
location72 location72
location9 location9
location44 location44
location31 location31
location77 location77
location40 location40
location66 location66
location3 location3
location32 location32
location29 location29
location71 location71
