zero seven fourteen eight nine eight fifteen twentyone twenty twentyseven thirtyfour thirtyfive fortytwo fortyone forty thirtynine fortysix fortyfive thirtyeight thirtyseven thirtyeight thirtyone thirtytwo twentyfive eighteen nineteen twelve eleven twelve five zero three zero
21
three three
five five six
seven seven
nine nine
eleven eleven
twelve twelve thirteen
fourteen fourteen
fifteen fifteen sixteen
eighteen eighteen
nineteen nineteen twenty
twentyfive twentyfive
thirtyone thirtyone
thirtytwo thirtytwo
thirtyfour thirtyfour
thirtyfive thirtyfive
thirtyseven thirtyseven
thirtyeight thirtyeight
forty forty
fortytwo fortytwo
fortyfive fortyfive
fortysix fortysix
