0 51 6 78 33 17 13 63 173 5 31 4 2 46 48 179 34 176 45 176 66 176 62 75 29 43 144 85 11 113 82 94 194 9 194 128 83 189 44 183 120 98 90 28 84 80 54 16 96 100 24 56 65 50 153 19 23 180 68 37 26 93 26 74 52 21 123 81 58 71 7 184 39 18 72 22 163 69 41 30 55 97 27 97 76 60 3 88 3 95 122 73 64 130 116 67 47 87 49 77 188 14 38 25 61 1 91 40 57 10 8 35 42 99 32 53 70 59 89 182 92 150 15 86 36 12 79 20 0
95
66 66
4 31 4
93 93
36 36
74 74
59 59
22 22
99 99
62 62
43 43
41 41
77 77
50 50
58 58
60 60
15 15
49 49
45 45
95 95
1 1
44 44
75 75
18 18
96 96
37 37
67 67
76 76
79 79 20
38 38
92 92
29 29
19 19
71 71
27 27
73 73
90 28 90
34 34
7 7
33 17 33
63 63
0 0
47 47
97 97
40 40
84 84
61 61
85 85
80 80
98 98
53 53
72 72
52 52
46 46
64 64
78 78
30 30
89 89
57 57
35 35
23 23
82 82
32 32
68 68
25 25
91 91
54 54
48 48
10 10
56 56
83 83
55 55
81 81
86 86
2 2
51 51
94 94
6 6
5 5
8 8
24 24
70 70
87 87
9 9
12 12
14 14
39 39
16 16
65 65
42 42
11 11
88 3 88
21 21
69 69
26 26
13 13
