context potato currency store farmer bedroom bit wood construction while reality satisfaction soil ability state care attempt fat interaction departure anxiety thanks bread aspect teaching road context
25
care care
context context
while while
currency currency
reality reality
bedroom bedroom
wood wood
bit bit
ability ability
interaction interaction
farmer farmer
construction construction
teaching teaching
soil soil
state state
satisfaction satisfaction
store store
attempt attempt
departure departure
fat fat
thanks thanks
bread bread
anxiety anxiety
aspect aspect
road road
