Bowles Calvin Graduate Calvin Bowles LaVals Bowles Mulford Crescent Mulford Latimer Edwards Latimer MLK Rochdale MLK Hearst Jacob Hertz CVStarr Unit3 CKerr Ridge CKerr WayWest CKerr Unit3 CVStarr Hertz Jacob TopDog Fenwick Barker Fenwick TopDog Starbucks Chipotle MFoundry Chipotle Starbucks TopDog GammaPhiBeta TopDog Jacob Foothill Davis Browns Davis Hildebrand Davis Foothill Unit1 Foothill Dwinelle Haas Pavilion Haas Crossroads Lawrence UCTheatre Lawrence Crossroads Haas Dwinelle HearstAnnex Dwinelle Foothill Haviland Morgan Haviland Foothill Jacob Evan Blackwell McLaughlin GenPlantBio McLaughlin Blackwell Evan Moffitt Cloyne Moffitt Evan SigmaPhiOmega BearFoodCourt Hargrove MemorialStadium Campbell Doe Campbell Koshland Campbell Stanley LeConte ALS LeConte Campanile Wurster McCone Spats Stonefire PiLambda Stonefire Spats McCone Wurster Zellerbach Wurster Campanile Bongo Artichokes Cheeseboard Artichokes Bongo Campanile LeConte VLSB Chez NorthGate Chez VLSB Boalt Kresge Castro Kresge Gregoire Kah Sutardja Wellman Moses RareTea Gypsys RareTea Moses Pimentel Stacks Sherman Stacks Pimentel Moses Greek Stebbins Safeway Stebbins Greek Unit2 Milano IndianRock Milano Unit2 Wolf StrawberryCreek Wilde Bechtel Cory Extension Cory Bechtel Minor Memorial AlphaSigmaPhi Memorial Maxwell Memorial TacoBell Memorial Minor Bechtel Baker Strada Baker Simons Baker Bechtel Birge Bowles
61
Evan Evan
Foothill Foothill
Campbell Campbell
Doe Doe
Birge Birge
Bongo Campanile Bongo ShengKee
Moses Moses Wellman
VLSB VLSB RSF Boalt
Koshland Koshland
Mulford Mulford
HearstAnnex HearstAnnex Lothlorien
Haas Haas Crossroads
Wurster Wurster
Unit1 Unit1
Blackwell Blackwell
Zellerbach Zellerbach
Greek Greek
Maxwell Maxwell Barrows
Calvin Calvin Etcheverry
Sutardja Sutardja
Kresge Kresge PeoplesPark
Hildebrand Hildebrand YogurtPark
Morgan Morgan Martinez
Baker Baker Daiso
Unit2 Unit2 Wolf
Unit3 Unit3 CKerr
WayWest WayWest
Pavilion Pavilion
Stacks Stacks
Simons Simons
LaVals LaVals
TacoBell TacoBell
Strada Strada RoseGarden
Edwards Edwards Easterly
Browns Browns
Safeway Safeway
Gypsys Gypsys
Graduate Graduate
Rochdale Rochdale
Cloyne Cloyne
Ridge Ridge
Wilde Wilde
Castro Castro
Sherman Sherman
Spats Spats
Crescent Crescent
Chipotle Chipotle
IndianRock IndianRock
NorthGate NorthGate
Extension Extension
UCTheatre UCTheatre NCEM
Cheeseboard Cheeseboard
StrawberryCreek StrawberryCreek
GenPlantBio GenPlantBio
Barker Barker
BearFoodCourt BearFoodCourt
AlphaSigmaPhi AlphaSigmaPhi
GammaPhiBeta GammaPhiBeta
PiLambda PiLambda PiAlphaPhi
MFoundry MFoundry
ALS ALS
