1 143 6 20 49 31 21 87 111 85 53 82 81 84 89 74 60 116 69 68 70 56 58 33 59 92 16 47 57 55 51 10 37 44 2 8 26 27 36 77 101 83 106 88 75 95 61 103 99 200 198 127 189 193 169 141 184 171 176 182 156 157 174 167 165 164 137 151 129 144 150 162 9 41 143 159 130 102 177 97 138 133 139 140 131 110 126 80 86 161 124 136 50 35 42 34 13 3 1
97
1 1
2 2
3 3
6 6
8 8
9 9
10 10
13 13
16 16
20 20
21 21
26 26
27 27
31 31
33 33
34 34
35 35
36 36
37 37
41 41
42 42
44 44
47 47
49 49
50 50
51 51
53 53
55 55
56 56
57 57
58 58
59 59
60 60
61 61
68 68
69 69
70 70
74 74
75 75
77 77
80 80
81 81
82 82
83 83
84 84
85 85
86 86
87 87
88 88
89 89
92 92
95 95
97 97
99 99
101 101
102 102
103 103
106 106
110 110
111 111
116 116
124 124
126 126
127 127
129 129
130 130
131 131
133 133
136 136
137 137
138 138
139 139
140 140
141 141
143 143
144 144
150 150
151 151
156 156
157 157
159 159
161 161
162 162
164 164
165 165
167 167
169 169
171 171
174 174
176 176
177 177
182 182
184 184
189 189
193 193
198 198
200 200
