state voltmeter exhortation Mobil freehold purple bibliophile catnip presto catnip huge catnip fleawort catnip hungry catnip Adamson catnip Ridgway catnip debenture servile harrow impure retardation carouse eggplant purple firebug McDonald circumstantial purple Della purple Whelan voltmeter Edmonds Jennifer compunction purple monk catnip Lizzie catnip clasp catnip opossum peacock Steiner purple turnout catnip trivium catnip flexural peacock regal peacock foursome McDonald cohere McDonald curbside purple athletic peacock Yaounde voltmeter hallelujah McDonald Augean McDonald charcoal versatec shrugging Jennifer backgammon catnip Eva catnip dame mortgagor whatsoever purple gavotte McDonald fireplace McDonald ash carouse hypothetic kitty grade catnip uptown McDonald bald servile cache servile heifer catnip Protista peacock registrant mortgagor rent servile supremum servile state
55
Mobil controversial begot knick wrack Cinderella watery scriptwriter border eidetic driveway Calkins motet Zellerbach dumpling jackass scaup serge value whirligig octane rocky joke texture bloc Evans infuse anatomy Waterbury stingy Albert lonesome his Adler Darwin cocaine knurl hyphen sanatoria sepulchral lobby gun omicron stereography Arden complacent pairwise
supremum supremum
rent rent
registrant registrant
Protista Protista
heifer heifer
cache cache
bald bald
uptown uptown
grade grade
hypothetic hypothetic
ash ash
fireplace fireplace
gavotte gavotte
whatsoever whatsoever
dame dame
Eva Eva
backgammon backgammon
shrugging shrugging
charcoal charcoal
Augean Augean
hallelujah hallelujah
Yaounde Yaounde
athletic athletic
curbside curbside
cohere cohere
foursome foursome
regal regal
flexural flexural
trivium trivium
turnout turnout
Steiner Steiner
opossum opossum
clasp clasp
Lizzie Lizzie
monk monk
compunction compunction
Edmonds Edmonds
Whelan Whelan
Della Della
circumstantial circumstantial
firebug firebug
eggplant eggplant
retardation retardation
harrow harrow
debenture debenture
Ridgway Ridgway
Adamson Adamson
hungry hungry
freehold freehold
fleawort fleawort
huge huge
presto presto
bibliophile bibliophile
exhortation exhortation
