Loc151 Loc156 Loc104 Loc36 Loc115 Loc170 Loc3 Loc172 Loc134 Loc61 Loc77 Loc16 Loc128 Loc65 Loc138 Loc92 Loc49 Loc33 Loc148 Loc142 Loc20 Loc182 Loc158 Loc166 Loc54 Loc96 Loc67 Loc7 Loc85 Loc147 Loc28 Loc110 Loc27 Loc2 Loc10 Loc195 Loc24 Loc55 Loc34 Loc32 Loc141 Loc59 Loc161 Loc102 Loc21 Loc89 Loc196 Loc173 Loc58 Loc117 Loc52 Loc93 Loc126 Loc70 Loc111 Loc185 Loc123 Loc125 Loc17 Loc5 Loc94 Loc50 Loc167 Loc183 Loc25 Loc15 Loc51 Loc62 Loc46 Loc66 Loc13 Loc6 Loc127 Loc68 Loc120 Loc43 Loc154 Loc57 Loc101 Loc98 Loc41 Loc177 Loc135 Loc4 Loc171 Loc130 Loc151
77
Loc55 Loc55
Loc49 Loc49
Loc4 Loc4 Loc48 Loc131
Loc16 Loc16
Loc172 Loc184 Loc172
Loc94 Loc94 Loc157
Loc177 Loc177
Loc102 Loc47 Loc124 Loc102
Loc92 Loc160 Loc92
Loc154 Loc109 Loc154 Loc43
Loc115 Loc170 Loc115
Loc130 Loc130
Loc6 Loc6 Loc127
Loc41 Loc41
Loc151 Loc151
Loc77 Loc77
Loc27 Loc27
Loc93 Loc93
Loc36 Loc36
Loc7 Loc7
Loc156 Loc156
Loc147 Loc147
Loc98 Loc98 Loc165
Loc34 Loc34 Loc180
Loc46 Loc122 Loc46
Loc68 Loc68
Loc85 Loc85 Loc118
Loc120 Loc120
Loc62 Loc62 Loc72
Loc185 Loc185
Loc54 Loc54
Loc20 Loc20
Loc96 Loc96
Loc195 Loc195
Loc33 Loc33
Loc21 Loc99 Loc21
Loc173 Loc187 Loc173
Loc15 Loc194 Loc15
Loc66 Loc66
Loc52 Loc52
Loc104 Loc104
Loc2 Loc2 Loc163
Loc50 Loc181 Loc50
Loc5 Loc38 Loc17
Loc161 Loc161
Loc89 Loc89
Loc148 Loc148
Loc117 Loc117
Loc110 Loc110
Loc141 Loc141
Loc142 Loc142
Loc24 Loc24
Loc101 Loc101
Loc167 Loc167
Loc158 Loc158
Loc59 Loc59
Loc61 Loc61
Loc32 Loc32
Loc65 Loc65
Loc13 Loc13
Loc126 Loc126
Loc138 Loc138
Loc3 Loc3
Loc58 Loc58
Loc182 Loc182
Loc128 Loc128
Loc125 Loc190 Loc125
Loc183 Loc183
Loc57 Loc57
Loc135 Loc135
Loc171 Loc171
Loc28 Loc28
Loc134 Loc134
Loc123 Loc123
Loc111 Loc111
Loc166 Loc166
Loc70 Loc70
