htb26qt 59yzvtv obabms vrem3ey3kg44 4ka6l1c8w 812l47wm q42s9z886w5 aplkk57cpzm 7hz6j8 uzsjpl5f5 6k7du hwu8dv9jgknbm pwqxinlzb3s ozag34bm9 x73l73jp dlkmpx s9vu9xx884 txlltgki 8gc7dka8lfy 6u4sf1gi ushjdkdhm9 euhqqqmdpe tjwldi f92ere3 mucolb1r ay5sahonq84 mw8g2qjo1 1ca2x2cnc ic2r4blmm9 ilaz9q ysiw8m4l t4iedm gd5ct4 4w6uhigzl kxhc6t8tu vl6czuab 8m3pascg h1gz5hzz k3qywmpr 9lvbrlgk kwtb3cg 9egqgrh7x4e y3eg7gqq6 yhvc7zg pt2n7hl yg6hizqty grn3uqx9y tu8xxomxhi yhp7wbv9 zjh83ae 87jxa 52a3fj2zh 9oii82xaa wqkqf 1161ildqnj ynuam4f8 8jea4n4ez fej54ps5j hyc885fvjls 3khitn6 iffsi a5u8g4sej yx6dguko itrx5fucdq ht1efrhmh l8yypbh 1jhmm8m85 e7lxs p9mtts og6n7bgq8h piawzpgtzz9 7pbkkbbpw zjj1dm8s 5stwoup art44ncra 37v6d yr44oj2 i6lsw66h pmyqr zou7sx9w nd9xavj hq5mh8mi dt4ljfgjkizpq hc2hf5t8 nm7ud htb26qt
83
yhvc7zg yhvc7zg g2g6fxcwr2l
iffsi iffsi
zou7sx9w zou7sx9w
wqkqf wqkqf
tjwldi tjwldi
txlltgki txlltgki
ozag34bm9 ozag34bm9
l8yypbh l8yypbh
9lvbrlgk 9lvbrlgk
p9mtts p9mtts
ushjdkdhm9 ushjdkdhm9
yhp7wbv9 yhp7wbv9
y3eg7gqq6 y3eg7gqq6
5stwoup 5stwoup
nd9xavj nd9xavj
7hz6j8 7hz6j8
itrx5fucdq itrx5fucdq
og6n7bgq8h og6n7bgq8h
nm7ud nm7ud
6k7du 6k7du
yg6hizqty yg6hizqty
pmyqr pmyqr
6u4sf1gi 6u4sf1gi
7pbkkbbpw 7pbkkbbpw
ynuam4f8 ynuam4f8
4ka6l1c8w 4ka6l1c8w
tu8xxomxhi tu8xxomxhi
9oii82xaa 9oii82xaa
812l47wm 812l47wm
euhqqqmdpe euhqqqmdpe
dlkmpx dlkmpx
hwu8dv9jgknbm hwu8dv9jgknbm
pt2n7hl pt2n7hl
ht1efrhmh ht1efrhmh
1jhmm8m85 1jhmm8m85
gd5ct4 gd5ct4
kxhc6t8tu kxhc6t8tu
aplkk57cpzm aplkk57cpzm
mw8g2qjo1 mw8g2qjo1
kwtb3cg kwtb3cg
ysiw8m4l ysiw8m4l
i6lsw66h i6lsw66h
9egqgrh7x4e 9egqgrh7x4e
mucolb1r mucolb1r
e7lxs e7lxs
vrem3ey3kg44 vrem3ey3kg44
zjh83ae zjh83ae
8m3pascg 8m3pascg
52a3fj2zh 52a3fj2zh
fej54ps5j fej54ps5j
obabms obabms
3khitn6 3khitn6
h1gz5hzz h1gz5hzz
vl6czuab vl6czuab
ay5sahonq84 ay5sahonq84
uzsjpl5f5 uzsjpl5f5
ic2r4blmm9 ic2r4blmm9
dt4ljfgjkizpq dt4ljfgjkizpq
x73l73jp x73l73jp
k3qywmpr k3qywmpr
q42s9z886w5 q42s9z886w5
art44ncra art44ncra
1161ildqnj 1161ildqnj
yr44oj2 yr44oj2
yx6dguko yx6dguko
f92ere3 f92ere3
pwqxinlzb3s pwqxinlzb3s
grn3uqx9y grn3uqx9y
s9vu9xx884 s9vu9xx884
hc2hf5t8 hc2hf5t8
1ca2x2cnc 1ca2x2cnc
8jea4n4ez 8jea4n4ez
87jxa 87jxa
4w6uhigzl 4w6uhigzl
ilaz9q ilaz9q
37v6d 37v6d
hyc885fvjls hyc885fvjls
hq5mh8mi hq5mh8mi
piawzpgtzz9 piawzpgtzz9
8gc7dka8lfy 8gc7dka8lfy
a5u8g4sej a5u8g4sej
t4iedm t4iedm
59yzvtv 59yzvtv
