SaintPaul Indianapolis Mesa Pittsburgh SantaAna Durham Phoenix Charlotte ChulaVista Cincinnati ChulaVista Honolulu Memphis Durham WinstonSalem Oakland Atlanta Toledo Tampa Houston Stockton SanFrancisco Madison SanJose SanDiego Dallas Tucson Raleigh Tucson Detroit Denver JerseyCity Laredo JerseyCity Lincoln Minneapolis Bakersfield Minneapolis BatonRouge FortWorth LongBeach Baltimore Albuquerque FortWayne Anchorage FortWayne Aurora Omaha Miami KansasCity NewOrleans Chandler Hialeah OklahomaCity Hialeah Glendale Columbus Milwaukee StPetersburg Henderson StPetersburg Lubbock Chesapeake Fresno Lexington Fresno Spokane Fresno Plano LosAngeles ElPaso Austin SanAntonio Newark Scottsdale Newark Garland SaintPaul
49
Newark Newark
Plano Plano
Scottsdale Scottsdale
Denver Denver
Honolulu Honolulu
SanAntonio SanAntonio
Durham Durham
Lexington Lexington
FortWorth FortWorth
Henderson Henderson
Austin Austin
FortWayne FortWayne
Baltimore Baltimore
Houston Houston
Glendale Glendale
Pittsburgh Pittsburgh
SanDiego SanDiego
Tucson Tucson
WinstonSalem WinstonSalem
SanJose SanJose
SantaAna SantaAna
OklahomaCity Hialeah OklahomaCity
Lincoln Lincoln
LongBeach LongBeach
Charlotte Charlotte
Spokane Spokane
Milwaukee Milwaukee
Atlanta Atlanta
Laredo Laredo
Chesapeake Chesapeake
Dallas Dallas
Stockton Stockton
Columbus Columbus
Memphis Memphis
JerseyCity JerseyCity
Phoenix Phoenix
StPetersburg StPetersburg
Chandler Chandler
Indianapolis Indianapolis
Lubbock Lubbock
Bakersfield Bakersfield
Tampa Tampa
Anchorage Anchorage
Raleigh Raleigh
NewOrleans NewOrleans
ElPaso ElPaso
Aurora Aurora
Madison Madison
Cincinnati Cincinnati
