Chattanooga ElPaso Knoxville Berkeley Springfield Spokane Oxnard Tacoma Huntsville Honolulu SanFrancisco Honolulu Fremont SanBernardino Boise Sunnyvale SanDiego FortLauderdale Savannah ElkGrove McAllen ElkGrove Plano Fresno GrandRapids Fresno Worcester Portland Glendale VirginiaBeach FortWorth Fayetteville Richmond Fayetteville Aurora Baltimore Lexington Aurora Orange Frisco KansasCity Frisco Orange Henderson MorenoValley Durham Yonkers Amarillo Waco Albuquerque LosAngeles Albuquerque Cincinnati Paterson Oceanside CapeCoral LittleRock Shreveport LittleRock Phoenix Indianapolis Riverside Scottsdale Tempe Scottsdale OverlandPark BatonRouge Bakersfield Salinas Murfreesboro Charlotte Murfreesboro Salinas GardenGrove Toledo Atlanta Chicago Naperville Orlando NewportNews Alexandria NewportNews DesMoines Austin Vancouver PortStLucie Chandler Washington SaintPaul Norfolk Raleigh Norfolk Irvine Syracuse Irvine OklahomaCity SantaAna Killeen Jacksonville SanJose Denton Madison Lincoln Fontana Pomona Buffalo Tallahassee LongBeach GrandPrairie Hollywood Louisville Lubbock Corona Olathe Mobile Midland Anchorage Surprise Carrollton Wichita Memphis SanAntonio Cleveland NewOrleans Newark RanchoCucamonga Akron Hayward SantaClarita NewYork Anaheim ChulaVista Arlington TianamenSquare Ontario Salem Boston Brownsville Jackson Chattanooga
96
Yonkers Yonkers
Alexandria Alexandria
Madison Joliet Madison
Orlando Orlando
Lincoln Lincoln
Worcester Worcester
LittleRock LittleRock
GardenGrove GardenGrove
Aurora Aurora
DesMoines DesMoines
Surprise Surprise
Phoenix Phoenix
Knoxville Knoxville
Jacksonville Jacksonville
Oceanside Oceanside
Baltimore Baltimore
Henderson Henderson
Fremont Fremont
Indianapolis Riverside Indianapolis
Memphis Memphis
SanBernardino SanBernardino
Tacoma Tacoma
Wichita Wichita
Paterson Paterson
Washington Washington
Ontario Ontario
Bakersfield Bakersfield
SantaClarita SantaClarita
Cleveland Cleveland
Brownsville Brownsville
McAllen McAllen
Charlotte Charlotte
Lubbock Corona Lubbock
Honolulu Honolulu
Springfield Springfield
Denton Denton
Tempe Tempe
Spokane Spokane
Glendale Glendale
Shreveport Shreveport
GrandPrairie GrandPrairie
Irvine Irvine
NewportNews NewportNews
Lexington Lexington
Olathe Olathe
SanFrancisco SanFrancisco
Scottsdale Scottsdale
Vancouver Vancouver
Murfreesboro Murfreesboro
Anchorage Anchorage
FortWorth FortWorth
Austin Austin
Raleigh Raleigh
Anaheim Anaheim
SanJose SanJose
Fayetteville Fayetteville
Cincinnati Cincinnati
Oxnard Oxnard
Durham Durham
ChulaVista ChulaVista
SantaAna SantaAna
SaintPaul SaintPaul
FortLauderdale FortLauderdale Savannah
ElPaso ElPaso
Syracuse Syracuse
GrandRapids GrandRapids
NewYork NewYork
CapeCoral CapeCoral
Louisville Louisville
Hayward Hayward
Buffalo Buffalo
BatonRouge BatonRouge
Boston Boston
Boise Boise
Waco Waco
Chicago Chicago
SanAntonio SanAntonio
KansasCity KansasCity
Richmond Richmond
Tallahassee Tallahassee
Salem Salem
Midland Midland
LosAngeles LosAngeles
Fontana Fontana
Berkeley Berkeley
PortStLucie PortStLucie
Plano Plano
Orange Orange
Newark Newark
Toledo Toledo
Naperville Naperville
Jackson Jackson
Akron Akron
Pomona Pomona
Frisco Frisco
SanDiego SanDiego
