Hernandezville Joelview Downsville Williammouth Haasville Williammouth Downsville Richardhaven Tammychester Richardhaven Downsville Joelview Mitchellchester Sheabury Maysfort Huynhton Maysfort Sheabury Mitchellchester Lopezmouth Heathermouth Lopezview Heathermouth Emilymouth Heathermouth Lopezmouth Dixonton Keithton Dixonton Francesmouth Richardville Francesmouth Dixonton Lopezmouth Mitchellchester Joelview Farmerside Gabriellabury Murphyberg Hendersonchester Murphyberg Gabriellabury Courtneyfurt Morrisbury Courtneyfurt Contrerasland Courtneyfurt Gabriellabury Farmerside Ryanton Williamsmouth Johnstonmouth Williamsmouth Mcdonaldmouth Adkinsfurt Mcdonaldmouth Williamsmouth Ryanton Farmerside Ralphtown Stricklandbury Tylermouth Stricklandbury Ralphtown Garciaport Charlesburgh Garciaport Ralphtown Farmerside Joelview Hernandezville Beckyshire Ponceville Mcculloughchester Crystalchester Smithmouth Crystalchester Mcculloughchester Jonestown Barbarachester Jonestown Kellyfort Jonestown Mcculloughchester Ponceville Bridgesville Riveramouth Martinton Riveramouth Bradshawside Riveramouth Bridgesville Dennisstad Wilsonburgh Dennisstad Bridgesville Esparzaberg Thomasburgh Esparzaberg Kristinbury Esparzaberg Bridgesville Ponceville Garymouth Christophertown Crystaltown Johnsontown Crystaltown Christophertown Garymouth Camposstad Donaldstad Camposstad Williamsville Camposstad Garymouth Ponceville Beckyshire Derekton Thomaschester Mcfarlandville Belindamouth Mcfarlandville Thomaschester Derekton Wallaceville Morenoside Johnport Morenoside Amberfurt Morenoside Wallaceville Derekton Beckyshire Hernandezville
28
Haasville Haasville
Thomasburgh Johnsonmouth Thomasburgh Sanchezland
Johnstonmouth Johnstonmouth
Kristinbury Allenberg Kristinbury
Barbarachester Barbarachester Jonesberg
Kellyfort Pittsland Tinatown Kellyfort
Smithmouth Smithmouth Robertborough
Tylermouth Tylermouth Deanstad
Richardville Francesmouth Richardville
Hendersonchester Hendersonchester
Keithton Keithton Andrewland Aprilstad
Contrerasland Contrerasland
Wilsonburgh Wilsonburgh Harristown Josephton
Charlesburgh Angelaview Charlesburgh
Martinton Deborahfort Martinton Brianland
Bradshawside Wandaside Bradshawside
Morrisbury Morrisbury
Johnport Johnport
Williamsville Williamsville
Adkinsfurt Mcdonaldmouth Adkinsfurt
Lopezview Robertsfort Lopezview
Amberfurt Amberfurt
Huynhton Huynhton
Johnsontown Crystaltown Johnsontown
Emilymouth Emilymouth
Belindamouth Belindamouth
Donaldstad Donaldstad Thomastown
Tammychester Rebeccaton Tammychester
