89 12 187 193 73 194 79 36 173 86 29 86 56 155 178 102 143 114 125 143 102 175 61 62 144 160 195 132 28 32 28 85 146 13 148 58 16 118 1 98 182 48 9 27 101 5 172 142 197 188 21 86 94 151 45 135 70 119 179 190 39 33 25 44 99 37 124 59 75 38 96 23 128 199 100 97 191 34 147 11 83 88 80 4 49 140 31 6 107 18 64 3 139 189 51 156 130 112 109 183 69 89
83
100 100
96 96
179 179
178 178
101 101 169 78
132 132
86 86 173
197 197
5 172 5
4 127 4
79 79
94 94
3 3 136
88 88
190 190
61 122 61
33 33 121
18 18
151 151
51 51
97 97
99 99
102 102
124 124
36 36
183 183
44 44
199 199
125 125
128 128
109 109
135 135
29 29
38 81 41 38
114 114
59 59
37 37
146 146
107 107
148 148
16 16
75 75
69 69
194 194 133 141
21 21
195 195
11 11
39 149 39
130 130
83 83
27 27
25 25
98 98
189 189
12 12
13 13
191 191
49 111 49
64 64
193 193
73 73
156 156
23 23
85 85
160 160
34 65 82
80 80
155 155
56 56
6 6
70 192 70
112 112
58 58
140 140
32 32
9 48 9
187 187
144 144
118 118
31 31
1 1
147 147
188 188
