CorpusChristi Downey Alexandria Downey CorpusChristi CapeCoral CorpusChristi ElPaso Akron DalyCity Bradenton Clearwater Boulder Clearwater Bryan Columbia Brownsville Asheville Austin Beaumont Detroit Columbus Albuquerque Durham Chesapeake BatonRouge Augusta Arlington Escondido Chattanooga Boise Amarillo Cincinnati AppleValley Chandler Elizabeth Carrollton Arvada Bloomington Davenport Anchorage Deltona Anchorage BelAir Elkhart Champaign Anaheim CathedralCity BoiseCity Danbury DavidsonCounty ColoradoSprings Bremerton Denton Chicago Appleton Chicago Bridgeport Dallas BonitaSprings Denver Burbank ElMonte CorpusChristi
49
Akron Akron
Albuquerque Albuquerque
Alexandria Alexandria
Amarillo Amarillo
Anaheim Anaheim
AppleValley AppleValley
Appleton Appleton
Arvada Arvada
Asheville Asheville
Augusta Augusta
Austin Austin
Beaumont Beaumont
BelAir BelAir
Bloomington Bloomington
BoiseCity BoiseCity
BonitaSprings BonitaSprings
Boulder Boulder
Bremerton Bremerton
Bridgeport Bridgeport
Brownsville Brownsville
Bryan Bryan
Bradenton Canton Charleston
CapeCoral CapeCoral
Carrollton Carrollton
CathedralCity CathedralCity
Champaign Champaign
Chandler Chandler
Chattanooga Chattanooga
Chicago Chicago
Cincinnati Cincinnati
Clearwater Clearwater
ColoradoSprings ColoradoSprings
Columbia Columbia
Columbus Columbus
CorpusChristi CorpusChristi
Dallas Dallas
DalyCity DalyCity
Danbury Danbury
Davenport Davenport
Deltona Deltona
Denton Denton
Denver Denver
Downey Downey
Durham Durham
ElMonte ElMonte
ElPaso ElPaso
Elizabeth Elizabeth
Elkhart Elkhart
Escondido Escondido
