BatonRouge Bellevue Anchorage Cambridge Bradenton Boston Albuquerque Abilene Bremerton Arvada Aberdeen Amarillo BonitaSprings Bethlehem Albany Augusta Barnstable Baltimore Atlanta Allentown Beaumont Birmingham Boulder AtlanticCity Buffalo Bellevue BatonRouge
19
Aberdeen Aberdeen Aurora BoiseCity
Abilene Abilene
Albany Albany
Albuquerque Albuquerque
Amarillo Amarillo
Anchorage Anchorage
Birmingham AnnArbor Birmingham Bryan
Arvada Arvada
Atlanta Atlanta Berkeley
AtlanticCity AtlanticCity
Barnstable Barnstable
BatonRouge BatonRouge Burbank
Beaumont Beaumont
Bethlehem Bethlehem
Boston Boston
Boulder Boulder
Bradenton Bradenton
Buffalo Buffalo
Cambridge Cambridge
