FortCollins Elizabeth Akron FortWaltonBeach Amarillo Alexandria Carrollton Hampton Lafayette Lakewood CapeCoral KansasCity DavidsonCounty Berkeley ElMonte Hollywood Grayslake Allentown AppleValley CedarRapids Lorain Garland GrandRapids Eugene BoiseCity Henderson Manchester Atlanta Louisville Inglewood Hickory Albuquerque Indianapolis Burbank Cambridge Augusta Jefferson Appleton Fayetteville Brownsville Aberdeen Barnstable Gilbert Jacksonville Charlotte Kalamazoo Fresno DalyCity Houston Beaumont Detroit Brighton Irving Cary Fremont Cincinnati Bakersfield AnnArbor BonitaSprings Baltimore Charleston Fargo Leominster Arvada Erie Lancaster Anchorage Lancaster Fairfield Joliet Denver Layton ColoradoSprings Bloomington DesMoines Chandler LittleRock Greensboro Abilene Dallas Bradenton Bridgeport McAllen Chicago Clearwater Evansville Danbury Arlington Harlingen Hemet ElPaso Boise CollegeStation Lakeland Bellevue Independence Anaheim Kennewick Cleveland Austin Irvine Harrisburg Fontana Champaign Elkhart FortCollins
88
Aberdeen Aberdeen
Abilene Abilene
Akron Akron
Albuquerque Albuquerque
Alexandria Alexandria
Allentown Allentown Bremerton
Amarillo Amarillo
Anaheim Anaheim
Anchorage Anchorage
AnnArbor AnnArbor
AppleValley AppleValley
Appleton Appleton
Arvada Arvada
Atlanta Atlanta
Augusta Augusta
Austin Austin Kennewick
Bakersfield Bakersfield
Baltimore Baltimore
Barnstable Barnstable
Beaumont Beaumont Bethlehem
Bellevue Bellevue
Berkeley Berkeley
Boise Boise CollegeStation
BoiseCity BoiseCity
BonitaSprings BonitaSprings
Bradenton Bradenton
Brighton Brighton Lacey
Brownsville Brownsville
Burbank Burbank
CapeCoral CapeCoral
Carrollton Carrollton Frederick
Cary Cary
CedarRapids CedarRapids
Champaign Champaign
Chandler Chandler
Chicago Chicago
Cleveland Cleveland
ColoradoSprings ColoradoSprings
Dallas Dallas
DalyCity DalyCity
Danbury Danbury
DavidsonCounty DavidsonCounty
Denver Denver Layton
DesMoines DesMoines
Detroit Detroit
ElMonte ElMonte
ElPaso ElPaso
Elizabeth Elizabeth
Elkhart Elkhart
Erie Erie
Eugene Eugene
Evansville Evansville
Joliet Fairfield Joliet LasCruces
Fargo Fargo
Fayetteville Fayetteville
Fontana Fontana
Harlingen FortCollins Harlingen Knoxville
FortWaltonBeach FortWaltonBeach
Fremont Fremont
Fresno Fresno
Garland Garland
Gilbert Gilbert
GrandRapids GrandRapids
Grayslake Grayslake
Hampton Hampton
Harrisburg Harrisburg
Hemet Hemet
Henderson Henderson
Hickory Hickory
Hollywood Hollywood
Houston Houston
Independence Independence
Indianapolis Indianapolis
Inglewood Inglewood
Irvine Irvine
Irving Irving
Jacksonville Jacksonville
Jefferson Jefferson
Kalamazoo Kalamazoo
Lafayette Lafayette
Lakeland Lakeland
Lakewood Lakewood
Lancaster Lancaster
Leominster Leominster
LittleRock LittleRock
Lorain Lorain
Louisville Louisville Lubbock
Manchester Manchester
