152 75 50 183 9 81 166 35 95 134 165 116 90 41 91 163 24 143 151 143 24 173 94 105 140 169 36 142 28 42 13 38 6 144 65 139 101 37 126 69 82 102 181 102 82 53 59 115 54 170 123 78 154 51 172 130 180 66 147 56 161 4 113 5 182 12 104 121 155 58 112 31 111 168 21 79 27 97 162 157 160 45 61 96 85 14 8 136 108 89 60 145 62 0 62 152
58
31 31
36 142 87
28 28
97 97
116 116
89 89
105 105
79 79
169 169
157 157
170 170
45 45 175
112 112
56 56
134 134
172 172
37 37
9 9
163 163
41 41 149
35 35
0 95 184 0
66 171 66
111 111
65 139 65
154 78 2 51
165 165
24 143 94
21 73 92
81 81 166
12 12
58 58
50 50 183 153
85 85
5 5 182
130 130
121 121
168 168
60 60
27 27
90 90
96 96
145 145
126 126
113 113
13 13
42 42
136 136
180 180
144 144
53 53
181 181
151 151
101 101
54 54
8 8
38 38
75 75
