WNYCV K1ZSD UGOIO XTUSM YMTTJ KB443 X2AM4 P3DJ7 1BUOS ZA57Z BMC9X 9HVLF GAXPM 2PD2W XDKMD 1NBGE 1XUNX BO3AW GXYLV HR8IA OE5TB EQWAL XRQ65 H7R17 18R1B 2FT0Z 77EY5 KRLTG URMBF XBRKQ H212X HZ80H CUG55 H8ZPW ULCTZ 7CXN0 XPFOM WH9QK 65TK9 HHCET TG5ZG 91RFG F5YBY WZTTJ EYREL QTZLJ 42QVU KR27P B8UZ8 1ACIU XD7IR V11OW 5I6U4 2KYXC F07YB QSI1X 1UWW5 WNYCV
49
XRQ65 XRQ65
1ACIU 1ACIU
H8ZPW H8ZPW
GXYLV GXYLV
TG5ZG TG5ZG
EQWAL EQWAL
91RFG 91RFG
OE5TB OE5TB
KB443 KB443
QSI1X QSI1X
F5YBY F5YBY
QTZLJ QTZLJ
HR8IA HR8IA
ULCTZ ULCTZ
V11OW V11OW
XPFOM XPFOM
77EY5 77EY5
K1ZSD K1ZSD
5I6U4 5I6U4
XTUSM XTUSM
KRLTG KRLTG
UGOIO UGOIO
XBRKQ XBRKQ
18R1B UUOP5 18R1B
ZA57Z ZA57Z
1BUOS 1BUOS
2FT0Z 2FT0Z
X2AM4 X2AM4
42QVU 42QVU
URMBF URMBF
1UWW5 1UWW5
GAXPM GAXPM
EYREL EYREL
B8UZ8 B8UZ8
1NBGE 1NBGE
XDKMD XDKMD
CUG55 CUG55
XD7IR XD7IR
HHCET HHCET
65TK9 65TK9
7CXN0 7CXN0
BMC9X BMC9X
BO3AW BO3AW
9HVLF 9HVLF
YMTTJ YMTTJ
HZ80H HZ80H
H212X H212X
F07YB F07YB
2KYXC 2KYXC
