4HOMU ZRPB5 YJ67U FC0PR 6OA3K CFGE5 PXCIN 1X6L1 WZB33 JF7TT DTPF4 TORQI 1F0YL DOLRQ 45JXE PTADN Q7FCL W2M5C CM5WA WXZHF 1Y2CG Z22CS KOYRV Z22CS 8CLEZ 4HSLO FRZVP 69BJO LLTLN UX00P MC71K LKP22 OLLV9 H1LTE C45HH BVMDZ ZN2EP 6ACGE IF7TL 4WDJE BE5V8 IZESQ KC9RF 0U9HU KN0CP 0VPRW V22SY OSJ7O LEBVZ L2PQE TCC7B 9WSXC 53Y1R K50JQ 7U3JG C8O6I HWKGJ T9O11 PYPSO 8EXDQ SA6G0 52MNN UW44H Y61KP TBPBM ZHSBU M1HJR NPDI9 P419D WI88U EDSMH L2GJ5 FCYPJ TI35I RAAD4 WP2MA HV4Z2 SYV5N XEEQB 2C63O LIRLU 61QWU TY0L7 7GA8O 6WOBI 2BUI5 PMFJ2 3AIXW Q5DAA ZZH8Z SKPO7 0D2BR 1RS2N 945CN DCHO3 A1QRL HZHRA RU85S 50J5H SHOOM AT3CI 768ZF VHCFR W2H22 OHJD0 C7WKJ OIPRN V8GEC JXLE1 X180A DDXG0 DL8LT 4HOMU
99
L2PQE L2PQE
945CN 945CN
L2GJ5 L2GJ5
2C63O 2C63O
SYV5N SYV5N
768ZF 768ZF
RU85S RU85S
KOYRV KOYRV
XEEQB XEEQB
KC9RF KC9RF
ZN2EP ZN2EP
45JXE 45JXE
UW44H UW44H
0D2BR 0D2BR
M1HJR M1HJR
LIRLU LIRLU
1F0YL 1F0YL
DOLRQ DOLRQ
WP2MA WP2MA
50J5H 50J5H
CFGE5 CFGE5
Q7FCL Q7FCL
0VPRW 0VPRW
SHOOM SHOOM
HWKGJ HWKGJ
6ACGE 6ACGE
DTPF4 DTPF4
7GA8O 7GA8O
7U3JG 7U3JG
BE5V8 BE5V8
TY0L7 TY0L7
W2M5C W2M5C
SA6G0 SA6G0
WI88U WI88U
TORQI TORQI
ZHSBU ZHSBU
DCHO3 DCHO3
RAAD4 RAAD4
FRZVP FRZVP
HZHRA HZHRA
53Y1R 53Y1R
TI35I TI35I
Y61KP Y61KP
9WSXC 9WSXC
C7WKJ C7WKJ
P419D P419D
NPDI9 NPDI9
ZZH8Z ZZH8Z
IF7TL IF7TL
V22SY V22SY
PXCIN PXCIN
K50JQ K50JQ
JXLE1 JXLE1
H1LTE H1LTE
DDXG0 DDXG0
PTADN PTADN
IZESQ IZESQ
2BUI5 2BUI5
3AIXW 3AIXW
1RS2N 1RS2N
0U9HU 0U9HU
WZB33 WZB33
Q5DAA Q5DAA
4WDJE 4WDJE ELH5L
8EXDQ 8EXDQ
FCYPJ FCYPJ
W2H22 W2H22
PYPSO PYPSO
CM5WA CM5WA
6WOBI 6WOBI
AT3CI AT3CI
SKPO7 SKPO7
ZRPB5 ZRPB5
T9O11 T9O11
LEBVZ LEBVZ
61QWU 61QWU
C45HH C45HH
69BJO 69BJO
X180A X180A
52MNN 52MNN
OLLV9 OLLV9
WXZHF WXZHF
OIPRN OIPRN
MC71K MC71K
BVMDZ BVMDZ
6OA3K 6OA3K
FC0PR FC0PR
C8O6I C8O6I
LLTLN LLTLN
A1QRL A1QRL
YJ67U YJ67U
V8GEC V8GEC
PMFJ2 PMFJ2
8CLEZ 8CLEZ
TCC7B TCC7B
LKP22 LKP22
TBPBM TBPBM
EDSMH EDSMH
VHCFR VHCFR
