0 1 4 9 19 39 80 39 79 39 19 40 82 40 81 163 81 40 19 9 20 42 20 41 84 170 84 41 20 9 4 10 21 43 88 43 87 176 87 43 21 44 90 44 89 44 21 10 22 45 92 45 91 184 91 45 22 46 93 188 93 46 94 190 94 46 22 10 4 1 3 8 18 37 75 37 76 154 76 153 76 37 18 38 77 38 78 158 78 38 18 8 17 35 72 146 72 35 17 36 17 8 3 7 15 32 66 32 15 7 16 34 69 34 70 34 16 33 68 33 67 33 16 7 3 1 0 2 6 13 27 56 27 55 27 13 28 57 116 57 28 58 117 58 118 58 28 57 115 57 28 13 6 14 30 61 30 62 125 62 30 14 29 60 29 59 119 59 29 14 6 2 5 12 25 51 103 51 25 12 26 53 26 54 26 12 5 11 24 50 102 50 24 11 23 47 96 47 95 47 23 48 97 48 23 11 24 49 24 11 5 2 0
46
49 100 199
25 101 104 105 106
102 102
103 103
53 107 108
54 109 110
55 111 112
56 113 114
115 115
116 116
117 117
118 118
119 119
60 120 121 122
61 123 124 126
125 125
15 127 128 129 130 131 132 164 183 187 189
66 133 134
67 135 136
68 137 138
69 139 140
70 141 142
36 143 144 145 147 148 149 150
146 146
75 151 152
153 153
154 154
77 155 156 157
158 158
79 159 160
80 161 162
163 163
82 165 166
42 167 168 169 171 172 173 174
170 170
88 175 177 178
176 176
89 179 180
90 181 182
184 184
92 185 186
188 188
190 190
95 191 192
96 193 194
97 195 196 197 198
