COM NER MTQ NER PNG PRY BIH AZE BDI BHR BLM BEN BMU BRB BHS BIH PRY MOZ PRY NPL MMR HMD HRV SAU EST GIB GHA GEO ESP ECU ESH FRA GBR GIN FSM FIN GAB ETH EGY MYS DZA MYS IRN IOT IRL NIC ABW NIC AUS ATG MWI ITA MWI CXR DEU CYP CZE NIU PRK SGS KHM SGS SHN SGS LBR GNQ PAK HUN JPN LBN KOR HKG KAZ HKG GUM HTI CAN COD COG POL MEX SDN REU AFG REU GLP MDA PAN JEY NFK ALA NFK NGA GMB GRC HND MAR HND COK CPV MLI CPV MHL MAC MHL CPV LIE LTU KWT LKA BVT CIV CAF NRU PSE MLT CRI KNA LAO LUX RWA DMA DJI MUS MYT ARM ARE ALB QAT SGP RUS IDN COL COM
98
CIV CIV
CAN CAN
HND HND
MOZ MOZ
ITA ITA
KOR KOR
NER NER
MYT MYT
REU REU
GRC GRC
LUX LUX
CXR CXR
LIE LIE
EGY EGY
MMR MMR
GNQ GNQ
PAN PAN
NPL NPL
SHN SHN
FRA FRA
ESP ESP
LKA LKA
BLM BLM
COG COG
GIB GIB
MAC MAC
MAR MAR
LBR LBR
KHM KHM
MEX MEX
ATG ATG
MDA MDA
IDN IDN
ARM ARM
DZA DZA
PRY PRY
SDN SDN
NRU NRU
GBR GBR
LBN LBN
MTQ MTQ
BDI BDI
DMA DMA
BHS BHS
SGS NZL SGS
KNA KNA
GUM GUM
RUS RUS
COL COL
IRL IRL
AFG AFG
BEN BEN
COK COK
HKG HKG
NFK NFK
ESH ESH
ALB ALB
HRV HRV
HTI HTI
AZE AZE
HMD HMD
PNG PNG
MLI MLI
PAK PAK
LAO LAO
GIN GIN
GEO GEO
KAZ KAZ
CYP CYP
FSM FSM
DEU DEU
POL POL
JEY JEY
COD CHN COD
KWT KWT
ALA ALA
FIN FIN
CPV CPV
IRN IRN
HUN HUN
DJI DJI
AUS AUS
LTU LTU
ARE ARE
PSE PSE
ABW ABW
NIU NIU
BHR BHR
ECU ECU
IOT IOT
NIC NIC
GAB GAB
GMB GMB
JPN JPN
BMU BMU
RWA RWA
CAF CAF
GHA GHA
