Soda a b c c1 c d e f g h i j k l k j j0 j j1 j i h g f f1 f f0 f e d c c0 c b a Soda 50 51 52 53 63 53 64 53 52 61 62 61 52 51 50 Soda 66 67 68 69 68 95 96 97 96 95 68 90 91 92 91 90 68 67 80 81 82 81 80 67 85 86 87 86 85 67 66 75 76 77 76 75 66 70 71 72 71 70 66 Soda o p r s u w y w u s r p o Soda
25
a a0 a1
b b0 b1
c0 c0
c1 c1
d d0 d1 e0 e1
f0 f0
f1 f1
g g0 g1 h0 h1
i i0 i1
j0 j0
j1 j1
k k0 k1
l l0 l1
y y
51 54 55 56 57 58 59 60 61
62 62
63 63
64 64 65
72 72 74
77 77 79
82 82 84
87 87 89
92 92 94
97 97 99
69 69
