100 58 55 24 55 18 53 52 53 23 51 49 48 47 19 50 133 141 20 136 188 21 56 57 56 21 188 192 189 182 189 192 191 193 184 186 181 161 159 82 112 155 116 113 111 115 153 156 104 165 164 85 86 100 31 15 27 70 36 33 12 11 10 76 121 76 10 11 12 33 36 28 36 70 27 15 30 16 61 26 45 44 4 71 5 71 4 44 2 46 142 131 130 129 144 42 3 41 73 74 6 9 8 40 72 43 29 13 103 34 7 39 78 37 78 39 7 34 14 61 54 1 54 61 60 22 25 59 16 30 15 31 100 88 32 88 100
62
1 1 17
2 2 44
3 3
4 4
5 5
6 6
7 7
8 8
9 9
10 10
11 11
12 12
13 13
14 14
15 15
16 16
18 18
19 19
20 20
21 21
22 22
23 23
24 24
25 25
26 26
27 27
28 28
29 29
30 30
31 31
32 32
33 33
34 34
36 36
37 37
39 39
40 40
41 41
42 42
43 43
45 45
46 46
47 47
48 48
49 49
50 50
51 51
52 52
53 53
54 54
55 55
56 56
57 57
58 58
59 59
60 60
111 111
121 121
153 153
165 165
182 182
192 192
