LeonieHill ChangiPoint SungeiKadut KampongUbi Shipyard NeeSoon OrangeGrove DefuIndustrialPark OrangeGrove NeeSoon JurongWestCentral Outram HougangCentral ConeyIsland CompassvaleTrafalgar Changi Ridout BishanEast Yishun Phillip SerangoonGarden Victoria Clementi Novena TampinesWest YuhuaWestBoonLay LoyangEast ChoaChuKangCentral Townsville PunggolTownCentre Woodgrove YishunCentral ClementiCentral ChangiWest AirportRoad GeylangBahru TanjongRhu PasirPanjang2 Springleaf NorthCoast BukitBatokCentral MandaiWest YioChuKang AnchorvaleBuangkok KallangWay SungeiRoad ClarkeQuay KampongGlam SembawangSprings PasirRisPark Sentosa Trafalgar GreenwoodPark Guilin FarrerPark Frankel TuasBay TanglinHalt Kranji LeonieHill
41
Guilin Guilin
Trafalgar Trafalgar
Townsville Townsville
SerangoonGarden SerangoonGarden
Springleaf Springleaf
ClementiCentral ClementiCentral
Novena Novena SingaporePolytechnic
FarrerPark FarrerPark
SungeiKadut SungeiKadut
YioChuKang Boulevard YioChuKang MandaiWest AnchorvaleBuangkok
Outram MonksHill Sennett Outram
AirportRoad AirportRoad
KallangWay KallangWay
Shipyard Shipyard NeeSoon
YuhuaWestBoonLay YuhuaWestBoonLay
SungeiRoad SungeiRoad Semakau
TuasBay TuasBay
Phillip Phillip
TampinesWest TampinesWest
SembawangSprings SembawangSprings
Kranji Kranji
Victoria Victoria
Ridout Ridout
BishanEast BishanEast
Yishun Yishun
PasirPanjang2 PasirPanjang2
NorthCoast NorthCoast
PunggolTownCentre PunggolTownCentre
Sentosa Sentosa
OrangeGrove OrangeGrove
TanglinHalt TanglinHalt
BukitBatokCentral BukitBatokCentral
ChoaChuKangCentral ChoaChuKangCentral
ConeyIsland ConeyIsland
JurongWestCentral JurongWestCentral
DefuIndustrialPark Tyersall DefuIndustrialPark
KampongGlam KampongGlam
GreenwoodPark GreenwoodPark
Woodgrove Woodgrove
ChangiWest ChangiWest
LoyangEast LoyangEast
