Qwilfish Tropius Slowbro Dewpider Kakuna Treecko Seaking Honedge Weepinbell Magnemite Comfey Nincada Shellos Drampa Froakie Bounsweet Whismur Bastiodon Shellder Vespiquen Inkay Slurpuff Metang Lotad Amoonguss Stufful Conkeldurr Stufful Woobat Escavalier Weezing Metapod Gengar Munna Swadloon Munna Skorupi Skiddo Noibat Magmar Volcarona Vullaby Jumpluff Plusle Wailord Tauros Weezing Crawdaunt Porygon2 Vullaby Drapion Taillow Scatterbug Meloetta Sandile Simisear Sandile Drampa Qwilfish
48
Volcarona Volcarona Steenee
Meloetta Meloetta Sandile
Gengar Gengar
Whismur Whismur
Qwilfish Qwilfish
Simisear Simisear
Metapod Metapod
Woobat Woobat
Nincada Nincada
Swadloon Swadloon
Tauros Tauros
Drapion Drapion
Scatterbug Scatterbug
Vullaby Vullaby
Porygon2 Porygon2
Escavalier Escavalier
Vespiquen Vespiquen
Crawdaunt Crawdaunt
Seaking Seaking
Magnemite Magnemite
Magmar Magmar
Munna Munna
Skorupi Skorupi
Stufful Stufful
Bastiodon Bastiodon
Noibat Noibat
Weezing Weezing
Froakie Froakie
Taillow Taillow
Metang Metang
Weepinbell Weepinbell
Drampa Drampa
Bounsweet Bounsweet
Slurpuff Slurpuff
Honedge Honedge
Plusle Plusle
Treecko Treecko
Shellder Shellder
Inkay Inkay
Lotad Lotad
Conkeldurr Conkeldurr
Shellos Shellos
Skiddo Skiddo
Amoonguss Amoonguss
Wailord Wailord
Comfey Comfey
Jumpluff Jumpluff
Kakuna Kakuna
