Monroe Marina Austin Bradenton Denver Kennewick Lewisville Allentown Miami Dallas Three Detroit Montgomery Merced Dayton Burlington Mesquite Amarillo Birmingham Clarke Killeen Akron Clarksville Huntsville Glendale Hartford Hickory Bethlehem Bridgeport Abilene Arlington Rapids Davidson Brownsville Baltimore Kenosha Lafayette Layton Corpus Greensboro Vista Gainesville Cleveland Erie Mobile Leominster Canton Four Monterey Hampton Viejo Hesperia Naples Bedford Huntington Elkhart Antioch Hagerstown Lancaster Havre Aberdeen Lowell Cambridge Albany Boise Kailua Kissimmee Muskegon Prairie Denton Hayward Lakeland Ten Jacksonville Anaheim Hialeah Mesa Carrollton Asheville Chesapeake Manchester Cary Athens Elizabeth Baton Irving Fairfield Fayetteville Apple Anchorage Daytona Modesto Gilbert Julian Melbourne Lacey Boulder Johnson Charleston Laredo Seven Monroe
100
Bradenton Bradenton
Three Three
Mesquite Mesquite
Hampton Hampton
Albany Albany
Ten Ten
Burlington Burlington
Miami Miami
Kenosha Kenosha
Melbourne Melbourne
Kissimmee Kissimmee
Baton Baton
Allentown Allentown
Fairfield Fairfield
Arlington Arlington
Four Four
Elizabeth Elizabeth
Chesapeake Chesapeake
Gainesville Gainesville
Clarke Clarke
Montgomery Montgomery
Baltimore Baltimore
Mesa Mesa
Kailua Kailua
Elkhart Elkhart
Aberdeen Aberdeen
Greensboro Greensboro
Gilbert Gilbert
Athens Athens
Akron Akron
Killeen Killeen
Amarillo Amarillo
Lewisville Lewisville
Seven Seven
Monroe Monroe
Johnson Johnson
Naples Naples
Hagerstown Hagerstown
Havre Havre
Vista Vista
Brownsville Brownsville
Rapids Rapids
Bridgeport Bridgeport
Erie Erie
Modesto Modesto
Manchester Manchester
Hesperia Hesperia
Lowell Lowell
Lancaster Lancaster
Prairie Prairie
Daytona Daytona
Lacey Lacey
Boulder Boulder
Davidson Davidson
Dayton Dayton
Birmingham Birmingham
Hartford Hartford
Kennewick Kennewick
Huntington Huntington
Cleveland Cleveland
Irving Irving
Dallas Dallas
Julian Julian
Cary Cary
Lakeland Lakeland
Laredo Laredo
Mobile Mobile
Bethlehem Bethlehem
Apple Apple
Cambridge Cambridge
Hayward Hayward
Austin Austin
Lafayette Lafayette
Monterey Monterey
Merced Merced
Asheville Asheville
Glendale Glendale
Viejo Viejo
Denton Denton
Canton Canton
Muskegon Muskegon
Anaheim Anaheim
Boise Boise
Anchorage Anchorage
Huntsville Huntsville
Leominster Leominster
Detroit Detroit
Hialeah Hialeah
Bedford Bedford
Antioch Antioch
Charleston Charleston
Hickory Hickory
Carrollton Carrollton
Jacksonville Jacksonville
Abilene Abilene
Clarksville Clarksville
Corpus Corpus
Fayetteville Fayetteville
Layton Layton
Denver Denver
