McLaughlinHall StephensHall CampusSharedServices CNMAT1750ArchSt GoldmanSchool UCBerkeleyExtension Romeos StrawberryCanyonRecr GianniniHall JonesChildStudyCente LevineFrickeSoftball AnnaHeadAlumnaeHall InsectaryGreenhouse SpiekerAquaticsCompl GiauqueHall EshlemanHall WomensFacultyClub Unit3ResidentHall WitterRugbyField MagnesCollectionofJe LegendsAquaticCenter SimpsonCenterforStud BerkeleyArtMuseumand ZellerbachHall FacultyGlade Library PublicAffairsOfficeo ResidentialStudentSe SeniorHall BancroftParkingStruc HertzHall WarrenHall EastAsianStudiesInst RecreationalSportsFa EtcheverryHall EvansDiamond GrinnellNaturalArea EnergyBiosciencesBui HasteStreetChildDeve KroeberHall VisitorCenter MathematicalSciences BotanicalGarden DurantHall SamsPad RedwoodGroveBotanica MoffittLibrary McLaughlinHall
47
CNMAT1750ArchSt CNMAT1750ArchSt
EvansDiamond EvansDiamond
WitterRugbyField WitterRugbyField
RedwoodGroveBotanica RedwoodGroveBotanica
PublicAffairsOfficeo PublicAffairsOfficeo
HasteStreetChildDeve HasteStreetChildDeve
UCBerkeleyExtension UCBerkeleyExtension
GrinnellNaturalArea GrinnellNaturalArea
SeniorHall SeniorHall
EastAsianStudiesInst EastAsianStudiesInst
AnnaHeadAlumnaeHall AnnaHeadAlumnaeHall
Unit3ResidentHall Unit3ResidentHall
DurantHall DurantHall
BancroftParkingStruc BancroftParkingStruc
FacultyGlade FacultyGlade
CampusSharedServices CampusSharedServices
SamsPad SamsPad
RecreationalSportsFa RecreationalSportsFa
StrawberryCanyonRecr StrawberryCanyonRecr
EshlemanHall EshlemanHall
JonesChildStudyCente JonesChildStudyCente
InsectaryGreenhouse InsectaryGreenhouse
WarrenHall WarrenHall
MoffittLibrary MoffittLibrary
EtcheverryHall EtcheverryHall
McLaughlinHall CareerCenter McLaughlinHall
StephensHall StephensHall
MathematicalSciences MathematicalSciences
ZellerbachHall ZellerbachHall
HertzHall HertzHall
EnergyBiosciencesBui EnergyBiosciencesBui
VisitorCenter VisitorCenter
BerkeleyArtMuseumand BerkeleyArtMuseumand
BotanicalGarden BotanicalGarden
SimpsonCenterforStud SimpsonCenterforStud
MagnesCollectionofJe MagnesCollectionofJe
KroeberHall KroeberHall
ResidentialStudentSe ResidentialStudentSe
GiauqueHall GiauqueHall
Library Library
LegendsAquaticCenter LegendsAquaticCenter
Romeos Romeos
LevineFrickeSoftball LevineFrickeSoftball
SpiekerAquaticsCompl SpiekerAquaticsCompl
GoldmanSchool GoldmanSchool
GianniniHall GianniniHall
WomensFacultyClub WomensFacultyClub
