LegendsAquaticCenter SatherTower InvestigativeReporti NorthField LawSchool SoutheastAsianStudie StarrEastAsianLibrar EllsworthParkingStru GoldmanField LevineFrickeSoftball LeConteHall SodaHall NorthGateHall CITRIS LewisHall EucalyptusGrove MemorialGlade ValleyLifeSciencesBu GolbousPlace DurantHall LegendsAquaticCenter
20
EllsworthParkingStru EllsworthParkingStru
DurantHall DurantHall
LawSchool LawSchool
CITRIS CITRIS
NorthField NorthField
InvestigativeReporti InvestigativeReporti
LevineFrickeSoftball LevineFrickeSoftball
LegendsAquaticCenter LegendsAquaticCenter
GolbousPlace GolbousPlace
LeConteHall LeConteHall
SodaHall SodaHall
ValleyLifeSciencesBu ValleyLifeSciencesBu
NorthGateHall NorthGateHall
LewisHall LewisHall
MemorialGlade MemorialGlade
SatherTower SatherTower
EucalyptusGrove EucalyptusGrove
StarrEastAsianLibrar StarrEastAsianLibrar
GoldmanField GoldmanField
SoutheastAsianStudie SoutheastAsianStudie
