a b dv bf bb ab du t ar cu ap dx eu gm ch bz an cb ee en j dj fs gb gh fg dn al gp fu c ew fa fh fr fd fv ev fz b dq fy em ey dm aa df w cv ex ff cp k ed o by cd br bv ah de y aj ci bm ep gl er l dt u cl bl bi ae ct bc az fb eq gn ga bd cs ak cq h ea m eg p ec e do ck ag dg fn a
97
aj aj aw
cv fl cv
y et y
ci ci
fy fy
fn fn
w w
ec ec
eu eu
ae ae
ey ey
ep ep
aa aa
de de
em em
m m
bl bl
gn gn
dq dq
az az
ex ex
u u
en en
df df
ee ee
dm dm
du du
dt dt
ff ff
cl cl
e e
bi bi
fb fb
dx dx
bd bd
ct ct
bc bc
ga ga
eq eq
eg eg
dg dg
p p
ag ag
bm bm
gl gl
b b
ck ck
fh fh
ap ap
fa fa
cs cs
fz fz
l l
do do
cu cu
fv fv
ev ev
ar ar
er er
ea ea
a a
fd fd
t t
h h
fr fr
ew ew
c c
cq cq
ak ak
al al
fg fg
j j
fu fu
gp gp
bv bv
gh gh
dn dn
o o
ah ah
dj dj
gb gb
br br
cd cd
k k
gm gm
ch ch
fs fs
by by
bf bf
ed ed
an an
cp cp
cb cb
bz bz
ab ab
bb bb
dv dv
