Fizz TahmKench Cassiopeia Jinx Slardar Sven Pantheon DeathProphet Kassadin Magnus CentaurWarrunner ShadowDemon Trundle Slark Gragas Katarina Nidalee Kennen Rubick Azir Heimerdinger Annie Rumble Zed Ziggs Tristana Ekko Viktor Nasus Vladimir Leona Rengar Omniknight Vi ShadowShaman Lucian StormSpirit Amumu BountyHunter Medusa LoneDruid Weaver Singed Timbersaw Terrorblade Talon Tiny Venomancer Syndra Nunu JarvanIV Janna Yorick Sona Puck SpiritBreaker Chen Visage Bane Huskar Warlock Undying Oracle Sniper Zilean Techies Brewmaster Mirana KhaZix Quinn NightStalker VelKoz Fiddlesticks WinterWyvern Morphling Xayah Kled Orianna Beastmaster FacelessVoid Thresh Jayce Ryze Irelia Kayn TrollWarlord Karma LeBlanc ShadowFiend Fizz
89
Thresh Thresh
Heimerdinger Heimerdinger
Huskar Huskar
Sven Sven
Nasus Nasus
Medusa Medusa
Tiny Tiny
Katarina Katarina
Terrorblade Terrorblade
KhaZix KhaZix
Slardar Slardar
Kassadin Kassadin
Gragas Gragas
Kennen Kennen
CentaurWarrunner CentaurWarrunner
Sniper Sniper
WinterWyvern WinterWyvern
Nidalee Nidalee
NightStalker NightStalker
Annie Annie
Singed Singed
Quinn Quinn
Ekko Ekko
Venomancer Venomancer
Karma Karma
Omniknight Omniknight
StormSpirit StormSpirit
BountyHunter BountyHunter
Warlock Warlock
Weaver Weaver
ShadowFiend ShadowFiend
DeathProphet DeathProphet
Fiddlesticks Fiddlesticks
Janna Janna
Undying Undying
Rengar Rengar
Fizz Fizz
Magnus Magnus
Visage Visage
TrollWarlord TrollWarlord
Kled Kled
Jinx Jinx
Syndra Syndra
Sona Sona
Azir Azir
LoneDruid LoneDruid
Zed Zed
Rubick Rubick
Morphling Morphling
Irelia Irelia
Techies Techies
Beastmaster Beastmaster
FacelessVoid FacelessVoid
VelKoz VelKoz
LeBlanc LeBlanc
Amumu Amumu
Pantheon Pantheon
ShadowDemon ShadowDemon
Puck Puck
SpiritBreaker SpiritBreaker
Bane Bane
Yorick Yorick
Vladimir Vladimir
Ryze Ryze
Mirana Mirana
Slark Slark
Orianna Orianna
Trundle Trundle
JarvanIV JarvanIV
Timbersaw Timbersaw
Jayce Jayce
Ziggs Ziggs
Tristana Tristana
Xayah Xayah
Cassiopeia Cassiopeia
Chen Chen
Viktor Viktor
Leona Leona
Oracle Oracle
Lucian Lucian
Vi Vi
Nunu Nunu
Brewmaster Brewmaster
ShadowShaman ShadowShaman
Talon Talon
Rumble Rumble
Zilean Zilean
TahmKench TahmKench
Kayn Kayn
