L16 L145 L67 L52 L147 L143 L142 L75 L92 L38 L151 L116 L101 L93 L6 L13 L72 L119 L63 L103 L133 L103 L70 L16 L95 L152 L95 L19 L130 L1 L53 L59 L87 L106 L35 L14 L22 L7 L125 L43 L91 L148 L78 L131 L104 L47 L29 L62 L124 L5 L83 L144 L79 L100 L120 L4 L135 L16
44
L4 L4 L149
L35 L106 L35
L7 L7 L24
L62 L62 L124 L82
L125 L125
L78 L78
L95 L95
L131 L131 L141
L83 L83
L119 L119 L80 L90
L29 L29
L47 L146 L47
L79 L114 L79 L140 L28 L12 L84
L13 L89 L139 L109 L107 L11 L21
L104 L104 L126 L9
L91 L91
L5 L18 L5
L144 L144
L120 L20 L128 L129
L130 L130
L87 L150 L87
L16 L16 L99
L92 L92
L100 L100
L75 L75
L43 L43
L70 L56 L77 L70
L93 L93
L22 L153 L85 L94 L22
L38 L76 L74 L134 L38
L116 L2 L101 L8
L133 L103 L133 L68
L63 L138 L27 L61 L63
L143 L40 L143 L65
L53 L53 L110
L142 L142
L151 L151
L52 L52
L145 L145
L1 L1
L67 L67
L72 L72
L147 L147
L152 L152
