6Zg7j6t8kt ka4cgDWgq7 GSDEYlNcCM HpRVhY9Btb OF1HL5xl4P KpPj50fAfy dyS1o5lQHD J6nn6V6pVr 1koyFI8rlU Octagmmhko TH1GgoG5GU qJld7Tm42G H0NdoJawvz DFUEuoVNn7 1iUrZ2N0MA gSP0irArmo M9d0z6OccV 79JJ9GZF8c fhmE7A9rVl 0gqiqztWgj 4ViGHxfdlc SDcTVr32JM NgxnYo41LY cqCbnI2bkr bc4pLp9tiD pm1Yq2dCLL iyQiEnpG35 pm1Yq2dCLL uXkvSfF7Kv 88s4txyVUX jEhj8SsLxM wXTrLT9dUx dojrtYXceT ZZt4oj1N7Y niEIQoqP5I tc8Ui0HLCm lrFRnKniRv MpRNDD0glq lrFRnKniRv tc8Ui0HLCm niEIQoqP5I 0sg7h6elOW I1RTFIGWhc YrPP1U1r20 7cteJXIZM1 zG9cl6Gy30 MImiDijd1o oRs9wR3IGE 8pgnfE3xKu dqEsxDzQkU Bfj8GrCEUo 5wb0VR04nl PzwBWrPM7w Iroa6leixY oQb2PqTM8x R0OKpbbX8l b3jUAAPOlA R0OKpbbX8l oQb2PqTM8x N08DpqDewo oQb2PqTM8x tvKOOMQ7Sv rCrtLJTXdv VlwfpLcOHZ vD4d0BZ03p zH4Z0p0Ftj 2Xeaya9zol HMrJ59Oqha b501iB6FBB ITqWOrk6ub 4JtfcKJvHu ITqWOrk6ub b501iB6FBB HMrJ59Oqha UgxUR9jKcJ Ma7DUhMrCQ UgxUR9jKcJ HMrJ59Oqha 2Xeaya9zol zH4Z0p0Ftj VWD9Yy5Xrg zH4Z0p0Ftj vD4d0BZ03p VlwfpLcOHZ YZKJeBb8Pe ECFKqOm791 OR78sPVsV9 4RZs4XFvF9 G05S6XZiBa 4RZs4XFvF9 OR78sPVsV9 EZQ9HUGjRN OR78sPVsV9 ECFKqOm791 fbxiHLAsv4 ECFKqOm791 YZKJeBb8Pe VlwfpLcOHZ rCrtLJTXdv tvKOOMQ7Sv oQb2PqTM8x eQGeDFyUBy 97dvK2Az7S Dkc5CxJ6RV 7EHiEUKwtc OwDrBJtg2E 7EHiEUKwtc Dkc5CxJ6RV 97dvK2Az7S ViIGFkuCy7 ShiApsZfxN ViIGFkuCy7 97dvK2Az7S eQGeDFyUBy OND9LnuOus eQGeDFyUBy oQb2PqTM8x GwtnXYfCts oQb2PqTM8x Iroa6leixY PzwBWrPM7w 5wb0VR04nl Bfj8GrCEUo dqEsxDzQkU vCSWEyz4PC dqEsxDzQkU 8pgnfE3xKu ReGEuwhnqY bBhvVMv8Dt ReGEuwhnqY 8pgnfE3xKu OGWcs2X8pk NULo72dPyj OGWcs2X8pk 8pgnfE3xKu oRs9wR3IGE MImiDijd1o zG9cl6Gy30 7cteJXIZM1 YrPP1U1r20 ckEVpwA8CD YQKcyMibnc ckEVpwA8CD YrPP1U1r20 I1RTFIGWhc pzbJYPJ1Je rBboL3WGMh pzbJYPJ1Je I1RTFIGWhc 0sg7h6elOW xKltif8n2P l4hZbrGnD5 xKltif8n2P 0sg7h6elOW niEIQoqP5I ZZt4oj1N7Y dojrtYXceT wXTrLT9dUx 1aPtXDhYtV ESDdDChkYw 1aPtXDhYtV wXTrLT9dUx jEhj8SsLxM 88s4txyVUX uXkvSfF7Kv OpwMnuSGmp uXkvSfF7Kv pm1Yq2dCLL qOQTd9nboV pm1Yq2dCLL bc4pLp9tiD cqCbnI2bkr NgxnYo41LY 4lUeyqYb0U NgxnYo41LY SDcTVr32JM 4ViGHxfdlc 0gqiqztWgj fhmE7A9rVl 79JJ9GZF8c s8EkvbOYAX 79JJ9GZF8c M9d0z6OccV gSP0irArmo 1iUrZ2N0MA DFUEuoVNn7 H0NdoJawvz qJld7Tm42G TH1GgoG5GU Octagmmhko 1koyFI8rlU J6nn6V6pVr dyS1o5lQHD KpPj50fAfy OF1HL5xl4P HpRVhY9Btb GSDEYlNcCM ka4cgDWgq7 6Zg7j6t8kt 
50
tvKOOMQ7Sv tvKOOMQ7Sv
UgxUR9jKcJ UgxUR9jKcJ
1koyFI8rlU 1koyFI8rlU
ckEVpwA8CD ckEVpwA8CD
zH4Z0p0Ftj zH4Z0p0Ftj
97dvK2Az7S 97dvK2Az7S
M9d0z6OccV M9d0z6OccV
YrPP1U1r20 YrPP1U1r20
fbxiHLAsv4 fbxiHLAsv4
KpPj50fAfy KpPj50fAfy
NgxnYo41LY NgxnYo41LY
wXTrLT9dUx wXTrLT9dUx
4ViGHxfdlc 4ViGHxfdlc
lrFRnKniRv lrFRnKniRv
I1RTFIGWhc I1RTFIGWhc
YQKcyMibnc YQKcyMibnc
OGWcs2X8pk OGWcs2X8pk
b3jUAAPOlA b3jUAAPOlA
4JtfcKJvHu 4JtfcKJvHu
79JJ9GZF8c 79JJ9GZF8c
G05S6XZiBa G05S6XZiBa
iyQiEnpG35 iyQiEnpG35
uXkvSfF7Kv uXkvSfF7Kv
EZQ9HUGjRN EZQ9HUGjRN
GSDEYlNcCM GSDEYlNcCM
Dkc5CxJ6RV Dkc5CxJ6RV
7cteJXIZM1 7cteJXIZM1
N08DpqDewo N08DpqDewo
vCSWEyz4PC vCSWEyz4PC
YZKJeBb8Pe YZKJeBb8Pe
4RZs4XFvF9 4RZs4XFvF9
oRs9wR3IGE oRs9wR3IGE
OpwMnuSGmp OpwMnuSGmp
TH1GgoG5GU TH1GgoG5GU
Iroa6leixY Iroa6leixY
VWD9Yy5Xrg VWD9Yy5Xrg
0gqiqztWgj 0gqiqztWgj
MpRNDD0glq MpRNDD0glq
H0NdoJawvz H0NdoJawvz
Octagmmhko Octagmmhko
ESDdDChkYw ESDdDChkYw
4lUeyqYb0U 4lUeyqYb0U
s8EkvbOYAX s8EkvbOYAX
8pgnfE3xKu 8pgnfE3xKu
dojrtYXceT dojrtYXceT
fhmE7A9rVl fhmE7A9rVl
cqCbnI2bkr cqCbnI2bkr
1aPtXDhYtV 1aPtXDhYtV
vD4d0BZ03p vD4d0BZ03p
ka4cgDWgq7 ka4cgDWgq7
