Brightmere Marbleiron Courtcastle Ironriver Courtwall Morwald Clearnesse Valhaven Buttermead Violetley Westvale Woodice Esterfall Eriwall Goldwyvern Newby Foxvale Morwall Oakmere Foxhaven Freyview Ironshore Oldmoor Dellwyn Butterbush Corbank Esterash Stonefair Westerlight Clearland Bushgate Stoneglass Wildemarsh Wellmage Snowshore Irondeer Lightmere Southwheat Westmill Lochmage Shoreburn Erilyn Eastcastle Rosemill Wolflea Greenshore Bluedell Newley Fairsage Greyice Greensummer Southpine Ostwynne Violetfay Northwynne Redlake Butterway Brightrock Fogland Silverwitch Butterhill Deephedge Flowerfield Coldville Mallowbridge Blackbush Bluewyn Silverbarrow Rosegate Freymere Newmill Icenesse Mallowness Fieldedge Verthedge Highmont Mistshore Applecastle Bluedale Orbarrow Strongfall Silverlea Mallowway Flowermill Seamoor Northriver Starryhill Wooddell Wellbank Janholt Bluelake Orfort Redwell Springfox Summermage Goldcrest Courtedge Fairice Snowsage Windbridge Windbridge Snowsage Fairice Courtedge Goldcrest Summermage Springfox Redwell Orfort Bluelake Janholt Wellbank Wooddell Starryhill Northriver Seamoor Flowermill Mallowway Silverlea Strongfall Orbarrow Bluedale Applecastle Mistshore Highmont Verthedge Fieldedge Mallowness Icenesse Newmill Freymere Rosegate Silverbarrow Bluewyn Blackbush Mallowbridge Coldville Flowerfield Deephedge Butterhill Silverwitch Fogland Brightrock Butterway Redlake Northwynne Violetfay Ostwynne Southpine Greensummer Greyice Fairsage Newley Bluedell Greenshore Wolflea Rosemill Eastcastle Erilyn Shoreburn Lochmage Westmill Southwheat Lightmere Irondeer Snowshore Wellmage Wildemarsh Stoneglass Bushgate Clearland Westerlight Stonefair Esterash Corbank Butterbush Dellwyn Oldmoor Ironshore Freyview Foxhaven Oakmere Morwall Foxvale Newby Goldwyvern Eriwall Esterfall Woodice Westvale Violetley Buttermead Valhaven Clearnesse Morwald Courtwall Ironriver Courtcastle Marbleiron Brightmere
50
Snowshore Snowshore
Newley Newley
Wolflea Wolflea
Corbank Corbank
Oldmoor Oldmoor
Lightmere Lightmere
Marbleiron Marbleiron
Eriwall Eriwall
Brightmere Brightmere
Southwheat Southwheat
Foxhaven Foxhaven
Buttermead Buttermead
Newby Newby
Irondeer Irondeer
Bushgate Bushgate
Oakmere Oakmere
Goldwyvern Goldwyvern
Westmill Westmill
Clearnesse Clearnesse
Butterbush Butterbush
Esterfall Esterfall
Ironshore Ironshore
Westerlight Westerlight
Rosemill Rosemill
Esterash Esterash
Lochmage Lochmage
Ironriver Ironriver
Stoneglass Stoneglass
Wildemarsh Wildemarsh
Morwald Morwald
Westvale Westvale
Fairsage Fairsage
Courtcastle Courtcastle
Bluedell Bluedell
Shoreburn Shoreburn
Erilyn Erilyn
Courtwall Courtwall
Violetley Violetley
Clearland Clearland
Valhaven Valhaven
Eastcastle Eastcastle
Greyice Greyice
Greenshore Greenshore
Stonefair Stonefair
Morwall Morwall
Dellwyn Dellwyn
Foxvale Foxvale
Woodice Woodice
Wellmage Wellmage
Freyview Freyview
