Clearnesse Marbleiron Courtcastle Ironriver Courtwall Morwald Valhaven Buttermead Violetley Westvale Woodice Esterfall Eriwall Goldwyvern Newby Foxvale Morwall Oakmere Foxhaven Freyview Ironshore Oldmoor Dellwyn Butterbush Corbank Esterash Stonefair Westerlight Clearland Bushgate Brightmere Stoneglass Wildemarsh Wellmage Snowshore Irondeer Lightmere Southwheat Westmill Lochmage Shoreburn Erilyn Eastcastle Rosemill Wolflea Greenshore Bluedell Newley Fairsage Greyice Greyice Fairsage Newley Bluedell Greenshore Wolflea Rosemill Eastcastle Erilyn Shoreburn Lochmage Westmill Southwheat Lightmere Irondeer Snowshore Wellmage Wildemarsh Stoneglass Brightmere Bushgate Clearland Westerlight Stonefair Esterash Corbank Butterbush Dellwyn Oldmoor Ironshore Freyview Foxhaven Oakmere Morwall Foxvale Newby Goldwyvern Eriwall Esterfall Woodice Westvale Violetley Buttermead Valhaven Morwald Courtwall Ironriver Courtcastle Marbleiron Clearnesse
25
Oldmoor Oldmoor
Woodice Woodice
Dellwyn Dellwyn
Freyview Freyview
Oakmere Oakmere
Eriwall Eriwall
Valhaven Valhaven
Newby Newby
Foxhaven Foxhaven
Morwall Morwall
Goldwyvern Goldwyvern
Corbank Corbank
Westvale Westvale
Morwald Morwald
Ironriver Ironriver
Violetley Violetley
Courtwall Courtwall
Ironshore Ironshore
Marbleiron Marbleiron
Buttermead Buttermead
Courtcastle Courtcastle
Butterbush Butterbush
Foxvale Foxvale
Esterfall Esterfall
Clearnesse Clearnesse
