129 15 41 97 29 6 43 19 7 74 36 45 4 2 46 25 16 11 48 34 1 20 53 94 24 51 62 14 3 18 81 140 21 67 23 158 84 132 60 31 9 61 69 77 90 71 64 119 162 49 76 63 123 65 37 160 108 44 70 96 118 5 28 10 22 22 100 99 30 83 59 27 124 42 56 180 82 107 57 86 47 78 8 142 122 12 17 75 87 149 141 138 102 103 98 184 33 105 115 39 80 177 126 146 88 156 171 145 32 161 73 136 134 144 68 50 147 166 166 147 174 13 92 110 154 173 173 193 193 196 196 154 157 157 110 121 153 148 101 52 52 143 35 55 165 40 40 165 55 93 95 183 182 85 117 38 155 104 104 155 164 164 38 117 133 106 178 178 181 169 169 191 179 188 66 66 194 194 188 179 185 150 135 135 190 190 150 185 191 181 106 133 85 182 183 95 114 89 137 137 172 172 89 195 120 116 116 167 58 152 91 91 200 170 170 197 197 200 152 159 159 58 109 131 131 109 130 130 167 120 195 114 93 35 143 101 148 151 151 153 176 176 192 72 79 112 112 163 163 79 72 175 26 26 127 113 54 54 113 127 175 192 121 92 13 174 50 68 144 134 136 73 161 187 128 128 187 32 199 139 139 199 145 171 156 88 146 126 177 80 39 125 125 115 105 33 168 168 184 98 103 102 138 141 149 87 75 17 12 122 142 8 78 47 86 57 107 82 180 186 186 56 42 124 198 198 27 59 83 30 99 100 10 28 189 189 5 118 96 70 44 108 160 37 65 123 63 76 49 162 119 64 71 90 77 69 61 9 31 60 132 84 158 23 67 21 140 81 18 3 14 62 51 24 94 53 20 1 34 48 11 16 25 46 2 111 111 4 45 36 74 7 19 43 6 29 97 41 15 129
66
1 1
4 4
7 7
10 10
13 13
16 16
19 19
22 22
25 25
28 28
31 31
34 34
37 37
40 40
43 43
46 46
49 49
52 52
55 55
58 58
61 61
64 64
67 67
70 70
73 73
76 76
79 79
82 82
85 85
88 88
91 91
94 94
97 97
100 100
103 103
106 106
109 109
112 112
115 115
118 118
121 121
124 124
127 127
130 130
133 133
136 136
139 139
142 142
145 145
148 148
151 151
154 154
157 157
160 160
163 163
166 166
169 169
172 172
175 175
178 178
181 181
184 184
187 187
190 190
193 193
196 196
