77 13 3 4 16 17 1 7 21 14 24 5 6 8 18 15 22 2 23 32 63 31 25 9 11 27 10 26 30 19 29 28 33 41 20 39 43 49 52 56 57 42 48 36 37 44 38 45 75 12 60 34 51 35 53 61 55 86 62 81 71 50 40 46 85 90 78 59 66 54 58 47 47 68 80 72 67 64 83 89 88 76 94 70 69 84 98 73 93 82 82 95 92 79 99 87 74 74 87 99 79 92 95 93 73 98 84 69 70 94 76 96 96 100 100 88 89 83 64 67 97 91 91 97 72 80 68 58 54 66 59 78 90 85 46 40 50 71 81 62 86 55 65 65 61 53 35 51 34 60 12 75 45 38 44 37 36 48 42 57 56 52 49 43 39 20 41 33 28 29 19 30 26 10 27 11 9 25 31 63 32 23 2 22 15 18 8 6 5 24 14 21 7 1 17 16 4 3 13 77
33
1 1
4 4
7 7
10 10
13 13
16 16
19 19
22 22
25 25
28 28
31 31
34 34
37 37
40 40
43 43
46 46
49 49
52 52
55 55
58 58
61 61
64 64
67 67
70 70
73 73
76 76
79 79
82 82
85 85
88 88
91 91
94 94
97 97
