FacultyClub BioscienceLibrary SutardjaDai Etcheverry SproulPlaza Hilgard StudentUnion UniversityHouse EarthquakeLibrary LawrenceofScience Pimentel Mulford CareerCenter HearstGym Durham Spieker OBrien FPF Library PacificFilmArchive BrainImagingCenter Morrison Wheeler Cheit Manville Jacobs Koshland EarthLibrary Investigative EnergyBuilding MediaCenter StowPlaza MartinezCommons MelvinLaboratory BancroftDance AndersenAuditorium AnthropologyLibrary Unit3 Stephens InternationalHouse OptometryLibrary IRLE SpringerGateway DonnerLaboratory ArtHistoryLibrary Sproul Warren Birge CITRIS PhysicsLibrary NewspapersLibrary CesarChavez BerkeleyWayWest MSRI TAAP HealthServices WooHonFai MathLibrary AquaticCenter Evans UpperHearstParking BancroftLibrary HearstFountain HearstFieldAnnex Underhill BerkeleyLawLibrary Campbell Davis NorthGate Giauque AlumniHouse Bowles Wellman VLSB Senior SocialLibrary Stanley EastAsianLibrary SimpsonCenter EthnicLibrary FoxCottage Hildebrand MaxwellField SEAsianLibrary IdaHouse Bechtel BanwayBuilding EngineeringLibrary Durant McCone Soda LatinAmerican VisualCenter LawSchool HearstGreekTheatre LeConte MLK Boalt Latimer FoundersRock FoundersRock Latimer Boalt MLK LeConte HearstGreekTheatre LawSchool VisualCenter LatinAmerican Soda McCone Durant EngineeringLibrary BanwayBuilding Bechtel IdaHouse SEAsianLibrary MaxwellField Hildebrand FoxCottage EthnicLibrary SimpsonCenter EastAsianLibrary Stanley SocialLibrary Senior VLSB Wellman Bowles AlumniHouse Giauque NorthGate Davis Campbell BerkeleyLawLibrary Underhill HearstFieldAnnex HearstFountain BancroftLibrary UpperHearstParking Evans AquaticCenter MathLibrary WooHonFai HealthServices TAAP MSRI BerkeleyWayWest CesarChavez NewspapersLibrary PhysicsLibrary CITRIS Birge Warren Sproul ArtHistoryLibrary DonnerLaboratory SpringerGateway IRLE OptometryLibrary InternationalHouse Stephens Unit3 AnthropologyLibrary AndersenAuditorium BancroftDance MelvinLaboratory MartinezCommons StowPlaza MediaCenter EnergyBuilding Investigative EarthLibrary Koshland Jacobs Manville Cheit Wheeler Morrison BrainImagingCenter PacificFilmArchive Library FPF OBrien Spieker Durham HearstGym CareerCenter Mulford Pimentel LawrenceofScience EarthquakeLibrary UniversityHouse StudentUnion Hilgard SproulPlaza Etcheverry SutardjaDai BioscienceLibrary FacultyClub
50
FacultyClub FacultyClub
BioscienceLibrary BioscienceLibrary
SutardjaDai SutardjaDai
Etcheverry Etcheverry
SproulPlaza SproulPlaza
Hilgard Hilgard
StudentUnion StudentUnion
EarthquakeLibrary EarthquakeLibrary
UniversityHouse UniversityHouse
LawrenceofScience LawrenceofScience
Pimentel Pimentel
Mulford Mulford
CareerCenter CareerCenter
HearstGym HearstGym
Durham Durham
OBrien OBrien
Library Library
Spieker Spieker
FPF FPF
PacificFilmArchive PacificFilmArchive
BrainImagingCenter BrainImagingCenter
Morrison Morrison
Wheeler Wheeler
Cheit Cheit
Manville Manville
Koshland Koshland
Jacobs Jacobs
Investigative Investigative
EarthLibrary EarthLibrary
EnergyBuilding EnergyBuilding
MediaCenter MediaCenter
StowPlaza StowPlaza
MartinezCommons MartinezCommons
MelvinLaboratory MelvinLaboratory
BancroftDance BancroftDance
AndersenAuditorium AndersenAuditorium
Unit3 Unit3
AnthropologyLibrary AnthropologyLibrary
Stephens Stephens
InternationalHouse InternationalHouse
OptometryLibrary OptometryLibrary
IRLE IRLE
SpringerGateway SpringerGateway
DonnerLaboratory DonnerLaboratory
ArtHistoryLibrary ArtHistoryLibrary
Sproul Sproul
Birge Birge
CITRIS CITRIS
NewspapersLibrary NewspapersLibrary
Warren Warren
