FacultyClub BioscienceLibrary SutardjaDai Etcheverry SproulPlaza Hilgard StudentUnion EarthquakeLibrary LawrenceofScience UniversityHouse Pimentel Mulford CareerCenter HearstGym Durham OBrien Library Spieker FPF PacificFilmArchive BrainImagingCenter Morrison Cheit Wheeler Koshland Manville Jacobs Investigative EarthLibrary MediaCenter EnergyBuilding StowPlaza MelvinLaboratory MartinezCommons BancroftDance AndersenAuditorium Unit3 Stephens AnthropologyLibrary InternationalHouse OptometryLibrary SpringerGateway IRLE DonnerLaboratory ArtHistoryLibrary Sproul Birge CITRIS NewspapersLibrary Warren Warren NewspapersLibrary CITRIS Birge Sproul ArtHistoryLibrary DonnerLaboratory IRLE SpringerGateway OptometryLibrary InternationalHouse AnthropologyLibrary Stephens Unit3 AndersenAuditorium BancroftDance MartinezCommons MelvinLaboratory StowPlaza EnergyBuilding MediaCenter EarthLibrary Investigative Jacobs Manville Koshland Wheeler Cheit Morrison BrainImagingCenter PacificFilmArchive FPF Spieker Library OBrien Durham HearstGym CareerCenter Mulford Pimentel UniversityHouse LawrenceofScience EarthquakeLibrary StudentUnion Hilgard SproulPlaza Etcheverry SutardjaDai BioscienceLibrary FacultyClub
25
FacultyClub FacultyClub
BioscienceLibrary BioscienceLibrary
SutardjaDai SutardjaDai
Etcheverry Etcheverry
SproulPlaza SproulPlaza
Hilgard Hilgard
StudentUnion StudentUnion
EarthquakeLibrary EarthquakeLibrary
UniversityHouse UniversityHouse
LawrenceofScience LawrenceofScience
Pimentel Pimentel
Mulford Mulford
CareerCenter CareerCenter
HearstGym HearstGym
Durham Durham
OBrien OBrien
Library Library
Spieker Spieker
FPF FPF
PacificFilmArchive PacificFilmArchive
BrainImagingCenter BrainImagingCenter
Morrison Morrison
Wheeler Wheeler
Cheit Cheit
Manville Manville
