FacultyClub Evans PhysicsLibrary EastAsianLibrary HealthServices FPF Library BancroftLibrary SutardjaDai MLK Bowles AquaticCenter Bechtel BrainImagingCenter SocialLibrary Manville TAAP Pimentel NorthGate EarthLibrary Underhill Etcheverry SproulPlaza LawrenceofScience AnthropologyLibrary StudentUnion Architects Senior EthnicLibrary MelvinLaboratory Investigative MediaCenter Hilgard HearstGreekTheatre StowPlaza Davis SimpsonCenter Latimer SummerSession MaxwellField AndersenAuditorium VisualCenter PacificFilmArchive MartinezCommons UniversityHouse VLSB HearstFountain BioscienceLibrary Jacobs OptometryLibrary NewspapersLibrary HearstFieldAnnex McCone ArtHistoryLibrary Durham HaasClubhouse Unit3 BerkeleyWayWest FoundersRock Warren Durant Soda CareerCenter Wheeler Wellman EnergyBuilding OBrien Stephens Birge LeConte SpringerGateway IRLE BancroftDance Giauque Mulford AlumniHouse Boalt LawSchool MSRI Koshland MathLibrary Sproul CITRIS Spieker Morrison EarthquakeLibrary FacultyClub
83
FacultyClub FacultyClub
BioscienceLibrary BioscienceLibrary
SutardjaDai SutardjaDai
Etcheverry Etcheverry
SproulPlaza SproulPlaza
Hilgard Hilgard DonnerLaboratory
StudentUnion StudentUnion
EarthquakeLibrary EarthquakeLibrary
UniversityHouse UniversityHouse CesarChavez
LawrenceofScience LawrenceofScience
Pimentel Pimentel HearstGym
Mulford Mulford Hildebrand
CareerCenter CareerCenter
Durham Durham
OBrien OBrien
Library Library
Spieker Spieker
FPF FPF
PacificFilmArchive PacificFilmArchive Cheit
BrainImagingCenter BrainImagingCenter WooHonFai
Morrison Morrison
Wheeler Wheeler
Manville Manville
Koshland Koshland
Jacobs Jacobs
Investigative Investigative
EarthLibrary EarthLibrary
EnergyBuilding EnergyBuilding IdaHouse
MediaCenter MediaCenter UpperHearstParking
StowPlaza StowPlaza
MartinezCommons MartinezCommons
MelvinLaboratory MelvinLaboratory
BancroftDance BancroftDance
AndersenAuditorium AndersenAuditorium
Unit3 Unit3
AnthropologyLibrary AnthropologyLibrary
Stephens Stephens
Davis InternationalHouse Davis FoxCottage
OptometryLibrary OptometryLibrary
IRLE IRLE Campbell
SpringerGateway SpringerGateway
ArtHistoryLibrary ArtHistoryLibrary
Sproul Sproul BanwayBuilding
Birge Birge
CITRIS CITRIS BerkeleyLawLibrary
NewspapersLibrary NewspapersLibrary
Warren Warren
PhysicsLibrary PhysicsLibrary
BerkeleyWayWest BerkeleyWayWest LatinAmerican
MSRI MSRI
HealthServices HealthServices
TAAP TAAP
MathLibrary MathLibrary
AquaticCenter AquaticCenter
Evans Evans
BancroftLibrary BancroftLibrary
HearstFieldAnnex HearstFieldAnnex
HearstFountain HearstFountain Stanley
Underhill Underhill
NorthGate NorthGate
Giauque Giauque
AlumniHouse AlumniHouse
Bowles Bowles
Wellman Wellman
VLSB VLSB
Senior Senior
SocialLibrary SocialLibrary
EastAsianLibrary EastAsianLibrary
SimpsonCenter SimpsonCenter
EthnicLibrary EthnicLibrary
MaxwellField MaxwellField
FoundersRock SEAsianLibrary EngineeringLibrary FoundersRock
Bechtel Bechtel
Durant Durant
Soda Soda
McCone McCone
VisualCenter VisualCenter
LawSchool LawSchool
LeConte LeConte
HearstGreekTheatre HearstGreekTheatre
MLK MLK
Boalt Boalt
Latimer Latimer
