1 2 15 42 13 5 30 27 19 55 3 14 22 9 33 7 31 34 12 16 21 53 4 10 8 79 20 45 35 39 61 37 24 11 58 17 50 28 32 87 47 6 54 51 36 63 38 108 41 56 72 43 66 68 69 64 106 86 18 81 78 57 52 46 89 48 26 60 62 92 74 75 65 29 109 80 70 40 44 59 112 49 67 82 139 77 25 97 110 88 84 100 113 134 122 99 125 94 71 23 104 73 185 91 111 90 85 119 131 163 105 136 98 140 96 95 76 102 117 114 118 116 127 127 146 101 115 133 148 126 159 161 93 120 132 141 135 129 179 177 123 158 143 143 162 149 107 128 200 191 151 152 175 142 130 199 173 121 165 165 121 164 124 195 172 160 190 137 176 153 150 144 192 186 186 187 103 103 154 171 194 169 167 83 83 167 174 196 196 174 169 180 180 194 171 181 181 154 198 183 183 198 187 192 144 166 170 178 178 189 189 197 197 170 166 150 157 157 153 182 182 188 138 138 184 184 193 193 188 176 137 190 160 172 195 124 164 173 199 130 142 147 147 175 152 151 191 200 128 168 168 107 149 162 158 123 177 179 129 156 156 135 141 132 120 93 161 159 126 148 133 115 101 146 116 118 114 117 102 145 145 155 155 76 95 96 140 98 136 105 163 131 119 85 90 111 91 185 73 104 23 71 94 125 99 122 134 113 100 84 88 110 97 25 77 139 82 67 49 112 59 44 40 70 80 109 29 65 75 74 92 62 60 26 48 89 46 52 57 78 81 18 86 106 64 69 68 66 43 72 56 41 108 38 63 36 51 54 6 47 87 32 28 50 17 58 11 24 37 61 39 35 45 20 79 8 10 4 53 21 16 12 34 31 7 33 9 22 14 3 55 19 27 30 5 13 42 15 2 1
100
2 2
3 3
4 4
5 5
6 6
7 7
8 8
9 9
10 10
11 11
12 12
13 13
14 14
15 15
16 16
17 17
18 18
19 19
20 20
21 21
22 22
23 23
24 24
25 25
26 26
27 27
28 28
29 29
30 30
31 31
32 32
33 33
34 34
35 35
36 36
37 37
38 38
39 39
40 40
41 41
42 42
43 43
44 44
45 45
46 46
47 47
48 48
49 49
50 50
51 51
52 52
53 53
54 54
55 55
56 56
57 57
58 58
59 59
60 60
61 61
62 62
63 63
64 64
65 65
66 66
67 67
68 68
69 69
70 70
71 71
72 72
73 73
74 74
75 75
76 76
77 77
78 78
79 79
80 80
81 81
82 82
83 83
84 84
85 85
86 86
87 87
88 88
89 89
90 90
91 91
92 92
93 93
94 94
95 95
96 96
97 97
98 98
99 99
100 100
101 101
