1 2 15 5 3 18 17 6 16 62 9 12 13 60 30 20 8 45 27 21 10 35 23 31 40 22 47 38 19 11 48 28 7 43 4 14 42 46 26 32 33 25 52 100 24 44 51 29 41 49 71 36 55 58 53 59 34 39 75 67 56 86 61 61 63 57 66 77 68 73 72 64 93 37 95 84 81 74 74 98 54 54 76 76 87 87 89 79 91 69 94 65 82 82 88 88 65 78 70 70 90 90 96 96 78 94 69 91 79 89 98 81 84 95 37 93 64 80 80 92 92 72 99 83 83 99 73 68 77 66 85 85 57 63 97 97 86 56 67 75 39 34 59 53 58 55 36 71 49 41 50 50 29 51 44 24 100 52 25 33 32 26 46 42 14 4 43 7 28 48 11 19 38 47 22 40 31 23 35 10 21 27 45 8 20 30 60 13 12 9 62 16 6 17 18 3 5 15 2 1
50
2 2
3 3
4 4
5 5
6 6
7 7
8 8
9 9
10 10
11 11
12 12
13 13
14 14
15 15
16 16
17 17
18 18
19 19
20 20
21 21
22 22
23 23
24 24
25 25
26 26
27 27
28 28
29 29
30 30
31 31
32 32
33 33
34 34
35 35
36 36
37 37
38 38
39 39
40 40
41 41
42 42
43 43
44 44
45 45
46 46
47 47
48 48
49 49
50 50
51 51
