33 20 15 15 73 42 56 18 36 53 71 48 48 71 53 79 37 38 24 41 32 6 81 61 61 81 6 13 98 11 14 9 3 55 49 7 35 5 43 26 76 64 86 60 31 16 29 77 77 29 39 82 40 40 82 39 94 25 25 47 47 94 16 22 2 2 59 93 67 54 30 30 84 84 54 57 57 69 34 34 62 62 88 50 19 44 58 58 70 70 44 99 99 19 50 88 69 67 93 59 22 31 60 86 64 76 26 43 5 80 28 28 72 72 87 87 80 92 92 35 78 78 7 49 55 3 10 90 68 4 4 68 90 10 74 74 9 21 45 46 75 75 91 91 46 45 21 63 12 12 17 27 23 1 96 96 1 23 66 66 27 85 95 100 100 95 85 17 63 89 89 97 8 8 97 14 11 51 51 83 83 98 13 32 41 24 52 65 65 52 38 37 79 36 18 56 42 73 20 33
50
60 60
31 31
17 17
80 80
79 79
68 68
61 61
89 89
13 13
9 9
63 63
8 8
5 5
100 100
20 20
19 19
22 22
34 34
7 7
50 50
94 94
86 86
26 26
30 30
54 54
10 10
42 42
23 23
95 95
15 15
67 67
35 35
64 64
2 2
88 88
47 47
75 75
29 29
40 40
82 82
57 57
97 97
65 65
69 69
11 11
12 12
48 48
52 52
51 51
25 25
