159 5 33 75 37 46 49 136 71 15 129 41 20 24 193 8 167 1 39 39 94 108 38 113 113 38 50 29 88 131 44 4 149 23 181 100 59 147 40 40 73 73 101 25 45 72 7 117 48 141 32 79 3 3 57 63 13 16 84 56 14 97 126 172 18 18 119 67 162 96 78 78 96 191 191 162 67 86 86 119 152 19 137 53 163 132 132 163 168 90 90 187 68 68 135 135 187 195 118 160 160 118 157 157 195 168 53 76 151 151 184 105 105 165 65 26 26 51 148 47 182 153 93 70 70 154 2 125 125 2 179 179 154 93 153 182 47 148 51 98 98 144 144 186 186 65 183 183 165 184 76 85 54 115 115 200 10 66 36 17 133 171 69 138 81 28 9 31 114 35 198 198 35 92 116 116 158 74 185 185 74 99 99 102 12 12 82 82 123 123 102 170 42 55 55 42 170 158 189 107 130 64 156 52 6 164 43 43 164 197 106 106 197 6 52 156 177 111 34 34 128 128 111 174 174 177 64 192 192 130 134 120 120 134 107 189 92 175 103 150 150 103 175 114 124 124 31 9 28 30 11 104 104 11 62 62 143 143 30 81 138 155 155 69 171 173 27 145 145 166 121 121 166 169 169 27 173 133 161 161 17 36 66 10 200 54 188 61 127 80 80 109 180 122 122 180 109 112 112 142 142 146 146 127 61 188 85 176 58 58 176 137 19 152 172 126 97 140 77 190 190 77 140 14 56 84 178 178 16 13 63 95 22 22 95 57 79 32 110 110 141 48 117 7 72 45 25 101 147 59 139 91 87 87 91 139 199 199 100 181 194 21 21 194 23 149 4 60 196 196 60 83 83 44 131 88 29 50 108 94 1 167 8 193 24 20 41 129 15 71 136 49 46 37 89 89 75 33 5 159
100
122 122
43 43
157 157
169 169
100 100
128 128
36 36
134 134
15 15
32 32
86 86
146 146
101 101
107 107
76 76
93 93
35 35
77 77
72 72
126 126
193 193
132 132
185 185
63 63
47 47
52 52
116 116
71 71
46 46
65 65
172 172
45 45
138 138
158 158
2 2
97 97
79 79
137 137
174 174
98 98
31 31
17 17
51 51
85 85
64 64
106 106
10 10
120 120
199 199
53 53
21 21
191 191
41 41
38 38
180 180
114 114
37 37
96 96
190 190
74 74
61 61
26 26
133 133
121 121
155 155
99 99
4 4
13 13
87 87
3 3
111 111
24 24
82 82
181 181
145 145
28 28
34 34
178 178
48 48
140 140
156 156
165 165
148 148
154 154
102 102
7 7
14 14
11 11
40 40
59 59
139 139
123 123
109 109
167 167
22 22
200 200
192 192
60 60
6 6
88 88
