K A B E C F D G I J L H M N P T Q O R U V X S AB AA W Y Z AC AG AD AI AE AF AH AK AJ AL AP AN AO AR AM AQ AS AV AT AX AU AW AZ AY BB BC BA BF BD BE BG BH BI BJ BM BN BK BL BP BQ BO BT BR BS BU BW BV BX BY BZ CB CA CD CE CC CF CN CH CG CJ CI CL CK CM CO CP CQ CR DA CS CU CV CT DC DF DD DG DB DE DH DK DM DI DL DJ DN DO DP DT DS DQ DR DW DU DV EA EB DY DX DZ EC ED EJ EE EH EF EI EL EM EG EQ EN EK EP EO ER ES EV EW EU ET EX EY FB FA EZ FC FE FD FF FG FH FI FN FK FL FM FP FJ FO FQ FR FS FT FU FV FW FX FZ GA FY GB GC GD GG GE GF GL GI GH GJ GK GM GN GO GP GS GR GU GT GQ GQ GV GV GT GU GR GS GP GO GN GM GK GJ GH GI GL GF GE GG GD GC GB FY GA FZ FX FW FV FU FT FS FR FQ FO FJ FP FM FL FK FN FI FH FG FF FD FE FC EZ FA FB EY EX ET EU EW EV ES ER EO EP EK EN EQ EG EM EL EI EF EH EE EJ ED EC DZ DX DY EB EA DV DU DW DR DQ DS DT DP DO DN DJ DL DI DM DK DH DE DB DG DD DF DC CT CV CU CS DA CR CQ CP CO CM CK CL CI CJ CG CH CN CF CC CE CD CA CB BZ BY BX BV BW BU BS BR BT BO BQ BP BL BK BN BM BJ BI BH BG BE BD BF BA BC BB AY AZ AW AU AX AT AV AS AQ AM AR AO AN AP AL AJ AK AH AF AE AI AD AG AC Z Y W AA AB S X V U R O Q T P N M H L J I G D F C E B A K
100
A A
B B
C C
D D
E E
F F
G G
H H
I I
J J
K K
L L
M M
N N
O O
P P
Q Q
R R
S S
T T
U U
V V
W W
X X
Y Y
Z Z
AA AA
AB AB
AC AC
AD AD
AE AE
AF AF
AG AG
AH AH
AI AI
AJ AJ
AK AK
AL AL
AM AM
AN AN
AO AO
AP AP
AQ AQ
AR AR
AS AS
AT AT
AU AU
AV AV
AW AW
AX AX
AY AY
AZ AZ
BA BA
BB BB
BC BC
BD BD
BE BE
BF BF
BG BG
BH BH
BI BI
BJ BJ
BK BK
BL BL
BM BM
BN BN
BO BO
BP BP
BQ BQ
BR BR
BS BS
BT BT
BU BU
BV BV
BW BW
BX BX
BY BY
BZ BZ
CA CA
CB CB
CC CC
CD CD
CE CE
CF CF
CG CG
CH CH
CI CI
CJ CJ
CK CK
CL CL
CM CM
CN CN
CO CO
CP CP
CQ CQ
CR CR
CS CS
CT CT
CU CU
CV CV
