IIII1I1 lll1lII IIIlI1l 11I1Ill IIII1ll 1lIIl11 IIl1l11 IIllIl1 lI11l1l lI111l1 III1lII 1ll1llI 1IlII1I 1l111II I1I11I1 lIlllll 1IIII1I Il1llIl I1lIlI1 11IIl1I 1lI11l1 11I1lll l1IlIII llI1IlI IlllI11 lIIIllI lIll1I1 IIlIIII IIIllll 11IllIl 11lI11I l1IlIl1 Il1I11l I1I1111 l1III1l 1lI11I1 I1I111I II111I1 lI1l1II lII1lll IIlIlI1 lII1I11 Il111l1 llIIl1l II1I1Il llIl1II II1IIl1 I11IIlI 1IIlIIl 1IIlIIl I11IIlI IIl11ll IIl11ll II1IIl1 llIl1II II1I1Il llIIl1l Il111l1 lII1I11 IIlIlI1 lII1lll lI1l1II II111I1 I1I111I 1lI11I1 l1III1l I1I1111 Il1I11l l1IlIl1 11lI11I 11IllIl IIIllll IIlIIII lIll1I1 lIIIllI IlllI11 llI1IlI l1IlIII 11I1lll 1lI11l1 11IIl1I I1lIlI1 Il1llIl 1IIII1I lIlllll I1I11I1 1l111II 1IlII1I 1ll1llI III1lII lI111l1 lI11l1l IIllIl1 IIl1l11 1lIIl11 IIII1ll 11I1Ill IIIlI1l lll1lII IIII1I1
25
I1I111I I1I111I
lIlllll lIlllll
1lI11l1 1lI11l1
l1IlIII l1IlIII
1IIlIIl 1IIlIIl
11I1lll 11I1lll
l1IlIl1 l1IlIl1
11IIl1I 11IIl1I
11I1Ill 11I1Ill
lI1l1II lI1l1II
I11IIlI I11IIlI
IIllIl1 IIllIl1
11lI11I 11lI11I
IIII1ll IIII1ll
lIIIllI lIIIllI
lI11l1l lI11l1l
1IlII1I 1IlII1I
I1I1111 I1I1111
II111I1 II111I1
IIlIIII IIlIIII
lII1I11 lII1I11
III1lII III1lII
IlllI11 IlllI11
II1I1Il II1I1Il
IIlIlI1 IIlIlI1
