lllIl1I l1IIl1l 1lllIII 11lI11I I1lIlII Ill11I1 ll111ll IlI1II1 llIlIIl IIllI1l 1I1I1l1 Il1II11 lll1111 lllllII lI1l111 l1III1I II1Il1I 11lII11 l1lll11 II11l1l II1lll1 I11lIlI I111ll1 l1l1l1l I1ll1II Il1Il1I lIllIll 1Illl1l 1111I11 11IIII1 1I1l1Il 11l1ll1 IllII1I 1III1ll l1lllll 1IlIl1I 11I1llI 111l1II 1llI111 IllI1ll Ill1I11 1Il1lIl IIlIllI lllIIlI Ill11II 11Il1l1 1ll1ll1 Il1l1ll lIIl11l IlI1Il1 l11llll III111I l1IllI1 I1llII1 I1Ill1I lIl111I 1l11lII l1Ill11 IlI1lII I11I11l IlIl1I1 IIlI1lI Il11II1 IIl1l1I 1I11Ill 11Il111 1lIl11I 11111lI lll1I1l I11111l IlIIIIl III1llI l1I111I I11I111 I11lI1I 1I1I1lI I111I1I 1I1lllI lII111l 11IIIl1 llIIII1 1Ill1II lIlllIl 1I1IIIl lI1Ill1 llI1lII lI1lII1 lI11III 1l1IIIl 1l1lIlI IIl111I 1l11III I1llll1 1I11lll l1l11l1 lIIlII1 1lll1lI IllIlII 111lI1I 111lI1I IllIlII IIlI11l IIlI11l 1lll1lI lIIlII1 l1l11l1 1I11lll I1llll1 1l11III IIl111I 1l1lIlI 1l1IIIl lI11III lI1lII1 llI1lII lI1Ill1 1I1IIIl lIlllIl 1Ill1II llIIII1 11IIIl1 lII111l 1I1lllI I111I1I 1I1I1lI I11lI1I I11I111 l1I111I III1llI IlIIIIl I11111l lll1I1l 11111lI 1lIl11I 11Il111 1I11Ill IIl1l1I Il11II1 IIlI1lI IlIl1I1 I11I11l IlI1lII l1Ill11 1l11lII lIl111I I1Ill1I I1llII1 l1IllI1 III111I l11llll IlI1Il1 lIIl11l Il1l1ll 1ll1ll1 11Il1l1 Ill11II lllIIlI IIlIllI 1Il1lIl Ill1I11 IllI1ll 1llI111 111l1II 11I1llI 1IlIl1I l1lllll 1III1ll IllII1I 11l1ll1 1I1l1Il 11IIII1 1111I11 1Illl1l lIllIll Il1Il1I I1ll1II l1l1l1l I111ll1 I11lIlI II1lll1 II11l1l l1lll11 11lII11 II1Il1I l1III1I lI1l111 lllllII lll1111 Il1II11 1I1I1l1 IIllI1l llIlIIl IlI1II1 ll111ll Ill11I1 I1lIlII 11lI11I 1lllIII l1IIl1l lllIl1I
50
lI11III lI11III
lIl111I lIl111I
Ill1I11 Ill1I11
lIIl11l lIIl11l
II1Il1I II1Il1I
I11111l I11111l
II11l1l II11l1l
lII111l lII111l
Il1Il1I Il1Il1I
ll111ll ll111ll
l1IllI1 l1IllI1
11111lI 11111lI
l1l11l1 l1l11l1
1l11lII 1l11lII
11lI11I 11lI11I
l1I111I l1I111I
llIIII1 llIIII1
lIIlII1 lIIlII1
I1ll1II I1ll1II
Ill11II Ill11II
lll1I1l lll1I1l
11IIII1 11IIII1
111lI1I 111lI1I
l1lllll l1lllll
lI1l111 lI1l111
IIl1l1I IIl1l1I
1I1l1Il 1I1l1Il
1I11Ill 1I11Ill
IIlIllI IIlIllI
1llI111 1llI111
I11I111 I11I111
I11I11l I11I11l
1l1lIlI 1l1lIlI
I1llII1 I1llII1
I1llll1 I1llll1
l1Ill11 l1Ill11
IlI1Il1 IlI1Il1
1IlIl1I 1IlIl1I
llI1lII llI1lII
III1llI III1llI
IlI1II1 IlI1II1
l1lll11 l1lll11
1I1I1lI 1I1I1lI
1I1lllI 1I1lllI
l1IIl1l l1IIl1l
lIllIll lIllIll
1lIl11I 1lIl11I
I111I1I I111I1I
III111I III111I
1I1I1l1 1I1I1l1
