36 0 47 47 0 1 43 43 1 2 81 81 2 3 91 91 3 4 68 68 4 5 87 87 5 6 26 26 6 7 82 82 7 8 65 65 8 9 48 48 9 10 72 72 10 11 38 38 11 12 77 77 12 13 29 29 13 14 41 41 14 15 97 97 15 16 28 28 16 17 57 57 17 18 23 23 18 19 31 31 19 20 76 76 20 21 53 53 21 22 56 56 22 24 80 80 24 25 86 86 25 27 61 61 27 30 94 94 30 32 39 39 60 60 32 33 73 73 33 34 62 62 34 35 96 96 35 37 84 84 37 40 93 93 40 42 69 69 42 44 63 63 44 45 46 46 45 49 59 59 49 50 90 90 50 51 64 64 51 52 89 89 52 54 98 98 54 55 85 85 55 58 99 99 58 66 67 67 66 70 88 88 70 71 95 95 71 74 79 79 74 75 78 78 75 83 92 92 83 36
50
0 0
4 4
5 5
6 6
7 7
10 10
11 11
15 15
16 16
17 17
18 18
19 19
21 21
25 25
29 29
30 30
34 34
35 35
37 37
39 39
40 40
41 41
42 42
43 43
44 44
45 45
48 48
50 50
51 51
55 55
56 56
58 58
59 59
60 60
61 61
65 65
66 66
71 71
73 73
74 74
76 76
77 77
78 78
80 80
81 81
88 88
89 89
91 91
92 92
98 98
