50 0 160 160 0 1 39 39 1 2 23 23 2 3 29 29 3 4 114 114 4 5 187 187 5 6 161 161 6 7 135 135 7 8 41 41 8 9 174 174 9 10 196 196 10 11 176 176 11 12 85 85 12 13 159 159 13 14 122 122 14 15 51 51 15 16 117 117 16 17 92 92 17 18 188 188 18 19 169 169 19 20 76 76 20 21 31 31 21 22 101 101 22 24 107 107 24 25 132 132 25 26 38 38 26 27 152 152 27 28 129 129 28 30 64 64 30 32 136 136 32 33 102 102 33 34 112 112 34 35 86 86 35 36 42 42 36 37 80 80 37 40 191 191 40 43 197 197 43 44 105 105 44 45 55 55 45 46 180 180 46 47 194 194 47 48 162 162 48 49 168 168 49 52 108 108 52 53 106 106 53 54 75 75 54 56 74 74 56 57 183 183 57 58 170 170 58 59 182 182 59 60 115 115 60 61 116 116 61 63 99 99 63 65 198 198 65 66 156 156 66 67 111 111 67 68 128 128 68 69 79 79 69 70 110 110 70 71 91 91 71 72 172 172 72 73 153 153 73 77 87 87 77 78 167 167 78 81 155 155 81 82 149 149 82 83 193 193 83 88 97 97 88 89 93 93 89 90 123 123 90 94 125 125 94 95 186 186 95 96 154 154 96 98 133 133 98 100 195 195 100 103 138 138 103 104 181 181 104 109 62 62 84 84 109 113 166 166 113 118 192 192 118 119 157 157 119 120 189 189 120 121 173 173 121 124 137 137 124 126 140 140 126 127 130 130 127 131 179 179 131 134 151 151 134 139 175 175 139 141 178 178 141 142 165 165 142 143 199 199 143 144 171 171 144 145 177 177 145 146 163 163 146 147 158 158 147 148 184 184 148 150 164 164 150 185 190 190 185 50
100
0 0
1 1
4 4
7 7
9 9
10 10
13 13
14 14
18 18
23 23
25 25
27 27
29 29
30 30
31 31
36 36
38 38
40 40
41 41
44 44
47 47
49 49
51 51
53 53
54 54
55 55
56 56
57 57
61 61
62 62
69 69
71 71
76 76
77 77
78 78
80 80
81 81
82 82
83 83
84 84
85 85
86 86
88 88
89 89
92 92
96 96
99 99
101 101
102 102
107 107
108 108
110 110
111 111
112 112
113 113
115 115
117 117
118 118
120 120
121 121
123 123
124 124
125 125
126 126
127 127
128 128
129 129
133 133
134 134
136 136
138 138
139 139
141 141
142 142
143 143
144 144
146 146
147 147
148 148
153 153
156 156
157 157
161 161
162 162
164 164
169 169
170 170
172 172
176 176
177 177
179 179
180 180
181 181
182 182
185 185
186 186
187 187
195 195
197 197
198 198
