Satish LU68 W6YZ5IB 4FEG GH8C H35F ZMQ5BH 01G9IQ2 2GEII6 ZZACWP NP5A5 HE0R1EZN9 3IXHQXHYBV 9J84 FPZT 7DPM9 VSEMBLQ7O3 HM48FZD0 KBI1CALMNJ 7T8I47 08W7NAP6G 7HSLUFQG 6DSNDY 7622OJ OEMHKCHOT LTI99R GILAN21GR3 11NACH2LP JA1QYGQ0N9 BRG51KM DYYG23O 79KTC8AS9 CPB2G EBO9YD47 ZMZIWZ AV4KL LM7KL5G3V FU90E VG9H9B 02X2C 26PG FM2G14H8I 8TH7QVQY 2JLZE ZRI9UW CXQDH6YMZ8 2B1K6EW9CL QW15YTSV OWZ42C5 DNIV2BOR2P BQ5OUI A8WYICH3 A2H6A9I 4UE11 KUDS KRTUQM E37ZKA8WK 6PVQIBNB9 DST5W4G0 ZE5CVXXZC 2841 R5XAD9J7 4P0LGP0 5Q8CRZ2VCM YDG8AEOM 4C88SXD CV6NHW7M 4TME 9PCUL07FJ OOAS YSEDVWTUST G4QE3I 29D6AOX 3J6SSA S9D1BZACEW O44VZ RA0QQI4 HBQM42U RN53CTZ UDBFED 8UPUEGO GKMO7E 4OJB6 Y99D5Y12 CS9HHJ2XP 8AEKBAKS 91ZONFE R4DHH1KAWR 9QJRN RP28W1 A118 9K8PLAET KCOFJD X9MIV9 DDB26ZHC GN4G0L2 M71OYIS 9V10EOH I38TH1O GLUWC CB93 NN7ZEA P5F5G S4XB7I2C 5HULMUDLAQ Q7ZEY ARTWTP9 ET82NVH9 F3KYKRQW6 4RGA C8WREP 0TRB9358 J7EUOPWQ EEZS E2DHWGC FM2HEMVR1 MLKOJ VGYKKKOFLZ JX6GCY H41HZ6 SMKUVHVP IHN21LA4 GNVXN EFIKTK4Y0Y QUFALN YR1G5AYFJ GT9LU XV55 2BLLD3SK PMXEOGGIQ FGYJ1J 7GAD3F H1LQ91V PFQFEJGD4C I49ID ALEI6N LBR67PCKBJ 5XYO ETB2 1UCE L7QS0UEPJ M649OA YSRPP ZH2INF 3WJYJDDU JHMI U7WDA2Z1 J2ETZ1C 6VVS6 0ZW9ZBMKBT B690 716QJY 6Z9AYLO E9DZLL G90OCSZY 21841CIYO M35E YJYOMJ6A AKDE80E0B B3R68HYWZ 2P6O4RH0 5T3W HQG39M MXJIYJYNH4 LQQ5IH ZVKJMH7669 PUW25N 43IK3HR83 I2GUQ1XYTA VOAV 7RUMCGSI 7YZ45UL88 FIMPNJZ71 PIW6IC50D 8MDFNIK8AY SQLSVN XU4IP5J LUQ3 ETNCY9XH2 GE62L 4VE7V LI4EXO81 P6RI91D87 WCKDX DX16SQ Q7Z37G5 G7PWWJ VIMVIHOY 2CUB41BE E5HD L2MG8NMU W71YV1R66L FWM5C 01QU J3H3CKHTS NL759YK8J CKNDWG QWHT YU3U1T YQB2CII950 YQB2CII950 YU3U1T QWHT CKNDWG NL759YK8J J3H3CKHTS 01QU FWM5C W71YV1R66L L2MG8NMU E5HD 2CUB41BE VIMVIHOY G7PWWJ Q7Z37G5 DX16SQ WCKDX P6RI91D87 LI4EXO81 4VE7V GE62L ETNCY9XH2 LUQ3 XU4IP5J SQLSVN 8MDFNIK8AY PIW6IC50D FIMPNJZ71 7YZ45UL88 7RUMCGSI VOAV I2GUQ1XYTA 43IK3HR83 PUW25N ZVKJMH7669 LQQ5IH MXJIYJYNH4 HQG39M 5T3W 2P6O4RH0 B3R68HYWZ AKDE80E0B YJYOMJ6A M35E 21841CIYO G90OCSZY E9DZLL 6Z9AYLO 716QJY B690 0ZW9ZBMKBT 6VVS6 J2ETZ1C U7WDA2Z1 JHMI 3WJYJDDU ZH2INF YSRPP M649OA L7QS0UEPJ 1UCE ETB2 5XYO LBR67PCKBJ ALEI6N I49ID PFQFEJGD4C H1LQ91V 7GAD3F FGYJ1J PMXEOGGIQ 2BLLD3SK XV55 GT9LU YR1G5AYFJ QUFALN EFIKTK4Y0Y GNVXN IHN21LA4 SMKUVHVP H41HZ6 JX6GCY VGYKKKOFLZ MLKOJ FM2HEMVR1 E2DHWGC EEZS J7EUOPWQ 0TRB9358 C8WREP 4RGA F3KYKRQW6 ET82NVH9 ARTWTP9 Q7ZEY 5HULMUDLAQ S4XB7I2C P5F5G NN7ZEA CB93 GLUWC I38TH1O 9V10EOH M71OYIS GN4G0L2 DDB26ZHC X9MIV9 KCOFJD 9K8PLAET A118 RP28W1 9QJRN R4DHH1KAWR 91ZONFE 8AEKBAKS CS9HHJ2XP Y99D5Y12 4OJB6 GKMO7E 8UPUEGO UDBFED RN53CTZ HBQM42U RA0QQI4 O44VZ S9D1BZACEW 3J6SSA 29D6AOX G4QE3I YSEDVWTUST OOAS 9PCUL07FJ 4TME CV6NHW7M 4C88SXD YDG8AEOM 5Q8CRZ2VCM 4P0LGP0 R5XAD9J7 2841 ZE5CVXXZC DST5W4G0 6PVQIBNB9 E37ZKA8WK KRTUQM KUDS 4UE11 A2H6A9I A8WYICH3 BQ5OUI DNIV2BOR2P OWZ42C5 QW15YTSV 2B1K6EW9CL CXQDH6YMZ8 ZRI9UW 2JLZE 8TH7QVQY FM2G14H8I 26PG 02X2C VG9H9B FU90E LM7KL5G3V AV4KL ZMZIWZ EBO9YD47 CPB2G 79KTC8AS9 DYYG23O BRG51KM JA1QYGQ0N9 11NACH2LP GILAN21GR3 LTI99R OEMHKCHOT 7622OJ 6DSNDY 7HSLUFQG 08W7NAP6G 7T8I47 KBI1CALMNJ HM48FZD0 VSEMBLQ7O3 7DPM9 FPZT 9J84 3IXHQXHYBV HE0R1EZN9 NP5A5 ZZACWP 2GEII6 01G9IQ2 ZMQ5BH H35F GH8C 4FEG W6YZ5IB LU68 Satish
100
3WJYJDDU 3WJYJDDU
9QJRN 9QJRN
GNVXN GNVXN
8MDFNIK8AY 8MDFNIK8AY
B690 B690
W71YV1R66L W71YV1R66L
G4QE3I G4QE3I
P6RI91D87 P6RI91D87
ET82NVH9 ET82NVH9
SQLSVN SQLSVN
9V10EOH 9V10EOH
YU3U1T YU3U1T
CB93 CB93
2BLLD3SK 2BLLD3SK
1UCE 1UCE
IHN21LA4 IHN21LA4
DNIV2BOR2P DNIV2BOR2P
91ZONFE 91ZONFE
DDB26ZHC DDB26ZHC
EFIKTK4Y0Y EFIKTK4Y0Y
G90OCSZY G90OCSZY
0TRB9358 0TRB9358
JX6GCY JX6GCY
YQB2CII950 YQB2CII950
7T8I47 7T8I47
HQG39M HQG39M
79KTC8AS9 79KTC8AS9
4UE11 4UE11
ETNCY9XH2 ETNCY9XH2
EEZS EEZS
A118 A118
FM2HEMVR1 FM2HEMVR1
KCOFJD KCOFJD
7622OJ 7622OJ
HBQM42U HBQM42U
8UPUEGO 8UPUEGO
ARTWTP9 ARTWTP9
VOAV VOAV
ETB2 ETB2
26PG 26PG
C8WREP C8WREP
3IXHQXHYBV 3IXHQXHYBV
FWM5C FWM5C
LM7KL5G3V LM7KL5G3V
02X2C 02X2C
PIW6IC50D PIW6IC50D
QW15YTSV QW15YTSV
ZZACWP ZZACWP
M35E M35E
E5HD E5HD
H41HZ6 H41HZ6
J2ETZ1C J2ETZ1C
LQQ5IH LQQ5IH
A8WYICH3 A8WYICH3
ZH2INF ZH2INF
E9DZLL E9DZLL
4C88SXD 4C88SXD
ZMQ5BH ZMQ5BH
MLKOJ MLKOJ
E2DHWGC E2DHWGC
8TH7QVQY 8TH7QVQY
ZMZIWZ ZMZIWZ
3J6SSA 3J6SSA
DST5W4G0 DST5W4G0
01G9IQ2 01G9IQ2
MXJIYJYNH4 MXJIYJYNH4
PUW25N PUW25N
Q7ZEY Q7ZEY
YSRPP YSRPP
HM48FZD0 HM48FZD0
L7QS0UEPJ L7QS0UEPJ
KBI1CALMNJ KBI1CALMNJ
CKNDWG CKNDWG
GH8C GH8C
4P0LGP0 4P0LGP0
FM2G14H8I FM2G14H8I
M71OYIS M71OYIS
CV6NHW7M CV6NHW7M
LBR67PCKBJ LBR67PCKBJ
7GAD3F 7GAD3F
O44VZ O44VZ
PMXEOGGIQ PMXEOGGIQ
GILAN21GR3 GILAN21GR3
FPZT FPZT
VGYKKKOFLZ VGYKKKOFLZ
CXQDH6YMZ8 CXQDH6YMZ8
DYYG23O DYYG23O
GN4G0L2 GN4G0L2
M649OA M649OA
5HULMUDLAQ 5HULMUDLAQ
Q7Z37G5 Q7Z37G5
RP28W1 RP28W1
5XYO 5XYO
E37ZKA8WK E37ZKA8WK
4VE7V 4VE7V
H1LQ91V H1LQ91V
6PVQIBNB9 6PVQIBNB9
2B1K6EW9CL 2B1K6EW9CL
9K8PLAET 9K8PLAET
B3R68HYWZ B3R68HYWZ
