Satish Q1GPNKF7O5 VFRT26 OK29GJ ICTGXV Z6H98 KSHB2KG AGSA2I JTT8198QPE ENMF 9XFF 1BZLEM 4INC2D8SDN YXBMACC VZBD9QV8 AK5DQ3 UVP4WIKK BBFYA9B ER2YSPML1C ZRYV5F 5AGDS PYD9SISJI U0958 399VM5PU6 NSBI PTL1QU ZY9VPYMXA WZ1MC3189 DXGEHOF TBFPZEBP PTWCQ 92R432 BVNZ LGBBG RQ6902O3P 351R 71JKTWIJ FS1RWBVR7 00P07 1ILZRYDHY PZMGYZL VPQ3SCZD OXXUCOFC3 8U5UW KRM4B TAI8UPP 3YAJ48L8DT R6VBAVZ0B OXWYDF 2J5C 2J5C OXWYDF R6VBAVZ0B 3YAJ48L8DT TAI8UPP KRM4B 8U5UW OXXUCOFC3 VPQ3SCZD PZMGYZL 1ILZRYDHY 00P07 FS1RWBVR7 71JKTWIJ 351R RQ6902O3P LGBBG BVNZ 92R432 PTWCQ TBFPZEBP DXGEHOF WZ1MC3189 ZY9VPYMXA PTL1QU NSBI 399VM5PU6 U0958 PYD9SISJI 5AGDS ZRYV5F ER2YSPML1C BBFYA9B UVP4WIKK AK5DQ3 VZBD9QV8 YXBMACC 4INC2D8SDN 1BZLEM 9XFF ENMF JTT8198QPE AGSA2I KSHB2KG Z6H98 ICTGXV OK29GJ VFRT26 Q1GPNKF7O5 Satish
25
VFRT26 VFRT26
1BZLEM 1BZLEM
ZRYV5F ZRYV5F
YXBMACC YXBMACC
PZMGYZL PZMGYZL
FS1RWBVR7 FS1RWBVR7
PTWCQ PTWCQ
PYD9SISJI PYD9SISJI
KRM4B KRM4B
WZ1MC3189 WZ1MC3189
BBFYA9B BBFYA9B
R6VBAVZ0B R6VBAVZ0B
UVP4WIKK UVP4WIKK
OXWYDF OXWYDF
399VM5PU6 399VM5PU6
PTL1QU PTL1QU
Z6H98 Z6H98
9XFF 9XFF
4INC2D8SDN 4INC2D8SDN
92R432 92R432
ICTGXV ICTGXV
KSHB2KG KSHB2KG
ER2YSPML1C ER2YSPML1C
ZY9VPYMXA ZY9VPYMXA
NSBI NSBI
