Satish V1AX HX4PKBU7 YKTEQKEL S657MFMG Z7O3VM2U04 IBAUCTY ODSGN281 FPB1OLF3 7Y6VTLTLE SKLZM XCH8 CXLQGGJ746 1PUOCTGWF QL51A0KUT 974GXG05E B0H9VDIK RX6VI XGYWBMTWT IEYK8 Y06D QAL7Z5UN 6HNG UQKXJVX IWQ50AIEVI O9SQOADVF EXNDPNTC0 VNYZ5QVO77 M6CD1Y I2FNEL5 PL0UHK QU5Y0N2LQ 59E13RE V4R09 IQXEPH9QO 7CRTCJA 5N65HLXKU 9HCNMB0JT KFW40WJ WQM0D4 BGPJX1OI CQN7O O2N6HBZK8 QEAJAFMPY JOBN3N JNTKTNY5D0 EHS8A 07XQDCJI V0XPIYMYB 4VB5RO1 MOAM IZBGG78J 19LN TJ5M0R1Z W11G7Z ZL6OIISZ2 K936 5HGKBK ZZWSZUGS JSSS9HX QHH48VD7JJ V7T5SI 7RO0MRK LP5SPDN FFLBM FI29YX KEV198T80A VZNCA0 EG23K ITHI7K6W1B 6WSDW OJ27JN021 AETBJC 9C1O4TX B86761T 2FB0FS3KWX AO31B76 WQHN9 U0LMCHUU 8YK2RM R2POU4T 0NE1H72XF PQ09CSX N26J6EU YFWARI3U F3YJ F1G8HC 30N0P RHCPZZ8Q QJ0LM8 4V9UNUZ8LD UG30UB5EM VNCFO IEOT36K 5FYYHKTYU2 SUC1CH HNB0AV G1659O1PE OQ4PBF8L 0I7Y 0I7Y OQ4PBF8L G1659O1PE HNB0AV SUC1CH 5FYYHKTYU2 IEOT36K VNCFO UG30UB5EM 4V9UNUZ8LD QJ0LM8 RHCPZZ8Q 30N0P F1G8HC F3YJ YFWARI3U N26J6EU PQ09CSX 0NE1H72XF R2POU4T 8YK2RM U0LMCHUU WQHN9 AO31B76 2FB0FS3KWX B86761T 9C1O4TX AETBJC OJ27JN021 6WSDW ITHI7K6W1B EG23K VZNCA0 KEV198T80A FI29YX FFLBM LP5SPDN 7RO0MRK V7T5SI QHH48VD7JJ JSSS9HX ZZWSZUGS 5HGKBK K936 ZL6OIISZ2 W11G7Z TJ5M0R1Z 19LN IZBGG78J MOAM 4VB5RO1 V0XPIYMYB 07XQDCJI EHS8A JNTKTNY5D0 JOBN3N QEAJAFMPY O2N6HBZK8 CQN7O BGPJX1OI WQM0D4 KFW40WJ 9HCNMB0JT 5N65HLXKU 7CRTCJA IQXEPH9QO V4R09 59E13RE QU5Y0N2LQ PL0UHK I2FNEL5 M6CD1Y VNYZ5QVO77 EXNDPNTC0 O9SQOADVF IWQ50AIEVI UQKXJVX 6HNG QAL7Z5UN Y06D IEYK8 XGYWBMTWT RX6VI B0H9VDIK 974GXG05E QL51A0KUT 1PUOCTGWF CXLQGGJ746 XCH8 SKLZM 7Y6VTLTLE FPB1OLF3 ODSGN281 IBAUCTY Z7O3VM2U04 S657MFMG YKTEQKEL HX4PKBU7 V1AX Satish
50
VNYZ5QVO77 VNYZ5QVO77
PL0UHK PL0UHK
QAL7Z5UN QAL7Z5UN
QL51A0KUT QL51A0KUT
7CRTCJA 7CRTCJA
O2N6HBZK8 O2N6HBZK8
V4R09 V4R09
ITHI7K6W1B ITHI7K6W1B
SKLZM SKLZM
QJ0LM8 QJ0LM8
K936 K936
S657MFMG S657MFMG
JOBN3N JOBN3N
V7T5SI V7T5SI
6WSDW 6WSDW
EG23K EG23K
5N65HLXKU 5N65HLXKU
QU5Y0N2LQ QU5Y0N2LQ
0I7Y 0I7Y
WQM0D4 WQM0D4
N26J6EU N26J6EU
5HGKBK 5HGKBK
JSSS9HX JSSS9HX
QHH48VD7JJ QHH48VD7JJ
CXLQGGJ746 CXLQGGJ746
OJ27JN021 OJ27JN021
RX6VI RX6VI
FPB1OLF3 FPB1OLF3
U0LMCHUU U0LMCHUU
IQXEPH9QO IQXEPH9QO
07XQDCJI 07XQDCJI
M6CD1Y M6CD1Y
B0H9VDIK B0H9VDIK
F3YJ F3YJ
QEAJAFMPY QEAJAFMPY
R2POU4T R2POU4T
PQ09CSX PQ09CSX
EHS8A EHS8A
ODSGN281 ODSGN281
XGYWBMTWT XGYWBMTWT
VNCFO VNCFO
F1G8HC F1G8HC
IEYK8 IEYK8
59E13RE 59E13RE
AETBJC AETBJC
6HNG 6HNG
19LN 19LN
2FB0FS3KWX 2FB0FS3KWX
AO31B76 AO31B76
SUC1CH SUC1CH
