92 2 1 0 3 4 8 6 7 5 10 9 12 13 11 17 14 15 21 16 24 19 18 20 22 23 27 26 25 28 29 30 31 34 33 32 45 37 39 35 36 38 40 42 41 48 43 44 46 47 49 51 50 53 56 52 54 55 57 61 60 63 58 64 62 59 71 65 70 68 75 66 74 72 77 69 76 73 67 84 80 83 85 86 82 90 91 81 78 79 88 88 98 98 79 95 95 78 94 94 81 91 90 93 93 82 86 85 83 89 89 80 84 67 87 87 96 96 73 76 97 97 69 77 99 99 72 74 66 75 68 70 65 71 59 62 64 58 63 60 61 57 55 54 52 56 53 50 51 49 47 46 44 43 48 41 42 40 38 36 35 39 37 45 32 33 34 31 30 29 28 25 26 27 23 22 20 18 19 24 16 21 15 14 17 11 13 12 9 10 5 7 6 8 4 3 0 1 2 92
50
6 6
2 2
26 26
20 20
89 89
67 67
91 91
73 73
54 54
80 80
79 79
84 84
95 95
21 21
30 30
75 75
43 43
25 25
38 38
77 77
71 71
37 37
15 15
9 9
46 46
22 22
76 76
36 36
74 74
12 12
40 40
60 60
41 41
92 92
57 57
44 44
29 29
94 94
82 82
56 56
65 65
83 83
47 47
31 31
50 50
14 14
59 59
11 11
24 24
16 16
