129 0 1 3 4 2 5 6 7 9 8 14 10 16 13 11 12 15 17 20 19 21 22 23 24 18 25 26 27 28 31 32 29 30 35 34 33 36 38 39 40 41 37 46 43 42 44 45 47 48 49 51 50 52 54 53 55 61 57 56 58 59 64 60 62 69 65 63 68 66 67 74 72 70 73 71 75 76 83 80 81 77 78 84 85 82 86 79 99 88 90 92 87 89 94 91 96 97 101 93 103 98 100 105 95 107 102 106 108 104 109 111 112 113 110 114 116 115 119 117 123 118 120 121 122 130 125 126 124 131 128 132 136 127 137 139 142 138 143 135 133 147 140 151 146 149 134 152 144 153 145 150 141 158 148 157 156 160 167 154 155 164 169 170 162 166 163 173 179 172 175 161 177 190 190 197 174 171 165 168 183 178 159 191 180 180 191 192 192 159 176 185 185 176 178 187 188 186 186 188 187 183 168 165 194 194 196 184 193 193 195 195 184 199 199 196 171 174 197 177 161 175 198 198 172 189 182 182 189 179 173 163 166 162 170 169 164 181 181 155 154 167 160 156 157 148 158 141 150 145 153 144 152 134 149 146 151 140 147 133 135 143 138 142 139 137 127 136 132 128 131 124 126 125 130 122 121 120 118 123 117 119 115 116 114 110 113 112 111 109 104 108 106 102 107 95 105 100 98 103 93 101 97 96 91 94 89 87 92 90 88 99 79 86 82 85 84 78 77 81 80 83 76 75 71 73 70 72 74 67 66 68 63 65 69 62 60 64 59 58 56 57 61 55 53 54 52 50 51 49 48 47 45 44 42 43 46 37 41 40 39 38 36 33 34 35 30 29 32 31 28 27 26 25 18 24 23 22 21 19 20 17 15 12 11 13 16 10 14 8 9 7 6 5 2 4 3 1 0 129
100
180 180
161 161
142 142
121 121
11 11
5 5
150 150
53 53
97 97
189 189
2 2
87 87
95 95
183 183
128 128
65 65
17 17
174 174
122 122
40 40
48 48
110 110
23 23
125 125
36 36
158 158
101 101
56 56
63 63
84 84
195 195
50 50
123 123
33 33
160 160
100 100
98 98
152 152
137 137
156 156
55 55
130 130
15 15
163 163
184 184
62 62
29 29
175 175
51 51
107 107
92 92
103 103
145 145
0 0
49 49
171 171
126 126
16 16
114 114
188 188
155 155
91 91
21 21
157 157
88 88
58 58
61 61
196 196
96 96
177 177
191 191
99 99
85 85
178 178
26 26
194 194
89 89
76 76
59 59
8 8
105 105
6 6
39 39
66 66
109 109
151 151
108 108
25 25
14 14
190 190
13 13
44 44
81 81
9 9
64 64
82 82
4 4
192 192
57 57
197 197
