AyBBdkPvTTt19wqt b817BTo6GdPc96ig2 Le6BO3R d 6c1qFsEg9xI j bfYVB7M6I5 PHXESKmVA4 1e90fR0FtB7Ev156y A 8w6aRuq AcC1Sh8w37Px0m JbMQX8p9 P 1MHxxU w22P6su70O6jf3FJ EL5n1KQ3kn c9i08aXpBX5L7Y9g w6Z 2l90gxx61rTb0CbF tbwtQej 2T6osNpb4 2P201UD8Q Fe5xMwq0a8 MnF3RrhkA5IuhY 336P8 J68F52raS3n1L6ZYK x60I798qq0Sq6Xdc9s0 Epp31Y6 0b vRH6pA1I75N1 jxDm QE9dXn5y6j2YYh eZEbm FR3SCSFtuk055ORI 6v326555i1Io5Z IEtn6zEV03H3 e1M0JsNJ5 zM5l4u83ERoh6lnR78 d2A2ZPVl61Vtm2kT rcnFY8496Nr2v81Ax 5FXI0 5FXI0 q XMV256fk 5nYY46YfUGovj Rf0x16WtfDv MEv16358FQ rti 8s3AAaGRDoeQCE9 aCCE EnmWLiDA9NE89oNUTbx Han188Ox DqfU93360y3I66U0 Tk46 88e7 r9qUrqog71Fz9gx fJQi1GAp0 b6DdFnSk8qdk45 6nB9xzJ7b5115Qu5 PELS5 PELS5 Ut7hqt9A 2mk9O8P6 0IBy7AQ154pMIDBr2E 8kQ991Y80Dy 4B5uWNh7Dl3lRP khC 9jWI53P36dh95 KIOJyBXM922ydZA5 oyti0PDcb6jz 5op72W0VS69N L2a jY83MVt5i7C19 thypPB22BchO3Od9 E76twn5gNBei01uh2PkH NU7gnWcAs4nq66FS kg8257p31rTQvRWjGF 5tQKcAo3 o Iqcp2LHc0iz446x59 RYtkT5 Sr 2a5Zkf5zd4Va3 7tAK5gvusa66TB8HH7nq c2m39UUoMb 2Et5UN6ZJ19iz cZ9 cZ9 2Et5UN6ZJ19iz Z93vITe403 usTG0We6G9WDs7Dk usTG0We6G9WDs7Dk Z93vITe403 6qc68848myvIqoZWw 6qc68848myvIqoZWw 2YlhGrefFhV6JLtw iFF184 b19692 2qbTYSv3J hG8udpL53V 360B15fOiy1XBl Ja PdNbuD3b97N264 L46h8MG90TBpA8v9 I4640OD 1wh33nDt6y0W6 NQThb6mm4a gE7S 3WRvw 3WRvw dElaPKehji2fqD9H4h9 QyqY4vHYw8HuZ1xqo LK1h2AhdhXWb7Czrr q7Ehaiz je0uE0UV Ls7i6h3d558LQMh6h 3ZLt1fWbH0f1fCMh2 920ucA0jXEv o88qO93T 85682ijoufq1DW 85682ijoufq1DW o88qO93T 920ucA0jXEv 3ZLt1fWbH0f1fCMh2 Ls7i6h3d558LQMh6h 9q06155efQSN M40P0vmSkH961FtFpaR iT7 TMULg CDuc4XdY7zp h5 Nstvw8dF9rhja nOMN589D7t0QjhnBj3wn ymzG1qC7YsJFFmeog 7DmqFE GXFdnTo0Mk JBYT6heC6yE4 98E9ia5 NESaNvTSnt9E9du yd7324WTF yd7324WTF NESaNvTSnt9E9du gv3T5z4 1CYyNxk8m7fToc6XLW7T mmF 1wF6 P6C89a32 Q WD8QxBAx49P BZa306Pc3 BZa306Pc3 0 7xf20x1m1od50iPHUtr FUnTXn ywj3aNhyxUH wUtvmN9V14Vw0fcE01F 1utCvCS3yEzt0HBbKt 1utCvCS3yEzt0HBbKt wUtvmN9V14Vw0fcE01F 9bEwQSkRTB b5a4h b5a4h 9bEwQSkRTB ywj3aNhyxUH FUnTXn e87h e87h MjwmiyLlZn 68ZC6T1G2o9Q95CKs 9fo1FxSJvnO 9fo1FxSJvnO 68ZC6T1G2o9Q95CKs O7W5C8z8H93l Ru0A1pKIpZYWG Ru0A1pKIpZYWG O7W5C8z8H93l MjwmiyLlZn T8C17MZ6g69gmQ c3x9Cmq8W5oa57mjASv A6gMJKsUfUSuEI76 DY34 DY34 lP84Whn SdP9W8WRSw SdP9W8WRSw qGr382CkPK997QVHAL qGr382CkPK997QVHAL lP84Whn 67zx6J5N914IyP9GV5 baJvRpx2qsf2 MJ2l1N0ojTC Q2PY wC12hFFKGF dUdv 0Lw86e uF131buM7L27 dQnWD4K3Y 9Ge7Sge1bnha0Jm 9Ge7Sge1bnha0Jm pwvBbQ870l3Io2K pwvBbQ870l3Io2K dQnWD4K3Y uF131buM7L27 I6 o83v2nI1sQs o83v2nI1sQs I6 0Lw86e dUdv 36Y155M7F1ZG8 7d2Q05crlPi 7d2Q05crlPi 36Y155M7F1ZG8 wC12hFFKGF 3 3z4E 3z4E O73Lh6 9o4t 9o4t O73Lh6 3 Q2PY MJ2l1N0ojTC baJvRpx2qsf2 67zx6J5N914IyP9GV5 A6gMJKsUfUSuEI76 c3x9Cmq8W5oa57mjASv FKWv88jkw79me FKWv88jkw79me T8C17MZ6g69gmQ 7xf20x1m1od50iPHUtr TByQ7zH089 TByQ7zH089 WMKy4XnjMCqO WMKy4XnjMCqO 0 WD8QxBAx49P Q P6C89a32 1wF6 mmF nw566uv nw566uv 1CYyNxk8m7fToc6XLW7T gv3T5z4 89ukpivGhdck21Krrh40 p772t3OLqj p772t3OLqj 89ukpivGhdck21Krrh40 98E9ia5 JBYT6heC6yE4 GXFdnTo0Mk 7DmqFE ymzG1qC7YsJFFmeog nOMN589D7t0QjhnBj3wn Nstvw8dF9rhja h5 CDuc4XdY7zp TMULg iT7 M40P0vmSkH961FtFpaR 9q06155efQSN je0uE0UV oex2A06Dl iwa3b66QgtEN3 iwa3b66QgtEN3 oex2A06Dl q7Ehaiz v v LK1h2AhdhXWb7Czrr QyqY4vHYw8HuZ1xqo dElaPKehji2fqD9H4h9 gE7S WbNQJ5005mGN WbNQJ5005mGN NQThb6mm4a 1wh33nDt6y0W6 I4640OD L46h8MG90TBpA8v9 PdNbuD3b97N264 L7Mfs3034VwaB7kd3Z d5P0NXv8 d5P0NXv8 L7Mfs3034VwaB7kd3Z l 4932 T4EKg4Vc T4EKg4Vc QqvW51K9Cm QqvW51K9Cm 4932 l Ja 360B15fOiy1XBl 8Qe2lSUyQa 8Qe2lSUyQa hG8udpL53V 659Cx 659Cx 2qbTYSv3J b19692 iFF184 2YlhGrefFhV6JLtw c2m39UUoMb 7tAK5gvusa66TB8HH7nq 2a5Zkf5zd4Va3 Sr RYtkT5 Iqcp2LHc0iz446x59 9e60h3poT1v5TKPk 9e60h3poT1v5TKPk o JfgS42SLYQ875K JfgS42SLYQ875K 5tQKcAo3 kg8257p31rTQvRWjGF NU7gnWcAs4nq66FS E76twn5gNBei01uh2PkH thypPB22BchO3Od9 jY83MVt5i7C19 L2a s8xx0T2h s8xx0T2h 5op72W0VS69N oyti0PDcb6jz KIOJyBXM922ydZA5 9jWI53P36dh95 khC 4B5uWNh7Dl3lRP 8kQ991Y80Dy 0IBy7AQ154pMIDBr2E 2mk9O8P6 XQxkrBxnI XQxkrBxnI Ut7hqt9A 6nB9xzJ7b5115Qu5 b6DdFnSk8qdk45 fJQi1GAp0 r9qUrqog71Fz9gx 88e7 Tk46 DqfU93360y3I66U0 Han188Ox EnmWLiDA9NE89oNUTbx aCCE 8s3AAaGRDoeQCE9 rti MEv16358FQ Rf0x16WtfDv 5nYY46YfUGovj XMV256fk 8tvL5MpO9J735t 8tvL5MpO9J735t q rcnFY8496Nr2v81Ax d2A2ZPVl61Vtm2kT zM5l4u83ERoh6lnR78 e1M0JsNJ5 IEtn6zEV03H3 6v326555i1Io5Z FR3SCSFtuk055ORI eZEbm QE9dXn5y6j2YYh jxDm vRH6pA1I75N1 3505 3505 0b Epp31Y6 x60I798qq0Sq6Xdc9s0 J68F52raS3n1L6ZYK 336P8 MnF3RrhkA5IuhY Fe5xMwq0a8 2P201UD8Q 2T6osNpb4 tbwtQej 2l90gxx61rTb0CbF w6Z c9i08aXpBX5L7Y9g EL5n1KQ3kn w22P6su70O6jf3FJ 1MHxxU P JbMQX8p9 AcC1Sh8w37Px0m 8w6aRuq A 1e90fR0FtB7Ev156y PHXESKmVA4 bfYVB7M6I5 j 6c1qFsEg9xI d Le6BO3R b817BTo6GdPc96ig2 AyBBdkPvTTt19wqt
100
hG8udpL53V hG8udpL53V
p772t3OLqj p772t3OLqj
Rf0x16WtfDv Rf0x16WtfDv
d5P0NXv8 d5P0NXv8
ywj3aNhyxUH ywj3aNhyxUH
khC khC
7DmqFE 7DmqFE
thypPB22BchO3Od9 thypPB22BchO3Od9
6qc68848myvIqoZWw 6qc68848myvIqoZWw
b19692 b19692
FR3SCSFtuk055ORI FR3SCSFtuk055ORI
JBYT6heC6yE4 JBYT6heC6yE4
3z4E 3z4E
KIOJyBXM922ydZA5 KIOJyBXM922ydZA5
vRH6pA1I75N1 vRH6pA1I75N1
4B5uWNh7Dl3lRP 4B5uWNh7Dl3lRP
aCCE aCCE
o83v2nI1sQs o83v2nI1sQs
1wF6 1wF6
nOMN589D7t0QjhnBj3wn nOMN589D7t0QjhnBj3wn
RYtkT5 RYtkT5
XMV256fk XMV256fk
Q2PY Q2PY
E76twn5gNBei01uh2PkH E76twn5gNBei01uh2PkH
4932 4932
85682ijoufq1DW 85682ijoufq1DW
q7Ehaiz q7Ehaiz
MjwmiyLlZn MjwmiyLlZn
usTG0We6G9WDs7Dk usTG0We6G9WDs7Dk
L46h8MG90TBpA8v9 L46h8MG90TBpA8v9
q q
2P201UD8Q 2P201UD8Q
2YlhGrefFhV6JLtw 2YlhGrefFhV6JLtw
Q Q
pwvBbQ870l3Io2K pwvBbQ870l3Io2K
FKWv88jkw79me FKWv88jkw79me
b6DdFnSk8qdk45 b6DdFnSk8qdk45
iFF184 iFF184
9jWI53P36dh95 9jWI53P36dh95
uF131buM7L27 uF131buM7L27
36Y155M7F1ZG8 36Y155M7F1ZG8
8w6aRuq 8w6aRuq
SdP9W8WRSw SdP9W8WRSw
89ukpivGhdck21Krrh40 89ukpivGhdck21Krrh40
T8C17MZ6g69gmQ T8C17MZ6g69gmQ
3 3
yd7324WTF yd7324WTF
gv3T5z4 gv3T5z4
eZEbm eZEbm
e1M0JsNJ5 e1M0JsNJ5
NU7gnWcAs4nq66FS NU7gnWcAs4nq66FS
2l90gxx61rTb0CbF 2l90gxx61rTb0CbF
Han188Ox Han188Ox
Ut7hqt9A Ut7hqt9A
EnmWLiDA9NE89oNUTbx EnmWLiDA9NE89oNUTbx
920ucA0jXEv 920ucA0jXEv
Tk46 Tk46
2Et5UN6ZJ19iz 2Et5UN6ZJ19iz
9q06155efQSN 9q06155efQSN
b817BTo6GdPc96ig2 b817BTo6GdPc96ig2
P P
IEtn6zEV03H3 IEtn6zEV03H3
jxDm jxDm
MEv16358FQ MEv16358FQ
A6gMJKsUfUSuEI76 A6gMJKsUfUSuEI76
J68F52raS3n1L6ZYK J68F52raS3n1L6ZYK
6c1qFsEg9xI 6c1qFsEg9xI
r9qUrqog71Fz9gx r9qUrqog71Fz9gx
P6C89a32 P6C89a32
dUdv dUdv
qGr382CkPK997QVHAL qGr382CkPK997QVHAL
c3x9Cmq8W5oa57mjASv c3x9Cmq8W5oa57mjASv
9o4t 9o4t
7d2Q05crlPi 7d2Q05crlPi
8Qe2lSUyQa 8Qe2lSUyQa
6v326555i1Io5Z 6v326555i1Io5Z
L7Mfs3034VwaB7kd3Z L7Mfs3034VwaB7kd3Z
8tvL5MpO9J735t 8tvL5MpO9J735t
TByQ7zH089 TByQ7zH089
I4640OD I4640OD
O7W5C8z8H93l O7W5C8z8H93l
XQxkrBxnI XQxkrBxnI
QqvW51K9Cm QqvW51K9Cm
I6 I6
1e90fR0FtB7Ev156y 1e90fR0FtB7Ev156y
v v
kg8257p31rTQvRWjGF kg8257p31rTQvRWjGF
3505 3505
68ZC6T1G2o9Q95CKs 68ZC6T1G2o9Q95CKs
TMULg TMULg
Le6BO3R Le6BO3R
MJ2l1N0ojTC MJ2l1N0ojTC
nw566uv nw566uv
ymzG1qC7YsJFFmeog ymzG1qC7YsJFFmeog
1utCvCS3yEzt0HBbKt 1utCvCS3yEzt0HBbKt
PELS5 PELS5
5nYY46YfUGovj 5nYY46YfUGovj
d d
2T6osNpb4 2T6osNpb4
659Cx 659Cx
