845LWU7Kg6167HQY i7lmV5iDIgl5f NQ3vX6W6H74aK53np 5S6 3 5CCl0n2r5512 5Ll49ySSWT043CtCd2 7L 122gt ElUTL D3zC NGDVzC YLKBD54k H6pXAnE0KypnExX SmI7f UH4Lf7FAuZoT4lv2 DUiYDuR9yYFD5 4 KpBvy ICQxh0Q58799CUd2 B4mQOl023dn1 y 9vq8gscs7dz1 WPu 5Qkzz260R7 SpXOzJq05hvQH12ugJr5 HDLHc5Kdk SL88w66v7 6EkMcG0h xaM1q4jQi3efYb0 1P8KX 8GpC KKUFV29x8iO ftk2 nd5qDM7kw618Hh0d4048 11l6P71DgEau1baEX4 2377Qe3J7g3dGXjk0y TU76UjE52906 2P26ok0f25 fgM12T WMY0xVk9j8T6Ly 81fSLVzHHmE3E X6SrYf57mSUQQ28C J 672Pt4Ytw8LW N8191M9E9v 3HQj1I8wd8 m9Uc68jOUMs0AdI7Dl eqYzN7b19UgNo1K r pbE3R4QsB76l 95fufpL7BuUW8Mng00jE O41Muu iPJ5V8Mys7EZaxmjpw rso1009ZC 77yN7eHZwfF99R2 96Ta5ZXc8I5gnTIcF8 LwG3W8JHP11jTuAwnR LwG3W8JHP11jTuAwnR A27tk2Y00r8N9l ZT3 WH0fnPg64 0CwgepgS85xC4gx Uyj5raM7C9SGCHQGUC EnhLq7BgTj8IN3Z2m u3Qv 4l4aqvNKB k 3k B4PF77lpCQJ5dlK F1x F1x oxhIfytLFpCYNV 08WMKCRGev5XL359n5rM q38OIzTe O58T a eDv5MBdo MVvh MVvh IljV8Wn8 IljV8Wn8 eDv5MBdo 48783322I5q9PFVPT 48783322I5q9PFVPT YKpC4gQmPKaU311w9eOT 2qgWbB40Ya16 D 5 1 9 7qu 3i80K09a 42U0k6JhTQxPvUw8 42U0k6JhTQxPvUw8 Jyceatq5u i4838WP UuONs3O7D2z5 UuONs3O7D2z5 MY3aL96Y FL4V06094CU0zO3gJava FL4V06094CU0zO3gJava MY3aL96Y i4838WP Jyceatq5u 3i80K09a 7qu 9 Oi6biMHY Oi6biMHY 1 5 D 2qgWbB40Ya16 TBk5Pt5vt5SInt TBk5Pt5vt5SInt YKpC4gQmPKaU311w9eOT a dw6Yuyls1ZilP493g91O 95E0752p51t 95E0752p51t dw6Yuyls1ZilP493g91O O58T q38OIzTe 08WMKCRGev5XL359n5rM oxhIfytLFpCYNV B4PF77lpCQJ5dlK 3k k 8M2OK8Px58 geUO1h geUO1h 8M2OK8Px58 4l4aqvNKB u3Qv EnhLq7BgTj8IN3Z2m Uyj5raM7C9SGCHQGUC 0CwgepgS85xC4gx WH0fnPg64 ZT3 A27tk2Y00r8N9l 96Ta5ZXc8I5gnTIcF8 77yN7eHZwfF99R2 rso1009ZC iPJ5V8Mys7EZaxmjpw O41Muu 95fufpL7BuUW8Mng00jE pbE3R4QsB76l r eqYzN7b19UgNo1K m9Uc68jOUMs0AdI7Dl 3HQj1I8wd8 N8191M9E9v 672Pt4Ytw8LW J X6SrYf57mSUQQ28C 81fSLVzHHmE3E WMY0xVk9j8T6Ly 6RiHvQ4xTN5 6RiHvQ4xTN5 fgM12T 2P26ok0f25 TU76UjE52906 2377Qe3J7g3dGXjk0y 11l6P71DgEau1baEX4 nd5qDM7kw618Hh0d4048 ftk2 KKUFV29x8iO 8GpC 1P8KX xaM1q4jQi3efYb0 6EkMcG0h SL88w66v7 HDLHc5Kdk SpXOzJq05hvQH12ugJr5 5Qkzz260R7 WPu 9vq8gscs7dz1 y B4mQOl023dn1 ICQxh0Q58799CUd2 KpBvy 4 DUiYDuR9yYFD5 UH4Lf7FAuZoT4lv2 SmI7f H6pXAnE0KypnExX YLKBD54k NGDVzC D3zC ElUTL 122gt 7L 5Ll49ySSWT043CtCd2 5CCl0n2r5512 3 5S6 NQ3vX6W6H74aK53np i7lmV5iDIgl5f 845LWU7Kg6167HQY
50
MVvh MVvh
48783322I5q9PFVPT 48783322I5q9PFVPT
122gt 122gt
42U0k6JhTQxPvUw8 42U0k6JhTQxPvUw8
4 4
TBk5Pt5vt5SInt TBk5Pt5vt5SInt
95E0752p51t 95E0752p51t
r r
H6pXAnE0KypnExX H6pXAnE0KypnExX
MY3aL96Y MY3aL96Y
ZT3 ZT3
6RiHvQ4xTN5 6RiHvQ4xTN5
fgM12T fgM12T
SmI7f SmI7f
O41Muu O41Muu
2qgWbB40Ya16 2qgWbB40Ya16
4l4aqvNKB 4l4aqvNKB
9 9
NQ3vX6W6H74aK53np NQ3vX6W6H74aK53np
11l6P71DgEau1baEX4 11l6P71DgEau1baEX4
xaM1q4jQi3efYb0 xaM1q4jQi3efYb0
geUO1h geUO1h
3k 3k
X6SrYf57mSUQQ28C X6SrYf57mSUQQ28C
5CCl0n2r5512 5CCl0n2r5512
KKUFV29x8iO KKUFV29x8iO
5 5
8M2OK8Px58 8M2OK8Px58
O58T O58T
DUiYDuR9yYFD5 DUiYDuR9yYFD5
eqYzN7b19UgNo1K eqYzN7b19UgNo1K
TU76UjE52906 TU76UjE52906
YLKBD54k YLKBD54k
EnhLq7BgTj8IN3Z2m EnhLq7BgTj8IN3Z2m
YKpC4gQmPKaU311w9eOT YKpC4gQmPKaU311w9eOT
u3Qv u3Qv
845LWU7Kg6167HQY 845LWU7Kg6167HQY
y y
3 3
7L 7L
5Qkzz260R7 5Qkzz260R7
ElUTL ElUTL
ICQxh0Q58799CUd2 ICQxh0Q58799CUd2
B4mQOl023dn1 B4mQOl023dn1
SL88w66v7 SL88w66v7
D D
eDv5MBdo eDv5MBdo
KpBvy KpBvy
ftk2 ftk2
672Pt4Ytw8LW 672Pt4Ytw8LW
