0 43 43 59 59 62 62 86 86 90 79 4 171 101 2 27 135 143 32 25 166 113 113 124 35 100 40 49 121 11 75 85 68 58 6 51 30 103 20 53 57 1 196 162 64 9 50 112 96 73 89 23 197 16 139 12 3 65 61 14 29 150 150 174 56 36 36 56 81 107 22 46 41 28 72 33 7 76 34 125 77 118 102 172 54 24 63 55 130 84 87 87 97 147 95 145 42 10 122 21 17 13 5 109 31 111 105 19 116 142 136 189 189 136 199 39 39 154 151 151 154 199 142 157 47 110 99 82 18 198 60 126 168 119 98 98 119 168 126 140 140 141 141 60 88 173 117 179 185 185 179 117 173 182 182 88 198 18 127 48 48 127 149 8 67 71 128 45 45 128 148 94 160 138 138 160 94 148 161 161 191 191 71 67 8 167 153 66 66 153 175 91 91 178 178 175 194 194 167 149 82 99 110 47 157 116 19 92 92 105 111 31 158 158 109 5 13 17 21 122 10 42 114 129 184 69 69 184 129 114 159 146 146 159 145 95 147 97 180 180 84 195 195 130 55 63 24 108 26 26 108 54 74 74 172 102 118 164 164 77 125 163 115 115 163 34 106 106 76 7 33 83 132 132 83 72 28 41 46 120 120 22 107 176 176 81 93 38 38 93 174 29 14 70 70 61 65 3 12 177 177 139 16 197 23 89 73 96 112 183 183 50 80 80 9 64 162 196 1 193 193 57 53 170 170 20 169 169 103 30 51 6 58 155 155 68 85 75 11 144 144 121 49 40 134 44 165 165 44 134 100 35 124 166 25 32 152 152 143 135 27 78 78 104 104 2 101 188 188 171 4 79 90 123 15 15 123 131 131 133 133 137 37 37 52 52 156 156 137 181 181 186 186 187 187 190 190 192 192 0
100
0 0
1 1
2 2
3 3
4 4
5 5
6 6
7 7
8 8
9 9
10 10
11 11
12 12
13 13
14 14
15 15
16 16
17 17
18 18
19 19
20 20
21 21
22 22
23 23
24 24
25 25
26 26
27 27
28 28
29 29
30 30
31 31
32 32
33 33
34 34
35 35
36 36
37 37
38 38
39 39
40 40
41 41
42 42
43 43
44 44
45 45
46 46
47 47
48 48
49 49
50 50
51 51
52 52
53 53
54 54
55 55
56 56
57 57
58 58
59 59
60 60
61 61
62 62
63 63
64 64
65 65
66 66
67 67
68 68
69 69
70 70
71 71
72 72
73 73
74 74
75 75
76 76
77 77
78 78
79 79
80 80
81 81
82 82
83 83
84 84
85 85
86 86
87 87
88 88
89 89
90 90
91 91
92 92
93 93
94 94
95 95
96 96
97 97
98 98
99 99
