loc0 loc25 loc141 loc84 loc62 loc157 loc198 loc44 loc100 loc196 loc76 loc182 loc83 loc197 loc150 loc17 loc120 loc188 loc36 loc76 loc65 loc67 loc193 loc27 loc95 loc56 loc129 loc185 loc195 loc164 loc101 loc109 loc189 loc32 loc138 loc42 loc43 loc96 loc111 loc57 loc34 loc66 loc39 loc28 loc168 loc193 loc95 loc131 loc198 loc169 loc163 loc167 loc139 loc117 loc41 loc46 loc144 loc46 loc106 loc160 loc53 loc78 loc58 loc0
23
loc160 loc54 loc52 loc106 loc122 loc160 loc45 loc78
loc144 loc37 loc49 loc192 loc130 loc144 loc75 loc46 loc105
loc41 loc85 loc41 loc179 loc119
loc198 loc129 loc82 loc15 loc172 loc198 loc156 loc69 loc112 loc157 loc162 loc131
loc167 loc167
loc168 loc168 loc66 loc31 loc113 loc93 loc11 loc92
loc28 loc187 loc28
loc39 loc191 loc39
loc96 loc96 loc134
loc57 loc147 loc57
loc32 loc36 loc118 loc116 loc150 loc89 loc10 loc25 loc14 loc138 loc42 loc32 loc197
loc109 loc109 loc177 loc47
loc164 loc164 loc20 loc184 loc165
loc185 loc185
loc27 loc27
loc67 loc67
loc76 loc182 loc97
loc188 loc188 loc183 loc8 loc120
loc83 loc186 loc83
loc17 loc17
loc196 loc196
loc100 loc100
loc84 loc84
