22 2 0 5 7 8 1 6 3 11 4 12 9 17 14 15 10 16 19 13 20 21 18 23 24 25 28 27 26 30 32 29 34 31 33 36 37 35 38 40 39 41 42 43 44 46 45 47 49 48 50 51 52 53 54 55 57 56 58 59 60 61 62 63 64 65 66 69 67 68 70 72 71 75 74 76 73 78 77 80 79 81 83 85 84 82 86 88 87 89 90 91 94 92 97 93 95 96 98 99 99 98 96 95 93 97 92 94 91 90 89 87 88 86 82 84 85 83 81 79 80 77 78 73 76 74 75 71 72 70 68 67 69 66 65 64 63 62 61 60 59 58 56 57 55 54 53 52 51 50 48 49 47 45 46 44 43 42 41 39 40 38 35 37 36 33 31 34 29 32 30 26 27 28 25 24 23 18 21 20 13 19 16 10 15 14 17 9 12 4 11 3 6 1 8 7 5 0 2 22
40
5 5
87 87
55 55
42 42
78 78
29 29
15 15
31 31
89 89
46 46
43 43
53 53
47 47
93 93
75 75
95 95
65 65
74 74
12 12
79 79
85 85
69 69
16 16
19 19
90 90
66 66
59 59
2 2
21 21
72 72
36 36
23 23
39 39
97 97
32 32
73 73
6 6
83 83
41 41
58 58
