69 2 5 1 12 3 13 6 4 14 7 9 0 8 11 15 10 20 18 19 21 16 17 22 23 24 30 26 27 25 29 32 28 31 34 33 35 37 38 36 39 40 41 42 43 45 44 47 48 50 49 51 53 46 57 52 54 55 56 58 59 61 62 60 63 64 65 66 67 70 71 68 72 74 73 76 75 77 78 79 80 81 83 82 84 85 86 87 89 90 91 88 94 95 93 92 97 99 96 101 100 98 104 102 103 105 106 107 108 109 110 111 112 113 114 115 116 117 118 119 120 121 125 122 124 123 126 127 129 128 130 131 132 134 133 135 136 137 138 139 140 142 141 144 143 145 146 147 149 150 148 151 153 152 154 155 156 157 159 160 158 161 163 162 164 165 166 167 168 169 170 171 172 173 174 175 176 177 178 179 180 181 183 184 182 185 186 188 187 189 190 192 191 193 194 195 199 196 197 197 198 198 196 199 195 194 193 191 192 190 189 187 188 186 185 182 184 183 181 180 179 178 177 176 175 174 173 172 171 170 169 168 167 166 165 164 162 163 161 158 160 159 157 156 155 154 152 153 151 148 150 149 147 146 145 143 144 141 142 140 139 138 137 136 135 133 134 132 131 130 128 129 127 126 123 124 122 125 121 120 119 118 117 116 115 114 113 112 111 110 109 108 107 106 105 103 102 104 98 100 101 96 99 97 92 93 95 94 88 91 90 89 87 86 85 84 82 83 81 80 79 78 77 75 76 73 74 72 68 71 70 67 66 65 64 63 60 62 61 59 58 56 55 54 52 57 46 53 51 49 50 48 47 44 45 43 42 41 40 39 36 38 37 35 33 34 31 28 32 29 25 27 26 30 24 23 22 17 16 21 19 18 20 10 15 11 8 0 9 7 14 4 6 13 3 12 1 5 2 69
80
36 36
186 186
148 148
30 30
163 163
194 194
131 131
115 115
147 147
5 5
118 118
198 198
74 74
71 71
112 112
165 165
193 193
146 146
99 99
97 97
63 63
113 113
24 24
33 33
128 128
160 160
83 83
51 51
106 106
133 133
58 58
166 166
191 191
37 37
25 25
77 77
46 46
87 87
101 101
53 53
192 192
52 52
26 26
14 14
64 64
127 127
50 50
188 188
2 2
100 100
72 72
80 80
31 31
56 56
132 132
117 117
44 44
197 197
59 59
119 119
171 171
158 158
90 90
16 16
135 135
11 11
121 121
1 1
195 195
134 134
27 27
104 104
81 81
149 149
185 185
190 190
150 150
110 110
162 162
82 82
