73 96 15 48 13 40 16 42 42 54 54 85 85 16 28 7 4 39 35 20 43 12 34 53 50 1 5 38 8 8 24 52 52 24 88 22 29 6 45 10 17 14 77 77 14 51 59 59 69 23 26 26 23 72 56 56 72 98 9 57 44 49 74 25 58 89 89 58 90 64 11 33 18 19 36 36 95 79 79 95 19 76 37 86 31 66 66 71 71 31 47 47 86 37 76 18 82 41 32 32 41 82 92 61 67 67 61 65 62 99 46 60 75 75 100 100 60 46 99 62 65 68 68 92 97 97 33 11 93 93 64 90 25 74 49 44 87 87 57 9 21 3 63 30 84 81 91 78 78 91 81 84 30 63 3 80 80 21 98 69 51 17 10 45 6 83 27 2 94 94 2 27 55 55 70 70 83 29 22 88 38 5 1 50 53 34 12 43 20 35 39 4 7 28 40 13 48 15 96 73
50
1 1
5 5
8 8
9 9
10 10
11 11
12 12
13 13
15 15
14 14
18 18
19 19
21 21
22 22
25 25
27 27
29 29
33 33
34 34
44 44
46 46
48 48
49 49
50 50
53 53
57 57
65 65
66 66
68 68
71 71
74 74
75 75
76 76
77 77
78 78
79 79
81 81
82 82
83 83
84 84
86 86
85 85
90 90
91 91
93 93
94 94
96 96
98 98
99 99
100 100
