74 123 8 22 40 15 13 1 18 34 7 80 56 76 21 31 86 57 24 64 17 150 39 14 6 82 72 100 29 4 75 142 28 58 43 3 117 105 148 115 63 9 16 2 2 85 93 144 172 5 48 71 35 12 12 60 59 65 91 131 53 37 152 47 25 23 41 156 87 87 119 119 160 160 156 41 68 30 132 173 66 50 102 98 125 67 92 134 112 107 44 185 183 78 83 33 108 108 140 11 42 42 99 137 10 49 113 88 188 188 88 147 95 181 20 94 126 166 169 26 81 167 162 162 167 81 122 70 79 175 155 52 130 32 27 103 51 77 77 190 190 193 46 46 61 116 120 38 38 176 165 171 136 184 96 96 124 124 154 109 161 139 19 19 138 138 139 161 199 111 121 69 69 195 195 121 111 133 54 146 45 186 127 114 114 127 186 45 73 73 146 179 168 168 179 54 196 196 133 199 109 154 184 194 55 55 194 136 143 149 151 135 135 182 182 151 149 170 170 198 198 143 171 165 178 178 176 187 197 197 187 120 116 141 129 163 163 129 141 61 193 51 103 27 153 159 159 153 32 130 177 177 52 90 90 155 175 79 189 189 70 84 84 122 26 169 166 126 94 20 104 104 181 95 147 113 49 10 97 36 106 106 36 97 137 99 11 140 164 164 33 83 78 183 185 44 107 112 134 92 67 157 157 125 98 145 145 102 50 66 173 132 30 68 23 25 47 152 37 62 62 53 200 101 101 200 131 91 65 59 60 35 71 48 5 172 144 93 85 16 9 174 174 63 115 192 192 148 105 117 180 158 158 180 3 43 191 191 58 28 142 75 4 29 100 110 110 72 82 89 89 6 118 118 14 39 150 17 64 24 57 128 128 86 31 21 76 56 80 7 34 18 1 13 15 40 22 8 123 74
100
4 4
5 5
11 11
12 12
14 14
16 16
17 17
18 18
20 20
23 23
27 27
31 31
32 32
39 39
42 42
45 45
44 44
47 47
50 50
51 51
52 52
53 53
56 56
58 58
59 59
60 60
61 61
54 54
63 63
66 66
72 72
73 73
76 76
77 77
80 80
81 81
83 83
86 86
88 88
89 89
90 90
91 91
94 94
95 95
96 96
97 97
98 98
99 99
100 100
103 103
105 105
107 107
108 108
109 109
111 111
112 112
113 113
114 114
115 115
118 118
116 116
120 120
123 123
125 125
127 127
128 128
129 129
130 130
132 132
133 133
134 134
135 135
136 136
138 138
139 139
140 140
142 142
143 143
146 146
152 152
154 154
155 155
157 157
158 158
161 161
163 163
165 165
167 167
171 171
173 173
174 174
178 178
179 179
184 184
190 190
192 192
193 193
198 198
199 199
200 200
