AA AB AE AO AP AP AQ AQ AO AE AF AR AT AT AU AU AV AV AR AS AW AW AX AX AY AY AS AF AG AZ BD BD AZ BA BE BE BF BF BG BG BA BB BH BH BI BI BB BC BJ BJ BK FE DZ EC DX DY DY DX EB EA EI FB FB EI FC FC EA EB EE ED EP EP ED EF EH EJ EZ EZ EJ FA FA EH EL EW EX EY EK EK EY EX EW EL EM EU EV EV EU EM EN EQ EO EO ES ES EQ ER ET ET ER EN EF EG EG EE EC FD FD DZ FE BK BC AG AH BL BO BO BL BM BP CE BW AI BU BZ BZ CA CA BU BV CB CB CC CC CD CD BV AI CF CF CG CG BW CE BP BQ BQ BR BR BM BN BS FF FG FG FH FH FF BS BT BT BN AH AB AC AJ BX CH CH CI CI CJ CJ BX BY CK CK CL CL CM CM CN CN BY AJ AC AD AK CO CZ CZ DA DA DB DB CO CP DC DC DD DD DE DE CP AK AL CQ DF DF DG DG DH DH CQ CR DJ DJ CR CS DI DI DK DK CS AL AN CX DS DS DT DT DU DU CX CY DV DV DW DW CY AN DN CT AM CU DO DO CU CV DR DR CV CW DP DP DQ DQ CW AM DL DL DM DM CT DN AD AA
46
AA AA
AB AB
AC AC
AD AD
AE AE
AF AF
AG AG
AH AH
AI AI
AJ AJ
AK AK
AL AL
AM AM
AN AN
AO AO
AP AP
AQ AQ
BD BD
BE BE
BF BF
BG BG
BH BH
BI BI
BJ BJ
BK BK
DP DP
DQ DQ
DR DR
DS DS
DT DT
DU DU
DV DV
DW DW
DX DX
DY DY
DZ DZ
EN EN
EO EO
EP EP
EX EX
EY EY
EZ EZ
FA FA
FB FB
FC FC
FF FF
