AA AB AE AO AP AP AO AE AF AQ AS AS AQ AR AT AT AR AF AG AU AY AY AU AV AZ AZ BA BA BB BB AV AW BC BC BD BD AW AX BE BE BF BF AX AG AH BG BJ BJ BK BK BG BH BL BL BM BM BN BN BH BI BO BO BP BP BI AH AB AC AI BQ BV BV BW BW BQ BR BX BX BY BY BZ BZ BR BS CA CA CB CB CC CC BS AI AJ BT CD CD CE CE CF CF BT BU CG CG CH CH CI CI CJ CJ BU AJ AC AD AK CK CV CV CW CW CX CX CK CL CY CY CZ CZ DA DA CL AK AL CM DB DB DC DC DD DD CM CN DF DF CN CO DE DE DG DG CO AL AM CP DH DH DI DI DJ DJ CP CQ CQ CR DL DL CR CS DK DK CS AM AN CT DM DM DN DN DO DO CT CU CU AN AD AA
25
AA AA
AB AB
AC AC
AD AD
AE AE
AF AF
AG AG
AH AH
AI AI
AJ AJ
AK AK
AL AL
AM AM
AN AN
AO AO
AP AP
AQ AQ
BD BD
BE BE
BF BF
BG BG
BH BH
BI BI
BJ BJ
BK BK
