Soda loc3 loc179 loc43 loc27 loc169 loc111 loc30 loc136 loc30 loc11 loc30 loc39 loc198 loc166 loc109 loc166 loc28 loc198 loc24 loc31 loc128 loc111 loc114 loc8 loc15 loc60 loc68 loc126 loc52 loc196 loc51 loc155 loc103 loc51 loc196 loc142 loc7 loc142 loc185 loc196 loc61 loc196 loc170 loc192 loc87 loc47 loc164 loc101 loc148 loc22 loc183 loc194 loc55 loc194 loc35 loc134 loc99 loc9 loc99 loc115 loc165 loc100 loc165 loc95 loc10 loc180 loc131 loc147 loc38 loc122 loc77 loc173 loc107 loc146 loc107 loc173 loc77 loc41 loc141 loc102 loc37 loc188 loc26 loc27 loc43 loc65 loc43 loc50 loc83 loc94 loc34 loc32 loc189 loc34 loc88 loc121 loc14 loc118 loc34 loc138 loc34 loc84 loc167 loc97 loc84 loc34 loc13 loc74 loc23 loc17 loc129 loc82 loc168 loc104 loc163 loc154 loc171 loc42 loc163 loc104 loc151 loc92 loc75 loc137 loc40 loc20 loc59 loc157 loc57 loc72 loc57 loc92 loc45 loc90 loc179 loc80 loc199 loc64 loc3 loc179 loc58 loc53 loc140 loc25 loc106 loc172 loc6 loc156 loc145 loc36 loc106 Soda
92
loc45 loc45
loc82 loc82
loc90 loc90
loc65 loc65
loc151 loc151
loc50 loc50
loc83 loc83
loc94 loc94
loc34 loc34
loc13 loc13
loc23 loc74 loc23
loc17 loc17
loc14 loc14
loc121 loc121
loc88 loc88
loc32 loc32
loc189 loc189
loc118 loc118
loc138 loc138
loc84 loc84
loc167 loc167
loc97 loc97
loc72 loc72
loc57 loc57
loc75 loc75
loc157 loc157
loc137 loc137
loc59 loc59
loc40 loc40
loc20 loc20
loc42 loc42 loc163
loc171 loc171
loc154 loc154
loc80 loc80 loc199
loc64 loc64
loc3 loc3
Soda Soda
loc106 loc106
loc25 loc25 loc53
loc58 loc58
loc140 loc140
loc172 loc172
loc36 loc36
loc6 loc6
loc156 loc156
loc145 loc145
loc38 loc193 loc38
loc11 loc11 loc30
loc101 loc101
loc155 loc155
loc142 loc142
loc28 loc28
loc165 loc165
loc122 loc122
loc15 loc79 loc15
loc10 loc10
loc147 loc147
loc128 loc128
loc111 loc111
loc77 loc77
loc41 loc41
loc51 loc51
loc192 loc192
loc146 loc146
loc183 loc183
loc188 loc188
loc126 loc126
loc141 loc141
loc7 loc7
loc100 loc100
loc26 loc26
loc55 loc55
loc95 loc95
loc114 loc114
loc131 loc131
loc180 loc180
loc185 loc185
loc37 loc181 loc37
loc173 loc173
loc194 loc194
loc35 loc35
loc9 loc9
loc170 loc170
loc107 loc107
loc24 loc24
loc61 loc61
loc8 loc8
loc109 loc109
loc39 loc39
loc103 loc103
loc22 loc22
loc136 loc136
