LL RG NZ OM VX RL TH VE IY FG BE BI LJ WS JP OV KV UU JD JA ED YR BM XU NO SX XA AH FT XN TX CF SB RY EW QI LW QP AU JR OD OS IV SK KF NM BR HG LG OK NF DR FL DM BD GE EQ PN YK UR VY AL VC YU TV CP KK DU CO XK FM OO AR AW RB NT GT IW XE EF AG HN HA TD SO HX YT KC KL RU EC AD EY RH TK HL XT OW FO QN QN FO OW XT HL TK RH EY AD EC RU KL KC YT HX SO TD HA HN AG EF XE IW GT NT RB AW AR OO FM XK CO DU KK CP TV YU VC AL VY UR YK PN EQ GE BD DM FL DR NF OK LG HG BR NM KF SK IV OS OD JR AU QP LW QI EW RY SB CF TX XN FT AH XA SX NO XU BM YR ED JA JD UU KV OV JP WS LJ BI BE FG IY VE TH RL VX OM NZ RG LL
37
NF NF
FM FM
YK YK
WS WS
BM BM
DU DU
EC EC
HN HN
UU UU
JR JR
TH TH
XK XK
EQ EQ
AW AW
EY EY
DM DM
HA HA
SB SB
QI QI
RL RL
VY VY
BR BR
JA JA
TV TV
FG FG
KL KL
XU XU
XT XT
AR AR
XN XN
YT YT
EF EF
QN QN
KV KV
TK TK
NT NT
GE GE
