LM RV GU WE SL YV QN NM CW SJ XM KF MF WJ LQ SA UX MP FT KV UL PB NS MB NP TW IA JR IV EJ NR GR TK FY DZ UM VI JP GB HF KT TH FA PH ZR OO OX YI OQ JA KH ST DQ CV DR RX IH BB RN MA AL WU FL ZZ VG QJ YZ UQ UN WX PS UR DB LR YX TU OW FH EN MT EX IX BR KC HU BV WH VY WY PW OZ QK YJ LS WA GZ RR WI AZ HS MQ TC WK DY ZG JL EM AX QO QA LI TP AU LV CY EO WT DC UI VC PQ VW QR AF PP AD BM FR KU EQ CG QC IY GL EA YD IJ JG KL JB PJ PV PN TL RM CT VQ YT UO SQ TD AQ HJ TG RP FN FM XX RH EE XG CE VF ZX UT ID VP LF ZU DX AA MH YF YS HP XD CJ PX VD LN BI VE OJ LE NL IE LK JC QG YG ME XC FU XB TO WM CI KY EC AO AO EC KY CI WM TO XB FU XC ME YG QG JC LK IE NL LE OJ VE BI LN VD PX CJ XD HP YS YF MH AA DX ZU LF VP ID UT ZX VF CE XG EE RH XX FM FN RP TG HJ AQ TD SQ UO YT VQ CT RM TL PN PV PJ JB KL JG IJ YD EA GL IY QC CG EQ KU FR BM AD PP AF QR VW PQ VC UI DC WT EO CY LV AU TP LI QA QO AX EM JL ZG DY WK TC MQ HS AZ WI RR GZ WA LS YJ QK OZ PW WY VY WH BV HU KC BR IX EX MT EN FH OW TU YX LR DB UR PS WX UN UQ YZ QJ VG ZZ FL WU AL MA RN BB IH RX DR CV DQ ST KH JA OQ YI OX OO ZR PH FA TH KT HF GB JP VI UM DZ FY TK GR NR EJ IV JR IA TW NP MB NS PB UL KV FT MP UX SA LQ WJ MF KF XM SJ CW NM QN YV SL WE GU RV LM
37
NL NL
PJ PJ
CG CG
QC QC
PN PN
DC DC
PX PX
VF VF
YD YD
TG TG
FU FU
UQ UQ
WH WH
PS PS
DR DR
LF LF
TO TO
FH FH
WX WX
VY VY
XG XG
SJ SJ
ZG ZG
UO UO
CW CW
IA IA
MF MF
EQ EQ
QG QG
CY CY
QJ QJ
HS HS
FT FT
KL KL
SL SL
IV IV
GR GR
