0 2 4 57 11 28 8 34 12 10 162 9 30 13 31 14 93 16 18 20 49 3 6 21 63 26 110 17 39 29 5 22 62 83 68 54 41 19 25 1 95 132 43 109 80 71 150 45 56 99 113 15 58 36 46 44 27 144 74 48 37 47 76 92 59 7 64 40 84 51 89 166 166 167 129 65 123 72 115 108 82 52 88 90 87 24 73 100 61 148 85 186 94 122 91 67 60 151 53 174 104 104 105 23 117 38 35 78 42 120 96 97 187 77 32 125 98 114 79 126 121 50 106 86 139 168 102 111 70 55 175 171 171 175 55 116 199 131 142 145 135 152 188 161 153 137 69 103 138 172 124 140 81 112 149 66 169 190 190 169 194 133 163 143 127 118 157 178 155 192 75 146 146 75 192 196 141 141 196 155 183 170 101 147 181 181 197 197 147 101 134 158 158 134 170 183 184 154 154 179 156 159 159 164 164 156 179 184 178 157 118 127 193 189 160 160 189 193 143 163 133 194 66 128 128 149 112 198 198 81 140 191 182 165 165 182 191 124 172 138 103 69 185 185 137 153 161 188 152 135 145 142 131 199 116 70 111 102 168 139 86 106 50 107 107 121 173 173 126 79 176 176 114 98 125 32 77 187 97 96 120 42 78 195 180 130 130 180 195 35 38 117 23 105 174 53 151 60 67 91 122 94 119 119 186 85 148 61 100 73 24 87 90 88 52 82 108 115 177 33 33 177 72 123 65 129 167 89 51 84 40 64 7 59 92 76 47 37 48 136 136 74 144 27 44 46 36 58 15 113 99 56 45 150 71 80 109 43 132 95 1 25 19 41 54 68 83 62 22 5 29 39 17 110 26 63 21 6 3 49 20 18 16 93 14 31 13 30 9 162 10 12 34 8 28 11 57 4 2 0
100
1 1
2 2
3 3
4 4
5 5
6 6
7 7
8 8
9 9
10 10
11 11
12 12
13 13
14 14
15 15
16 16
17 17
18 18
19 19
20 20
21 21
22 22
23 23
24 24
25 25
26 26
27 27
28 28
29 29
30 30
31 31
32 32
33 33
34 34
35 35
36 36
37 37
38 38
39 39
40 40
41 41
42 42
43 43
44 44
45 45
46 46
47 47
48 48
49 49
50 50
51 51
52 52
53 53
54 54
55 55
56 56
57 57
58 58
59 59
60 60
61 61
62 62
63 63
64 64
65 65
66 66
67 67
68 68
69 69
70 70
71 71
72 72
73 73
74 74
75 75
76 76
77 77
78 78
79 79
80 80
81 81
82 82
83 83
84 84
85 85
86 86
87 87
88 88
89 89
90 90
91 91
92 92
93 93
94 94
95 95
96 96
97 97
98 98
99 99
100 100
