0 31 4 19 39 45 55 14 13 11 3 37 96 22 18 12 70 17 46 5 15 69 2 20 29 21 27 28 7 1 10 33 23 40 48 42 16 8 57 24 25 65 82 36 77 35 54 54 72 68 89 9 84 6 64 61 50 98 44 34 51 62 75 91 71 49 83 26 26 41 41 53 86 59 43 38 52 93 90 32 85 63 73 73 88 60 60 95 58 58 74 67 78 87 30 30 87 78 67 74 95 88 63 80 99 99 80 92 81 79 79 81 94 94 92 85 32 90 93 97 97 52 38 76 76 43 59 86 53 56 56 83 49 71 91 75 62 51 34 44 98 50 61 64 66 66 6 84 9 89 68 72 35 77 36 82 65 25 24 57 8 16 42 48 40 23 33 10 1 7 28 27 21 29 20 2 69 15 5 47 47 46 17 70 12 18 22 96 37 3 11 13 14 55 45 39 19 4 31 0
50
1 1
2 2
3 3
4 4
5 5
6 6
7 7
8 8
9 9
10 10
11 11
12 12
13 13
14 14
15 15
16 16
17 17
18 18
19 19
20 20
21 21
22 22
23 23
24 24
25 25
26 26
27 27
28 28
29 29
30 30
31 31
32 32
33 33
34 34
35 35
36 36
37 37
38 38
39 39
40 40
41 41
42 42
43 43
44 44
45 45
46 46
47 47
48 48
49 49
50 50
