48 20 13 59 63 57 60 30 11 6 68 14 116 139 109 168 46 10 115 26 9 42 25 17 43 2 23 39 85 92 54 50 15 4 56 124 77 19 1 86 72 108 47 55 36 22 18 126 24 100 81 35 173 58 118 80 96 29 152 99 5 51 84 8 119 78 7 150 27 95 114 123 162 31 41 130 49 67 98 16 40 121 120 159 82 106 64 32 0 105 147 38 117 189 178 104 149 74 66 73 171 144 182 94 140 175 165 28 170 3 65 197 61 34 34 154 53 146 157 166 12 21 79 33 89 62 132 132 62 113 69 69 181 135 91 172 110 102 179 174 125 143 137 137 155 199 76 163 163 192 192 76 127 75 75 88 88 193 52 156 180 180 156 52 194 44 131 131 44 129 136 136 141 196 176 122 122 138 138 176 196 141 129 194 193 127 199 155 167 167 143 125 142 142 174 195 195 179 102 110 172 91 135 181 113 89 33 79 148 148 21 12 166 157 146 53 164 134 134 164 154 61 197 65 3 161 161 170 28 165 175 140 94 182 144 171 184 37 133 70 45 107 71 71 87 90 90 87 177 158 158 177 107 111 188 112 112 188 198 198 111 151 151 191 191 45 70 93 93 133 153 153 37 184 186 186 73 183 183 66 169 169 74 149 104 178 189 117 38 147 105 0 185 190 190 185 32 83 83 64 106 82 159 120 121 40 16 101 101 103 160 160 103 98 67 49 130 41 31 162 123 114 95 27 150 187 187 7 78 97 97 119 8 84 51 5 99 152 29 96 80 145 145 118 58 173 35 81 100 24 126 18 22 36 55 47 108 72 86 1 19 77 124 128 128 56 4 15 50 54 92 85 39 23 2 43 17 25 42 9 26 115 10 46 168 109 139 116 14 68 6 11 30 60 57 63 59 13 20 48
100
199 199
73 73
143 143
20 20
93 93
154 154
141 141
151 151
56 56
109 109
135 135
107 107
118 118
126 126
133 133
157 157
149 149
115 115
66 66
175 175
167 167
60 60
11 11
85 85
197 197
191 191
58 58
123 123
177 177
196 196
38 38
110 110
34 34
5 5
148 148
136 136
163 163
158 158
147 147
190 190
186 186
46 46
182 182
19 19
176 176
48 48
90 90
152 152
21 21
10 10
23 23
25 25
164 164
181 181
36 36
78 78
84 84
79 79
64 64
108 108
145 145
9 9
103 103
193 193
185 185
117 117
29 29
194 194
42 42
113 113
16 16
119 119
180 180
179 179
101 101
3 3
170 170
88 88
138 138
171 171
40 40
7 7
39 39
165 165
87 87
137 137
35 35
156 156
52 52
98 98
125 125
69 69
155 155
129 129
74 74
53 53
2 2
55 55
67 67
120 120
