75 16 27 1 29 39 9 25 20 2 36 33 14 52 4 47 38 45 0 40 11 5 21 68 31 41 49 6 50 15 61 61 92 19 34 34 77 44 56 53 42 32 71 26 26 80 64 12 8 22 22 67 57 23 54 28 3 24 59 59 85 98 63 37 10 70 70 10 78 69 99 72 58 48 84 89 30 65 79 51 60 43 17 17 83 83 43 60 51 79 65 76 18 13 7 66 66 74 96 73 73 96 74 87 87 7 35 95 95 35 13 62 62 81 94 82 82 94 81 18 76 30 89 84 86 97 97 86 88 88 48 58 72 90 90 99 69 78 37 46 55 55 46 91 91 93 93 63 98 85 24 3 28 54 23 57 67 8 12 64 80 71 32 42 53 56 44 77 19 92 15 50 6 49 41 31 68 21 5 11 40 0 45 38 47 4 52 14 33 36 2 20 25 9 39 29 1 27 16 75
50
94 94
86 86
87 87
76 76
97 97
75 75
21 21
13 13
36 36
80 80
57 57
69 69
89 89
3 3
73 73
4 4
82 82
64 64
98 98
52 52
74 74
46 46
48 48
25 25
42 42
47 47
55 55
29 29
31 31
91 91
84 84
49 49
92 92
77 77
81 81
43 43
7 7
34 34
90 90
56 56
58 58
59 59
44 44
65 65
62 62
96 96
9 9
12 12
32 32
26 26
