mdyuzxshey vkrlpmybdj zmfuudfatm ouxenssqdu tvcolajnao qcktwemqbm pymtnhypxd xkasbvrrxd eysfgfavho phknwbtipl kdujdjjwot sinegnctim sinegnctim zjbarjhmau wkwwcqjtxf wkwwcqjtxf bulywvvpni siatqqydwf ahqdrcepub lazlsvgukx idfvjoquhh lbuiysostx oegfbrwyrp tgbmxdmvwe rnpokwoqgt zpjhxyylhb ebqxbaqnmm zumetrybth tvuprbwofb tvuprbwofb gjmmikaxih gjmmikaxih jatkaoyfxb bnmegnfgii bnmegnfgii jatkaoyfxb zumetrybth ljhmnbaicr owusjcmdkp lnicnhmajr chjuuxuacs euqbrkzdsw oggftsricu lkvobxyfca xplqpgpbvq hadchvmijq jqtguzxxsl yiwwdwbzth wtyqwjwskq bswhowadhl psiebvskfb zpybghfdbe cmdqzmgvfi qfbvncxldf qfbvncxldf tmrnpjqnxx wtlzrefwav xawkqmfmmx xawkqmfmmx epdwcjuvdr gkcfktyute gkcfktyute wynbxuuxru wynbxuuxru epdwcjuvdr evdoyagqfp evdoyagqfp jrmlkfexfk gllungmori rkyixxpcbx eooyfwmxln eooyfwmxln optviwhmbr ixyurvbpvu gwnccktgki syxecaxosc qgfchcatzi qgfchcatzi syxecaxosc gwnccktgki hkempoemlv mswyvpdrsy lndsfxewdc wtjzgzopuw wtjzgzopuw awqmxektil awqmxektil lndsfxewdc mswyvpdrsy fznfvsgjhc yhpfnjjqmm yhpfnjjqmm sjtuxgdwms sjtuxgdwms fznfvsgjhc hkempoemlv uooysjrxsb seeyrseflx vugkhjygfe vugkhjygfe seeyrseflx uooysjrxsb ixyurvbpvu optviwhmbr rkyixxpcbx gllungmori jrmlkfexfk hsjqtjkukk smwxdupkdv koawdpgqdx qzdrdcxoib jrusiskazm xywdziunpr xywdziunpr jrusiskazm qzdrdcxoib unihwwnyqz ztplgyvqhm ztplgyvqhm qepegujmaa xtvbrolacp iwdghbmiai gucdicwxmb gucdicwxmb iwdghbmiai xtvbrolacp jfccyptuug jfccyptuug qepegujmaa unihwwnyqz aokbiptbzc aokbiptbzc koawdpgqdx smwxdupkdv hsjqtjkukk wtlzrefwav tmrnpjqnxx qydclznxrd qydclznxrd cmdqzmgvfi zpybghfdbe psiebvskfb bswhowadhl wtyqwjwskq xftptyrlvl jedsthbmzo oewptytlja nwlccbonas fxuhthwjjp bbwcqzwyoz bbwcqzwyoz fxuhthwjjp nwlccbonas knfzsnhzvx knfzsnhzvx oewptytlja jedsthbmzo xftptyrlvl yiwwdwbzth jqtguzxxsl hadchvmijq xplqpgpbvq lkvobxyfca oggftsricu kyblmbvqtv kyblmbvqtv euqbrkzdsw chjuuxuacs lnicnhmajr owusjcmdkp ljhmnbaicr ebqxbaqnmm zpjhxyylhb rnpokwoqgt tgbmxdmvwe oegfbrwyrp lbuiysostx idfvjoquhh lazlsvgukx ahqdrcepub siatqqydwf bulywvvpni zjbarjhmau kdujdjjwot phknwbtipl eysfgfavho xkasbvrrxd pymtnhypxd qcktwemqbm tvcolajnao ouxenssqdu zmfuudfatm vkrlpmybdj mysadifwma mysadifwma mdyuzxshey
49
mysadifwma mysadifwma
jatkaoyfxb jatkaoyfxb
gwnccktgki gwnccktgki
jedsthbmzo jedsthbmzo
bnmegnfgii bnmegnfgii
kdujdjjwot kdujdjjwot
oewptytlja oewptytlja
zjbarjhmau zjbarjhmau
vkrlpmybdj vkrlpmybdj
bulywvvpni bulywvvpni
lndsfxewdc lndsfxewdc
knfzsnhzvx knfzsnhzvx
lbuiysostx lbuiysostx
tgbmxdmvwe tgbmxdmvwe
eooyfwmxln eooyfwmxln
zmfuudfatm zmfuudfatm
xtvbrolacp xtvbrolacp
hadchvmijq hadchvmijq
ahqdrcepub ahqdrcepub
rkyixxpcbx rkyixxpcbx
ebqxbaqnmm ebqxbaqnmm
mswyvpdrsy mswyvpdrsy
qydclznxrd qydclznxrd
wynbxuuxru wynbxuuxru
qcktwemqbm qcktwemqbm
zumetrybth zumetrybth
lazlsvgukx lazlsvgukx
jqtguzxxsl jqtguzxxsl
vugkhjygfe vugkhjygfe
aokbiptbzc aokbiptbzc
gllungmori gllungmori
optviwhmbr optviwhmbr
qepegujmaa qepegujmaa
wtlzrefwav wtlzrefwav
wtyqwjwskq wtyqwjwskq
lkvobxyfca lkvobxyfca
owusjcmdkp owusjcmdkp
qfbvncxldf qfbvncxldf
ljhmnbaicr ljhmnbaicr
xftptyrlvl xftptyrlvl
koawdpgqdx koawdpgqdx
fznfvsgjhc fznfvsgjhc
cmdqzmgvfi cmdqzmgvfi
mdyuzxshey mdyuzxshey
nwlccbonas nwlccbonas
euqbrkzdsw euqbrkzdsw
lnicnhmajr lnicnhmajr
seeyrseflx seeyrseflx
psiebvskfb psiebvskfb
