gucdicwxmb sinegnctim sinegnctim epdwcjuvdr vugkhjygfe qzdrdcxoib wtyqwjwskq eysfgfavho lbuiysostx tvuprbwofb siatqqydwf yiwwdwbzth oggftsricu kdujdjjwot tgbmxdmvwe gkcfktyute zjbarjhmau xawkqmfmmx smwxdupkdv unihwwnyqz koawdpgqdx zpjhxyylhb vkrlpmybdj vkrlpmybdj rnpokwoqgt jqtguzxxsl evdoyagqfp evdoyagqfp jqtguzxxsl iwdghbmiai iwdghbmiai wtlzrefwav eooyfwmxln zmfuudfatm ouxenssqdu ouxenssqdu zmfuudfatm eooyfwmxln wtlzrefwav rnpokwoqgt gjmmikaxih seeyrseflx gwnccktgki ztplgyvqhm ztplgyvqhm gwnccktgki seeyrseflx gjmmikaxih zpjhxyylhb aokbiptbzc gllungmori gllungmori psiebvskfb zumetrybth zumetrybth xtvbrolacp zpybghfdbe jedsthbmzo chjuuxuacs bswhowadhl bswhowadhl chjuuxuacs lkvobxyfca lkvobxyfca qfbvncxldf nwlccbonas nwlccbonas qfbvncxldf jedsthbmzo zpybghfdbe xtvbrolacp psiebvskfb aokbiptbzc koawdpgqdx unihwwnyqz smwxdupkdv xawkqmfmmx zjbarjhmau gkcfktyute tgbmxdmvwe bnmegnfgii bnmegnfgii kdujdjjwot oggftsricu yiwwdwbzth siatqqydwf tvuprbwofb xplqpgpbvq xplqpgpbvq lbuiysostx eysfgfavho wtyqwjwskq qzdrdcxoib ahqdrcepub ahqdrcepub vugkhjygfe epdwcjuvdr gucdicwxmb
21
rnpokwoqgt rnpokwoqgt
ahqdrcepub ahqdrcepub
xawkqmfmmx xawkqmfmmx
lkvobxyfca lkvobxyfca
iwdghbmiai iwdghbmiai
psiebvskfb psiebvskfb
vkrlpmybdj vkrlpmybdj
yiwwdwbzth yiwwdwbzth
zjbarjhmau zjbarjhmau
seeyrseflx seeyrseflx
ztplgyvqhm ztplgyvqhm
oggftsricu oggftsricu
tvuprbwofb tvuprbwofb
gkcfktyute gkcfktyute
zumetrybth zumetrybth
zpjhxyylhb zpjhxyylhb
koawdpgqdx koawdpgqdx
evdoyagqfp evdoyagqfp
vugkhjygfe vugkhjygfe
wtyqwjwskq wtyqwjwskq
epdwcjuvdr epdwcjuvdr
