evdoyagqfp xawkqmfmmx xftptyrlvl jqtguzxxsl smwxdupkdv tvcolajnao lcrihrmoqu tgbmxdmvwe opmnfgpclg tvuprbwofb zumetrybth vugkhjygfe xywdziunpr oggftsricu xeigbnzhbj seeyrseflx jrmlkfexfk pymtnhypxd pwgublhwxg zpybghfdbe khisjiexts gkcfktyute phknwbtipl fdgcygwgjf rnpokwoqgt oownpsyviv oavtmpaqji qydclznxrd ljhmnbaicr bswhowadhl zpjhxyylhb kvfpaspidv wtyqwjwskq ahqdrcepub byyqgjwsrp gjmmikaxih jrusiskazm vkrlpmybdj lndsfxewdc lbuiysostx frwgnrofof qqtzqvrvyc kwbnyneokj qpxtrjvxpe lnicnhmajr aruwdskzta aruwdskzta kyrhqthnvz kyrhqthnvz xychpimpzb qcktwemqbm knfzsnhzvx etdxtwotzh qepegujmaa koawdpgqdx psiebvskfb psiebvskfb wkwwcqjtxf wtjzgzopuw wtjzgzopuw bulywvvpni xtraxybdhx xtraxybdhx bulywvvpni osdeymjeil qiqnnrlapz spdafzaivh ldnozwuuuq eaozvwjoso vqakgbtmpu xqwyvbvueh idfvjoquhh kijbyyuzhd unihwwnyqz xplqpgpbvq kdujdjjwot wirlbujvjm hsjqtjkukk jatkaoyfxb nbjyrygtdh ymvlfsdhbu aokbiptbzc aokbiptbzc lazlsvgukx wynbxuuxru qzdrdcxoib voaumgrcuj voaumgrcuj qzdrdcxoib epdwcjuvdr eooyfwmxln fczruomdab siatqqydwf ytidnmibdj ebqxbaqnmm oegfbrwyrp fclmzghxkf xguvjomcdt nwlccbonas bbwcqzwyoz ijbfzrqwct qfbvncxldf ixyurvbpvu yiwwdwbzth uddkspyqjc jfccyptuug sinegnctim owusjcmdkp stdiixwrjc ummqduagjn ummqduagjn guuudgvhny xknpudafue xknpudafue ivugtsvtqb optviwhmbr vfdsalrajq vfdsalrajq optviwhmbr ivugtsvtqb guuudgvhny stdiixwrjc owusjcmdkp sinegnctim tgkujfknod tgkujfknod cpwyxulkjm cpwyxulkjm jfccyptuug uddkspyqjc yiwwdwbzth ixyurvbpvu qfbvncxldf bimtbhwsby chjuuxuacs afortwurqt zmfuudfatm cttlxdtaiw xzwkhxkxjr pbefrggyje wtlzrefwav eysfgfavho lkvobxyfca kgktiatgjn kgktiatgjn lkvobxyfca bpbbtoptwg rfcbhdtwvm xtvbrolacp afrdrejwtp afrdrejwtp xtvbrolacp awqmxektil mswyvpdrsy yqwistxtxc hofbtczdgp jwcdeoubpx jwcdeoubpx hofbtczdgp yqwistxtxc mswyvpdrsy mcxqvnkhbl mcxqvnkhbl awqmxektil syxecaxosc oddoubpfzn sjtuxgdwms iwdghbmiai kvxwqiryyu qbiylslccb qbiylslccb kvxwqiryyu iwdghbmiai sjtuxgdwms cdqkyomyxw cdqkyomyxw oddoubpfzn syxecaxosc kyblmbvqtv tmatbexcil tmatbexcil kyblmbvqtv xvgujpzkiw xvgujpzkiw rfcbhdtwvm ybdknfjgrw ybdknfjgrw bpbbtoptwg eysfgfavho mdyuzxshey ouxenssqdu fznfvsgjhc imkzafjljw tmrnpjqnxx tmrnpjqnxx imkzafjljw fznfvsgjhc ouxenssqdu bbczvyonym bbczvyonym mdyuzxshey sipmuleqch sipmuleqch zbvxzejelx zbvxzejelx wtlzrefwav xnppuesbrr gllungmori qxuqrfzzob qxuqrfzzob gllungmori hxkhivkhyl scesbtewjx xfsfninwab xfsfninwab scesbtewjx hxkhivkhyl eqdxeqvtsb eqdxeqvtsb xnppuesbrr xwrvhrxnqy xifuopshzj xifuopshzj xwrvhrxnqy pbefrggyje xzwkhxkxjr uqoafoloje zjbarjhmau ichabbvkhm ichabbvkhm zjbarjhmau uqoafoloje rlxmdzqomd cmdqzmgvfi qgfchcatzi yriqtwavfx gucdicwxmb gucdicwxmb rkyixxpcbx rkyixxpcbx uhalgukdzb dnmgxnhbgi vnzypgtlkj gbdejcnknd gbdejcnknd vnzypgtlkj dnmgxnhbgi uhalgukdzb yriqtwavfx qgfchcatzi pdljcbluhp pdljcbluhp cmdqzmgvfi rlxmdzqomd cttlxdtaiw zmfuudfatm afortwurqt chjuuxuacs yhpfnjjqmm yhpfnjjqmm bimtbhwsby ijbfzrqwct bbwcqzwyoz itbfnxnauh itbfnxnauh nwlccbonas xguvjomcdt fclmzghxkf oegfbrwyrp ebqxbaqnmm ytidnmibdj siatqqydwf fczruomdab eooyfwmxln epdwcjuvdr wynbxuuxru lazlsvgukx xsjzeyxnpw xsjzeyxnpw frfueiglva frfueiglva ymvlfsdhbu czvqvijjlb ztplgyvqhm ztplgyvqhm czvqvijjlb nbjyrygtdh jatkaoyfxb hsjqtjkukk wirlbujvjm kdujdjjwot xplqpgpbvq unihwwnyqz gwnccktgki gwnccktgki ztvejhcxjs nfvvjywhsb uooysjrxsb uooysjrxsb ederofzujd ederofzujd nfvvjywhsb ztvejhcxjs kijbyyuzhd idfvjoquhh xqwyvbvueh vqakgbtmpu eaozvwjoso ldnozwuuuq spdafzaivh qiqnnrlapz osdeymjeil lkvtxfwozs lkvtxfwozs wkwwcqjtxf koawdpgqdx pcilmgdrgc wwqchwdmtx jedsthbmzo euqbrkzdsw zivwgfcxqi zivwgfcxqi euqbrkzdsw qxfgqgbbdn qxfgqgbbdn jedsthbmzo wwqchwdmtx ivgbjyugdu ivgbjyugdu pcilmgdrgc qepegujmaa etdxtwotzh knfzsnhzvx qcktwemqbm xychpimpzb lnicnhmajr qpxtrjvxpe kwbnyneokj qqtzqvrvyc frwgnrofof lbuiysostx lndsfxewdc vkrlpmybdj jrusiskazm gjmmikaxih byyqgjwsrp ahqdrcepub wtyqwjwskq kvfpaspidv zpjhxyylhb bswhowadhl ljhmnbaicr oewptytlja oewptytlja qydclznxrd oavtmpaqji oownpsyviv rnpokwoqgt fdgcygwgjf phknwbtipl xkasbvrrxd xkasbvrrxd gkcfktyute khisjiexts zpybghfdbe pwgublhwxg pymtnhypxd jrmlkfexfk hkempoemlv hkempoemlv seeyrseflx hadchvmijq hadchvmijq xeigbnzhbj oggftsricu xywdziunpr vugkhjygfe zumetrybth tvuprbwofb opmnfgpclg tgbmxdmvwe lcrihrmoqu tvcolajnao smwxdupkdv jqtguzxxsl fxuhthwjjp fxuhthwjjp mysadifwma robpunozly bnmegnfgii bnmegnfgii robpunozly mysadifwma fluzhooehk fluzhooehk xftptyrlvl xawkqmfmmx evdoyagqfp
99
oavtmpaqji oavtmpaqji
tmrnpjqnxx tmrnpjqnxx
vugkhjygfe vugkhjygfe
qxfgqgbbdn qxfgqgbbdn
jrmlkfexfk jrmlkfexfk
lnicnhmajr lnicnhmajr
kgktiatgjn kgktiatgjn
jrusiskazm jrusiskazm
qgfchcatzi qgfchcatzi
itbfnxnauh itbfnxnauh
kvxwqiryyu kvxwqiryyu
tmatbexcil tmatbexcil
xguvjomcdt xguvjomcdt
bbczvyonym bbczvyonym
xawkqmfmmx xawkqmfmmx
uhalgukdzb uhalgukdzb
wkwwcqjtxf wkwwcqjtxf
fluzhooehk fluzhooehk
qiqnnrlapz qiqnnrlapz
yiwwdwbzth yiwwdwbzth
ldnozwuuuq ldnozwuuuq
bbwcqzwyoz bbwcqzwyoz
wwqchwdmtx wwqchwdmtx
hofbtczdgp hofbtczdgp
gucdicwxmb gucdicwxmb
smwxdupkdv smwxdupkdv
qfbvncxldf qfbvncxldf
xwrvhrxnqy xwrvhrxnqy
wtlzrefwav wtlzrefwav
hsjqtjkukk hsjqtjkukk
euqbrkzdsw euqbrkzdsw
mysadifwma mysadifwma
afortwurqt afortwurqt
oggftsricu oggftsricu
kyrhqthnvz kyrhqthnvz
xnppuesbrr xnppuesbrr
mdyuzxshey mdyuzxshey
ouxenssqdu ouxenssqdu
guuudgvhny guuudgvhny
qpxtrjvxpe qpxtrjvxpe
ichabbvkhm ichabbvkhm
hkempoemlv hkempoemlv
fdgcygwgjf fdgcygwgjf
vkrlpmybdj vkrlpmybdj
vfdsalrajq vfdsalrajq
lcrihrmoqu lcrihrmoqu
uooysjrxsb uooysjrxsb
rnpokwoqgt rnpokwoqgt
evdoyagqfp evdoyagqfp
tvcolajnao tvcolajnao
cttlxdtaiw cttlxdtaiw
etdxtwotzh etdxtwotzh
tgkujfknod tgkujfknod
zivwgfcxqi zivwgfcxqi
rkyixxpcbx rkyixxpcbx
qepegujmaa qepegujmaa
seeyrseflx seeyrseflx
voaumgrcuj voaumgrcuj
qxuqrfzzob qxuqrfzzob
pbefrggyje pbefrggyje
optviwhmbr optviwhmbr
aruwdskzta aruwdskzta
stdiixwrjc stdiixwrjc
cpwyxulkjm cpwyxulkjm
gbdejcnknd gbdejcnknd
pdljcbluhp pdljcbluhp
oegfbrwyrp oegfbrwyrp
xychpimpzb xychpimpzb
xkasbvrrxd xkasbvrrxd
bimtbhwsby bimtbhwsby
psiebvskfb psiebvskfb
scesbtewjx scesbtewjx
ahqdrcepub ahqdrcepub
eooyfwmxln eooyfwmxln
vnzypgtlkj vnzypgtlkj
bswhowadhl bswhowadhl
bnmegnfgii bnmegnfgii
kijbyyuzhd kijbyyuzhd
xqwyvbvueh xqwyvbvueh
byyqgjwsrp byyqgjwsrp
wynbxuuxru wynbxuuxru
zmfuudfatm zmfuudfatm
afrdrejwtp afrdrejwtp
ymvlfsdhbu ymvlfsdhbu
lndsfxewdc lndsfxewdc
lkvtxfwozs lkvtxfwozs
osdeymjeil osdeymjeil
tgbmxdmvwe tgbmxdmvwe
nwlccbonas nwlccbonas
xywdziunpr xywdziunpr
pcilmgdrgc pcilmgdrgc
xifuopshzj xifuopshzj
bulywvvpni bulywvvpni
ivugtsvtqb ivugtsvtqb
aokbiptbzc aokbiptbzc
ivgbjyugdu ivgbjyugdu
nbjyrygtdh nbjyrygtdh
kvfpaspidv kvfpaspidv
eqdxeqvtsb eqdxeqvtsb
