lVOvaZXqjnb1QiPN4SL LxrqIj6vUJmAulbGEsz 6yczq9OEfSPk2s1GodH WMcq9fQKeLJk5Y0CDTR pBC7kb6YvcSm2XysuzG CgrHnsmUEaKbL2Bu9fI PmQXT3OGFtJDs9diWZV wVe6HY1xINUrGjoPvBR 5VbntkgFqTX8w9sYai2 H73qxghnr8SspNjtPW5 K7nbuQS5FWTkmHyhi69 asp20NJKvZUtDiW1Trx ctr2CvsehWx0ENY16wO DQw9naPXAhyUOL6tvVl 1V4PG7oEw2rS9xRO3Bj 7aRmJfDh4vEt258Ai9L d6UiSTzYoMpXGw48gAD bf47z98om5ZMUVORjG0 Sz9FxGJ7CPMEbUovXQq lZ2Ga35MbPOtokD1gF0 cbGv0lH2ekt7XznaK9Q ejNRIidB4gvrEPnTV8U QKaVhgAPN7MzZXkIJif tmubz8TR6MEqo04GaXQ rqNcZ8MUzDE3H2ekKJp prEdKF8t2xfGRCWhIb6 ydR9gWXJkKALx6CwnN5 7ylUw023cBhQYobkz4m vEbpxhNR9ImsTgyqFO2 Dea9uc7gshQNXqSrGwR 0I5bOlMW6Q9DuYsrn12 YioPekqCUnASaBF9NdH U5dFVbnKu6iAo4sPWQY q2hnSgjm30BKapPZH8v QxOibWH820XNYpq3tLs xgwVF2QIT3hvcbajUW6 bWTReYw0BhlvS4MOVfL 1rohJL7paNV60dkwHy5 gPuR31xAk9zvU6NTyj8 vFfwkYMLZqi2uNenlj8 ZCNy86nGLY4wfo1cWje yXsLdi0xfgQkYqnZr1G FlotE1H9ncziVfSk3RL CDEvtaSiF17w8zo2Aey Ldcl3AQ6if2Tw05Rt4a 6sf0XjAagZLqR4CJPlD wG9ACiZlVUHDz67EehO Bu8WOrVsJFcCQXm29Ue PjaGwqf8CSFyxQX6Tph B7nrAf5T0ywLjJhlW92 ZYgsVSN6W2mIfqFPXei 4CF9Rq7EKgAduij0sG3 M1yAedBWD0aOQKUkTj8 S3RnaUX1VOgTWKz9hbE Wlgb46rPaXLDOZeuAk8 xQmgW0nsTLYUtEPFkAV 0FXL28QbGfmzgHyvnMD 0Vca3FbEMRi5AQDsO6n ZyzOgrvJLwMcx1a2Epj DmkWNycnQS4XZxvM1rf r7lSNvA6nm9JpW8THBj niqhpIvmWlXDfoxR306 W2RbIBa65g3kqx0jcnz 6oNswnF1cJhOzlWLC8Z 9TnE82lFzgSRfhLcjty YLmOiXFGB7JosQNtI95 sYlHgS5wtRaZOTc7xoL PMi5mGhrzJqWAYD3BHv PMi5mGhrzJqWAYD3BHv w94BKFb1ecikMGfS70L w94BKFb1ecikMGfS70L FAMBezib3NQgOGjoTWc Dp1cxCTaBumI7LFG9yR Mg6pyiPn23XZN5TYhWu FxwUySuh4zmE6kCHNsa UTh5uxcaOEdINJHjKt8 SufhLJOiCtkMF6HlyGg gkpL5fD3ElFtx1WROvh 4AqQ5YUNTrIBzKiPea7 j3FIYMTRaZqwSboGDli Zo80ElJk9ieDrNjYvm2 L6i2mJWwCPlub7GeUYN VtpXbQuGP9Wqv0OxRMo 0T9maM1SwOgrVn4YzoH Z2Oqdnc0MfDeAKGTu48 jM95rTCpteGDZ0BkxHz Yi7NLz6vyjKXEpMDWSZ eVptTkzJDKPoSRbwfs0 CwPJNgKrseluBSRnW2Z EVhZUkuHSmAlJMtdINf mpUD6RfHyeQOtYhIdaP YkRo3m4NGhXuEbHLgis YkRo3m4NGhXuEbHLgis mpUD6RfHyeQOtYhIdaP EVhZUkuHSmAlJMtdINf CwPJNgKrseluBSRnW2Z eVptTkzJDKPoSRbwfs0 Yi7NLz6vyjKXEpMDWSZ jM95rTCpteGDZ0BkxHz Z2Oqdnc0MfDeAKGTu48 0T9maM1SwOgrVn4YzoH VtpXbQuGP9Wqv0OxRMo L6i2mJWwCPlub7GeUYN Zo80ElJk9ieDrNjYvm2 j3FIYMTRaZqwSboGDli 4AqQ5YUNTrIBzKiPea7 gkpL5fD3ElFtx1WROvh SufhLJOiCtkMF6HlyGg UTh5uxcaOEdINJHjKt8 FxwUySuh4zmE6kCHNsa Mg6pyiPn23XZN5TYhWu Dp1cxCTaBumI7LFG9yR FAMBezib3NQgOGjoTWc sYlHgS5wtRaZOTc7xoL YLmOiXFGB7JosQNtI95 9TnE82lFzgSRfhLcjty 6oNswnF1cJhOzlWLC8Z W2RbIBa65g3kqx0jcnz niqhpIvmWlXDfoxR306 r7lSNvA6nm9JpW8THBj DmkWNycnQS4XZxvM1rf ZyzOgrvJLwMcx1a2Epj 0Vca3FbEMRi5AQDsO6n 0FXL28QbGfmzgHyvnMD xQmgW0nsTLYUtEPFkAV Wlgb46rPaXLDOZeuAk8 S3RnaUX1VOgTWKz9hbE M1yAedBWD0aOQKUkTj8 4CF9Rq7EKgAduij0sG3 ZYgsVSN6W2mIfqFPXei B7nrAf5T0ywLjJhlW92 PjaGwqf8CSFyxQX6Tph Bu8WOrVsJFcCQXm29Ue wG9ACiZlVUHDz67EehO 6sf0XjAagZLqR4CJPlD Ldcl3AQ6if2Tw05Rt4a CDEvtaSiF17w8zo2Aey FlotE1H9ncziVfSk3RL yXsLdi0xfgQkYqnZr1G ZCNy86nGLY4wfo1cWje vFfwkYMLZqi2uNenlj8 gPuR31xAk9zvU6NTyj8 1rohJL7paNV60dkwHy5 bWTReYw0BhlvS4MOVfL xgwVF2QIT3hvcbajUW6 QxOibWH820XNYpq3tLs q2hnSgjm30BKapPZH8v U5dFVbnKu6iAo4sPWQY YioPekqCUnASaBF9NdH 0I5bOlMW6Q9DuYsrn12 Dea9uc7gshQNXqSrGwR vEbpxhNR9ImsTgyqFO2 7ylUw023cBhQYobkz4m ydR9gWXJkKALx6CwnN5 prEdKF8t2xfGRCWhIb6 qe0CW9YTfri5FH8nzhZ qe0CW9YTfri5FH8nzhZ oarTSh6swBUepOyZfIL oarTSh6swBUepOyZfIL J3FvU9WXMbfo8m0ZhcD J3FvU9WXMbfo8m0ZhcD 9ZJNwSv0RBa6MeqIpmt 9ZJNwSv0RBa6MeqIpmt WFoj1MI7y5B3zXtAgZ8 WFoj1MI7y5B3zXtAgZ8 zROkalGf12roedQWiBZ zROkalGf12roedQWiBZ rqNcZ8MUzDE3H2ekKJp tmubz8TR6MEqo04GaXQ M5bN0l7KCxBwZvTjOzI M5bN0l7KCxBwZvTjOzI UIJTGnEvaFfWoB4pReZ UIJTGnEvaFfWoB4pReZ QKaVhgAPN7MzZXkIJif ejNRIidB4gvrEPnTV8U cbGv0lH2ekt7XznaK9Q lZ2Ga35MbPOtokD1gF0 Sz9FxGJ7CPMEbUovXQq bf47z98om5ZMUVORjG0 d6UiSTzYoMpXGw48gAD 7aRmJfDh4vEt258Ai9L 1V4PG7oEw2rS9xRO3Bj yReNFSdk9pj46IBuJlD yReNFSdk9pj46IBuJlD DQw9naPXAhyUOL6tvVl ctr2CvsehWx0ENY16wO ofc35ZL6ED4Qs9nYgtu ofc35ZL6ED4Qs9nYgtu asp20NJKvZUtDiW1Trx K7nbuQS5FWTkmHyhi69 H73qxghnr8SspNjtPW5 5VbntkgFqTX8w9sYai2 wVe6HY1xINUrGjoPvBR PmQXT3OGFtJDs9diWZV CgrHnsmUEaKbL2Bu9fI pBC7kb6YvcSm2XysuzG WMcq9fQKeLJk5Y0CDTR 6yczq9OEfSPk2s1GodH LxrqIj6vUJmAulbGEsz lVOvaZXqjnb1QiPN4SL
50
lVOvaZXqjnb1QiPN4SL lVOvaZXqjnb1QiPN4SL
LxrqIj6vUJmAulbGEsz LxrqIj6vUJmAulbGEsz
6yczq9OEfSPk2s1GodH 6yczq9OEfSPk2s1GodH
WMcq9fQKeLJk5Y0CDTR WMcq9fQKeLJk5Y0CDTR
pBC7kb6YvcSm2XysuzG pBC7kb6YvcSm2XysuzG
CgrHnsmUEaKbL2Bu9fI CgrHnsmUEaKbL2Bu9fI
PmQXT3OGFtJDs9diWZV PmQXT3OGFtJDs9diWZV
wVe6HY1xINUrGjoPvBR wVe6HY1xINUrGjoPvBR
5VbntkgFqTX8w9sYai2 5VbntkgFqTX8w9sYai2
H73qxghnr8SspNjtPW5 H73qxghnr8SspNjtPW5
K7nbuQS5FWTkmHyhi69 K7nbuQS5FWTkmHyhi69
asp20NJKvZUtDiW1Trx asp20NJKvZUtDiW1Trx
ctr2CvsehWx0ENY16wO ctr2CvsehWx0ENY16wO
DQw9naPXAhyUOL6tvVl DQw9naPXAhyUOL6tvVl
1V4PG7oEw2rS9xRO3Bj 1V4PG7oEw2rS9xRO3Bj
7aRmJfDh4vEt258Ai9L 7aRmJfDh4vEt258Ai9L
d6UiSTzYoMpXGw48gAD d6UiSTzYoMpXGw48gAD
bf47z98om5ZMUVORjG0 bf47z98om5ZMUVORjG0
Sz9FxGJ7CPMEbUovXQq Sz9FxGJ7CPMEbUovXQq
lZ2Ga35MbPOtokD1gF0 lZ2Ga35MbPOtokD1gF0
cbGv0lH2ekt7XznaK9Q cbGv0lH2ekt7XznaK9Q
ejNRIidB4gvrEPnTV8U ejNRIidB4gvrEPnTV8U
QKaVhgAPN7MzZXkIJif QKaVhgAPN7MzZXkIJif
tmubz8TR6MEqo04GaXQ tmubz8TR6MEqo04GaXQ
rqNcZ8MUzDE3H2ekKJp rqNcZ8MUzDE3H2ekKJp
7ylUw023cBhQYobkz4m 7ylUw023cBhQYobkz4m
YioPekqCUnASaBF9NdH YioPekqCUnASaBF9NdH
9TnE82lFzgSRfhLcjty 9TnE82lFzgSRfhLcjty
yReNFSdk9pj46IBuJlD yReNFSdk9pj46IBuJlD
M5bN0l7KCxBwZvTjOzI M5bN0l7KCxBwZvTjOzI
bWTReYw0BhlvS4MOVfL bWTReYw0BhlvS4MOVfL
ofc35ZL6ED4Qs9nYgtu ofc35ZL6ED4Qs9nYgtu
PMi5mGhrzJqWAYD3BHv PMi5mGhrzJqWAYD3BHv
UIJTGnEvaFfWoB4pReZ UIJTGnEvaFfWoB4pReZ
prEdKF8t2xfGRCWhIb6 prEdKF8t2xfGRCWhIb6
q2hnSgjm30BKapPZH8v q2hnSgjm30BKapPZH8v
PjaGwqf8CSFyxQX6Tph PjaGwqf8CSFyxQX6Tph
gPuR31xAk9zvU6NTyj8 gPuR31xAk9zvU6NTyj8
ZYgsVSN6W2mIfqFPXei ZYgsVSN6W2mIfqFPXei
qe0CW9YTfri5FH8nzhZ qe0CW9YTfri5FH8nzhZ
oarTSh6swBUepOyZfIL oarTSh6swBUepOyZfIL
J3FvU9WXMbfo8m0ZhcD J3FvU9WXMbfo8m0ZhcD
ZCNy86nGLY4wfo1cWje ZCNy86nGLY4wfo1cWje
9ZJNwSv0RBa6MeqIpmt 9ZJNwSv0RBa6MeqIpmt
WFoj1MI7y5B3zXtAgZ8 WFoj1MI7y5B3zXtAgZ8
w94BKFb1ecikMGfS70L w94BKFb1ecikMGfS70L
Dea9uc7gshQNXqSrGwR Dea9uc7gshQNXqSrGwR
wG9ACiZlVUHDz67EehO wG9ACiZlVUHDz67EehO
zROkalGf12roedQWiBZ zROkalGf12roedQWiBZ
YkRo3m4NGhXuEbHLgis YkRo3m4NGhXuEbHLgis
