AwxIeucriHjf27FhspG yWzqUasT3R6D74kKJru LKpfxPqdJvaI8C0We3z 2oDxBYX4AFTcdsuyjS7 ORVoYgr9pvTkjDEn3z1 SgEu94o85QKaBwRnUqk iYI8LowClq2xG0XWSdZ v8rJpjBE2GMRcaD7w4V PyJKts960QpjhTLD2OE 8CRHxDVKFZsYB6tMpik dLzEgnCZKowbF2kJImP qR1w8vWKJ9GTMoIVHEe N4xuWFlCoSegmctI20M ZDtoyidIR6aqQwg1rfL r7atW26zvHYEAjxZB5I 9k3KERBOiDm5tSLWTuV p39vLN8ZTmldOHc7FQq RZydCPMgeNYjxh8sAGI ZiPlEIqjAW0gpVoJsT6 tW8U5JQYoGLH1fxkDly XfrmtaWRUdFACN809yS 1pEvPaYSub2mW8eItUO JX3fUkTlirV92nytHdI IxZGeW9SUK2QcXf7aJs 81enwCUSxbBZOYdyVNm oXD0mSLKMYy5gjbW7s3 gkIdtam3XO0GhSfHMn2 oqS8bChDzaEOsTV2FZp Z67LKcAUNbXP0xGtue2 4LxtbrVK16vaZhMqPTf sP8cQuHBaxI7wkL0VTS p80UhzCbyXmZiGjNTVY JOjfABw83oFCiaXDvMs SILZWArv6k7FcGhyeb5 3WN1qBmcvAExjdM6Gr7 SWcTa048zDXHmAk67vq UhV08bJKBApcNP4O7xl TwZjBSskDY4E9OdRuXv 32iUhWwbaRQdpGN6CP9 JcQAO3uxterl9IUwhKB sho45SEzbYFQpR1CwZm 4WPDhRB2vq5G1CNxpiz 8XdiGJQuvDq0O45cAa3 TD1lnWQY5GcdEjtfVzs Nji35abpK0CTUSlWGuA OzSVlAJPB8pD7McueaG IlfLurGFiMO9W3wUAXR bXmHFcCtVZPv4oxBweM 8aKYx2SdqPRjFvi6yr4 KJwAq0SmfUlOGo8Pbeh EyCHsSP5XZrQR0L23jf yfojKR4t2HQN6IZaeG9 LdUAKJjGy23PM8pSE0H iEFbnXL3WCYzGIBsQyg FhQNEw3VjK7YeUgT8rm i1X8bBqcpaOv7PtxHzy weiO89Us3SIvoaPtrB0 Y4pFOJ6VP8bxu9lNyeH NXV1D2dbScZ4y9pUtqW ZU4OFqH2PfgLpEJVSG6 OFnyj64xurghSV8Cz13 NCitHRhmgX02L7OSpdJ VMPr01qNctRo2GspAdh f1VyRETclzY830eXJ2Q Jlkixpd2cLWGKCrVSmf f0JPGEvKuMcqjgi5XlZ 5Sgq2KH8U61EC0W3VNR YPlLw8UTgi3t0zdEmRB eqi0fKTM2RdD6zkSAEr 59tMKRoCYOdJD4Igf8N J6ComdZW9qLG5V7D2Qb dhXvUkRL28FGAxDyIYB mqAocERyYrzi36U5pTt AFb1IsaYEMdpOjguCzq 4RPkH7Dc2lSytIEjdvZ 3vJrsYkiK0pXWohaF5j kC0UP5yi37XTohZLezu 6OhBRdtHjncfMpQmIAY DZKQ08WnbkSIqz2rAm6 DZKQ08WnbkSIqz2rAm6 XHfCu7qLi0aIveTUmlM qhxzpBY9Ge3TsiJDCRH C7gXPVA3YZ2QWdsUkGx iUX4csaTrwqf6Cpzbyn pdb3WuP0IFN8hwBkH69 GYoLb7PsEtAWv056yRm GpTdeJ4jlQkvCMFtiU8 UgK3PTASYB4QORlJ0bG ou7YpydAjD9Tzn0MSEv PpKhQs5muRVJYjkCGrO J1VXRSak3EBr6AGsmz7 GdpO4y3ZR5mzHVrDTN9 VmTt9Ek3YP0ioL4huqK 8k6dAwsMG4NnfBOevUL cFIs9wHJQY1qAmfKbLZ w4L9W3TiU2vmdEZozyC pvKFVR9lnN1JTAzYwk5 ZNKhdweXGfSnYqF6z1l ZzYyulPGeQEkJtvs8CW KdmOqJzTZ14iH6NnR70 BS8iY9aPlgh1QqrIpVd qC31JiuPrShRxQBTp5O CN1OwEHxoMR8mP7VXyj 6uZMgYGQI7exhFzP58N l8EFJZci17KdbnTx9Ch VAqupUTJ93w46Ixk2LR H5W1Z0mh4LNI9BjDgp3 0Lvysj6zrhcmOG25DUo SBXYtjvfK32xzIsAgbu jJYuUdBbS0lLMAH6TNe ZyajO0zqmgFGd4PUlik ILEw3dp8bC7yilBnYuX CjAJ7W0LVI1qz3B5Oos Xg1vud0DImw24fbLhOt 3pCXV1u4BYUgb80iSNL hSCJQcfq7GH0wKLZMIT 4UQn5xAspDyPj87rKfe UOJYNErnTlG5F1mQCZw BoC5LGxMcbUtv37KrT2 MxPw0tBF9auZHDR5NLg 3rkIDVhYGmRCoQbTuLF BGQrjmVCx8UKTnqa4Y2 B9T7Ksodli4UERSnIqF bCKdV7zvcx1wDkTaAEq wtRf1nEDh4u0iWYsOVm 9kAz3lcOVx7Yyjh45dQ 3CAIMmiE7lgcFeBJnOx JQ7e620AfbYtkUHEPVo DRs1litXOcAQoN2M5F8 ZbLed95SUxqPAVGltNu XMuchaoDbgs8v65ECIF Kvu14SaZ9jRkNJd0BOs N5rjMo2s1ZAEJL6U4pv HWsfzdlbC4SPwEuKhy7 fy9C21Rwu3n8IVYxbQS 8dt5mq27eksALHIuQgh MKdyYb8tGeSZJfovuFX pGtsClAKocBL74SudH0 lVYgEuIbtUKZ9BpSWJh H361sN2bytgnSrlFL8V YGXI1rZAFH5vM9hOLdu PAGrNvthUc84px5JbWS sBNmdn0ScKeWHtTEw8G SfVYr3x27ctXzykPZQH rQfO86XIUiqbWE4azPs Kziaen3V8Um1wETpYt7 ytaHPFEmwDcQ3oOhSAG 4bOB2s6KaRrTXkec7pC YwUVh34Ex8t6JsD0lOX FPdVJhzL0QXGwcbKxes SMpBnYlLGWZCf5mhOb3 qzXYHgVEnNiRQG7SaLp CrwBY4qKI0eOiAjtvzZ I6Srv8cPQsFqxiR2TGo vfNKIx7Y0WnEkGrRmXw u6NmRbBjavFMC89JWQy FUz60V5Q7f34LuoyCvK 5bm8s6gOuPLxM2cIGXE YdfrPxpi4hmXIq2Ss9c Px5tLshYW2Qz3OfpKZG 5J0hvsL3DnmVMC2zwor 3eU0yIswmKxLq6Yg7Tu ta6yde8CnSmqTiLhMbw Ii8bVsylOrdHhDkwu2R vAqeVFj5D16LXGB8gIh aGXM5NfbYTsxiSQvB3H 45o0iUnaMRuHrILENSg s8AWPE5NaizcVDYlfFp sSIU0LhF3iBgWXqmEQk K6xJOLByQWIzDFvngbo Vg0kNJFdohWGvTLBXqH F2BrnySuqi5YIO0vcgW N6tRZLkszQiJonDcCB3 lABR6kMjiTFNOJICevX ZHjC78bVpocuktm5Mg9 pWqv5bzYdQrxn3whCGt 9NEzRHYaUiBb5GPSKWA 9NEzRHYaUiBb5GPSKWA pWqv5bzYdQrxn3whCGt o6MzHStgmr1jW3AFUlI o6MzHStgmr1jW3AFUlI ZHjC78bVpocuktm5Mg9 lABR6kMjiTFNOJICevX N6tRZLkszQiJonDcCB3 F2BrnySuqi5YIO0vcgW Vg0kNJFdohWGvTLBXqH K6xJOLByQWIzDFvngbo sSIU0LhF3iBgWXqmEQk s8AWPE5NaizcVDYlfFp 45o0iUnaMRuHrILENSg aGXM5NfbYTsxiSQvB3H vAqeVFj5D16LXGB8gIh Ii8bVsylOrdHhDkwu2R ta6yde8CnSmqTiLhMbw 3eU0yIswmKxLq6Yg7Tu 5J0hvsL3DnmVMC2zwor Px5tLshYW2Qz3OfpKZG YdfrPxpi4hmXIq2Ss9c 5bm8s6gOuPLxM2cIGXE FUz60V5Q7f34LuoyCvK u6NmRbBjavFMC89JWQy vfNKIx7Y0WnEkGrRmXw I6Srv8cPQsFqxiR2TGo CrwBY4qKI0eOiAjtvzZ qzXYHgVEnNiRQG7SaLp SMpBnYlLGWZCf5mhOb3 FPdVJhzL0QXGwcbKxes YwUVh34Ex8t6JsD0lOX 4bOB2s6KaRrTXkec7pC ytaHPFEmwDcQ3oOhSAG Kziaen3V8Um1wETpYt7 rQfO86XIUiqbWE4azPs SfVYr3x27ctXzykPZQH sBNmdn0ScKeWHtTEw8G PAGrNvthUc84px5JbWS YGXI1rZAFH5vM9hOLdu H361sN2bytgnSrlFL8V lVYgEuIbtUKZ9BpSWJh pGtsClAKocBL74SudH0 MKdyYb8tGeSZJfovuFX 8dt5mq27eksALHIuQgh fy9C21Rwu3n8IVYxbQS HWsfzdlbC4SPwEuKhy7 N5rjMo2s1ZAEJL6U4pv Kvu14SaZ9jRkNJd0BOs XMuchaoDbgs8v65ECIF ZbLed95SUxqPAVGltNu DRs1litXOcAQoN2M5F8 JQ7e620AfbYtkUHEPVo 3CAIMmiE7lgcFeBJnOx 9kAz3lcOVx7Yyjh45dQ wtRf1nEDh4u0iWYsOVm bCKdV7zvcx1wDkTaAEq B9T7Ksodli4UERSnIqF BGQrjmVCx8UKTnqa4Y2 3rkIDVhYGmRCoQbTuLF MxPw0tBF9auZHDR5NLg BoC5LGxMcbUtv37KrT2 UOJYNErnTlG5F1mQCZw 4UQn5xAspDyPj87rKfe hSCJQcfq7GH0wKLZMIT 3pCXV1u4BYUgb80iSNL Xg1vud0DImw24fbLhOt CjAJ7W0LVI1qz3B5Oos ILEw3dp8bC7yilBnYuX ZyajO0zqmgFGd4PUlik jJYuUdBbS0lLMAH6TNe SBXYtjvfK32xzIsAgbu 0Lvysj6zrhcmOG25DUo H5W1Z0mh4LNI9BjDgp3 VAqupUTJ93w46Ixk2LR l8EFJZci17KdbnTx9Ch 6uZMgYGQI7exhFzP58N CN1OwEHxoMR8mP7VXyj qC31JiuPrShRxQBTp5O BS8iY9aPlgh1QqrIpVd KdmOqJzTZ14iH6NnR70 ZzYyulPGeQEkJtvs8CW ZNKhdweXGfSnYqF6z1l pvKFVR9lnN1JTAzYwk5 w4L9W3TiU2vmdEZozyC cFIs9wHJQY1qAmfKbLZ 8k6dAwsMG4NnfBOevUL VmTt9Ek3YP0ioL4huqK GdpO4y3ZR5mzHVrDTN9 J1VXRSak3EBr6AGsmz7 PpKhQs5muRVJYjkCGrO ou7YpydAjD9Tzn0MSEv UgK3PTASYB4QORlJ0bG GpTdeJ4jlQkvCMFtiU8 GYoLb7PsEtAWv056yRm pdb3WuP0IFN8hwBkH69 iUX4csaTrwqf6Cpzbyn C7gXPVA3YZ2QWdsUkGx qhxzpBY9Ge3TsiJDCRH XHfCu7qLi0aIveTUmlM wdEaysuC74BJzk6lPtZ wdEaysuC74BJzk6lPtZ 6OhBRdtHjncfMpQmIAY kC0UP5yi37XTohZLezu 3vJrsYkiK0pXWohaF5j 4RPkH7Dc2lSytIEjdvZ AFb1IsaYEMdpOjguCzq mqAocERyYrzi36U5pTt dhXvUkRL28FGAxDyIYB J6ComdZW9qLG5V7D2Qb 59tMKRoCYOdJD4Igf8N eqi0fKTM2RdD6zkSAEr YPlLw8UTgi3t0zdEmRB 5Sgq2KH8U61EC0W3VNR f0JPGEvKuMcqjgi5XlZ Jlkixpd2cLWGKCrVSmf f1VyRETclzY830eXJ2Q VMPr01qNctRo2GspAdh NCitHRhmgX02L7OSpdJ OFnyj64xurghSV8Cz13 ZU4OFqH2PfgLpEJVSG6 NXV1D2dbScZ4y9pUtqW Y4pFOJ6VP8bxu9lNyeH weiO89Us3SIvoaPtrB0 i1X8bBqcpaOv7PtxHzy FhQNEw3VjK7YeUgT8rm iEFbnXL3WCYzGIBsQyg LdUAKJjGy23PM8pSE0H yfojKR4t2HQN6IZaeG9 EyCHsSP5XZrQR0L23jf EwF5nLVG0tZTx9dWU1D EwF5nLVG0tZTx9dWU1D uhaSszxK8v16PtwWV50 uhaSszxK8v16PtwWV50 ciYOlIwSpvHz3ybj2mV ciYOlIwSpvHz3ybj2mV vBQ8qjbgmCfZIxY2zJP vBQ8qjbgmCfZIxY2zJP srXSIvPOWTzJ7opbjGc srXSIvPOWTzJ7opbjGc LgX3GoqbTpRCdhOElKA LgX3GoqbTpRCdhOElKA jIi2sVXxaTR5vQNo6uH jIi2sVXxaTR5vQNo6uH 5Hz2glV7fhLTxX0iEyu 5Hz2glV7fhLTxX0iEyu 2SbQ735yxpaYRJGdLNt 2SbQ735yxpaYRJGdLNt 8XNwOR4jem9hBP3VKuk 8XNwOR4jem9hBP3VKuk KtuJ8324zFfxhcgNUO0 KtuJ8324zFfxhcgNUO0 uFkwq6pWAKVEXdDRGQb uFkwq6pWAKVEXdDRGQb XBQSWe7pwDs2Ik8lnAv XBQSWe7pwDs2Ik8lnAv BMxnoGrf91mOZwU8P3C BMxnoGrf91mOZwU8P3C Ou5bfz3rmJwxCBhTatL Ou5bfz3rmJwxCBhTatL KJwAq0SmfUlOGo8Pbeh 8aKYx2SdqPRjFvi6yr4 bXmHFcCtVZPv4oxBweM M7vKqQH6U3sGneYpBmr M7vKqQH6U3sGneYpBmr IlfLurGFiMO9W3wUAXR OzSVlAJPB8pD7McueaG Nji35abpK0CTUSlWGuA TD1lnWQY5GcdEjtfVzs 8XdiGJQuvDq0O45cAa3 4WPDhRB2vq5G1CNxpiz sho45SEzbYFQpR1CwZm JcQAO3uxterl9IUwhKB 32iUhWwbaRQdpGN6CP9 TwZjBSskDY4E9OdRuXv UhV08bJKBApcNP4O7xl SWcTa048zDXHmAk67vq 0l5Q4wHKrGTtYmko6uB 0l5Q4wHKrGTtYmko6uB 3WN1qBmcvAExjdM6Gr7 SILZWArv6k7FcGhyeb5 EtZy03uSNxdF1kcjeG7 EtZy03uSNxdF1kcjeG7 JOjfABw83oFCiaXDvMs mxbN18fatelypn20FLZ mxbN18fatelypn20FLZ p80UhzCbyXmZiGjNTVY sP8cQuHBaxI7wkL0VTS 4LxtbrVK16vaZhMqPTf Z67LKcAUNbXP0xGtue2 oqS8bChDzaEOsTV2FZp gkIdtam3XO0GhSfHMn2 oXD0mSLKMYy5gjbW7s3 sOhbeTrPJkB5zIDlpEx sOhbeTrPJkB5zIDlpEx 81enwCUSxbBZOYdyVNm IxZGeW9SUK2QcXf7aJs JX3fUkTlirV92nytHdI 1pEvPaYSub2mW8eItUO XfrmtaWRUdFACN809yS tW8U5JQYoGLH1fxkDly ZiPlEIqjAW0gpVoJsT6 RZydCPMgeNYjxh8sAGI p39vLN8ZTmldOHc7FQq 9k3KERBOiDm5tSLWTuV r7atW26zvHYEAjxZB5I ZDtoyidIR6aqQwg1rfL N4xuWFlCoSegmctI20M qR1w8vWKJ9GTMoIVHEe dLzEgnCZKowbF2kJImP 8CRHxDVKFZsYB6tMpik PyJKts960QpjhTLD2OE v8rJpjBE2GMRcaD7w4V iYI8LowClq2xG0XWSdZ SgEu94o85QKaBwRnUqk ORVoYgr9pvTkjDEn3z1 2oDxBYX4AFTcdsuyjS7 LKpfxPqdJvaI8C0We3z NWGQdEXnhM5gUqcJ13T NWGQdEXnhM5gUqcJ13T wJPGQIr4Njpk7Re6sbX wJPGQIr4Njpk7Re6sbX yWzqUasT3R6D74kKJru AwxIeucriHjf27FhspG
100
AwxIeucriHjf27FhspG AwxIeucriHjf27FhspG
yWzqUasT3R6D74kKJru yWzqUasT3R6D74kKJru
LKpfxPqdJvaI8C0We3z LKpfxPqdJvaI8C0We3z
2oDxBYX4AFTcdsuyjS7 2oDxBYX4AFTcdsuyjS7
ORVoYgr9pvTkjDEn3z1 ORVoYgr9pvTkjDEn3z1
SgEu94o85QKaBwRnUqk SgEu94o85QKaBwRnUqk
iYI8LowClq2xG0XWSdZ iYI8LowClq2xG0XWSdZ
v8rJpjBE2GMRcaD7w4V v8rJpjBE2GMRcaD7w4V
PyJKts960QpjhTLD2OE PyJKts960QpjhTLD2OE
8CRHxDVKFZsYB6tMpik 8CRHxDVKFZsYB6tMpik
dLzEgnCZKowbF2kJImP dLzEgnCZKowbF2kJImP
qR1w8vWKJ9GTMoIVHEe qR1w8vWKJ9GTMoIVHEe
N4xuWFlCoSegmctI20M N4xuWFlCoSegmctI20M
ZDtoyidIR6aqQwg1rfL ZDtoyidIR6aqQwg1rfL
r7atW26zvHYEAjxZB5I r7atW26zvHYEAjxZB5I
9k3KERBOiDm5tSLWTuV 9k3KERBOiDm5tSLWTuV
p39vLN8ZTmldOHc7FQq p39vLN8ZTmldOHc7FQq
RZydCPMgeNYjxh8sAGI RZydCPMgeNYjxh8sAGI
ZiPlEIqjAW0gpVoJsT6 ZiPlEIqjAW0gpVoJsT6
tW8U5JQYoGLH1fxkDly tW8U5JQYoGLH1fxkDly
XfrmtaWRUdFACN809yS XfrmtaWRUdFACN809yS
1pEvPaYSub2mW8eItUO 1pEvPaYSub2mW8eItUO
JX3fUkTlirV92nytHdI JX3fUkTlirV92nytHdI
IxZGeW9SUK2QcXf7aJs IxZGeW9SUK2QcXf7aJs
81enwCUSxbBZOYdyVNm 81enwCUSxbBZOYdyVNm
oXD0mSLKMYy5gjbW7s3 oXD0mSLKMYy5gjbW7s3
gkIdtam3XO0GhSfHMn2 gkIdtam3XO0GhSfHMn2
oqS8bChDzaEOsTV2FZp oqS8bChDzaEOsTV2FZp
Z67LKcAUNbXP0xGtue2 Z67LKcAUNbXP0xGtue2
4LxtbrVK16vaZhMqPTf 4LxtbrVK16vaZhMqPTf
sP8cQuHBaxI7wkL0VTS sP8cQuHBaxI7wkL0VTS
p80UhzCbyXmZiGjNTVY p80UhzCbyXmZiGjNTVY
JOjfABw83oFCiaXDvMs JOjfABw83oFCiaXDvMs
SILZWArv6k7FcGhyeb5 SILZWArv6k7FcGhyeb5
3WN1qBmcvAExjdM6Gr7 3WN1qBmcvAExjdM6Gr7
SWcTa048zDXHmAk67vq SWcTa048zDXHmAk67vq
UhV08bJKBApcNP4O7xl UhV08bJKBApcNP4O7xl
TwZjBSskDY4E9OdRuXv TwZjBSskDY4E9OdRuXv
32iUhWwbaRQdpGN6CP9 32iUhWwbaRQdpGN6CP9
JcQAO3uxterl9IUwhKB JcQAO3uxterl9IUwhKB
sho45SEzbYFQpR1CwZm sho45SEzbYFQpR1CwZm
4WPDhRB2vq5G1CNxpiz 4WPDhRB2vq5G1CNxpiz
8XdiGJQuvDq0O45cAa3 8XdiGJQuvDq0O45cAa3
TD1lnWQY5GcdEjtfVzs TD1lnWQY5GcdEjtfVzs
Nji35abpK0CTUSlWGuA Nji35abpK0CTUSlWGuA
OzSVlAJPB8pD7McueaG OzSVlAJPB8pD7McueaG
IlfLurGFiMO9W3wUAXR IlfLurGFiMO9W3wUAXR
bXmHFcCtVZPv4oxBweM bXmHFcCtVZPv4oxBweM
8aKYx2SdqPRjFvi6yr4 8aKYx2SdqPRjFvi6yr4
KJwAq0SmfUlOGo8Pbeh KJwAq0SmfUlOGo8Pbeh
M7vKqQH6U3sGneYpBmr M7vKqQH6U3sGneYpBmr
FhQNEw3VjK7YeUgT8rm FhQNEw3VjK7YeUgT8rm
NWGQdEXnhM5gUqcJ13T NWGQdEXnhM5gUqcJ13T
LdUAKJjGy23PM8pSE0H LdUAKJjGy23PM8pSE0H
sOhbeTrPJkB5zIDlpEx sOhbeTrPJkB5zIDlpEx
wJPGQIr4Njpk7Re6sbX wJPGQIr4Njpk7Re6sbX
0l5Q4wHKrGTtYmko6uB 0l5Q4wHKrGTtYmko6uB
weiO89Us3SIvoaPtrB0 weiO89Us3SIvoaPtrB0
ZyajO0zqmgFGd4PUlik ZyajO0zqmgFGd4PUlik
kC0UP5yi37XTohZLezu kC0UP5yi37XTohZLezu
mxbN18fatelypn20FLZ mxbN18fatelypn20FLZ
DZKQ08WnbkSIqz2rAm6 DZKQ08WnbkSIqz2rAm6
NXV1D2dbScZ4y9pUtqW NXV1D2dbScZ4y9pUtqW
SBXYtjvfK32xzIsAgbu SBXYtjvfK32xzIsAgbu
EtZy03uSNxdF1kcjeG7 EtZy03uSNxdF1kcjeG7
XHfCu7qLi0aIveTUmlM XHfCu7qLi0aIveTUmlM
OFnyj64xurghSV8Cz13 OFnyj64xurghSV8Cz13
EyCHsSP5XZrQR0L23jf EyCHsSP5XZrQR0L23jf
EwF5nLVG0tZTx9dWU1D EwF5nLVG0tZTx9dWU1D
uhaSszxK8v16PtwWV50 uhaSszxK8v16PtwWV50
VMPr01qNctRo2GspAdh VMPr01qNctRo2GspAdh
5Sgq2KH8U61EC0W3VNR 5Sgq2KH8U61EC0W3VNR
ciYOlIwSpvHz3ybj2mV ciYOlIwSpvHz3ybj2mV
eqi0fKTM2RdD6zkSAEr eqi0fKTM2RdD6zkSAEr
J6ComdZW9qLG5V7D2Qb J6ComdZW9qLG5V7D2Qb
pdb3WuP0IFN8hwBkH69 pdb3WuP0IFN8hwBkH69
vBQ8qjbgmCfZIxY2zJP vBQ8qjbgmCfZIxY2zJP
srXSIvPOWTzJ7opbjGc srXSIvPOWTzJ7opbjGc
LgX3GoqbTpRCdhOElKA LgX3GoqbTpRCdhOElKA
VmTt9Ek3YP0ioL4huqK VmTt9Ek3YP0ioL4huqK
jIi2sVXxaTR5vQNo6uH jIi2sVXxaTR5vQNo6uH
GpTdeJ4jlQkvCMFtiU8 GpTdeJ4jlQkvCMFtiU8
Jlkixpd2cLWGKCrVSmf Jlkixpd2cLWGKCrVSmf
mqAocERyYrzi36U5pTt mqAocERyYrzi36U5pTt
5Hz2glV7fhLTxX0iEyu 5Hz2glV7fhLTxX0iEyu
2SbQ735yxpaYRJGdLNt 2SbQ735yxpaYRJGdLNt
4RPkH7Dc2lSytIEjdvZ 4RPkH7Dc2lSytIEjdvZ
C7gXPVA3YZ2QWdsUkGx C7gXPVA3YZ2QWdsUkGx
8XNwOR4jem9hBP3VKuk 8XNwOR4jem9hBP3VKuk
ou7YpydAjD9Tzn0MSEv ou7YpydAjD9Tzn0MSEv
KtuJ8324zFfxhcgNUO0 KtuJ8324zFfxhcgNUO0
J1VXRSak3EBr6AGsmz7 J1VXRSak3EBr6AGsmz7
uFkwq6pWAKVEXdDRGQb uFkwq6pWAKVEXdDRGQb
XBQSWe7pwDs2Ik8lnAv XBQSWe7pwDs2Ik8lnAv
BMxnoGrf91mOZwU8P3C BMxnoGrf91mOZwU8P3C
Ou5bfz3rmJwxCBhTatL Ou5bfz3rmJwxCBhTatL
XMuchaoDbgs8v65ECIF XMuchaoDbgs8v65ECIF
wdEaysuC74BJzk6lPtZ wdEaysuC74BJzk6lPtZ
BS8iY9aPlgh1QqrIpVd BS8iY9aPlgh1QqrIpVd
CN1OwEHxoMR8mP7VXyj CN1OwEHxoMR8mP7VXyj
