0 1 2 3 4 5 6 7 8 9 10 11 12 13 14 15 16 17 18 19 20 21 22 23 24 25 26 27 28 29 30 31 32 33 34 35 36 37 38 39 40 41 42 43 44 45 46 47 48 49 50 51 52 53 54 55 56 57 58 59 60 61 62 63 64 65 66 67 68 69 70 71 72 73 74 75 76 77 78 79 80 81 82 83 84 85 86 87 88 89 90 91 92 93 94 95 96 97 98 99 99 98 97 96 95 126 127 127 126 94 93 92 91 182 183 184 184 183 182 90 89 88 149 150 151 151 150 149 87 86 85 132 133 133 132 143 144 145 145 144 143 84 167 168 169 169 168 167 83 82 81 80 79 185 186 187 187 186 185 78 77 76 75 74 73 72 71 70 110 111 111 110 69 68 67 66 65 64 63 62 61 108 109 109 108 128 129 129 128 60 59 100 101 101 100 58 136 137 137 136 188 189 190 190 189 188 57 56 55 191 192 193 193 192 191 54 176 177 178 178 177 176 53 52 51 50 194 195 196 196 195 194 49 48 152 153 154 154 153 152 164 165 166 166 165 164 47 170 171 172 172 171 170 46 173 174 175 175 174 173 45 104 105 105 104 44 43 42 112 113 113 112 122 123 123 122 41 134 135 135 134 40 106 107 107 106 39 146 147 148 148 147 146 38 37 36 35 120 121 121 120 34 33 32 118 119 119 118 31 30 29 28 27 158 159 160 160 159 158 26 124 125 125 124 25 24 23 22 140 141 142 142 141 140 21 20 19 102 103 103 102 18 17 16 15 14 13 138 139 139 138 12 130 131 131 130 179 180 181 181 180 179 11 114 115 115 114 197 198 199 199 198 197 10 161 162 163 163 162 161 9 8 7 6 116 117 117 116 5 4 3 2 155 156 157 157 156 155 1 0
100
100 100
101 101
102 102
103 103
104 104
105 105
106 106
107 107
108 108
109 109
110 110
111 111
112 112
113 113
114 114
115 115
116 116
117 117
118 118
119 119
120 120
121 121
122 122
123 123
124 124
125 125
126 126
127 127
128 128
129 129
130 130
131 131
132 132
133 133
134 134
135 135
136 136
137 137
138 138
139 139
140 140
141 141
142 142
143 143
144 144
145 145
146 146
147 147
148 148
149 149
150 150
151 151
152 152
153 153
154 154
155 155
156 156
157 157
158 158
159 159
160 160
161 161
162 162
163 163
164 164
165 165
166 166
167 167
168 168
169 169
170 170
171 171
172 172
173 173
174 174
175 175
176 176
177 177
178 178
179 179
180 180
181 181
182 182
183 183
184 184
185 185
186 186
187 187
188 188
189 189
190 190
191 191
192 192
193 193
194 194
195 195
196 196
197 197
198 198
199 199
