0 1 2 3 4 5 6 7 8 9 10 11 12 13 14 15 16 17 18 19 20 21 22 23 24 25 26 27 28 29 30 31 32 33 34 35 36 37 38 39 40 41 42 43 44 45 46 47 48 49 85 86 87 87 86 85 49 79 80 81 81 80 79 97 98 99 99 98 97 48 47 46 45 44 43 50 51 51 50 42 41 64 65 65 64 88 89 90 90 89 88 40 39 38 37 36 35 34 33 52 53 53 52 32 31 30 29 28 27 26 25 24 62 63 63 62 23 22 76 77 78 78 77 76 21 20 54 55 55 54 82 83 84 84 83 82 19 18 17 58 59 59 58 16 15 70 71 72 72 71 70 14 13 94 95 96 96 95 94 12 68 69 69 68 11 66 67 67 66 10 9 8 7 56 57 57 56 6 91 92 93 93 92 91 5 4 3 73 74 75 75 74 73 2 60 61 61 60 1 0
50
50 50
51 51
52 52
53 53
54 54
55 55
56 56
57 57
58 58
59 59
60 60
61 61
62 62
63 63
64 64
65 65
66 66
67 67
68 68
69 69
70 70
71 71
72 72
73 73
74 74
75 75
76 76
77 77
78 78
79 79
80 80
81 81
82 82
83 83
84 84
85 85
86 86
87 87
88 88
89 89
90 90
91 91
92 92
93 93
94 94
95 95
96 96
97 97
98 98
99 99
