0 2 1 1 6 7 5 4 9 10 12 11 11 38 17 15 14 19 20 22 21 21 53 47 45 24 25 27 26 26 36 32 30 29 34 35 37 88 42 40 39 44 49 50 52 51 51 98 95 54 55 57 56 56 57 58 58 59 60 62 61 61 69 64 65 67 66 66 68 68 96 97 97 96 67 70 72 71 71 72 73 73 74 75 77 76 76 85 79 80 82 81 81 82 83 83 84 89 90 87 86 86 87 92 91 91 92 93 93 94 99 99 94 90 89 84 80 79 85 77 78 78 75 74 70 65 64 69 62 63 63 60 59 55 54 95 98 52 50 49 44 39 43 43 40 41 41 42 88 37 35 34 29 33 33 30 31 31 32 36 27 28 28 25 24 48 48 45 46 46 47 53 22 23 23 20 19 14 18 18 15 16 16 17 38 12 13 13 10 9 4 8 8 5 7 6 2 3 3 0
50
84 84
82 82
86 86
80 80
63 63
88 88
8 8
60 60
44 44
5 5
23 23
31 31
97 97
51 51
33 33
29 29
54 54
40 40
20 20
65 65
99 99
48 48
46 46
79 79
55 55
58 58
81 81
13 13
11 11
32 32
83 83
89 89
16 16
90 90
85 85
71 71
18 18
39 39
67 67
92 92
42 42
52 52
76 76
57 57
28 28
37 37
68 68
4 4
49 49
94 94
