0 2 1 1 8 5 4 9 10 12 11 11 66 67 65 14 15 17 16 16 104 19 20 22 21 21 116 77 75 24 25 27 26 26 118 115 29 30 32 31 31 58 55 34 35 37 36 36 37 38 38 39 40 42 41 41 186 132 130 44 45 47 46 46 105 49 50 52 51 51 135 54 59 60 62 61 61 93 90 64 7 6 6 145 69 70 72 71 71 129 74 79 80 82 81 81 84 85 87 86 86 95 89 94 99 100 102 101 101 106 107 107 106 108 108 120 109 110 57 56 56 57 112 111 92 91 91 191 192 190 114 119 124 125 127 126 126 140 134 139 144 149 150 152 151 122 121 121 122 151 158 155 154 159 160 137 136 136 166 117 128 128 168 165 164 169 170 172 171 171 172 173 173 174 175 177 176 176 177 178 178 179 180 167 167 182 181 181 189 184 185 187 187 188 188 195 194 199 199 194 197 196 196 197 198 198 195 185 184 189 182 183 183 180 179 175 174 170 169 164 165 168 117 166 137 162 161 161 162 163 97 96 96 143 143 97 163 160 159 154 157 156 156 157 155 158 152 153 153 150 149 144 139 134 142 141 141 142 140 127 125 124 119 114 193 193 190 192 191 92 111 112 113 113 110 109 123 123 120 102 103 103 100 99 94 89 98 98 95 87 88 88 85 84 82 83 83 80 79 74 129 72 73 73 70 69 147 146 146 147 148 148 145 7 64 90 93 62 63 63 60 59 54 138 138 135 52 53 53 50 49 105 47 48 48 45 44 133 133 130 131 131 132 186 42 43 43 40 39 35 34 55 58 32 33 33 30 29 115 118 27 28 28 25 24 78 78 75 76 76 77 116 22 23 23 20 19 104 17 18 18 15 14 68 68 65 67 66 12 13 13 10 9 4 5 8 2 3 3 0
100
27 27
66 66
68 68
192 192
122 122
3 3
134 134
124 124
15 15
37 37
91 91
82 82
16 16
186 186
104 104
13 13
180 180
38 38
131 131
116 116
36 36
132 132
136 136
17 17
64 64
2 2
139 139
166 166
25 25
102 102
65 65
141 141
55 55
184 184
149 149
47 47
97 97
43 43
145 145
172 172
99 99
57 57
12 12
100 100
148 148
181 181
95 95
28 28
113 113
114 114
128 128
35 35
179 179
94 94
92 92
87 87
20 20
142 142
105 105
182 182
108 108
54 54
152 152
154 154
138 138
159 159
101 101
110 110
67 67
183 183
118 118
74 74
78 78
39 39
69 69
161 161
133 133
160 160
32 32
42 42
44 44
120 120
123 123
52 52
72 72
189 189
56 56
11 11
135 135
125 125
168 168
30 30
129 129
41 41
144 144
187 187
197 197
79 79
58 58
195 195
