85 1 0 3 2 6 4 8 10 14 5 13 9 12 15 20 18 16 19 7 21 11 29 32 17 24 26 23 25 22 39 28 33 27 40 38 30 31 37 41 34 42 49 36 43 58 62 44 59 46 50 67 35 73 47 55 61 45 53 63 51 82 52 60 54 75 57 72 64 88 56 76 66 65 48 80 70 68 89 74 77 95 84 69 90 83 78 97 93 93 94 94 96 71 71 96 99 99 97 78 79 79 92 92 83 87 87 98 98 90 69 81 81 86 86 84 95 77 91 91 74 89 68 70 80 48 65 66 76 56 88 64 72 57 75 54 60 52 82 51 63 53 45 61 55 47 73 35 67 50 46 59 44 62 58 43 36 49 42 34 41 37 31 30 38 40 27 33 28 39 22 25 23 26 24 17 32 29 11 21 7 19 16 18 20 15 12 9 13 5 14 10 8 4 6 2 3 0 1 85
50
0 0
1 1
7 7
8 8
11 11
13 13
15 15
16 16
17 17
22 22
23 23
27 27
28 28
31 31
34 34
35 35
37 37
38 38
43 43
44 44
45 45
46 46
47 47
48 48
50 50
51 51
52 52
53 53
54 54
55 55
56 56
57 57
64 64
68 68
69 69
71 71
76 76
77 77
79 79
80 80
81 81
86 86
87 87
91 91
92 92
93 93
94 94
96 96
98 98
99 99
