99 2 0 1 3 7 8 6 4 13 10 11 5 15 16 17 19 12 23 9 29 14 18 28 21 24 37 26 36 25 38 20 31 22 45 27 32 34 43 44 33 49 30 50 41 54 39 58 52 35 65 40 57 61 48 51 71 42 60 53 46 55 62 66 67 47 64 56 77 68 76 63 75 79 69 72 73 85 80 74 59 86 81 70 78 89 82 87 90 84 93 88 95 94 96 83 101 91 97 105 92 108 100 110 106 104 112 113 107 114 109 98 115 102 116 103 121 120 119 128 117 129 122 134 124 133 137 127 118 126 135 123 143 138 111 136 132 139 125 141 144 147 152 130 140 149 153 131 159 148 145 146 154 150 187 142 156 151 176 162 164 157 155 175 172 177 163 179 158 197 168 184 191 161 199 169 182 167 167 170 194 165 193 173 195 160 189 166 166 183 198 178 178 180 196 186 186 192 192 196 180 185 185 190 190 198 183 188 188 189 160 181 181 195 173 174 174 193 165 194 170 171 171 182 169 199 161 191 184 168 197 158 179 163 177 172 175 155 157 164 162 176 151 156 142 187 150 154 146 145 148 159 131 153 149 140 130 152 147 144 141 125 139 132 136 111 138 143 123 135 126 118 127 137 133 124 134 122 129 117 128 119 120 121 103 116 102 115 98 109 114 107 113 112 104 106 110 100 108 92 105 97 91 101 83 96 94 95 88 93 84 90 87 82 89 78 70 81 86 59 74 80 85 73 72 69 79 75 63 76 68 77 56 64 47 67 66 62 55 46 53 60 42 71 51 48 61 57 40 65 35 52 58 39 54 41 50 30 49 33 44 43 34 32 27 45 22 31 20 38 25 36 26 37 24 21 28 18 14 29 9 23 12 19 17 16 15 5 11 10 13 4 6 8 7 3 1 0 2 99
100
0 0
1 1
4 4
5 5
8 8
9 9
10 10
12 12
15 15
17 17
18 18
20 20
22 22
24 24
25 25
26 26
27 27
28 28
30 30
33 33
34 34
35 35
39 39
40 40
41 41
42 42
47 47
51 51
53 53
55 55
56 56
59 59
61 61
63 63
66 66
68 68
70 70
73 73
75 75
78 78
80 80
82 82
83 83
88 88
90 90
92 92
94 94
97 97
98 98
99 99
100 100
102 102
103 103
106 106
111 111
112 112
114 114
117 117
119 119
122 122
123 123
124 124
125 125
126 126
127 127
130 130
131 131
132 132
142 142
146 146
148 148
149 149
150 150
151 151
155 155
158 158
160 160
161 161
163 163
164 164
165 165
166 166
167 167
168 168
169 169
170 170
171 171
172 172
173 173
174 174
178 178
180 180
181 181
183 183
184 184
185 185
186 186
188 188
190 190
192 192
