0 1 3 2 4 6 5 7 8 10 12 9 11 13 14 15 16 17 18 19 20 21 22 23 24 25 26 27 28 29 30 31 32 33 34 35 36 37 38 39 40 41 42 43 44 46 47 45 49 48 51 50 52 55 53 54 56 57 58 59 60 61 63 64 65 62 67 66 68 69 71 70 72 73 74 75 76 78 77 80 79 81 82 83 84 85 87 86 88 89 90 91 92 93 95 94 96 98 97 99 102 100 103 104 101 105 107 106 108 109 110 111 112 113 114 115 119 116 117 118 120 121 122 123 124 125 126 127 128 129 130 131 132 133 134 135 136 137 138 139 140 142 141 143 144 145 146 147 148 149 150 151 153 152 154 155 157 156 158 159 160 161 165 162 163 164 166 167 168 169 170 171 174 172 173 175 176 177 178 179 180 181 182 184 183 185 186 187 188 190 189 191 194 192 193 195 196 197 198 199 199 198 197 196 195 193 192 194 191 189 190 188 187 186 185 183 184 182 181 180 179 178 177 176 175 173 172 174 171 170 169 168 167 166 164 163 162 165 161 160 159 158 156 157 155 154 152 153 151 150 149 148 147 146 145 144 143 141 142 140 139 138 137 136 135 134 133 132 131 130 129 128 127 126 125 124 123 122 121 120 118 117 116 119 115 114 113 112 111 110 109 108 106 107 105 101 104 103 100 102 99 97 98 96 94 95 93 92 91 90 89 88 86 87 85 84 83 82 81 79 80 77 78 76 75 74 73 72 70 71 69 68 66 67 62 65 64 63 61 60 59 58 57 56 54 53 55 52 50 51 48 49 45 47 46 44 43 42 41 40 39 38 37 36 35 34 33 32 31 30 29 28 27 26 25 24 23 22 21 20 19 18 17 16 15 14 13 11 9 12 10 8 7 5 6 4 2 3 1 0
100
1 1
2 2
3 3
4 4
5 5
6 6
7 7
8 8
9 9
10 10
11 11
12 12
13 13
14 14
15 15
16 16
17 17
18 18
19 19
20 20
21 21
22 22
23 23
24 24
25 25
26 26
27 27
28 28
29 29
30 30
31 31
32 32
33 33
34 34
35 35
36 36
37 37
38 38
39 39
40 40
41 41
42 42
43 43
44 44
45 45
46 46
47 47
48 48
49 49
50 50
51 51
52 52
53 53
54 54
55 55
56 56
57 57
58 58
59 59
60 60
61 61
62 62
63 63
64 64
65 65
66 66
67 67
68 68
69 69
70 70
71 71
72 72
73 73
74 74
75 75
76 76
77 77
78 78
79 79
80 80
81 81
82 82
83 83
84 84
85 85
86 86
87 87
88 88
89 89
90 90
91 91
92 92
93 93
94 94
95 95
96 96
97 97
98 98
99 99
100 100
