Soda B C D E F G H I J K L M N O P Q R S T U V W X Y Z AA AB AC AD AE AF AG AH AI AJ AK AL AM AN AO AP AQ AR AS AT AU AV AW AX AY AZ BA BB BC BD BE BF BG BH BI BJ BK BL BM BN BO BP BQ BR BS BT BU BV BW BX BY BZ CA CB CC CD CE CF CG CH CI CJ CK CL CM CN CO CP CQ CR CS CT CU CV CW CX CY CZ DA DB DC DD DE DF DG DH DI DJ DK DL DM DN DO DP DQ DR DS DT DU DV DW DX DY DZ EA EB EC ED EE EF EG EH EI EJ EK EL EM EN EO EP EQ ER ES ET EU EV EW EX EY EZ FA FB FC FD FE FF FG FH FI FJ FK FL FM FN FO FP FQ FR FS FT FU FV FW FX FY FZ GA GB GC GD GE GF GG GH GI GJ GK GL GM GN GO GO GN GM GL GK GJ GI GH GG GF GE GD GC GB GA FZ FY FX FW FV FU FT FS FR FQ FP FO FN FM FL FK FJ FI FH FG FF FE FD FC FB FA EZ EY EX EW EV EU ET ES ER EQ EP EO EN EM EL EK EJ EI EH EG EF EE ED EC EB EA DZ DY DX DW DV DU DT DS DR DQ DP DO DN DM DL DK DJ DI DH DG DF DE DD DC DB DA CZ CY CX CW CV CU CT CS CR CQ CP CO CN CM CL CK CJ CI CH CG CF CE CD CC CB CA BZ BY BX BW BV BU BT BS BR BQ BP BO BN BM BL BK BJ BI BH BG BF BE BD BC BB BA AZ AY AX AW AV AU AT AS AR AQ AP AO AN AM AL AK AJ AI AH AG AF AE AD AC AB AA Z Y X W V U T S R Q P O N M L K J I H G F E D C B Soda
47
C C
F F
I I
K K
O O
R R
U U
X X
AA AA
AD AD
AG AG
AJ AJ
AO AO
AT AT
AW AW
AX AX
AZ AZ
BD BD
BJ BJ
BO BO
BQ BQ
BT BT
BU BU
BX BX
CA CA
GC GC
GF GF
GI GI
GK GK
GO GO
FR FR
FU FU
FX FX
FA FA
FD FD
FG FG
FJ FJ
DO DO
DT DT
DW DW
DX DX
DZ DZ
DD DD
DJ DJ
DQ DQ
DU DU
DA DA
