Soda A A B B C C D D E E F F G G H H I I J J K L L M M N N O O P P Q Q R R S S T T U U V W W X X Y Y Z Z AA AA AB AB AC AC AD AD AE AE AF AF AG AH AH AI AI AJ AJ AK AK AL AL AM AM AN AN AO AO AP AP AQ AQ AR AS AS AT AT AU AU AV AV AW AW AX AX AY AY AZ AZ BA BA BB BB BC BD BD BE BE BF BF BG BG BH BH BI BI BJ BJ BK BK BL BL BM BM BN BO BO BP BP BQ BQ BR BR BS BS BT BT BU BU BV BV BW BW BX BX BN BC AR AG V K Soda
38
A A
B B
C C
D D
E E
F F
G G
H H
I I
J J
L L
M M
N N
O O
P P
Q Q
R R
S S
T T
U U
W W
X X
Y Y
Z Z
AA AA
AB AB
AC AC
AD AD
AE AE
AF AF
AH AH
AI AI
AJ AJ
AK AK
AL AL
AM AM
AN AN
AO AO
