99 3 4 1 6 10 5 0 13 7 12 11 2 8 19 9 14 18 15 16 17 22 20 26 24 32 25 23 28 29 27 36 31 30 38 40 33 34 39 35 21 43 44 37 45 42 41 50 46 48 51 49 53 47 54 52 60 56 59 55 57 58 61 62 63 65 67 66 64 68 71 69 70 72 74 75 76 77 73 79 83 78 80 82 81 86 84 85 87 88 89 90 91 92 94 93 95 96 97 98 98 97 96 95 93 94 92 91 90 89 88 87 85 84 86 81 82 80 78 83 79 73 77 76 75 74 72 70 69 71 68 64 66 67 65 63 62 61 58 57 55 59 56 60 52 54 47 53 49 51 48 46 50 41 42 45 37 44 43 21 35 39 34 33 40 38 30 31 36 27 29 28 23 25 32 24 26 20 22 17 16 15 18 14 9 19 8 2 11 12 7 13 0 5 10 6 1 4 3 99
50
0 0
1 1
2 2
3 3
4 4
5 5
6 6
7 7
8 8
9 9
10 10
11 11
12 12
13 13
14 14
15 15
16 16
17 17
18 18
19 19
20 20
21 21
22 22
23 23
24 24
25 25
26 26
27 27
28 28
29 29
30 30
31 31
32 32
33 33
34 34
35 35
36 36
37 37
38 38
39 39
40 40
41 41
42 42
43 43
44 44
45 45
46 46
47 47
48 48
49 49
