0 1 69 68 67 66 64 63 57 56 55 53 52 51 50 49 48 47 29 28 4 3 2 2 5 6 7 8 9 10 19 19 20 21 22 22 23 24 25 26 27 27 26 25 24 23 21 20 10 11 12 13 14 14 15 16 17 18 18 17 16 15 13 12 11 9 8 7 6 5 3 4 30 31 32 33 34 41 42 42 43 44 45 46 46 45 44 43 41 34 35 36 37 37 38 39 40 40 39 38 36 35 33 32 31 30 28 29 47 48 49 50 51 52 54 54 53 55 58 59 60 61 61 62 62 60 59 58 56 57 63 65 65 64 66 67 68 70 121 162 162 163 164 165 166 167 168 169 170 183 184 184 185 186 187 191 189 188 188 190 190 189 192 193 194 195 196 197 198 199 199 198 197 196 195 194 193 192 191 187 186 185 183 170 171 172 177 175 173 174 174 173 176 176 175 178 179 180 181 182 182 181 180 179 178 177 172 171 169 168 167 166 165 164 163 121 122 123 138 139 140 141 142 143 144 144 145 146 151 150 148 147 147 149 149 148 150 151 152 153 154 155 156 157 158 159 160 161 161 160 159 158 157 156 155 154 153 152 146 145 143 142 141 140 139 138 123 124 125 131 132 133 134 135 136 137 137 136 135 134 133 132 131 125 126 127 127 128 129 130 130 129 128 126 124 122 70 71 72 90 104 104 105 106 107 108 109 110 111 111 112 113 114 115 116 117 118 119 120 120 119 118 117 116 115 114 113 112 110 109 108 107 106 105 90 91 92 98 99 100 101 102 103 103 102 101 100 99 98 92 93 94 94 95 96 97 97 96 95 93 91 72 73 74 75 76 77 78 79 80 81 82 82 83 84 85 86 87 88 89 89 88 87 86 85 84 83 81 80 79 78 77 76 75 74 73 71 69 1 0
100
76 76
142 142
75 75
132 132
198 198
199 199
57 57
167 167
100 100
146 146
79 79
163 163
14 14
39 39
54 54
68 68
191 191
181 181
35 35
128 128
166 166
95 95
83 83
168 168
131 131
66 66
94 94
158 158
31 31
27 27
129 129
91 91
73 73
61 61
18 18
17 17
21 21
140 140
101 101
154 154
38 38
42 42
9 9
90 90
153 153
80 80
44 44
148 148
10 10
50 50
63 63
26 26
22 22
147 147
25 25
137 137
120 120
96 96
19 19
69 69
0 0
121 121
52 52
82 82
93 93
65 65
108 108
13 13
77 77
59 59
196 196
176 176
29 29
141 141
11 11
1 1
188 188
175 175
150 150
172 172
24 24
183 183
5 5
170 170
113 113
118 118
45 45
4 4
15 15
51 51
134 134
78 78
195 195
2 2
62 62
58 58
136 136
74 74
159 159
107 107
