0 1 2 3 4 5 6 7 8 9 10 12 11 14 13 16 15 15 16 13 92 93 94 95 97 96 98 99 100 101 102 103 104 104 103 105 106 107 108 108 ViksNode 112 110 109 111 130 129 128 127 126 125 125 126 127 128 129 130 111 109 110 115 113 114 114 113 115 116 117 33 34 35 36 37 38 41 40 39 39 91 91 40 42 43 43 44 45 46 47 48 49 50 51 52 53 54 55 57 56 58 59 60 61 61 60 89 89 59 62 63 64 70 65 66 67 68 69 69 76 72 73 75 74 74 75 73 72 77 78 79 80 81 82 83 86 84 85 17 18 19 20 21 22 32 23 24 26 25 25 28 27 29 30 30 29 27 31 31 28 26 24 23 32 22 21 20 19 18 90 90 17 85 84 86 83 82 81 80 79 88 88 78 77 76 68 67 66 71 71 65 70 64 63 62 58 56 57 55 54 53 52 51 50 87 87 49 48 47 46 45 44 42 41 38 37 36 35 34 118 118 33 117 116 112 ViksNode 107 124 122 121 121 123 123 122 124 106 105 102 120 120 101 100 99 98 119 119 96 97 95 94 93 92 14 11 12 10 9 8 7 6 5 4 3 2 1 0
45
3 3
4 4
7 7
8 8
10 10
13 13
15 15
18 18
19 19
20 20
21 21
25 25
27 27
30 30
35 35
36 36
37 37
42 42
43 43
47 47
48 48
53 53
55 55
56 56
59 59
60 60
63 63
70 70
71 71
73 73
74 74
78 78
80 80
86 86
94 94
130 130
99 99
121 121
123 123
104 104
106 106
113 113
114 114
108 108
117 117
