yZx4F8OpIk5Ar2sBMJAx ixBQklcj47gZLpsoK0Z1 3NlcmlomZH13bXyH9A3z ylc14u4guzQsG1HGoIaW 9Z5V9EodIIW8gVo35688 BoPjxvlt26bTwBLbfnZh KUHOkJLpmumLs35BloNl Ux0fPXy37kADOkMzDLQ2 VjnDj9OGcLX4d3Nv51sc OX2sgS0EKma0KPRXo24b 2Qd5LbYgFfAA4sIfyfR2 OLNsB9xLMpVZMUaTLkU7 1nX5xj0493ZNrFPUOVt9 K5SbR7BNjzxCUkAdrGa5 FciSQxyNkHFgE3UoxohL QEBtBeNKQExSkYcP2oS9 V4ruzNkikbvZgvGmKxRU 9RASC8iIlFoW2F9PoUXZ jCeMKHwHjip9JKrkAm5C gQemLIX7nMImczKz1saV O0o0dsnizntbY4XTBc6U pyuAeTbcVcifrFis8Hjk 3Nm0UHOvSd34D8rM2yZH d0AuYg0eUOBgxIa5jBVn zXytU8JEQ4DXd0b8k0xu TIQTzk08mTKB7r8LXluj Kfp9FANmk4ssEoL1cMm0 E0w68ygm8mlxdWmjUSMA j6jfX0BSBKdiymevadhL C04v6gWpT9KEgVsdyDUb KdV5bt367BMwPhG3obI3 O3xMbN12rGc5j9ED6F9z j8a5XYXH6AK0uHrNRime O3Hkka0xTn4TYlQWkSEt BiRrnnrx5JOsn416i8Ay YVk7gUo67rF6xKmFfZP9 73lJNME3ed7CVENNhT28 oNRzekgjmcfhwbUnE9E5 JJferyIpT4R55BIN93bf gXksUd6KlaYZJ76ZGW35 xfBJiQuas9xv3hIOUe8o VjV0iKUpTgDz3hfRQQBE bgjTCRWT0daVlg0oTZuF fueUfAJSPntByRITD3U5 Inoe9G8z2rKt9ExKxFhC UazrrrPRLBh6H6eOA2HA t3p35rQwuMfICpxwBTRV fmbU4gOuVAuPiFa2wYtH MjcrC2MkSyccg6AM7KMW nY368FnRo0TybzKtsr1y YCHj3zwS8C1T4iIu3mub 4lxb7UVZ0IdttMx5EVCR DcSTxOIrGBCA1ofmh1Ax sYiNL7uSzhZbFuuuJ7Ov jNwxb36aecxF5XD0TZsi iPYb45Axawv8d5E4ZUWT a37twrOQlX8ckvFplsbJ sI5I68bj40h6dFM0JU7L 7CGzOuRZKgL5gDBkIvbd brD3Sp7VWuo0VotesZDK 3iE4IApcSktKRl2GtSrk tNuKCHy4dCH7Llx93jAM Zauo7Svp8sg2NRSQA9LS 6Jr0nCoMaw4eIQVNKP8W SxhNwhmBZW56skeskoXT pPbHJPhuUpIghy2AweIy uwJup2WiLVChmnkelhR8 coccrxCAACMV0GSxD2xc UOpTUdRPdo3iSH1YUYbS HSXLfkse2epBWUyN8pxf BZsQtDdUez4tRoWxvdSR lRyI32Z3izBPgy0raiSy c2xoK29xdkQaHgutY5NS e6PVUjjd6ajldcTPycA6 Jl9fGpEEaLR4lmSJYVKz tg1w5Br4i5001iky5uAt bSPdwFdSvkSaDMkIhhIm u3rvHKE2Cknh2L20VX31 evP9W9Sp0JotOHAnvl9E P4umUwM6g1EE7yTS6Of0 2GGOgT8kgyBmX858M38j mhfSTNs1vGxIVkKDB1R9 5r3y5ay8x9ziAFT7j2sD z9JZzDi8GuH17SntHGlQ Z5A3tROaNW2mCwf9Mwns u8Sh3uzUVF2pFMTdyMgE Jn3m6dkxcdxrs3nZhgmu YXB7UTVLkwJ3CJcMVTzW 0jgipIrBRNs0kV2NH91o s5fMEgh8w2WeOnudUhZu p1HQ9bUXYQS3CJ4AN6us Xi43pjkClGI3uOUPwRgu k4TDiYyIyLOxd2S09stN xZZYawX5nu7IXCQrv42B hCu50otWd5xV17Ex0c3a 1i2SRvgsOcvOFdgVwaG2 xjrY90FEcI7klV7sjO39 MMuVzSLYdkYJSnZzYgpt 4vVzhXxSoe23m0D4crAQ aUS8Ma4u9DWG5rGkGMu3 aUS8Ma4u9DWG5rGkGMu3 4vVzhXxSoe23m0D4crAQ MMuVzSLYdkYJSnZzYgpt xjrY90FEcI7klV7sjO39 1i2SRvgsOcvOFdgVwaG2 hCu50otWd5xV17Ex0c3a xZZYawX5nu7IXCQrv42B k4TDiYyIyLOxd2S09stN Xi43pjkClGI3uOUPwRgu p1HQ9bUXYQS3CJ4AN6us s5fMEgh8w2WeOnudUhZu 0jgipIrBRNs0kV2NH91o YXB7UTVLkwJ3CJcMVTzW Jn3m6dkxcdxrs3nZhgmu u8Sh3uzUVF2pFMTdyMgE Z5A3tROaNW2mCwf9Mwns z9JZzDi8GuH17SntHGlQ 5r3y5ay8x9ziAFT7j2sD mhfSTNs1vGxIVkKDB1R9 2GGOgT8kgyBmX858M38j P4umUwM6g1EE7yTS6Of0 evP9W9Sp0JotOHAnvl9E u3rvHKE2Cknh2L20VX31 bSPdwFdSvkSaDMkIhhIm tg1w5Br4i5001iky5uAt Jl9fGpEEaLR4lmSJYVKz e6PVUjjd6ajldcTPycA6 c2xoK29xdkQaHgutY5NS lRyI32Z3izBPgy0raiSy BZsQtDdUez4tRoWxvdSR HSXLfkse2epBWUyN8pxf UOpTUdRPdo3iSH1YUYbS coccrxCAACMV0GSxD2xc uwJup2WiLVChmnkelhR8 pPbHJPhuUpIghy2AweIy SxhNwhmBZW56skeskoXT 6Jr0nCoMaw4eIQVNKP8W Zauo7Svp8sg2NRSQA9LS tNuKCHy4dCH7Llx93jAM 3iE4IApcSktKRl2GtSrk brD3Sp7VWuo0VotesZDK 7CGzOuRZKgL5gDBkIvbd sI5I68bj40h6dFM0JU7L a37twrOQlX8ckvFplsbJ iPYb45Axawv8d5E4ZUWT jNwxb36aecxF5XD0TZsi sYiNL7uSzhZbFuuuJ7Ov DcSTxOIrGBCA1ofmh1Ax 4lxb7UVZ0IdttMx5EVCR YCHj3zwS8C1T4iIu3mub nY368FnRo0TybzKtsr1y MjcrC2MkSyccg6AM7KMW fmbU4gOuVAuPiFa2wYtH t3p35rQwuMfICpxwBTRV UazrrrPRLBh6H6eOA2HA Inoe9G8z2rKt9ExKxFhC fueUfAJSPntByRITD3U5 bgjTCRWT0daVlg0oTZuF VjV0iKUpTgDz3hfRQQBE xfBJiQuas9xv3hIOUe8o gXksUd6KlaYZJ76ZGW35 JJferyIpT4R55BIN93bf oNRzekgjmcfhwbUnE9E5 73lJNME3ed7CVENNhT28 YVk7gUo67rF6xKmFfZP9 BiRrnnrx5JOsn416i8Ay O3Hkka0xTn4TYlQWkSEt j8a5XYXH6AK0uHrNRime O3xMbN12rGc5j9ED6F9z KdV5bt367BMwPhG3obI3 C04v6gWpT9KEgVsdyDUb j6jfX0BSBKdiymevadhL E0w68ygm8mlxdWmjUSMA Kfp9FANmk4ssEoL1cMm0 TIQTzk08mTKB7r8LXluj zXytU8JEQ4DXd0b8k0xu d0AuYg0eUOBgxIa5jBVn 3Nm0UHOvSd34D8rM2yZH pyuAeTbcVcifrFis8Hjk O0o0dsnizntbY4XTBc6U gQemLIX7nMImczKz1saV jCeMKHwHjip9JKrkAm5C 9RASC8iIlFoW2F9PoUXZ V4ruzNkikbvZgvGmKxRU QEBtBeNKQExSkYcP2oS9 FciSQxyNkHFgE3UoxohL K5SbR7BNjzxCUkAdrGa5 1nX5xj0493ZNrFPUOVt9 OLNsB9xLMpVZMUaTLkU7 2Qd5LbYgFfAA4sIfyfR2 OX2sgS0EKma0KPRXo24b VjnDj9OGcLX4d3Nv51sc Ux0fPXy37kADOkMzDLQ2 KUHOkJLpmumLs35BloNl BoPjxvlt26bTwBLbfnZh 9Z5V9EodIIW8gVo35688 ylc14u4guzQsG1HGoIaW 3NlcmlomZH13bXyH9A3z ixBQklcj47gZLpsoK0Z1 yZx4F8OpIk5Ar2sBMJAx
50
O3Hkka0xTn4TYlQWkSEt O3Hkka0xTn4TYlQWkSEt
ylc14u4guzQsG1HGoIaW ylc14u4guzQsG1HGoIaW
2GGOgT8kgyBmX858M38j 2GGOgT8kgyBmX858M38j
tg1w5Br4i5001iky5uAt tg1w5Br4i5001iky5uAt
aUS8Ma4u9DWG5rGkGMu3 aUS8Ma4u9DWG5rGkGMu3
1nX5xj0493ZNrFPUOVt9 1nX5xj0493ZNrFPUOVt9
hCu50otWd5xV17Ex0c3a hCu50otWd5xV17Ex0c3a
uwJup2WiLVChmnkelhR8 uwJup2WiLVChmnkelhR8
coccrxCAACMV0GSxD2xc coccrxCAACMV0GSxD2xc
SxhNwhmBZW56skeskoXT SxhNwhmBZW56skeskoXT
xfBJiQuas9xv3hIOUe8o xfBJiQuas9xv3hIOUe8o
c2xoK29xdkQaHgutY5NS c2xoK29xdkQaHgutY5NS
xjrY90FEcI7klV7sjO39 xjrY90FEcI7klV7sjO39
oNRzekgjmcfhwbUnE9E5 oNRzekgjmcfhwbUnE9E5
j8a5XYXH6AK0uHrNRime j8a5XYXH6AK0uHrNRime
Jl9fGpEEaLR4lmSJYVKz Jl9fGpEEaLR4lmSJYVKz
4vVzhXxSoe23m0D4crAQ 4vVzhXxSoe23m0D4crAQ
iPYb45Axawv8d5E4ZUWT iPYb45Axawv8d5E4ZUWT
OX2sgS0EKma0KPRXo24b OX2sgS0EKma0KPRXo24b
MjcrC2MkSyccg6AM7KMW MjcrC2MkSyccg6AM7KMW
YXB7UTVLkwJ3CJcMVTzW YXB7UTVLkwJ3CJcMVTzW
BoPjxvlt26bTwBLbfnZh BoPjxvlt26bTwBLbfnZh
evP9W9Sp0JotOHAnvl9E evP9W9Sp0JotOHAnvl9E
E0w68ygm8mlxdWmjUSMA E0w68ygm8mlxdWmjUSMA
ixBQklcj47gZLpsoK0Z1 ixBQklcj47gZLpsoK0Z1
mhfSTNs1vGxIVkKDB1R9 mhfSTNs1vGxIVkKDB1R9
k4TDiYyIyLOxd2S09stN k4TDiYyIyLOxd2S09stN
sYiNL7uSzhZbFuuuJ7Ov sYiNL7uSzhZbFuuuJ7Ov
Ux0fPXy37kADOkMzDLQ2 Ux0fPXy37kADOkMzDLQ2
Z5A3tROaNW2mCwf9Mwns Z5A3tROaNW2mCwf9Mwns
9RASC8iIlFoW2F9PoUXZ 9RASC8iIlFoW2F9PoUXZ
3Nm0UHOvSd34D8rM2yZH 3Nm0UHOvSd34D8rM2yZH
bSPdwFdSvkSaDMkIhhIm bSPdwFdSvkSaDMkIhhIm
e6PVUjjd6ajldcTPycA6 e6PVUjjd6ajldcTPycA6
u3rvHKE2Cknh2L20VX31 u3rvHKE2Cknh2L20VX31
KdV5bt367BMwPhG3obI3 KdV5bt367BMwPhG3obI3
3NlcmlomZH13bXyH9A3z 3NlcmlomZH13bXyH9A3z
u8Sh3uzUVF2pFMTdyMgE u8Sh3uzUVF2pFMTdyMgE
sI5I68bj40h6dFM0JU7L sI5I68bj40h6dFM0JU7L
a37twrOQlX8ckvFplsbJ a37twrOQlX8ckvFplsbJ
YCHj3zwS8C1T4iIu3mub YCHj3zwS8C1T4iIu3mub
pyuAeTbcVcifrFis8Hjk pyuAeTbcVcifrFis8Hjk
brD3Sp7VWuo0VotesZDK brD3Sp7VWuo0VotesZDK
t3p35rQwuMfICpxwBTRV t3p35rQwuMfICpxwBTRV
K5SbR7BNjzxCUkAdrGa5 K5SbR7BNjzxCUkAdrGa5
MMuVzSLYdkYJSnZzYgpt MMuVzSLYdkYJSnZzYgpt
p1HQ9bUXYQS3CJ4AN6us p1HQ9bUXYQS3CJ4AN6us
73lJNME3ed7CVENNhT28 73lJNME3ed7CVENNhT28
OLNsB9xLMpVZMUaTLkU7 OLNsB9xLMpVZMUaTLkU7
TIQTzk08mTKB7r8LXluj TIQTzk08mTKB7r8LXluj
