PQlYD3syBoo7C0hcATPD chATmSuISXTT2sMz8STx fKOlyBhpD8ROeSBtDSnb AcGlxsvhfAOKA2Ti96Hg BTpZljiVwrKOuV3ovYf8 5wKsB6wx9H7PujNL03GN yuNLI2bosn9XVMaJllU2 JkhndOWPSDNIKR1zn2NI j1u2ybLPFsWda7RGIo6J BfkNC5T0oZOQYOkOg1Lr uljrG5rkRmLVRMAW6eAf ycjEDh6K7JPFmCmDDtAG y5UFufU6hy8Zt47b4K3v R3EYu49GUooMwZV27XSS egafCQ4ih9nCuFY3RBSk xUd3lWAackpOjTn98YBa c5B3yGaAxuGVYEd7DCc5 VjMruztOvYBB57sBtK7F mZEpl33HFjs4HaXj1h44 CasJoLDeUHs9eB3JhaRH 0FVcmc6ucH38k3GYDP2B JVL0BClrob8ZkieO22tQ iA0OPvpmSXnD5PmFrIY3 C8l14blndt8uGQmGfPky LC5zOSOpTlmcNNlLZhJv x7y62XeozblPouRtDuJZ 3KQH5YLkBNtwj5njGLDu 81BuRMlWnKSDv0gdoTLf m3uIZkevVRyscNPa6NkD rRx4ufuRfBzAjOzuQptQ lTNvRGBulC52xVXvXmmj CeJalRL3KinyCQjl6tio tLzG9AxWULGyie26r8nJ 4xoBiS6HZ3COfmNv2aTR Wls7YWfnOUYYNtO7TxlR IBSvm7mZeG0vXjguUx8d 32uxjSkk85ui0Y5vuvES Hj1rLkk2UTHyyhArouOv QWI7iXL3JezTaLDClto3 zfARzNLN18Yt82uamMHY UWVA5dAu4wDF6Efl9d4O DLNj52Bf5LL4ZddWTcYY fpvgH2TNMSBOKUOtDG6j KFPByxllQdZjXQQ080Kb zOauzkXEQku3g7FmlO3i 4ck2vdbl0wzRRSh9h5JI wmYCCv3ILTyM5dyfknMZ TdlmIp83zJ8FzTW9jxJ8 mdVRTrjvtfNgUHxK6EKy K0Syo03DvdcUx01wEn1F ub8uI0ust0bjRNZOYFrf Y7ftN89XjSewucXLr70O 58LVuHISdldtYbuuEa4z ul5TY5YtUVHURRbHo0xt ajZwDYcDrAcHajKZpRul 14UYPoQYf4I16EB1DXKQ 8g81uxlp5KxuUVBAY6tu e7HIMwL2s8LjuoIRxDl7 2RLdpM4k7Le8vufDMuf4 OReJAlihmGkSeDWg03jV aZ1gME9dgT1obQwN7kgz oAwJ8ncZge95DCLogDfz cilZ8sEVa88zuDEMFzWQ JWNjS0Xtxw6CDJbk4UbK DzmV3V4jLXFV8NKy7e6t xKYsrPDf6uBnS1rB7oEi uH1ua7AmUWR8VNTNVMrN jQ398E757ZUZ6B3PAVLA QXy4Gy1uUpnOXuO2tleY IjoU40tEWMCkwd5SaIZC XfIhMNfCnUCbP8MIjhA8 EWUzUZ9Yb7H9gHpK5NdI gByPZFfsA72SjYPmontO TlYvVZeexaNx2QRH5XgO ziyuCFaUNlunKHz5VaUE TRIzdQQDV9bs8k4M9U4X dRs9JullKCFwk8f9TP2C LvHeBFyLyC9KHnAltZnF SJuQEhk6NZgb7Y1YXHxx 1AmZo7yJ6YJzwrjZr6vX Kxk6VsPzNOhHpwuN2F67 MnuekaeS1NiILcuuvn3o pmpfdWSNFW4BZf3j9zey XY5VlEBBt6Thfunw6jtm Ygp8VmuPu4funyZLuNbc sMSGdtwHWiI5XthQ9LEo Z3gbgZRKDgBHS5V7Dyza O7rXvJNyIxIOwybkkM4Z FuxgylhHBTEcCmRpiyQO O7r7jTAHUovFxQtj6W4Z WpDgsUZvfm1s3J1djPk6 dcRmXZcpiyoLWuwR56cL KZUYMItcoUmLAwugFZET tBx3RfPMJg4OhazCeTsa 5jURyYkumVTCPwjIUFnW JNypu0O2hxRmLxF04Zie 29ZrssG8owPMWU0dtlEx 36bOBGFJRRhLasd5h4Dk WuSb6mZA4Ht48gzyBwrs XtcwDUG5TGpryRZKRvrm XT2Ymi7YdhYVjSO57uvy H7uVIevOruuuxxulSjmd dPunn27br1tTUelFVNIt cLgLzDowfDczOCIiAA1P 8a1JXRFratj4AgnZpTVQ daYVb2kr83paGhJZJJyA h36zX7NC4P81W3KQD11u zV8w7Gt8capVIKs3sCpM MrPrjjrnFcdnkhnTvZwU Mo6dK8I2XR9RUnPgLFfU zlNUSmiBJyW8nEoA60dd dROGWu9MJwNa5XPgzeZw IhJom3DfGSMSXKcmodso HYWOTw4ndVABLaFirARf MmXiw0PdJXAsicjY4bml 0UIZ9YDhxr3ipBPf2WkK niIlsyEn6CyxnfUTDmu9 3lGxoRlxzR2WFdFFc2su CQFH0bM5UHhxPATIQeaZ j0WhcaOOy1JCyHTrxCSk N4yrn0aLU6ELQucPFmw8 ck4dO3uX1I0Ukhdtw8xc NCE41di01bKQugxLGez3 7vPETSHi40Gezwl6Et8o mHciHIbodF92KWBlyZhd ukNH6KWEpBrTnkPycvgg 4WMfYZZfpmCLQPtUuu3U jMUm9akutw2eIhNlERAk ikaH2IngBoan8x64dwnD hQH0nHlpxkrlncu9buJt zTPp43usagg8jQuMreHJ r52GhdJM3J6bC9RxltxZ ytFHCaUXIRcWo2XR8KBQ 6XnXouxDZvL84c0l21Xk DmFkMz41R1xntSlYNDEm lP2ISUwXZ5Vr1Dbyi5b2 TjdE5jA1HCzZ8UYNo5Yc AhTd32p44tQrgKLluTfO FE9d826a5RuYfSI6vEz4 pZmHZ63c7iUp469fR8uZ WH35TmjvCR4kO0EFhsWf wcuru3pV98zLumiPp2mk Tcl3WEtO0xn1rLAvzx30 YPxLz7ubSTcpcWxfhfMM NpHJpdHaoVuG1evDy4mD 8BVD1mXIeFKDWXC0pHC5 ouUk8HCXkT1xNHUSpktV 4yCDRp1k04Ch6IBU1p1H NWf2n31erGPiONTUnVON VAD4i2sITJAyE9KdZs6R 3WxXECDgHfdxH64mHW2r 8ohYkdBbhmuLxG2PaKA7 58PE6yTygndgQ75HC5PU diWFyYW4KuKIAVWCVTOh SWMrIKPuAQFTY7HmPty0 IuwSP1hfYZRam5iX6Sbk LojUOw2jUh1tZtGFz9aj 4EHOWDgXvpoSadcvvLu4 CE9MuYF6CpN99atuGjZ0 wpM05AhdMYgh3n4WvalH ovOnjRP179hu4Hr77szb zpeGiHngfxKrh1e7CB9J CtdShr26uGGV2W6zZTdS aAf4nv1B7ggfx0DjrAOi Q3Cogj51XjuCQtkcLiAV zfB4CHKP8IkRnkzojRvd oRnkB9WX4h9Vz2XYe2Mz Zd6upjEKdV6jHG9xKORy iGcRn4eFfZI68Qr0MOgy ne2hOv431YIk6NU6lJQK mMXK7rFRd7VNNboRtMKu u0wBIZEfM7QKVkmytCw3 pGBevvfrXEYRwdy9Xa3h cQGXIZOeOdGlvNPuZfO6 8kEed91vb76Fhm6ivuFw z2gCSWW099FkYohCVT7Y zrZvuuVg7VhfNNSTyHUN skzbEcObQeXfVSzgV7Zn jN7FJhuhmTKkduIKGyBx IZipFcSb1a3uzUU2B1hv y5HlDp3ZOU3fT35BihFS Hj9GXo6u0dDYfg4xoW2T upn88whXcmTNEpbLaMgR 9zpvFa3wwt0dB0VOMd72 MGPH1ZQv2OM6dRC07Rj5 KFbZubIZwxKjbFZIhivu 6KF9tSz3Df39DhvRy7FY PRxK9WGPQn2vmuBbswLk ClI55Jc4paLtKGIpyO3j BHDRDstSlZtm71sWfOHB I3dKkMa3JUxVpADvWcmQ Saezs03GHhWlgEusf2xb ZOUAFthiVkWe23hp0746 symCtAIG82LYD9Qs6FxZ gYkcGnWFkHg6NXuE0PIL chfID4Gg1RphlYZQtHhA FGIvgo5aCn2fThXoawaG wfrLtXM37SSnFsiHhmDU 66SloLvtkGOxnc9DxLHM xM3fh05um8j45RhdwKOx xM3fh05um8j45RhdwKOx 66SloLvtkGOxnc9DxLHM wfrLtXM37SSnFsiHhmDU FGIvgo5aCn2fThXoawaG chfID4Gg1RphlYZQtHhA gYkcGnWFkHg6NXuE0PIL symCtAIG82LYD9Qs6FxZ ZOUAFthiVkWe23hp0746 Saezs03GHhWlgEusf2xb I3dKkMa3JUxVpADvWcmQ BHDRDstSlZtm71sWfOHB ClI55Jc4paLtKGIpyO3j PRxK9WGPQn2vmuBbswLk 6KF9tSz3Df39DhvRy7FY KFbZubIZwxKjbFZIhivu MGPH1ZQv2OM6dRC07Rj5 9zpvFa3wwt0dB0VOMd72 upn88whXcmTNEpbLaMgR Hj9GXo6u0dDYfg4xoW2T y5HlDp3ZOU3fT35BihFS IZipFcSb1a3uzUU2B1hv jN7FJhuhmTKkduIKGyBx skzbEcObQeXfVSzgV7Zn zrZvuuVg7VhfNNSTyHUN z2gCSWW099FkYohCVT7Y 8kEed91vb76Fhm6ivuFw cQGXIZOeOdGlvNPuZfO6 pGBevvfrXEYRwdy9Xa3h u0wBIZEfM7QKVkmytCw3 mMXK7rFRd7VNNboRtMKu ne2hOv431YIk6NU6lJQK iGcRn4eFfZI68Qr0MOgy Zd6upjEKdV6jHG9xKORy oRnkB9WX4h9Vz2XYe2Mz zfB4CHKP8IkRnkzojRvd Q3Cogj51XjuCQtkcLiAV aAf4nv1B7ggfx0DjrAOi CtdShr26uGGV2W6zZTdS zpeGiHngfxKrh1e7CB9J ovOnjRP179hu4Hr77szb wpM05AhdMYgh3n4WvalH CE9MuYF6CpN99atuGjZ0 4EHOWDgXvpoSadcvvLu4 LojUOw2jUh1tZtGFz9aj IuwSP1hfYZRam5iX6Sbk SWMrIKPuAQFTY7HmPty0 diWFyYW4KuKIAVWCVTOh 58PE6yTygndgQ75HC5PU 8ohYkdBbhmuLxG2PaKA7 3WxXECDgHfdxH64mHW2r VAD4i2sITJAyE9KdZs6R NWf2n31erGPiONTUnVON 4yCDRp1k04Ch6IBU1p1H ouUk8HCXkT1xNHUSpktV 8BVD1mXIeFKDWXC0pHC5 NpHJpdHaoVuG1evDy4mD YPxLz7ubSTcpcWxfhfMM Tcl3WEtO0xn1rLAvzx30 wcuru3pV98zLumiPp2mk WH35TmjvCR4kO0EFhsWf pZmHZ63c7iUp469fR8uZ FE9d826a5RuYfSI6vEz4 AhTd32p44tQrgKLluTfO TjdE5jA1HCzZ8UYNo5Yc lP2ISUwXZ5Vr1Dbyi5b2 DmFkMz41R1xntSlYNDEm 6XnXouxDZvL84c0l21Xk ytFHCaUXIRcWo2XR8KBQ r52GhdJM3J6bC9RxltxZ zTPp43usagg8jQuMreHJ hQH0nHlpxkrlncu9buJt ikaH2IngBoan8x64dwnD jMUm9akutw2eIhNlERAk 4WMfYZZfpmCLQPtUuu3U ukNH6KWEpBrTnkPycvgg mHciHIbodF92KWBlyZhd 7vPETSHi40Gezwl6Et8o NCE41di01bKQugxLGez3 ck4dO3uX1I0Ukhdtw8xc N4yrn0aLU6ELQucPFmw8 j0WhcaOOy1JCyHTrxCSk CQFH0bM5UHhxPATIQeaZ 3lGxoRlxzR2WFdFFc2su niIlsyEn6CyxnfUTDmu9 0UIZ9YDhxr3ipBPf2WkK MmXiw0PdJXAsicjY4bml HYWOTw4ndVABLaFirARf IhJom3DfGSMSXKcmodso dROGWu9MJwNa5XPgzeZw zlNUSmiBJyW8nEoA60dd Mo6dK8I2XR9RUnPgLFfU MrPrjjrnFcdnkhnTvZwU zV8w7Gt8capVIKs3sCpM h36zX7NC4P81W3KQD11u daYVb2kr83paGhJZJJyA 8a1JXRFratj4AgnZpTVQ cLgLzDowfDczOCIiAA1P dPunn27br1tTUelFVNIt H7uVIevOruuuxxulSjmd XT2Ymi7YdhYVjSO57uvy XtcwDUG5TGpryRZKRvrm WuSb6mZA4Ht48gzyBwrs 36bOBGFJRRhLasd5h4Dk 29ZrssG8owPMWU0dtlEx JNypu0O2hxRmLxF04Zie 5jURyYkumVTCPwjIUFnW tBx3RfPMJg4OhazCeTsa KZUYMItcoUmLAwugFZET dcRmXZcpiyoLWuwR56cL WpDgsUZvfm1s3J1djPk6 O7r7jTAHUovFxQtj6W4Z FuxgylhHBTEcCmRpiyQO O7rXvJNyIxIOwybkkM4Z Z3gbgZRKDgBHS5V7Dyza sMSGdtwHWiI5XthQ9LEo Ygp8VmuPu4funyZLuNbc XY5VlEBBt6Thfunw6jtm pmpfdWSNFW4BZf3j9zey MnuekaeS1NiILcuuvn3o Kxk6VsPzNOhHpwuN2F67 1AmZo7yJ6YJzwrjZr6vX SJuQEhk6NZgb7Y1YXHxx LvHeBFyLyC9KHnAltZnF dRs9JullKCFwk8f9TP2C TRIzdQQDV9bs8k4M9U4X ziyuCFaUNlunKHz5VaUE TlYvVZeexaNx2QRH5XgO gByPZFfsA72SjYPmontO EWUzUZ9Yb7H9gHpK5NdI XfIhMNfCnUCbP8MIjhA8 IjoU40tEWMCkwd5SaIZC QXy4Gy1uUpnOXuO2tleY jQ398E757ZUZ6B3PAVLA uH1ua7AmUWR8VNTNVMrN xKYsrPDf6uBnS1rB7oEi DzmV3V4jLXFV8NKy7e6t JWNjS0Xtxw6CDJbk4UbK cilZ8sEVa88zuDEMFzWQ oAwJ8ncZge95DCLogDfz aZ1gME9dgT1obQwN7kgz OReJAlihmGkSeDWg03jV 2RLdpM4k7Le8vufDMuf4 e7HIMwL2s8LjuoIRxDl7 8g81uxlp5KxuUVBAY6tu 14UYPoQYf4I16EB1DXKQ ajZwDYcDrAcHajKZpRul ul5TY5YtUVHURRbHo0xt 58LVuHISdldtYbuuEa4z Y7ftN89XjSewucXLr70O ub8uI0ust0bjRNZOYFrf K0Syo03DvdcUx01wEn1F mdVRTrjvtfNgUHxK6EKy TdlmIp83zJ8FzTW9jxJ8 wmYCCv3ILTyM5dyfknMZ 4ck2vdbl0wzRRSh9h5JI zOauzkXEQku3g7FmlO3i KFPByxllQdZjXQQ080Kb fpvgH2TNMSBOKUOtDG6j DLNj52Bf5LL4ZddWTcYY UWVA5dAu4wDF6Efl9d4O zfARzNLN18Yt82uamMHY QWI7iXL3JezTaLDClto3 Hj1rLkk2UTHyyhArouOv 32uxjSkk85ui0Y5vuvES IBSvm7mZeG0vXjguUx8d Wls7YWfnOUYYNtO7TxlR 4xoBiS6HZ3COfmNv2aTR tLzG9AxWULGyie26r8nJ CeJalRL3KinyCQjl6tio lTNvRGBulC52xVXvXmmj rRx4ufuRfBzAjOzuQptQ m3uIZkevVRyscNPa6NkD 81BuRMlWnKSDv0gdoTLf 3KQH5YLkBNtwj5njGLDu x7y62XeozblPouRtDuJZ LC5zOSOpTlmcNNlLZhJv C8l14blndt8uGQmGfPky iA0OPvpmSXnD5PmFrIY3 JVL0BClrob8ZkieO22tQ 0FVcmc6ucH38k3GYDP2B CasJoLDeUHs9eB3JhaRH mZEpl33HFjs4HaXj1h44 VjMruztOvYBB57sBtK7F c5B3yGaAxuGVYEd7DCc5 xUd3lWAackpOjTn98YBa egafCQ4ih9nCuFY3RBSk R3EYu49GUooMwZV27XSS y5UFufU6hy8Zt47b4K3v ycjEDh6K7JPFmCmDDtAG uljrG5rkRmLVRMAW6eAf BfkNC5T0oZOQYOkOg1Lr j1u2ybLPFsWda7RGIo6J JkhndOWPSDNIKR1zn2NI yuNLI2bosn9XVMaJllU2 5wKsB6wx9H7PujNL03GN BTpZljiVwrKOuV3ovYf8 AcGlxsvhfAOKA2Ti96Hg fKOlyBhpD8ROeSBtDSnb chATmSuISXTT2sMz8STx PQlYD3syBoo7C0hcATPD
100
0UIZ9YDhxr3ipBPf2WkK 0UIZ9YDhxr3ipBPf2WkK
Kxk6VsPzNOhHpwuN2F67 Kxk6VsPzNOhHpwuN2F67
yuNLI2bosn9XVMaJllU2 yuNLI2bosn9XVMaJllU2
xM3fh05um8j45RhdwKOx xM3fh05um8j45RhdwKOx
aZ1gME9dgT1obQwN7kgz aZ1gME9dgT1obQwN7kgz
mMXK7rFRd7VNNboRtMKu mMXK7rFRd7VNNboRtMKu
r52GhdJM3J6bC9RxltxZ r52GhdJM3J6bC9RxltxZ
jN7FJhuhmTKkduIKGyBx jN7FJhuhmTKkduIKGyBx
JWNjS0Xtxw6CDJbk4UbK JWNjS0Xtxw6CDJbk4UbK
ZOUAFthiVkWe23hp0746 ZOUAFthiVkWe23hp0746
XT2Ymi7YdhYVjSO57uvy XT2Ymi7YdhYVjSO57uvy
pGBevvfrXEYRwdy9Xa3h pGBevvfrXEYRwdy9Xa3h
rRx4ufuRfBzAjOzuQptQ rRx4ufuRfBzAjOzuQptQ
58LVuHISdldtYbuuEa4z 58LVuHISdldtYbuuEa4z
WuSb6mZA4Ht48gzyBwrs WuSb6mZA4Ht48gzyBwrs
IuwSP1hfYZRam5iX6Sbk IuwSP1hfYZRam5iX6Sbk
SJuQEhk6NZgb7Y1YXHxx SJuQEhk6NZgb7Y1YXHxx
iGcRn4eFfZI68Qr0MOgy iGcRn4eFfZI68Qr0MOgy
LvHeBFyLyC9KHnAltZnF LvHeBFyLyC9KHnAltZnF
e7HIMwL2s8LjuoIRxDl7 e7HIMwL2s8LjuoIRxDl7
h36zX7NC4P81W3KQD11u h36zX7NC4P81W3KQD11u
dPunn27br1tTUelFVNIt dPunn27br1tTUelFVNIt
JNypu0O2hxRmLxF04Zie JNypu0O2hxRmLxF04Zie
8BVD1mXIeFKDWXC0pHC5 8BVD1mXIeFKDWXC0pHC5
upn88whXcmTNEpbLaMgR upn88whXcmTNEpbLaMgR
y5UFufU6hy8Zt47b4K3v y5UFufU6hy8Zt47b4K3v
CQFH0bM5UHhxPATIQeaZ CQFH0bM5UHhxPATIQeaZ
AcGlxsvhfAOKA2Ti96Hg AcGlxsvhfAOKA2Ti96Hg
TRIzdQQDV9bs8k4M9U4X TRIzdQQDV9bs8k4M9U4X
4yCDRp1k04Ch6IBU1p1H 4yCDRp1k04Ch6IBU1p1H
ajZwDYcDrAcHajKZpRul ajZwDYcDrAcHajKZpRul
CE9MuYF6CpN99atuGjZ0 CE9MuYF6CpN99atuGjZ0
KFbZubIZwxKjbFZIhivu KFbZubIZwxKjbFZIhivu
EWUzUZ9Yb7H9gHpK5NdI EWUzUZ9Yb7H9gHpK5NdI
oRnkB9WX4h9Vz2XYe2Mz oRnkB9WX4h9Vz2XYe2Mz
dcRmXZcpiyoLWuwR56cL dcRmXZcpiyoLWuwR56cL
y5HlDp3ZOU3fT35BihFS y5HlDp3ZOU3fT35BihFS
BfkNC5T0oZOQYOkOg1Lr BfkNC5T0oZOQYOkOg1Lr
N4yrn0aLU6ELQucPFmw8 N4yrn0aLU6ELQucPFmw8
PRxK9WGPQn2vmuBbswLk PRxK9WGPQn2vmuBbswLk
XfIhMNfCnUCbP8MIjhA8 XfIhMNfCnUCbP8MIjhA8
mHciHIbodF92KWBlyZhd mHciHIbodF92KWBlyZhd
WpDgsUZvfm1s3J1djPk6 WpDgsUZvfm1s3J1djPk6
Hj9GXo6u0dDYfg4xoW2T Hj9GXo6u0dDYfg4xoW2T
ouUk8HCXkT1xNHUSpktV ouUk8HCXkT1xNHUSpktV
Saezs03GHhWlgEusf2xb Saezs03GHhWlgEusf2xb
4ck2vdbl0wzRRSh9h5JI 4ck2vdbl0wzRRSh9h5JI
j1u2ybLPFsWda7RGIo6J j1u2ybLPFsWda7RGIo6J
egafCQ4ih9nCuFY3RBSk egafCQ4ih9nCuFY3RBSk
lP2ISUwXZ5Vr1Dbyi5b2 lP2ISUwXZ5Vr1Dbyi5b2
ul5TY5YtUVHURRbHo0xt ul5TY5YtUVHURRbHo0xt
symCtAIG82LYD9Qs6FxZ symCtAIG82LYD9Qs6FxZ
5wKsB6wx9H7PujNL03GN 5wKsB6wx9H7PujNL03GN
8kEed91vb76Fhm6ivuFw 8kEed91vb76Fhm6ivuFw
MmXiw0PdJXAsicjY4bml MmXiw0PdJXAsicjY4bml
CeJalRL3KinyCQjl6tio CeJalRL3KinyCQjl6tio
hQH0nHlpxkrlncu9buJt hQH0nHlpxkrlncu9buJt
FE9d826a5RuYfSI6vEz4 FE9d826a5RuYfSI6vEz4
UWVA5dAu4wDF6Efl9d4O UWVA5dAu4wDF6Efl9d4O
C8l14blndt8uGQmGfPky C8l14blndt8uGQmGfPky
Mo6dK8I2XR9RUnPgLFfU Mo6dK8I2XR9RUnPgLFfU
CtdShr26uGGV2W6zZTdS CtdShr26uGGV2W6zZTdS
SWMrIKPuAQFTY7HmPty0 SWMrIKPuAQFTY7HmPty0
BHDRDstSlZtm71sWfOHB BHDRDstSlZtm71sWfOHB
tBx3RfPMJg4OhazCeTsa tBx3RfPMJg4OhazCeTsa
m3uIZkevVRyscNPa6NkD m3uIZkevVRyscNPa6NkD
gByPZFfsA72SjYPmontO gByPZFfsA72SjYPmontO
oAwJ8ncZge95DCLogDfz oAwJ8ncZge95DCLogDfz
xUd3lWAackpOjTn98YBa xUd3lWAackpOjTn98YBa
Zd6upjEKdV6jHG9xKORy Zd6upjEKdV6jHG9xKORy
VjMruztOvYBB57sBtK7F VjMruztOvYBB57sBtK7F
XtcwDUG5TGpryRZKRvrm XtcwDUG5TGpryRZKRvrm
c5B3yGaAxuGVYEd7DCc5 c5B3yGaAxuGVYEd7DCc5
dRs9JullKCFwk8f9TP2C dRs9JullKCFwk8f9TP2C
zOauzkXEQku3g7FmlO3i zOauzkXEQku3g7FmlO3i
diWFyYW4KuKIAVWCVTOh diWFyYW4KuKIAVWCVTOh
MGPH1ZQv2OM6dRC07Rj5 MGPH1ZQv2OM6dRC07Rj5
2RLdpM4k7Le8vufDMuf4 2RLdpM4k7Le8vufDMuf4
pmpfdWSNFW4BZf3j9zey pmpfdWSNFW4BZf3j9zey
4xoBiS6HZ3COfmNv2aTR 4xoBiS6HZ3COfmNv2aTR
IjoU40tEWMCkwd5SaIZC IjoU40tEWMCkwd5SaIZC
4EHOWDgXvpoSadcvvLu4 4EHOWDgXvpoSadcvvLu4
zTPp43usagg8jQuMreHJ zTPp43usagg8jQuMreHJ
lTNvRGBulC52xVXvXmmj lTNvRGBulC52xVXvXmmj
ikaH2IngBoan8x64dwnD ikaH2IngBoan8x64dwnD
wpM05AhdMYgh3n4WvalH wpM05AhdMYgh3n4WvalH
aAf4nv1B7ggfx0DjrAOi aAf4nv1B7ggfx0DjrAOi
29ZrssG8owPMWU0dtlEx 29ZrssG8owPMWU0dtlEx
I3dKkMa3JUxVpADvWcmQ I3dKkMa3JUxVpADvWcmQ
AhTd32p44tQrgKLluTfO AhTd32p44tQrgKLluTfO
daYVb2kr83paGhJZJJyA daYVb2kr83paGhJZJJyA
NpHJpdHaoVuG1evDy4mD NpHJpdHaoVuG1evDy4mD
DLNj52Bf5LL4ZddWTcYY DLNj52Bf5LL4ZddWTcYY
PQlYD3syBoo7C0hcATPD PQlYD3syBoo7C0hcATPD
j0WhcaOOy1JCyHTrxCSk j0WhcaOOy1JCyHTrxCSk
IBSvm7mZeG0vXjguUx8d IBSvm7mZeG0vXjguUx8d
MnuekaeS1NiILcuuvn3o MnuekaeS1NiILcuuvn3o
58PE6yTygndgQ75HC5PU 58PE6yTygndgQ75HC5PU
1AmZo7yJ6YJzwrjZr6vX 1AmZo7yJ6YJzwrjZr6vX
iA0OPvpmSXnD5PmFrIY3 iA0OPvpmSXnD5PmFrIY3
