destitute Andersen Amtrak Bernini Auberge Bleeker Dominican Gilmore Curtis Darwin Halstead Elizabethan FPC Hewlett MN Hindi Goodrich Injun Rodney McCall Irvin Isfahan Fisk Rio Iowa Loomis amateur Modesto Sicilian bobble Vega encumbrance Tucson bowman balustrade barnacle bifurcate confrontation anvil choice brook combine coarse deletion connubial diligent covariate embroil extractor embassy jewel griddle creekside exothermic funny fatten intangible involuntary decor extrovert felony illusion funky imperishable mediate lordosis schedule radioactive midstream olden namesake oriole monotonous stanza limitate septillion millennium shroud nowhere midget swingy ripe papal sacrifice shovel swordtail slowdown minion transpiration taft tate swordfish spill torus woke trill yogurt wafer yin whatsoever whatsoever yin wafer yogurt trill woke torus spill swordfish tate taft transpiration minion slowdown swordtail shovel sacrifice papal ripe swingy midget nowhere shroud millennium septillion limitate stanza monotonous oriole namesake olden midstream radioactive schedule lordosis mediate imperishable funky illusion felony extrovert decor involuntary intangible fatten funny exothermic creekside griddle jewel embassy extractor embroil covariate diligent connubial deletion coarse combine brook choice anvil confrontation bifurcate barnacle balustrade bowman Tucson encumbrance Vega bobble Sicilian Modesto amateur Loomis Iowa Rio Fisk Isfahan Irvin McCall Rodney Injun Goodrich Hindi MN Hewlett FPC Elizabethan Halstead Darwin Curtis Gilmore Dominican Bleeker Auberge Bernini Amtrak Andersen destitute
50
Andersen Andersen
Auberge Auberge
Bleeker Bleeker
Darwin Darwin
Dominican Dominican
Elizabethan Elizabethan
Fisk Fisk
Gilmore Gilmore
Halstead Halstead
Hewlett Hewlett
Hindi Hindi
Injun Injun
Isfahan Isfahan
Loomis Loomis
MN MN
McCall McCall
Modesto Modesto
Rio Rio
Vega Vega
amateur amateur
anvil anvil
balustrade balustrade
bobble bobble
choice choice
connubial connubial
creekside creekside
decor decor
diligent diligent
embassy embassy
extractor extractor
fatten fatten
funny funny
illusion illusion
jewel jewel
mediate mediate
midget midget
minion minion
papal papal
ripe ripe
schedule schedule
septillion septillion
shroud shroud
slowdown slowdown
stanza stanza
swingy swingy
swordfish swordfish
tate tate
transpiration transpiration
trill trill
yogurt yogurt
