woebegone encumbrance transonic thirteen catenate Darwin Elizabethan Goodrich Simon yogurt trimester transfuse illusion griddle illusion Curtis deduce Tucson extrovert Andersen cowhand explosion cowhand Stephen simulate Gilmore switchmen imperishable balustrade babysat felony tate felony equipping felony Isfahan felony casserole MN exothermic MN monotonous dreadnought monotonous sinh Durango directory bat Winchester whatsoever Sunday PDP oriole bunch midstream noon sphalerite hamper Hewlett December Zorn mack Irvin relaxation backplate involuntary mitre involuntary slowdown lexicon Modesto lexicon Vega lexicon choice shovel wingspread funny yearn barnacle broil creekside Wheller postscript inform millennium funky swordfish Rodney Auberge mediate Fisk swingy archive papal car softball anvil decor fatten coarse torus icon update bifurcate imposition administer stanza numerology viscous numerology diligent McCall septillion embroil fulsome trill woebegone
85
Andersen Andersen
Auberge Auberge Rodney
Curtis Curtis trimester
Darwin Darwin
December December
Durango Durango Reilly
Fisk Fisk
Gilmore Gilmore
Goodrich Goodrich
Hewlett Hewlett
Irvin Irvin
Isfahan Isfahan thoroughfare
McCall McCall
Modesto Modesto
PDP PDP limitate
Simon Simon
Stephen Stephen
Sunday Sunday silage
Tucson Tucson
Vega Vega
Wheller Wheller
Winchester Winchester connubial
Zorn Zorn
administer administer
anvil anvil
archive archive dull
babysat babysat
backplate backplate
barnacle barnacle
bat bat
bifurcate bifurcate
broil broil
bunch bunch
car car
casserole casserole renaissance
catenate catenate
choice choice
coarse coarse
deduce deduce
diligent diligent
directory directory
dreadnought dreadnought monotonous
embroil embroil
equipping equipping felony
exothermic exothermic
explosion explosion
extrovert extrovert
fulsome fulsome
funky funky
funny funny
griddle griddle illusion
icon icon
imperishable imperishable
inform inform millennium secondary
involuntary involuntary
mack mack
mediate mediate
midstream midstream
mitre mitre spill
noon noon
numerology numerology
oriole oriole
papal papal
postscript postscript
relaxation relaxation
septillion septillion
shovel shovel
simulate simulate
sinh sinh
slowdown slowdown
softball softball
sphalerite sphalerite
stanza stanza
swingy swingy
swordfish swordfish
tate tate
thirteen thirteen
transfuse transfuse
transonic transonic
update update
viscous viscous
whatsoever whatsoever
wingspread wingspread
yearn yearn
yogurt yogurt
