exothermic Bernini Andersen Bleeker Hewlett Dominican Injun Curtis Irvin FPC Iowa Sicilian Fisk Halstead McCall coarse extrovert brook Tucson felony anvil embroil barnacle embassy amateur illusion combine confrontation imperishable choice involuntary intangible lordosis midget namesake oriole sacrifice schedule millennium swordfish shovel decor slowdown stanza stanza tate whatsoever trill trill wafer wafer whatsoever tate slowdown decor swordtail swordtail shovel yogurt yogurt swordfish millennium schedule sacrifice oriole namesake midget lordosis intangible involuntary choice imperishable confrontation combine illusion amateur embassy barnacle embroil anvil felony Tucson brook extrovert coarse McCall Halstead Fisk Sicilian Iowa FPC Irvin Curtis Injun Dominican Hewlett Bleeker Andersen Bernini exothermic
25
Andersen Andersen
Bernini Bernini
Curtis Curtis
FPC FPC
Halstead Halstead
Injun Injun
Iowa Iowa
Irvin Irvin
McCall McCall
Tucson Tucson
amateur amateur
coarse coarse
combine combine
decor decor
extrovert extrovert
felony felony
lordosis lordosis
midget midget
namesake namesake
sacrifice sacrifice
shovel shovel
swordfish swordfish
trill trill
wafer wafer
yogurt yogurt
