1 2 3 4 5 6 7 8 9 10 11 12 13 14 15 16 17 18 19 20 21 22 23 24 25 26 27 28 29 30 31 32 33 34 35 36 37 38 39 40 41 42 43 44 45 46 47 48 88 88 48 93 93 47 82 82 46 75 75 45 77 77 44 50 50 43 59 59 42 94 94 41 71 71 40 69 69 39 90 90 38 68 68 37 83 83 36 87 87 35 62 62 34 72 72 33 80 80 32 91 91 31 95 95 30 73 73 29 60 60 28 63 63 27 51 51 26 86 86 25 53 53 24 55 55 23 81 81 22 61 61 21 64 64 20 54 54 19 70 70 18 96 96 17 49 49 16 85 85 15 89 89 14 58 58 13 52 52 12 78 78 11 65 65 10 84 84 9 66 66 8 74 74 7 56 56 6 76 76 5 67 67 4 92 92 3 57 57 2 79 79 1
48
49 49
50 50
51 51
52 52
53 53
54 54
55 55
56 56
57 57
58 58
59 59
60 60
61 61
62 62
63 63
64 64
65 65
66 66
67 67
68 68
69 69
70 70
71 71
72 72
73 73
74 74
75 75
76 76
77 77
78 78
79 79
80 80
81 81
82 82
83 83
84 84
85 85
86 86
87 87
88 88
89 89
90 90
91 91
92 92
93 93
94 94
95 95
96 96
