1 2 3 4 5 6 7 8 9 10 11 12 13 14 15 16 17 18 19 20 21 22 23 24 25 26 27 28 29 30 31 32 33 34 35 36 37 38 39 40 41 42 43 44 45 46 47 48 58 58 68 68 48 113 113 141 141 47 54 54 144 144 46 74 74 122 122 45 102 102 114 114 44 64 64 136 136 43 89 89 104 104 42 106 106 137 137 41 87 87 117 117 40 52 52 57 57 39 61 61 111 111 38 99 99 125 125 37 110 110 130 130 36 84 84 92 92 35 50 50 77 77 34 67 67 127 127 33 135 135 139 139 32 70 70 143 143 31 95 95 101 101 30 96 96 129 129 29 83 83 131 131 28 78 78 140 140 27 100 100 121 121 26 80 80 86 86 25 88 88 134 134 24 55 55 108 108 23 71 71 94 94 22 82 82 138 138 21 115 115 124 124 20 53 53 98 98 19 63 63 69 69 18 60 60 66 66 17 91 91 133 133 16 85 85 103 103 15 75 75 105 105 14 79 79 109 109 13 59 59 116 116 12 65 65 142 142 11 76 76 132 132 10 72 72 73 73 9 56 56 123 123 8 107 107 120 120 7 119 119 126 126 6 90 90 93 93 5 51 51 118 118 4 97 97 112 112 3 62 62 81 81 2 49 49 128 128 1
96
49 49
50 50
51 51
52 52
53 53
54 54
55 55
56 56
57 57
58 58
59 59
60 60
61 61
62 62
63 63
64 64
65 65
66 66
67 67
68 68
69 69
70 70
71 71
72 72
73 73
74 74
75 75
76 76
77 77
78 78
79 79
80 80
81 81
82 82
83 83
84 84
85 85
86 86
87 87
88 88
89 89
90 90
91 91
92 92
93 93
94 94
95 95
96 96
97 97
98 98
99 99
100 100
101 101
102 102
103 103
104 104
105 105
106 106
107 107
108 108
109 109
110 110
111 111
112 112
113 113
114 114
115 115
116 116
117 117
118 118
119 119
120 120
121 121
122 122
123 123
124 124
125 125
126 126
127 127
128 128
129 129
130 130
131 131
132 132
133 133
134 134
135 135
136 136
137 137
138 138
139 139
140 140
141 141
142 142
143 143
144 144
