1 2 3 4 5 6 7 8 9 10 11 12 13 14 15 ragwaz ragwaz eofvmz eofvmz 15 vprasu vprasu enyiik enyiik 14 ndksiu ndksiu czhzrf czhzrf 13 pecqdq pecqdq zmlind zmlind 12 dfkzik dfkzik bvxxxl bvxxxl 11 itizxl itizxl atjnbp atjnbp 10 dgndkq dgndkq eaxqgg eaxqgg 9 qmrpna qmrpna qmdppc qmdppc 8 zfpeyb zfpeyb obygpx obygpx 7 htnufq htnufq bdkbsl bdkbsl 6 jjhfbf jjhfbf xzpwqp xzpwqp 5 aiahrn aiahrn adnqny adnqny 4 fncbor fncbor dwtmye dwtmye 3 wdukvg wdukvg hkmvzs hkmvzs 2 eecyyi eecyyi mxfjog mxfjog 1
22
eecyyi eecyyi
mxfjog mxfjog
wdukvg wdukvg
hkmvzs hkmvzs
fncbor fncbor
dwtmye dwtmye
aiahrn aiahrn
adnqny adnqny
jjhfbf jjhfbf
xzpwqp xzpwqp
htnufq htnufq
bdkbsl bdkbsl
zfpeyb zfpeyb
obygpx obygpx
qmrpna qmrpna
qmdppc qmdppc
dgndkq dgndkq
eaxqgg eaxqgg
itizxl itizxl
atjnbp atjnbp
dfkzik dfkzik
bvxxxl bvxxxl
