g3ylJsdLuC idQHxtSnxr 0mnwiU4XrT uqBwmUCwgE oCk2Yieytb TSSOUimHPg 97ZNlakBoq mwzQG3SxnO rCoEuOa7EU mok9StGG0X biWuM2iRnz 4TTtdOaCTp PcFJuErB3q CxfzSa2YOV 2q1lo9tSYb JD3uem81Lg IA0Uf143OT 5hWe1EOa3M N6YnWF3Aqg 33omYiVXOD 2fevl06VRg t25XjDwQhD DJYFSgxecW vUu8ijgxxf 9LabQjTqkn LCKLTNE1vp uNliYB9ELN x7iq98BiN3 eV8Vk47Uma AOmNEQMr29 AOmNEQMr29 eV8Vk47Uma IGpxjveim7 x066w6eh4W fWIjO8yhE3 0SQlBVJ1YY oWmQcQwHPo 2eMl9AO5o8 QrJxLpX875 dj8JMfo3hX 4znnlMjVra WYEDqSuNRX oVMPVsMWrZ g2I4si69gU u4FAx2sHZm 1TfvXd6dPZ 1N2P3Sa7im srT70dfQEr Pz3egMzKU8 gZXiityEnU J3muHocLp9 7wS9dKOnJR 723MhcLxt0 1QXjsHNYao gNPoyTno9C I6HmSOF6YH t85IIqKEZh onlLq65Azx j98kcW9qGB z8wUSSybzM 1KJyArncTt XlU2fx0ZPn Cqa6jMOeIY fXy828RCG4 Pijq8aHqIR s3eMpsYH00 nKHFs5cKTX 03xK87sjTf 7g0Idy1nzK KUJdxKVZFO 0wTk0mYkLH 0wTk0mYkLH KUJdxKVZFO BNkM7qaRNw yky49wE4YG 2nSOTVmvxV MXIvZpEPtW ZqWjuL44qr O6QhQ7e2YE AlEhnWGqVG AlEhnWGqVG 6LMX14aEdy bserQRNqfz KpxiCfRqh3 KpxiCfRqh3 S8BtTu4yH9 WAi18jd2vJ Tk8ERvdKxF uIf3wnJUdn oIVQ2qkgnR bhojeHeddF bhojeHeddF 0hs3CNDF4L nFqfAnhO3U TBzLS0OAYU xjSWG1YKh9 wRn7Oi1bcW wRn7Oi1bcW ZjhU7PWKtj WcyuqGYOzU O4Rh9n5Clo O4Rh9n5Clo XOxGPscMMG dqqG7Zio8x CSjLrGbUz3 QTNhZIciNJ 2S929yZddP jVW9blzudJ 2O61j91J3T 7ZWqK2F5XG gTAImjNH8G pWVnBerIra bWDewy6WbV Bx61hYSyg6 K05xB79KZo K05xB79KZo Bx61hYSyg6 bWDewy6WbV IT4pKw3giW IT4pKw3giW 9ZP8NtfLqm RxW7o7Y2pP GQ4F0g3Mdj TyL7NE2puV wiMdNn30Xd oEdovEhrWM CUEWGmB7Gt dMOAUqH7Z3 qnkfLCmfDn yU6iUY8YgO Qu2MUNKITj pk0Vh75DnH RN0bCAV6rQ dC48GQHGzO AXNCIbkEJh BUMLJo6sc3 jPXsbXPNMq jPXsbXPNMq fecMfiAuGC fecMfiAuGC BUMLJo6sc3 xtp1B5q0W1 xtp1B5q0W1 AXNCIbkEJh vajlhYBumL vajlhYBumL dC48GQHGzO RN0bCAV6rQ pk0Vh75DnH Qu2MUNKITj yU6iUY8YgO qnkfLCmfDn dMOAUqH7Z3 WCfxK7Y8pw 49R5E9I4Wp 49R5E9I4Wp HHHZ1vC1rP 12ECENJIev Oiowits7js FvzkpZRSj8 YAqGe4tKAP VpC9l6m3bG qqiMfzDvYA vLjEFrUVJv qjDSEKmZMW FqFik17fFH WDULGPTRTU EG1t1o8YrR 8KtuAXHUy3 8KtuAXHUy3 EG1t1o8YrR mcFTstBR1U sxXDJEzMkM euuICgBLD4 r8njDwxc2t WRgtAPt4eZ WRgtAPt4eZ r8njDwxc2t euuICgBLD4 sxXDJEzMkM mcFTstBR1U WDULGPTRTU XW1Wn7EqpN XW1Wn7EqpN FqFik17fFH jBYJ7v19BQ lfdanPGo3c PY68abXYga KO0qxEFqYe YpRs8m6oyX FmtLnHv2HY 5SSy593K31 WvFZJEkTrw RUc8Sio5IX RUc8Sio5IX q3brjZkhs5 q3brjZkhs5 aEo62SfMqH aEo62SfMqH WvFZJEkTrw QOx0Q2p9eD 5sNanI9agV 5sNanI9agV yvMowGbkvn u4LnQNaaiz p3w5kcAaF0 p3w5kcAaF0 AOdvD4kI7u AOdvD4kI7u u4LnQNaaiz yvMowGbkvn QOx0Q2p9eD 5SSy593K31 FmtLnHv2HY YpRs8m6oyX KO0qxEFqYe s4xBpV0FQ8 2OsmeZV9xh 2OsmeZV9xh KZfI0wRW9K 8ZKCAWlImg tubjzjzUpV M2hatQPY96 vnZBjkVngj LeZK9UvMT9 emYRLTiyj9 D0kECQ0RvI D0kECQ0RvI emYRLTiyj9 LIaAthcOOG LIaAthcOOG LeZK9UvMT9 vnZBjkVngj M2hatQPY96 tubjzjzUpV z9nRKYQ1ub AL20k9yp9D pKK7T4agKn pKK7T4agKn AL20k9yp9D z9nRKYQ1ub 8ZKCAWlImg bsEkAY2K41 Q1N77BLmyb Q1N77BLmyb bsEkAY2K41 KZfI0wRW9K s4xBpV0FQ8 PY68abXYga lfdanPGo3c jBYJ7v19BQ qjDSEKmZMW vLjEFrUVJv qqiMfzDvYA VpC9l6m3bG YAqGe4tKAP FvzkpZRSj8 Oiowits7js 12ECENJIev HHHZ1vC1rP WCfxK7Y8pw CUEWGmB7Gt Q2bVxDrpEx Q2bVxDrpEx oEdovEhrWM wiMdNn30Xd TyL7NE2puV TP2TNyk7wl TP2TNyk7wl GQ4F0g3Mdj hiOG1rve27 hiOG1rve27 RxW7o7Y2pP 9ZP8NtfLqm pWVnBerIra gTAImjNH8G 7ZWqK2F5XG 2O61j91J3T jVW9blzudJ 2S929yZddP h5Si5BAPN0 h5Si5BAPN0 QTNhZIciNJ CSjLrGbUz3 dqqG7Zio8x CYkwKg8CjQ CYkwKg8CjQ XOxGPscMMG WcyuqGYOzU ZjhU7PWKtj xjSWG1YKh9 TBzLS0OAYU nFqfAnhO3U 0hs3CNDF4L oIVQ2qkgnR uIf3wnJUdn Tk8ERvdKxF WAi18jd2vJ S8BtTu4yH9 bserQRNqfz 6LMX14aEdy uvoepIQg9n kwH6Lwl5ed kwH6Lwl5ed uvoepIQg9n O6QhQ7e2YE ZqWjuL44qr jWGPBjgoMW jWGPBjgoMW MXIvZpEPtW 2nSOTVmvxV Pv5LMSkQii rVrpShxAxl faoQv8TBlx faoQv8TBlx rVrpShxAxl Pv5LMSkQii WRd4lScvm6 WRd4lScvm6 yky49wE4YG BNkM7qaRNw 7g0Idy1nzK 03xK87sjTf nKHFs5cKTX s3eMpsYH00 Pijq8aHqIR fXy828RCG4 Cqa6jMOeIY XlU2fx0ZPn 5gZkkIkl56 Qbef1n83yE Qbef1n83yE 5gZkkIkl56 1KJyArncTt z8wUSSybzM j98kcW9qGB onlLq65Azx t85IIqKEZh I6HmSOF6YH gNPoyTno9C 1QXjsHNYao 723MhcLxt0 JGKb2VpmRc JGKb2VpmRc 7wS9dKOnJR J3muHocLp9 gZXiityEnU Pz3egMzKU8 srT70dfQEr 1N2P3Sa7im mbSdju1TJK mbSdju1TJK 1TfvXd6dPZ u4FAx2sHZm g2I4si69gU oVMPVsMWrZ WYEDqSuNRX 4znnlMjVra dj8JMfo3hX 6akdokYv9t yUArOGL7bN yUArOGL7bN 6akdokYv9t QrJxLpX875 2eMl9AO5o8 oWmQcQwHPo 0SQlBVJ1YY KHDeTTvJC1 KHDeTTvJC1 fWIjO8yhE3 x066w6eh4W IGpxjveim7 x7iq98BiN3 uNliYB9ELN LCKLTNE1vp 9LabQjTqkn vUu8ijgxxf DJYFSgxecW t25XjDwQhD 2fevl06VRg 33omYiVXOD N6YnWF3Aqg 5hWe1EOa3M IA0Uf143OT JD3uem81Lg 2q1lo9tSYb CxfzSa2YOV PcFJuErB3q 4TTtdOaCTp biWuM2iRnz mok9StGG0X rCoEuOa7EU mwzQG3SxnO 97ZNlakBoq TSSOUimHPg oCk2Yieytb uqBwmUCwgE 0mnwiU4XrT idQHxtSnxr g3ylJsdLuC
100
lfdanPGo3c lfdanPGo3c
S8BtTu4yH9 S8BtTu4yH9
0wTk0mYkLH 0wTk0mYkLH
Q1N77BLmyb Q1N77BLmyb
qjDSEKmZMW qjDSEKmZMW
12ECENJIev 12ECENJIev
oCk2Yieytb oCk2Yieytb
CUEWGmB7Gt CUEWGmB7Gt
s3eMpsYH00 s3eMpsYH00
YpRs8m6oyX YpRs8m6oyX
TBzLS0OAYU TBzLS0OAYU
XW1Wn7EqpN XW1Wn7EqpN
WcyuqGYOzU WcyuqGYOzU
bhojeHeddF bhojeHeddF
uIf3wnJUdn uIf3wnJUdn
WRd4lScvm6 WRd4lScvm6
Pz3egMzKU8 Pz3egMzKU8
z9nRKYQ1ub z9nRKYQ1ub
h5Si5BAPN0 h5Si5BAPN0
CxfzSa2YOV CxfzSa2YOV
1TfvXd6dPZ 1TfvXd6dPZ
Pijq8aHqIR Pijq8aHqIR
WAi18jd2vJ WAi18jd2vJ
oEdovEhrWM oEdovEhrWM
LeZK9UvMT9 LeZK9UvMT9
uvoepIQg9n uvoepIQg9n
0mnwiU4XrT 0mnwiU4XrT
gZXiityEnU gZXiityEnU
5SSy593K31 5SSy593K31
yvMowGbkvn yvMowGbkvn
u4LnQNaaiz u4LnQNaaiz
g2I4si69gU g2I4si69gU
IT4pKw3giW IT4pKw3giW
QrJxLpX875 QrJxLpX875
yky49wE4YG yky49wE4YG
Pv5LMSkQii Pv5LMSkQii
2O61j91J3T 2O61j91J3T
idQHxtSnxr idQHxtSnxr
Oiowits7js Oiowits7js
mbSdju1TJK mbSdju1TJK
KUJdxKVZFO KUJdxKVZFO
GQ4F0g3Mdj GQ4F0g3Mdj
oIVQ2qkgnR oIVQ2qkgnR
RN0bCAV6rQ RN0bCAV6rQ
tubjzjzUpV tubjzjzUpV
03xK87sjTf 03xK87sjTf
M2hatQPY96 M2hatQPY96
97ZNlakBoq 97ZNlakBoq
bsEkAY2K41 bsEkAY2K41
bWDewy6WbV bWDewy6WbV
WvFZJEkTrw WvFZJEkTrw
dj8JMfo3hX dj8JMfo3hX
aEo62SfMqH aEo62SfMqH
r8njDwxc2t r8njDwxc2t
IA0Uf143OT IA0Uf143OT
BNkM7qaRNw BNkM7qaRNw
pk0Vh75DnH pk0Vh75DnH
xtp1B5q0W1 xtp1B5q0W1
fecMfiAuGC fecMfiAuGC
K05xB79KZo K05xB79KZo
FvzkpZRSj8 FvzkpZRSj8
KHDeTTvJC1 KHDeTTvJC1
oWmQcQwHPo oWmQcQwHPo
4znnlMjVra 4znnlMjVra
qnkfLCmfDn qnkfLCmfDn
CSjLrGbUz3 CSjLrGbUz3
t25XjDwQhD t25XjDwQhD
KpxiCfRqh3 KpxiCfRqh3
jPXsbXPNMq jPXsbXPNMq
JD3uem81Lg JD3uem81Lg
TP2TNyk7wl TP2TNyk7wl
7g0Idy1nzK 7g0Idy1nzK
723MhcLxt0 723MhcLxt0
mwzQG3SxnO mwzQG3SxnO
oVMPVsMWrZ oVMPVsMWrZ
nKHFs5cKTX nKHFs5cKTX
Tk8ERvdKxF Tk8ERvdKxF
dMOAUqH7Z3 dMOAUqH7Z3
yU6iUY8YgO yU6iUY8YgO
wRn7Oi1bcW wRn7Oi1bcW
TyL7NE2puV TyL7NE2puV
XlU2fx0ZPn XlU2fx0ZPn
QTNhZIciNJ QTNhZIciNJ
onlLq65Azx onlLq65Azx
emYRLTiyj9 emYRLTiyj9
0hs3CNDF4L 0hs3CNDF4L
srT70dfQEr srT70dfQEr
vUu8ijgxxf vUu8ijgxxf
BUMLJo6sc3 BUMLJo6sc3
LCKLTNE1vp LCKLTNE1vp
2OsmeZV9xh 2OsmeZV9xh
x7iq98BiN3 x7iq98BiN3
biWuM2iRnz biWuM2iRnz
YAqGe4tKAP YAqGe4tKAP
fXy828RCG4 fXy828RCG4
1QXjsHNYao 1QXjsHNYao
jBYJ7v19BQ jBYJ7v19BQ
2S929yZddP 2S929yZddP
u4FAx2sHZm u4FAx2sHZm
8KtuAXHUy3 8KtuAXHUy3
