1 1aB 1aA 1aC 1aD 1aE 1aG 1aF 1aH 1aJ 1aI 1aK 1aL 1aM 1aO 1aN 1aQ 1aT 1aP 1aR 1aS 1aU 1aY 1aV 1aW 1aZ 1aX 1bB 1bG 1bC 1bE 1bD 1bF 1bH 1bA 1bI 1bK 1bL 1bM 1bO 1bJ 1bN 1bQ 1bP 1bT 1bU 1bS 1bR 1bV 1bX 1bW 1bY 1bZ 1cC 1cA 1cD 1cE 1cB 1cH 1cJ 1cF 1cK 1cG 1cI 1cL 1cM 1cP 1cS 1cR 1cT 1cQ 1cN 1cU 1cW 1cV 1cO 1dC 1cY 1cX 1dA 1dF 1dG 1cZ 1dB 1dD 1dH 1dL 1dE 1dI 1dJ 1dK 1dM 1dP 1dO 1dN 1dQ 1dR 1dS 1dT 1dU 1dV 1dW 1dY 1dX 1dZ 1eD 1eA 1eE 1eB 1eC 1eF 1eH 1eG 1eJ 1eI 1eL 1eO 1eN 1eM 1eP 1eK 1eS 1eQ 1eR 1eU 1eT 1eV 1eW 1eX 1eY 1fC 1fA 1fE 1eZ 1fB 1fF 1fG 1fD 1fH 1fI 2 3 4 6 5 A 7 8 B 9 C G I P D E F L J M H N O R K S U V Q W Z T X a g d Y b c e h i f j k l m p n o s q q t r u w v x z y y z x v w u r t s o n p m l k j f i h e c b Y d g a X T Z W Q V U S K R O N H M J L F E D P I G C 9 B 8 7 A 5 6 4 3 2 1fI 1fH 1fD 1fG 1fF 1fB 1eZ 1fE 1fA 1fC 1eY 1eX 1eW 1eV 1eT 1eU 1eR 1eQ 1eS 1eK 1eP 1eM 1eN 1eO 1eL 1eI 1eJ 1eG 1eH 1eF 1eC 1eB 1eE 1eA 1eD 1dZ 1dX 1dY 1dW 1dV 1dU 1dT 1dS 1dR 1dQ 1dN 1dO 1dP 1dM 1dK 1dJ 1dI 1dE 1dL 1dH 1dD 1dB 1cZ 1dG 1dF 1dA 1cX 1cY 1dC 1cO 1cV 1cW 1cU 1cN 1cQ 1cT 1cR 1cS 1cP 1cM 1cL 1cI 1cG 1cK 1cF 1cJ 1cH 1cB 1cE 1cD 1cA 1cC 1bZ 1bY 1bW 1bX 1bV 1bR 1bS 1bU 1bT 1bP 1bQ 1bN 1bJ 1bO 1bM 1bL 1bK 1bI 1bA 1bH 1bF 1bD 1bE 1bC 1bG 1bB 1aX 1aZ 1aW 1aV 1aY 1aU 1aS 1aR 1aP 1aT 1aQ 1aN 1aO 1aM 1aL 1aK 1aI 1aJ 1aH 1aF 1aG 1aE 1aD 1aC 1aA 1aB 1
100
1 1
1aA 1aA
1aB 1aB
1aC 1aC
1aE 1aE
1aI 1aI
1aJ 1aJ
1aK 1aK
1aL 1aL
1aM 1aM
1aN 1aN
1aP 1aP
1aQ 1aQ
1aR 1aR
1aS 1aS
1aT 1aT
1aU 1aU
1aV 1aV
1aW 1aW
1aX 1aX
1aY 1aY
1aZ 1aZ
1bA 1bA
1bB 1bB
1bC 1bC
1bD 1bD
1bE 1bE
1bF 1bF
1bG 1bG
1bH 1bH
1bJ 1bJ
1bK 1bK
1bL 1bL
1bM 1bM
1bN 1bN
1bO 1bO
1bP 1bP
1bQ 1bQ
1bR 1bR
1bS 1bS
1bT 1bT
1bU 1bU
1bV 1bV
1bW 1bW
1bX 1bX
1bY 1bY
1cB 1cB
1cC 1cC
1cD 1cD
1cE 1cE
1cF 1cF
1cG 1cG
1cH 1cH
1cI 1cI
1cJ 1cJ
1cK 1cK
1cN 1cN
1cO 1cO
1cP 1cP
1cQ 1cQ
1cR 1cR
1cS 1cS
1cT 1cT
1cU 1cU
1cV 1cV
1cW 1cW
1cX 1cX
1cY 1cY
1cZ 1cZ
1dA 1dA
1dC 1dC
1dD 1dD
1dE 1dE
1dF 1dF
1dG 1dG
1dH 1dH
1dI 1dI
1dJ 1dJ
1dK 1dK
1dM 1dM
1dN 1dN
1dO 1dO
1dP 1dP
1dR 1dR
1dS 1dS
1dT 1dT
1dV 1dV
1dW 1dW
1dY 1dY
1dZ 1dZ
1eA 1eA
1eB 1eB
1eC 1eC
1eD 1eD
1eE 1eE
1eF 1eF
1eG 1eG
1eH 1eH
1eI 1eI
1eJ 1eJ
