1 1aC 1aA 1aD 1aE 1aB 1aG 1aF 1aH 1aL 1aJ 1aM 1aN 1aO 1aI 1aK 1aP 1aQ 1aT 1aR 1aS 1aU 1aW 1aV 1aX 1aZ 1bD 1aY 1bA 1bB 1bC 1bE 1bG 1bF 1bJ 1bH 1bL 1bI 4 1bK 1bM 2 3 6 7 8 B 5 9 A C D F G E I H K J O L N Q R P M U T V S Y Z X b W c e a d f k h g j m o i l p q n t r s u v v x w z z w x u s r t n q y y p l i o m j g h k f d a e c W b X Z Y S V T U M P R Q N L O J K H I E G F D C A 9 5 B 8 7 6 3 2 1bM 1bK 4 1bI 1bL 1bH 1bJ 1bF 1bG 1bE 1bC 1bB 1bA 1aY 1bD 1aZ 1aX 1aV 1aW 1aU 1aS 1aR 1aT 1aQ 1aP 1aK 1aI 1aO 1aN 1aM 1aJ 1aL 1aH 1aF 1aG 1aB 1aE 1aD 1aA 1aC 1
50
1aA 1aA
1aB 1aB
1aC 1aC
1aD 1aD
1aF 1aF
1aG 1aG
1aJ 1aJ
1aK 1aK
1aL 1aL
1aN 1aN
1aQ 1aQ
1aR 1aR
1aT 1aT
1aU 1aU
1aV 1aV
1aW 1aW
1aX 1aX
1aY 1aY
1aZ 1aZ
1bA 1bA
1bB 1bB
1bC 1bC
1bF 1bF
1bG 1bG
1bH 1bH
1bI 1bI
1bK 1bK
1bL 1bL
1bM 1bM
5 5
7 7
8 8
9 9
A A
B B
C C
E E
G G
H H
I I
J J
K K
L L
N N
P P
Q Q
R R
S S
T T
V V
