153 83 105 50 81 199 89 96 40 82 29 85 175 180 7 126 24 56 183 97 86 90 17 41 57 188 139 95 84 30 20 16 178 23 51 19 78 77 197 99 101 192 5 79 94 15 137 123 13 130 185 32 156 163 70 42 160 6 143 93 186 172 161 136 173 9 2 195 120 35 128 187 122 80 25 155 44 68 127 48 36 27 146 194 170 47 55 145 166 111 18 46 98 92 119 196 116 39 167 75 34 144 164 114 148 140 1 72 189 73 177 76 54 21 49 115 71 198 53 154 107 38 106 109 104 66 63 112 159 52 108 131 69 134 88 10 152 118 64 184 176 124 142 22 121 182 60 135 190 157 26 103 4 151 59 110 133 33 149 14 193 87 158 169 31 3 91 43 58 113 0 37 141 67 132 12 45 117 165 125 168 162 138 100 11 61 74 28 8 8 179 174 147 129 62 65 65 62 129 147 150 102 181 181 171 171 102 150 174 179 191 191 28 74 61 11 100 138 162 168 125 165 117 45 12 132 67 141 37 0 113 58 43 91 3 31 169 158 87 193 14 149 33 133 110 59 151 4 103 26 157 190 135 60 182 121 22 142 124 176 184 64 118 152 10 88 134 69 131 108 52 159 112 63 66 104 109 106 38 107 154 53 198 71 115 49 21 54 76 177 73 189 72 1 140 148 114 164 144 34 75 167 39 116 196 119 92 98 46 18 111 166 145 55 47 170 194 146 27 36 48 127 68 44 155 25 80 122 187 128 35 120 195 2 9 173 136 161 172 186 93 143 6 160 42 70 163 156 32 185 130 13 123 137 15 94 79 5 192 101 99 197 77 78 19 51 23 178 16 20 30 84 95 139 188 57 41 17 90 86 97 183 56 24 126 7 180 175 85 29 82 40 96 89 199 81 50 105 83 153
100
168 168
127 127
29 29
150 150
12 12
119 119
81 81
140 140
196 196
145 145
126 126
118 118
2 2
58 58
15 15
26 26
13 13
124 124
86 86
113 113
21 21
3 3
197 197
160 160
68 68
70 70
182 182
90 90
89 89
37 37
112 112
4 4
163 163
16 16
11 11
98 98
178 178
153 153
135 135
156 156
52 52
8 8
47 47
61 61
188 188
137 137
40 40
41 41
93 93
194 194
172 172
129 129
120 120
60 60
49 49
42 42
138 138
56 56
36 36
122 122
96 96
23 23
184 184
7 7
95 95
99 99
88 88
19 19
35 35
74 74
177 177
192 192
167 167
53 53
180 180
128 128
161 161
136 136
131 131
187 187
146 146
169 169
0 0
152 152
108 108
77 77
34 34
134 134
83 83
195 195
170 170
43 43
147 147
79 79
20 20
171 171
179 179
5 5
28 28
50 50
