5 77 97 12 37 28 40 74 31 95 76 6 62 94 80 18 70 17 0 75 13 22 24 11 47 16 48 82 96 56 50 30 98 9 8 7 53 41 43 69 87 1 92 49 26 61 45 4 60 88 79 3 32 52 46 57 90 78 71 63 23 19 33 34 59 25 38 65 54 44 42 93 85 29 89 20 55 15 21 91 86 99 64 36 2 2 58 68 72 10 83 27 51 35 35 51 66 73 84 67 39 81 81 14 14 39 67 84 73 66 27 83 10 72 68 58 36 64 99 86 91 21 15 55 20 89 29 85 93 42 44 54 65 38 25 59 34 33 19 23 63 71 78 90 57 46 52 32 3 79 88 60 4 45 61 26 49 92 1 87 69 43 41 53 7 8 9 98 30 50 56 96 82 48 16 47 11 24 22 13 75 0 17 70 18 80 94 62 6 76 95 31 74 40 28 37 12 97 77 5
50
87 87
46 46
6 6
22 22
30 30
75 75
18 18
92 92
45 45
34 34
1 1
4 4
47 47
27 27
52 52
78 78
85 85
98 98
53 53
62 62
60 60
13 13
44 44
81 81
88 88
82 82
42 42
69 69
95 95
36 36
76 76
39 39
24 24
0 0
40 40
84 84
91 91
11 11
43 43
67 67
93 93
97 97
64 64
55 55
15 15
74 74
99 99
23 23
14 14
5 5
