Patrick0 Elaine1 Elaine1 Antoinette2 Antoinette2 Lawrence3 Lawrence3 Minnie4 Minnie4 Frank5 Louis6 Taylor7 Gabrielle8 Gabrielle8 Taylor7 Louis6 Julia9 Matthew10 Brenda11 Brenda11 Matthew10 Ray12 Lela13 Lela13 Tempie14 Christine15 Ian16 Mary17 Mary17 Dave18 Dave18 Ian16 Christine15 Doris19 Robert20 Robert20 Catherine21 Catherine21 Vivian22 Vivian22 Paula23 Paula23 John24 Lorraine25 Louise26 Tisha27 Tisha27 Louise26 Lorraine25 William28 Phyllis29 Kyle30 Kyle30 Phyllis29 Danny31 Yvonne32 Yvonne32 Flora33 Stephane34 Iona35 Fred36 Fred36 William37 William37 Iona35 Stephane34 Donna38 Maria39 Maria39 Bette40 Bette40 William41 William41 Brenda42 Brenda42 Scott43 Gina44 Jose45 Richard46 Richard46 Jose45 Gina44 Carolyn47 Ronald48 Gerald49 Gerald49 Ronald48 Sylvia50 Lori51 Lori51 Don52 Anthony53 Jack54 Lena55 Lena55 Mercedes56 Mercedes56 Jack54 Anthony53 Cheryl57 Charles58 Charles58 Jenny59 Jenny59 Christine60 Christine60 Joseph61 Joseph61 Amy62 Paul63 Joshua64 David65 David65 Joshua64 Paul63 Joseph66 Steven67 Rhonda68 Rhonda68 Steven67 Michell69 Dorothy70 Dorothy70 Cheryl71 Aaron72 Sarah73 Josephine74 Josephine74 Loretta75 Loretta75 Sarah73 Aaron72 Ray76 Emily77 Emily77 Salvador78 Salvador78 Carol79 Carol79 Thomas80 Thomas80 Luisa81 Dorothy82 David83 Tom84 Tom84 David83 Dorothy82 Billie85 Darnell86 Evangelina87 Evangelina87 Darnell86 Keith88 Ellis89 Ellis89 Velva90 Johnathan91 Cinthia92 Joel93 Joel93 Joyce94 Joyce94 Cinthia92 Johnathan91 Nancy95 Michael96 Michael96 Donna97 Donna97 Robert98 Robert98 Judith99 Judith99 Colleen100 Dominique101 Glen102 Brandon103 Brandon103 Glen102 Dominique101 Vicente104 Ryan105 Jared106 Jared106 Ryan105 Ruth107 Jean108 Jean108 Jeremy109 Helen110 Morton111 Valerie112 Valerie112 Bill113 Bill113 Morton111 Helen110 Gordon114 Ashley115 Ashley115 Christina116 Christina116 Barbara117 Barbara117 Fidel118 Fidel118 Peggy119 Susie120 Luz121 Naomi122 Naomi122 Luz121 Susie120 Mark123 Marlene124 Richard125 Richard125 Marlene124 Levi126 Joshua127 Joshua127 Rick128 Jean129 Tessa130 Darla131 Darla131 Timothy132 Timothy132 Tessa130 Jean129 Christi133 William134 William134 Andrew135 Andrew135 Robert136 Robert136 Robert137 Robert137 Eric138 Irma139 Heidi140 Scott141 Scott141 Heidi140 Irma139 Sharon142 Samuel143 Man144 Man144 Samuel143 Roberta145 Margaret146 Margaret146 Elizabeth147 Michael148 Brent149 Nicholas150 Nicholas150 Rebecca151 Rebecca151 Brent149 Michael148 Karl152 Patricia153 Patricia153 John154 John154 Michael155 Michael155 Tony156 Tony156 Kristy157 Ken158 Rhonda159 Terry160 Terry160 Rhonda159 Ken158 David161 Martha162 Jean163 Jean163 Martha162 Michael164 Lizzie165 Lizzie165 Richard166 David167 Kevin168 Cynthia169 Cynthia169 Paul170 Paul170 Kevin168 David167 Scott171 Sal172 Sal172 Jeremy173 Jeremy173 Marion174 Marion174 John175 John175 Bradley176 Steven177 Glayds178 Margaret179 Margaret179 Glayds178 Steven177 Elda180 Joshua181 Robert182 Robert182 Joshua181 Bernie183 Minnie184 Minnie184 Geri185 Brenda186 Jesus187 Deanna188 Deanna188 Amy189 Amy189 Jesus187 Brenda186 Frances190 Joseph191 Joseph191 Quinn192 Quinn192 Antonia193 Antonia193 Marjorie194 Marjorie194 George195 Jennifer196 Tiffany197 Mary198 Mary198 Tiffany197 Jennifer196 James199 James199 George195 Frances190 Geri185 Bernie183 Elda180 Bradley176 Scott171 Richard166 Michael164 David161 Kristy157 Karl152 Elizabeth147 Roberta145 Sharon142 Eric138 Christi133 Rick128 Levi126 Mark123 Peggy119 Gordon114 Jeremy109 Ruth107 Vicente104 Colleen100 Nancy95 Velva90 Keith88 Billie85 Luisa81 Ray76 Cheryl71 Michell69 Joseph66 Amy62 Cheryl57 Don52 Sylvia50 Carolyn47 Scott43 Donna38 Flora33 Danny31 William28 John24 Doris19 Tempie14 Ray12 Julia9 Frank5 Patrick0
100
Elaine1 Elaine1
Antoinette2 Antoinette2
Lawrence3 Lawrence3
Minnie4 Minnie4
Louis6 Louis6
Taylor7 Taylor7
Gabrielle8 Gabrielle8
Matthew10 Matthew10
Brenda11 Brenda11
Lela13 Lela13
Mary17 Mary17
Dave18 Dave18
Robert20 Robert20
Catherine21 Catherine21
Vivian22 Vivian22
Paula23 Paula23
Lorraine25 Lorraine25
Louise26 Louise26
Tisha27 Tisha27
Phyllis29 Phyllis29
Kyle30 Kyle30
Yvonne32 Yvonne32
Fred36 Fred36
William37 William37
Maria39 Maria39
Bette40 Bette40
William41 William41
Brenda42 Brenda42
Gina44 Gina44
Jose45 Jose45
Richard46 Richard46
Ronald48 Ronald48
Gerald49 Gerald49
Lori51 Lori51
Lena55 Lena55
Mercedes56 Mercedes56
Charles58 Charles58
Jenny59 Jenny59
Christine60 Christine60
Joseph61 Joseph61
Paul63 Paul63
Joshua64 Joshua64
David65 David65
Steven67 Steven67
Rhonda68 Rhonda68
Dorothy70 Dorothy70
Josephine74 Josephine74
Loretta75 Loretta75
Emily77 Emily77
Salvador78 Salvador78
Carol79 Carol79
Thomas80 Thomas80
Dorothy82 Dorothy82
David83 David83
Tom84 Tom84
Darnell86 Darnell86
Evangelina87 Evangelina87
Ellis89 Ellis89
Joel93 Joel93
Joyce94 Joyce94
Michael96 Michael96
Donna97 Donna97
Robert98 Robert98
Judith99 Judith99
Dominique101 Dominique101
Glen102 Glen102
Brandon103 Brandon103
Ryan105 Ryan105
Jared106 Jared106
Jean108 Jean108
Valerie112 Valerie112
Bill113 Bill113
Ashley115 Ashley115
Christina116 Christina116
Barbara117 Barbara117
Fidel118 Fidel118
Susie120 Susie120
Luz121 Luz121
Naomi122 Naomi122
Marlene124 Marlene124
Richard125 Richard125
Joshua127 Joshua127
Darla131 Darla131
Timothy132 Timothy132
William134 William134
Andrew135 Andrew135
Robert136 Robert136
Robert137 Robert137
Irma139 Irma139
Heidi140 Heidi140
Scott141 Scott141
Samuel143 Samuel143
Man144 Man144
Margaret146 Margaret146
Nicholas150 Nicholas150
Rebecca151 Rebecca151
Patricia153 Patricia153
John154 John154
Michael155 Michael155
Tony156 Tony156
