htb26qt vx6dadli2g itbc25it1yep siimi45 t6jinp ben42py9 txlltgki m5r6ali ozag34bm9 jeiqok zjj1dm8s wqkqf xpxnortd k9f3w9 ushjdkdhm9 qq3mi l8yypbh 7hz6j8 id5491f19 aq2rero4e ligw3mffc 2hzpyd bmq8ez5t qvfndvc og6n7bgq8h yhp7wbv9 tu8xxomxhi tmyhwxa 188h5ax itrx5fucdq y3eg7gqq6 fgkuly81y lnnsb9 89ladcv ynuam4f8 mucolb1r 29vqtk3x 4lvyha1 6k7du hwu8dv9jgknbm pxudbw3kn eb3m8w2lan pt2n7hl yg6hizqty 5b63nad1 5nsjpxd 7pbkkbbpw eb88zd8x zqteiadetai5 ml5lp1nmef 812l47wm 4ka6l1c8w 9oii82xaa vqthskq aplkk57cpzm i6lsw66h p5ujl2azex gxy4oc4 wepv6d1ee9 a8cy4e1t8 kxhc6t8tu 9egqgrh7x4e z4kx8k9 v5twchi 3kxd1h 52oycn21v tpuaixp qypz5m vl6czuab 8m3pascg zjh83ae pe165 obabms qsf54c6a1s23 f9t9in1 9sp3riwrk66 g3d1x5t915as uzsjpl5f5 dt4ljfgjkizpq h1gz5hzz k3qywmpr art44ncra yr44oj2 x73l73jp 3uf452o6g ic2r4blmm9 pwqxinlzb3s 1161ildqnj q42s9z886w5 ay5sahonq84 c9c2oc6rv cm6lmd765k 4nwqnlye yx6dguko lyvvnwfs adcxemid7t 479y34 9tdu9g u8tp4tq grn3uqx9y kxogbftcrw s9vu9xx884 8jea4n4ez f92ere3 ilaz9q xszuhw8lv1 f1bbmjcq 1ca2x2cnc 4wptk69oipw bp96npcev6ok 37v6d 96nf5ma hc2hf5t8 ep6eozrh5t 87jxa 4w6uhigzl hyc885fvjls ghvjeizrh 59yzvtv iffsi qvqqfqui3f82 b8apl2kn 8gc7dka8lfy fl6nxu2p w7iil hq5mh8mi 7seihxs x4ueofmzt zou7sx9w piawzpgtzz9 44yverx yhvc7zg tjwldi t6fnmkuk hjrkpj3ea v6tqh432 bu6z3q 5stwoup 9lvbrlgk p9mtts e3z4naodl7 cou34kvbi g2g6fxcwr2l kuxb29 x1ttaiih9 6u4sf1gi t4iedm nd9xavj 7r5kyxwijn pllpn nulw7xl 3w86rqxzpi sf9yqti b4mzy7ptg rz6wreexh1r dflx2lut dflx2lut zhyb5y tbd92q 5612qqmh gg7w7g4xq r5aqeg7i pmyqr xm1yvdr 5xz8hm5sa3 pgqlp 6a87gkworxixf tq8pgw7ge 2akx591l5c nm7ud 1jhmm8m85 onl7cjn a5u8g4sej lg3pxcmyz ht1efrhmh gd5ct4 mw8g2qjo1 1ebc3 5i361v czpcwszblx euhqqqmdpe 3881femiv8 zxcqho2rbjlhmy8 hipbkq7s74z dlkmpx dlkmpx kwtb3cg kwtb3cg a8n9m6il6 a8n9m6il6 oafxqw ysiw8m4l ysiw8m4l oafxqw 5nzdw36v 5nzdw36v 52a3fj2zh 52a3fj2zh hipbkq7s74z fej54ps5j fej54ps5j zxcqho2rbjlhmy8 6evi4pv sdmvxrmgbm sdmvxrmgbm 41k7m29wc 41k7m29wc e7lxs e7lxs yjl4q4l vrem3ey3kg44 3khitn6 3khitn6 vrem3ey3kg44 6u4omh 6u4omh yjl4q4l 6evi4pv 3881femiv8 euhqqqmdpe czpcwszblx 5i361v 1ebc3 mw8g2qjo1 gd5ct4 ht1efrhmh tfiihyy tfiihyy lg3pxcmyz a5u8g4sej onl7cjn 1jhmm8m85 nm7ud 2akx591l5c tq8pgw7ge 6a87gkworxixf pgqlp 5xz8hm5sa3 xm1yvdr pmyqr r5aqeg7i gg7w7g4xq 5612qqmh tbd92q zhyb5y rz6wreexh1r b4mzy7ptg sf9yqti 3w86rqxzpi nulw7xl pllpn 7r5kyxwijn nd9xavj t4iedm 6u4sf1gi x1ttaiih9 kuxb29 g2g6fxcwr2l cou34kvbi e3z4naodl7 p9mtts 9lvbrlgk 5stwoup bu6z3q v6tqh432 hjrkpj3ea t6fnmkuk tjwldi yhvc7zg 44yverx piawzpgtzz9 zou7sx9w x4ueofmzt 7seihxs hq5mh8mi w7iil fl6nxu2p 8gc7dka8lfy b8apl2kn qvqqfqui3f82 iffsi 59yzvtv ghvjeizrh hyc885fvjls 4w6uhigzl 87jxa ep6eozrh5t hc2hf5t8 96nf5ma 37v6d bp96npcev6ok 4wptk69oipw 1ca2x2cnc f1bbmjcq xszuhw8lv1 ilaz9q f92ere3 8jea4n4ez s9vu9xx884 kxogbftcrw grn3uqx9y u8tp4tq 9tdu9g 479y34 adcxemid7t lyvvnwfs yx6dguko 4nwqnlye cm6lmd765k c9c2oc6rv ay5sahonq84 q42s9z886w5 1161ildqnj pwqxinlzb3s ic2r4blmm9 3uf452o6g x73l73jp yr44oj2 art44ncra k3qywmpr h1gz5hzz dt4ljfgjkizpq uzsjpl5f5 g3d1x5t915as 9sp3riwrk66 f9t9in1 qsf54c6a1s23 obabms pe165 zjh83ae 8m3pascg vl6czuab qypz5m tpuaixp 52oycn21v 3kxd1h v5twchi z4kx8k9 9egqgrh7x4e kxhc6t8tu a8cy4e1t8 wepv6d1ee9 gxy4oc4 p5ujl2azex i6lsw66h aplkk57cpzm vqthskq 9oii82xaa 4ka6l1c8w 812l47wm ml5lp1nmef zqteiadetai5 eb88zd8x 7pbkkbbpw 5nsjpxd 5b63nad1 yg6hizqty pt2n7hl eb3m8w2lan pxudbw3kn hwu8dv9jgknbm 6k7du 4lvyha1 29vqtk3x mucolb1r ynuam4f8 89ladcv lnnsb9 fgkuly81y y3eg7gqq6 itrx5fucdq 188h5ax tmyhwxa tu8xxomxhi yhp7wbv9 og6n7bgq8h qvfndvc bmq8ez5t 2hzpyd ligw3mffc aq2rero4e id5491f19 7hz6j8 l8yypbh qq3mi ushjdkdhm9 k9f3w9 xpxnortd wqkqf zjj1dm8s jeiqok ozag34bm9 m5r6ali txlltgki ben42py9 t6jinp siimi45 itbc25it1yep vx6dadli2g htb26qt
84
yhvc7zg yhvc7zg
iffsi iffsi
zou7sx9w zou7sx9w
wqkqf wqkqf
tjwldi tjwldi
txlltgki txlltgki
ozag34bm9 ozag34bm9
l8yypbh l8yypbh
9lvbrlgk 9lvbrlgk
p9mtts p9mtts
ushjdkdhm9 ushjdkdhm9
g2g6fxcwr2l g2g6fxcwr2l
yhp7wbv9 yhp7wbv9
y3eg7gqq6 y3eg7gqq6
5stwoup 5stwoup
nd9xavj nd9xavj
7hz6j8 7hz6j8
itrx5fucdq itrx5fucdq
og6n7bgq8h og6n7bgq8h
nm7ud nm7ud
6k7du 6k7du
yg6hizqty yg6hizqty
pmyqr pmyqr
6u4sf1gi 6u4sf1gi
7pbkkbbpw 7pbkkbbpw
ynuam4f8 ynuam4f8
4ka6l1c8w 4ka6l1c8w
tu8xxomxhi tu8xxomxhi
9oii82xaa 9oii82xaa
812l47wm 812l47wm
euhqqqmdpe euhqqqmdpe
dlkmpx dlkmpx
hwu8dv9jgknbm hwu8dv9jgknbm
pt2n7hl pt2n7hl
ht1efrhmh ht1efrhmh
1jhmm8m85 1jhmm8m85
gd5ct4 gd5ct4
kxhc6t8tu kxhc6t8tu
aplkk57cpzm aplkk57cpzm
mw8g2qjo1 mw8g2qjo1
kwtb3cg kwtb3cg
ysiw8m4l ysiw8m4l
i6lsw66h i6lsw66h
9egqgrh7x4e 9egqgrh7x4e
mucolb1r mucolb1r
e7lxs e7lxs
vrem3ey3kg44 vrem3ey3kg44
zjh83ae zjh83ae
8m3pascg 8m3pascg
52a3fj2zh 52a3fj2zh
fej54ps5j fej54ps5j
obabms obabms
3khitn6 3khitn6
h1gz5hzz h1gz5hzz
vl6czuab vl6czuab
ay5sahonq84 ay5sahonq84
uzsjpl5f5 uzsjpl5f5
ic2r4blmm9 ic2r4blmm9
dt4ljfgjkizpq dt4ljfgjkizpq
x73l73jp x73l73jp
k3qywmpr k3qywmpr
q42s9z886w5 q42s9z886w5
art44ncra art44ncra
1161ildqnj 1161ildqnj
yr44oj2 yr44oj2
yx6dguko yx6dguko
f92ere3 f92ere3
pwqxinlzb3s pwqxinlzb3s
grn3uqx9y grn3uqx9y
s9vu9xx884 s9vu9xx884
hc2hf5t8 hc2hf5t8
1ca2x2cnc 1ca2x2cnc
8jea4n4ez 8jea4n4ez
87jxa 87jxa
4w6uhigzl 4w6uhigzl
ilaz9q ilaz9q
37v6d 37v6d
hyc885fvjls hyc885fvjls
hq5mh8mi hq5mh8mi
piawzpgtzz9 piawzpgtzz9
8gc7dka8lfy 8gc7dka8lfy
a5u8g4sej a5u8g4sej
t4iedm t4iedm
59yzvtv 59yzvtv
