y1ueyuwp 3hlob94j5u 9956fi rp7qqdx12pxp3 q2cvwfhr6pl5 svhmnjst1e h8f7kmt2t l12pu u1p7t48fr5 yida2btlrgcd2it swoprer 8t9i4yy mqt67y9n t9z1zz96r p5kt5ib5v8 q847myi semnfibvvw uus7jirbe oyoi4md61 b7of9a v1cixzc 9ii2rucyn k3bqrx p4fcg3ba 31raz5hp9v z3qc9ub u4xzrfm7f yfvnawh2c2 783c5j65ui sv1bfs4 osiicb1mi85 qlbdmc yik8cqxn2 nnie92a f3vyq53xc zwcak5jfw hk8azedo934p3 8rzfxob6lso8 ehy39 dwkx4qna9 bmicm4au h5k2yge4 d37uowoo2 2jba9pca 2y9obuu eq5c5ygub w4qoh15 l9o31o p53u2x9bku99j t9q1ztn8723 o8v5h74 wumltwm vn24bhq quxig9xz2 95nsenz6 ywksl5wd kch7lui7 vehkyi71w nu38y4r5 ap28w gqjnkh 4cddmu86gmo m48nzuh vnsdusp qde64o9i3e 2bwd2j 6u33i vat23asx n7ezpoxxjz 5x4zmawq3cs 8cfvpx26xwcwt 7og7qr4t86 kab7t8o7qjj my85gnmouy 6knvi15aqo fb1k5fttu6 j2pso94 8erlfq 6irox6z 6cobswykzz 8eg2mee wucvjdj ngl6ujj91 vy9v6nnzx jjeivv4j55 kc3zwg52 kc3zwg52 rkd38ui5s4 rkd38ui5s4 jjeivv4j55 38s4jyp4eu g7pgjjh6 g7pgjjh6 38s4jyp4eu vy9v6nnzx ngl6ujj91 wucvjdj 6wzv62g u3hrcbx4 oso2xmpn1i oso2xmpn1i u3hrcbx4 xllfi9b xllfi9b dwpot1sud dwpot1sud 6wzv62g 8eg2mee 6cobswykzz 6irox6z 8erlfq j2pso94 fb1k5fttu6 6knvi15aqo my85gnmouy kab7t8o7qjj m6ncea3 m6ncea3 7og7qr4t86 8cfvpx26xwcwt 5x4zmawq3cs n7ezpoxxjz umnww3 fhrrge fhrrge umnww3 vat23asx 6u33i 2bwd2j qde64o9i3e vnsdusp m48nzuh 4cddmu86gmo gqjnkh bh5o9stvk7 bh5o9stvk7 ap28w 5x4netz 5x4netz nu38y4r5 vehkyi71w kch7lui7 ywksl5wd 95nsenz6 quxig9xz2 vn24bhq wumltwm o8v5h74 t9q1ztn8723 p53u2x9bku99j cugvgbo6wl cugvgbo6wl l9o31o w4qoh15 eq5c5ygub 2y9obuu 2jba9pca d37uowoo2 h5k2yge4 bmicm4au dwkx4qna9 ehy39 8rzfxob6lso8 hk8azedo934p3 zwcak5jfw f3vyq53xc nnie92a yik8cqxn2 qlbdmc osiicb1mi85 sv1bfs4 783c5j65ui yfvnawh2c2 u4xzrfm7f z3qc9ub 31raz5hp9v p4fcg3ba k3bqrx 9ii2rucyn v1cixzc b7of9a oyoi4md61 uus7jirbe semnfibvvw q847myi p5kt5ib5v8 t9z1zz96r mqt67y9n 8t9i4yy swoprer yida2btlrgcd2it u1p7t48fr5 l12pu h8f7kmt2t svhmnjst1e q2cvwfhr6pl5 rp7qqdx12pxp3 9956fi 3hlob94j5u y1ueyuwp
43
7og7qr4t86 7og7qr4t86
3hlob94j5u 3hlob94j5u
8cfvpx26xwcwt 8cfvpx26xwcwt
svhmnjst1e svhmnjst1e
4cddmu86gmo 4cddmu86gmo
9956fi 9956fi
u4xzrfm7f u4xzrfm7f
kab7t8o7qjj kab7t8o7qjj
uus7jirbe uus7jirbe
vnsdusp vnsdusp
swoprer swoprer
j2pso94 j2pso94
umnww3 umnww3
ehy39 ehy39
q847myi q847myi
fhrrge fhrrge
yida2btlrgcd2it yida2btlrgcd2it
jjeivv4j55 jjeivv4j55
8eg2mee 8eg2mee
mqt67y9n mqt67y9n
eq5c5ygub eq5c5ygub
l12pu l12pu
kc3zwg52 kc3zwg52
38s4jyp4eu 38s4jyp4eu
31raz5hp9v 31raz5hp9v
yik8cqxn2 yik8cqxn2
xllfi9b xllfi9b
2y9obuu 2y9obuu
bmicm4au bmicm4au
rkd38ui5s4 rkd38ui5s4
kch7lui7 kch7lui7
f3vyq53xc f3vyq53xc
w4qoh15 w4qoh15
95nsenz6 95nsenz6
vehkyi71w vehkyi71w
8erlfq 8erlfq
t9q1ztn8723 t9q1ztn8723
p53u2x9bku99j p53u2x9bku99j
ywksl5wd ywksl5wd
my85gnmouy my85gnmouy
quxig9xz2 quxig9xz2
6u33i 6u33i
2bwd2j 2bwd2j
