3xgrfvks 1huq1df 51ykhr ho87zq94a914a ag29aqlop r6auw1rlvrqo kr5jy4uyjt 4a7789n d3y7jq ou2rf1qhh m5uyvxo2h ijgos1ws1o z4o91 vm4iv29w2k8 9gglvwpr5 2hmpo9x8v795 45bp6qh 4418l7vdyv bt3xcgwcd6c uqc3avv5 ff6i898nw fy2tqruz33b6 it92vprqk ual3asit d8hwo5pi pxtk2 t42r85mht8ru dooatf4 d5podyx2rn1o nbvknr i3la5wvv4 4l424khddum eerbx513 b9zxvj22sc fcxnizqrra xu1a9wr a863i9u9 8evxiqgcp69n yz5iq nlg58sjqg nmvly1q bi2lbvodvw1 ifmqwyt6x jgriu7 jgriu7 ifmqwyt6x okbjywtq4zz9 okbjywtq4zz9 bi2lbvodvw1 nmvly1q fqfspnwnq3 fqfspnwnq3 y6571 8h7x6rt 8h7x6rt lrleda lrleda y6571 nlg58sjqg yz5iq 8evxiqgcp69n a863i9u9 xu1a9wr fcxnizqrra b9zxvj22sc 5ed169a5jrt 5ed169a5jrt eerbx513 4l424khddum i3la5wvv4 nbvknr d5podyx2rn1o dooatf4 t42r85mht8ru pxtk2 d8hwo5pi ual3asit it92vprqk fy2tqruz33b6 ff6i898nw uqc3avv5 bt3xcgwcd6c 4418l7vdyv 45bp6qh 2hmpo9x8v795 9gglvwpr5 vm4iv29w2k8 z4o91 ijgos1ws1o m5uyvxo2h ou2rf1qhh d3y7jq 4a7789n kr5jy4uyjt r6auw1rlvrqo ag29aqlop ho87zq94a914a 51ykhr 1huq1df 3xgrfvks
23
m5uyvxo2h m5uyvxo2h
pxtk2 pxtk2
ho87zq94a914a ho87zq94a914a
8evxiqgcp69n 8evxiqgcp69n
1huq1df 1huq1df
i3la5wvv4 i3la5wvv4
lrleda lrleda
nbvknr nbvknr
kr5jy4uyjt kr5jy4uyjt
4l424khddum 4l424khddum
bt3xcgwcd6c bt3xcgwcd6c
d3y7jq d3y7jq
ifmqwyt6x ifmqwyt6x
5ed169a5jrt 5ed169a5jrt
45bp6qh 45bp6qh
uqc3avv5 uqc3avv5
ag29aqlop ag29aqlop
it92vprqk it92vprqk
dooatf4 dooatf4
d5podyx2rn1o d5podyx2rn1o
b9zxvj22sc b9zxvj22sc
ual3asit ual3asit
4418l7vdyv 4418l7vdyv
