ZfI6StUliqd8YxBr0zVp 35F0RBMuajlA1MclJpfz cQGIpn2T5vI9Au4mrGii RnnCc8OgQLqPe5HvvbS3 ip0vmcqzxYgrY2Mc3Bu9 ZTaw972zQDmYkMO6ISzN StkHQE53VtJb6hSwpApg zFahEplFbW4f2V6jQTmi WEpQsV1SPLNjRDFxWGJw 98jc4TOf5CFD5ooRLXKs SI1jqone3x4IZwZ6qVW6 ZBTm8fkarNXg3vLUAnt8 BrKfKJuMlFXPiNrPkBbt MraBcGvDEL68zyTsBDgx ahOHRJ1vvp181ZC4ei0x Nl2bc3MSn18o40GhzK2S QGzcn6XPemZ0IhmCJCmq cC9SZGtAtirSBnbvLWzt YzWX8RqUW0YPFsebUKYP Fa64KRccvM4rqOgxBKtu ufkSgxNAeRAXQFn3w6eB BFat56YSkekx77JCOMI4 QUmdpeJNwq8Od3rclrVL uYmver98TgwbkIsM8XgU 4yYsNk20bqSMlyASIn37 PliCEYTca2VSVL723rNz Hxhi6IYOb3B8uxHbGYVt Z38PT2VWeDoNiuh4rc0v oeCop1Abe4Jnm8NehklA Uyd9f29pyEdBbjOVo8bB Z6746tUNXH05XsKVq5bc mMagcNSN7U8s7oy3e0j4 A3GPaYX08iI4JOyjZOCJ sxZzRXnVfKw2KrspKPg1 QBaUzVWA62rnfcsnEShZ zs8puphf0SbuOBS6XpM9 gX6xMy6pWnenI68kwgcu gj1PIUxoUprs5rKMLNpv B9cGlC4TxkeYqPQ0m71O 9Hcyk2NqhBwOpTXRywvA zcRVBMNQRYoMfDYqJAKn zcRVBMNQRYoMfDYqJAKn DAvuGg8yBm9dlM56DKBP UoiNiYnewh16WNDFqvYW a5U0eplwXr4BNJCc524G uPH8PqQ15A2srqN6AFNi uPH8PqQ15A2srqN6AFNi Af4sQnaDf5G2yrOfmk45 iIGMVrFttQwSK537NlPz gGXF4imn3IOLlYGD81XA 5JVto9dbOz4Lu3AeAOZD 5JVto9dbOz4Lu3AeAOZD gGXF4imn3IOLlYGD81XA iIGMVrFttQwSK537NlPz Af4sQnaDf5G2yrOfmk45 4gVQx4yn8gZ0TQBRafbQ 4gVQx4yn8gZ0TQBRafbQ a5U0eplwXr4BNJCc524G UoiNiYnewh16WNDFqvYW DAvuGg8yBm9dlM56DKBP 9Hcyk2NqhBwOpTXRywvA B9cGlC4TxkeYqPQ0m71O gj1PIUxoUprs5rKMLNpv gX6xMy6pWnenI68kwgcu zs8puphf0SbuOBS6XpM9 QBaUzVWA62rnfcsnEShZ sxZzRXnVfKw2KrspKPg1 A3GPaYX08iI4JOyjZOCJ mMagcNSN7U8s7oy3e0j4 Z6746tUNXH05XsKVq5bc Uyd9f29pyEdBbjOVo8bB oeCop1Abe4Jnm8NehklA Z38PT2VWeDoNiuh4rc0v Hxhi6IYOb3B8uxHbGYVt PliCEYTca2VSVL723rNz 4yYsNk20bqSMlyASIn37 uYmver98TgwbkIsM8XgU QUmdpeJNwq8Od3rclrVL BFat56YSkekx77JCOMI4 ufkSgxNAeRAXQFn3w6eB Fa64KRccvM4rqOgxBKtu YzWX8RqUW0YPFsebUKYP cC9SZGtAtirSBnbvLWzt QGzcn6XPemZ0IhmCJCmq Nl2bc3MSn18o40GhzK2S ahOHRJ1vvp181ZC4ei0x MraBcGvDEL68zyTsBDgx BrKfKJuMlFXPiNrPkBbt ZBTm8fkarNXg3vLUAnt8 SI1jqone3x4IZwZ6qVW6 98jc4TOf5CFD5ooRLXKs WEpQsV1SPLNjRDFxWGJw zFahEplFbW4f2V6jQTmi StkHQE53VtJb6hSwpApg ZTaw972zQDmYkMO6ISzN ip0vmcqzxYgrY2Mc3Bu9 RnnCc8OgQLqPe5HvvbS3 cQGIpn2T5vI9Au4mrGii 35F0RBMuajlA1MclJpfz ZfI6StUliqd8YxBr0zVp
25
uYmver98TgwbkIsM8XgU uYmver98TgwbkIsM8XgU
WEpQsV1SPLNjRDFxWGJw WEpQsV1SPLNjRDFxWGJw
Z6746tUNXH05XsKVq5bc Z6746tUNXH05XsKVq5bc
QGzcn6XPemZ0IhmCJCmq QGzcn6XPemZ0IhmCJCmq
YzWX8RqUW0YPFsebUKYP YzWX8RqUW0YPFsebUKYP
BFat56YSkekx77JCOMI4 BFat56YSkekx77JCOMI4
Fa64KRccvM4rqOgxBKtu Fa64KRccvM4rqOgxBKtu
Hxhi6IYOb3B8uxHbGYVt Hxhi6IYOb3B8uxHbGYVt
gGXF4imn3IOLlYGD81XA gGXF4imn3IOLlYGD81XA
cC9SZGtAtirSBnbvLWzt cC9SZGtAtirSBnbvLWzt
SI1jqone3x4IZwZ6qVW6 SI1jqone3x4IZwZ6qVW6
gj1PIUxoUprs5rKMLNpv gj1PIUxoUprs5rKMLNpv
Af4sQnaDf5G2yrOfmk45 Af4sQnaDf5G2yrOfmk45
5JVto9dbOz4Lu3AeAOZD 5JVto9dbOz4Lu3AeAOZD
QBaUzVWA62rnfcsnEShZ QBaUzVWA62rnfcsnEShZ
98jc4TOf5CFD5ooRLXKs 98jc4TOf5CFD5ooRLXKs
UoiNiYnewh16WNDFqvYW UoiNiYnewh16WNDFqvYW
ip0vmcqzxYgrY2Mc3Bu9 ip0vmcqzxYgrY2Mc3Bu9
RnnCc8OgQLqPe5HvvbS3 RnnCc8OgQLqPe5HvvbS3
zs8puphf0SbuOBS6XpM9 zs8puphf0SbuOBS6XpM9
ZBTm8fkarNXg3vLUAnt8 ZBTm8fkarNXg3vLUAnt8
ZfI6StUliqd8YxBr0zVp ZfI6StUliqd8YxBr0zVp
QUmdpeJNwq8Od3rclrVL QUmdpeJNwq8Od3rclrVL
mMagcNSN7U8s7oy3e0j4 mMagcNSN7U8s7oy3e0j4
gX6xMy6pWnenI68kwgcu gX6xMy6pWnenI68kwgcu
