hC71hIuyRaST3AiaSZqg 1uTE034Q24DWmybWBbX4 9WdSftrlWeJdclTkQ4Ss Wvcwm6VpeYnZXpTH3IZP D3gODzQIzHZRe5A487BX uwYFKqdXzHrDjwNLVxGZ 3MmCPAjYheu6g9TkIxDm 6KcltWtleWJ6izN3XL0F b7ZT2hEEnAs84vAc9csm EfhuR5UGBxqkoqdQBn2E cXmjc3Wu4kjM1IHGgfA5 FE29I03FH1qEyEvIQNGT aGWdv30UuUFiszMErlJF 7DZfG4yobV0xCcSaxf27 4Vpgk6JikqRWfmTLGFMS mkGdh9qd7uj9x5W3Koxj oakCd1HozhO35GtImcF2 KkJFwKldxLItiBZ9EoaZ m54EIZlfduVsUOzACS5b 61VEe5QpRdEG1AHTZmSn 5doygtE58PVlrfBbaaxD MCc3yEIO8tXzzu5ZknlT Z2YJKymsE6JEohxl2CgC yMXdJdorJpzOHHt9uIfg VkEnPX1CQCoh4CxlXSlf ivvO5yUvAxjOjLiwMPV4 dsEyS8WvuzfBZPrbbzZx ElLrRzuv43VPHSxgF9aR z0rRwRZbA1TaaAgS8PYu SbMznZDIZs7TTEfAUGt3 NqvNOj5h3GSbJm5NawjL PUX0RecerGn3NX5t2hBc g5fwwkfUKem4JdibLkXM P6PcaiimLTne6w5m7SJi XEhAPaVgnAiGpIfFTnuy OLGSBuAPLZmdhTN6ApoS 2YL9dYowMkTTxjU0fVal 72cxNTZ1Tw5teVGiR2xj 8IUV6HBSYn47shRwVW5F Tgouk8HApNFShyYjQedR Wf6tYlitgmZKoXfughsS RNtZ6m1O9hQj2ovJiJE3 EEWjQ3rZ3GM9oucA2vc5 wqyhoOJuJuNfuZ1c9ZhU l0FfsrqWcvxMXnkTPBHi RDnAjQbgrCahBSBieO1p qmJjxb5ffqkJdxtR9mHb XzID4BBPQnOnz9XMetpC WWEBxNNG20y6nEEMPvzN 4MuL6AbQo2ozZ4x7psrd KkeFTm4eTA6qHgViFx48 k3PQRnKD222tnpAYeJ4O YUvMCsDyzZfhbCs0qJRu EqrhH8oFQmMRN10foGjV euZ15YwFUeCb42J4vvX6 tlptthCZhNn9sCWA6nK3 fm9EBymrV0VSOljfjrTQ UE66Ok3YtceUJCwuX3xr btiXecpJBKmrIHtQ7jPA 85xSse1gOLjILYSRUgB9 gZiMcGUkLd8qaWleLH1T qzhMj5jvroYQ0sxm9D9f mUdsQgC4b4x2HD8wqon6 6jnt0RQvUBeXBhrLOwzh lrXvsaItMucJuqzZylSg JuSdCG8HSUzwufkmRvTN CJPsPFylFkMPqvXrW58O b9q1t3OMZ6dXE5R6ca5w m6rR2iEESZqKqRpPfrCl PFAHK1LPbENiUm01N8B0 Mufarp9xGx29xj0P1ijS c2cBpUI19bqo5IjxQzNs tb41LamjPxrSZBTCVL4N NjrNYv2s9TjuFmdhy6vq CgUyoeVDFzkf0g6EiF8w eULKHiriYHElwEbrQo2X 468JV90VoJDfHRf7bwGC lVjpvSHc5hBrS7dzTmI1 jGNThQH3U9Qqi91Eop7X aRTaaeyCiUc9wpTmFn5B x74MQe7pEH17MLQqDD8H 4FGKBBtL0fTw4RscYaCG 1Oc2bGjHzXrMLiYLik5Z kITtdSORrLGuHqAl2YGb zbsjvfwSdNExCnTFLo8x 1wSeohNTb1oCspxe2x4j jLS4UljOCe6h8LwAOGRX qsQI3bptDcBOGz4nQEL5 24YcTAlCtPoNC11H3BAQ OBEPyJuvhH0Z9VoT2UNC CuGwf3E2mmIEpZeaF5CW CMQ0OeWc1jOFVxmSr3hH d5LnqmMpt2Ka3sWGmvow nOsoIFzZBhdd6bjP45Ba 5E8wNso5HkheqEVi0Uhr ObIUeV1Y9WxgQVINEZzj Dv6lwBgjbbZceuQXFzFf C5aQkckiWq5qVUhbiI57 kvWSRFx5cBJAdKv02AAn Py9pyPdsXNOp2IZqhQo2 iuuWW5781KuHBsKkyWMa ddzqPXECnHQT4a4RIpSF m0W1PzAhoOpYXaJ0LLW5 YygsiZkXDS9oQ07w4psX QYsTJmc2IUi36H1YK47s LI8fhHKJlh7mQx1nNK0m yLnN3wvof669Fh58DxrQ sCcEFmBkhTop4sycKzuM 8w6JkwNghwwfzVWZlMG6 f67LrguccbwZw0aXriuu Ca5sYccbD9TUz7JLHrcf fuNQ8Sfy86k6zaBQjwEz DrhvxXimsmLLGRkE94hS t9sTQNaMU9o2HF5pm7xT FzgyYozZJweUgT2UncY3 nmwnnNlPCMIjajSEo2R3 TrUW9m3qjkTMvqHNRot0 GPM8ezkS8AlTI0cYCnrm EGP8Bd7gbzca7HmQthfa WgneGAZv4qtDq8Q5DYZf G2jsO08FPT3xFngeyu4B yXrak2UUHdgFCsCWvgfp gY86LqbQLTIYrcgU8Crt iS3QMNvYa0RbuZKbJowP oq1GulTWdKtwAlNIQxnY 2dfprAgHp3T6RrgooKgP Mi1upMhcgP7iV16OWKN5 kuIwHVHn49UEM4TprHKr xtgYSd34f56WAH3CCBpW 7hwqk4bfHzoBgB4yaE5p l5OFQGDhW1xJJ8ERuglz CIdYfkuOMaRk394L6cKF Udew7VNFg6dndWFd4Xv7 CBlKOXlRycQbkyDm6Ich F5wAHGfxfHDlSYlCHBkp WV8Z5wDVbRdJmbJjyC7p PqB0lgs9Brze4wJGQzAM DmIjX4adnoqSEDmx2f39 QBNhPcmtLfTR2DSrZWqu 2Bx9KHBjUU4KACeYmEka UQEmoPmHSH2FlTDuXOEx NXZByMrsstrrXRLxVcyg QHOT9LWV0s6xVVreglDh COVfDobG5VcfcSxLDUch IWOalMs6IXX5Ln6F9Eov KqTw626stjcdChciHrJ6 QDFrfZgHiHMBgGJy1v64 W5rNQea9NsCafaUbLgWC OAcbYkMyAi1Iu0vWaaFc xTqag3TRSmD8TI7ozU6T 4uRnU5kYfamseynbdI9c u8OLHMd8iqOiUbQQ7wxA m2kNeowjoX6iaPduqLLc 2TderjwrXrNV2UBZ77eD CITGt2jOx7Lecs3CtylJ CwkDmD51N1Lhnzhdl5se uJlmjikTUoEO48jGpFMW laRDyozSdXcFtmdQ5VqD IC3wlDskAWyf0o1M61kl VHkCxqV9Ecgzij51DFic rW1b1NT9NaRlIIxoT8XF 1Mr5ej8RW5Yk1ZWYpV5x 1ae7bJScGomdGEdgag5b a050Gc07llzkwp1sFUA0 h52UeNen88U7Y4iFuOF7 RP9IQz70eEvTJVIHw5Lv aIWn0UzDaHCuDeD4TF6U 2QgUKFj4HV0dn5Ia55tj v0QCMKnmfkXllH4nQHen RiZJXix70KkeQI5YZY9j nnG2z19YXqYOoAxMQkFV 4wWd3kvalFkda9M583i7 ZUt08qPkISJA3VT4fdsK bw0K7NVh1sgqlnescYkX x81SdeDfzbsk8wgCHcJT qyWH5Ui5kFJGpXM7i2RZ 8X2kWfVN7ACYeLRlwU5k KYytbd9CXAYZLlOU2JVI vXrEXAmThLoQVXFImZcg ymIUUgCvgB7r5le0Mh11 4HAqq83HvFVwM7RSa8NQ 63EFNMvLteBrV7Lj9nA4 NWAZrSnr0i1Dj5TA6dLc g6Fit1BcwBIbAAJnBKGn RSJQdRAK7H6zYHVeXyPj hYQ8wC7QWWx5wW2TCt2Y qsbRHSDlSHG3Ep5gugbq nP45x6vSjSYCI8DDOBiZ khygntR9CTz08DjsR0la fxnnXXAtldMGBgqECnVx 5JVDuLtVtH8dvmcH9fd6 R22TNV5lr1tmI44FcHvv sg5cs9DlFxbTEStxmnQo fHaNehOegdlwymJ5Tbvp gZCyL2MJze1aowodommu qtHpIO00aVjMjk7M0v9K fzCA3w8Mu664WC0yRZb5 fzCA3w8Mu664WC0yRZb5 qtHpIO00aVjMjk7M0v9K LkczcKgnoMrSVImHJ0fO LkczcKgnoMrSVImHJ0fO gZCyL2MJze1aowodommu fHaNehOegdlwymJ5Tbvp sg5cs9DlFxbTEStxmnQo 3pFVvt0XFh3JvOGqpp1y 3pFVvt0XFh3JvOGqpp1y R22TNV5lr1tmI44FcHvv 5JVDuLtVtH8dvmcH9fd6 fxnnXXAtldMGBgqECnVx khygntR9CTz08DjsR0la EnQuMk7pVZUnmn2BboBv EnQuMk7pVZUnmn2BboBv nP45x6vSjSYCI8DDOBiZ qsbRHSDlSHG3Ep5gugbq hYQ8wC7QWWx5wW2TCt2Y RSJQdRAK7H6zYHVeXyPj g6Fit1BcwBIbAAJnBKGn NWAZrSnr0i1Dj5TA6dLc 63EFNMvLteBrV7Lj9nA4 4HAqq83HvFVwM7RSa8NQ ymIUUgCvgB7r5le0Mh11 vXrEXAmThLoQVXFImZcg KYytbd9CXAYZLlOU2JVI 8X2kWfVN7ACYeLRlwU5k qyWH5Ui5kFJGpXM7i2RZ x81SdeDfzbsk8wgCHcJT bw0K7NVh1sgqlnescYkX ZUt08qPkISJA3VT4fdsK 4wWd3kvalFkda9M583i7 nnG2z19YXqYOoAxMQkFV RiZJXix70KkeQI5YZY9j v0QCMKnmfkXllH4nQHen 2QgUKFj4HV0dn5Ia55tj aIWn0UzDaHCuDeD4TF6U RP9IQz70eEvTJVIHw5Lv h52UeNen88U7Y4iFuOF7 a050Gc07llzkwp1sFUA0 1ae7bJScGomdGEdgag5b 1Mr5ej8RW5Yk1ZWYpV5x rW1b1NT9NaRlIIxoT8XF VHkCxqV9Ecgzij51DFic IC3wlDskAWyf0o1M61kl laRDyozSdXcFtmdQ5VqD uJlmjikTUoEO48jGpFMW CwkDmD51N1Lhnzhdl5se CITGt2jOx7Lecs3CtylJ 2TderjwrXrNV2UBZ77eD m2kNeowjoX6iaPduqLLc u8OLHMd8iqOiUbQQ7wxA 4uRnU5kYfamseynbdI9c xTqag3TRSmD8TI7ozU6T OAcbYkMyAi1Iu0vWaaFc W5rNQea9NsCafaUbLgWC QDFrfZgHiHMBgGJy1v64 KqTw626stjcdChciHrJ6 IWOalMs6IXX5Ln6F9Eov COVfDobG5VcfcSxLDUch QHOT9LWV0s6xVVreglDh NXZByMrsstrrXRLxVcyg UQEmoPmHSH2FlTDuXOEx 2Bx9KHBjUU4KACeYmEka QBNhPcmtLfTR2DSrZWqu DmIjX4adnoqSEDmx2f39 PqB0lgs9Brze4wJGQzAM WV8Z5wDVbRdJmbJjyC7p F5wAHGfxfHDlSYlCHBkp CBlKOXlRycQbkyDm6Ich Udew7VNFg6dndWFd4Xv7 CIdYfkuOMaRk394L6cKF l5OFQGDhW1xJJ8ERuglz 7hwqk4bfHzoBgB4yaE5p xtgYSd34f56WAH3CCBpW kuIwHVHn49UEM4TprHKr Mi1upMhcgP7iV16OWKN5 2dfprAgHp3T6RrgooKgP oq1GulTWdKtwAlNIQxnY iS3QMNvYa0RbuZKbJowP gY86LqbQLTIYrcgU8Crt yXrak2UUHdgFCsCWvgfp G2jsO08FPT3xFngeyu4B WgneGAZv4qtDq8Q5DYZf EGP8Bd7gbzca7HmQthfa GPM8ezkS8AlTI0cYCnrm TrUW9m3qjkTMvqHNRot0 nmwnnNlPCMIjajSEo2R3 FzgyYozZJweUgT2UncY3 t9sTQNaMU9o2HF5pm7xT DrhvxXimsmLLGRkE94hS fuNQ8Sfy86k6zaBQjwEz Ca5sYccbD9TUz7JLHrcf f67LrguccbwZw0aXriuu 8w6JkwNghwwfzVWZlMG6 sCcEFmBkhTop4sycKzuM yLnN3wvof669Fh58DxrQ LI8fhHKJlh7mQx1nNK0m QYsTJmc2IUi36H1YK47s YygsiZkXDS9oQ07w4psX m0W1PzAhoOpYXaJ0LLW5 ddzqPXECnHQT4a4RIpSF iuuWW5781KuHBsKkyWMa Py9pyPdsXNOp2IZqhQo2 kvWSRFx5cBJAdKv02AAn C5aQkckiWq5qVUhbiI57 Dv6lwBgjbbZceuQXFzFf ObIUeV1Y9WxgQVINEZzj 5E8wNso5HkheqEVi0Uhr nOsoIFzZBhdd6bjP45Ba d5LnqmMpt2Ka3sWGmvow CMQ0OeWc1jOFVxmSr3hH CuGwf3E2mmIEpZeaF5CW OBEPyJuvhH0Z9VoT2UNC 24YcTAlCtPoNC11H3BAQ qsQI3bptDcBOGz4nQEL5 jLS4UljOCe6h8LwAOGRX 1wSeohNTb1oCspxe2x4j zbsjvfwSdNExCnTFLo8x kITtdSORrLGuHqAl2YGb 1Oc2bGjHzXrMLiYLik5Z 4FGKBBtL0fTw4RscYaCG x74MQe7pEH17MLQqDD8H aRTaaeyCiUc9wpTmFn5B jGNThQH3U9Qqi91Eop7X lVjpvSHc5hBrS7dzTmI1 468JV90VoJDfHRf7bwGC eULKHiriYHElwEbrQo2X CgUyoeVDFzkf0g6EiF8w NjrNYv2s9TjuFmdhy6vq tb41LamjPxrSZBTCVL4N c2cBpUI19bqo5IjxQzNs Mufarp9xGx29xj0P1ijS PFAHK1LPbENiUm01N8B0 m6rR2iEESZqKqRpPfrCl b9q1t3OMZ6dXE5R6ca5w CJPsPFylFkMPqvXrW58O JuSdCG8HSUzwufkmRvTN lrXvsaItMucJuqzZylSg 6jnt0RQvUBeXBhrLOwzh mUdsQgC4b4x2HD8wqon6 qzhMj5jvroYQ0sxm9D9f gZiMcGUkLd8qaWleLH1T 85xSse1gOLjILYSRUgB9 btiXecpJBKmrIHtQ7jPA UE66Ok3YtceUJCwuX3xr fm9EBymrV0VSOljfjrTQ tlptthCZhNn9sCWA6nK3 euZ15YwFUeCb42J4vvX6 EqrhH8oFQmMRN10foGjV YUvMCsDyzZfhbCs0qJRu k3PQRnKD222tnpAYeJ4O KkeFTm4eTA6qHgViFx48 4MuL6AbQo2ozZ4x7psrd WWEBxNNG20y6nEEMPvzN XzID4BBPQnOnz9XMetpC qmJjxb5ffqkJdxtR9mHb RDnAjQbgrCahBSBieO1p l0FfsrqWcvxMXnkTPBHi wqyhoOJuJuNfuZ1c9ZhU EEWjQ3rZ3GM9oucA2vc5 RNtZ6m1O9hQj2ovJiJE3 Wf6tYlitgmZKoXfughsS Tgouk8HApNFShyYjQedR 8IUV6HBSYn47shRwVW5F 72cxNTZ1Tw5teVGiR2xj 2YL9dYowMkTTxjU0fVal OLGSBuAPLZmdhTN6ApoS XEhAPaVgnAiGpIfFTnuy P6PcaiimLTne6w5m7SJi g5fwwkfUKem4JdibLkXM PUX0RecerGn3NX5t2hBc NqvNOj5h3GSbJm5NawjL SbMznZDIZs7TTEfAUGt3 z0rRwRZbA1TaaAgS8PYu ElLrRzuv43VPHSxgF9aR dsEyS8WvuzfBZPrbbzZx ivvO5yUvAxjOjLiwMPV4 VkEnPX1CQCoh4CxlXSlf yMXdJdorJpzOHHt9uIfg Z2YJKymsE6JEohxl2CgC MCc3yEIO8tXzzu5ZknlT 5doygtE58PVlrfBbaaxD 61VEe5QpRdEG1AHTZmSn m54EIZlfduVsUOzACS5b KkJFwKldxLItiBZ9EoaZ oakCd1HozhO35GtImcF2 mkGdh9qd7uj9x5W3Koxj 4Vpgk6JikqRWfmTLGFMS 7DZfG4yobV0xCcSaxf27 aGWdv30UuUFiszMErlJF FE29I03FH1qEyEvIQNGT cXmjc3Wu4kjM1IHGgfA5 EfhuR5UGBxqkoqdQBn2E b7ZT2hEEnAs84vAc9csm 6KcltWtleWJ6izN3XL0F 3MmCPAjYheu6g9TkIxDm uwYFKqdXzHrDjwNLVxGZ D3gODzQIzHZRe5A487BX Wvcwm6VpeYnZXpTH3IZP 9WdSftrlWeJdclTkQ4Ss 1uTE034Q24DWmybWBbX4 hC71hIuyRaST3AiaSZqg
100
bw0K7NVh1sgqlnescYkX bw0K7NVh1sgqlnescYkX
3MmCPAjYheu6g9TkIxDm 3MmCPAjYheu6g9TkIxDm
IWOalMs6IXX5Ln6F9Eov IWOalMs6IXX5Ln6F9Eov
2YL9dYowMkTTxjU0fVal 2YL9dYowMkTTxjU0fVal
R22TNV5lr1tmI44FcHvv R22TNV5lr1tmI44FcHvv
JuSdCG8HSUzwufkmRvTN JuSdCG8HSUzwufkmRvTN
fuNQ8Sfy86k6zaBQjwEz fuNQ8Sfy86k6zaBQjwEz
63EFNMvLteBrV7Lj9nA4 63EFNMvLteBrV7Lj9nA4
laRDyozSdXcFtmdQ5VqD laRDyozSdXcFtmdQ5VqD
EqrhH8oFQmMRN10foGjV EqrhH8oFQmMRN10foGjV
NXZByMrsstrrXRLxVcyg NXZByMrsstrrXRLxVcyg
wqyhoOJuJuNfuZ1c9ZhU wqyhoOJuJuNfuZ1c9ZhU
xtgYSd34f56WAH3CCBpW xtgYSd34f56WAH3CCBpW
RDnAjQbgrCahBSBieO1p RDnAjQbgrCahBSBieO1p
6KcltWtleWJ6izN3XL0F 6KcltWtleWJ6izN3XL0F
IC3wlDskAWyf0o1M61kl IC3wlDskAWyf0o1M61kl
g5fwwkfUKem4JdibLkXM g5fwwkfUKem4JdibLkXM
ddzqPXECnHQT4a4RIpSF ddzqPXECnHQT4a4RIpSF
RSJQdRAK7H6zYHVeXyPj RSJQdRAK7H6zYHVeXyPj
Mi1upMhcgP7iV16OWKN5 Mi1upMhcgP7iV16OWKN5
YygsiZkXDS9oQ07w4psX YygsiZkXDS9oQ07w4psX
61VEe5QpRdEG1AHTZmSn 61VEe5QpRdEG1AHTZmSn
8IUV6HBSYn47shRwVW5F 8IUV6HBSYn47shRwVW5F
DmIjX4adnoqSEDmx2f39 DmIjX4adnoqSEDmx2f39
zbsjvfwSdNExCnTFLo8x zbsjvfwSdNExCnTFLo8x
WgneGAZv4qtDq8Q5DYZf WgneGAZv4qtDq8Q5DYZf
OAcbYkMyAi1Iu0vWaaFc OAcbYkMyAi1Iu0vWaaFc
W5rNQea9NsCafaUbLgWC W5rNQea9NsCafaUbLgWC
nmwnnNlPCMIjajSEo2R3 nmwnnNlPCMIjajSEo2R3
1ae7bJScGomdGEdgag5b 1ae7bJScGomdGEdgag5b
nOsoIFzZBhdd6bjP45Ba nOsoIFzZBhdd6bjP45Ba
jLS4UljOCe6h8LwAOGRX jLS4UljOCe6h8LwAOGRX
6jnt0RQvUBeXBhrLOwzh 6jnt0RQvUBeXBhrLOwzh
2TderjwrXrNV2UBZ77eD 2TderjwrXrNV2UBZ77eD
ymIUUgCvgB7r5le0Mh11 ymIUUgCvgB7r5le0Mh11
1Oc2bGjHzXrMLiYLik5Z 1Oc2bGjHzXrMLiYLik5Z
1wSeohNTb1oCspxe2x4j 1wSeohNTb1oCspxe2x4j
oq1GulTWdKtwAlNIQxnY oq1GulTWdKtwAlNIQxnY
fzCA3w8Mu664WC0yRZb5 fzCA3w8Mu664WC0yRZb5
4wWd3kvalFkda9M583i7 4wWd3kvalFkda9M583i7
oakCd1HozhO35GtImcF2 oakCd1HozhO35GtImcF2
qyWH5Ui5kFJGpXM7i2RZ qyWH5Ui5kFJGpXM7i2RZ
NqvNOj5h3GSbJm5NawjL NqvNOj5h3GSbJm5NawjL
EEWjQ3rZ3GM9oucA2vc5 EEWjQ3rZ3GM9oucA2vc5
TrUW9m3qjkTMvqHNRot0 TrUW9m3qjkTMvqHNRot0
COVfDobG5VcfcSxLDUch COVfDobG5VcfcSxLDUch
aGWdv30UuUFiszMErlJF aGWdv30UuUFiszMErlJF
sCcEFmBkhTop4sycKzuM sCcEFmBkhTop4sycKzuM
cXmjc3Wu4kjM1IHGgfA5 cXmjc3Wu4kjM1IHGgfA5
eULKHiriYHElwEbrQo2X eULKHiriYHElwEbrQo2X
KqTw626stjcdChciHrJ6 KqTw626stjcdChciHrJ6
8w6JkwNghwwfzVWZlMG6 8w6JkwNghwwfzVWZlMG6
CgUyoeVDFzkf0g6EiF8w CgUyoeVDFzkf0g6EiF8w
Tgouk8HApNFShyYjQedR Tgouk8HApNFShyYjQedR
btiXecpJBKmrIHtQ7jPA btiXecpJBKmrIHtQ7jPA
Mufarp9xGx29xj0P1ijS Mufarp9xGx29xj0P1ijS
NWAZrSnr0i1Dj5TA6dLc NWAZrSnr0i1Dj5TA6dLc
24YcTAlCtPoNC11H3BAQ 24YcTAlCtPoNC11H3BAQ
mkGdh9qd7uj9x5W3Koxj mkGdh9qd7uj9x5W3Koxj
gZiMcGUkLd8qaWleLH1T gZiMcGUkLd8qaWleLH1T
kuIwHVHn49UEM4TprHKr kuIwHVHn49UEM4TprHKr
nnG2z19YXqYOoAxMQkFV nnG2z19YXqYOoAxMQkFV
QHOT9LWV0s6xVVreglDh QHOT9LWV0s6xVVreglDh
lVjpvSHc5hBrS7dzTmI1 lVjpvSHc5hBrS7dzTmI1
RNtZ6m1O9hQj2ovJiJE3 RNtZ6m1O9hQj2ovJiJE3
z0rRwRZbA1TaaAgS8PYu z0rRwRZbA1TaaAgS8PYu
P6PcaiimLTne6w5m7SJi P6PcaiimLTne6w5m7SJi
72cxNTZ1Tw5teVGiR2xj 72cxNTZ1Tw5teVGiR2xj
yMXdJdorJpzOHHt9uIfg yMXdJdorJpzOHHt9uIfg
VkEnPX1CQCoh4CxlXSlf VkEnPX1CQCoh4CxlXSlf
Ca5sYccbD9TUz7JLHrcf Ca5sYccbD9TUz7JLHrcf
rW1b1NT9NaRlIIxoT8XF rW1b1NT9NaRlIIxoT8XF
2QgUKFj4HV0dn5Ia55tj 2QgUKFj4HV0dn5Ia55tj
4MuL6AbQo2ozZ4x7psrd 4MuL6AbQo2ozZ4x7psrd
OLGSBuAPLZmdhTN6ApoS OLGSBuAPLZmdhTN6ApoS
1uTE034Q24DWmybWBbX4 1uTE034Q24DWmybWBbX4
2dfprAgHp3T6RrgooKgP 2dfprAgHp3T6RrgooKgP
b9q1t3OMZ6dXE5R6ca5w b9q1t3OMZ6dXE5R6ca5w
7DZfG4yobV0xCcSaxf27 7DZfG4yobV0xCcSaxf27
C5aQkckiWq5qVUhbiI57 C5aQkckiWq5qVUhbiI57
l5OFQGDhW1xJJ8ERuglz l5OFQGDhW1xJJ8ERuglz
OBEPyJuvhH0Z9VoT2UNC OBEPyJuvhH0Z9VoT2UNC
LI8fhHKJlh7mQx1nNK0m LI8fhHKJlh7mQx1nNK0m
t9sTQNaMU9o2HF5pm7xT t9sTQNaMU9o2HF5pm7xT
yXrak2UUHdgFCsCWvgfp yXrak2UUHdgFCsCWvgfp
qsbRHSDlSHG3Ep5gugbq qsbRHSDlSHG3Ep5gugbq
5doygtE58PVlrfBbaaxD 5doygtE58PVlrfBbaaxD
Z2YJKymsE6JEohxl2CgC Z2YJKymsE6JEohxl2CgC
x81SdeDfzbsk8wgCHcJT x81SdeDfzbsk8wgCHcJT
vXrEXAmThLoQVXFImZcg vXrEXAmThLoQVXFImZcg
g6Fit1BcwBIbAAJnBKGn g6Fit1BcwBIbAAJnBKGn
QYsTJmc2IUi36H1YK47s QYsTJmc2IUi36H1YK47s
FE29I03FH1qEyEvIQNGT FE29I03FH1qEyEvIQNGT
468JV90VoJDfHRf7bwGC 468JV90VoJDfHRf7bwGC
v0QCMKnmfkXllH4nQHen v0QCMKnmfkXllH4nQHen
UQEmoPmHSH2FlTDuXOEx UQEmoPmHSH2FlTDuXOEx
PFAHK1LPbENiUm01N8B0 PFAHK1LPbENiUm01N8B0
dsEyS8WvuzfBZPrbbzZx dsEyS8WvuzfBZPrbbzZx
Dv6lwBgjbbZceuQXFzFf Dv6lwBgjbbZceuQXFzFf
Wf6tYlitgmZKoXfughsS Wf6tYlitgmZKoXfughsS
