M2S9flVUcYP2sJdh8LXf MtQDjkLToWj4d53MMhKG PbYOO88SokShsv7XrgBm zD7ErBenXxsG4D9b5TEV jgcWqrcniA4q9WNs9xkc sZojFweTE55bBWYz0Tda yHMPX8vHctuUweyLluyz tvhjts5qETlydZX7IsvU tVhIJJgs0kEFaQx1hdWm JajH9BPb1gw5kQ2oTRnP LxEzX08MG9T8knIYbul0 2Iyc8vVotGd9JqdKVPyJ E84Fbb1fDMRXU6XgwbS0 RV5D5yksO9rCY6rkv8aJ Y9NkTxuGcG1D46t8mZ67 6t76eBKiZ6qd2L92px9I Kfu1pc3YPMGebW7Iu8ex zdtRVpQ9lVyEhNj9Evpp 3UlroYOByYq01508FdLS wYRR07UrNAdstlFcx7n2 X9TJsvmT50zYeG0q6XSG lxlEsWbbqG2dcyvjsLTA icN9hCSgyAan3sGfngmv 3TWDD9k8g0eTVq52a62Z LwS5op21h2H20gmVULql 1f1ShssvWmmfUiqDIjNc wpBgd82GxlO3hr1i0lHL Z8MZ2JfftjeVVnGFSOQe Bc6dudheE3WGLxP0iDdK gZVNRDm5p6aX5QEEX8UG S8uMGvUglWyhnfV5Wzdp Eu0wGcDBBrgvePzHfqrS Dc1wEVV3kuOZotG6pNlL Pqf0Sn4UvsBLaxz7WO4n v0QJIKD4q7sFXrzFSb6J sGymQi0ZOpCowisPJkWe KXy0F5MatG3NNlXhq3iJ 0zL2lyKxPHODDF48l5vJ zc2cVu7aHW2Uc4Z1tHon 0uvEfLgT4s8ImTk9VWBt QJuDebBKjW74ipndfA4c 9GrchmlNCDIapQ9OnEYh cdaizmjQrCe5Vnwy3JQF 48nWZMVqWDxfH9uMf2U3 lOEjyrMvpa6QONpUJC0R uy6RcQAYd3ATM1Icq3my 2qerVVbMKjJpuQmQ9aqr XmlH4l2BXG35TF70bZqZ H59EihDjhfpS7ToXFM3L BLfHepEtLPz0KQG4cyst iT2zQSDYRjiXtqbN78gH Yj14cJHLteGLwnT0JCVo W4IxjYZtRN88GGSV9Uoc i2zuTkgDKtYA8Q9KejMN NMTjl1jsvrb7y2ggdCSc m1IYiQsUBuvvpTv7yWXO RFiaXjCJgUwAE3Wun3DA vxiwkV1b5fV2sGCBFsRQ ag5vZ07KPwCr1Lpz8zM0 L8bxdxuDa5issn2PiN3u wMERbIWoRIf6BT6nQKYQ 8KfYYXeMqM0D4nShLOzi k7k4sHxeh1pR4sOjcVuj 8bAWPVah2FAS7l954jrS yCGd2pn2AE5LZ3OxzJbL dKH5OdpmJKCU83bbXVxZ dOKaHsIcDX32wPXAX2Gt EtrZREkmL456viQQJ9Rb yZPIHwySFuIdRJCMzjnz 5jhNGHh0Et1Lidy4vCpq ZBeXR80522AAM5P7qeaG Z0DuoZMcx6oyDPWFznMK M7SD6FC2BzrEV1z9ajVv C1CVSQIxudgISqBvCOoA 93aDiM8K0XhtiVcCVKi2 tuE7UekaxGUib4idWtYa qZXSRyLD2TteA2dIJrXP Jjat3uJ5XboI9kZe0522 ECCnzlgsMEvTYjNwAlfM 5gumrx48u1yPpF6ivPOI nbZglhhmYQAPQz4eETaj T05cb1iVZnpGK4zO8JN8 sH3pvLOfMUrEGUrmsHCu zbFdxZAJcbci5gs01pnM pNXWB5geApaSjbsCCT4J Dt5YfbjQq6VoKnyw6Zav vodEvdIApqt0N3TZsbxN e6duCKbQcxnU6ymY57XQ oWxP87H6AXwFzF0dpB9d LNMZej67uy0Whvqp5OR1 9Jr76N4fnNot7SNYqBKG R0zbyZWlnyux9w7Bds4F tUowOUG1V7iCXBCMR0AT nhEaUTk3tk8p91oyWRpp fmFrd4vggNac5TkiFJAd 7TbbztQ90wmMzxjLFXzq 7TbbztQ90wmMzxjLFXzq 84NRaHoY6w6nly57gw1M 4bQwji0D4wyEDLd54MWv PZrpdQAa8H8tkrajh08J sHkjJnMiMEPb4htMPUMQ sHkjJnMiMEPb4htMPUMQ PZrpdQAa8H8tkrajh08J 4bQwji0D4wyEDLd54MWv 84NRaHoY6w6nly57gw1M fmFrd4vggNac5TkiFJAd nhEaUTk3tk8p91oyWRpp tUowOUG1V7iCXBCMR0AT R0zbyZWlnyux9w7Bds4F 9Jr76N4fnNot7SNYqBKG LNMZej67uy0Whvqp5OR1 oWxP87H6AXwFzF0dpB9d e6duCKbQcxnU6ymY57XQ vodEvdIApqt0N3TZsbxN Dt5YfbjQq6VoKnyw6Zav pNXWB5geApaSjbsCCT4J zbFdxZAJcbci5gs01pnM sH3pvLOfMUrEGUrmsHCu T05cb1iVZnpGK4zO8JN8 nbZglhhmYQAPQz4eETaj 5gumrx48u1yPpF6ivPOI ECCnzlgsMEvTYjNwAlfM Jjat3uJ5XboI9kZe0522 qZXSRyLD2TteA2dIJrXP tuE7UekaxGUib4idWtYa 93aDiM8K0XhtiVcCVKi2 C1CVSQIxudgISqBvCOoA M7SD6FC2BzrEV1z9ajVv Z0DuoZMcx6oyDPWFznMK ZBeXR80522AAM5P7qeaG 5jhNGHh0Et1Lidy4vCpq yZPIHwySFuIdRJCMzjnz EtrZREkmL456viQQJ9Rb dOKaHsIcDX32wPXAX2Gt dKH5OdpmJKCU83bbXVxZ yCGd2pn2AE5LZ3OxzJbL 8bAWPVah2FAS7l954jrS k7k4sHxeh1pR4sOjcVuj 8KfYYXeMqM0D4nShLOzi wMERbIWoRIf6BT6nQKYQ L8bxdxuDa5issn2PiN3u ag5vZ07KPwCr1Lpz8zM0 vxiwkV1b5fV2sGCBFsRQ RFiaXjCJgUwAE3Wun3DA m1IYiQsUBuvvpTv7yWXO NMTjl1jsvrb7y2ggdCSc i2zuTkgDKtYA8Q9KejMN W4IxjYZtRN88GGSV9Uoc Yj14cJHLteGLwnT0JCVo iT2zQSDYRjiXtqbN78gH BLfHepEtLPz0KQG4cyst H59EihDjhfpS7ToXFM3L XmlH4l2BXG35TF70bZqZ 2qerVVbMKjJpuQmQ9aqr uy6RcQAYd3ATM1Icq3my lOEjyrMvpa6QONpUJC0R 48nWZMVqWDxfH9uMf2U3 cdaizmjQrCe5Vnwy3JQF 9GrchmlNCDIapQ9OnEYh QJuDebBKjW74ipndfA4c 0uvEfLgT4s8ImTk9VWBt zc2cVu7aHW2Uc4Z1tHon 0zL2lyKxPHODDF48l5vJ KXy0F5MatG3NNlXhq3iJ sGymQi0ZOpCowisPJkWe v0QJIKD4q7sFXrzFSb6J Pqf0Sn4UvsBLaxz7WO4n Dc1wEVV3kuOZotG6pNlL Eu0wGcDBBrgvePzHfqrS S8uMGvUglWyhnfV5Wzdp gZVNRDm5p6aX5QEEX8UG Bc6dudheE3WGLxP0iDdK Z8MZ2JfftjeVVnGFSOQe wpBgd82GxlO3hr1i0lHL 1f1ShssvWmmfUiqDIjNc LwS5op21h2H20gmVULql 3TWDD9k8g0eTVq52a62Z icN9hCSgyAan3sGfngmv lxlEsWbbqG2dcyvjsLTA X9TJsvmT50zYeG0q6XSG wYRR07UrNAdstlFcx7n2 3UlroYOByYq01508FdLS zdtRVpQ9lVyEhNj9Evpp Kfu1pc3YPMGebW7Iu8ex 6t76eBKiZ6qd2L92px9I Y9NkTxuGcG1D46t8mZ67 RV5D5yksO9rCY6rkv8aJ E84Fbb1fDMRXU6XgwbS0 2Iyc8vVotGd9JqdKVPyJ LxEzX08MG9T8knIYbul0 JajH9BPb1gw5kQ2oTRnP tVhIJJgs0kEFaQx1hdWm tvhjts5qETlydZX7IsvU yHMPX8vHctuUweyLluyz sZojFweTE55bBWYz0Tda jgcWqrcniA4q9WNs9xkc zD7ErBenXxsG4D9b5TEV PbYOO88SokShsv7XrgBm MtQDjkLToWj4d53MMhKG M2S9flVUcYP2sJdh8LXf
50
Dt5YfbjQq6VoKnyw6Zav Dt5YfbjQq6VoKnyw6Zav
Eu0wGcDBBrgvePzHfqrS Eu0wGcDBBrgvePzHfqrS
m1IYiQsUBuvvpTv7yWXO m1IYiQsUBuvvpTv7yWXO
H59EihDjhfpS7ToXFM3L H59EihDjhfpS7ToXFM3L
dKH5OdpmJKCU83bbXVxZ dKH5OdpmJKCU83bbXVxZ
tUowOUG1V7iCXBCMR0AT tUowOUG1V7iCXBCMR0AT
5gumrx48u1yPpF6ivPOI 5gumrx48u1yPpF6ivPOI
gZVNRDm5p6aX5QEEX8UG gZVNRDm5p6aX5QEEX8UG
sH3pvLOfMUrEGUrmsHCu sH3pvLOfMUrEGUrmsHCu
vxiwkV1b5fV2sGCBFsRQ vxiwkV1b5fV2sGCBFsRQ
LNMZej67uy0Whvqp5OR1 LNMZej67uy0Whvqp5OR1
PZrpdQAa8H8tkrajh08J PZrpdQAa8H8tkrajh08J
S8uMGvUglWyhnfV5Wzdp S8uMGvUglWyhnfV5Wzdp
ECCnzlgsMEvTYjNwAlfM ECCnzlgsMEvTYjNwAlfM
Pqf0Sn4UvsBLaxz7WO4n Pqf0Sn4UvsBLaxz7WO4n
v0QJIKD4q7sFXrzFSb6J v0QJIKD4q7sFXrzFSb6J
tVhIJJgs0kEFaQx1hdWm tVhIJJgs0kEFaQx1hdWm
NMTjl1jsvrb7y2ggdCSc NMTjl1jsvrb7y2ggdCSc
yHMPX8vHctuUweyLluyz yHMPX8vHctuUweyLluyz
9Jr76N4fnNot7SNYqBKG 9Jr76N4fnNot7SNYqBKG
L8bxdxuDa5issn2PiN3u L8bxdxuDa5issn2PiN3u
Kfu1pc3YPMGebW7Iu8ex Kfu1pc3YPMGebW7Iu8ex
Z8MZ2JfftjeVVnGFSOQe Z8MZ2JfftjeVVnGFSOQe
93aDiM8K0XhtiVcCVKi2 93aDiM8K0XhtiVcCVKi2
Jjat3uJ5XboI9kZe0522 Jjat3uJ5XboI9kZe0522
48nWZMVqWDxfH9uMf2U3 48nWZMVqWDxfH9uMf2U3
4bQwji0D4wyEDLd54MWv 4bQwji0D4wyEDLd54MWv
jgcWqrcniA4q9WNs9xkc jgcWqrcniA4q9WNs9xkc
uy6RcQAYd3ATM1Icq3my uy6RcQAYd3ATM1Icq3my
zdtRVpQ9lVyEhNj9Evpp zdtRVpQ9lVyEhNj9Evpp
Bc6dudheE3WGLxP0iDdK Bc6dudheE3WGLxP0iDdK
fmFrd4vggNac5TkiFJAd fmFrd4vggNac5TkiFJAd
LxEzX08MG9T8knIYbul0 LxEzX08MG9T8knIYbul0
8KfYYXeMqM0D4nShLOzi 8KfYYXeMqM0D4nShLOzi
nbZglhhmYQAPQz4eETaj nbZglhhmYQAPQz4eETaj
W4IxjYZtRN88GGSV9Uoc W4IxjYZtRN88GGSV9Uoc
Z0DuoZMcx6oyDPWFznMK Z0DuoZMcx6oyDPWFznMK
pNXWB5geApaSjbsCCT4J pNXWB5geApaSjbsCCT4J
9GrchmlNCDIapQ9OnEYh 9GrchmlNCDIapQ9OnEYh
M2S9flVUcYP2sJdh8LXf M2S9flVUcYP2sJdh8LXf
EtrZREkmL456viQQJ9Rb EtrZREkmL456viQQJ9Rb
XmlH4l2BXG35TF70bZqZ XmlH4l2BXG35TF70bZqZ
oWxP87H6AXwFzF0dpB9d oWxP87H6AXwFzF0dpB9d
dOKaHsIcDX32wPXAX2Gt dOKaHsIcDX32wPXAX2Gt
cdaizmjQrCe5Vnwy3JQF cdaizmjQrCe5Vnwy3JQF
zD7ErBenXxsG4D9b5TEV zD7ErBenXxsG4D9b5TEV
k7k4sHxeh1pR4sOjcVuj k7k4sHxeh1pR4sOjcVuj
yZPIHwySFuIdRJCMzjnz yZPIHwySFuIdRJCMzjnz
vodEvdIApqt0N3TZsbxN vodEvdIApqt0N3TZsbxN
0uvEfLgT4s8ImTk9VWBt 0uvEfLgT4s8ImTk9VWBt
