Jacksonville Washington Austin Milwaukee Nashville SanFrancisco Charlotte LasVegas Seattle Columbus Houston Philadelphia Chicago ColoradoSprings VirginiaBeach VirginiaBeach Tulsa SanJose FortWorth Detroit SanAntonio Boston OklahomaCity Phoenix Oakland Albuquerque Sacramento Sacramento Albuquerque Miami Tampa Dallas Fresno Atlanta Louisville Arlington Portland Portland Arlington Louisville Atlanta Fresno Dallas Baltimore LongBeach Omaha Omaha LongBeach Baltimore Tampa Miami Oakland Phoenix Denver Denver Mesa KansasCity KansasCity Mesa OklahomaCity Boston SanAntonio Detroit FortWorth Indianapolis LosAngeles ElPaso ElPaso Raleigh Memphis Memphis Raleigh LosAngeles Indianapolis SanJose Minneapolis NewYork NewYork SanDiego SanDiego Minneapolis Tulsa ColoradoSprings Chicago Philadelphia Houston Tucson Tucson NewOrleans NewOrleans Columbus Seattle LasVegas Charlotte SanFrancisco Nashville Milwaukee Austin Washington Jacksonville
25
Philadelphia Philadelphia
LasVegas LasVegas
FortWorth FortWorth
Portland Portland
Memphis Memphis
Tulsa Tulsa
Fresno Fresno
SanFrancisco SanFrancisco
Columbus Columbus
Atlanta Atlanta
Seattle Seattle
SanJose SanJose
Phoenix Phoenix
ElPaso ElPaso
Tucson Tucson
LongBeach LongBeach
VirginiaBeach VirginiaBeach
Albuquerque Albuquerque
Indianapolis Indianapolis
Austin Austin
Minneapolis Minneapolis
Jacksonville Jacksonville
Louisville Louisville
Boston Boston
LosAngeles LosAngeles
