SaintPaul SanJose SanDiego Dallas Tucson Philadelphia SanFrancisco Stockton Houston ElPaso LosAngeles Austin NewYork SanAntonio LongBeach FortWorth Louisville Detroit Denver Seattle VirginiaBeach Wichita Charlotte Phoenix Columbus Milwaukee Orlando Boston Jacksonville Atlanta OklahomaCity Bakersfield Minneapolis Nashville Sacramento Pittsburgh Fresno Albuquerque Baltimore Mesa Indianapolis LasVegas Arlington Anaheim Memphis Honolulu Cleveland Anchorage FortWayne Omaha Miami KansasCity NewOrleans CorpusChristi ColoradoSprings Tulsa Richmond JerseyCity Riverside StLouis Plano Washington Chesapeake Lubbock StPetersburg Henderson Chicago Toledo Portland Tampa Oakland Buffalo Irvine Newark Scottsdale Boise Boise Scottsdale Garland Garland Newark Reno Laredo Irving Spokane Spokane Irving Laredo NorthLasVegas NorthLasVegas Reno Glendale Hialeah Chandler Greensboro Greensboro Fremont Cincinnati ChulaVista ChulaVista Cincinnati Fremont Chandler Hialeah Glendale Irvine Buffalo WinstonSalem Durham SantaAna Lincoln Lincoln SantaAna Gilbert Gilbert Durham WinstonSalem Oakland Tampa Lexington Lexington Portland Toledo Chicago Henderson StPetersburg Lubbock Chesapeake Washington Plano StLouis Riverside JerseyCity Richmond Tulsa ColoradoSprings CorpusChristi NewOrleans Norfolk Norfolk KansasCity Madison Madison Miami Aurora Aurora Omaha FortWayne Anchorage Cleveland BatonRouge BatonRouge Honolulu Memphis Anaheim Arlington LasVegas Indianapolis Mesa Baltimore Albuquerque Fresno Pittsburgh Sacramento Nashville Minneapolis Bakersfield OklahomaCity Atlanta Jacksonville Raleigh Raleigh Boston Orlando Milwaukee Columbus Phoenix Charlotte Wichita VirginiaBeach Seattle Denver Detroit Louisville FortWorth LongBeach SanAntonio NewYork Austin LosAngeles ElPaso Houston Stockton SanFrancisco Philadelphia Tucson Dallas SanDiego SanJose SaintPaul
50
Newark Newark
Plano Plano
Scottsdale Scottsdale
Denver Denver
Honolulu Honolulu
SanAntonio SanAntonio
Durham Durham
Lexington Lexington
FortWorth FortWorth
Henderson Henderson
Austin Austin
FortWayne FortWayne
Baltimore Baltimore
Houston Houston
Glendale Glendale
Pittsburgh Pittsburgh
SanDiego SanDiego
Tucson Tucson
WinstonSalem WinstonSalem
SanJose SanJose
SantaAna SantaAna
Hialeah Hialeah
Lincoln Lincoln
LongBeach LongBeach
Charlotte Charlotte
Spokane Spokane
Milwaukee Milwaukee
Atlanta Atlanta
Laredo Laredo
Chesapeake Chesapeake
Dallas Dallas
Stockton Stockton
Columbus Columbus
Memphis Memphis
JerseyCity JerseyCity
Phoenix Phoenix
StPetersburg StPetersburg
Chandler Chandler
Indianapolis Indianapolis
Lubbock Lubbock
Bakersfield Bakersfield
Tampa Tampa
Anchorage Anchorage
Raleigh Raleigh
NewOrleans NewOrleans
OklahomaCity OklahomaCity
ElPaso ElPaso
Aurora Aurora
Madison Madison
Cincinnati Cincinnati
