Chattanooga ElPaso LasVegas NewYork Minneapolis Nashville FortWorth Mesa Dallas Austin Washington Chicago Portland Jacksonville SanJose LosAngeles Milwaukee SantaAna Detroit ColoradoSprings Phoenix SanDiego Charlotte Tacoma Boston KansasCity Gilbert Cleveland SanAntonio Memphis Seattle Philadelphia Indianapolis Baltimore Columbus Henderson Denver FortWayne SanFrancisco Honolulu Greensboro VirginiaBeach Atlanta NewOrleans OklahomaCity Arlington Fresno Bakersfield Tampa StLouis Miami Sacramento Houston Reno StPetersburg Riverside CorpusChristi Anchorage Orlando Albuquerque Cincinnati Tucson Wichita Irving Oakland Aurora Lexington Omaha Louisville Stockton ChulaVista Anaheim Pittsburgh GrandRapids Buffalo Raleigh JerseyCity WinstonSalem SaltLakeCity LongBeach Oxnard Spokane Garland Chesapeake Newark Plano Lubbock Yonkers Durham MorenoValley Birmingham Irvine Norfolk SaintPaul Modesto SantaClarita Augusta DesMoines Richmond Lincoln Madison Glendale SanBernardino Fremont LittleRock Munich Hialeah Jerusalem McKinney Vancouver Chandler PortStLucie PembrokePines Salem Ontario BatonRouge Laredo Huntsville NorthLasVegas HuntingtonBeach Boise Scottsdale OverlandPark Rochester Toledo GardenGrove Knoxville Escondido Amarillo ElkGrove Pomona Fontana SantaRosa Tallahassee Lancaster Orange Frisco OuterHaven Hollywood GrandPrairie Mobile Midland RanchoCucamonga Montgomery Tulsa FortLauderdale NewportNews Alexandria Providence CapeCoral Oceanside Lakewood Sunnyvale Waco Shreveport TianamenSquare Davis Palmdale FortCollins Eugene Corona Brownsville Jackson Surprise Berkeley Worcester Worcester Springfield McAllen Pasadena Peoria Peoria Carrollton Murfreesboro Salinas Salinas Murfreesboro Olathe Joliet Killeen Akron Hayward Naperville Naperville Mesquite Miramar Miramar Mesquite Hayward Akron Savannah Bridgeport Clarksville Clarksville Thornton Thornton Bridgeport Savannah Killeen Roseville Roseville Joliet Olathe Denton Tempe Tempe Denton Carrollton Pasadena McAllen Springfield Paterson Paterson Berkeley Surprise Jackson Syracuse Rockford SiouxFalls SiouxFalls Rockford WestValleyCity WestValleyCity Syracuse Dayton Dayton Brownsville Corona Eugene FortCollins Bellevue Cary Cary Bellevue Palmdale Torrance Torrance Davis TianamenSquare Macon Macon Shreveport Waco Sunnyvale Lakewood Oceanside CapeCoral Providence Alexandria NewportNews FortLauderdale Tulsa Montgomery RanchoCucamonga Fullerton Fullerton Midland Mobile GrandPrairie Hollywood OuterHaven Frisco Orange Lancaster Tallahassee SantaRosa Fontana Pomona ElkGrove Amarillo Escondido Knoxville GardenGrove Toledo Rochester OverlandPark Scottsdale Boise HuntingtonBeach NorthLasVegas Huntsville Laredo Fayetteville Fayetteville BatonRouge Ontario Salem PembrokePines PortStLucie Chandler Vancouver McKinney Jerusalem Hialeah Munich LittleRock Fremont SanBernardino Glendale Madison Lincoln Richmond DesMoines Augusta SantaClarita Modesto SaintPaul Norfolk Irvine Birmingham MorenoValley Durham Yonkers Lubbock Plano Newark Chesapeake Garland Spokane Oxnard LongBeach SaltLakeCity WinstonSalem JerseyCity Raleigh Buffalo GrandRapids Pittsburgh Anaheim ChulaVista Stockton Louisville Omaha Lexington Aurora Oakland Irving Wichita Tucson Cincinnati Albuquerque Orlando Anchorage CorpusChristi Riverside StPetersburg Reno Houston Sacramento Miami StLouis Tampa Bakersfield Fresno Arlington OklahomaCity NewOrleans Atlanta VirginiaBeach Greensboro Honolulu SanFrancisco FortWayne Denver Henderson Columbus Baltimore Indianapolis Philadelphia Seattle Memphis SanAntonio Cleveland Gilbert KansasCity Boston Tacoma Charlotte SanDiego Phoenix ColoradoSprings Detroit SantaAna Milwaukee LosAngeles SanJose Jacksonville Portland Chicago Washington Austin Dallas Mesa FortWorth Nashville Minneapolis NewYork LasVegas ElPaso Chattanooga
100
Yonkers Yonkers
Alexandria Alexandria
Joliet Joliet
Orlando Orlando
Lincoln Lincoln
Worcester Worcester
LittleRock LittleRock
GardenGrove GardenGrove
Aurora Aurora
DesMoines DesMoines
Surprise Surprise
Phoenix Phoenix
Knoxville Knoxville
Jacksonville Jacksonville
Oceanside Oceanside
Baltimore Baltimore
Henderson Henderson
Fremont Fremont
Riverside Riverside
Memphis Memphis
SanBernardino SanBernardino
Tacoma Tacoma
Wichita Wichita
Paterson Paterson
Washington Washington
Ontario Ontario
Bakersfield Bakersfield
SantaClarita SantaClarita
Cleveland Cleveland
Brownsville Brownsville
McAllen McAllen
Charlotte Charlotte
Corona Corona
Honolulu Honolulu
Springfield Springfield
Denton Denton
Tempe Tempe
Spokane Spokane
Glendale Glendale
Shreveport Shreveport
GrandPrairie GrandPrairie
Irvine Irvine
NewportNews NewportNews
Lexington Lexington
Olathe Olathe
SanFrancisco SanFrancisco
Scottsdale Scottsdale
Vancouver Vancouver
Indianapolis Indianapolis
Murfreesboro Murfreesboro
Anchorage Anchorage
FortWorth FortWorth
Austin Austin
Raleigh Raleigh
Anaheim Anaheim
SanJose SanJose
Fayetteville Fayetteville
Cincinnati Cincinnati
Oxnard Oxnard
Durham Durham
ChulaVista ChulaVista
SantaAna SantaAna
SaintPaul SaintPaul
FortLauderdale FortLauderdale
ElPaso ElPaso
Syracuse Syracuse
Madison Madison
GrandRapids GrandRapids
NewYork NewYork
Savannah Savannah
CapeCoral CapeCoral
Louisville Louisville
Hayward Hayward
Buffalo Buffalo
BatonRouge BatonRouge
Boston Boston
Boise Boise
Waco Waco
Chicago Chicago
SanAntonio SanAntonio
KansasCity KansasCity
Richmond Richmond
Tallahassee Tallahassee
Salem Salem
Midland Midland
LosAngeles LosAngeles
Fontana Fontana
Berkeley Berkeley
PortStLucie PortStLucie
Plano Plano
Orange Orange
Newark Newark
Toledo Toledo
Naperville Naperville
Jackson Jackson
Akron Akron
Pomona Pomona
Lubbock Lubbock
Frisco Frisco
SanDiego SanDiego
