Porterton Dianashire Burgessview Billton Banksburgh Yvonneborough Parkermouth Shawnfort Shawnfort Parkermouth Yvonneborough Simmonsburgh Michaelville Williamland Williamland Michaelville Simmonsburgh Banksburgh Gabrielfort Stuartshire Stuartshire Jamesshire Jamesshire Jamieside Jamieside Gabrielfort Brookemouth Kimberlymouth Kimberlymouth Baileyfort Baileyfort Joebury Joebury Brookemouth Billton Marcusburgh Tylerbury Paultown Hansonbury Hansonbury Paultown Pattersonberg Pattersonberg Jamestown Wilsonstad Wilsonstad Jamestown Tylerbury Fletcherland Johnside Johnside Willisfurt Ortizberg Ortizberg Willisfurt Kingview Williamschester Mirandaview Mirandaview Williamschester Kingview Fletcherland Matthewburgh Bondfort Shawnmouth Priceville Priceville Buckleyside Buckleyside Shawnmouth Adamview Harrisborough Harrisborough Adamview Bondfort Virginiastad Robinsonmouth Horneside Horneside Robinsonmouth Johnsonberg Johnsonberg Virginiastad Matthewburgh Marcusburgh Williamfort Moodyburgh Gregoryberg Smithfort Millerborough Millerborough Smithfort Gregoryberg Heatherberg Thomasborough Masseyside Masseyside Ortegaberg Ortegaberg Thomasborough Heatherberg Moodyburgh Thomasville Lopezburgh Leahmouth Leahmouth Byrdfurt Loweryborough Loweryborough Garciamouth Garciamouth Byrdfurt Lopezburgh Webbview Webbview Martinchester Martinchester Thomasville Williamport Ashleystad Codyton Mindyview Mindyview Ryanside Ryanside Codyton Holthaven Vickiville Vickiville Holthaven Ashleystad Denisechester Denisechester Williamport Williamfort Burgessview Ashleyborough Osborneville Payneview Jacksonville Jennifertown Feliciaville Feliciaville Jennifertown Christopherhaven Christopherhaven Jacksonville Barnesmouth Harrisport Brendaview Brendaview Harrisport Clarkborough Clarkborough Barnesmouth Teresafort Calvinton Calvinton Smithtown Abigailville Abigailville Jacksonland Jacksonland Smithtown Teresafort Payneview Christophermouth Beckerton Beckerton Shawnhaven Candaceborough Candaceborough Dannyside Dannyside Shawnhaven Davidtown Davidtown Christophermouth Osborneville Clarkberg Burtonview Phamhaven Phamhaven Gonzalesfurt Gonzalesfurt Murphyside Bakertown Derekville Derekville Jameston Jameston Bakertown Murphyside Burtonview Reevestown Judithview Michaelview Clarenceview Clarenceview Michaelview Judithview Davidsonview Davidsonview Changbury Changbury Reevestown Clarkberg Paulburgh Robertsstad Toddtown Swansonshire Abigailhaven Abigailhaven Swansonshire Toddtown Jessicaton Jessicaton Robertsstad Walltown Scotttown Jacksonview Danielville Danielville Jacksonview Scotttown Callahantown Maryport Combsville Combsville Reynoldsview Reynoldsview Maryport Callahantown Johnberg Williamshire Williamshire Johnberg Walltown Paulburgh Ashleyborough Dianashire Wallton Derekmouth Charlesberg Kevinberg Patriciabury Troyfort Troyfort Thomasmouth Thomasmouth Patriciabury Adamside Andrewschester Andrewschester Bradberg Bradberg Adamside Kevinberg Sethland Tannerhaven Tannerhaven Ellisstad Osbornemouth Osbornemouth Ellisstad Sethland Weberbury Kimberlyburgh Candiceland Candiceland Kimberlyburgh Clarkport Clarkport Weberbury Charlesberg Jeffreyfort Johnsonchester Nealfurt Nealfurt Susanfort Susanfort Johnsonchester Garytown Audreyfort Patriciaside Patriciaside Audreyfort Garytown Jeffreyfort Geraldside Joseport Gabrielburgh Hodgesstad Hodgesstad Gabrielburgh Hallborough Kylieview Kylieview Hallborough Joseport Michellehaven Ramosborough Fordhaven Fordhaven Ramosborough Cranemouth Joneschester Joneschester Cranemouth Michellehaven Richtown Richtown Geraldside Derekmouth Danielleport Cooperton Lopezborough Waltersmouth Adamport Adamport Adkinsberg Adkinsberg Waltersmouth Lopezborough Kristietown Kristietown Thomasside Thomasside Cooperton Melissaview Cheyennefurt Thompsonshire Thompsonshire Watsonville Christyland Christyland Robertomouth Robertomouth Watsonville Cheyennefurt Campbellhaven Annberg Dyerport Dyerport Houstonchester Houstonchester Annberg Campbellhaven Melissaview Scottburgh Laurenbury Haleview Hallstad Hallstad Haleview Laurenbury Ortegahaven Ortegahaven Scottburgh Danielleport Davisstad Newmanburgh Samanthashire Samanthashire Gallowaymouth Rioshaven Josephstad Josephstad Rioshaven Gallowaymouth Newmanburgh Jacksonton Emilyview Emilyview Singletonton Clarkbury Jermaineton Jermaineton Clarkbury Singletonton Jacksonton Leechester Pettyton Bondmouth Mercedesmouth Mercedesmouth Taylorton Taylorton Bondmouth Jonesfurt Jonesfurt Pettyton Castanedachester Suttonville Suttonville Castanedachester Leechester Davisstad Wallton Porterton
100
Johnsonberg Johnsonberg
Adamview Adamview
Feliciaville Feliciaville
Buckleyside Buckleyside
Combsville Combsville
Thompsonshire Thompsonshire
Mirandaview Mirandaview
Derekville Derekville
Wilsonstad Wilsonstad
Susanfort Susanfort
Haleview Haleview
Hallstad Hallstad
Adamport Adamport
Dannyside Dannyside
Jermaineton Jermaineton
Parkermouth Parkermouth
Jameston Jameston
Hansonbury Hansonbury
Kylieview Kylieview
Brendaview Brendaview
Mercedesmouth Mercedesmouth
Kimberlyburgh Kimberlyburgh
Leahmouth Leahmouth
Candiceland Candiceland
Houstonchester Houstonchester
Michaelview Michaelview
Dyerport Dyerport
Troyfort Troyfort
Cranemouth Cranemouth
Audreyfort Audreyfort
Reynoldsview Reynoldsview
Ellisstad Ellisstad
Byrdfurt Byrdfurt
Andrewschester Andrewschester
Tannerhaven Tannerhaven
Christyland Christyland
Patriciaside Patriciaside
Garciamouth Garciamouth
Robinsonmouth Robinsonmouth
Adamside Adamside
Bakertown Bakertown
Williamland Williamland
Patriciabury Patriciabury
Horneside Horneside
Jacksonland Jacksonland
Loweryborough Loweryborough
Bradberg Bradberg
Christopherhaven Christopherhaven
Harrisport Harrisport
Rioshaven Rioshaven
Jonesfurt Jonesfurt
Taylorton Taylorton
Williamschester Williamschester
Candaceborough Candaceborough
Hodgesstad Hodgesstad
Gabrielburgh Gabrielburgh
Clarkport Clarkport
Bondmouth Bondmouth
Fordhaven Fordhaven
Clarkborough Clarkborough
Holthaven Holthaven
Osbornemouth Osbornemouth
Ortegaberg Ortegaberg
Danielville Danielville
Shawnmouth Shawnmouth
Ryanside Ryanside
Smithtown Smithtown
Jacksonview Jacksonview
Ramosborough Ramosborough
Swansonshire Swansonshire
Thomasmouth Thomasmouth
Suttonville Suttonville
Annberg Annberg
Maryport Maryport
Ortizberg Ortizberg
Calvinton Calvinton
Williamshire Williamshire
Codyton Codyton
Vickiville Vickiville
Mindyview Mindyview
Abigailville Abigailville
Clarenceview Clarenceview
Masseyside Masseyside
Robertomouth Robertomouth
Michaelville Michaelville
Jennifertown Jennifertown
Nealfurt Nealfurt
Harrisborough Harrisborough
Adkinsberg Adkinsberg
Millerborough Millerborough
Shawnfort Shawnfort
Watsonville Watsonville
Abigailhaven Abigailhaven
Smithfort Smithfort
Josephstad Josephstad
Clarkbury Clarkbury
Priceville Priceville
Joneschester Joneschester
Hallborough Hallborough
Thomasborough Thomasborough
