Taylorville Valerietown Stewartberg Foxview Foxview Tinaville Nicholasshire Nicholasshire Steventown Steventown Tinaville Stewartberg Johnmouth Kempshire Grahambury Johnsonside Johnsonside Grahambury Michaelfort Michaelfort Kempshire Manuelhaven Manuelhaven Davidville Davidville Johnmouth Valerietown Weberside Eduardotown Sullivanmouth Michaelville Michaelville Underwoodborough Underwoodborough Sullivanmouth Billyville Billyville Eduardotown Jonesbury Jamestown Nicholefurt Nicholefurt Glasston Glasston Jamestown Lloydton Stephensonburgh Stephensonburgh Smithborough Smithborough Lloydton Jonesbury Weberside Alejandroport Deborahfurt Jacobberg Foleyhaven Foleyhaven Jacobberg Anthonyburgh Martinezfort Ericksonmouth Ericksonmouth Martinezfort Anthonyburgh Deborahfurt Ashleyland Kathyfort Hawkinsland Ayalabury Ayalabury Camposstad Camposstad Hawkinsland Kathyfort Nancymouth Nancymouth Ashleyland Shawnport Callahanfort Callahanfort Mariaview Saraport Underwoodmouth Underwoodmouth Lewisburgh Lewisburgh Saraport Kristenmouth Alexmouth Alexmouth Stevenshire Stevenshire Kristenmouth Mariaview Greggside Greggside Shawnport Alejandroport Taylorville
25
Jamestown Jamestown
Lloydton Lloydton
Lewisburgh Lewisburgh
Alexmouth Alexmouth
Saraport Saraport
Michaelfort Michaelfort
Kristenmouth Kristenmouth
Steventown Steventown
Johnsonside Johnsonside
Grahambury Grahambury
Hawkinsland Hawkinsland
Nicholefurt Nicholefurt
Underwoodmouth Underwoodmouth
Ericksonmouth Ericksonmouth
Foleyhaven Foleyhaven
Martinezfort Martinezfort
Camposstad Camposstad
Glasston Glasston
Nicholasshire Nicholasshire
Underwoodborough Underwoodborough
Stephensonburgh Stephensonburgh
Smithborough Smithborough
Stevenshire Stevenshire
Ayalabury Ayalabury
Michaelville Michaelville
