Hernandezville Joelview Downsville Scottshire Scottshire Richardhaven Tammychester Rebeccaton Rebeccaton Tammychester Richardhaven Williammouth Haasville Haasville Williammouth Downsville Farmerside Ryanton Jasonton Jasonton Williamsmouth Johnstonmouth Johnstonmouth Mcdonaldmouth Adkinsfurt Adkinsfurt Mcdonaldmouth Williamsmouth Ryanton Ralphtown Garciaport Charlesburgh Angelaview Angelaview Charlesburgh Garciaport Stricklandbury Tylermouth Deanstad Deanstad Tylermouth Stricklandbury Youngburgh Youngburgh Ralphtown Gabriellabury Murphyberg Hendersonchester Hendersonchester Murphyberg Courtneyfurt Contrerasland Contrerasland Morrisbury Morrisbury Courtneyfurt Douglasland Douglasland Gabriellabury Farmerside Mitchellchester Lopezmouth Heathermouth Emilymouth Emilymouth Lopezview Robertsfort Robertsfort Lopezview Heathermouth Dixonton Keithton Andrewland Andrewland Aprilstad Aprilstad Keithton Francesmouth Richardville Richardville Francesmouth Dixonton Campbellshire Campbellshire Lopezmouth Sheabury Charlottetown Charlottetown Frosthaven Frosthaven Maysfort Huynhton Huynhton Maysfort Sheabury Mitchellchester Joelview Beckyshire Derekton Wallaceville Turnerfort Turnerfort Morenoside Johnport Johnport Amberfurt Amberfurt Morenoside Wallaceville Wagnerton Williamsfort Williamsfort Simsport Simsport Wagnerton Thomaschester Mcfarlandville Belindamouth Belindamouth Mcfarlandville Josemouth Josemouth Thomaschester Derekton Ponceville Mcculloughchester Jonestown Kellyfort Tinatown Tinatown Pittsland Pittsland Kellyfort Barbarachester Jonesberg Jonesberg Barbarachester Jonestown Crystalchester Smithmouth Robertborough Robertborough Smithmouth Crystalchester Mcculloughchester Bridgesville Riveramouth Martinton Brianland Brianland Deborahfort Deborahfort Martinton Bradshawside Wandaside Wandaside Bradshawside Riveramouth Esparzaberg Kristinbury Allenberg Allenberg Kristinbury Thomasburgh Johnsonmouth Johnsonmouth Sanchezland Sanchezland Thomasburgh Esparzaberg Dennisstad Wilsonburgh Josephton Josephton Harristown Harristown Wilsonburgh Dennisstad Bridgesville Garymouth Larryburgh Larryburgh Camposstad Donaldstad Thomastown Thomastown Donaldstad Williamsville Williamsville Camposstad Christophertown Crystaltown Johnsontown Johnsontown Crystaltown Christophertown Garymouth Ponceville Beckyshire Hernandezville
50
Haasville Haasville
Johnsonmouth Johnsonmouth
Johnstonmouth Johnstonmouth
Allenberg Allenberg
Barbarachester Barbarachester
Pittsland Pittsland
Smithmouth Smithmouth
Tylermouth Tylermouth
Francesmouth Francesmouth
Tinatown Tinatown
Hendersonchester Hendersonchester
Thomasburgh Thomasburgh
Keithton Keithton
Contrerasland Contrerasland
Wilsonburgh Wilsonburgh
Angelaview Angelaview
Deborahfort Deborahfort
Kristinbury Kristinbury
Andrewland Andrewland
Wandaside Wandaside
Morrisbury Morrisbury
Martinton Martinton
Johnport Johnport
Williamsville Williamsville
Mcdonaldmouth Mcdonaldmouth
Robertsfort Robertsfort
Amberfurt Amberfurt
Huynhton Huynhton
Kellyfort Kellyfort
Adkinsfurt Adkinsfurt
Robertborough Robertborough
Crystaltown Crystaltown
Deanstad Deanstad
Harristown Harristown
Josephton Josephton
Sanchezland Sanchezland
Emilymouth Emilymouth
Jonesberg Jonesberg
Johnsontown Johnsontown
Bradshawside Bradshawside
Charlesburgh Charlesburgh
Belindamouth Belindamouth
Aprilstad Aprilstad
Donaldstad Donaldstad
Rebeccaton Rebeccaton
Thomastown Thomastown
Lopezview Lopezview
Richardville Richardville
Tammychester Tammychester
Brianland Brianland
