A0 A1 A2 A3 A4 A5 A6 A7 A8 A9 B0 B1 B2 B3 B4 B5 B6 B7 B8 B9 C0 C1 C2 C3 C4 C5 C6 C7 C8 C9 D0 D1 D2 D3 D4 D5 D6 D7 D8 D9 E0 E1 E2 E3 E4 E5 E6 E7 E8 E9 F0 F1 F2 F3 F4 F5 F6 F7 F8 F9 G0 G1 G2 G3 G4 G5 G6 G7 G8 G9 H0 H1 H2 H3 H4 H5 H6 H7 H8 H9 I0 I1 I2 I3 I4 I5 I6 I7 I8 I9 J0 J1 J2 J3 J4 J5 J6 J7 J8 J9 J9 J8 J7 J6 J5 J4 J3 J2 J1 J0 I9 I8 I7 I6 I5 I4 I3 I2 I1 I0 H9 H8 H7 H6 H5 H4 H3 H2 H1 H0 G9 G8 G7 G6 G5 G4 G3 G2 G1 G0 F9 F8 F7 F6 F5 F4 F3 F2 F1 F0 E9 E8 E7 E6 E5 E4 E3 E2 E1 E0 D9 D8 D7 D6 D5 D4 D3 D2 D1 D0 C9 C8 C7 C6 C5 C4 C3 C2 C1 C0 B9 B8 B7 B6 B5 B4 B3 B2 B1 B0 A9 A8 A7 A6 A5 A4 A3 A2 A1 A0
50
A1 A1
A2 A2
A3 A3
A4 A4
A5 A5
A6 A6
A7 A7
A8 A8
A9 A9
B0 B0
B1 B1
B2 B2
B3 B3
B4 B4
B5 B5
B6 B6
B7 B7
B8 B8
B9 B9
C0 C0
C1 C1
C2 C2
C3 C3
C4 C4
C5 C5
C6 C6
C7 C7
C8 C8
C9 C9
D0 D0
D1 D1
D2 D2
D3 D3
D4 D4
D5 D5
D6 D6
D7 D7
D8 D8
D9 D9
E0 E0
E1 E1
E2 E2
E3 E3
E4 E4
E5 E5
E6 E6
E7 E7
E8 E8
E9 E9
F0 F0
