0 2 1 3 4 5 6 7 8 10 9 11 12 13 14 15 16 17 18 19 20 21 22 23 24 25 27 26 28 31 30 29 32 34 33 36 37 35 38 39 41 40 42 43 45 44 46 47 48 49 51 50 52 53 54 56 57 55 58 59 60 61 62 64 63 65 66 67 68 70 71 72 69 73 74 75 76 77 79 78 80 81 82 83 84 85 86 87 89 88 90 91 92 93 94 96 97 98 95 99 100 101 102 103 104 105 107 106 108 109 110 111 112 113 114 115 117 116 118 119 120 122 121 123 124 125 126 127 128 129 131 130 132 133 134 135 136 138 137 141 139 140 142 143 145 144 146 147 149 148 150 151 152 153 154 155 156 157 158 161 159 160 162 163 164 165 166 167 168 169 170 172 173 171 174 175 176 177 178 179 180 181 184 183 182 185 186 187 188 189 191 190 192 193 195 197 194 196 198 199 199 198 196 194 197 195 193 192 190 191 189 188 187 186 185 182 183 184 181 180 179 178 177 176 175 174 171 173 172 170 169 168 167 166 165 164 163 162 160 159 161 158 157 156 155 154 153 152 151 150 148 149 147 146 144 145 143 142 140 139 141 137 138 136 135 134 133 132 130 131 129 128 127 126 125 124 123 121 122 120 119 118 116 117 115 114 113 112 111 110 109 108 106 107 105 104 103 102 101 100 99 95 98 97 96 94 93 92 91 90 88 89 87 86 85 84 83 82 81 80 78 79 77 76 75 74 73 69 72 71 70 68 67 66 65 63 64 62 61 60 59 58 55 57 56 54 53 52 50 51 49 48 47 46 44 45 43 42 40 41 39 38 35 37 36 33 34 32 29 30 31 28 26 27 25 24 23 22 21 20 19 18 17 16 15 14 13 12 11 9 10 8 7 6 5 4 3 1 2 0
100
0 0
1 1
2 2
3 3
4 4
5 5
6 6
7 7
8 8
9 9
10 10
11 11
12 12
13 13
14 14
15 15
16 16
17 17
18 18
19 19
20 20
21 21
22 22
23 23
24 24
25 25
26 26
27 27
28 28
29 29
30 30
31 31
32 32
33 33
34 34
35 35
36 36
37 37
38 38
39 39
40 40
41 41
42 42
43 43
44 44
45 45
46 46
47 47
48 48
49 49
50 50
51 51
52 52
53 53
54 54
55 55
56 56
57 57
58 58
59 59
60 60
61 61
62 62
63 63
64 64
65 65
66 66
67 67
68 68
69 69
70 70
71 71
72 72
73 73
74 74
75 75
76 76
77 77
78 78
79 79
80 80
81 81
82 82
83 83
84 84
85 85
86 86
87 87
88 88
89 89
90 90
91 91
92 92
93 93
94 94
95 95
96 96
97 97
98 98
99 99
