AY A B D C E G H F L K I O J N P Q M R X Z T AA V U W S AC Y AD AB AE AH AF AK AI AG AJ AM AQ AN AO AS AL AP AR AW AT AU AX AV BB BF BE BA BC BD AZ BH BI BG BJ BK BL BM BN BP BQ BO BS BU BT BR BW BZ BV BX CA CD BY CB CE CF CC CH CI CG CJ CK CL CO CN CM CQ CP CR CS CU CU CV CV CS CT CT CR CP CQ CM CN CO CL CK CJ CG CI CH CC CF CE CB BY CD CA BX BV BZ BW BR BT BU BS BO BQ BP BN BM BL BK BJ BG BI BH AZ BD BC BA BE BF BB AV AX AU AT AW AR AP AL AS AO AN AQ AM AJ AG AI AK AF AH AE AB AD Y AC S W U V AA T Z X R M Q P N J O I K L F H G E C D B A AY
50
B B
F F
H H
I I
O O
P P
Q Q
T T
U U
V V
W W
AA AA
AB AB
AE AE
AH AH
AI AI
AK AK
AM AM
AO AO
AQ AQ
AS AS
AU AU
AV AV
AW AW
AX AX
AY AY
BA BA
BE BE
BF BF
BG BG
BI BI
BJ BJ
BO BO
BP BP
BU BU
BX BX
BZ BZ
CA CA
CC CC
CD CD
CE CE
CF CF
CK CK
CL CL
CM CM
CP CP
CQ CQ
CR CR
CU CU
CV CV
