K A B E C F G I H J M L N D O Q T R P S V X Z AD W U Y AA AE AB AC AH AF AJ AG AI AK AL AM AP AN AQ AR AO AT AS BA AU AX AY AZ AV BB AW BC BG BE BD BH BI BF BL BJ BP BN BM BK BQ BV BR BT BO BU BS BW CB BZ BX CA BY CE CC CD CG CF CJ CO CH CI CL CK CN CU CT CM CQ CR CS CP CV CW DA CX CY CZ DB DC DD DE DH DF DK DG DJ DL DI DM DN DO DR DQ DP DW DS DX DV DY DZ DT EA DU EE EC ED EG EB EF EN EK EH EJ EL EI ER EM EQ EV EP ES EO ET EX EU EW EY FA FB FI FC EZ FD FE FG FH FF FK FJ FO FM FL FN FR FP FQ FS FU FV FT FX FY FW GC GA GE GB FZ GF GD GH GJ GG GI GL GM GK GR GN GP GQ GO GO GQ GP GN GR GK GM GL GI GG GJ GH GD GF FZ GB GE GA GC FW FY FX FT FV FU FS FQ FP FR FN FL FM FO FJ FK FF FH FG FE FD EZ FC FI FB FA EY EW EU EX ET EO ES EP EV EQ EM ER EI EL EJ EH EK EN EF EB EG ED EC EE DU EA DT DZ DY DV DX DS DW DP DQ DR DO DN DM DI DL DJ DG DK DF DH DE DD DC DB CZ CY CX DA CW CV CP CS CR CQ CM CT CU CN CK CL CI CH CO CJ CF CG CD CC CE BY CA BX BZ CB BW BS BU BO BT BR BV BQ BK BM BN BP BJ BL BF BI BH BD BE BG BC AW BB AV AZ AY AX AU BA AS AT AO AR AQ AN AP AM AL AK AI AG AJ AF AH AC AB AE AA Y U W AD Z X V S P R T Q O D N L M J H I G F C E B A K
100
B B
G G
I I
L L
M M
P P
R R
T T
U U
V V
X X
Y Y
Z Z
AB AB
AF AF
AG AG
AH AH
AJ AJ
AM AM
AN AN
AS AS
AW AW
AX AX
BA BA
BB BB
BE BE
BF BF
BG BG
BI BI
BJ BJ
BL BL
BO BO
BP BP
BQ BQ
BR BR
BX BX
BY BY
CB CB
CE CE
CF CF
CJ CJ
CK CK
CM CM
CQ CQ
CT CT
CW CW
CY CY
DB DB
DC DC
DG DG
DH DH
DI DI
DK DK
DP DP
DR DR
DS DS
DV DV
DX DX
DZ DZ
EA EA
EC EC
ED ED
EG EG
EH EH
EJ EJ
EK EK
EL EL
EM EM
EN EN
EO EO
EQ EQ
EU EU
EV EV
EZ EZ
FD FD
FE FE
FG FG
FH FH
FI FI
FJ FJ
FM FM
FO FO
FP FP
FR FR
FS FS
FU FU
FV FV
FX FX
FZ FZ
GC GC
GD GD
GE GE
GF GF
GG GG
GI GI
GJ GJ
GK GK
GL GL
GO GO
GR GR
