fmdhlepsteinstdnkill epsteindlsfdntmkillh stepsteinhkillfmnldd lnsmkilltfdepsteindh lhsepsteindtdnmkillf fhndskillepsteintldm ftmnsldepsteinkillhd hsdfepsteintlnkilldm ftmnsldepsteinkillhd dfslntkillmepsteindh epsteintdkilllnfdhms killdmnsfhldepsteint msfltdkillnepsteinhd fddsepsteinhnlkilltm ddtmkillepsteinflsnh hepsteinsddnfkillmlt nkilltdhlmdepsteinsf hepsteinsddnfkillmlt lthfkilldnsmepsteind epsteinskilldlndhmtf fdshnmkillepsteinltd killnsfmhdepsteindtl nfdhkilllsmtepsteind dfkilllmtepsteinhdsn tdfepsteinnlhdkillsm epsteinmhndfkilltdls hsdlepsteinmnkilldft hsndepsteindlmtkillf lndsdkilltmepsteinhf fshtdepsteinmldnkill dmepsteinfnhltkillsd epsteinkillmsftnddlh fkillepsteindlhdnsmt nltdmsfepsteinkilldh hnfdtmlepsteinkillds hdepsteinskillldtnfm tmsdnfdlkillhepstein lhepsteinkilldtnmfsd tmsdnfdlkillhepstein mftkillepsteinndlhsd dnkillepsteinlshdtfm lmhdtfdepsteinnkills ndkillftdsmepsteinlh dhkilllsepsteinmntdf killepsteinlhtfdsmdn epsteinlshkilldnfdmt flepsteindndhmtkills dlnsthfmepsteinkilld epsteindfhlmdnskillt fmsepsteindntldhkill tlmsdhdnkillfepstein lsdepsteinfmkillndth tlmsdhdnkillfepstein tmlepsteinsdnfkillhd hmfnddkillepsteinslt ntlepsteindmfdshkill killmlepsteindthnfsd fepsteinhsntddkilllm ddlmnftepsteinhskill tlsfdmdepsteinnhkill epsteinfsddmthkillnl dhepsteindsnlkillfmt epsteinfsddmthkillnl hnsdkilllftdmepstein nepsteinlmdkilldhfts epsteinkillnmsdhtdlf fkillepsteinmldnhstd depsteinnlsfmhtkilld nmlfshtdkillepsteind ddepsteinhltfkillsmn nhmkilllsftepsteindd fmdhlepsteinstdnkill
46
msfltdkillnepsteinhd msfltdkillnepsteinhd
nfdhkilllsmtepsteind nfdhkilllsmtepsteind
epsteindlsfdntmkillh epsteindlsfdntmkillh
nltdmsfepsteinkilldh epsteinkillmsftnddlh nltdmsfepsteinkilldh
dmepsteinfnhltkillsd dmepsteinfnhltkillsd
fdshnmkillepsteinltd fdshnmkillepsteinltd
fmsepsteindntldhkill fmsepsteindntldhkill
tmlepsteinsdnfkillhd tmlepsteinsdnfkillhd
killdmnsfhldepsteint killdmnsfhldepsteint
lnsmkilltfdepsteindh lnsmkilltfdepsteindh
hdepsteinskillldtnfm hdepsteinskillldtnfm
dnkillepsteinlshdtfm dnkillepsteinlshdtfm
killnsfmhdepsteindtl killnsfmhdepsteindtl
tlsfdmdepsteinnhkill tlsfdmdepsteinnhkill
dhkilllsepsteinmntdf killepsteinlhtfdsmdn dhkilllsepsteinmntdf
epsteintdkilllnfdhms epsteintdkilllnfdhms
ntlepsteindmfdshkill ntlepsteindmfdshkill
epsteindfhlmdnskillt epsteindfhlmdnskillt
depsteinnlsfmhtkilld depsteinnlsfmhtkilld
nhmkilllsftepsteindd nhmkilllsftepsteindd
lsdepsteinfmkillndth lsdepsteinfmkillndth tlmsdhdnkillfepstein
fshtdepsteinmldnkill fshtdepsteinmldnkill
flepsteindndhmtkills flepsteindndhmtkills
hepsteinsddnfkillmlt ddtmkillepsteinflsnh hepsteinsddnfkillmlt
lndsdkilltmepsteinhf lndsdkilltmepsteinhf
nepsteinlmdkilldhfts nepsteinlmdkilldhfts
ndkillftdsmepsteinlh ndkillftdsmepsteinlh
hsndepsteindlmtkillf hsndepsteindlmtkillf
mftkillepsteinndlhsd mftkillepsteinndlhsd
lmhdtfdepsteinnkills lmhdtfdepsteinnkills
dhepsteindsnlkillfmt dhepsteindsnlkillfmt
fepsteinhsntddkilllm fepsteinhsntddkilllm
lhepsteinkilldtnmfsd lhepsteinkilldtnmfsd
hsdfepsteintlnkilldm hsdfepsteintlnkilldm
dlnsthfmepsteinkilld dlnsthfmepsteinkilld
stepsteinhkillfmnldd stepsteinhkillfmnldd
epsteinskilldlndhmtf epsteinskilldlndhmtf
hnfdtmlepsteinkillds hnfdtmlepsteinkillds
nkilltdhlmdepsteinsf nkilltdhlmdepsteinsf
fhndskillepsteintldm fhndskillepsteintldm
dfkilllmtepsteinhdsn dfkilllmtepsteinhdsn
epsteinlshkilldnfdmt epsteinlshkilldnfdmt
killmlepsteindthnfsd killmlepsteindthnfsd
ddlmnftepsteinhskill ddlmnftepsteinhskill
epsteinmhndfkilltdls epsteinmhndfkilltdls
hnsdkilllftdmepstein hnsdkilllftdmepstein
