dldkilltnmhfepsteins lmkillepsteintsndfhd ndshkilldmlepsteinft killmdshdtnflepstein tsmdepsteinkillhfdln killfthnmsdlepsteind sfdnepsteinhlkilldtm nfltdmkillsdepsteinh lsmftnepsteinkillhdd sfdntlkilldhmepstein ltnhmdepsteinfdskill killepsteinfdlhdtnms sldnhepsteinftkilldm tldkillhsfnmepsteind lnepsteintdfmdshkill epsteinhnkillsldfdmt tmfdhepsteinnslkilld fmltddhnepsteinskill epsteintfhndkilllmsd tdkillepsteinsmhdfnl killshdlmftnepsteind ndkillthdepsteinlsmf dkillnmsfhtlepsteind fdskillndtmepsteinlh hepsteinnfmtlkilldds shdepsteinftkillnlmd fthlkillnepsteindsdm depsteinftndhmkillsl dhkillldsepsteintnmf tldmepsteindkillfhsn nlsdepsteinkilltfhdm fkillepsteinndmdlhts skillthlfndepsteindm killsepsteindmtflhnd ldhtdkillepsteinfsmn fhdmnepsteindkillslt ntmdhepsteinsdkillfl fddsmepsteintnkillhl dhsepsteintlkillmfnd lepsteindnhstfdmkill killmfndshdtepsteinl killtdmsdfhnepsteinl dlshdtepsteinnkillfm tdnfmdhepsteinslkill nmkilldepsteinhtldsf fstnepsteinmdldhkill lkillepsteintdshmfnd hdmndfepsteinstkilll killmdepsteinftshldn dnkilllmdstfepsteinh lsdfndepsteinmkillht fdmhkilllepsteintnsd mkilldlshdtfepsteinn tnfslmepsteinkillddh epsteinshlkilldmnfdt killldsfhnepsteindmt shepsteinnkillftlddm msepsteintlhnfkilldd mdkillntepsteindfhsl killdldepsteinmfsthn hdkillsndtepsteinmlf killdepsteinmfltdshn ldepsteinhmfnkillsdt mdkillnlsdtepsteinhf nftmskilldldepsteinh tepsteinkilldflhnmsd dmhdepsteinfsltkilln msddkilllthepsteinfn dlfdkilltepsteinhnms epsteinfthkilldnslmd smtepsteinkilldfnhdl killmsfhdtlndepstein killhtdmdlnsfepstein sndldftmkillepsteinh nepsteindhkillltmsfd ddkillnftsmhepsteinl tkilllepsteinfsnhmdd killtdslhfdepsteinnm slepsteinkillfmddhtn stmlepsteindnkilldfh dsftepsteindhkillmnl sdlhfnmdepsteintkill mltdhfdepsteinkillsn epsteindmshtfldnkill hsepsteinfkillnmddtl nmdhepsteinkilltfsld fsepsteindkillhmtdln dkillnmhldstfepstein mndtkillepsteindlfhs dftkillhmldnepsteins killfsdhmndepsteintl dfkillhepsteintdsmln dfkillhepsteintdsmln dflstmkillepsteindhn lntkillepsteinfsddhm epsteinkillddfnthslm shfnmltepsteindkilld sdndhepsteinltkillfm dkillfepsteinnhdmtls ltfnsdhepsteinkilldm tepsteinmdfldhnskill tepsteinmdfldhnskill sldhnfmtdkillepstein tdfkillslepsteinhdmn depsteinfmkillhdsnlt fhnmkillepsteinsdltd smkillnepsteinfldthd smkillnfdhepsteindlt sdnmepsteinkilldfhlt mhdfsepsteintdkillln tlkillmnsddhfepstein ddmstlnkillfepsteinh ddmstlnkillfepsteinh dflhnepsteinsmdtkill fmtnkilldepsteindhsl nsepsteinfmdkillhldt hnskillepsteintfdmld hnsepsteinmkillfddtl dhtepsteinkillsdflmn hfskilldepsteinmndlt killhdfnsepsteinmltd epsteinfsltkillnhddm nepsteinfthdldmkills sdepsteinhlmnkillfdt mshkillltdepsteinfdn ldepsteindhkilltsmfn mfndlsdepsteinhkillt hddtnsmfkillepsteinl hndsmfkilltldepstein mlepsteindkillsfhtdn fdstmndepsteinlkillh thdlskillnfdmepstein dfkilllepsteinsnmhtd hlfdskilldnepsteintm lmtsnfddepsteinkillh lkilldtnmsepsteindfh hepsteinnfdmlsdtkill epsteinkillstmfnhldd dkillldfepsteintsmnh hdepsteinkillnfdlmts thnkillmddsepsteinfl epsteinldtnfmshdkill fepsteinnsdkillhdtml skillmfepsteinthddnl mlepsteinskilldnftdh epsteintkillhndlfmds dtnkillsepsteinmdfhl sepsteindhmnltkillfd epsteinlmkillfshnddt killfsdndhtmepsteinl mkillthfdlnepsteinds dtsmdnlhfepsteinkill fmhlnkilldepsteindst fdmtdepsteinkilllsnh dnldkillhmfstepstein fnkillddmtepsteinshl fnkillddmtepsteinshl epsteinhdkillltsmfdn epsteinhdkillltsmfdn dmtlsfhnkilldepstein hnddkilltslmfepstein lepsteindsmnhftdkill sdltmfepsteinhkilldn sdltmfepsteinhkilldn lepsteindsmnhftdkill killtepsteinddhlmnsf tndskilldfepsteinmhl fhkillddlnmtsepstein hdntepsteinkilllsdfm mhkillepsteinddlfsnt epsteinsnmflhtdkilld slmdtkillepsteindnhf lepsteinkilldhfmstnd lepsteinkilldhfmstnd dkillnsepsteinfdmthl nmkilllepsteintdsdfh hmndfkillslepsteintd stmepsteinkillnhddlf killlhstfdepsteinnmd smfhndepsteinkillltd mkillldnhepsteinstfd mkillldnhepsteinstfd smfhndepsteinkillltd lhsntdepsteindkillmf killthsepsteindmlfdn fhmlstdndkillepstein killfhdndtlepsteinsm lhepsteintndkilldsmf depsteinlfnmkilldsht depsteinlfnmkilldsht depsteinslkillhdftmn nkillddfthsmepsteinl dlmstkilldhfepsteinn hmdkilllnepsteinfsdt lkillfthdsepsteindnm dmldfhskillntepstein dmldfhskillntepstein depsteintkilllnmsfdh killndmdtepsteinfhsl killndmdtepsteinfhsl hepsteinntdkillsdmfl hepsteinntdkillsdmfl depsteintkilllnmsfdh lkillfthdsepsteindnm hmdkilllnepsteinfsdt dlmstkilldhfepsteinn nkillddfthsmepsteinl depsteinslkillhdftmn lhepsteintndkilldsmf killfhdndtlepsteinsm fhmlstdndkillepstein killthsepsteindmlfdn lhsntdepsteindkillmf killlhstfdepsteinnmd stmepsteinkillnhddlf hmndfkillslepsteintd mdkilllfdnstepsteinh mdkilllfdnstepsteinh nmkilllepsteintdsdfh dkillnsepsteinfdmthl slmdtkillepsteindnhf epsteinsnmflhtdkilld mhkillepsteinddlfsnt hdntepsteinkilllsdfm mhdskillldftnepstein dhmkillfdltnsepstein hkilllepsteinnstfddm epsteindkilltlmnhsfd epsteindkilltlmnhsfd hkilllepsteinnstfddm dhmkillfdltnsepstein mhdskillldftnepstein fhkillddlnmtsepstein tndskilldfepsteinmhl killtepsteinddhlmnsf hnddkilltslmfepstein dmtlsfhnkilldepstein dnldkillhmfstepstein dfdepsteintlnskillhm dfdepsteintlnskillhm fdmtdepsteinkilllsnh fmhlnkilldepsteindst dtsmdnlhfepsteinkill mkillthfdlnepsteinds killfsdndhtmepsteinl epsteinlmkillfshnddt sepsteindhmnltkillfd dtnkillsepsteinmdfhl epsteintkillhndlfmds mlepsteinskilldnftdh skillmfepsteinthddnl fepsteinnsdkillhdtml tepsteinhsdkillmldfn tepsteinhsdkillmldfn epsteinldtnfmshdkill thnkillmddsepsteinfl hdepsteinkillnfdlmts ldfsmnepsteinkilltdh ldfsmnepsteinkilltdh killldepsteinthsnfmd killldepsteinthsnfmd dkillldfepsteintsmnh epsteinkillstmfnhldd hepsteinnfdmlsdtkill lkilldtnmsepsteindfh lmtsnfddepsteinkillh hlfdskilldnepsteintm dfkilllepsteinsnmhtd thdlskillnfdmepstein fdstmndepsteinlkillh mlepsteindkillsfhtdn hndsmfkilltldepstein hddtnsmfkillepsteinl mfndlsdepsteinhkillt ldepsteindhkilltsmfn mshkillltdepsteinfdn sdepsteinhlmnkillfdt nepsteinfthdldmkills epsteinfsltkillnhddm killhdfnsepsteinmltd hfskilldepsteinmndlt dhtepsteinkillsdflmn hnsepsteinmkillfddtl hnskillepsteintfdmld nsepsteinfmdkillhldt fmtnkilldepsteindhsl dflhnepsteinsmdtkill tlkillmnsddhfepstein hkillepsteindtsfmlnd hkillepsteindtsfmlnd mhdfsepsteintdkillln sdnmepsteinkilldfhlt smkillnfdhepsteindlt smkillnepsteinfldthd fhnmkillepsteinsdltd depsteinfmkillhdsnlt tsdnhkilllmepsteindf tsdnhkilllmepsteindf tdfkillslepsteinhdmn sldhnfmtdkillepstein ltfnsdhepsteinkilldm dkillfepsteinnhdmtls sdndhepsteinltkillfm shfnmltepsteindkilld epsteinkillddfnthslm epsteinmlddnsfhkillt epsteinmlddnsfhkillt lntkillepsteinfsddhm dflstmkillepsteindhn killfsdhmndepsteintl dftkillhmldnepsteins mndtkillepsteindlfhs dkillnmhldstfepstein fsepsteindkillhmtdln nmdhepsteinkilltfsld hsepsteinfkillnmddtl epsteindmshtfldnkill mltdhfdepsteinkillsn sdlhfnmdepsteintkill dsftepsteindhkillmnl stmlepsteindnkilldfh slepsteinkillfmddhtn killtdslhfdepsteinnm tkilllepsteinfsnhmdd ddkillnftsmhepsteinl nepsteindhkillltmsfd sndldftmkillepsteinh killhtdmdlnsfepstein killmsfhdtlndepstein smtepsteinkilldfnhdl epsteinfthkilldnslmd dlfdkilltepsteinhnms msddkilllthepsteinfn dmhdepsteinfsltkilln tepsteinkilldflhnmsd nftmskilldldepsteinh mdkillnlsdtepsteinhf ldepsteinhmfnkillsdt killdepsteinmfltdshn hdkillsndtepsteinmlf killdldepsteinmfsthn mdkillntepsteindfhsl msepsteintlhnfkilldd shepsteinnkillftlddm killldsfhnepsteindmt epsteinshlkilldmnfdt tnfslmepsteinkillddh mkilldlshdtfepsteinn fdmhkilllepsteintnsd lsdfndepsteinmkillht dnkilllmdstfepsteinh killmdepsteinftshldn hdmndfepsteinstkilll lkillepsteintdshmfnd fstnepsteinmdldhkill nmkilldepsteinhtldsf tdnfmdhepsteinslkill dlshdtepsteinnkillfm killtdmsdfhnepsteinl killmfndshdtepsteinl lepsteindnhstfdmkill dhsepsteintlkillmfnd fddsmepsteintnkillhl ntmdhepsteinsdkillfl fhdmnepsteindkillslt ldhtdkillepsteinfsmn killsepsteindmtflhnd skillthlfndepsteindm fkillepsteinndmdlhts nlsdepsteinkilltfhdm tldmepsteindkillfhsn dhkillldsepsteintnmf depsteinftndhmkillsl fthlkillnepsteindsdm shdepsteinftkillnlmd hepsteinnfmtlkilldds fdskillndtmepsteinlh dkillnmsfhtlepsteind ndkillthdepsteinlsmf killshdlmftnepsteind tdkillepsteinsmhdfnl epsteintfhndkilllmsd fmltddhnepsteinskill tmfdhepsteinnslkilld epsteinhnkillsldfdmt lnepsteintdfmdshkill tldkillhsfnmepsteind sldnhepsteinftkilldm killepsteinfdlhdtnms ltnhmdepsteinfdskill sfdntlkilldhmepstein lsmftnepsteinkillhdd nfltdmkillsdepsteinh sfdnepsteinhlkilldtm killfthnmsdlepsteind tsmdepsteinkillhfdln killmdshdtnflepstein ndshkilldmlepsteinft lmkillepsteintsndfhd dldkilltnmhfepsteins
100
dlfdkilltepsteinhnms dlfdkilltepsteinhnms
sdndhepsteinltkillfm sdndhepsteinltkillfm
tldkillhsfnmepsteind tldkillhsfnmepsteind
mdkillntepsteindfhsl mdkillntepsteindfhsl
mdkillnlsdtepsteinhf mdkillnlsdtepsteinhf
tsdnhkilllmepsteindf tsdnhkilllmepsteindf
tsmdepsteinkillhfdln tsmdepsteinkillhfdln
dhsepsteintlkillmfnd dhsepsteintlkillmfnd
fhdmnepsteindkillslt fhdmnepsteindkillslt
epsteintfhndkilllmsd epsteintfhndkilllmsd
fdskillndtmepsteinlh fdskillndtmepsteinlh
killhdfnsepsteinmltd killhdfnsepsteinmltd
killtdmsdfhnepsteinl killtdmsdfhnepsteinl
fmltddhnepsteinskill fmltddhnepsteinskill
fddsmepsteintnkillhl fddsmepsteintnkillhl
lepsteinkilldhfmstnd lepsteinkilldhfmstnd
lkilldtnmsepsteindfh lkilldtnmsepsteindfh
killmfndshdtepsteinl killmfndshdtepsteinl
mkillthfdlnepsteinds mkillthfdlnepsteinds
mdkilllfdnstepsteinh mdkilllfdnstepsteinh
fhnmkillepsteinsdltd fhnmkillepsteinsdltd
msepsteintlhnfkilldd msepsteintlhnfkilldd
fdmtdepsteinkilllsnh fdmtdepsteinkilllsnh
slepsteinkillfmddhtn slepsteinkillfmddhtn
dmtlsfhnkilldepstein dmtlsfhnkilldepstein
sdlhfnmdepsteintkill sdlhfnmdepsteintkill
hepsteinnfdmlsdtkill hepsteinnfdmlsdtkill
ndkillthdepsteinlsmf ndkillthdepsteinlsmf
dkillnmhldstfepstein dkillnmhldstfepstein
lkillepsteintdshmfnd lkillepsteintdshmfnd
lmkillepsteintsndfhd lmkillepsteintsndfhd
shfnmltepsteindkilld shfnmltepsteindkilld
mhkillepsteinddlfsnt mhkillepsteinddlfsnt
msddkilllthepsteinfn msddkilllthepsteinfn
lhsntdepsteindkillmf lhsntdepsteindkillmf
epsteinsnmflhtdkilld epsteinsnmflhtdkilld
dtsmdnlhfepsteinkill dtsmdnlhfepsteinkill
ldepsteindhkilltsmfn ldepsteindhkilltsmfn
depsteinftndhmkillsl depsteinftndhmkillsl
dfdepsteintlnskillhm dfdepsteintlnskillhm
depsteinlfnmkilldsht depsteinlfnmkilldsht
tndskilldfepsteinmhl tndskilldfepsteinmhl
killhtdmdlnsfepstein killhtdmdlnsfepstein
dmldfhskillntepstein dmldfhskillntepstein
fsepsteindkillhmtdln fsepsteindkillhmtdln
epsteinfthkilldnslmd epsteinfthkilldnslmd
skillmfepsteinthddnl skillmfepsteinthddnl
killfthnmsdlepsteind killfthnmsdlepsteind
epsteinhdkillltsmfdn epsteinhdkillltsmfdn
hepsteinntdkillsdmfl hepsteinntdkillsdmfl
depsteintkilllnmsfdh depsteintkilllnmsfdh
mhdskillldftnepstein mhdskillldftnepstein
hmdkilllnepsteinfsdt hmdkilllnepsteinfsdt
dlshdtepsteinnkillfm dlshdtepsteinnkillfm
ltfnsdhepsteinkilldm ltfnsdhepsteinkilldm
nfltdmkillsdepsteinh nfltdmkillsdepsteinh
tepsteinhsdkillmldfn tepsteinhsdkillmldfn
killdepsteinmfltdshn killdepsteinmfltdshn
mkillldnhepsteinstfd mkillldnhepsteinstfd
tdfkillslepsteinhdmn tdfkillslepsteinhdmn
killtdslhfdepsteinnm killtdslhfdepsteinnm
hnsepsteinmkillfddtl hnsepsteinmkillfddtl
hsepsteinfkillnmddtl hsepsteinfkillnmddtl
fmtnkilldepsteindhsl fmtnkilldepsteindhsl
tdkillepsteinsmhdfnl tdkillepsteinsmhdfnl
nftmskilldldepsteinh nftmskilldldepsteinh
sldhnfmtdkillepstein sldhnfmtdkillepstein
sndldftmkillepsteinh sndldftmkillepsteinh
hmndfkillslepsteintd hmndfkillslepsteintd
killthsepsteindmlfdn killthsepsteindmlfdn
dtnkillsepsteinmdfhl dtnkillsepsteinmdfhl
killtepsteinddhlmnsf killtepsteinddhlmnsf
lepsteindnhstfdmkill lepsteindnhstfdmkill
dhmkillfdltnsepstein dhmkillfdltnsepstein
nmdhepsteinkilltfsld nmdhepsteinkilltfsld
epsteinldtnfmshdkill epsteinldtnfmshdkill
thdlskillnfdmepstein thdlskillnfdmepstein
killdldepsteinmfsthn killdldepsteinmfsthn
ldfsmnepsteinkilltdh ldfsmnepsteinkilltdh
mkilldlshdtfepsteinn mkilldlshdtfepsteinn
epsteinlmkillfshnddt epsteinlmkillfshnddt
tepsteinmdfldhnskill tepsteinmdfldhnskill
lsmftnepsteinkillhdd lsmftnepsteinkillhdd
depsteinslkillhdftmn depsteinslkillhdftmn
dkillnmsfhtlepsteind dkillnmsfhtlepsteind
epsteindkilltlmnhsfd epsteindkilltlmnhsfd
ntmdhepsteinsdkillfl ntmdhepsteinsdkillfl
skillthlfndepsteindm skillthlfndepsteindm
dnldkillhmfstepstein dnldkillhmfstepstein
epsteinhnkillsldfdmt epsteinhnkillsldfdmt
nepsteindhkillltmsfd nepsteindhkillltmsfd
ndshkilldmlepsteinft ndshkilldmlepsteinft
dhtepsteinkillsdflmn dhtepsteinkillsdflmn
lhepsteintndkilldsmf lhepsteintndkilldsmf
mndtkillepsteindlfhs mndtkillepsteindlfhs
epsteindmshtfldnkill epsteindmshtfldnkill
dflstmkillepsteindhn dflstmkillepsteindhn
hnskillepsteintfdmld hnskillepsteintfdmld
dfkilllepsteinsnmhtd dfkilllepsteinsnmhtd
thnkillmddsepsteinfl thnkillmddsepsteinfl
