tepsteinfdkilldlmhns nlhtdsdepsteinfmkill ndlmhepsteintdskillf hepsteinnfstkilllmdd ldnmepsteinhfstdkill nfdhepsteinltsdmkill lepsteinfdkillsdnmht dhlepsteindkillsmtnf mfskillnhlddtepstein fnlskillhtepsteindmd mddnepsteinkillfltsh killepsteintdldshfnm nkillsdtdhfmlepstein hldmepsteindsnkilltf dmfndhstkillepsteinl hkillmepsteinstdfdnl msnepsteinfkillhtdld epsteinhsnftkilldlmd thsfnmkilldlepsteind tskillepsteinhfmddnl dnhdskillepsteinmltf snldmtkillfepsteindh nmhdkilltslepsteinfd thmepsteinlkillfsndd slepsteinftndkillmdh hdepsteinsmdtnflkill hfskillnepsteinldtdm dfnlmskillthepsteind htskillepsteindnlfdm sltkillfndepsteinmhd depsteinkillsfmnldth killtdnfsdhmlepstein ndlepsteinhdtskillfm epsteinthsdmndkillfl depsteinhskillmflndt dtepsteindnhmskillfl fnmhskilldepsteinltd fnmhskilldepsteinltd nepsteinkillfmstdlhd nepsteinkillfmstdlhd dtepsteindnhmskillfl depsteinhskillmflndt epsteinthsdmndkillfl ndlepsteinhdtskillfm smldnkilldepsteinfht fhntdkillmepsteinsld hdldfepsteinntsmkill hdldfepsteinntsmkill tmhsnfepsteinldkilld hndtldfmkillepsteins hndtldfmkillepsteins tmhsnfepsteinldkilld fhntdkillmepsteinsld smldnkilldepsteinfht killtdnfsdhmlepstein ntepsteinsldkillhmdf ntepsteinsldkillhmdf hdkillfmtslndepstein hdkillfmtslndepstein killnfhdsdltepsteinm killnfhdsdltepsteinm depsteinkillsfmnldth skilldnmlhdftepstein skilldnmlhdftepstein sltkillfndepsteinmhd htskillepsteindnlfdm dfnlmskillthepsteind hfskillnepsteinldtdm hdepsteinsmdtnflkill epsteinsdfmhltkillnd epsteinsdfmhltkillnd slepsteinftndkillmdh thmepsteinlkillfsndd nmhdkilltslepsteinfd ftdmlhkilldepsteinsn ftdmlhkilldepsteinsn snldmtkillfepsteindh dnhdskillepsteinmltf tskillepsteinhfmddnl thsfnmkilldlepsteind epsteinhsnftkilldlmd msnepsteinfkillhtdld hkillmepsteinstdfdnl dmfndhstkillepsteinl hldmepsteindsnkilltf nkillsdtdhfmlepstein killepsteintdldshfnm mddnepsteinkillfltsh fnlskillhtepsteindmd epsteindsmnlfdtkillh epsteindsmnlfdtkillh mfskillnhlddtepstein dhlepsteindkillsmtnf lepsteinfdkillsdnmht nfdhepsteinltsdmkill ldnmepsteinhfstdkill hepsteinnfstkilllmdd ndlmhepsteintdskillf nlhtdsdepsteinfmkill tepsteinfdkilldlmhns
25
nkillsdtdhfmlepstein nkillsdtdhfmlepstein
skilldnmlhdftepstein skilldnmlhdftepstein
killepsteintdldshfnm killepsteintdldshfnm
htskillepsteindnlfdm htskillepsteindnlfdm
nlhtdsdepsteinfmkill nlhtdsdepsteinfmkill
thmepsteinlkillfsndd thmepsteinlkillfsndd
fnmhskilldepsteinltd fnmhskilldepsteinltd
hldmepsteindsnkilltf hldmepsteindsnkilltf
snldmtkillfepsteindh snldmtkillfepsteindh
epsteindsmnlfdtkillh epsteindsmnlfdtkillh
ndlmhepsteintdskillf ndlmhepsteintdskillf
epsteinthsdmndkillfl epsteinthsdmndkillfl
lepsteinfdkillsdnmht lepsteinfdkillsdnmht
fnlskillhtepsteindmd fnlskillhtepsteindmd
nfdhepsteinltsdmkill nfdhepsteinltsdmkill
hepsteinnfstkilllmdd hepsteinnfstkilllmdd
killnfhdsdltepsteinm killnfhdsdltepsteinm
hkillmepsteinstdfdnl hkillmepsteinstdfdnl
ndlepsteinhdtskillfm ndlepsteinhdtskillfm
epsteinsdfmhltkillnd epsteinsdfmhltkillnd
tskillepsteinhfmddnl tskillepsteinhfmddnl
hdepsteinsmdtnflkill hdepsteinsmdtnflkill
msnepsteinfkillhtdld msnepsteinfkillhtdld
dhlepsteindkillsmtnf dhlepsteindkillsmtnf
tmhsnfepsteinldkilld tmhsnfepsteinldkilld
