149 000 001 002 003 013 014 004 005 006 015 024 023 022 032 033 034 034 043 042 042 044 031 031 036 037 038 028 027 018 019 009 008 007 016 017 017 026 025 035 035 025 026 016 007 008 009 029 029 019 018 027 039 048 047 046 045 045 046 047 049 049 048 039 028 038 037 041 030 020 010 010 021 011 011 012 012 021 020 040 040 030 041 036 044 043 033 032 022 023 024 015 006 005 004 014 013 003 002 001 000 060 051 050 053 054 055 055 059 057 058 056 052 061 061 052 066 066 056 058 057 059 062 070 067 069 069 067 071 068 068 071 070 062 063 064 064 065 065 072 073 074 075 076 077 078 079 079 083 083 078 082 082 077 080 080 081 081 076 075 085 085 086 084 088 087 089 089 087 088 084 086 074 073 072 090 091 092 093 094 098 095 096 097 099 099 097 096 095 098 094 093 092 091 090 063 054 053 050 051 060 100 101 102 103 104 120 119 116 107 106 105 108 113 112 110 109 111 111 109 110 112 113 145 114 115 117 126 122 121 124 123 125 139 144 142 140 141 141 140 143 143 142 144 139 125 135 134 130 127 118 118 128 129 129 128 131 131 132 133 133 132 127 130 134 136 137 137 138 138 136 135 123 124 121 122 126 117 115 114 146 148 147 147 148 146 145 108 105 106 107 116 119 120 104 103 102 101 100 149
36
006 006
026 026
031 031
037 037
048 048
050 050
053 053
054 054
056 056
059 059
060 060
064 064
065 065
066 066
067 067
068 068
069 069
078 078
079 079
080 080
081 081
083 083
085 085
086 086
088 088
089 089
091 091
096 096
097 097
103 103
104 104
111 111
115 115
123 123
126 126
142 142
