60 00 01 02 03 13 14 04 05 06 15 24 23 22 32 33 34 34 43 42 42 44 31 31 36 37 38 28 27 18 19 09 08 07 16 17 17 26 25 35 35 25 26 16 07 08 09 29 29 19 18 27 39 48 47 46 45 45 46 47 49 49 48 39 28 38 37 41 30 20 10 10 21 11 11 12 12 21 20 40 40 30 41 36 44 43 33 32 22 23 24 15 06 05 04 14 13 03 02 01 00 51 50 53 54 55 55 59 57 58 56 52 61 61 52 66 66 56 58 57 59 62 70 67 69 69 67 71 68 68 71 70 62 63 64 64 65 65 72 73 74 75 76 77 78 79 79 83 83 78 82 82 77 80 80 81 81 76 75 85 85 86 84 88 87 89 89 87 88 84 86 74 73 72 90 91 92 93 94 98 95 96 97 99 99 97 96 95 98 94 93 92 91 90 63 54 53 50 51 60
29
06 06
26 26
31 31
37 37
48 48
50 50
53 53
54 54
56 56
59 59
60 60
64 64
65 65
66 66
67 67
68 68
69 69
78 78
79 79
80 80
81 81
83 83
85 85
86 86
88 88
89 89
91 91
96 96
97 97
