BatonRouge Aberdeen Abilene Albany Allentown Albuquerque Alexandria Amarillo Akron Anchorage Antioch Arlington Anaheim AnnArbor Austin AppleValley Appleton Arvada Asheville Athens Atlanta AtlanticCity Augusta Aurora Bakersfield Baltimore Barnstable Berkeley Bellevue Beaumont BelAir Billings Birmingham Bloomington Boise Bethlehem BoiseCity Boston Boulder BonitaSprings Bradenton Bridgeport Brighton Bremerton Brownsville Bryan Buffalo Burbank Cambridge Cambridge Burbank Buffalo Bryan Brownsville Burlington Burlington Bremerton Brighton Bridgeport Bradenton BonitaSprings Boulder Boston BoiseCity Bethlehem Boise Bloomington Birmingham Billings BelAir Beaumont Bellevue Berkeley Barnstable Baltimore Bakersfield Aurora Augusta AtlanticCity Atlanta Athens Asheville Arvada Appleton AppleValley Austin AnnArbor Anaheim Arlington Antioch Anchorage Akron Amarillo Alexandria Albuquerque Allentown Albany Abilene Aberdeen BatonRouge
25
Aberdeen Aberdeen
Abilene Abilene
Albany Albany
Albuquerque Albuquerque
Amarillo Amarillo
Anchorage Anchorage
AnnArbor AnnArbor
Arvada Arvada
Atlanta Atlanta
AtlanticCity AtlanticCity
Aurora Aurora
Barnstable Barnstable
BatonRouge BatonRouge
Beaumont Beaumont
Berkeley Berkeley
Bethlehem Bethlehem
Birmingham Birmingham
BoiseCity BoiseCity
Boston Boston
Boulder Boulder
Bradenton Bradenton
Bryan Bryan
Buffalo Buffalo
Burbank Burbank
Cambridge Cambridge
