CorpusChristi Abilene Aberdeen Akron Albany Albuquerque Amarillo Alexandria Allentown Anaheim AnnArbor Antioch Anchorage AppleValley Arvada Arlington Atlanta Asheville Appleton AtlanticCity Athens Bakersfield Augusta Aurora Austin Beaumont Baltimore Barnstable BatonRouge Bellevue BelAir Berkeley Birmingham Bethlehem Billings Bloomington Boise BoiseCity BonitaSprings Boston Boulder Bradenton Bremerton Bridgeport Brighton Brownsville Bryan Buffalo Burbank Canton Burlington Cambridge CapeCoral CathedralCity Carrollton Cary CedarRapids Champaign Charleston Chandler Charlotte Chattanooga Chesapeake Cincinnati Chicago ChulaVista ClarkeCounty Clearwater Clarksville CollegeStation Cleveland Columbia ColoradoSprings Columbus Corona Concord CoralSprings CostaMesa Dallas DalyCity Danbury Davenport DavidsonCounty Dayton Deltona DaytonaBeach Denton Denver DesMoines Downey Detroit Duluth Durham Elkhart ElMonte ElPaso Elizabeth Erie ElkGrove ElkGrove Erie Elizabeth ElPaso Escondido Escondido ElMonte Elkhart Durham Duluth Detroit Downey DesMoines Denver Denton DaytonaBeach Deltona Dayton DavidsonCounty Davenport Danbury DalyCity Dallas CostaMesa CoralSprings Concord Corona Columbus ColoradoSprings Columbia Cleveland CollegeStation Clarksville Clearwater ClarkeCounty ChulaVista Chicago Cincinnati Chesapeake Chattanooga Charlotte Chandler Charleston Champaign CedarRapids Cary Carrollton CathedralCity CapeCoral Cambridge Burlington Canton Burbank Buffalo Bryan Brownsville Brighton Bridgeport Bremerton Bradenton Boulder Boston BonitaSprings BoiseCity Boise Bloomington Billings Bethlehem Birmingham Berkeley BelAir Bellevue BatonRouge Barnstable Baltimore Beaumont Austin Aurora Augusta Bakersfield Athens AtlanticCity Appleton Asheville Atlanta Arlington Arvada AppleValley Anchorage Antioch AnnArbor Anaheim Allentown Alexandria Amarillo Albuquerque Albany Akron Aberdeen Abilene CorpusChristi
50
Akron Akron
Albuquerque Albuquerque
Alexandria Alexandria
Amarillo Amarillo
Anaheim Anaheim
AppleValley AppleValley
Appleton Appleton
Arvada Arvada
Asheville Asheville
Augusta Augusta
Austin Austin
Beaumont Beaumont
BelAir BelAir
Bloomington Bloomington
BoiseCity BoiseCity
BonitaSprings BonitaSprings
Boulder Boulder
Bremerton Bremerton
Bridgeport Bridgeport
Brownsville Brownsville
Bryan Bryan
Canton Canton
CapeCoral CapeCoral
Carrollton Carrollton
CathedralCity CathedralCity
Champaign Champaign
Chandler Chandler
Charleston Charleston
Chattanooga Chattanooga
Chicago Chicago
Cincinnati Cincinnati
Clearwater Clearwater
ColoradoSprings ColoradoSprings
Columbia Columbia
Columbus Columbus
CorpusChristi CorpusChristi
Dallas Dallas
DalyCity DalyCity
Danbury Danbury
Davenport Davenport
Deltona Deltona
Denton Denton
Denver Denver
Downey Downey
Durham Durham
ElMonte ElMonte
ElPaso ElPaso
Elizabeth Elizabeth
Elkhart Elkhart
Escondido Escondido
