FortCollins Akron Aberdeen Abilene Albany Anaheim Albuquerque Anchorage Allentown Antioch Alexandria Amarillo AppleValley AnnArbor Appleton Arlington Arvada Asheville Athens Atlanta AtlanticCity Austin Augusta Bakersfield Barnstable BatonRouge Baltimore Beaumont BelAir Bellevue Aurora Berkeley Bethlehem Bloomington Billings BonitaSprings Boise Birmingham BoiseCity Boston Boulder Bradenton Bremerton Bridgeport Brighton Brownsville Bryan Burbank Burlington Buffalo Cambridge Canton Cary Carrollton CapeCoral Champaign Chicago CathedralCity CedarRapids Chandler Charleston Charlotte Chattanooga Chesapeake ChulaVista ClarkeCounty Clearwater Cincinnati Clarksville Cleveland ColoradoSprings Columbia CollegeStation Columbus Concord Corona CoralSprings CorpusChristi CostaMesa Dallas Davenport Danbury DalyCity DaytonaBeach DavidsonCounty Dayton Deltona Denver DesMoines Denton Detroit Elizabeth ElPaso Duluth Durham ElMonte Downey Elkhart Eugene Erie ElkGrove Fitchburg Escondido Evansville Fargo Fayetteville Fairfield Flint Fontana FortLauderdale FortWaltonBeach FortSmith FortWayne Fresno FortWorth Fremont Frederick Fullerton Gainesville GardenGrove Glendale GrandPrairie GrandRapids Garland Gilbert Gastonia Grayslake GreenBay GulfportBiloxi Greensboro Greenville Hampton Hagerstown Harlingen Harrisburg Hartford HavredeGrace Hayward Henderson Hemet Hickory Hesperia Hialeah HighPoint Hollywood Houma Howell Honolulu Houston Huntington HuntingtonBeach Huntsville Independence Irvine Inglewood Jacksonville Indianapolis Irving Jackson Jefferson Kailua JerseyCity JohnsonCity Kalamazoo Joliet Kennewick Kenosha KansasCity Kaneohe Killeen Knoxville Lafayette Kissimmee Lacey Lakeland Lansing LakeCharles Lancaster Laredo Lakewood LasCruces Layton LasVegas Leominster LittleRock Lincoln Lexington Lewisville LongBeach Lorain LosAngeles Lubbock Louisville Manchester Lowell Marysville Marina Macon Madison Madison McAllen McAllen Macon Marina Marysville Lowell Manchester Louisville Lubbock LosAngeles Lorain LongBeach Lewisville Lexington Lincoln LittleRock Leominster LasVegas Layton LasCruces Lakewood Laredo Lancaster LakeCharles Lansing Lakeland Lacey Kissimmee Lafayette Knoxville Killeen Kaneohe KansasCity Kenosha Kennewick Joliet Kalamazoo JohnsonCity JerseyCity Kailua Jefferson Jackson Irving Indianapolis Jacksonville Inglewood Irvine Independence Huntsville HuntingtonBeach Huntington Houston Honolulu Howell Houma Hollywood HighPoint Hialeah Hesperia Hickory Hemet Henderson Hayward HavredeGrace Hartford Harrisburg Harlingen Hagerstown Hampton Greenville Greensboro GulfportBiloxi GreenBay Grayslake Gastonia Gilbert Garland GrandRapids GrandPrairie Glendale GardenGrove Gainesville Fullerton Frederick Fremont FortWorth Fresno FortWayne FortSmith FortWaltonBeach FortLauderdale Fontana Flint Fairfield Fayetteville Fargo Evansville Escondido Fitchburg ElkGrove Erie Eugene Elkhart Downey ElMonte Durham Duluth ElPaso Elizabeth Detroit Denton DesMoines Denver Deltona Dayton DavidsonCounty DaytonaBeach DalyCity Danbury Davenport Dallas CostaMesa CorpusChristi CoralSprings Corona Concord Columbus CollegeStation Columbia ColoradoSprings Cleveland Clarksville Cincinnati Clearwater ClarkeCounty ChulaVista Chesapeake Chattanooga Charlotte Charleston Chandler CedarRapids CathedralCity Chicago Champaign CapeCoral Carrollton Cary Canton Cambridge Buffalo Burlington Burbank Bryan Brownsville Brighton Bridgeport Bremerton Bradenton Boulder Boston BoiseCity Birmingham Boise BonitaSprings Billings Bloomington Bethlehem Berkeley Aurora Bellevue BelAir Beaumont Baltimore BatonRouge Barnstable Bakersfield Augusta Austin AtlanticCity Atlanta Athens Asheville Arvada Arlington Appleton AnnArbor AppleValley Amarillo Alexandria Antioch Allentown Anchorage Albuquerque Anaheim Albany Abilene Aberdeen Akron FortCollins
100
Aberdeen Aberdeen
Abilene Abilene
Akron Akron
Albuquerque Albuquerque
Alexandria Alexandria
Allentown Allentown
Amarillo Amarillo
Anaheim Anaheim
Anchorage Anchorage
AnnArbor AnnArbor
AppleValley AppleValley
Appleton Appleton
Arvada Arvada
Atlanta Atlanta
Augusta Augusta
Austin Austin
Bakersfield Bakersfield
Baltimore Baltimore
Barnstable Barnstable
Beaumont Beaumont
Bellevue Bellevue
Berkeley Berkeley
Bethlehem Bethlehem
Boise Boise
BoiseCity BoiseCity
BonitaSprings BonitaSprings
Bradenton Bradenton
Bremerton Bremerton
Brighton Brighton
Brownsville Brownsville
Burbank Burbank
CapeCoral CapeCoral
Carrollton Carrollton
Cary Cary
CedarRapids CedarRapids
Champaign Champaign
Chandler Chandler
Chicago Chicago
Cleveland Cleveland
CollegeStation CollegeStation
ColoradoSprings ColoradoSprings
Dallas Dallas
DalyCity DalyCity
Danbury Danbury
DavidsonCounty DavidsonCounty
Denver Denver
DesMoines DesMoines
Detroit Detroit
ElMonte ElMonte
ElPaso ElPaso
Elizabeth Elizabeth
Elkhart Elkhart
Erie Erie
Eugene Eugene
Evansville Evansville
Fairfield Fairfield
Fargo Fargo
Fayetteville Fayetteville
Fontana Fontana
FortCollins FortCollins
FortWaltonBeach FortWaltonBeach
Frederick Frederick
Fremont Fremont
Fresno Fresno
Garland Garland
Gilbert Gilbert
GrandRapids GrandRapids
Grayslake Grayslake
Hampton Hampton
Harlingen Harlingen
Harrisburg Harrisburg
Hemet Hemet
Henderson Henderson
Hickory Hickory
Hollywood Hollywood
Houston Houston
Independence Independence
Indianapolis Indianapolis
Inglewood Inglewood
Irvine Irvine
Irving Irving
Jacksonville Jacksonville
Jefferson Jefferson
Joliet Joliet
Kalamazoo Kalamazoo
Kennewick Kennewick
Knoxville Knoxville
Lacey Lacey
Lafayette Lafayette
Lakeland Lakeland
Lakewood Lakewood
Lancaster Lancaster
LasCruces LasCruces
Layton Layton
Leominster Leominster
LittleRock LittleRock
Lorain Lorain
Louisville Louisville
Lubbock Lubbock
Manchester Manchester
