18 0 1 2 4 3 6 11 5 7 9 16 15 10 8 13 12 17 14 20 21 19 23 26 25 24 22 27 29 28 31 32 34 30 33 35 36 38 37 40 42 41 39 43 44 45 46 48 47 49 50 58 51 54 52 60 56 57 53 55 59 61 62 70 66 67 63 64 69 69 72 71 73 65 68 68 65 73 71 72 64 63 67 66 70 62 61 59 55 53 57 56 60 52 54 51 58 50 49 47 48 46 45 44 43 39 41 42 40 37 38 36 35 33 30 34 32 31 28 29 27 22 24 25 26 23 19 21 20 14 17 12 13 8 10 15 16 9 7 5 11 6 3 4 2 1 0 18
26
24 24
35 35
51 51
38 38
41 41
62 62
34 34
55 55
29 29
45 45
61 61
70 70
67 67
7 7
25 25
54 54
39 39
63 63
72 72
33 33
22 22
44 44
43 43
59 59
23 23
27 27
