152 2 0 1 11 4 3 6 14 5 9 10 13 15 7 8 12 18 16 19 21 33 17 20 24 23 22 27 30 28 26 29 37 31 34 25 40 42 41 32 43 35 36 45 39 44 49 38 46 50 55 57 48 53 51 54 47 78 58 60 61 79 65 52 66 59 56 62 63 69 68 64 67 72 73 74 76 71 77 80 75 86 70 84 90 85 82 97 81 91 83 95 92 89 98 93 87 94 88 96 100 101 105 103 104 102 111 108 112 99 114 109 106 107 110 116 121 115 120 124 122 113 131 119 127 118 126 123 128 132 129 117 125 130 140 136 133 135 139 134 143 137 138 142 144 141 145 150 146 151 158 155 147 148 159 149 153 161 154 166 162 157 160 172 164 156 165 169 163 171 167 170 174 168 178 173 182 176 179 177 175 180 184 181 183 185 186 186 185 187 187 183 181 184 180 175 177 179 176 182 173 178 168 174 170 167 171 163 169 165 156 164 172 160 157 162 166 154 161 153 149 159 148 147 155 158 151 146 150 145 141 144 142 138 137 143 134 139 135 133 136 140 130 125 117 129 132 128 123 126 118 127 119 131 113 122 124 120 115 121 116 110 107 106 109 114 99 112 108 111 102 104 103 105 101 100 96 88 94 87 93 98 89 92 95 83 91 81 97 82 85 90 84 70 86 75 80 77 71 76 74 73 72 67 64 68 69 63 62 56 59 66 52 65 79 61 60 58 78 47 54 51 53 48 57 55 50 46 38 49 44 39 45 36 35 43 32 41 42 40 25 34 31 37 29 26 28 30 27 22 23 24 20 17 33 21 19 16 18 12 8 7 15 13 10 9 5 14 6 3 4 11 1 0 2 152
73
31 31
142 142
28 28
97 97
116 116
89 89
105 105
79 79
169 169
157 157
170 170
45 45
112 112
56 56
134 134
172 172
37 37
9 9
175 175
163 163
41 41
35 35
95 95
171 171
111 111
139 139
78 78
165 165
143 143
73 73
81 81
12 12
58 58
50 50
92 92
87 87
166 166
85 85
149 149
5 5
130 130
182 182
121 121
168 168
60 60
27 27
183 183
90 90
65 65
96 96
145 145
126 126
113 113
13 13
42 42
94 94
136 136
184 184
180 180
144 144
53 53
181 181
151 151
2 2
153 153
51 51
101 101
54 54
8 8
0 0
38 38
75 75
66 66
