O2XJ9 UOF89 F8JE7 KPNHM SZKKG S1W7I C821A PN6N5 GMOBL 1HTOE TH1G8 HMYFI QQ4SP 8D0H4 IY314 NV2VY 2WIJP DYG9M SXCXT SKA5V GNMDA HYEF7 JXXUO T5W7D 45DYM 49CGM 0JUN2 RQZSX VMBKR BXL4N TC4MB Z6GW2 N6XF7 N33WE ZCU97 OLSL2 EI5ZM MV8NN MXX55 MXST9 1P1UA FOXDK YUMDY KKZKB MOOJF KU8EX PGY5W XOPIR DQTJ3 YGEXQ YGEXQ DQTJ3 XOPIR PGY5W KU8EX MOOJF KKZKB YUMDY FOXDK 1P1UA MXST9 MXX55 MV8NN EI5ZM OLSL2 ZCU97 N33WE N6XF7 Z6GW2 TC4MB BXL4N VMBKR RQZSX 0JUN2 49CGM 45DYM T5W7D JXXUO HYEF7 GNMDA SKA5V SXCXT DYG9M 2WIJP NV2VY IY314 8D0H4 QQ4SP HMYFI TH1G8 1HTOE GMOBL PN6N5 C821A S1W7I SZKKG KPNHM F8JE7 UOF89 O2XJ9
25
SZKKG SZKKG
KPNHM KPNHM
S1W7I S1W7I
8D0H4 8D0H4
IY314 IY314
NV2VY NV2VY
DYG9M DYG9M
SXCXT SXCXT
SKA5V SKA5V
GNMDA GNMDA
JXXUO JXXUO
T5W7D T5W7D
49CGM 49CGM
TC4MB TC4MB
Z6GW2 Z6GW2
N6XF7 N6XF7
ZCU97 ZCU97
EI5ZM EI5ZM
MXST9 MXST9
MXX55 MXX55
1P1UA 1P1UA
FOXDK FOXDK
YGEXQ YGEXQ
XOPIR XOPIR
0JUN2 0JUN2
