4HOMU OKGKQ 945CN L2PQE L87XM L2GJ5 7Y5B6 SL5A0 2C63O SYV5N 5ZO5F VZJYR OHJD0 VOCAC 768ZF RU85S ZZZQW 6NY7T KOYRV XEEQB 9FD5I B7A2L KC9RF Q02X6 8A5FQ N9H3X ZN2EP JIVZP 45JXE UW44H 0D2BR I5ALT M1HJR LIRLU C5YOT 1F0YL 1Y2CG DOLRQ 50J5H 0HZFS 6ACGE WP2MA WCHWI 1CTNO CFGE5 Q7FCL SHOOM 0VPRW HWKGJ 7GA8O DTPF4 UDYJK 7U3JG RBP9F NQ0GE SWFWN BE5V8 O580H TY0L7 G5JK6 W2M5C 4HSLO 65FE1 SA6G0 M57K6 U2E9F WI88U FDYXL TORQI DCHO3 ZHSBU RAAD4 FRZVP K92O5 2P5XR 76HUN HZHRA 68VRF KWADH 53Y1R TI35I DENA8 WBT4L Y61KP P2H5X RVNGJ 9WSXC OGHWH M0J6A O9J47 ICOAG C7WKJ P419D NPDI9 ZZH8Z L08CW KY9LT Y4WG4 BJ8X0 XKTHP PTEKT 58MIB IF7TL V22SY KN0CP JXLE1 K50JQ HV4Z2 PXCIN VFR3Z H1LTE JF7TT PTADN 6VC3I DDXG0 UX00P Q0T2T Z22CS IZESQ 2BUI5 EDK36 3AIXW 0GVOS 4VNLG 1RS2N F94V2 WZB33 CSK6F 0U9HU 4WDJE Q5DAA 8EXDQ 1X6L1 OSJ7O W2H22 FCYPJ KJDC0 PYPSO CM5WA 796NN 6WOBI BU58G I0241 AT3CI ZGZT5 SQ5AD BELQC ZRPB5 SKPO7 T9O11 LEBVZ H0BTZ 4YS4G 61QWU C45HH H3R1V I91NY EJSFK 2KXWI ELH5L 69BJO X180A 52MNN 4YD0G OLLV9 OIPRN WOEUE WXZHF MC71K ZA7S5 BVMDZ AN067 6OA3K FC0PR Q9MTE B3Y9E C8O6I QOBDK DL8LT LLTLN A1QRL N9H1B YJ67U IR07O V8GEC F7QF4 PMFJ2 YK7ZR 8CLEZ 9O1IZ FP2ST TBPBM EDSMH LKP22 TCC7B BZLKW FMCVK VHCFR W59L6 W59L6 JKIP1 JKIP1 VHCFR FMCVK BZLKW TCC7B LKP22 EDSMH TBPBM FP2ST 9O1IZ 8CLEZ YK7ZR PMFJ2 F7QF4 V8GEC IR07O YJ67U N9H1B A1QRL LLTLN DL8LT QOBDK C8O6I B3Y9E Q9MTE FC0PR 6OA3K AN067 BVMDZ ZA7S5 MC71K WXZHF WOEUE OIPRN OLLV9 4YD0G 52MNN X180A 69BJO ELH5L 2KXWI EJSFK I91NY H3R1V C45HH 61QWU 4YS4G H0BTZ LEBVZ T9O11 SKPO7 ZRPB5 BELQC SQ5AD ZGZT5 AT3CI I0241 BU58G 6WOBI 796NN CM5WA PYPSO KJDC0 FCYPJ W2H22 OSJ7O 1X6L1 8EXDQ Q5DAA 4WDJE 0U9HU CSK6F WZB33 F94V2 1RS2N 4VNLG 0GVOS 3AIXW EDK36 2BUI5 IZESQ Z22CS Q0T2T UX00P DDXG0 6VC3I PTADN JF7TT H1LTE VFR3Z PXCIN HV4Z2 K50JQ JXLE1 KN0CP V22SY IF7TL 58MIB PTEKT XKTHP BJ8X0 Y4WG4 KY9LT L08CW ZZH8Z NPDI9 P419D C7WKJ ICOAG O9J47 M0J6A OGHWH 9WSXC RVNGJ P2H5X Y61KP WBT4L DENA8 TI35I 53Y1R KWADH 68VRF HZHRA 76HUN 2P5XR K92O5 FRZVP RAAD4 ZHSBU DCHO3 TORQI FDYXL WI88U U2E9F M57K6 SA6G0 65FE1 4HSLO W2M5C G5JK6 TY0L7 O580H BE5V8 SWFWN NQ0GE RBP9F 7U3JG UDYJK DTPF4 7GA8O HWKGJ 0VPRW SHOOM Q7FCL CFGE5 1CTNO WCHWI WP2MA 6ACGE 0HZFS 50J5H DOLRQ 1Y2CG 1F0YL C5YOT LIRLU M1HJR I5ALT 0D2BR UW44H 45JXE JIVZP ZN2EP N9H3X 8A5FQ Q02X6 KC9RF B7A2L 9FD5I XEEQB KOYRV 6NY7T ZZZQW RU85S 768ZF VOCAC OHJD0 VZJYR 5ZO5F SYV5N 2C63O SL5A0 7Y5B6 L2GJ5 L87XM L2PQE 945CN OKGKQ 4HOMU
100
L2PQE L2PQE
945CN 945CN
L2GJ5 L2GJ5
2C63O 2C63O
SYV5N SYV5N
768ZF 768ZF
RU85S RU85S
KOYRV KOYRV
XEEQB XEEQB
KC9RF KC9RF
ZN2EP ZN2EP
45JXE 45JXE
UW44H UW44H
0D2BR 0D2BR
M1HJR M1HJR
LIRLU LIRLU
1F0YL 1F0YL
DOLRQ DOLRQ
WP2MA WP2MA
50J5H 50J5H
CFGE5 CFGE5
Q7FCL Q7FCL
0VPRW 0VPRW
SHOOM SHOOM
HWKGJ HWKGJ
6ACGE 6ACGE
DTPF4 DTPF4
7GA8O 7GA8O
7U3JG 7U3JG
BE5V8 BE5V8
TY0L7 TY0L7
W2M5C W2M5C
SA6G0 SA6G0
WI88U WI88U
TORQI TORQI
ZHSBU ZHSBU
DCHO3 DCHO3
RAAD4 RAAD4
FRZVP FRZVP
HZHRA HZHRA
53Y1R 53Y1R
TI35I TI35I
Y61KP Y61KP
9WSXC 9WSXC
C7WKJ C7WKJ
P419D P419D
NPDI9 NPDI9
ZZH8Z ZZH8Z
IF7TL IF7TL
V22SY V22SY
PXCIN PXCIN
K50JQ K50JQ
JXLE1 JXLE1
H1LTE H1LTE
DDXG0 DDXG0
PTADN PTADN
IZESQ IZESQ
2BUI5 2BUI5
3AIXW 3AIXW
1RS2N 1RS2N
0U9HU 0U9HU
WZB33 WZB33
Q5DAA Q5DAA
4WDJE 4WDJE
8EXDQ 8EXDQ
FCYPJ FCYPJ
W2H22 W2H22
PYPSO PYPSO
CM5WA CM5WA
6WOBI 6WOBI
AT3CI AT3CI
SKPO7 SKPO7
ZRPB5 ZRPB5
T9O11 T9O11
LEBVZ LEBVZ
61QWU 61QWU
C45HH C45HH
ELH5L ELH5L
69BJO 69BJO
X180A X180A
52MNN 52MNN
OLLV9 OLLV9
WXZHF WXZHF
OIPRN OIPRN
MC71K MC71K
BVMDZ BVMDZ
6OA3K 6OA3K
FC0PR FC0PR
C8O6I C8O6I
LLTLN LLTLN
A1QRL A1QRL
YJ67U YJ67U
V8GEC V8GEC
PMFJ2 PMFJ2
8CLEZ 8CLEZ
TCC7B TCC7B
LKP22 LKP22
TBPBM TBPBM
EDSMH EDSMH
VHCFR VHCFR
