WNYCV OC0MN OE5TB O0RCM 91RFG XRQ65 P3DJ7 KB443 XPFOM 1BUOS UDC3C WJHGG FZ5DP 94GUW X2AM4 BC3W4 H7R17 LK2JB X8T63 4O059 18R1B J501P CHXFM BGJ6Q 639ON VBSGD BO3AW GXYLV KR27P HR8IA UYWGJ ULCTZ 2CPYE H796V L7EDB DDBA4 1NBGE C0N2W HHCET EQWAL 7CXN0 PQ40E 1ACIU CUG55 QSI1X TG5ZG QTZLJ 2PD2W 5I6U4 RN3DW MB70R 77EY5 UGOIO UUOP5 ZA57Z Y9N3G 2FT0Z 75H2N NOBPR GAXPM B8UZ8 XDKMD XD7IR ZQLCY BMC9X TNA9G YMTTJ 9HVLF RFDQ4 XBRKQ 958FG KGZCW H8ZPW F5YBY TFIM7 1XUNX K1ZSD V11OW XTUSM KRLTG FS0ES WH9QK 2VG06 42QVU URMBF 1UWW5 QM4LH N8QWY F8KPK EYREL WZTTJ 4ZK1T J2Z2N 70U88 65TK9 H212X HZ80H F07YB Z2GJ8 2KYXC 2KYXC Z2GJ8 F07YB HZ80H H212X 65TK9 70U88 J2Z2N 4ZK1T WZTTJ EYREL F8KPK N8QWY QM4LH 1UWW5 URMBF 42QVU 2VG06 WH9QK FS0ES KRLTG XTUSM V11OW K1ZSD 1XUNX TFIM7 F5YBY H8ZPW KGZCW 958FG XBRKQ RFDQ4 9HVLF YMTTJ TNA9G BMC9X ZQLCY XD7IR XDKMD B8UZ8 GAXPM NOBPR 75H2N 2FT0Z Y9N3G ZA57Z UUOP5 UGOIO 77EY5 MB70R RN3DW 5I6U4 2PD2W QTZLJ TG5ZG QSI1X CUG55 1ACIU PQ40E 7CXN0 EQWAL HHCET C0N2W 1NBGE DDBA4 L7EDB H796V 2CPYE ULCTZ UYWGJ HR8IA KR27P GXYLV BO3AW VBSGD 639ON BGJ6Q CHXFM J501P 18R1B 4O059 X8T63 LK2JB H7R17 BC3W4 X2AM4 94GUW FZ5DP WJHGG UDC3C 1BUOS XPFOM KB443 P3DJ7 XRQ65 91RFG O0RCM OE5TB OC0MN WNYCV
50
XRQ65 XRQ65
1ACIU 1ACIU
H8ZPW H8ZPW
GXYLV GXYLV
TG5ZG TG5ZG
EQWAL EQWAL
91RFG 91RFG
OE5TB OE5TB
KB443 KB443
QSI1X QSI1X
F5YBY F5YBY
QTZLJ QTZLJ
HR8IA HR8IA
ULCTZ ULCTZ
V11OW V11OW
XPFOM XPFOM
77EY5 77EY5
K1ZSD K1ZSD
5I6U4 5I6U4
XTUSM XTUSM
KRLTG KRLTG
UGOIO UGOIO
XBRKQ XBRKQ
UUOP5 UUOP5
ZA57Z ZA57Z
1BUOS 1BUOS
2FT0Z 2FT0Z
X2AM4 X2AM4
42QVU 42QVU
URMBF URMBF
1UWW5 1UWW5
GAXPM GAXPM
EYREL EYREL
B8UZ8 B8UZ8
1NBGE 1NBGE
XDKMD XDKMD
CUG55 CUG55
XD7IR XD7IR
HHCET HHCET
65TK9 65TK9
7CXN0 7CXN0
BMC9X BMC9X
BO3AW BO3AW
9HVLF 9HVLF
YMTTJ YMTTJ
HZ80H HZ80H
H212X H212X
F07YB F07YB
2KYXC 2KYXC
18R1B 18R1B
