E5QfM 4HmGm lGTR3 JumrS HQft6 76Tmp nlvIB 145FZ OBe1t tmfyy jGP1H uUlBE xipXr RDCRd GLYoA beqJL VzbsN nRWIs f1Y6z 5dWHi sBCEV 286Kr YT251 RlXVZ PqcOh Bwirf c8yxo KtuGJ hWCGd nFWOP m8uAW VVsIg ZR6vL bgK6r XWn9g g7UFE UAJ0O eo9RR wJ1Uh GRBfw Ln4EG hSuE9 hEy3K 3rGcS 8TDB7 lPMDV gMApe kK9KO kK9KO i0LV1 i0LV1 gMApe 05SJr 05SJr lPMDV 8TDB7 3rGcS hEy3K hSuE9 Ln4EG GRBfw wJ1Uh eo9RR UAJ0O g7UFE XWn9g bgK6r ZR6vL VVsIg m8uAW nFWOP hWCGd KtuGJ c8yxo Bwirf PqcOh RlXVZ YT251 286Kr sBCEV 5dWHi f1Y6z nRWIs VzbsN beqJL GLYoA RDCRd xipXr uUlBE jGP1H tmfyy OBe1t 145FZ nlvIB 76Tmp HQft6 JumrS lGTR3 4HmGm E5QfM
25
uUlBE uUlBE
eo9RR eo9RR
beqJL beqJL
GLYoA GLYoA
8TDB7 8TDB7
kK9KO kK9KO
i0LV1 i0LV1
lPMDV lPMDV
bgK6r bgK6r
sBCEV sBCEV
lGTR3 lGTR3
VzbsN VzbsN
nRWIs nRWIs
Ln4EG Ln4EG
4HmGm 4HmGm
KtuGJ KtuGJ
76Tmp 76Tmp
05SJr 05SJr
UAJ0O UAJ0O
wJ1Uh wJ1Uh
jGP1H jGP1H
PqcOh PqcOh
hWCGd hWCGd
f1Y6z f1Y6z
3rGcS 3rGcS
