cy4fm YTtfA di7h7 29Bwa Ss744 OoKEI NvAYI AWuA9 nogr2 C565q ZPM4o 1H2uK yMPWG wdXpe 8RNd8 xyghb 6ceXl dwc7b kjpV4 Ib5xu 7Lw2B Dkq13 7XIxZ jtJls 19YKC tao9t 8aYYW g95ez I2lfX 2Fhi4 yFKGt S6OMl KYsbm FkLYM EWhpw OFvld IjjWK F2nEN 7l0Vw SAUL4 u4uj9 GX9Mz G6G4p kbRYl BoNoJ Xhpv3 Iks3D hOy4D lA2MC w4BF1 qt5AA k9NwV 27qFp hQThM zTyzX DCl5F FnVf8 qUtyk uWr4y 9ZyoJ XmtJy P3lE7 mY2cU gCujL O9k9o LdsTN C0eRL 3iQ53 uT5W0 BnM1k gk2cW 4gH6P mQvLs 59AZY C14Q6 GHZOS TXvJf dU1Ub LNh60 61loU IjTCu Vjg5l jse5F jLZgo X6hJp 7uKJ4 me1sW jQ7g0 5rdYI 5rdYI jQ7g0 Cfmbw JrJcE P8Fbf zQjQm luD6b rUUVt rUUVt luD6b RrouS 8yfOn 8yfOn RrouS EZzdy EZzdy zQjQm vSPJ5 vSPJ5 P8Fbf JrJcE Cfmbw me1sW 7uKJ4 X6hJp jLZgo jse5F cRVnK cRVnK Vjg5l IjTCu 61loU LNh60 dU1Ub TXvJf GHZOS C14Q6 59AZY mQvLs 4gH6P gk2cW BnM1k uT5W0 3iQ53 C0eRL LdsTN O9k9o gCujL mY2cU P3lE7 XmtJy 9ZyoJ uWr4y qUtyk FnVf8 DCl5F zTyzX hQThM 27qFp k9NwV qt5AA w4BF1 lA2MC hOy4D Iks3D Xhpv3 BoNoJ kbRYl G6G4p GX9Mz u4uj9 SAUL4 7l0Vw F2nEN IjjWK OFvld EWhpw FkLYM KYsbm S6OMl yFKGt 2Fhi4 I2lfX g95ez 8aYYW tao9t 19YKC jtJls 7XIxZ Dkq13 7Lw2B Ib5xu kjpV4 dwc7b 6ceXl xyghb 8RNd8 wdXpe yMPWG 1H2uK ZPM4o C565q nogr2 AWuA9 NvAYI OoKEI Ss744 29Bwa di7h7 YTtfA cy4fm
50
uT5W0 uT5W0
P3lE7 P3lE7
C565q C565q
lA2MC lA2MC
P8Fbf P8Fbf
yMPWG yMPWG
rUUVt rUUVt
5rdYI 5rdYI
vSPJ5 vSPJ5
Iks3D Iks3D
FnVf8 FnVf8
X6hJp X6hJp
qt5AA qt5AA
6ceXl 6ceXl
di7h7 di7h7
yFKGt yFKGt
Vjg5l Vjg5l
zQjQm zQjQm
DCl5F DCl5F
LNh60 LNh60
3iQ53 3iQ53
tao9t tao9t
BoNoJ BoNoJ
KYsbm KYsbm
wdXpe wdXpe
G6G4p G6G4p
IjjWK IjjWK
OFvld OFvld
GHZOS GHZOS
C0eRL C0eRL
hOy4D hOy4D
EWhpw EWhpw
1H2uK 1H2uK
w4BF1 w4BF1
Cfmbw Cfmbw
kbRYl kbRYl
Xhpv3 Xhpv3
19YKC 19YKC
8aYYW 8aYYW
7l0Vw 7l0Vw
gk2cW gk2cW
F2nEN F2nEN
7XIxZ 7XIxZ
NvAYI NvAYI
nogr2 nogr2
uWr4y uWr4y
jse5F jse5F
dU1Ub dU1Ub
OoKEI OoKEI
8RNd8 8RNd8
