fab8g f5Qx2 4Dy05 pnHil wPPZK 4cLlE H6HgM rzyrR TjmY2 77EXR zgyDJ I7fCS HigE0 VUKiE KBkC3 1rURn cQMFl 0SCRq HPcVt xoAtW Gt2w1 tcyH9 RgC1Q 3XMfZ g1WJz G91ym Lqz0g vonuO 3FUsL 9ZatH Upoa8 rO2GE mgHYN B3NSd bepE0 bSoeD ZlgGe qd8nA 4GEPG 5TJtS tB1i9 HaHFT LEdo3 yM9nQ Vjk2Z ciJ7c Flgse Bw1D7 F7m3U eHREN o4F0A sF84c zkkNw wiGnS U54HV KWmhW 0vyBA 2t8R5 cDkiZ ccfS6 nScgp lJJK2 sJxOk e1dxq cm8oa Nbb6U RhMSo S7KTn 3Dk4y BWyM2 BJ1iC QxiXc kCdcu 9KTGG qchZ3 RnwlC gwQSf HZ0mP TQZik 1bOlM c17Qf wKKkJ bD2TR K6Wkq s9PnU rmi3m G944F uQK8T EEBHE VXhkL 4rEB0 1SXiN riK43 d2xnW KzS0e iy8Ty PpZP8 UnQrq PYeFH hbrXC b4E7v ZaUro Q0oXi 7ZD2v rdrNf a0yqa jeyZK Pl36F wV821 lJfgZ KB016 6iHOa TjTPw 2Z0oU 5V5xf 015ql CT8M8 3qT0X lcarA 1SvIs GFdZy NQJeb VIl39 tEdSo yLjxK vkp9u 1xx4U HRxz5 LBzlR QH4qB U8evV fhc2k m4sps L54Jg h8sUC UrLSh dzQhZ 92uq7 fr0Bd 8xyrX adW6k IOMJd y47P3 XDGuI HKgVO Xe1JT pIpbm iJ4Mz HGiwH 1OpM2 n9AEE FW6DI AGorf IG74z a8pwa BXKN1 4ORRk F8mws dRMou dAx9s AwVbs 4b2sA TtUXd O1QPI p3t9G hoGIC reoTJ 0YoJb gc3GT 8tK4L obqW1 7J90B tQXF5 GHmnJ P5ucv aiycm vroFQ DvVMC DHhK9 Cq0AO j9m8Q h3Iq1 guI5B BybTG 5Ix1v LSaNu x8KLa eDWES 83RWH nRTkO 1pNjr pesnn rNoRH l0HDP 9u8oD BwNt0 BwNt0 QedQr 8PY0r 8PY0r QedQr 9u8oD exra7 exra7 l0HDP rNoRH pesnn 1pNjr nRTkO 83RWH eDWES x8KLa LSaNu nF0WE nF0WE 5Ix1v BybTG guI5B h3Iq1 j9m8Q Cq0AO DHhK9 DvVMC vroFQ aiycm P5ucv GHmnJ tQXF5 7J90B obqW1 8tK4L gc3GT 0YoJb reoTJ hoGIC p3t9G O1QPI TtUXd 4b2sA AwVbs dAx9s dRMou F8mws 4ORRk BXKN1 a8pwa IG74z AGorf FW6DI n9AEE 1OpM2 HGiwH iJ4Mz pIpbm Xe1JT HKgVO XDGuI y47P3 IOMJd adW6k 8xyrX fr0Bd 92uq7 dzQhZ UrLSh h8sUC L54Jg m4sps fhc2k U8evV QH4qB LBzlR HRxz5 1xx4U vkp9u yLjxK tEdSo VIl39 NQJeb GFdZy 1SvIs lcarA 3qT0X CT8M8 015ql 5V5xf 2Z0oU TjTPw 6iHOa KB016 lJfgZ wV821 Pl36F jeyZK a0yqa rdrNf 7ZD2v Q0oXi ZaUro b4E7v hbrXC PYeFH UnQrq PpZP8 iy8Ty KzS0e d2xnW riK43 1SXiN 4rEB0 VXhkL EEBHE uQK8T G944F rmi3m s9PnU K6Wkq bD2TR wKKkJ c17Qf 1bOlM TQZik HZ0mP gwQSf RnwlC qchZ3 9KTGG kCdcu QxiXc BJ1iC BWyM2 3Dk4y S7KTn RhMSo Nbb6U cm8oa e1dxq sJxOk lJJK2 nScgp ccfS6 cDkiZ 2t8R5 0vyBA KWmhW U54HV wiGnS zkkNw sF84c o4F0A eHREN F7m3U Bw1D7 Flgse ciJ7c Vjk2Z yM9nQ LEdo3 HaHFT tB1i9 5TJtS 4GEPG qd8nA ZlgGe bSoeD bepE0 B3NSd mgHYN rO2GE Upoa8 9ZatH 3FUsL vonuO Lqz0g G91ym g1WJz 3XMfZ RgC1Q tcyH9 Gt2w1 xoAtW HPcVt 0SCRq cQMFl 1rURn KBkC3 VUKiE HigE0 I7fCS zgyDJ 77EXR TjmY2 rzyrR H6HgM 4cLlE wPPZK pnHil 4Dy05 f5Qx2 fab8g
100
7J90B 7J90B
cDkiZ cDkiZ
iy8Ty iy8Ty
guI5B guI5B
bD2TR bD2TR
fab8g fab8g
gwQSf gwQSf
PpZP8 PpZP8
LBzlR LBzlR
Nbb6U Nbb6U
Flgse Flgse
Gt2w1 Gt2w1
1pNjr 1pNjr
015ql 015ql
cm8oa cm8oa
8tK4L 8tK4L
BWyM2 BWyM2
G944F G944F
8PY0r 8PY0r
KzS0e KzS0e
Bw1D7 Bw1D7
HaHFT HaHFT
GHmnJ GHmnJ
eDWES eDWES
Vjk2Z Vjk2Z
lJJK2 lJJK2
mgHYN mgHYN
n9AEE n9AEE
4GEPG 4GEPG
tEdSo tEdSo
b4E7v b4E7v
G91ym G91ym
wiGnS wiGnS
bepE0 bepE0
2Z0oU 2Z0oU
AGorf AGorf
TQZik TQZik
FW6DI FW6DI
3XMfZ 3XMfZ
RgC1Q RgC1Q
Q0oXi Q0oXi
aiycm aiycm
lJfgZ lJfgZ
g1WJz g1WJz
1SvIs 1SvIs
BJ1iC BJ1iC
0YoJb 0YoJb
VIl39 VIl39
pesnn pesnn
CT8M8 CT8M8
KWmhW KWmhW
obqW1 obqW1
HKgVO HKgVO
O1QPI O1QPI
cQMFl cQMFl
DHhK9 DHhK9
5Ix1v 5Ix1v
yM9nQ yM9nQ
l0HDP l0HDP
kCdcu kCdcu
nScgp nScgp
1OpM2 1OpM2
lcarA lcarA
H6HgM H6HgM
XDGuI XDGuI
adW6k adW6k
ciJ7c ciJ7c
o4F0A o4F0A
4ORRk 4ORRk
TtUXd TtUXd
nRTkO nRTkO
RhMSo RhMSo
qchZ3 qchZ3
tQXF5 tQXF5
BybTG BybTG
F7m3U F7m3U
RnwlC RnwlC
KB016 KB016
9u8oD 9u8oD
L54Jg L54Jg
dAx9s dAx9s
wKKkJ wKKkJ
ZlgGe ZlgGe
c17Qf c17Qf
4b2sA 4b2sA
rzyrR rzyrR
uQK8T uQK8T
sF84c sF84c
P5ucv P5ucv
f5Qx2 f5Qx2
3FUsL 3FUsL
9ZatH 9ZatH
fhc2k fhc2k
1xx4U 1xx4U
Lqz0g Lqz0g
8xyrX 8xyrX
x8KLa x8KLa
B3NSd B3NSd
VUKiE VUKiE
fr0Bd fr0Bd
