0 15 1 2 3 20 24 80 53 10 12 4 13 16 19 73 8 26 9 7 30 11 43 59 31 17 5 33 18 36 28 6 21 61 48 23 78 40 27 44 41 56 34 38 55 46 63 77 22 58 32 45 42 35 25 50 94 97 49 29 107 14 81 57 54 54 83 74 74 83 89 89 95 52 72 79 51 71 96 60 64 39 62 65 92 37 86 76 76 86 108 108 114 114 116 174 174 116 146 194 193 145 145 193 194 146 147 147 152 47 66 91 67 85 87 70 70 90 90 87 136 187 188 137 137 188 187 136 138 138 85 67 75 69 69 88 148 149 196 195 195 196 149 148 150 150 88 75 133 185 185 133 134 186 186 134 135 135 91 66 103 104 166 165 165 166 104 103 112 113 172 172 113 171 171 112 117 117 143 142 191 192 192 191 142 143 144 144 160 161 161 160 177 121 121 178 122 122 178 177 47 151 197 198 198 197 151 152 155 93 154 154 156 156 93 155 167 106 106 168 168 167 37 68 68 82 98 98 82 157 157 158 158 159 159 92 65 62 124 125 180 179 179 180 125 124 132 132 176 119 118 175 175 118 119 176 190 140 140 190 39 64 84 84 60 139 189 189 139 141 141 96 71 153 153 51 79 72 99 99 52 130 183 183 130 131 184 184 131 95 57 81 100 163 164 101 101 164 163 100 14 107 29 105 105 115 173 173 115 49 126 126 97 123 123 94 120 120 50 25 35 42 127 181 182 128 128 182 181 127 45 32 58 169 109 110 170 170 110 109 169 22 129 129 77 63 46 55 162 162 38 102 102 34 56 41 44 27 40 78 23 48 61 21 6 28 36 18 33 111 111 5 17 31 59 43 11 30 7 9 26 8 73 19 16 13 4 12 10 53 80 24 20 3 2 1 15 199 199 0
99
100 100
101 101
102 102
103 103
104 104
105 105
106 106
107 107
108 108
109 109
110 110
111 111
112 112
113 113
114 114
115 115
116 116
117 117
118 118
119 119
120 120
121 121
122 122
123 123
124 124
125 125
126 126
127 127
128 128
129 129
130 130
131 131
132 132
133 133
134 134
135 135
136 136
137 137
138 138
139 139
140 140
141 141
142 142
143 143
144 144
145 145
146 146
147 147
148 148
149 149
150 150
151 151
152 152
153 153
154 154
155 155
156 156
157 157
158 158
159 159
160 160
161 161
162 162
163 163
164 164
165 165
166 166
167 167
168 168
169 169
170 170
171 171
172 172
173 173
174 174
175 175
176 176
177 177
178 178
179 179
180 180
181 181
182 182
183 183
184 184
185 185
186 186
187 187
188 188
189 189
190 190
191 191
192 192
193 193
194 194
195 195
196 196
197 197
198 198
