10 7 4 5 18 1 15 3 0 32 9 13 8 19 2 17 20 31 28 14 11 39 6 23 21 34 45 24 27 44 12 37 42 29 76 46 48 22 40 26 25 62 35 30 33 43 67 49 52 41 47 57 91 38 70 70 85 84 84 85 86 50 50 87 51 16 64 65 65 64 88 88 92 92 93 60 61 61 60 93 16 51 87 86 38 56 56 91 57 68 69 69 68 74 75 75 74 82 83 83 82 97 66 66 98 98 97 47 54 36 55 90 90 55 36 89 89 54 71 71 72 73 73 72 41 52 95 63 63 94 94 95 49 67 77 77 80 80 81 81 43 33 53 53 30 35 62 25 96 96 26 40 78 79 79 78 22 48 46 76 29 42 37 59 59 12 44 27 24 45 34 21 23 6 39 11 14 28 31 58 58 20 17 2 19 8 13 9 32 99 99 0 3 15 1 18 5 4 7 10
49
50 50
51 51
52 52
53 53
54 54
55 55
56 56
57 57
58 58
59 59
60 60
61 61
62 62
63 63
64 64
65 65
66 66
67 67
68 68
69 69
70 70
71 71
72 72
73 73
74 74
75 75
76 76
77 77
78 78
79 79
80 80
81 81
82 82
83 83
84 84
85 85
86 86
87 87
88 88
89 89
90 90
91 91
92 92
93 93
94 94
95 95
96 96
97 97
98 98
