0 1 3 7 15 31 63 127 127 128 128 63 64 129 129 130 130 64 31 32 65 131 131 132 132 65 66 133 133 134 134 66 32 15 16 33 67 135 135 136 136 67 68 137 137 138 138 68 33 34 69 139 139 140 140 69 70 141 141 142 142 70 34 16 7 8 17 35 71 143 143 144 144 71 72 145 145 146 146 72 35 36 73 147 147 148 148 73 74 149 149 150 150 74 36 17 18 37 75 151 151 152 152 75 76 153 153 154 154 76 37 38 77 155 155 156 156 77 78 157 157 158 158 78 38 18 8 3 4 9 19 39 79 159 159 160 160 79 80 161 161 162 162 80 39 40 81 163 163 164 164 81 82 165 165 166 166 82 40 19 20 41 83 167 167 168 168 83 84 169 169 170 170 84 41 42 85 171 171 172 172 85 86 173 173 174 174 86 42 20 9 10 21 43 87 175 175 176 176 87 88 177 177 178 178 88 43 44 89 179 179 180 180 89 90 181 181 182 182 90 44 21 22 45 91 183 183 184 184 91 92 185 185 186 186 92 45 46 93 187 187 188 188 93 94 189 189 190 190 94 46 22 10 4 1 2 5 11 23 47 95 191 191 192 192 95 96 193 193 194 194 96 47 48 97 195 195 196 196 97 98 197 197 198 198 98 48 23 24 49 99 199 199 99 100 100 49 50 101 101 102 102 50 24 11 12 25 51 103 103 104 104 51 52 105 105 106 106 52 25 26 53 107 107 108 108 53 54 109 109 110 110 54 26 12 5 6 13 27 55 111 111 112 112 55 56 113 113 114 114 56 27 28 57 115 115 116 116 57 58 117 117 118 118 58 28 13 14 29 59 119 119 120 120 59 60 121 121 122 122 60 29 30 61 123 123 124 124 61 62 125 125 126 126 62 30 14 6 2 0
100
100 100
101 101
102 102
103 103
104 104
105 105
106 106
107 107
108 108
109 109
110 110
111 111
112 112
113 113
114 114
115 115
116 116
117 117
118 118
119 119
120 120
121 121
122 122
123 123
124 124
125 125
126 126
127 127
128 128
129 129
130 130
131 131
132 132
133 133
134 134
135 135
136 136
137 137
138 138
139 139
140 140
141 141
142 142
143 143
144 144
145 145
146 146
147 147
148 148
149 149
150 150
151 151
152 152
153 153
154 154
155 155
156 156
157 157
158 158
159 159
160 160
161 161
162 162
163 163
164 164
165 165
166 166
167 167
168 168
169 169
170 170
171 171
172 172
173 173
174 174
175 175
176 176
177 177
178 178
179 179
180 180
181 181
182 182
183 183
184 184
185 185
186 186
187 187
188 188
189 189
190 190
191 191
192 192
193 193
194 194
195 195
196 196
197 197
198 198
199 199
