0 1 3 8 17 35 17 36 17 8 18 37 18 38 18 8 3 7 15 31 15 32 15 7 16 34 16 33 67 33 68 33 16 7 3 1 4 10 22 45 91 45 92 45 22 46 22 10 21 44 90 44 89 44 21 43 21 10 4 9 19 40 81 40 19 39 19 9 20 41 20 42 86 42 20 9 4 1 0 2 6 14 29 60 29 59 29 14 30 14 6 13 28 57 28 58 28 13 27 13 6 2 5 11 23 48 23 47 96 47 95 47 23 11 24 11 5 12 25 12 5 2 0
31
24 50 99
25 51 52 53 54
27 55 56
57 57
58 58
59 59
60 60
30 61 62
31 63 64
32 65 66
67 67
68 68
34 69 70
35 71 72
36 73 74
37 75 76
38 77 78
39 79 80
81 81
19 82 85
41 83 84
86 86
43 87 88
89 89
90 90
91 91
92 92
46 93 94
95 95
96 96
48 97 98
