55 0 1 4 2 6 3 5 8 10 7 9 11 13 12 14 15 17 18 20 16 19 21 22 25 24 23 26 27 28 29 30 31 32 34 35 33 39 37 36 40 38 41 42 45 44 43 52 46 47 48 51 50 49 56 53 54 57 58 59 62 61 60 63 64 65 66 68 70 67 71 74 72 69 73 75 77 76 78 79 81 80 83 84 82 87 86 88 89 85 90 91 92 93 94 97 95 96 98 100 101 99 102 103 105 107 104 108 109 106 110 111 112 113 116 115 114 117 118 119 120 121 122 124 123 126 125 127 128 131 129 130 137 134 132 135 139 133 136 140 141 138 142 143 144 146 147 150 145 149 148 151 154 152 153 155 156 158 157 159 160 161 162 165 163 166 164 164 166 163 165 162 161 160 159 157 158 156 155 153 152 154 151 148 149 145 150 147 146 144 143 142 138 141 140 136 133 139 135 132 134 137 130 129 131 128 127 125 126 123 124 122 121 120 119 118 117 114 115 116 113 112 111 110 106 109 108 104 107 105 103 102 99 101 100 98 96 95 97 94 93 92 91 90 85 89 88 86 87 82 84 83 80 81 79 78 76 77 75 73 69 72 74 71 67 70 68 66 65 64 63 60 61 62 59 58 57 54 53 56 49 50 51 48 47 46 52 43 44 45 42 41 38 40 36 37 39 33 35 34 32 31 30 29 28 27 26 23 24 25 22 21 19 16 20 18 17 15 14 12 13 11 9 7 10 8 5 3 6 2 4 1 0 55
74
2 2
3 3
4 4
6 6
7 7
9 9
11 11
12 12
13 13
15 15
16 16
18 18
20 20
21 21
23 23
25 25
27 27
29 29
31 31
32 32
34 34
35 35
36 36
37 37
39 39
41 41
42 42
44 44
45 45
46 46
48 48
49 49
51 51
52 52
54 54
55 55
57 57
58 58
60 60
61 61
62 62
63 63
65 65
67 67
69 69
70 70
71 71
72 72
73 73
75 75
77 77
79 79
80 80
81 81
83 83
85 85
87 87
89 89
90 90
92 92
93 93
94 94
96 96
98 98
99 99
100 100
102 102
103 103
104 104
106 106
107 107
108 108
110 110
112 112
