Soda Etcheverry Cory Davis Bechtel Dwinelle Evans Campanille Hearst Sibley Stanley NorthGate Campbell Pimentel LeConte Latimer Lewis MemorialGlade Moffitt LiKaShing Doe Haas VLSB Wheeler Hertz Stephans Sproul Barrows MLK GBC RSF Wellman MainStacks MemorialStadium BWW Unit2 Mulford Unit3 Morgan Unit1 Blackwell BC Foothill LakeMerrit ClarkKerr GoldenStatePark TheRoof Harlem BerkeleyMarina Ontario WestOakland DowntTownBerkeley CafeBlueDoor WillardPark RoseGarden Albany GrizzlyPeak OgawaPark FoxTheater Fruitvale JackLondonSquare LaColonia OaklandArena Richmond Alcatraz TildenPark OaklandAirport KehoeBeach SanJose MtDiablo Occidental SantaCruz PointReyes MarinHeadlands Inverness MiTierra SantaRosa CasaLatina LaMission CesarChavezPark GreekTheater SproulPlaza MiningCircle CaffeStrada EthnicStudiesLibrary McCone LawrenceLab ICSI LawrenceHall BotanicalGardens Hollister Stonefire Merced Griffiths Wada LosBanos Christian Salinas OaklandMarina PaloAlto Fresno Gilroy Moses MartinezMarina SatherGate PeoplesPark Martinez PhilzCoffee CasaDeChocolates Rockridge Homeroom OBTown Kansai Rochdale Fenwick Amoeba Ehrman GraduateBerkeley Royston TheHouse TheBerk SigmaPi POCHouse ThetaChi Hillside ChiOmega SigmaKappa AlphaChi BerkeleyHigh BerkeleyHillel Jupiter InternationalHouse DeltaDelta Venus BayStreet Saturn Mars Compton AlphaCentauri Pomona Gregoire Perris Ashby Upland Emeryville Chino Whittier Fontana SouthGate SanBernardino Tijuana SanDiego SanMiguel MexicoCity Guadalajara Tuxcacuesco Talpa Jalisco TripleRock ElGrullo Myto Tuhuamixtel Kips Tang Rasputin DKingGallery CREAM Tako BAMPFA Cancun Platano FantasticComics SantaBarbara LosAngeles CafeTibet Sacramento VictoryPoint Irvine Irvine VictoryPoint Sacramento ChezPanisse ChezPanisse CafeTibet LosAngeles Riverside Riverside SantaBarbara FantasticComics Platano Cancun BAMPFA Tako CREAM DKingGallery Rasputin Tang Kips Tuhuamixtel Myto ElGrullo TripleRock Jalisco Talpa Tuxcacuesco Guadalajara MexicoCity SanMiguel SanDiego Tijuana SanBernardino SouthGate Fontana Whittier Chino Emeryville Upland Ashby Perris Gregoire Pomona AlphaCentauri Compton Mars Saturn BayStreet Venus DeltaDelta InternationalHouse Jupiter BerkeleyHillel BerkeleyHigh AlphaChi SigmaKappa ChiOmega Hillside ThetaChi POCHouse SigmaPi TheBerk TheHouse Royston GraduateBerkeley Ehrman Amoeba Fenwick Rochdale Kansai OBTown Homeroom Rockridge CasaDeChocolates PhilzCoffee Martinez PeoplesPark SatherGate MartinezMarina Moses Gilroy Fresno PaloAlto OaklandMarina Salinas Christian LosBanos Wada Griffiths Merced Stonefire Hollister BotanicalGardens LawrenceHall ICSI LawrenceLab McCone EthnicStudiesLibrary CaffeStrada MiningCircle SproulPlaza GreekTheater CesarChavezPark LaMission CasaLatina SantaRosa MiTierra Inverness MarinHeadlands PointReyes SantaCruz Occidental MtDiablo SanJose KehoeBeach OaklandAirport TildenPark Alcatraz Richmond OaklandArena LaColonia JackLondonSquare Fruitvale FoxTheater OgawaPark GrizzlyPeak Albany RoseGarden WillardPark CafeBlueDoor DowntTownBerkeley WestOakland Ontario BerkeleyMarina Harlem TheRoof GoldenStatePark ClarkKerr LakeMerrit Foothill BC Blackwell Unit1 Morgan Unit3 Mulford Unit2 BWW MemorialStadium MainStacks Wellman RSF GBC MLK Barrows Sproul Stephans Hertz Wheeler VLSB Haas Doe LiKaShing Moffitt MemorialGlade Lewis Latimer LeConte Pimentel Campbell NorthGate Stanley Sibley Hearst Campanille Evans Dwinelle Bechtel Davis Cory Etcheverry Soda
55
ChiOmega ChiOmega
SigmaKappa SigmaKappa
AlphaChi AlphaChi
DeltaDelta DeltaDelta
InternationalHouse InternationalHouse
BerkeleyHillel BerkeleyHillel
BerkeleyHigh BerkeleyHigh
Jupiter Jupiter
Mars Mars
Venus Venus
Saturn Saturn
AlphaCentauri AlphaCentauri
Gregoire Gregoire
BayStreet BayStreet
Emeryville Emeryville
Pomona Pomona
Compton Compton
Ashby Ashby
Perris Perris
Fontana Fontana
SanBernardino SanBernardino
Upland Upland
Chino Chino
Whittier Whittier
SouthGate SouthGate
Tijuana Tijuana
SanDiego SanDiego
Jalisco Jalisco
Guadalajara Guadalajara
SanMiguel SanMiguel
Tuxcacuesco Tuxcacuesco
Talpa Talpa
ElGrullo ElGrullo
MexicoCity MexicoCity
Tuhuamixtel Tuhuamixtel
Myto Myto
Kips Kips
TripleRock TripleRock
Rasputin Rasputin
CREAM CREAM
Tako Tako
Tang Tang
Cancun Cancun
DKingGallery DKingGallery
BAMPFA BAMPFA
Platano Platano
CafeTibet CafeTibet
FantasticComics FantasticComics
SantaBarbara SantaBarbara
Sacramento Sacramento
LosAngeles LosAngeles
Irvine Irvine
Riverside Riverside
VictoryPoint VictoryPoint
ChezPanisse ChezPanisse
