Soda Cory Dwinelle Etcheverry Davis Bechtel Sibley Hearst Evans Campanille LeConte Stanley Lewis NorthGate Pimentel Campbell LiKaShing Moffitt MemorialGlade Latimer VLSB Wheeler Stephans Barrows RSF Haas GBC Doe Hertz MLK BWW Mulford Morgan Sproul Wellman MemorialStadium Unit2 MainStacks Unit3 Unit1 Blackwell BC Foothill ClarkKerr LakeMerrit GoldenStatePark TheRoof TheRoof GoldenStatePark LakeMerrit ClarkKerr Foothill BC Blackwell Unit1 Unit3 MainStacks Unit2 MemorialStadium Wellman Sproul Morgan Mulford BWW MLK Hertz Doe GBC Haas RSF Barrows Stephans Wheeler VLSB Latimer MemorialGlade Moffitt LiKaShing Campbell Pimentel NorthGate Lewis Stanley LeConte Campanille Evans Hearst Sibley Bechtel Davis Etcheverry Dwinelle Cory Soda
26
Doe Doe
Wheeler Wheeler
Stephans Stephans
Haas Haas
Hertz Hertz
Barrows Barrows
RSF RSF
Sproul Sproul
GBC GBC
MLK MLK
BWW BWW
MemorialStadium MemorialStadium
MainStacks MainStacks
Morgan Morgan
Mulford Mulford
Wellman Wellman
Unit1 Unit1
Unit2 Unit2
Unit3 Unit3
Blackwell Blackwell
BC BC
Foothill Foothill
ClarkKerr ClarkKerr
LakeMerrit LakeMerrit
GoldenStatePark GoldenStatePark
TheRoof TheRoof
