2 11 0 5 1 3 18 7 6 25 15 10 14 29 13 34 9 12 19 22 30 27 41 20 16 40 33 8 47 28 37 23 32 42 57 50 45 58 4 36 31 24 43 38 26 72 51 21 35 65 17 53 54 70 59 44 64 39 49 62 55 46 66 56 74 67 73 48 79 60 69 61 77 90 86 93 52 63 68 84 78 80 85 85 80 87 81 97 97 81 87 78 88 94 75 83 89 76 82 82 91 91 76 92 92 96 96 89 83 99 98 98 99 75 94 88 84 68 95 95 63 52 93 86 90 77 61 69 71 71 60 79 48 73 67 74 56 66 46 55 62 49 39 64 44 59 70 54 53 17 65 35 21 51 72 26 38 43 24 31 36 4 58 45 50 57 42 32 23 37 28 47 8 33 40 16 20 41 27 30 22 19 12 9 34 13 29 14 10 15 25 6 7 18 3 1 5 0 11 2
50
25 25
44 44
13 13
29 29
98 98
58 58
17 17
63 63
28 28
16 16
69 69
61 61
62 62
59 59
67 67
30 30
42 42
31 31
4 4
3 3
0 0
10 10
14 14
94 94
5 5
38 38
86 86
83 83
66 66
40 40
7 7
72 72
11 11
65 65
41 41
50 50
23 23
81 81
88 88
74 74
70 70
47 47
24 24
35 35
60 60
1 1
71 71
76 76
34 34
96 96
