5 4 9 34 17 24 20 11 12 14 0 27 2 7 18 25 30 49 16 47 40 59 19 42 22 35 26 10 45 58 1 54 3 23 13 31 28 46 33 43 62 36 32 69 81 76 102 8 60 72 29 68 15 88 83 79 105 171 57 109 65 71 38 6 80 21 50 93 86 44 125 117 84 89 39 67 41 114 56 48 82 112 115 53 97 66 75 74 96 99 37 61 51 130 64 106 98 78 70 147 104 148 152 87 113 94 91 144 73 101 118 195 95 116 134 145 149 90 121 52 159 85 107 141 127 63 108 137 146 129 165 154 128 128 136 162 103 132 126 111 156 156 158 120 133 166 100 135 180 131 189 77 140 123 143 161 150 151 151 191 124 110 187 182 138 55 164 185 122 122 174 188 142 178 178 142 172 172 188 174 185 164 170 181 181 199 183 160 192 119 167 167 119 186 155 168 139 139 168 179 179 155 186 192 198 198 160 183 199 170 55 138 173 197 197 173 182 194 194 187 110 124 153 153 191 150 190 176 169 169 196 184 184 196 176 190 161 143 123 140 77 189 131 180 135 177 177 100 166 133 120 158 111 157 157 126 132 103 162 136 154 193 193 165 129 146 137 175 92 92 175 108 63 127 141 107 85 159 52 121 163 163 90 149 145 134 116 95 195 118 101 73 144 91 94 113 87 152 148 104 147 70 78 98 106 64 130 51 61 37 99 96 74 75 66 97 53 115 112 82 48 56 114 41 67 39 89 84 117 125 44 86 93 50 21 80 6 38 71 65 109 57 171 105 79 83 88 15 68 29 72 60 8 102 76 81 69 32 36 62 43 33 46 28 31 13 23 3 54 1 58 45 10 26 35 22 42 19 59 40 47 16 49 30 25 18 7 2 27 0 14 12 11 20 24 17 34 9 4 5
100
10 10
194 194
1 1
100 100
47 47
28 28
178 178
133 133
171 171
14 14
85 85
2 2
91 91
48 48
33 33
122 122
76 76
32 32
187 187
146 146
138 138
37 37
96 96
199 199
135 135
174 174
39 39
140 140
53 53
67 67
25 25
103 103
177 177
9 9
69 69
153 153
193 193
104 104
105 105
31 31
168 168
26 26
162 162
50 50
16 16
116 116
75 75
46 46
164 164
34 34
137 137
20 20
157 157
63 63
152 152
180 180
123 123
196 196
52 52
192 192
43 43
143 143
71 71
102 102
61 61
44 44
189 189
158 158
11 11
170 170
81 81
92 92
83 83
101 101
55 55
188 188
51 51
156 156
151 151
80 80
64 64
110 110
99 99
183 183
159 159
42 42
173 173
18 18
184 184
17 17
154 154
41 41
179 179
77 77
58 58
149 149
68 68
56 56
22 22
78 78
