A B C D E AL AL AM AM AN AN AO AO AP AP AQ AQ AR AR AS AS AT AT AU AU AV AV AW AW AX AX AY AY AZ AZ E F F G G H H I I J J K K L L M M N N O O P P Q Q R R S S T T D U U V V W W X X Y Y Z Z AA AA AB AB AC AC AD AD AE AE AF AF AG AG AH AH AI AI AJ AJ AK AK C BP BP BQ BQ BR BR BS BS BT BT BU BU BV BV BW BW BX BX BY BY BZ BZ B BA BA BB BB BC BC BD BD BE BE BF BF BG BG BH BH BI BI BJ BJ BK BK BL BL BM BM BN BN BO BO A
30
H H
U U
V V
W W
X X
Y Y
Z Z
AA AA
AB AB
AC AC
AD AD
AE AE
AF AF
AG AG
AH AH
AI AI
AJ AJ
AK AK
AN AN
BP BP
BQ BQ
BR BR
BS BS
BT BT
BU BU
BV BV
BW BW
BX BX
BY BY
BZ BZ
