DZA GIB GGY GIN HND HMD HRV GUY HKG GUM GUF GTM GRL GRD GNQ GNB GRC GLP FRA GHA GEO GAB FRO GBR FLK FIN ETH FSM FJI ESH EST ESP ERI AUT COK EGY COG COL GMB CAN DOM DMA DJI DNK CZE DEU CYP CYM CXR CXR BGD BRB BLZ BRN COD CHN CIV CHL CMR CHE CCK CAF BVT BWA BTN BTN BMU BRA BLM BOL BLR BIH BHS BHR BGR BEL BFA BDI BES AZE AZE BES BEN BEN BDI BFA BEL BGR BHR BHS BIH BLR BOL BLM BRA BMU BWA BVT CAF CCK CHE CMR CHL CIV CHN COD BRN BLZ BRB BGD ATG AUS AUS ATG ARE ARM ARG ALB AND AND ALB ARG ARM ARE CYM CUB CUB ASM ATF ATA ATA ATF ASM AFG ABW ABW AFG CYP CRI CPV CPV COM COM CRI DEU AIA ALA ALA AIA CZE CUW CUW DNK DJI DMA DOM CAN GMB COL COG EGY COK AUT ERI ESP ECU ECU EST ESH FJI FSM ETH FIN FLK GBR FRO GAB GEO GHA FRA GLP GRC AGO AGO GNB GNQ GRD GRL GTM GUF GUM HKG GUY HRV HMD HND GIN GGY GIB DZA
50
COD COD
FLK FLK
BRN BRN
DJI DJI
AND AND
FRO FRO
CAF CAF
HMD HMD
ARG ARG
GRD GRD
BHS BHS
HND HND
ALB ALB
BLM BLM
CCK CCK
GNQ GNQ
GLP GLP
CHE CHE
BGD BGD
GRC GRC
ATA ATA
FSM FSM
ARE ARE
BES BES
DOM DOM
FIN FIN
CUB CUB
COG COG
GHA GHA
GEO GEO
ABW ABW
CYM CYM
DNK DNK
BDI BDI
GBR GBR
BVT BVT
ATF ATF
ECU ECU
BRB BRB
CUW CUW
ERI ERI
FRA FRA
AUS AUS
CXR CXR
BFA BFA
BEN BEN
HKG HKG
CAN CAN
CZE CZE
BLR BLR
