ATG AUS COL COD COK CHN COG CHL CIV CMR CAN CHE CCK CAF BWA BTN BVT BOL BRN BRB BLR BLZ BRA BMU BLM BIH BHS BFA AZE BGR BES BHR BGD BEL BDI AUT BEN BEN AUT BDI BEL BGD BHR BES BGR AZE BFA BHS BIH BLM BMU BRA BLZ BLR BRB BRN BOL ASM ATF ATA ATA ATF ASM AIA ALA ALA AIA AFG AGO ABW ABW AGO AFG BVT AND ARM ARE ARG ALB ALB ARG ARE ARM AND BTN BWA CAF CCK CHE CAN CMR CIV CHL COG CHN COK COD COL AUS ATG
25
ARM ARM
AFG AFG
BRA BRA
CAN CAN
CHL CHL
ABW ABW
COD COD
CCK CCK
BGR BGR
BLR BLR
BEL BEL
AGO AGO
AIA AIA
ARG ARG
BVT BVT
BLZ BLZ
AND AND
CMR CMR
ATA ATA
BTN BTN
BRB BRB
ALA ALA
BMU BMU
BFA BFA
BHS BHS
