COM SLB SLE SJM SAU SGP SGS SHN SEN REU SDN RUS RWA QAT ROU NRU PSE PRY PNG PRI POL PYF MLI MNG NZL PRT PLW PAK PRK NPL PHL PER NIU NOR NGA NIC NCL NFK NAM MYT NER MTQ MSR PCN PAN MHL MLT MNE OMN MAF MMR MEX MKD MDG MWI MYS IRN IRQ ISL IRL IOT IOT IRL ISL IRQ IRN IND IND EGY GIB GHA GGY GBR GIN FSM FIN GAB GEO ESP ETH ESH FRA FJI FJI ERI FRO EST EST ECU ECU FRO ERI FRA ESH ETH ESP GEO GAB FIN FSM GIN FLK FLK GBR GGY GHA GIB EGY DZA DOM DOM DZA ATA ATF ASM ASM ATF ATA AGO ABW ABW AGO MYS MUS MRT MNP MNP MRT DJI DNK DNK DMA DMA DJI MUS JOR JEY JEY JOR ITA JAM JAM ISR ISR ITA GUF MCO MAR MDV MAC IDN MDA HKG LVA LBN LUX LTU LSO KNA LAO KGZ LBY LIE LKA LCA KOR KEN CRI JPN LBR HTI KIR KAZ KWT GNB HND GRL GTM HMD KHM HUN GMB HRV GUM CPV GUY GNQ GLP GLP COD GRC GRC COG COK COL CMR GRD NLD BWA CHN CHL CHL CAN CIV CAF CCK CHE BVT BTN BTN BVT CHE CCK CAF CIV CAN CHN BWA NLD GRD CMR COL COK COG COD GNQ GUY CPV GUM HRV GMB HUN KHM HMD GTM GRL HND GNB KWT KAZ KIR HTI LBR JPN CRI KEN KOR LCA LKA LIE LBY KGZ LAO KNA LSO LTU LUX LBN LVA HKG MDA IDN MAC MDV MAR MCO GUF CXR DEU CZE CYP CYM CYM CYP CZE DEU CXR ATG AUS AUS ATG MWI MDG MKD MEX MMR MAF OMN MNE MLT MHL PAN PCN MSR MTQ CUB CUW CUW CUB AUT BHS BRB BRA BFA BRN BLZ BOL BMU BEN BLM BHR BGR BIH BLR BES BES AZE BEL BGD BGD BDI BDI BEL AZE BLR BIH BGR BHR BLM BEN BMU BOL BLZ BRN BFA BRA BRB BHS AUT NER ARM ARG ARE AND ALB ALB AND ARE ARG ARM AIA AIA MYT NAM ALA ALA NFK NCL NIC NGA NOR NIU PER PHL NPL PRK PAK PLW PRT NZL MNG MLI PYF POL PRI PNG MOZ MOZ PRY PSE NRU ROU QAT RWA RUS IMN IMN SDN AFG AFG REU SEN SHN SGS SGP SAU SJM SLE SLB COM
100
CIV CIV
CAN CAN
HND HND
MOZ MOZ
ITA ITA
KOR KOR
NER NER
MYT MYT
REU REU
GRC GRC
LUX LUX
CXR CXR
LIE LIE
EGY EGY
MMR MMR
GNQ GNQ
PAN PAN
NPL NPL
SHN SHN
FRA FRA
ESP ESP
LKA LKA
BLM BLM
COG COG
GIB GIB
MAC MAC
MAR MAR
LBR LBR
KHM KHM
MEX MEX
ATG ATG
MDA MDA
IDN IDN
ARM ARM
DZA DZA
PRY PRY
SDN SDN
NRU NRU
GBR GBR
LBN LBN
MTQ MTQ
BDI BDI
DMA DMA
BHS BHS
NZL NZL
KNA KNA
GUM GUM
RUS RUS
COL COL
IRL IRL
AFG AFG
BEN BEN
COK COK
HKG HKG
NFK NFK
ESH ESH
ALB ALB
HRV HRV
HTI HTI
AZE AZE
HMD HMD
PNG PNG
SGS SGS
MLI MLI
PAK PAK
LAO LAO
GIN GIN
GEO GEO
KAZ KAZ
CYP CYP
FSM FSM
DEU DEU
POL POL
JEY JEY
CHN CHN
KWT KWT
ALA ALA
FIN FIN
CPV CPV
IRN IRN
HUN HUN
DJI DJI
AUS AUS
LTU LTU
ARE ARE
PSE PSE
ABW ABW
NIU NIU
BHR BHR
ECU ECU
IOT IOT
NIC NIC
GAB GAB
GMB GMB
JPN JPN
COD COD
BMU BMU
RWA RWA
CAF CAF
GHA GHA
