Soda 1 2 4 7 3 0 5 6 8 9 11 13 10 12 14 15 16 17 20 19 18 21 22 23 24 26 25 27 29 28 30 31 32 34 33 35 36 39 37 38 41 42 40 43 45 44 46 47 49 48 50 52 51 57 53 54 56 55 58 60 59 61 62 63 64 65 67 70 68 69 66 71 73 72 74 75 77 76 80 78 81 82 79 84 83 86 88 87 85 89 92 91 95 90 94 93 97 98 100 96 101 99 103 105 104 102 106 107 109 108 111 112 110 114 113 118 115 116 120 117 122 119 121 123 124 126 125 128 127 129 132 130 133 131 134 136 135 140 138 137 142 139 141 143 144 145 146 147 149 148 150 151 152 153 156 155 154 157 161 160 159 158 163 162 164 166 165 168 169 170 172 167 179 171 175 173 174 176 178 177 182 184 180 185 181 183 186 188 187 189 190 191 192 193 196 194 198 197 195 195 197 198 194 196 193 192 191 190 189 187 188 186 183 181 185 180 184 182 177 178 176 174 173 175 171 179 167 172 170 169 168 165 166 164 162 163 158 159 160 161 157 154 155 156 153 152 151 150 148 149 147 146 145 144 143 141 139 142 137 138 140 135 136 134 131 133 130 132 129 127 128 125 126 124 123 121 119 122 117 120 116 115 118 113 114 110 112 111 108 109 107 106 102 104 105 103 99 101 96 100 98 97 93 94 90 95 91 92 89 85 87 88 86 83 84 79 82 81 78 80 76 77 75 74 72 73 71 66 69 68 70 67 65 64 63 62 61 59 60 58 55 56 54 53 57 51 52 50 48 49 47 46 44 45 43 40 42 41 38 37 39 36 35 33 34 32 31 30 28 29 27 25 26 24 23 22 21 18 19 20 17 16 15 14 12 10 13 11 9 8 6 5 0 3 7 4 2 1 Soda
100
99 99
100 100
101 101
102 102
103 103
104 104
105 105
106 106
107 107
108 108
109 109
110 110
111 111
112 112
113 113
114 114
115 115
116 116
117 117
118 118
119 119
120 120
121 121
122 122
123 123
124 124
125 125
126 126
127 127
128 128
129 129
130 130
131 131
132 132
133 133
134 134
135 135
136 136
137 137
138 138
139 139
140 140
141 141
142 142
143 143
144 144
145 145
146 146
147 147
148 148
149 149
150 150
151 151
152 152
153 153
154 154
155 155
156 156
157 157
158 158
159 159
160 160
161 161
162 162
163 163
164 164
165 165
166 166
167 167
168 168
169 169
170 170
171 171
172 172
173 173
174 174
175 175
176 176
177 177
178 178
179 179
180 180
181 181
182 182
183 183
184 184
185 185
186 186
187 187
188 188
189 189
190 190
191 191
192 192
193 193
194 194
195 195
196 196
197 197
198 198
