Soda a b c d e f g h i j k l m n n m l0 l0 l1 l1 l k0 k0 k1 k1 k j0 j0 j1 j1 j i0 i0 i1 i1 i h0 h0 h1 h1 h g0 g0 g1 g1 g f0 f0 f1 f1 f e0 e0 e1 e1 e d0 d0 d1 d1 d c0 c0 c1 c1 c b0 b0 b1 b1 b a0 a0 a1 a1 a o p r q q s u t t v x y w w y x v u s r p o 50 51 52 53 63 63 64 65 65 64 53 60 60 61 62 62 61 52 57 57 58 59 59 58 51 54 54 55 56 56 55 50 66 67 68 69 69 90 91 92 93 94 94 93 92 91 90 95 96 97 98 99 99 98 97 96 95 68 80 81 82 83 84 84 83 82 81 80 85 86 87 88 89 89 88 87 86 85 67 70 71 72 73 74 74 73 72 71 70 75 76 77 78 79 79 78 77 76 75 66 Soda
50
a0 a0
a1 a1
b0 b0
b1 b1
c0 c0
c1 c1
d0 d0
d1 d1
e0 e0
e1 e1
f0 f0
f1 f1
g0 g0
g1 g1
h0 h0
h1 h1
i0 i0
i1 i1
j0 j0
j1 j1
k0 k0
k1 k1
l0 l0
l1 l1
y y
54 54
55 55
56 56
57 57
58 58
59 59
60 60
61 61
62 62
63 63
64 64
65 65
72 72
74 74
77 77
79 79
82 82
84 84
87 87
89 89
92 92
94 94
97 97
99 99
69 69
