130 84 16 82 51 120 105 29 143 160 171 168 18 1 22 193 150 21 100 129 20 75 94 46 158 0 173 185 136 66 132 6 91 80 47 73 87 48 61 25 19 5 167 71 192 192 71 189 189 54 63 12 39 39 12 63 54 167 5 19 25 61 48 87 73 47 80 91 6 132 66 136 185 173 0 158 46 94 75 20 129 100 21 150 193 22 1 18 168 171 160 143 29 105 120 51 82 16 84 130
25
173 173
63 63
136 136
167 167
130 130
6 6
158 158
29 29
46 46
193 193
51 51
84 84
87 87
185 185
100 100
73 73
47 47
94 94
171 171
19 19
54 54
132 132
18 18
0 0
168 168
