90 69 178 126 134 175 143 98 53 180 34 183 118 186 96 105 22 30 56 35 179 67 72 196 147 25 136 16 109 79 128 193 8 160 197 83 87 38 142 159 65 182 120 157 50 75 103 41 170 122 148 161 24 63 144 173 64 73 140 45 171 86 200 177 77 156 71 153 194 106 29 13 174 76 139 92 162 104 4 123 40 14 129 138 60 100 108 121 47 74 57 163 15 39 95 27 158 130 94 49 26 117 1 112 152 36 145 0 85 46 185 176 62 172 151 192 68 146 115 19 33 21 32 43 107 58 164 3 187 150 166 124 18 2 78 114 188 154 31 155 116 9 7 99 119 199 110 141 111 11 52 61 5 198 165 42 44 132 127 184 181 28 17 23 66 149 168 189 37 12 191 137 55 102 10 80 190 91 48 167 81 20 70 70 51 97 97 82 84 135 135 84 133 169 125 195 113 59 54 93 93 54 59 89 6 88 88 6 89 113 195 125 169 133 82 51 20 81 167 48 91 190 80 10 102 55 101 101 137 191 12 37 189 168 149 66 23 17 28 181 184 127 132 44 42 165 198 5 61 52 11 111 141 110 199 119 99 7 9 116 155 31 154 188 114 78 2 18 124 166 150 187 3 164 58 107 43 32 21 33 19 115 146 68 192 151 172 62 176 185 46 85 0 145 36 152 112 1 117 26 49 94 130 158 27 95 39 15 163 57 74 47 121 108 100 60 138 129 14 40 123 4 104 162 92 139 76 174 13 29 106 194 153 71 156 77 177 200 86 171 45 140 73 64 173 144 63 24 161 148 122 170 41 103 75 50 157 120 182 65 159 142 38 87 83 197 160 8 193 128 79 109 16 136 25 147 196 72 67 179 35 56 30 22 105 96 186 118 183 34 180 53 98 143 175 134 126 178 69 90
30
189 189
97 97
190 190
12 12
84 84
82 82
20 20
135 135
48 48
10 10
169 169
55 55
191 191
132 132
167 167
59 59
133 133
70 70
113 113
195 195
88 88
91 91
125 125
81 81
6 6
89 89
101 101
93 93
54 54
51 51
