113 89 177 155 82 13 88 137 57 24 156 114 5 127 85 109 184 32 38 22 199 124 180 76 64 165 66 160 40 53 172 200 7 188 128 58 80 56 2 61 117 12 112 105 60 123 151 27 27 151 36 36 123 190 190 60 105 112 12 117 61 2 56 80 58 128 188 7 200 172 53 40 160 66 165 64 76 180 124 199 22 38 32 184 109 85 127 5 114 156 24 57 137 88 13 82 155 177 89 113
25
82 82
58 58
114 114
2 2
76 76
124 124
113 113
109 109
177 177
12 12
190 190
105 105
53 53
88 88
66 66
172 172
199 199
112 112
38 38
188 188
57 57
22 22
27 27
85 85
60 60
