Soda 3 2 4 5 7 6 8 9 10 11 13 12 16 14 15 17 18 19 20 21 23 22 24 25 28 26 27 29 30 31 32 33 34 35 37 36 38 42 39 40 41 43 44 45 46 48 47 49 51 50 53 52 55 54 56 58 57 59 61 62 60 63 64 65 66 67 68 69 70 74 71 72 73 75 76 77 78 79 80 81 82 83 84 85 86 88 87 89 90 92 93 91 95 94 97 96 98 99 100 102 101 103 105 104 106 107 108 110 109 111 113 112 114 115 116 117 118 119 121 120 122 123 124 125 126 128 127 129 130 132 131 133 135 134 136 137 138 139 140 141 142 143 144 145 146 147 148 149 151 150 154 153 152 155 156 157 158 160 159 161 162 163 164 165 168 166 169 167 170 171 172 173 174 175 176 177 178 179 180 181 182 183 184 185 186 187 188 189 190 191 192 193 194 195 196 197 199 200 198 198 200 199 197 196 195 194 193 192 191 190 189 188 187 186 185 184 183 182 181 180 179 178 177 176 175 174 173 172 171 170 167 169 166 168 165 164 163 162 161 159 160 158 157 156 155 152 153 154 150 151 149 148 147 146 145 144 143 142 141 140 139 138 137 136 134 135 133 131 132 130 129 127 128 126 125 124 123 122 120 121 119 118 117 116 115 114 112 113 111 109 110 108 107 106 104 105 103 101 102 100 99 98 96 97 94 95 91 93 92 90 89 87 88 86 85 84 83 82 81 80 79 78 77 76 75 73 72 71 74 70 69 68 67 66 65 64 63 60 62 61 59 57 58 56 54 55 52 53 50 51 49 47 48 46 45 44 43 41 40 39 42 38 36 37 35 34 33 32 31 30 29 27 26 28 25 24 22 23 21 20 19 18 17 15 14 16 12 13 11 10 9 8 6 7 5 4 2 3 Soda
100
2 2
3 3
4 4
5 5
6 6
7 7
8 8
9 9
10 10
11 11
12 12
13 13
14 14
15 15
16 16
17 17
18 18
19 19
20 20
21 21
22 22
23 23
24 24
25 25
26 26
27 27
28 28
29 29
30 30
31 31
32 32
33 33
34 34
35 35
36 36
37 37
38 38
39 39
40 40
41 41
42 42
43 43
44 44
45 45
46 46
47 47
48 48
49 49
50 50
51 51
52 52
53 53
54 54
55 55
56 56
57 57
58 58
59 59
60 60
61 61
62 62
63 63
64 64
65 65
66 66
67 67
68 68
69 69
70 70
71 71
72 72
73 73
74 74
75 75
76 76
77 77
78 78
79 79
80 80
81 81
82 82
83 83
84 84
85 85
86 86
87 87
88 88
89 89
90 90
91 91
92 92
93 93
94 94
95 95
96 96
97 97
98 98
99 99
100 100
101 101
