Soda 2 3 4 6 8 9 7 5 10 12 11 14 13 15 18 17 19 16 20 22 23 21 24 25 27 26 28 29 30 31 32 34 35 33 38 37 39 36 40 41 42 44 43 45 46 48 50 47 49 51 53 52 54 55 57 56 58 59 60 62 63 61 64 65 66 67 69 68 71 70 72 73 74 77 75 76 78 80 79 82 81 83 84 85 87 86 89 90 88 91 93 92 94 96 95 97 98 98 99 99 97 95 100 100 96 94 92 93 91 88 90 89 86 87 85 84 83 81 82 79 80 78 76 75 77 74 73 72 70 71 68 69 67 66 65 64 61 63 62 60 59 58 56 57 55 54 52 53 51 49 47 50 48 46 45 43 44 42 41 40 36 39 37 38 33 35 34 32 31 30 29 28 26 27 25 24 21 23 22 20 16 19 17 18 15 13 14 11 12 10 5 7 9 8 6 4 3 2 Soda
50
2 2
3 3
4 4
5 5
6 6
7 7
8 8
9 9
10 10
11 11
12 12
13 13
14 14
15 15
16 16
17 17
18 18
19 19
20 20
21 21
22 22
23 23
24 24
25 25
26 26
27 27
28 28
29 29
30 30
31 31
32 32
33 33
34 34
35 35
36 36
37 37
38 38
39 39
40 40
41 41
42 42
43 43
44 44
45 45
46 46
47 47
48 48
49 49
50 50
51 51
