Wurster Barrows Class Dwinelle Simon Lansing Soda Missouri Barker Hilgard Minnesota Annapolis Hesse Visitor Alabama Montgomery Tennessee Kleeberger Goldman Moses Recreational California Moffitt Blackwell Wheeler Boston Charleston Indianapolis Salem Brain Massachusetts Spieker Campbell Evans Honolulu Haste Latimer Stadium Eshleman Madison Martin Des Maxwell Donner Salt Optometry Raleigh Juneau Warren Observatory Pennsylvania Jacobs Chvez Bancroft Carson Hartford Gayley Baton Parking Vermont Iowa McLaughlin Frank Pitzer Life Lincoln Denver Oregon Stanley Kentucky Hazardous Zellerbach Chan Insectary Phoenix Alumni Alaska Lewis Memorial Ohio Maine Campanile Sutardja Idaho Anthony Simpson UC Cory Gilman Hildebrand Providence Morgan Sather Georgia Florida Topeka North Arkansas Nevada Silver Silver Nevada Arkansas North Topeka Florida Georgia Sather Morgan Providence Hildebrand Gilman Cory UC Simpson Anthony Idaho Sutardja Campanile Maine Ohio Memorial Lewis Alaska Alumni Phoenix Insectary Chan Zellerbach Hazardous Kentucky Stanley Oregon Denver Lincoln Life Pitzer Frank McLaughlin Iowa Vermont Parking Baton Gayley Hartford Carson Bancroft Chvez Jacobs Pennsylvania Observatory Warren Juneau Raleigh Optometry Salt Donner Maxwell Des Martin Madison Eshleman Stadium Latimer Haste Honolulu Evans Campbell Spieker Massachusetts Brain Salem Indianapolis Charleston Boston Wheeler Blackwell Moffitt California Recreational Moses Goldman Kleeberger Tennessee Montgomery Alabama Visitor Hesse Annapolis Minnesota Hilgard Barker Missouri Soda Lansing Simon Dwinelle Class Barrows Wurster
50
Silver Silver
Boston Boston
Honolulu Honolulu
Alabama Alabama
Montgomery Montgomery
California California
Frank Frank
Hazardous Hazardous
Sutardja Sutardja
Recreational Recreational
Maxwell Maxwell
Sather Sather
Pennsylvania Pennsylvania
Visitor Visitor
Stanley Stanley
Massachusetts Massachusetts
Salem Salem
Hilgard Hilgard
Wurster Wurster
Vermont Vermont
Parking Parking
Optometry Optometry
Juneau Juneau
Class Class
Florida Florida
Raleigh Raleigh
Oregon Oregon
Simpson Simpson
Spieker Spieker
North North
Tennessee Tennessee
Nevada Nevada
Simon Simon
Moses Moses
McLaughlin McLaughlin
Pitzer Pitzer
Hesse Hesse
Indianapolis Indianapolis
Kleeberger Kleeberger
Chan Chan
Cory Cory
Goldman Goldman
Gilman Gilman
Blackwell Blackwell
Anthony Anthony
Moffitt Moffitt
Barrows Barrows
Brain Brain
Idaho Idaho
Observatory Observatory
