Rhode Olympia Kentucky McEnerney Senior Cheyenne Campbell East University Haviland Dwinelle Arkansas Lawrence Valley Harrisburg Hellman Martin Nebraska Donner Life Koshland Campanile Michigan New Davis South Colorado Baton Kroeber Botanical Kleeberger Fox Silver Residence Wurster Moses California Natural Idaho Indianapolis Pitzer Sibley Grinnell Cory Greenhouse CNMAT Cleary Zellerbach Montpelier Warren Calvin Nevada Parking Frank Genetics Iowa Columbia Augusta BART Austin Evans Recreational Optometry Blackwell Bowles Tang Simpson Oregon Wyoming Virginia Morgan Krutch Gilman Alaska Florida Salem LeConte Simon Berkeley Brain Wickson McCone Albany Class Heating Anthony Annapolis Jefferson Utah Durham Energy UC Goldman Doe Witter Connecticut Martinez Pennsylvania Golden Maryland West Boston Giauque Hawaii Edwards Carson Santa Salt Eshleman Oklahoma Columbus Wisconsin Memorial Denver Raleigh Bechtel Birge Andersen Lewis Mathematical Wheeler Delaware Mississippi Gayley Lower Lansing Atlanta Clark Illinois Montgomery Mulford Maine Madison Etcheverry Northwest Old Richmond Alabama Tennessee Kansas Maxwell Providence Chvez Springfield Hazardous Springer Soda Jackson Observatory Banway Durant Little Unit Hesse Hertz Police Chou Bancroft Cyclotron Minnesota Hargrove Montana Eye Moffitt Jones Phoenix Hartford Trenton McLaughlin Lincoln Ida Concord Blum Des Massachusetts Sproul Boise Boalt Tan Stadium Insectary Giannini Frankfort Tallahassee Foothill Haste Faculty Bismarck Chan Jacobs Hearst Stern Morrison International Barrows Woo Dover Nashville Topeka Ishi Ishi Topeka Nashville Dover Woo Barrows International Morrison Stern Hearst Jacobs Chan Bismarck Faculty Haste Foothill Tallahassee Frankfort Giannini Insectary Stadium Tan Boalt Boise Sproul Massachusetts Des Blum Concord Ida Lincoln McLaughlin Trenton Hartford Phoenix Jones Moffitt Eye Montana Hargrove Minnesota Cyclotron Bancroft Chou Police Hertz Hesse Unit Little Durant Banway Observatory Jackson Soda Springer Hazardous Springfield Chvez Providence Maxwell Kansas Tennessee Alabama Richmond Old Northwest Etcheverry Madison Maine Mulford Montgomery Illinois Clark Atlanta Lansing Lower Gayley Mississippi Delaware Wheeler Mathematical Lewis Andersen Birge Bechtel Raleigh Denver Memorial Wisconsin Columbus Oklahoma Eshleman Salt Santa Carson Edwards Hawaii Giauque Boston West Maryland Golden Pennsylvania Martinez Connecticut Witter Doe Goldman UC Energy Durham Utah Jefferson Annapolis Anthony Heating Class Albany McCone Wickson Brain Berkeley Simon LeConte Salem Florida Alaska Gilman Krutch Morgan Virginia Wyoming Oregon Simpson Tang Bowles Blackwell Optometry Recreational Evans Austin BART Augusta Columbia Iowa Genetics Frank Parking Nevada Calvin Warren Montpelier Zellerbach Cleary CNMAT Greenhouse Cory Grinnell Sibley Pitzer Indianapolis Idaho Natural California Moses Wurster Residence Silver Fox Kleeberger Botanical Kroeber Baton Colorado South Davis New Michigan Campanile Koshland Life Donner Nebraska Martin Hellman Harrisburg Valley Lawrence Arkansas Dwinelle Haviland University East Campbell Cheyenne Senior McEnerney Kentucky Olympia Rhode
100
Krutch Krutch
Energy Energy
Hearst Hearst
Campanile Campanile
Providence Providence
Utah Utah
Florida Florida
Jacobs Jacobs
Birge Birge
Clark Clark
Bancroft Bancroft
Harrisburg Harrisburg
Hawaii Hawaii
CNMAT CNMAT
Rhode Rhode
Blackwell Blackwell
Annapolis Annapolis
LeConte LeConte
Cory Cory
Edwards Edwards
Observatory Observatory
Wisconsin Wisconsin
McLaughlin McLaughlin
Haste Haste
Illinois Illinois
Moffitt Moffitt
Silver Silver
Insectary Insectary
Chou Chou
Little Little
Nashville Nashville
Baton Baton
Bowles Bowles
Montana Montana
Moses Moses
Jefferson Jefferson
East East
Hartford Hartford
Donner Donner
Lansing Lansing
Chvez Chvez
Hellman Hellman
BART BART
Columbia Columbia
Stadium Stadium
Michigan Michigan
Class Class
International International
Hertz Hertz
Pennsylvania Pennsylvania
McEnerney McEnerney
Kentucky Kentucky
Tang Tang
Life Life
Jones Jones
Durham Durham
Columbus Columbus
Salt Salt
Heating Heating
Berkeley Berkeley
Sproul Sproul
Maryland Maryland
West West
Olympia Olympia
Tennessee Tennessee
Martin Martin
Durant Durant
Concord Concord
Simpson Simpson
Madison Madison
Simon Simon
Morrison Morrison
Oregon Oregon
Police Police
Brain Brain
Topeka Topeka
Lower Lower
Boalt Boalt
Richmond Richmond
Nevada Nevada
University University
Austin Austin
Mathematical Mathematical
Minnesota Minnesota
Valley Valley
Barrows Barrows
Cheyenne Cheyenne
Montgomery Montgomery
Hargrove Hargrove
Foothill Foothill
Springer Springer
Santa Santa
Etcheverry Etcheverry
Trenton Trenton
Maxwell Maxwell
Mulford Mulford
Grinnell Grinnell
Warren Warren
Mississippi Mississippi
Cleary Cleary
