Donner Cyclotron Helena Brain North Albany McCone Juneau Wurster Optometry Hertz Haas Wyoming McLaughlin Santa Campanile Phoenix Illinois Architects Annapolis Heating Haste Providence Tang Little Maryland Stadium CNMAT Durham Life Topeka Doe Foothill Minnesota Jackson Ishi Eye Gilman Tallahassee Old Mississippi Kansas Gayley Alabama Nevada Recreational Idaho Cory Iowa Martinez Martinez Iowa Cory Idaho Recreational Nevada Alabama Gayley Kansas Mississippi Old Tallahassee Gilman Eye Ishi Jackson Minnesota Foothill Doe Topeka Life Durham CNMAT Stadium Maryland Little Tang Providence Haste Heating Annapolis Architects Illinois Phoenix Campanile Santa McLaughlin Wyoming Haas Hertz Optometry Wurster Juneau McCone Albany North Brain Helena Cyclotron Donner
25
Old Old
North North
Topeka Topeka
Foothill Foothill
Haas Haas
Cyclotron Cyclotron
Helena Helena
Providence Providence
Optometry Optometry
Life Life
Santa Santa
Minnesota Minnesota
Iowa Iowa
Juneau Juneau
Ishi Ishi
Illinois Illinois
Phoenix Phoenix
Gilman Gilman
Gayley Gayley
Recreational Recreational
McCone McCone
Wurster Wurster
Donner Donner
Haste Haste
Tallahassee Tallahassee
