AY AW AU AB AD AE H J L AH AF AZ AG AK AJ Q R P O O P T AN AL S AI BD BA BT BR BR BT BA BC BB BB BC BW BX BE AM BF BG BY BH BH BY CA CA CB CB CU CU BG BF AM BZ CS CP CQ CN CJ CH CH CK BQ BS BM AT AT AV AV BM BV BU CL CL BU BV BS BQ CI BP BO BN BK BJ BI CC CD CF CG CE CE CG CF CD CC BI BJ BL AQ AO AO AP V U U V W X B A A E C C D F G G I I N K K M M N F AC Y Y AC D E B X W AS Z AA AA Z AS AP AQ AR AR BL BK BN BO BP CI CK CJ CM CO CO CM CN CQ CP CR CR CS CV CT CT CV BZ BE BX BW BD AI S AL AN T R Q AJ AK AG AZ AF AH L J H AE AX AX AD AB AU AW AY
40
A A
B B
D D
F F
G G
H H
I I
K K
M M
O O
P P
S S
T T
V V
X X
Y Y
AD AD
AG AG
AJ AJ
AM AM
AO AO
AQ AQ
AS AS
AV AV
AX AX
BA BA
BF BF
BG BG
BI BI
BJ BJ
BN BN
CA CA
CB CB
CC CC
CK CK
CN CN
CO CO
CP CP
CS CS
CT CT
