100 31 15 27 62 25 22 60 61 14 34 7 39 78 37 66 117 111 113 116 155 108 65 102 84 83 166 80 64 64 80 166 83 84 86 85 87 172 172 87 89 89 164 165 104 156 153 115 115 153 156 104 165 164 85 86 102 65 108 112 82 159 161 181 186 184 193 191 192 188 21 56 57 57 56 21 136 20 138 138 141 133 50 19 47 48 1 17 2 44 4 71 5 5 71 4 45 26 26 43 29 13 103 103 13 29 72 40 8 9 6 74 73 41 3 42 144 129 130 131 132 132 142 46 46 142 131 130 129 144 42 3 145 128 128 143 143 146 127 147 147 127 148 149 126 126 149 148 146 145 41 73 74 6 9 8 40 72 43 45 44 2 17 54 54 1 49 51 23 53 18 55 24 24 58 98 94 92 92 95 96 187 182 185 93 99 99 93 183 183 185 189 189 194 194 182 187 96 95 94 97 97 180 180 98 175 175 58 55 18 52 52 53 23 51 49 48 47 19 50 134 135 114 114 139 140 200 196 196 199 137 137 199 200 140 139 198 198 135 134 133 141 20 197 190 190 195 195 197 136 188 192 191 193 184 186 181 161 159 160 160 82 112 155 116 120 109 118 121 76 10 11 12 33 36 28 28 70 70 36 33 69 107 107 69 12 75 75 11 105 105 10 67 67 76 110 106 77 38 35 68 68 35 38 77 106 110 119 119 152 152 121 124 124 118 109 120 113 111 117 66 37 81 79 79 81 78 151 123 150 122 122 125 125 150 123 151 39 7 34 14 16 30 30 59 90 170 168 162 154 154 157 157 158 158 167 171 174 174 171 167 162 169 163 173 173 163 169 168 170 90 59 16 61 60 22 25 62 63 63 27 15 31 88 32 178 176 176 177 177 179 179 178 32 88 91 91 101 101 100
64
1 1
2 2
3 3
4 4
5 5
6 6
7 7
8 8
9 9
10 10
11 11
12 12
13 13
14 14
15 15
16 16
17 17
18 18
19 19
20 20
21 21
22 22
23 23
24 24
25 25
26 26
27 27
28 28
29 29
30 30
31 31
32 32
33 33
34 34
36 36
37 37
39 39
40 40
41 41
42 42
43 43
44 44
45 45
46 46
47 47
48 48
49 49
50 50
51 51
52 52
53 53
54 54
55 55
56 56
57 57
58 58
59 59
60 60
111 111
121 121
153 153
165 165
182 182
192 192
