BukitBatokEast Seletar AirportRoad BukitHoSwee Tengah Sudong DowntownCore Frankel Springleaf Geylang Redhill Boulevard CliffordPier SimpangNorth Sembawang Jelebu PulauPunggolTimor LowerSeletar Tengeh TiongBahruStation KampongGlam LeonieHill SouthernGroup ChoaChuKang TanglinHalt TanjongPagar Simei SembawangHills Tyersall JooKoon PearlsHill GaliBatuMandai Hillview Yishun NeeSoon Gombak SwissClub KakiBukit Safti CompassvaleTrafalgar CityHall BoatQuay RobertsonQuay RiverValley Crawford Hillcrest Bendemeer Bendemeer Bayshore GhimMoh GhimMoh SungeiRoad SungeiRoad Bayshore Hillcrest Crawford RiverValley RobertsonQuay BoatQuay CityHall CompassvaleTrafalgar Safti KakiBukit SwissClub Gombak NeeSoon Yishun Hillview GaliBatuMandai PearlsHill JooKoon Tyersall SembawangHills Simei TanjongPagar TanglinHalt ChoaChuKang SouthernGroup LeonieHill KampongGlam TiongBahruStation Tengeh LowerSeletar PulauPunggolTimor Jelebu Sembawang SimpangNorth CliffordPier Boulevard Redhill Geylang Springleaf Frankel DowntownCore Sudong Tengah BukitHoSwee AirportRoad Seletar BukitBatokEast
25
Frankel Frankel
SungeiRoad SungeiRoad
Simei Simei
Redhill Redhill
GaliBatuMandai GaliBatuMandai
Tengeh Tengeh
RiverValley RiverValley
SimpangNorth SimpangNorth
NeeSoon NeeSoon
JooKoon JooKoon
DowntownCore DowntownCore
SwissClub SwissClub
ChoaChuKang ChoaChuKang
GhimMoh GhimMoh
Hillcrest Hillcrest
LowerSeletar LowerSeletar
LeonieHill LeonieHill
Sudong Sudong
PearlsHill PearlsHill
Safti Safti
TanjongPagar TanjongPagar
Tyersall Tyersall
TiongBahruStation TiongBahruStation
CityHall CityHall
Sembawang Sembawang
