LeonieHill NatureReserve WestCoast PasirPanjang2 YioChuKang WoodlandsSouth LiuFang TanjongRhu FarrerPark Clementi SungeiRoad KallangWay Townsville MandaiEstate NorthCoast Shipyard NeeSoon Sennett ChangiPoint Yishun Khatib Mandai Victoria Boulevard StraitsView YioChuKangWest LoyangWest JurongWestCentral PunggolTownCentre TheWharves Novena InstitutionHill Ridout Guilin DefuIndustrialPark YewTee Rochor Springleaf SingaporePolytechnic KampongGlam KeatHong CompassvaleTrafalgar ChangiBay Pandan Gombak ClarkeQuay WaterwayEast TuasBay OrangeGrove JurongPort ChoaChuKang HougangCentral ChoaChuKangCentral MonksHill YishunCentral SembawangSprings SerangoonGarden YishunWest Tyersall Plab Phillip Trafalgar MandaiEast ChangiWest ChengSan YuhuaEast ConeyIsland PasirRisPark Woodgrove AirportRoad Semakau PeoplesPark TanglinHalt SungeiKadut JooSengPayaLebar Changi MandaiWest Seletar ClementiCentral KampongUbi Kranji GeylangBahru TampinesWest Admiralty Lavender GreenwoodPark WesternIslands BishanEast Frankel PasirRisCentralTown ShangriLa YuhuaWestBoonLay Outram BukitBatokCentral LoyangEast Sentosa PasirRisWestElias NorthEasternIslands AnchorvaleBuangkok AnchorvaleBuangkok Cecil Cecil NorthEasternIslands PasirRisWestElias Sentosa LoyangEast BukitBatokCentral Outram YuhuaWestBoonLay ShangriLa PasirRisCentralTown Frankel BishanEast WesternIslands GreenwoodPark Lavender Admiralty TampinesWest GeylangBahru Kranji KampongUbi ClementiCentral Seletar MandaiWest Changi JooSengPayaLebar SungeiKadut TanglinHalt PeoplesPark Semakau AirportRoad Woodgrove PasirRisPark ConeyIsland YuhuaEast ChengSan ChangiWest MandaiEast Trafalgar Phillip Plab Tyersall YishunWest SerangoonGarden SembawangSprings YishunCentral MonksHill ChoaChuKangCentral HougangCentral ChoaChuKang JurongPort OrangeGrove TuasBay WaterwayEast ClarkeQuay Gombak Pandan ChangiBay CompassvaleTrafalgar KeatHong KampongGlam SingaporePolytechnic Springleaf Rochor YewTee DefuIndustrialPark Guilin Ridout InstitutionHill Novena TheWharves PunggolTownCentre JurongWestCentral LoyangWest YioChuKangWest StraitsView Boulevard Victoria Mandai Khatib Yishun ChangiPoint Sennett NeeSoon Shipyard NorthCoast MandaiEstate Townsville KallangWay SungeiRoad Clementi FarrerPark TanjongRhu LiuFang WoodlandsSouth YioChuKang PasirPanjang2 WestCoast NatureReserve LeonieHill
50
Guilin Guilin
Trafalgar Trafalgar
Townsville Townsville
SerangoonGarden SerangoonGarden
Springleaf Springleaf
ClementiCentral ClementiCentral
Novena Novena
FarrerPark FarrerPark
SungeiKadut SungeiKadut
Boulevard Boulevard
MonksHill MonksHill
AirportRoad AirportRoad
KallangWay KallangWay
Shipyard Shipyard
YuhuaWestBoonLay YuhuaWestBoonLay
YioChuKang YioChuKang
SungeiRoad SungeiRoad
TuasBay TuasBay
Phillip Phillip
TampinesWest TampinesWest
Sennett Sennett
SembawangSprings SembawangSprings
Kranji Kranji
Victoria Victoria
Ridout Ridout
BishanEast BishanEast
Yishun Yishun
MandaiWest MandaiWest
PasirPanjang2 PasirPanjang2
NorthCoast NorthCoast
Semakau Semakau
PunggolTownCentre PunggolTownCentre
Outram Outram
Sentosa Sentosa
OrangeGrove OrangeGrove
TanglinHalt TanglinHalt
NeeSoon NeeSoon
BukitBatokCentral BukitBatokCentral
ChoaChuKangCentral ChoaChuKangCentral
ConeyIsland ConeyIsland
AnchorvaleBuangkok AnchorvaleBuangkok
JurongWestCentral JurongWestCentral
Tyersall Tyersall
KampongGlam KampongGlam
GreenwoodPark GreenwoodPark
SingaporePolytechnic SingaporePolytechnic
Woodgrove Woodgrove
DefuIndustrialPark DefuIndustrialPark
ChangiWest ChangiWest
LoyangEast LoyangEast
