YuhuaEast Sentosa BedokNorth SerangoonCentral Woodleigh MountEmily KianTeck Geylang SungeiKadut BayfrontSubzone PotongPasir BedokSouth ClarkeQuay SembawangHills Punggol PearlsHill Port YioChuKang OneNorth EastCoast Simei WestCoast BoatQuay SimpangSouth PeoplesPark PasirPanjang2 MandaiEast Moulmein Boulevard PengSiang TuasBay Simpang SenokoNorth InstitutionHill JurongWestCentral MandaiWest PasirPanjang1 PulauPunggolBarat Queensway BoonLayPlace Anson Woodgrove MandaiEstate WaterwayEast Hillcrest TagoreSindo Kembangan Clementi PayaLebar Paterson SimpangNorth PunggolField BukitBatokEast Matilda Yunnan Senja SengkangTownCentre JooSengPayaLebar TelokBlangahDrive LowerSeletar JurongPort SerangoonNorth KeatHong Sengkang TampinesWest AngMoKioTownCentre KallangWay LittleIndia Rochor SerangoonGarden HollandDrive LorongChuan DairyFarm KebunBahru PasirRisDrive Redhill MountPleasant SenokoWest MarinaEast Queenstown YishunWest TuasPromenade TuasNorthPioneer Khatib SembawangNorth BukitBatokSouth HongKah ChinaSquare PulauPunggolTimor KentRidge TamanJurong Shipyard SenokoSouth Sembawang ConeyIsland ChoaChuKang KampongUbi PasirRisPark Chatsworth ClementiWest Crawford Tampines FloraDrive Mountbatten ClementiCentral Sennett OneTreeHill PayaLebarEast PenjuruCrescent CityHall SwissClub Bangkit Katong OrangeGrove Seletar KampongTiongBahru Marymount SembawangCentral DhobyGhaut Bishan TiongBahruStation SembawangSprings Museum Aljunied ChangiWest SingaporeRiver FarrerCourt ReservoirView Serangoon LoyangEast Gombak SembawangEast JurongRiver BukitBatokWest FarrerPark TohGuan NatureReserve Victoria Plab DefuIndustrialPark PasirRis SembawangStraits SouthernIslands Tanglin MonksHill TanjongIrau CliffordPier BoonTeck ClementiNorth RochorCanal TiongBahru UpperPayaLebar WoodlandsWest Saujana WoodlandsSouth YishunCentral Bedok Bayshore SungeiRoad SeletarHills BrasBasah GeylangEast BukitTimah TampinesNorth GulBasin RafflesPlace Kranji Trafalgar UluPandan BukitPanjang PeiChun Commonwealth TelokBlangahRise HougangEast Brickworks ChangiPoint AlexandraNorth Northshore BoonLay HongKahNorth BenoiSector TanglinHalt Northland Kangkar Cairnhill UpperThomson YioChuKangEast ChoaChuKangCentral StraitsView Changi EvertonPark Mandai ChengSan IstanaNegara PayaLebarNorth PayaLebarNorth Midview ShangriLa HougangCentral HougangCentral ShangriLa PangSua PangSua Midview IstanaNegara Dunearn Dunearn ChengSan Mandai EvertonPark Changi StraitsView ChoaChuKangCentral YioChuKangEast UpperThomson Cairnhill Kangkar Northland TanglinHalt BenoiSector HongKahNorth BoonLay Northshore AlexandraNorth ChangiPoint Brickworks HougangEast TelokBlangahRise Commonwealth PeiChun BukitPanjang UluPandan Trafalgar Kranji RafflesPlace GulBasin TampinesNorth BukitTimah GeylangEast BrasBasah SeletarHills SungeiRoad Bayshore Bedok YishunCentral WoodlandsSouth Saujana WoodlandsWest UpperPayaLebar TiongBahru RochorCanal ClementiNorth BoonTeck CliffordPier TanjongIrau MonksHill Tanglin SouthernIslands SembawangStraits PasirRis DefuIndustrialPark Plab Victoria NatureReserve TohGuan FarrerPark BukitBatokWest JurongRiver SembawangEast Gombak LoyangEast Serangoon ReservoirView FarrerCourt SingaporeRiver ChangiWest Aljunied Museum SembawangSprings TiongBahruStation Bishan DhobyGhaut SembawangCentral Marymount KampongTiongBahru Seletar OrangeGrove Katong Bangkit SwissClub CityHall PenjuruCrescent PayaLebarEast OneTreeHill Sennett ClementiCentral Mountbatten FloraDrive Tampines Crawford ClementiWest Chatsworth PasirRisPark KampongUbi ChoaChuKang ConeyIsland Sembawang SenokoSouth Shipyard TamanJurong KentRidge PulauPunggolTimor ChinaSquare HongKah BukitBatokSouth SembawangNorth Khatib TuasNorthPioneer TuasPromenade YishunWest Queenstown MarinaEast SenokoWest MountPleasant Redhill PasirRisDrive KebunBahru DairyFarm LorongChuan HollandDrive SerangoonGarden Rochor LittleIndia KallangWay AngMoKioTownCentre TampinesWest Sengkang KeatHong SerangoonNorth JurongPort LowerSeletar TelokBlangahDrive JooSengPayaLebar SengkangTownCentre Senja Yunnan Matilda BukitBatokEast PunggolField SimpangNorth Paterson PayaLebar Clementi Kembangan TagoreSindo Hillcrest WaterwayEast MandaiEstate Woodgrove Anson BoonLayPlace Queensway PulauPunggolBarat PasirPanjang1 MandaiWest JurongWestCentral InstitutionHill SenokoNorth Simpang TuasBay PengSiang Boulevard Moulmein MandaiEast PasirPanjang2 PeoplesPark SimpangSouth BoatQuay WestCoast Simei EastCoast OneNorth YioChuKang Port PearlsHill Punggol SembawangHills ClarkeQuay BedokSouth PotongPasir BayfrontSubzone SungeiKadut Geylang KianTeck MountEmily Woodleigh SerangoonCentral BedokNorth Sentosa YuhuaEast
100
Northland Northland
HongKah HongKah
AngMoKioTownCentre AngMoKioTownCentre
SerangoonNorth SerangoonNorth
Paterson Paterson
Punggol Punggol
YioChuKang YioChuKang
KentRidge KentRidge
Commonwealth Commonwealth
KeatHong KeatHong
HongKahNorth HongKahNorth
BedokNorth BedokNorth
Serangoon Serangoon
OneTreeHill OneTreeHill
EastCoast EastCoast
Sennett Sennett
WaterwayEast WaterwayEast
SungeiKadut SungeiKadut
TuasPromenade TuasPromenade
Museum Museum
Mountbatten Mountbatten
PayaLebarEast PayaLebarEast
LowerSeletar LowerSeletar
BedokSouth BedokSouth
SembawangStraits SembawangStraits
TuasNorthPioneer TuasNorthPioneer
CityHall CityHall
TelokBlangahRise TelokBlangahRise
SungeiRoad SungeiRoad
SimpangNorth SimpangNorth
IstanaNegara IstanaNegara
HougangCentral HougangCentral
PasirRisDrive PasirRisDrive
PangSua PangSua
Trafalgar Trafalgar
Tampines Tampines
BenoiSector BenoiSector
ChoaChuKang ChoaChuKang
Moulmein Moulmein
TiongBahru TiongBahru
BukitBatokSouth BukitBatokSouth
PasirRis PasirRis
TagoreSindo TagoreSindo
Shipyard Shipyard
JurongPort JurongPort
ClementiNorth ClementiNorth
GeylangEast GeylangEast
Khatib Khatib
Matilda Matilda
Brickworks Brickworks
BukitBatokWest BukitBatokWest
Aljunied Aljunied
SerangoonGarden SerangoonGarden
SerangoonCentral SerangoonCentral
PearlsHill PearlsHill
SembawangHills SembawangHills
SingaporeRiver SingaporeRiver
PasirRisPark PasirRisPark
BoatQuay BoatQuay
BoonLayPlace BoonLayPlace
EvertonPark EvertonPark
AlexandraNorth AlexandraNorth
PeiChun PeiChun
PunggolField PunggolField
Sentosa Sentosa
InstitutionHill InstitutionHill
TohGuan TohGuan
DhobyGhaut DhobyGhaut
ReservoirView ReservoirView
JooSengPayaLebar JooSengPayaLebar
DairyFarm DairyFarm
PulauPunggolTimor PulauPunggolTimor
Tanglin Tanglin
Saujana Saujana
UluPandan UluPandan
TampinesNorth TampinesNorth
TuasBay TuasBay
Geylang Geylang
Cairnhill Cairnhill
Sembawang Sembawang
WoodlandsWest WoodlandsWest
OneNorth OneNorth
Mandai Mandai
YioChuKangEast YioChuKangEast
Port Port
DefuIndustrialPark DefuIndustrialPark
UpperThomson UpperThomson
ChinaSquare ChinaSquare
JurongWestCentral JurongWestCentral
PeoplesPark PeoplesPark
MandaiEast MandaiEast
ChangiWest ChangiWest
BayfrontSubzone BayfrontSubzone
KebunBahru KebunBahru
Kembangan Kembangan
OrangeGrove OrangeGrove
ChangiPoint ChangiPoint
SouthernIslands SouthernIslands
RochorCanal RochorCanal
Chatsworth Chatsworth
