139 18 11 85 2 38 39 55 1 47 32 62 33 67 19 26 3 17 36 8 45 35 5 37 10 30 13 43 12 46 52 27 14 15 31 25 97 60 7 28 34 4 6 50 56 23 103 53 9 66 78 21 54 73 101 64 87 61 88 51 44 41 22 42 59 70 57 108 16 65 49 29 83 93 102 74 58 20 40 174 106 69 72 100 136 77 123 130 111 68 91 75 104 71 148 128 81 95 24 99 98 76 115 109 122 114 79 107 63 94 84 105 127 134 155 117 150 119 89 138 82 90 90 124 145 96 152 86 110 120 92 142 144 80 156 135 158 129 187 160 157 132 48 141 170 183 146 193 121 121 161 181 140 118 147 184 175 159 186 151 180 153 112 113 154 126 179 179 126 176 125 131 116 171 171 197 164 164 173 173 178 149 149 192 172 143 162 165 177 137 137 169 169 200 167 189 189 167 198 198 200 177 199 199 165 194 194 196 168 168 188 188 195 195 196 162 143 166 166 172 192 178 197 116 131 125 176 154 190 190 113 112 153 180 182 182 151 185 185 186 159 175 184 147 118 140 181 161 193 146 183 170 191 133 133 191 141 48 132 157 160 187 129 158 135 156 80 144 142 92 120 110 86 152 96 163 163 145 124 82 138 89 119 150 117 155 134 127 105 84 94 63 107 79 114 122 109 115 76 98 99 24 95 81 128 148 71 104 75 91 68 111 130 123 77 136 100 72 69 106 174 40 20 58 74 102 93 83 29 49 65 16 108 57 70 59 42 22 41 44 51 88 61 87 64 101 73 54 21 78 66 9 53 103 23 56 50 6 4 34 28 7 60 97 25 31 15 14 27 52 46 12 43 13 30 10 37 5 35 45 8 36 17 3 26 19 67 33 62 32 47 1 55 39 38 2 85 11 18 139
100
189 189
106 106
77 77
91 91
142 142
47 47
146 146
84 84
125 125
85 85
112 112
23 23
101 101
8 8
198 198
11 11
81 81
18 18
152 152
74 74
43 43
173 173
15 15
5 5
64 64
78 78
176 176
127 127
184 184
187 187
141 141
71 71
1 1
60 60
65 65
2 2
72 72
111 111
113 113
123 123
109 109
188 188
9 9
95 95
57 57
48 48
108 108
153 153
14 14
79 79
33 33
144 144
191 191
114 114
13 13
58 58
148 148
16 16
30 30
32 32
158 158
147 147
39 39
182 182
82 82
128 128
98 98
134 134
27 27
31 31
35 35
119 119
96 96
138 138
104 104
131 131
22 22
122 122
161 161
41 41
178 178
157 157
7 7
67 67
118 118
156 156
21 21
25 25
130 130
105 105
69 69
37 37
89 89
145 145
75 75
44 44
186 186
26 26
172 172
165 165
