0 34 67 1 1 67 34 35 68 2 2 68 35 36 69 3 3 69 36 37 70 4 4 70 37 38 71 5 5 71 38 39 72 6 6 72 39 40 73 7 7 73 40 41 74 8 8 74 41 42 75 9 9 75 42 43 76 10 10 76 43 44 77 11 11 77 44 45 78 12 12 78 45 46 79 13 13 79 46 47 80 14 14 80 47 48 81 15 15 81 48 49 82 16 16 82 49 50 83 17 17 83 50 51 84 18 18 84 51 52 85 19 19 85 52 53 86 20 20 86 53 54 87 21 21 87 54 55 88 22 22 88 55 56 89 23 23 89 56 57 90 24 24 90 57 58 91 25 25 91 58 59 92 26 26 92 59 60 93 27 27 93 60 61 94 28 28 94 61 62 95 29 29 95 62 63 96 30 30 96 63 64 97 31 31 97 64 65 98 32 32 98 65 66 99 33 33 99 66 0
33
1 1
2 2
3 3
4 4
5 5
6 6
7 7
8 8
9 9
10 10
11 11
12 12
13 13
14 14
15 15
16 16
17 17
18 18
19 19
20 20
21 21
22 22
23 23
24 24
25 25
26 26
27 27
28 28
29 29
30 30
31 31
32 32
33 33
