J6 A0 A5 A1 A7 A2 A6 A3 A4 A8 A9 B2 B7 B0 B3 B4 B6 B1 B8 B5 B9 C0 C5 C1 C7 C4 C2 C8 C6 C3 C9 D0 D1 D2 D5 D3 D7 D4 D6 D8 D9 E2 E0 E1 E6 E3 E4 E7 E9 F0 F6 E5 E8 F3 F4 F1 F7 F2 F9 F8 G2 G1 F5 G0 G6 G7 G3 H1 G9 G5 G4 H0 H2 G8 H3 H4 H5 H6 H8 H7 H9 I4 I0 I2 I1 I5 I8 I3 I7 J1 J4 I9 I6 J0 J7 J2 J3 J9 J9 J3 J2 J8 J8 J7 J0 I6 J5 J5 I9 J4 J1 I7 I3 I8 I5 I1 I2 I0 I4 H9 H7 H8 H6 H5 H4 H3 G8 H2 H0 G4 G5 G9 H1 G3 G7 G6 G0 F5 G1 G2 F8 F9 F2 F7 F1 F4 F3 E8 E5 F6 F0 E9 E7 E4 E3 E6 E1 E0 E2 D9 D8 D6 D4 D7 D3 D5 D2 D1 D0 C9 C3 C6 C8 C2 C4 C7 C1 C5 C0 B9 B5 B8 B1 B6 B4 B3 B0 B7 B2 A9 A8 A4 A3 A6 A2 A7 A1 A5 A0 J6
50
H2 H2
A7 A7
G9 G9
H8 H8
B7 B7
F3 F3
J4 J4
C9 C9
E2 E2
F8 F8
G8 G8
I3 I3
G0 G0
A2 A2
E4 E4
B9 B9
E1 E1
A0 A0
G6 G6
J9 J9
C1 C1
C3 C3
H7 H7
H4 H4
J5 J5
F0 F0
B3 B3
B0 B0
F7 F7
J7 J7
F5 F5
D8 D8
F9 F9
A8 A8
C4 C4
E0 E0
A9 A9
H3 H3
D6 D6
C2 C2
C6 C6
B6 B6
H0 H0
D0 D0
B5 B5
I7 I7
A5 A5
J8 J8
H5 H5
J6 J6
