F8 B8 B9 H4 B2 A3 D5 A0 B5 D6 A9 C8 B1 A8 B3 F0 C6 C1 D4 D0 A1 A5 A2 B4 C4 B0 E0 E3 B7 D2 B6 D9 C9 D3 C2 E9 D7 D1 G0 D8 A7 C3 H9 F3 E8 E7 A4 E6 F4 A6 I6 C5 C0 F7 E4 F9 G2 K3 J1 E1 E5 G4 J5 G3 F2 G8 I2 F6 H3 I9 G9 C7 I1 F1 E2 J2 I0 G5 I3 L1 G6 L4 J9 H5 H6 H2 H8 H0 I8 M9 J7 K5 K9 J0 L7 G1 K1 J3 J4 I7 J6 L0 I4 F5 Q0 N2 H1 L3 J8 G7 N5 K0 L2 H7 M1 P4 I5 P7 O2 L5 Q9 M0 O0 M4 Q4 N9 N1 M7 M5 K6 M8 N8 K8 O3 P1 Q3 L6 P3 M2 M3 K7 K4 N0 P2 M6 Q2 O4 N4 L8 P0 R2 O9 K2 N3 R0 S8 O8 O1 S0 Q5 Q6 R1 R7 O6 N6 N7 S3 Q1 S6 L9 O7 T1 T1 T3 P8 R5 Q7 Q8 R6 R6 S9 S9 Q8 T0 T7 P6 S2 P5 T2 R4 R8 R8 S4 P9 R9 R9 T5 T8 T8 T5 T6 T6 P9 S4 R4 T2 P5 S2 P6 S1 S1 T7 T0 Q7 R5 P8 R3 R3 S5 S5 T3 O7 L9 O5 T9 T9 O5 S6 Q1 S3 S7 S7 N7 N6 O6 R7 R1 Q6 Q5 S0 O1 O8 S8 R0 N3 K2 O9 R2 P0 L8 N4 O4 Q2 M6 P2 N0 K4 K7 M3 M2 P3 L6 Q3 P1 O3 K8 N8 M8 K6 M5 M7 N1 N9 T4 T4 Q4 M4 O0 M0 Q9 L5 O2 P7 I5 P4 M1 H7 L2 K0 N5 G7 J8 L3 H1 N2 Q0 F5 I4 L0 J6 I7 J4 J3 K1 G1 L7 J0 K9 K5 J7 M9 I8 H0 H8 H2 H6 H5 J9 L4 G6 L1 I3 G5 I0 J2 E2 F1 I1 C7 G9 I9 H3 F6 I2 G8 F2 G3 J5 G4 E5 E1 J1 K3 G2 F9 E4 F7 C0 C5 I6 A6 F4 E6 A4 E7 E8 F3 H9 C3 A7 D8 G0 D1 D7 E9 C2 D3 C9 D9 B6 D2 B7 E3 E0 B0 C4 B4 A2 A5 A1 D0 D4 C1 C6 F0 B3 A8 B1 C8 A9 D6 B5 A0 D5 A3 B2 H4 B9 B8 F8
100
H4 H4
T0 T0
H5 H5
J2 J2
D8 D8
P9 P9
B4 B4
C8 C8
M5 M5
E4 E4
Q3 Q3
C2 C2
B0 B0
R8 R8
N4 N4
S7 S7
T8 T8
E5 E5
A2 A2
H6 H6
N0 N0
P7 P7
Q0 Q0
K6 K6
A0 A0
N6 N6
E3 E3
N8 N8
N1 N1
O5 O5
I4 I4
O1 O1
D4 D4
B2 B2
E2 E2
G0 G0
I3 I3
Q7 Q7
Q5 Q5
K3 K3
F9 F9
C0 C0
C3 C3
N2 N2
I6 I6
A1 A1
S9 S9
K5 K5
R4 R4
C1 C1
G4 G4
D9 D9
H3 H3
Q8 Q8
I2 I2
T1 T1
D3 D3
I9 I9
F1 F1
P2 P2
R6 R6
G6 G6
A8 A8
P5 P5
L9 L9
J0 J0
M6 M6
O2 O2
P6 P6
L6 L6
M0 M0
R9 R9
E8 E8
H0 H0
T9 T9
A3 A3
E7 E7
D5 D5
S2 S2
F2 F2
D7 D7
S8 S8
G9 G9
R0 R0
B3 B3
N7 N7
J1 J1
I8 I8
O3 O3
A9 A9
T5 T5
I0 I0
S0 S0
G1 G1
H1 H1
S5 S5
K1 K1
H2 H2
F6 F6
C4 C4
