Qwilfish Tropius Drapion Taillow Scatterbug Terrakion Politoed Lotad Phanpy Skiddo Noibat Simisear Sandile Meloetta Porygon2 Vullaby Volcarona Magmar Inkay Slurpuff Metang Steenee Wartortle Honedge Skorupi Munna Gengar Drampa Shellos Nincada Slowbro Dewpider Froakie Magnemite Amoonguss Crawdaunt Weezing Metapod Jumpluff Xerneas Seaking Treecko Kakuna Tornadus Tornadus Tauros Swadloon Swadloon Wailord Zekrom Paras Tsareena Whismur Bounsweet Yungoos Stufful Woobat Escavalier Weepinbell Lumineon Comfey Comfey Lumineon Weepinbell Escavalier Woobat Conkeldurr Conkeldurr Stufful Yungoos Bounsweet Bastiodon Shellder Vespiquen Vespiquen Shellder Bastiodon Whismur Tsareena Paras Zekrom Plusle Plusle Wailord Tauros Kakuna Treecko Seaking Xerneas Jumpluff Metapod Weezing Crawdaunt Amoonguss Magnemite Froakie Dewpider Slowbro Nincada Shellos Drampa Gengar Munna Skorupi Honedge Wartortle Steenee Metang Slurpuff Inkay Magmar Volcarona Vullaby Porygon2 Meloetta Sandile Simisear Noibat Skiddo Phanpy Lotad Politoed Terrakion Scatterbug Taillow Drapion Tropius Qwilfish
50
Volcarona Volcarona
Meloetta Meloetta
Gengar Gengar
Whismur Whismur
Qwilfish Qwilfish
Simisear Simisear
Metapod Metapod
Woobat Woobat
Sandile Sandile
Steenee Steenee
Nincada Nincada
Swadloon Swadloon
Tauros Tauros
Drapion Drapion
Scatterbug Scatterbug
Vullaby Vullaby
Porygon2 Porygon2
Escavalier Escavalier
Vespiquen Vespiquen
Crawdaunt Crawdaunt
Seaking Seaking
Magnemite Magnemite
Magmar Magmar
Munna Munna
Skorupi Skorupi
Stufful Stufful
Bastiodon Bastiodon
Noibat Noibat
Weezing Weezing
Froakie Froakie
Taillow Taillow
Metang Metang
Weepinbell Weepinbell
Drampa Drampa
Bounsweet Bounsweet
Slurpuff Slurpuff
Honedge Honedge
Plusle Plusle
Treecko Treecko
Shellder Shellder
Inkay Inkay
Lotad Lotad
Conkeldurr Conkeldurr
Shellos Shellos
Skiddo Skiddo
Amoonguss Amoonguss
Wailord Wailord
Comfey Comfey
Jumpluff Jumpluff
Kakuna Kakuna
