Latias Wurmple Corsola Pangoro Shelgon Magearna Guzzlord Darumaka Gengar Jigglypuff Lycanroc Toxicroak Primeape Scolipede Luvdisc Cinccino Reshiram Alomomola Greninja Dartrix Raticate Pidgeot Zorua Palkia Aggron Charmeleon Crabominable Arceus Gible Relicanth Noivern Marshtomp Unown Frogadier Bounsweet Yanma Talonflame Delphox Elgyem Voltorb Petilil Smeargle Duskull Exeggutor Infernape Staryu Golisopod Vibrava Scizor Keldeo Keldeo Scizor Vibrava Golisopod Staryu Infernape Exeggutor Duskull Smeargle Petilil Voltorb Elgyem Delphox Talonflame Yanma Bounsweet Frogadier Unown Marshtomp Noivern Relicanth Gible Arceus Crabominable Charmeleon Aggron Palkia Zorua Pidgeot Raticate Dartrix Greninja Alomomola Reshiram Cinccino Luvdisc Scolipede Primeape Toxicroak Lycanroc Jigglypuff Gengar Darumaka Guzzlord Magearna Shelgon Pangoro Corsola Wurmple Latias
25
Raticate Raticate
Talonflame Talonflame
Petilil Petilil
Shelgon Shelgon
Charmeleon Charmeleon
Wurmple Wurmple
Jigglypuff Jigglypuff
Toxicroak Toxicroak
Primeape Primeape
Infernape Infernape
Magearna Magearna
Dartrix Dartrix
Staryu Staryu
Elgyem Elgyem
Noivern Noivern
Keldeo Keldeo
Scolipede Scolipede
Exeggutor Exeggutor
Golisopod Golisopod
Reshiram Reshiram
Luvdisc Luvdisc
Palkia Palkia
Bounsweet Bounsweet
Relicanth Relicanth
Vibrava Vibrava
