Qwilfish Tropius Drapion Taillow Wartortle Zekrom Conkeldurr Stufful Yungoos Bounsweet Whismur Bastiodon Shellder Xerneas Wailord Plusle Weezing Escavalier Weepinbell Lumineon Comfey Magnemite Swadloon Tauros Kakuna Treecko Seaking Munna Gengar Metapod Jumpluff Steenee Wartortle Zekrom Amoonguss Crawdaunt Woobat Tsareena Paras Vullaby Shellos Nincada Noibat Honedge Skorupi Lotad Metang Slurpuff Inkay Vespiquen Wartortle Taillow Scatterbug Dewpider Froakie Drampa Sandile Meloetta Porygon2 Vullaby Volcarona Magmar Phanpy Skiddo Noibat Tornadus Politoed Terrakion Noibat Simisear Slowbro Tropius Drapion Tropius Qwilfish
64
Qwilfish Qwilfish
Simisear Simisear
Phanpy Phanpy
Terrakion Terrakion
Drapion Drapion
Meloetta Meloetta
Volcarona Volcarona
Slurpuff Slurpuff
Skiddo Skiddo
Politoed Politoed
Tropius Tropius
Sandile Sandile
Magmar Magmar
Metang Metang
Taillow Taillow
Porygon2 Porygon2
Slowbro Slowbro
Drampa Drampa
Noibat Noibat
Lotad Lotad
Scatterbug Scatterbug
Vullaby Vullaby
Inkay Inkay
Steenee Steenee
Tornadus Tornadus
Skorupi Skorupi
Dewpider Dewpider
Shellos Shellos
Metapod Metapod
Wartortle Wartortle
Crawdaunt Crawdaunt
Paras Paras
Froakie Froakie
Nincada Nincada
Gengar Gengar
Honedge Honedge
Amoonguss Amoonguss
Tsareena Tsareena
Jumpluff Jumpluff
Vespiquen Vespiquen
Munna Munna
Kakuna Kakuna
Magnemite Magnemite
Whismur Whismur
Xerneas Xerneas
Weezing Weezing
Zekrom Zekrom
Woobat Woobat
Comfey Comfey
Bounsweet Bounsweet
Seaking Seaking
Tauros Tauros
Weepinbell Weepinbell
Stufful Stufful
Shellder Shellder
Plusle Plusle
Treecko Treecko
Swadloon Swadloon
Lumineon Lumineon
Yungoos Yungoos
Bastiodon Bastiodon
Wailord Wailord
Escavalier Escavalier
Conkeldurr Conkeldurr
