Myrtle Canton Champaign Brownsville Irvine Cincinnati Huntington Madison Hickory Garland Collins Houma Cambridge Medford Cary Nashua Chandler Gilbert Prairie Bradenton Lacey Melbourne Layton Huntsville Hartford Chicago Denton Harlingen Arvada Leominster Kennewick Charles Lafayette Athens Lexington Erie Grays Hollywood Amarillo Vegas Corpus Columbus Baton Barnstable Fayetteville Kansas Hesperia Brighton Muskegon Cruces Minneapolis GreenBay Davidson Atlantic Cedar Dallas Macon Jersey Baltimore Clearwater Aribel Alexandria Deltona Escondido Boston Berkeley Kaneohe Buffalo Kissimmee Jacksonville Honolulu Albany ElPaso Kalamazoo Appleton Miramar Monterey Merced Bellevue Bloomington Abilene Cathedral Chesapeake Plen Bryan Lansing Montgomery Mobile Hemet Bridgeport Albuquerque Houston Moreno Kailua Lancaster Lorain Boulder Irving Joliet Joliet Aurora Aurora Irving Boulder Lorain Lancaster Kailua Moreno Houston Albuquerque Bridgeport Hemet Mobile Montgomery Lansing Bryan Plen Chesapeake Cathedral Abilene Bloomington Bellevue Merced Monterey Miramar Appleton Kalamazoo ElPaso Albany Honolulu Jacksonville Kissimmee Buffalo Kaneohe Berkeley Boston Escondido Deltona Alexandria Aribel Clearwater Baltimore Jersey Macon Dallas Cedar Atlantic Davidson GreenBay Minneapolis Cruces Muskegon Brighton Hesperia Kansas Fayetteville Barnstable Baton Columbus Corpus Vegas Amarillo Hollywood Grays Erie Lexington Athens Lafayette Charles Kennewick Leominster Arvada Harlingen Denton Chicago Hartford Huntsville Layton Melbourne Lacey Bradenton Prairie Gilbert Chandler Nashua Cary Medford Cambridge Houma Collins Garland Hickory Madison Huntington Cincinnati Irvine Brownsville Champaign Canton Myrtle
50
Hartford Hartford
Joliet Joliet
Barnstable Barnstable
Dallas Dallas
Grays Grays
Muskegon Muskegon
Merced Merced
Erie Erie
Chicago Chicago
Hollywood Hollywood
Hemet Hemet
Cary Cary
Bridgeport Bridgeport
Harlingen Harlingen
Macon Macon
Cedar Cedar
Plen Plen
Bradenton Bradenton
Bloomington Bloomington
Brownsville Brownsville
Albuquerque Albuquerque
Lorain Lorain
Nashua Nashua
Miramar Miramar
Kissimmee Kissimmee
Montgomery Montgomery
Davidson Davidson
Leominster Leominster
Minneapolis Minneapolis
Lexington Lexington
GreenBay GreenBay
Aribel Aribel
Baltimore Baltimore
Albany Albany
Abilene Abilene
Kansas Kansas
Chandler Chandler
Mobile Mobile
Champaign Champaign
Appleton Appleton
Cathedral Cathedral
Lansing Lansing
Corpus Corpus
Deltona Deltona
Huntsville Huntsville
Houma Houma
Medford Medford
Huntington Huntington
Alexandria Alexandria
Moreno Moreno
