Burlington Honolulu Apple Downey Buffalo Nashville Harlingen Lewisville Greenville Plen Elkhart Costa Bloomington Independence Fayetteville Julian Inglewood Chicago Kenosha Aribel Merced Arlington Killeen Denver Hampton Brighton Hialeah Chattanooga Columbus Barnstable McAllen Greensboro Bradenton ElMonte Huntsville Corona Rapids Naperville Clarke Bridgeport Hayward Cambridge Myrtle Louisville Prairie Amarillo Miramar Davenport Davenport Frederick Frederick Miramar Amarillo Prairie Louisville Myrtle Cambridge Cedar Cedar Hayward Bridgeport Clarke Naperville Rapids Corona Huntsville ElMonte Bradenton Greensboro McAllen Barnstable Columbus Chattanooga Hialeah Brighton Hampton Denver Killeen Arlington Merced Aribel Kenosha Chicago Inglewood Julian Fayetteville Independence Bloomington Costa Elkhart Plen Greenville Lewisville Harlingen Nashville Buffalo Downey Apple Honolulu Burlington
25
Buffalo Buffalo
Denver Denver
Naperville Naperville
Amarillo Amarillo
Myrtle Myrtle
Chicago Chicago
Merced Merced
Columbus Columbus
Honolulu Honolulu
Davenport Davenport
McAllen McAllen
Killeen Killeen
Prairie Prairie
Bridgeport Bridgeport
Chattanooga Chattanooga
Rapids Rapids
Hayward Hayward
Clarke Clarke
Miramar Miramar
Cedar Cedar
Cambridge Cambridge
Louisville Louisville
Independence Independence
Hampton Hampton
Greenville Greenville
