Monroe Danbury Five Collins CSprings Hagerstown Athens Jackson Lancaster Downey Albuquerque Asheville Fullerton Monterey Charlotte Clarke Modesto Vegas Minneapolis Laredo Carrollton Marysville Boulder Ten Moreno Bridgeport Johnson Apple Birmingham Lauderdale Atlantic Lorain Milwaukee Bryan Naperville Kenosha Corpus Lowell Clarksville Daly Grays Huntington Abilene Viejo Lafayette Murfreesboro Hialeah Anaheim Austin Naples Seven Melbourne Houston Escondido Durham Six Lewisville Kissimmee Lakewood Davidson Bethlehem Irvine Eleven Cary Frederick Cathedral Gainesville GreenBay Glendale Baltimore Prairie Charleston One Antioch Chula McAllen Harrisburg Honolulu Detroit Mobile Kennewick Lacey Boston Bakersfield Chandler Lansing Billings Lakeland Henderson Atlanta Albany Champaign Elkhart Jersey Baton Dallas Louisville Madison Nine Leominster Gilbert LA Medford Bedford Four Duluth Cleveland Canton Denton Concord Havre Miami Chesapeake Joliet Aurora Hampton Myrtle Hayward Hickory Amarillo Fresno Jacksonville Layton Plen Gulfport Huntsville Hesperia Fayetteville Killeen Corona Kansas Arlington Boise Cambridge Akron Berkeley Bonita Fremont Lincoln Greenville Greensboro Aberdeen Mesa Independence Kaneohe Eight Columbia Barnstable Kailua Denver Aribel Chattanooga Fargo Elizabeth Erie Hollywood Augusta Gastonia Murrieta Dayton Columbus Hartford Vista Inglewood Muskegon Marina Memphis Burbank Merced Montgomery Two Fairfield Flint Brighton Allentown Alexandria Indianapolis Daytona Fitchburg Brownsville Anchorage Evansville Three Irving Rapids Jefferson Bloomington Burlington Manchester Bradenton Mesquite ElPaso Julian Bremerton ElkGrove Chicago Appleton Macon Hemet Buffalo Buffalo Hemet Macon Appleton Chicago ElkGrove Bremerton Julian ElPaso Mesquite Bradenton Manchester Burlington Bloomington Jefferson Rapids Irving Three Evansville Anchorage Brownsville Fitchburg Daytona Indianapolis Alexandria Allentown Brighton Flint Fairfield Two Montgomery Merced Burbank Memphis Marina Muskegon Inglewood Vista Hartford Columbus Dayton Murrieta Gastonia Augusta Hollywood Erie Elizabeth Fargo Chattanooga Aribel Denver Kailua Barnstable Columbia Eight Kaneohe Independence Mesa Aberdeen Greensboro Greenville Lincoln Fremont Bonita Berkeley Akron Cambridge Boise Arlington Kansas Corona Killeen Fayetteville Hesperia Huntsville Gulfport Plen Layton Jacksonville Fresno Amarillo Hickory Hayward Myrtle Hampton Aurora Joliet Chesapeake Miami Havre Concord Denton Canton Cleveland Duluth Four Bedford Medford LA Gilbert Leominster Nine Madison Louisville Dallas Baton Jersey Elkhart Champaign Albany Atlanta Henderson Lakeland Billings Lansing Chandler Bakersfield Boston Lacey Kennewick Mobile Detroit Honolulu Harrisburg McAllen Chula Antioch One Charleston Prairie Baltimore Glendale GreenBay Gainesville Cathedral Frederick Cary Eleven Irvine Bethlehem Davidson Lakewood Kissimmee Lewisville Six Durham Escondido Houston Melbourne Seven Naples Austin Anaheim Hialeah Murfreesboro Lafayette Viejo Abilene Huntington Grays Daly Clarksville Lowell Corpus Kenosha Naperville Bryan Milwaukee Lorain Atlantic Lauderdale Birmingham Apple Johnson Bridgeport Moreno Ten Boulder Marysville Carrollton Laredo Minneapolis Vegas Modesto Clarke Charlotte Monterey Fullerton Asheville Albuquerque Downey Lancaster Jackson Athens Hagerstown CSprings Collins Five Danbury Monroe
100
Bradenton Bradenton
Three Three
Mesquite Mesquite
Hampton Hampton
Albany Albany
Ten Ten
Burlington Burlington
Miami Miami
Kenosha Kenosha
Melbourne Melbourne
Kissimmee Kissimmee
Baton Baton
Allentown Allentown
Fairfield Fairfield
Arlington Arlington
Four Four
Elizabeth Elizabeth
Chesapeake Chesapeake
Gainesville Gainesville
Clarke Clarke
Montgomery Montgomery
Baltimore Baltimore
Mesa Mesa
Kailua Kailua
Elkhart Elkhart
Aberdeen Aberdeen
Greensboro Greensboro
Gilbert Gilbert
Athens Athens
Akron Akron
Killeen Killeen
Amarillo Amarillo
Lewisville Lewisville
Seven Seven
Monroe Monroe
Johnson Johnson
Naples Naples
Hagerstown Hagerstown
Havre Havre
Vista Vista
Brownsville Brownsville
Rapids Rapids
Bridgeport Bridgeport
Erie Erie
Modesto Modesto
Manchester Manchester
Hesperia Hesperia
Lowell Lowell
Lancaster Lancaster
Prairie Prairie
Daytona Daytona
Lacey Lacey
Boulder Boulder
Davidson Davidson
Dayton Dayton
Birmingham Birmingham
Hartford Hartford
Kennewick Kennewick
Huntington Huntington
Cleveland Cleveland
Irving Irving
Dallas Dallas
Julian Julian
Cary Cary
Lakeland Lakeland
Laredo Laredo
Mobile Mobile
Bethlehem Bethlehem
Apple Apple
Cambridge Cambridge
Hayward Hayward
Austin Austin
Lafayette Lafayette
Monterey Monterey
Merced Merced
Asheville Asheville
Glendale Glendale
Viejo Viejo
Denton Denton
Canton Canton
Muskegon Muskegon
Anaheim Anaheim
Boise Boise
Anchorage Anchorage
Huntsville Huntsville
Leominster Leominster
Detroit Detroit
Hialeah Hialeah
Bedford Bedford
Antioch Antioch
Charleston Charleston
Hickory Hickory
Carrollton Carrollton
Jacksonville Jacksonville
Abilene Abilene
Clarksville Clarksville
Corpus Corpus
Fayetteville Fayetteville
Layton Layton
Denver Denver
