AF AD AA AB AC AG AE AI AJ AH AL AK AM AO AN AP AQ AU AS AW AR AV AY AZ AT AX BA BB BE BC BF BD BJ BG BK BH BN BI BM BO BP BQ BL BS BW BR BU BT BV BX BY BZ CA CC CB CE CH CD CF CG CK CI CN CJ CL CO CM CP CQ CR CS CT CV CU CY CW CX CZ DA DB DC DD DF DE DH DG DI DJ DL DK DQ DM DO DN DP DR DR DS DT DU DU DV DV DT DS DP DN DO DM DQ DK DL DJ DI DG DH DE DF DD DC DB DA CZ CX CW CY CU CV CT CS CR CQ CP CM CO CL CJ CN CI CK CG CF CD CH CE CB CC CA BZ BY BX BV BT BU BR BW BS BL BQ BP BO BM BI BN BH BK BG BJ BD BF BC BE BB BA AX AT AZ AY AV AR AW AS AU AQ AP AN AO AM AK AL AH AJ AI AE AG AC AB AA AD AF
47
CZ CZ
BF BF
AD AD
CI CI
BO BO
BM BM
BV BV
AC AC
BJ BJ
AO AO
CE CE
CD CD
AN AN
DU DU
AP AP
BQ BQ
AM AM
DS DS
CV CV
CQ CQ
BD BD
BT BT
AU AU
BE BE
AA AA
DI DI
DD DD
CP CP
BI BI
BW BW
CS CS
AW AW
BH BH
CY CY
AJ AJ
CM CM
DV DV
DT DT
DQ DQ
CH CH
CC CC
DN DN
CR CR
BB BB
DF DF
DG DG
CL CL
