DK AA AB AC AE AD AF AI AG AH AJ AL AM AK AN AO AQ AP AR AS AT AV AU AW AY AZ AX BE BA BB BC BD BG BK BH BI BM BF BL BJ BN BO BP BT BQ BS BR BU BV BW BX BY BZ CA CB CE CC CD CI CF CJ CG CH CK CL CO CM CN CP CQ CR CT CV CU CX CS CY CZ DA CW DB DC DD DF DE DJ DG DH DI DL DM DN DQ DO DP DS DR DU DT DX DZ DW DY EA DV EB ED EC EF EE EH EG EI EN EJ EK EP EO EL EM ER ES EU EW EQ ET EV EX EY FB EZ FA FC FD FF FI FE FG FH FJ FO FK FL FM FN FP FQ FS FV FX FT FU FR FY FW FZ GC GA GE GD GB GG GF GH GI GK GJ GL GM GN GQ GO GP GR GS GX GT GW GU GV GZ HA GY HE HB HC HG HH HD HF HF HJ HI HI HJ HD HH HG HC HB HE GY HA GZ GV GU GW GT GX GS GR GP GO GQ GN GM GL GJ GK GI GH GF GG GB GD GE GA GC FZ FW FY FR FU FT FX FV FS FQ FP FN FM FL FK FO FJ FH FG FE FI FF FD FC FA EZ FB EY EX EV ET EQ EW EU ES ER EM EL EO EP EK EJ EN EI EG EH EE EF EC ED EB DV EA DY DW DZ DX DT DU DR DS DP DO DQ DN DM DL DI DH DG DJ DE DF DD DC DB CW DA CZ CY CS CX CU CV CT CR CQ CP CN CM CO CL CK CH CG CJ CF CI CD CC CE CB CA BZ BY BX BW BV BU BR BS BQ BT BP BO BN BJ BL BF BM BI BH BK BG BD BC BB BA BE AX AZ AY AW AU AV AT AS AR AP AQ AO AN AK AM AL AJ AH AG AI AF AD AE AC AB AA DK
94
FA FA
CS CS
BC BC
CA CA
DI DI
BH BH
EY EY
DZ DZ
GB GB
DN DN
HJ HJ
AU AU
BE BE
CW CW
AO AO
CE CE
AN AN
EN EN
DP DP
HE HE
DF DF
DU DU
AB AB
AZ AZ
AG AG
DM DM
DX DX
ED ED
CT CT
FZ FZ
HC HC
FB FB
CP CP
DO DO
EO EO
AK AK
DB DB
CY CY
EA EA
CD CD
CR CR
FP FP
FH FH
EL EL
FG FG
BV BV
DL DL
EP EP
HF HF
FN FN
GX GX
BW BW
DD DD
GY GY
AT AT
EQ EQ
HI HI
EB EB
FT FT
CI CI
AM AM
FW FW
CM CM
BI BI
CK CK
GV GV
ET ET
GZ GZ
EM EM
EW EW
GR GR
BR BR
CC CC
GG GG
BL BL
FD FD
AA AA
CU CU
DE DE
BF BF
AY AY
EF EF
DT DT
ES ES
GT GT
AV AV
HB HB
BM BM
BP BP
CG CG
HD HD
GN GN
BZ BZ
CX CX
