Soda AlumniHouse AnthonyHall BancroftLibrary BanwayBldg BarkerHall BarrowLane BarrowsHall BARTStation BerkeleyArtMuseum BerkeleyWayWest BirgeHall BlackwellHall BlumHall BoaltHall BotanicalGarden BrainImagingCenter EastAsianLibrary CaliforniaHall CalvinLaboratory Campanile CampbellHall CareerCenter ChanShunAuditorium VLSB CheitHall ChouHall ClarkKerrCampus CNMAT Cory CyclotronRd DavisHall DoeMemorialLibrary DonnerLab DurantHall Dwinelle EastGate EdwardsStadium EshlemanHall EtcheverryHall EvansDiamond EvansHall EyeCenter TangCenter FacultyClub FacultyGlade FoundersRock FoxCottage GayleyRd GianniniHall GiauqueHall GilmanHall GoldmanField GoldmanPlaza Greenhouse HaasPavilion HavilandHall HearstFieldAnnex HearstGreekTheatre HearstMiningCircle HertzHall HesseHall HildebrandHall HilgardHall Insectary InternationalHouse IshiCourt JacobsHall KoshlandHall KroeberHall KrutchTheater LatimerHall LeConteHall LevineFrickeField LewisHall LowerSproulPlaza MLK MaxwellFamilyField McConeHall McEnerneyHall McLaughlinHall MinorHall MinorHallAddition Moffitt MorganHall MorrisonHall MosesHall MulfordHall NorthField NorthGateHall OBrienHall ObservatoryHill OldArtGallery OptometryClinic PimentelHall PoliceUC RSF ResidenceHalls BowlesHall ClearyHall ClearyHall BowlesHall ResidenceHalls RSF PoliceUC PimentelHall OptometryClinic OldArtGallery ObservatoryHill OBrienHall NorthGateHall NorthField MulfordHall MosesHall MorrisonHall MorganHall Moffitt MinorHallAddition MinorHall McLaughlinHall McEnerneyHall McConeHall MaxwellFamilyField MLK LowerSproulPlaza LewisHall LevineFrickeField LeConteHall LatimerHall KrutchTheater KroeberHall KoshlandHall JacobsHall IshiCourt InternationalHouse Insectary HilgardHall HildebrandHall HesseHall HertzHall HearstMiningCircle HearstGreekTheatre HearstFieldAnnex HavilandHall HaasPavilion Greenhouse GoldmanPlaza GoldmanField GilmanHall GiauqueHall GianniniHall GayleyRd FoxCottage FoundersRock FacultyGlade FacultyClub TangCenter EyeCenter EvansHall EvansDiamond EtcheverryHall EshlemanHall EdwardsStadium EastGate Dwinelle DurantHall DonnerLab DoeMemorialLibrary DavisHall CyclotronRd Cory CNMAT ClarkKerrCampus ChouHall CheitHall VLSB ChanShunAuditorium CareerCenter CampbellHall Campanile CalvinLaboratory CaliforniaHall EastAsianLibrary BrainImagingCenter BotanicalGarden BoaltHall BlumHall BlackwellHall BirgeHall BerkeleyWayWest BerkeleyArtMuseum BARTStation BarrowsHall BarrowLane BarkerHall BanwayBldg BancroftLibrary AnthonyHall AlumniHouse Soda
40
AlumniHouse AlumniHouse
AnthonyHall AnthonyHall
BancroftLibrary BancroftLibrary
BanwayBldg BanwayBldg
BarkerHall BarkerHall
BarrowLane BarrowLane
BarrowsHall BarrowsHall
BARTStation BARTStation
BerkeleyArtMuseum BerkeleyArtMuseum
BerkeleyWayWest BerkeleyWayWest
BirgeHall BirgeHall
BlackwellHall BlackwellHall
BlumHall BlumHall
BoaltHall BoaltHall
BotanicalGarden BotanicalGarden
BrainImagingCenter BrainImagingCenter
EastAsianLibrary EastAsianLibrary
CaliforniaHall CaliforniaHall
CalvinLaboratory CalvinLaboratory
Campanile Campanile
CampbellHall CampbellHall
CareerCenter CareerCenter
ChanShunAuditorium ChanShunAuditorium
VLSB VLSB
CheitHall CheitHall
ChouHall ChouHall
ClarkKerrCampus ClarkKerrCampus
CNMAT CNMAT
Cory Cory
CyclotronRd CyclotronRd
DavisHall DavisHall
DoeMemorialLibrary DoeMemorialLibrary
DonnerLab DonnerLab
DurantHall DurantHall
Dwinelle Dwinelle
EastGate EastGate
EdwardsStadium EdwardsStadium
EshlemanHall EshlemanHall
EtcheverryHall EtcheverryHall
EvansDiamond EvansDiamond
