Soda MartinezCommons TangCenter CareerCenter SantaRosa SouthHall ClarkKerrCampus Moffitt ChanShunAuditorium GoldmanField EshlemanHall HildebrandHall SeniorHall Orinda HellmanTennisComplex Hercules Hayward GianniniHall WursterHall MinorHall HargroveMusicLibrary UniversityHall AnthonyHall BarrowsHall HalfMoonBay SutardjaDaiHall FairfaxNewark DonnerLab NorthField Emeryville MinorHallAddition Lafayette GoldmanPlaza Greenhouse GrinnellNaturalArea EvansDiamond WellmanHall Pittsburg ZellerbachPlayhouse WarrenHall BlumHall HavilandHall SternHall PimentelHall KoshlandHall Oakley Classof1914Fountain ClearyHall MulfordHall StadiumRimWay Pinole Oakland LatimerHall BoaltHall OldArtGallery BerkeleyArtMuseum MLK Novato DurantHall HaasSchoolofBusiness Berkeley FoundersRock WitterField FacultyClub SpiekerPlaza UCBerkeleyExtension CaliforniaHall HaasPavilion McConeHall BarrowLane ChvezStudentCenter EdwardsStadium Hillsborough SpringerGateway ZellerbachHall WomenFacultyClub SimonHall ObservatoryHill Pacifica LowerSproulPlaza Sausalito SanRafael ResidenceHalls UniversityHouse KroeberHall HearstMiningCircle Unit2 PoliceUC CalvinLaboratory SatherRd EtcheverryHall BarkerHall Sonoma AlumniHouse Campanile SanFrancisco Campbell Alameda MosesHall CNMAT KleebergerFieldHouse BotanicalGarden EyeCenter DavisHall BanwayBldg FacultyGlade FosterCity Saratoga GiauqueHall BirgeHall Calistoga Belvedere SanPablo MaxwellFamilyField Napa Cory GayleyRd SatherGate BlackwellHall HilgardHall Healdsburg LewisHall MemorialGladeandPool IshiCourt Brisbane EastAsianLibrary EastGate Piedmont SuisunCity BARTStation ChouHall Petaluma GilmanHall WestGate SimpsonCenter Albany LeConteHall OBrienHall Fairfield Insectary BerkeleyWayWest StHelena AmericanCanyon CampbellHall OptometryClinic WooHonFaiHall RSF NorthGateHall StanleyHall Belmont Brentwood WheelerHall WestCircle Dwinelle SantaClara PleasantHill SproulHall FoxCottage HertzHall FrankSchlessingerWay LevineFrickeField SatherTower TanHall ElCerrito LegendsAquaticCenter KrutchTheater Larkspur McLaughlinHall Atherton HearstGreekTheatre MorrisonHall McEnerneyHall PaloAlto Sebastopol CyclotronRd MountainView BowlesHall VisitorCenter InternationalHouse SanRamon Benicia SproulPlaza HesseHall LifeSciencesAddition Gilroy JacobsHall Unit3 Burlingame BancroftLibrary VLSB Antioch SanMateo HearstFieldAnnex SanLeandro Unit1 BrainImagingCenter EvansHall HeatingPlantCentral MorganHall WicksonNaturalArea WicksonNaturalArea MorganHall HeatingPlantCentral EvansHall BrainImagingCenter Unit1 SanLeandro HearstFieldAnnex SanMateo Antioch VLSB BancroftLibrary Burlingame Unit3 JacobsHall Gilroy LifeSciencesAddition HesseHall SproulPlaza Benicia SanRamon InternationalHouse VisitorCenter BowlesHall MountainView CyclotronRd Sebastopol PaloAlto McEnerneyHall MorrisonHall HearstGreekTheatre Atherton McLaughlinHall Larkspur KrutchTheater LegendsAquaticCenter ElCerrito TanHall SatherTower LevineFrickeField FrankSchlessingerWay HertzHall FoxCottage SproulHall PleasantHill SantaClara Dwinelle WestCircle WheelerHall Brentwood Belmont StanleyHall NorthGateHall RSF WooHonFaiHall OptometryClinic CampbellHall AmericanCanyon StHelena BerkeleyWayWest Insectary Fairfield OBrienHall LeConteHall Albany SimpsonCenter WestGate GilmanHall Petaluma ChouHall BARTStation SuisunCity Piedmont EastGate EastAsianLibrary Brisbane IshiCourt MemorialGladeandPool LewisHall Healdsburg HilgardHall BlackwellHall SatherGate GayleyRd Cory Napa MaxwellFamilyField SanPablo Belvedere Calistoga BirgeHall GiauqueHall Saratoga FosterCity FacultyGlade BanwayBldg DavisHall EyeCenter BotanicalGarden KleebergerFieldHouse CNMAT MosesHall Alameda Campbell SanFrancisco Campanile AlumniHouse Sonoma BarkerHall EtcheverryHall SatherRd CalvinLaboratory PoliceUC Unit2 HearstMiningCircle KroeberHall UniversityHouse ResidenceHalls SanRafael Sausalito LowerSproulPlaza Pacifica ObservatoryHill SimonHall WomenFacultyClub ZellerbachHall SpringerGateway Hillsborough EdwardsStadium ChvezStudentCenter BarrowLane McConeHall HaasPavilion CaliforniaHall UCBerkeleyExtension SpiekerPlaza FacultyClub WitterField FoundersRock Berkeley HaasSchoolofBusiness DurantHall Novato MLK BerkeleyArtMuseum OldArtGallery BoaltHall LatimerHall Oakland Pinole StadiumRimWay MulfordHall ClearyHall Classof1914Fountain Oakley KoshlandHall PimentelHall SternHall HavilandHall BlumHall WarrenHall ZellerbachPlayhouse Pittsburg WellmanHall EvansDiamond GrinnellNaturalArea Greenhouse GoldmanPlaza Lafayette MinorHallAddition Emeryville NorthField DonnerLab FairfaxNewark SutardjaDaiHall HalfMoonBay BarrowsHall AnthonyHall UniversityHall HargroveMusicLibrary MinorHall WursterHall GianniniHall Hayward Hercules HellmanTennisComplex Orinda SeniorHall HildebrandHall EshlemanHall GoldmanField ChanShunAuditorium Moffitt ClarkKerrCampus SouthHall SantaRosa CareerCenter TangCenter MartinezCommons Soda
70
Campanile Campanile
GiauqueHall GiauqueHall
ClearyHall ClearyHall
IshiCourt IshiCourt
Fairfield Fairfield
StadiumRimWay StadiumRimWay
LowerSproulPlaza LowerSproulPlaza
ZellerbachPlayhouse ZellerbachPlayhouse
SatherTower SatherTower
ZellerbachHall ZellerbachHall
AnthonyHall AnthonyHall
ClarkKerrCampus ClarkKerrCampus
Healdsburg Healdsburg
Pinole Pinole
DonnerLab DonnerLab
SanPablo SanPablo
Saratoga Saratoga
EtcheverryHall EtcheverryHall
NorthGateHall NorthGateHall
Brisbane Brisbane
Belmont Belmont
HearstMiningCircle HearstMiningCircle
PimentelHall PimentelHall
BancroftLibrary BancroftLibrary
KroeberHall KroeberHall
KleebergerFieldHouse KleebergerFieldHouse
Oakley Oakley
GilmanHall GilmanHall
SternHall SternHall
WheelerHall WheelerHall
WestCircle WestCircle
ChouHall ChouHall
HargroveMusicLibrary HargroveMusicLibrary
HertzHall HertzHall
LewisHall LewisHall
GoldmanField GoldmanField
EvansHall EvansHall
MartinezCommons MartinezCommons
Insectary Insectary
Unit1 Unit1
HearstGreekTheatre HearstGreekTheatre
Pittsburg Pittsburg
FoundersRock FoundersRock
EastGate EastGate
Pacifica Pacifica
Benicia Benicia
Piedmont Piedmont
Cory Cory
MinorHallAddition MinorHallAddition
Orinda Orinda
Alameda Alameda
Hayward Hayward
Albany Albany
SanRamon SanRamon
WursterHall WursterHall
BlumHall BlumHall
Emeryville Emeryville
WellmanHall WellmanHall
BarkerHall BarkerHall
WicksonNaturalArea WicksonNaturalArea
StHelena StHelena
SanRafael SanRafael
Hillsborough Hillsborough
SproulPlaza SproulPlaza
WomenFacultyClub WomenFacultyClub
FrankSchlessingerWay FrankSchlessingerWay
WestGate WestGate
CalvinLaboratory CalvinLaboratory
Unit3 Unit3
MulfordHall MulfordHall
