Soda AlumniHouse BanwayBldg BarkerHall BarrowLane Campanile Campanile Dwinelle ClarkKerr CareerCenter CampbellHall BarrowsHall BarrowsHall CampbellHall CareerCenter ClarkKerr Dwinelle BarrowLane BarkerHall BanwayBldg AlumniHouse EshlemanHall EyeCenter LeConteHall MemorialGlade LowerSproul LowerSproul MLK Lawrence Jacobs HaasPavilion GreekTheatre GreekTheatre HaasPavilion Jacobs Lawrence MLK MemorialGlade LeConteHall EyeCenter EshlemanHall RSF MorganHall Moffitt SatherTower SatherGate NorthField MulfordHall MosesHall MorrisonHall MorrisonHall MosesHall MulfordHall NorthField SatherGate SatherRd SatherRd SatherTower Moffitt MorganHall RSF SeniorHall SproulHall SproulPlaza SutardjaDaiHall TangCenter WursterHall WursterHall TangCenter Unit1 Unit2 Unit3 Unit3 Unit2 Unit1 SutardjaDaiHall SproulPlaza SproulHall Zellerbach Zellerbach SeniorHall Soda
18
Campanile Campanile
CareerCenter CareerCenter
BarkerHall BarkerHall
Dwinelle Dwinelle
EyeCenter EyeCenter
Jacobs Jacobs
LeConteHall LeConteHall
MemorialGlade MemorialGlade
MLK MLK
Lawrence Lawrence
MorrisonHall MorrisonHall
MorganHall MorganHall
MulfordHall MulfordHall
SatherRd SatherRd
SproulPlaza SproulPlaza
SutardjaDaiHall SutardjaDaiHall
Unit1 Unit1
WursterHall WursterHall
