BerkeleyArtMuseumand SternHall PacificFilmArchiveBe LowerHearstParkingSt HearstMiningCircle NorthGateHall HaasClubhouse FoxCottage2350Bowdit KoshlandHall JacobsHall Unit1ResidentHall OBrienHall BoaltHall HaasPavilion LeConteHall MartinLutherKingJrSt EdwardsTrackStadiumG ArchitectsEngineersA WooHonFaiHall TangCenter GrinnellNaturalArea MemorialGlade HavilandHall LawrenceBerkeleyNati AnthonyHall HearstFieldAnnex HenryHWheelerBrainIm CesarEChavezStudentC WheelerHall GilmanHall HellmanTennisCenter ChanningBowditchApar SummerSession GeneticsandPlantBiol WomensFacultyClub DonnerLaboratory NorthField Unit2ResidentHall MartinezCommons AlumniHouse WarrenHall LatimerHall EucalyptusGrove StudentUnion EshlemanHall CaliforniaHall BowlesHall HertzHall AcademicInnovationSt CampbellHall JuliaMorganHall CNMAT1750ArchSt DavisHall SamsPad StarrEastAsianLibrar LowerSproulPlaza BechtelEngineeringCe RedwoodGroveBotanica Library CheitHall DwightWayChildDevelo BlumHall AHammock StanleyHall BerkeleyWayWest SoutheastAsianStudie BlackwellHall GoldmanField HearstGreekTheatre LawSchool LifeSciencesAddition EastAsianLibrary MaxwellFamilyFieldan TanHall VisitorCenter AndersenAuditorium MelvinCalvinLaborato HaasSchoolofBusiness UniversityHouse GoldmanSchool OldArtGallery MulfordHall BarrowsHall UniversityHall WellmanHall KoretVisitorCenter PublicAffairsOfficeo OfficeofPublicAffair AnnaHeadAlumnaeHall ChancellorsEsplanade DwinelleAnnex MinorHallAddition GraduateTheologicalU StrawberryCanyonRecr InvestigativeReporti SatherTower RecreationalSportsFa EastAsianStudiesInst ResidentialStudentSe FacultyGlade ZellerbachHall BancroftLibrary CITRIS SutardjaDaiHall WitterRugbyField SimonHall FacultyClub SimpsonCenterforStud WursterHall HearstMemorialMining MosesHall PimentelHall CareerCenter SpiekerAquaticsCompl EvansHall UCBerkeleyExtension GianniniHall ClearyHall McConeHall ArchaeologicalResear NaturalResourcesLabo SpaceSciencesLaborat MorrisonHall McLaughlinHall SouthHall IRLE UpperHearstParkingSt ClarkKerrCampus LatinAmericanStudies MoffittLibrary ManvilleHall IdaLouiseJacksonGrad LegendsAquaticCenter ValleyLifeSciencesBu Unit3ResidentHall EtcheverryHall EarthquakeEngineerin MorganHall LawrenceHallofScienc BirgeHall LiKaShingCenter BotanicalGarden Sebastians Extension EllsworthParkingStru CampusSharedServices HildebrandHall EnergyBiosciencesBui MathematicalSciences SodaHall JonatansCrazyHouse InternationalHouse LevineFrickeSoftball CalvinLaboratory GolbousPlace FallProgramforFreshm WestCircle MinorHall EvansDiamond HasteStreetChildDeve UniversityHealthServ KroeberHall CoryHall CampanileSatherTower ObservatoryHill JacksonGraduateHouse MagnesCollectionofJe CrescentSpringerGate Demography LewisHall BancroftDanceStudio DurantHall BanwayBuilding MariesHouse SproulHall InsectaryGreenhouse InsectaryGreenhouse SproulHall MariesHouse BanwayBuilding DurantHall BancroftDanceStudio LewisHall Demography CrescentSpringerGate MagnesCollectionofJe JacksonGraduateHouse ObservatoryHill CampanileSatherTower CoryHall KroeberHall UniversityHealthServ HasteStreetChildDeve EvansDiamond MinorHall WestCircle FallProgramforFreshm GolbousPlace CalvinLaboratory LevineFrickeSoftball InternationalHouse JonatansCrazyHouse SodaHall MathematicalSciences EnergyBiosciencesBui HildebrandHall CampusSharedServices EllsworthParkingStru Extension Sebastians BotanicalGarden LiKaShingCenter BirgeHall LawrenceHallofScienc MorganHall EarthquakeEngineerin EtcheverryHall Unit3ResidentHall ValleyLifeSciencesBu LegendsAquaticCenter IdaLouiseJacksonGrad ManvilleHall MoffittLibrary LatinAmericanStudies ClarkKerrCampus UpperHearstParkingSt IRLE SouthHall McLaughlinHall MorrisonHall SpaceSciencesLaborat NaturalResourcesLabo ArchaeologicalResear McConeHall ClearyHall GianniniHall UCBerkeleyExtension EvansHall SpiekerAquaticsCompl CareerCenter PimentelHall MosesHall HearstMemorialMining WursterHall SimpsonCenterforStud FacultyClub SimonHall WitterRugbyField SutardjaDaiHall CITRIS BancroftLibrary ZellerbachHall FacultyGlade ResidentialStudentSe EastAsianStudiesInst RecreationalSportsFa SatherTower InvestigativeReporti StrawberryCanyonRecr GraduateTheologicalU MinorHallAddition DwinelleAnnex ChancellorsEsplanade AnnaHeadAlumnaeHall OfficeofPublicAffair PublicAffairsOfficeo KoretVisitorCenter WellmanHall UniversityHall BarrowsHall MulfordHall OldArtGallery GoldmanSchool UniversityHouse HaasSchoolofBusiness MelvinCalvinLaborato AndersenAuditorium VisitorCenter TanHall MaxwellFamilyFieldan EastAsianLibrary LifeSciencesAddition LawSchool HearstGreekTheatre GoldmanField BlackwellHall SoutheastAsianStudie BerkeleyWayWest StanleyHall AHammock BlumHall DwightWayChildDevelo CheitHall Library RedwoodGroveBotanica BechtelEngineeringCe LowerSproulPlaza StarrEastAsianLibrar SamsPad DavisHall CNMAT1750ArchSt JuliaMorganHall CampbellHall AcademicInnovationSt HertzHall BowlesHall CaliforniaHall EshlemanHall StudentUnion EucalyptusGrove LatimerHall WarrenHall AlumniHouse MartinezCommons Unit2ResidentHall NorthField DonnerLaboratory WomensFacultyClub GeneticsandPlantBiol SummerSession ChanningBowditchApar HellmanTennisCenter GilmanHall WheelerHall CesarEChavezStudentC HenryHWheelerBrainIm HearstFieldAnnex AnthonyHall LawrenceBerkeleyNati HavilandHall MemorialGlade GrinnellNaturalArea TangCenter WooHonFaiHall ArchitectsEngineersA EdwardsTrackStadiumG MartinLutherKingJrSt LeConteHall HaasPavilion BoaltHall OBrienHall Unit1ResidentHall JacobsHall KoshlandHall FoxCottage2350Bowdit HaasClubhouse NorthGateHall HearstMiningCircle LowerHearstParkingSt PacificFilmArchiveBe SternHall BerkeleyArtMuseumand
82
FoxCottage2350Bowdit FoxCottage2350Bowdit
MartinezCommons MartinezCommons
FallProgramforFreshm FallProgramforFreshm
AnthonyHall AnthonyHall
GoldmanField GoldmanField
SimpsonCenterforStud SimpsonCenterforStud
PublicAffairsOfficeo PublicAffairsOfficeo
BowlesHall BowlesHall
BancroftLibrary BancroftLibrary
McConeHall McConeHall
CesarEChavezStudentC CesarEChavezStudentC
LeConteHall LeConteHall
MaxwellFamilyFieldan MaxwellFamilyFieldan
KoshlandHall KoshlandHall
GianniniHall GianniniHall
BancroftDanceStudio BancroftDanceStudio
CareerCenter CareerCenter
HavilandHall HavilandHall
MariesHouse MariesHouse
SutardjaDaiHall SutardjaDaiHall
ObservatoryHill ObservatoryHill
KoretVisitorCenter KoretVisitorCenter
StanleyHall StanleyHall
Demography Demography
HearstMemorialMining HearstMemorialMining
AlumniHouse AlumniHouse
EnergyBiosciencesBui EnergyBiosciencesBui
PacificFilmArchiveBe PacificFilmArchiveBe
NorthField NorthField
ArchitectsEngineersA ArchitectsEngineersA
InsectaryGreenhouse InsectaryGreenhouse
BanwayBuilding BanwayBuilding
MulfordHall MulfordHall
MagnesCollectionofJe MagnesCollectionofJe
FacultyGlade FacultyGlade
WarrenHall WarrenHall
GraduateTheologicalU GraduateTheologicalU
SpiekerAquaticsCompl SpiekerAquaticsCompl
MosesHall MosesHall
EvansHall EvansHall
ManvilleHall ManvilleHall
BarrowsHall BarrowsHall
EvansDiamond EvansDiamond
HaasSchoolofBusiness HaasSchoolofBusiness
EdwardsTrackStadiumG EdwardsTrackStadiumG
LegendsAquaticCenter LegendsAquaticCenter
FacultyClub FacultyClub
InternationalHouse InternationalHouse
MathematicalSciences MathematicalSciences
GolbousPlace GolbousPlace
LawSchool LawSchool
LatinAmericanStudies LatinAmericanStudies
IRLE IRLE
EastAsianStudiesInst EastAsianStudiesInst
Unit1ResidentHall Unit1ResidentHall
UniversityHouse UniversityHouse
CaliforniaHall CaliforniaHall
SimonHall SimonHall
ClarkKerrCampus ClarkKerrCampus
MorrisonHall MorrisonHall
EllsworthParkingStru EllsworthParkingStru
NaturalResourcesLabo NaturalResourcesLabo
BerkeleyArtMuseumand BerkeleyArtMuseumand
Sebastians Sebastians
CheitHall CheitHall
LawrenceHallofScienc LawrenceHallofScienc
LawrenceBerkeleyNati LawrenceBerkeleyNati
McLaughlinHall McLaughlinHall
Library Library
LiKaShingCenter LiKaShingCenter
WellmanHall WellmanHall
CoryHall CoryHall
SatherTower SatherTower
ZellerbachHall ZellerbachHall
AHammock AHammock
UpperHearstParkingSt UpperHearstParkingSt
InvestigativeReporti InvestigativeReporti
LowerHearstParkingSt LowerHearstParkingSt
AcademicInnovationSt AcademicInnovationSt
ChancellorsEsplanade ChancellorsEsplanade
HenryHWheelerBrainIm HenryHWheelerBrainIm
UniversityHealthServ UniversityHealthServ
