McLaughlinHall BancroftParkingStruc WarrenHall LevineFrickeSoftball SimpsonCenterforStud BotanicalGarden OxfordResearchUnit CareerCenter UnderhillParkingFaci Stradda EastAsianStudiesInst Library HertzHall EvansDiamond RedwoodGroveBotanica SeniorHall CampusSharedServices GiauqueHall CaliforniaMemorialSt LegendsAquaticCenter Unit3ResidentHall UCBerkeleyExtension PacificFilmArchiveBe FacultyGlade GianniniHall MathematicalSciences EshlemanHall CNMAT1750ArchSt EastAsianLibrary StephensHall GrinnellNaturalArea BancroftLibrary SimonHall DurantHall OBrienHall DwinelleHall ResidentialStudentSe HasteStreetChildDeve ManvilleHall FallProgramforFreshm BerkeleyArtMuseumand InsectaryGreenhouse WitterRugbyField WursterHall CrescentSpringerGate HargroveMusicLibrary HavilandHall CheitHall SummerSession LatinAmericanStudies SouthHall LowerHearstParkingSt GeneticsandPlantBiol GoldmanSchool KoretVisitorCenter Unit1ResidentHall UniversityHealthServ StudentUnion McConeHall EnergyBiosciencesBui BlackwellHall MelvinCalvinLaborato ClearyHall WomensFacultyClub MagnesCollectionofJe NorthGateHall StrawberryCanyonRecr LifeSciencesAddition RecreationalSportsFa KroeberHall EucalyptusGrove MoffittLibrary LowerSproulPlaza SpiekerAquaticsCompl EtcheverryHall JonesChildStudyCente FoothillResidenceHal AnthonyHall HearstGreekTheatre WheelerHall PublicAffairsOfficeo ObservatoryHill ZellerbachHall Romeos AnnaHeadAlumnaeHall WooHonFaiHall OfficeofPublicAffair KoshlandHall VisitorCenter Sebastians SamsPad SamsPad BoaltHall BoaltHall Sebastians VisitorCenter KoshlandHall OfficeofPublicAffair WooHonFaiHall AnnaHeadAlumnaeHall Romeos ZellerbachHall ObservatoryHill PublicAffairsOfficeo WheelerHall HearstGreekTheatre AnthonyHall FoothillResidenceHal JonesChildStudyCente EtcheverryHall SpiekerAquaticsCompl LowerSproulPlaza MoffittLibrary EucalyptusGrove KroeberHall RecreationalSportsFa LifeSciencesAddition StrawberryCanyonRecr NorthGateHall MagnesCollectionofJe WomensFacultyClub ClearyHall MelvinCalvinLaborato BlackwellHall EnergyBiosciencesBui McConeHall StudentUnion UniversityHealthServ Unit1ResidentHall KoretVisitorCenter GoldmanSchool GeneticsandPlantBiol LowerHearstParkingSt SouthHall LatinAmericanStudies SummerSession CheitHall HavilandHall HargroveMusicLibrary CrescentSpringerGate WursterHall WitterRugbyField InsectaryGreenhouse BerkeleyArtMuseumand FallProgramforFreshm ManvilleHall HasteStreetChildDeve ResidentialStudentSe DwinelleHall OBrienHall DurantHall SimonHall BancroftLibrary GrinnellNaturalArea StephensHall EastAsianLibrary CNMAT1750ArchSt EshlemanHall MathematicalSciences GianniniHall FacultyGlade PacificFilmArchiveBe UCBerkeleyExtension Unit3ResidentHall LegendsAquaticCenter CaliforniaMemorialSt GiauqueHall CampusSharedServices SeniorHall RedwoodGroveBotanica EvansDiamond HertzHall Library EastAsianStudiesInst Stradda UnderhillParkingFaci CareerCenter OxfordResearchUnit BotanicalGarden SimpsonCenterforStud LevineFrickeSoftball WarrenHall BancroftParkingStruc McLaughlinHall
48
CNMAT1750ArchSt CNMAT1750ArchSt
EvansDiamond EvansDiamond
WitterRugbyField WitterRugbyField
RedwoodGroveBotanica RedwoodGroveBotanica
PublicAffairsOfficeo PublicAffairsOfficeo
HasteStreetChildDeve HasteStreetChildDeve
UCBerkeleyExtension UCBerkeleyExtension
GrinnellNaturalArea GrinnellNaturalArea
SeniorHall SeniorHall
EastAsianStudiesInst EastAsianStudiesInst
AnnaHeadAlumnaeHall AnnaHeadAlumnaeHall
Unit3ResidentHall Unit3ResidentHall
DurantHall DurantHall
BancroftParkingStruc BancroftParkingStruc
FacultyGlade FacultyGlade
CampusSharedServices CampusSharedServices
SamsPad SamsPad
RecreationalSportsFa RecreationalSportsFa
StrawberryCanyonRecr StrawberryCanyonRecr
EshlemanHall EshlemanHall
JonesChildStudyCente JonesChildStudyCente
InsectaryGreenhouse InsectaryGreenhouse
WarrenHall WarrenHall
MoffittLibrary MoffittLibrary
EtcheverryHall EtcheverryHall
CareerCenter CareerCenter
StephensHall StephensHall
MathematicalSciences MathematicalSciences
ZellerbachHall ZellerbachHall
HertzHall HertzHall
McLaughlinHall McLaughlinHall
EnergyBiosciencesBui EnergyBiosciencesBui
VisitorCenter VisitorCenter
BerkeleyArtMuseumand BerkeleyArtMuseumand
BotanicalGarden BotanicalGarden
SimpsonCenterforStud SimpsonCenterforStud
MagnesCollectionofJe MagnesCollectionofJe
KroeberHall KroeberHall
ResidentialStudentSe ResidentialStudentSe
GiauqueHall GiauqueHall
Library Library
LegendsAquaticCenter LegendsAquaticCenter
Romeos Romeos
LevineFrickeSoftball LevineFrickeSoftball
SpiekerAquaticsCompl SpiekerAquaticsCompl
GoldmanSchool GoldmanSchool
GianniniHall GianniniHall
WomensFacultyClub WomensFacultyClub
