LegendsAquaticCenter ClarkKerrCampus LeConteHall ClearyHall GoldmanField BancroftParkingStruc StarrEastAsianLibrar CITRIS ValleyLifeSciencesBu EllsworthParkingStru SoutheastAsianStudie MoffittLibrary SatherTower ZellerbachHall EucalyptusGrove IRLE SodaHall CampusSharedServices NorthField WheelerHall TanHall ObservatoryHill LewisHall BlackwellHall BarrowsHall CNMAT1750ArchSt KroeberHall SimpsonCenterforStud ChancellorsEsplanade DurantHall InvestigativeReporti BarkerHall LevineFrickeSoftball FoothillResidenceHal NorthGateHall MemorialGlade GolbousPlace HesseHall StudentUnion SutardjaDaiHall LawSchool RecreationalSportsFa Unit3ResidentHall StrawberryCanyonRecr CoryHall BerkeleyArtMuseumand BerkeleyArtMuseumand CoryHall StrawberryCanyonRecr Unit3ResidentHall RecreationalSportsFa LawSchool SutardjaDaiHall StudentUnion HesseHall GolbousPlace MemorialGlade NorthGateHall FoothillResidenceHal LevineFrickeSoftball BarkerHall InvestigativeReporti DurantHall ChancellorsEsplanade SimpsonCenterforStud KroeberHall CNMAT1750ArchSt BarrowsHall BlackwellHall LewisHall ObservatoryHill TanHall WheelerHall NorthField CampusSharedServices SodaHall IRLE EucalyptusGrove ZellerbachHall SatherTower MoffittLibrary SoutheastAsianStudie EllsworthParkingStru ValleyLifeSciencesBu CITRIS StarrEastAsianLibrar BancroftParkingStruc GoldmanField ClearyHall LeConteHall ClarkKerrCampus LegendsAquaticCenter
20
EllsworthParkingStru EllsworthParkingStru
DurantHall DurantHall
LawSchool LawSchool
CITRIS CITRIS
NorthField NorthField
InvestigativeReporti InvestigativeReporti
LevineFrickeSoftball LevineFrickeSoftball
LegendsAquaticCenter LegendsAquaticCenter
GolbousPlace GolbousPlace
LeConteHall LeConteHall
SodaHall SodaHall
ValleyLifeSciencesBu ValleyLifeSciencesBu
NorthGateHall NorthGateHall
LewisHall LewisHall
MemorialGlade MemorialGlade
SatherTower SatherTower
EucalyptusGrove EucalyptusGrove
StarrEastAsianLibrar StarrEastAsianLibrar
GoldmanField GoldmanField
SoutheastAsianStudie SoutheastAsianStudie
