a d b c h f e g i k j l m n o p q r s t v u w x y z ac aa ad ab ae af ag ah ai aj ak am al an ao ap aq as au ar aw at av ay ax az bd be ba bb bc bf bg bh bi bj bl bk bn bo bm bq bp bt br bs bu bw bv bx by bz ca cb cc cd ce cf cg ch cm cj ci ck cl cn co cp cq cr cu cv ct ct cv cu cr cs cs cq cp co cn cl ck ci cj cm ch cg cf ce cd cc cb ca bz by bx bv bw bu bs br bt bp bq bm bo bn bk bl bj bi bh bg bf bc bb ba be bd az ax ay av at aw ar au as aq ap ao an al am ak aj ai ah ag af ae ab ad aa ac z y x w u v t s r q p o n m l j k i g e f h c b d a
50
by by
ch ch
bs bs
i i
y y
bi bi
q q
ce ce
bt bt
f f
cn cn
cj cj
bk bk
ai ai
o o
cg cg
am am
bm bm
cb cb
bg bg
aa aa
z z
w w
ba ba
x x
bu bu
bd bd
ar ar
ap ap
aq aq
a a
d d
m m
t t
n n
j j
p p
bq bq
bl bl
bp bp
be be
bx bx
al al
cp cp
aw aw
cr cr
cm cm
bw bw
ae ae
av av
