a b c g d e h f i m j k l n o p q r s t w u x v y aa z ab ac af ad ae ag ai am ak ah an al ao aj ap aq ar as ay au at av ax aw az bb ba be bd bc bg bf bh bk bi bl bm bj bp bo bq bn bs br bv bt bw bu by bx ca bz cc cb ce cd cf cg ci cl ch ck cj cm cn cp cq co ct cr cx cs cu cw cv da cy cz dc db dd df de di dg dh dk dj dn dl dm do dp dq dr dt du ds dv dw dx dy dz eb ea ed ec ee ef eh eg ei ek el ej em eo en er es ep eq et eu ew ev ey fc ex fb ez fg fa fd ff fe fh fi fk fj fl fm fn fo fq fs fp fr ft fv fu fy fw fx fz ga gc ge gb gf gh gg gd gl gi gj gk gn gm go gp gq gq gr gr gp go gm gn gk gj gi gl gd gg gh gf gb ge gc ga fz fx fw fy fu fv ft fr fp fs fq fo fn fm fl fj fk fi fh fe ff fd fa fg ez fb ex fc ey ev ew eu et eq ep es er en eo em ej el ek ei eg eh ef ee ec ed ea eb dz dy dx dw dv ds du dt dr dq dp do dm dl dn dj dk dh dg di de df dd db dc cz cy da cv cw cu cs cx cr ct co cq cp cn cm cj ck ch cl ci cg cf cd ce cb cc bz ca bx by bu bw bt bv br bs bn bq bo bp bj bm bl bi bk bh bf bg bc bd be ba bb az aw ax av at au ay as ar aq ap aj ao al an ah ak am ai ag ae ad af ac ab z aa y v x u w t s r q p o n l k j m i f h e d g c b a
100
aj aj
fl fl
et et
aw aw
ci ci
fy fy
fn fn
w w
ec ec
eu eu
ae ae
ey ey
cv cv
ep ep
aa aa
de de
em em
m m
bl bl
gn gn
dq dq
az az
ex ex
u u
en en
df df
ee ee
dm dm
y y
du du
dt dt
ff ff
cl cl
e e
bi bi
fb fb
dx dx
bd bd
ct ct
bc bc
ga ga
eq eq
eg eg
dg dg
p p
ag ag
bm bm
gl gl
b b
ck ck
fh fh
ap ap
fa fa
cs cs
fz fz
l l
do do
cu cu
fv fv
ev ev
ar ar
er er
ea ea
a a
fd fd
t t
h h
fr fr
ew ew
c c
cq cq
ak ak
al al
fg fg
j j
fu fu
gp gp
bv bv
gh gh
dn dn
o o
ah ah
dj dj
gb gb
br br
cd cd
k k
gm gm
ch ch
fs fs
by by
bf bf
ed ed
an an
cp cp
cb cb
bz bz
ab ab
bb bb
dv dv
