Fizz Kindred BountyHunter Talon Medusa Aatrox Rengar Techies TwistedFate Windranger ShadowFiend WinterWyvern Terrorblade Nasus Pudge TreantProtector Ekko Mirana Leona Oracle Xayah ShadowDemon AncientApparition Thresh EarthSpirit Sona Clockwerk Bloodseeker Evelynn Lifestealer Nunu Venomancer DrowRanger Necrophos Annie Visage Malzahar Lucian CrystalMaiden Jayce Soraka Doom Volibear QueenofPain Ivern Morgana Kennen Warlock Meepo Silencer WitchDoctor Amumu Karma Chen Viktor Kassadin Nidalee Anivia Clinkz Slardar Xerath Beastmaster Nami Io TrollWarlord Shen Weaver Taric Jakiro Poppy Camille Spectre Akali Bard Udyr Tryndamere Sniper Sven Vladimir Yorick Ziggs OutworldDevourer SpiritBreaker KhaZix ShadowShaman Earthshaker Gyrocopter Maokai Vi Heimerdinger Lina Rumble Ahri Hecarim VelKoz DragonKnight Corki Puck Ryze Cassiopeia Twitch Veigar NightStalker Azir Omniknight Illaoi Brand Tusk Kayn StormSpirit Zeus Orianna Zilean Brewmaster Razor Pantheon JarvanIV Galio Enigma PhantomAssassin Timbersaw Ezreal Janna Phoenix Singed Alistar Jinx Urgot Riki ArcWarden Undying Syndra Swain TahmKench Quinn Irelia Leshrac Lulu Tailyah Rubick Sivir Tidehunter Slark Zed Invoker Teemo DrMundo CentaurWarrunner Vayne Alchemist Ashe Fiddlesticks ChaosKnight Darius LoneDruid Nocturne Tiny LeBlanc DeathProphet MasterYi ChoGath Kled SkywrathMage Pugna Lich Morphling NaturesProphet DarkSeer FacelessVoid EmberSpirit Katarina Wukong Huskar Magnus Tristana Fiora Bane Malphite Dazzle Nautilus Draven KogMaw Gragas Trundle Elise Rammus Rammus Elise Trundle Gragas KogMaw Draven Nautilus Dazzle Malphite Bane Fiora Tristana Magnus Huskar Wukong Katarina EmberSpirit FacelessVoid DarkSeer NaturesProphet Morphling Lich Pugna SkywrathMage Kled ChoGath MasterYi DeathProphet LeBlanc Tiny Nocturne LoneDruid Darius ChaosKnight Fiddlesticks Ashe Alchemist Vayne CentaurWarrunner DrMundo Teemo Invoker Zed Slark Tidehunter Sivir Rubick Tailyah Lulu Leshrac Irelia Quinn TahmKench Swain Syndra Undying ArcWarden Riki Urgot Jinx Alistar Singed Phoenix Janna Ezreal Timbersaw PhantomAssassin Enigma Galio JarvanIV Pantheon Razor Brewmaster Zilean Orianna Zeus StormSpirit Kayn Tusk Brand Illaoi Omniknight Azir NightStalker Veigar Twitch Cassiopeia Ryze Puck Corki DragonKnight VelKoz Hecarim Ahri Rumble Lina Heimerdinger Vi Maokai Gyrocopter Earthshaker ShadowShaman KhaZix SpiritBreaker OutworldDevourer Ziggs Yorick Vladimir Sven Sniper Tryndamere Udyr Bard Akali Spectre Camille Poppy Jakiro Taric Weaver Shen TrollWarlord Io Nami Beastmaster Xerath Slardar Clinkz Anivia Nidalee Kassadin Viktor Chen Karma Amumu WitchDoctor Silencer Meepo Warlock Kennen Morgana Ivern QueenofPain Volibear Doom Soraka Jayce CrystalMaiden Lucian Malzahar Visage Annie Necrophos DrowRanger Venomancer Nunu Lifestealer Evelynn Bloodseeker Clockwerk Sona EarthSpirit Thresh AncientApparition ShadowDemon Xayah Oracle Leona Mirana Ekko TreantProtector Pudge Nasus Terrorblade WinterWyvern ShadowFiend Windranger TwistedFate Techies Rengar Aatrox Medusa Talon BountyHunter Kindred Fizz
89
Thresh Thresh
Heimerdinger Heimerdinger
Huskar Huskar
Sven Sven
Nasus Nasus
Medusa Medusa
Tiny Tiny
Katarina Katarina
Terrorblade Terrorblade
KhaZix KhaZix
Slardar Slardar
Kassadin Kassadin
Gragas Gragas
Kennen Kennen
CentaurWarrunner CentaurWarrunner
Sniper Sniper
WinterWyvern WinterWyvern
Nidalee Nidalee
NightStalker NightStalker
Annie Annie
Singed Singed
Quinn Quinn
Ekko Ekko
Venomancer Venomancer
Karma Karma
Omniknight Omniknight
StormSpirit StormSpirit
BountyHunter BountyHunter
Warlock Warlock
Weaver Weaver
ShadowFiend ShadowFiend
DeathProphet DeathProphet
Fiddlesticks Fiddlesticks
Janna Janna
Undying Undying
Rengar Rengar
Fizz Fizz
Magnus Magnus
Visage Visage
TrollWarlord TrollWarlord
Kled Kled
Jinx Jinx
Syndra Syndra
Sona Sona
Azir Azir
LoneDruid LoneDruid
Zed Zed
Rubick Rubick
Morphling Morphling
Irelia Irelia
Techies Techies
Beastmaster Beastmaster
FacelessVoid FacelessVoid
VelKoz VelKoz
LeBlanc LeBlanc
Amumu Amumu
Pantheon Pantheon
ShadowDemon ShadowDemon
Puck Puck
SpiritBreaker SpiritBreaker
Bane Bane
Yorick Yorick
Vladimir Vladimir
Ryze Ryze
Mirana Mirana
Slark Slark
Orianna Orianna
Trundle Trundle
JarvanIV JarvanIV
Timbersaw Timbersaw
Jayce Jayce
Ziggs Ziggs
Tristana Tristana
Xayah Xayah
Cassiopeia Cassiopeia
Chen Chen
Viktor Viktor
Leona Leona
Oracle Oracle
Lucian Lucian
Vi Vi
Nunu Nunu
Brewmaster Brewmaster
ShadowShaman ShadowShaman
Talon Talon
Rumble Rumble
Zilean Zilean
TahmKench TahmKench
Kayn Kayn
