Pantheon MasterYi Tailyah Razor Ahri Galio ElderTitan Phoenix Axe Graves Spectre Kayn Kalista Ezreal KogMaw Jayce Weaver Omniknight OutworldDevourer Thresh Morgana TrollWarlord Oracle Rammus Jax Shyvana Akali Malphite NaturesProphet Anivia Bristleback Broodmother Fiddlesticks Bard Skarner SpiritBreaker Windranger Cassiopeia Slark Bane CrystalMaiden Lich Ashe Kled ArcWarden Zilean Maokai Magnus Nunu Visage SandKing Sejuani SkywrathMage BountyHunter Rumble Renekton Jinx Lucian Braum Xerath Sona CentaurWarrunner Disruptor Tiny Heimerdinger ChaosKnight Undying Swain Shen Kennen Nautilus Lux Jhin Viper Ursa Chen LegionCommander Draven Riven VelKoz XinZhao Ekko Ziggs WraithKing Talon RekSai NightStalker LoneDruid LoneDruid NightStalker RekSai Talon WraithKing Ziggs Ekko XinZhao VelKoz Riven Draven LegionCommander Chen Ursa Viper Jhin Lux Nautilus Kennen Shen Swain Undying ChaosKnight Heimerdinger Tiny Disruptor CentaurWarrunner Sona Xerath Braum Lucian Jinx Renekton Rumble BountyHunter SkywrathMage Sejuani SandKing Visage Nunu Magnus Maokai Zilean ArcWarden Kled Ashe Lich CrystalMaiden Bane Slark Cassiopeia Windranger SpiritBreaker Skarner Bard Fiddlesticks Broodmother Bristleback Anivia NaturesProphet Malphite Akali Shyvana Jax Rammus Oracle TrollWarlord Morgana Thresh OutworldDevourer Omniknight Weaver Jayce KogMaw Ezreal Kalista Kayn Spectre Graves Axe Phoenix ElderTitan Galio Ahri Razor Tailyah MasterYi Pantheon
48
Jinx Jinx
Nunu Nunu
Akali Akali
Spectre Spectre
Anivia Anivia
CrystalMaiden CrystalMaiden
CentaurWarrunner CentaurWarrunner
Oracle Oracle
Xerath Xerath
Jayce Jayce
Disruptor Disruptor
Lux Lux
Jhin Jhin
BountyHunter BountyHunter
Malphite Malphite
Tiny Tiny
Draven Draven
Rumble Rumble
LoneDruid LoneDruid
NightStalker NightStalker
Ezreal Ezreal
Tailyah Tailyah
KogMaw KogMaw
Ziggs Ziggs
Talon Talon
Morgana Morgana
Skarner Skarner
Magnus Magnus
Jax Jax
Lich Lich
Heimerdinger Heimerdinger
Ashe Ashe
ChaosKnight ChaosKnight
Kled Kled
MasterYi MasterYi
Bard Bard
ArcWarden ArcWarden
SpiritBreaker SpiritBreaker
Bristleback Bristleback
Maokai Maokai
Slark Slark
Phoenix Phoenix
TrollWarlord TrollWarlord
WraithKing WraithKing
Ahri Ahri
Galio Galio
Shyvana Shyvana
Lucian Lucian
