Zeus Kled Lulu Skarner Shen Syndra Mirana Nocturne Lycan Rammus Renekton Gragas Visage Sven AncientApparition Nidalee Slardar ElderTitan Sion Xayah Yorick Timbersaw Axe EarthSpirit Blitzcrank Olaf Braum Tidehunter TreantProtector Jax Juggernaut Leshrac Tinker Twitch EmberSpirit Sona Bloodseeker Dazzle Katarina Enchantress Enchantress Katarina Dazzle Bloodseeker Sona EmberSpirit Twitch Tinker Leshrac Juggernaut Jax TreantProtector Tidehunter Braum Olaf Blitzcrank EarthSpirit Axe Timbersaw Yorick Xayah Sion ElderTitan Slardar Nidalee AncientApparition Sven Visage Gragas Renekton Rammus Lycan Nocturne Mirana Syndra Shen Skarner Lulu Kled Zeus
20
EmberSpirit EmberSpirit
Leshrac Leshrac
Slardar Slardar
Dazzle Dazzle
TreantProtector TreantProtector
Braum Braum
Zeus Zeus
Bloodseeker Bloodseeker
Sven Sven
Renekton Renekton
Axe Axe
ElderTitan ElderTitan
Nocturne Nocturne
Twitch Twitch
Syndra Syndra
Lycan Lycan
Blitzcrank Blitzcrank
Xayah Xayah
Lulu Lulu
Shen Shen
