6 0 1 2 5 3 7 8 4 9 9 4 8 7 3 5 2 1 0 11 10 12 13 14 16 19 17 15 15 17 18 18 19 16 14 13 12 10 24 20 21 26 22 27 23 25 29 28 28 29 25 23 27 22 26 21 20 30 31 32 33 35 34 37 36 38 39 39 38 36 37 34 35 33 32 31 42 40 41 44 43 46 48 47 45 45 49 49 47 48 46 43 44 41 40 55 50 51 52 54 56 57 53 58 58 59 59 53 57 56 54 52 51 50 67 60 61 65 62 63 66 64 68 68 64 66 69 69 63 62 65 61 60 73 70 71 72 75 76 74 77 77 78 78 74 76 79 79 75 72 71 70 80 81 84 82 85 83 88 86 87 89 89 87 86 88 83 85 82 84 81 96 90 91 92 94 93 97 95 99 98 98 99 95 97 93 94 92 91 90 103 100 101 102 104 106 105 107 108 109 109 108 107 105 106 104 102 101 100 111 110 112 114 115 113 116 117 117 118 118 116 119 119 113 115 114 112 110 124 120 121 122 125 123 126 127 128 129 129 128 127 126 123 125 122 121 120 133 130 131 134 135 132 138 137 139 139 137 138 132 135 136 136 134 131 130 143 140 141 142 145 147 144 149 148 148 149 144 146 146 147 145 142 141 140 158 150 151 155 152 154 153 159 156 157 157 156 159 153 154 152 155 151 150 168 160 161 165 162 164 169 166 163 167 167 163 166 169 164 162 165 161 160 172 170 171 173 177 178 174 175 176 179 179 176 175 174 178 177 173 171 170 189 180 181 182 184 183 185 186 186 188 187 187 188 185 183 184 182 181 180 199 190 191 192 193 194 195 195 197 196 198 198 196 197 194 193 192 191 190 199 189 172 168 158 143 133 124 111 103 96 80 73 67 55 42 30 24 11 6
92
8 8
4 4
1 1
7 7
0 0
10 10
15 15
18 18
19 19
14 14
23 23
20 20
21 21
26 26
39 39
36 36
31 31
38 38
46 46
41 41
40 40
48 48
50 50
57 57
51 51
59 59
62 62
63 63
65 65
69 69
60 60
77 77
78 78
75 75
79 79
74 74
87 87
88 88
85 85
81 81
97 97
90 90
98 98
95 95
106 106
109 109
105 105
101 101
107 107
112 112
118 118
113 113
115 115
114 114
120 120
126 126
125 125
129 129
128 128
137 137
139 139
132 132
130 130
134 134
148 148
146 146
145 145
149 149
144 144
153 153
150 150
152 152
157 157
167 167
164 164
163 163
166 166
176 176
170 170
178 178
177 177
179 179
182 182
181 181
186 186
187 187
185 185
191 191
194 194
198 198
190 190
196 196
