6 0 1 2 5 3 7 8 4 9 9 4 8 7 3 5 2 1 0 11 10 12 13 14 16 19 17 15 15 17 18 18 19 16 14 13 12 10 24 20 21 26 22 27 23 25 29 28 28 29 25 23 27 22 26 21 20 30 31 32 33 35 34 37 36 38 39 39 38 36 37 34 35 33 32 31 42 40 41 44 43 46 48 47 45 45 49 49 47 48 46 43 44 41 40 55 50 51 52 54 56 57 53 58 58 59 59 53 57 56 54 52 51 50 67 60 61 65 62 63 66 64 68 68 64 66 69 69 63 62 65 61 60 73 70 71 72 75 76 74 77 77 78 78 74 76 79 79 75 72 71 70 80 81 84 82 85 83 88 86 87 89 89 87 86 88 83 85 82 84 81 96 90 91 92 94 93 97 95 99 98 98 99 95 97 93 94 92 91 90 96 80 73 67 55 42 30 24 11 6
44
8 8
4 4
1 1
7 7
0 0
10 10
15 15
18 18
19 19
14 14
23 23
20 20
21 21
26 26
39 39
36 36
31 31
38 38
46 46
41 41
40 40
48 48
50 50
57 57
51 51
59 59
62 62
63 63
65 65
69 69
60 60
77 77
78 78
75 75
79 79
74 74
87 87
88 88
85 85
81 81
97 97
90 90
98 98
95 95
