5 0 1 2 3 4 4 3 2 1 0 11 6 7 8 9 10 10 9 8 7 6 17 12 13 14 15 16 16 15 14 13 12 23 18 19 20 21 22 22 21 20 19 18 29 24 25 26 27 28 28 27 26 25 24 35 30 31 32 33 34 34 33 32 31 30 41 36 37 38 39 40 40 39 38 37 36 47 42 43 44 45 46 46 45 44 43 42 53 48 49 50 51 52 52 51 50 49 48 59 54 55 56 57 58 58 57 56 55 54 65 60 61 62 63 64 64 63 62 61 60 71 66 67 68 69 70 70 69 68 67 66 77 72 73 74 75 76 76 75 74 73 72 83 78 79 80 81 82 82 81 80 79 78 89 84 85 86 87 88 88 87 86 85 84 95 90 91 92 93 94 94 93 92 91 90 101 96 97 98 99 100 100 99 98 97 96 107 102 103 104 105 106 106 105 104 103 102 113 108 109 110 111 112 112 111 110 109 108 119 114 115 116 117 118 118 117 116 115 114 125 120 121 122 123 124 124 123 122 121 120 131 126 127 128 129 130 130 129 128 127 126 137 132 133 134 135 136 136 135 134 133 132 143 138 139 140 141 142 142 141 140 139 138 149 144 145 146 147 148 148 147 146 145 144 155 150 151 152 153 154 154 153 152 151 150 161 156 157 158 159 160 160 159 158 157 156 167 162 163 164 165 166 166 165 164 163 162 173 168 169 170 171 172 172 171 170 169 168 179 174 175 176 177 178 178 177 176 175 174 179 173 167 161 155 149 143 137 131 125 119 113 107 101 95 89 83 77 71 65 59 53 47 41 35 29 23 17 11 5
90
0 0
1 1
2 2
3 3
4 4
6 6
7 7
8 8
9 9
10 10
12 12
13 13
14 14
15 15
16 16
18 18
19 19
20 20
21 21
22 22
24 24
25 25
26 26
27 27
28 28
30 30
31 31
32 32
33 33
34 34
36 36
37 37
38 38
39 39
40 40
42 42
43 43
44 44
45 45
46 46
48 48
49 49
50 50
51 51
52 52
54 54
55 55
56 56
57 57
58 58
60 60
61 61
62 62
63 63
64 64
66 66
67 67
68 68
69 69
70 70
72 72
73 73
74 74
75 75
76 76
78 78
79 79
80 80
81 81
82 82
84 84
85 85
86 86
87 87
88 88
90 90
91 91
92 92
93 93
94 94
96 96
97 97
98 98
99 99
100 100
102 102
103 103
104 104
105 105
106 106
