0 1 2 3 4 5 6 7 8 9 10 11 12 13 14 15 16 17 18 19 20 21 22 23 24 25 26 27 28 29 30 31 32 33 34 35 36 37 38 39 40 41 42 43 44 45 46 47 48 49 50 51 52 53 54 55 56 57 58 59 60 61 62 63 64 65 66 67 68 69 70 71 72 73 74 75 76 77 78 79 80 81 82 83 84 85 86 87 88 89 90 91 92 93 94 95 96 97 98 99 100 101 102 103 104 105 106 107 108 109 110 111 112 113 114 115 116 117 118 119 120 121 122 123 124 125 126 127 128 129 130 131 132 133 134 135 136 137 138 139 140 141 142 143 144 145 146 147 148 149 149 148 147 146 145 144 143 142 141 140 139 138 137 136 135 134 133 132 131 130 129 128 127 126 125 124 123 122 121 120 119 118 117 116 115 114 113 112 111 110 109 108 107 106 105 104 103 102 101 100 99 98 97 96 95 94 93 92 91 90 89 88 87 86 85 84 83 82 81 80 79 78 77 76 75 74 73 72 71 70 69 68 67 66 65 64 63 62 61 60 59 58 57 56 55 54 53 52 51 50 49 48 47 46 45 44 43 42 41 40 39 38 37 36 35 34 33 32 31 30 29 28 27 26 25 24 23 22 21 20 19 18 17 16 15 14 13 12 11 10 9 8 7 6 5 4 3 2 1 0
100
73 73
18 18
118 118
78 78
76 76
31 31
64 64
141 141
68 68
82 82
110 110
12 12
36 36
9 9
19 19
56 56
104 104
69 69
55 55
132 132
29 29
127 127
26 26
128 128
131 131
145 145
108 108
143 143
45 45
30 30
22 22
15 15
65 65
11 11
42 42
146 146
51 51
27 27
4 4
32 32
142 142
85 85
86 86
16 16
10 10
81 81
133 133
137 137
75 75
109 109
96 96
105 105
66 66
0 0
122 122
67 67
28 28
40 40
44 44
60 60
123 123
24 24
25 25
23 23
94 94
39 39
95 95
117 117
47 47
97 97
113 113
33 33
138 138
101 101
62 62
84 84
148 148
53 53
5 5
93 93
111 111
49 49
35 35
80 80
77 77
34 34
114 114
7 7
43 43
70 70
98 98
120 120
83 83
134 134
135 135
89 89
8 8
13 13
119 119
125 125
