0 1 10 10 11 11 12 12 13 13 14 14 15 15 16 16 17 17 18 18 1 2 19 19 20 20 21 21 22 22 23 23 24 24 25 25 26 26 27 27 2 3 28 28 29 29 30 30 31 31 32 32 33 33 34 34 35 35 36 36 3 4 37 37 38 38 39 39 40 40 41 41 42 42 43 43 44 44 45 45 4 5 46 46 47 47 48 48 49 49 50 50 51 51 52 52 53 53 54 54 5 6 55 55 56 56 57 57 58 58 59 59 60 60 61 61 62 62 63 63 6 7 64 64 65 65 66 66 67 67 68 68 69 69 70 70 71 71 72 72 7 8 73 73 74 74 75 75 76 76 77 77 78 78 79 79 80 80 81 81 8 9 82 82 83 83 84 84 85 85 86 86 87 87 88 88 89 89 90 90 9 0
49
11 11
15 15
10 10
17 17
21 21
25 25
18 18
22 22
26 26
32 32
29 29
27 27
39 39
36 36
41 41
40 40
43 43
49 49
48 48
44 44
50 50
57 57
54 54
55 55
59 59
64 64
61 61
63 63
70 70
68 68
71 71
73 73
80 80
77 77
76 76
79 79
87 87
89 89
82 82
83 83
1 1
2 2
3 3
4 4
5 5
6 6
7 7
8 8
9 9
