1 2 3 4 5 9 11 6 7 10 13 8 18 12 15 17 19 20 21 14 16 25 23 24 27 28 22 26 30 29 31 33 32 34 35 39 36 38 42 37 40 41 43 44 48 45 46 49 47 52 50 51 53 59 54 55 56 57 60 58 62 63 61 64 66 67 68 69 65 70 72 71 75 73 74 77 76 79 78 81 80 85 84 82 83 86 87 88 90 89 91 95 93 94 97 92 98 96 99 100 100 99 96 98 92 97 94 93 95 91 89 90 88 87 86 83 82 84 85 80 81 78 79 76 77 74 73 75 71 72 70 65 69 68 67 66 64 61 63 62 58 60 57 56 55 54 59 53 51 50 52 47 49 46 45 48 44 43 41 40 37 42 38 36 39 35 34 32 33 31 29 30 26 22 28 27 24 23 25 16 14 21 20 19 17 15 12 18 8 13 10 7 6 11 9 5 4 3 2 1
50
68 68
5 5
58 58
1 1
41 41
14 14
61 61
39 39
71 71
2 2
99 99
33 33
85 85
77 77
19 19
7 7
49 49
42 42
40 40
87 87
35 35
82 82
72 72
73 73
26 26
9 9
64 64
17 17
63 63
16 16
62 62
53 53
3 3
100 100
6 6
76 76
29 29
55 55
8 8
90 90
67 67
21 21
94 94
50 50
28 28
83 83
81 81
12 12
91 91
45 45
