1 170 190 140 11 79 143 53 35 164 100 65 176 116 64 25 192 108 121 149 117 153 81 40 99 95 160 27 155 29 28 172 163 92 151 120 57 167 91 139 21 112 97 126 76 118 114 94 68 12 142 123 2 74 186 181 191 44 147 36 78 42 132 17 20 119 197 89 129 7 70 127 87 161 180 60 3 137 148 183 14 45 182 59 184 16 131 9 188 67 34 159 6 165 77 32 122 52 178 13 93 1
99
151 151
20 119 20
2 2
74 74
147 147
112 112
16 16
160 160
59 59
163 163
140 140
57 57
12 12
53 53
143 143
27 27
36 36
182 182
97 97
95 95
192 192
7 7
78 78
126 126
29 29
32 32
129 129
139 139
42 42
127 127
13 13
183 183
167 167
70 70
181 181
14 14
186 186
89 89
153 153
45 45
142 142
87 87
184 184
60 60
123 123
170 170
76 76
118 118
21 21
165 165
68 68
108 108
11 11
114 114
17 17
3 3
197 197
100 100
6 6
52 52
149 149
132 132
35 35
79 79
176 176
137 137
40 40
180 180
9 9
64 64
161 161
117 117
67 67
164 164
25 25
122 122
28 28
120 120
172 172
99 99
121 121
93 93
190 190
77 77
44 44
65 65
159 159
148 148
116 116
94 94
191 191
92 92
91 91
188 188
34 34
131 131
81 81
178 178
155 155
