187 1 0 4 3 6 5 2 9 15 11 8 12 7 26 10 13 16 14 18 22 24 21 20 19 17 29 38 23 25 27 28 31 32 30 35 41 39 36 33 43 34 42 37 45 44 47 48 50 51 40 46 49 52 54 53 60 55 57 56 58 59 61 64 63 65 66 68 62 67 70 73 72 76 71 69 74 78 75 77 81 83 80 86 79 82 88 84 87 89 85 92 91 90 99 97 95 94 93 103 98 96 100 102 105 101 111 106 104 108 107 109 113 110 116 114 115 112 123 117 118 119 120 125 124 128 122 121 132 133 131 126 129 130 127 138 137 134 135 140 154 136 142 141 145 146 143 148 139 147 149 158 144 153 161 150 151 155 152 157 156 162 159 163 167 164 165 160 172 168 170 166 169 171 174 173 178 175 176 177 179 182 184 185 183 186 181 189 180 191 188 190 192 194 195 193 196 199 199 196 197 197 193 198 198 195 194 192 190 188 191 180 189 181 186 183 185 184 182 179 177 176 175 178 173 174 171 169 166 170 168 172 160 165 164 167 163 159 162 156 157 152 155 151 150 161 153 144 158 149 147 139 148 143 146 145 141 142 136 154 140 135 134 137 138 127 130 129 126 131 133 132 121 122 128 124 125 120 119 118 117 123 112 115 114 116 110 113 109 107 108 104 106 111 101 105 102 100 96 98 103 93 94 95 97 99 90 91 92 85 89 87 84 88 82 79 86 80 83 81 77 75 78 74 69 71 76 72 73 70 67 62 68 66 65 63 64 61 59 58 56 57 55 60 53 54 52 49 46 40 51 50 48 47 44 45 37 42 34 43 33 36 39 41 35 30 32 31 28 27 25 23 38 29 17 19 20 21 24 22 18 14 16 13 10 26 7 12 8 11 15 9 2 5 6 3 4 0 1 187
100
63 63
111 111
82 82
152 152
133 133
33 33
119 119
191 191
173 173
175 175
163 163
13 13
181 181
90 90
142 142
6 6
110 110
148 148
109 109
132 132
30 30
117 117
165 165
41 41
69 69
128 128
157 157
150 150
54 54
9 9
23 23
169 169
12 12
162 162
2 2
80 80
107 107
190 190
146 146
78 78
153 153
134 134
161 161
67 67
120 120
183 183
55 55
176 176
184 184
93 93
164 164
136 136
48 48
140 140
8 8
72 72
95 95
94 94
171 171
92 92
36 36
18 18
89 89
87 87
160 160
180 180
53 53
97 97
52 52
114 114
172 172
15 15
68 68
47 47
127 127
71 71
65 65
73 73
126 126
58 58
83 83
39 39
70 70
32 32
108 108
79 79
199 199
196 196
154 154
124 124
59 59
29 29
45 45
86 86
156 156
131 131
7 7
44 44
42 42
166 166
