16 1 2 12 0 6 7 5 10 3 4 8 17 9 13 19 11 14 18 21 25 23 29 20 22 15 24 28 32 30 27 33 31 35 46 26 34 36 39 38 37 41 40 48 45 43 42 47 49 50 51 53 57 52 56 61 58 54 60 55 44 59 65 63 64 67 69 70 71 66 62 74 68 80 73 72 77 79 75 78 83 84 86 89 82 76 85 94 87 81 88 91 92 93 96 90 97 99 98 98 99 97 90 96 93 92 91 95 95 88 81 87 94 85 76 82 89 86 84 83 78 75 79 77 72 73 80 68 74 62 66 71 70 69 67 64 63 65 59 44 55 60 54 58 61 56 52 57 53 51 50 49 47 42 43 45 48 40 41 37 38 39 36 34 26 46 35 31 33 27 30 32 28 24 15 22 20 29 23 25 21 18 14 11 19 13 9 17 8 4 3 10 5 7 6 0 12 2 1 16
50
86 86
93 93
75 75
90 90
31 31
51 51
7 7
23 23
33 33
35 35
94 94
17 17
60 60
92 92
84 84
37 37
29 29
58 58
0 0
96 96
5 5
18 18
19 19
82 82
88 88
62 62
68 68
40 40
50 50
80 80
36 36
11 11
74 74
21 21
61 61
6 6
53 53
25 25
3 3
55 55
44 44
20 20
65 65
83 83
85 85
81 81
52 52
39 39
77 77
15 15
