e9 a0 a1 a2 a3 a4 a5 a6 a7 a8 a9 b0 b1 b2 b3 b4 b5 b6 b7 b8 b9 c0 c1 c2 c3 c4 c5 c6 c7 c8 c9 d0 d1 d2 d3 d4 d5 d6 d7 d8 d9 e0 e1 e2 e3 e4 e5 e6 e7 e8 f0 f1 f2 f3 f4 f5 f6 f7 f8 f9 g0 g1 g2 g3 g4 g5 g6 g7 g8 g9 h0 h1 h2 h3 h4 h5 h6 h7 h8 h9 i0 i1 i2 i3 i4 i5 i6 i7 i8 i9 j0 j1 j2 j3 j4 j5 j6 j7 j8 j9 j9 j8 j7 j6 j5 j4 j3 j2 j1 j0 i9 i8 i7 i6 i5 i4 i3 i2 i1 i0 h9 h8 h7 h6 h5 h4 h3 h2 h1 h0 g9 g8 g7 g6 g5 g4 g3 g2 g1 g0 f9 f8 f7 f6 f5 f4 f3 f2 f1 f0 e8 e7 e6 e5 e4 e3 e2 e1 e0 d9 d8 d7 d6 d5 d4 d3 d2 d1 d0 c9 c8 c7 c6 c5 c4 c3 c2 c1 c0 b9 b8 b7 b6 b5 b4 b3 b2 b1 b0 a9 a8 a7 a6 a5 a4 a3 a2 a1 a0 e9
50
b1 b1
b3 b3
j2 j2
g4 g4
b7 b7
i2 i2
f1 f1
d2 d2
d0 d0
h3 h3
e9 e9
g1 g1
a1 a1
d5 d5
h4 h4
g3 g3
h5 h5
i1 i1
b6 b6
f9 f9
g2 g2
i3 i3
f6 f6
d3 d3
h6 h6
i7 i7
d9 d9
d1 d1
i6 i6
j1 j1
g9 g9
i8 i8
d8 d8
j3 j3
b5 b5
i0 i0
i9 i9
c8 c8
e8 e8
e2 e2
d4 d4
d7 d7
f8 f8
a4 a4
e0 e0
b2 b2
h9 h9
h2 h2
a8 a8
g8 g8
