0 1 3 6 8 7 14 4 15 2 5 17 9 12 11 10 21 23 13 16 18 24 25 27 20 22 29 28 35 26 34 30 31 32 33 38 37 36 40 39 55 42 46 19 41 48 44 47 43 49 51 52 50 45 58 54 53 57 63 67 68 56 66 61 59 62 69 60 70 81 71 64 80 76 74 78 65 85 83 77 79 73 98 93 72 86 75 91 90 87 94 99 82 82 99 94 95 84 84 92 88 88 89 96 96 89 97 97 92 95 87 90 91 75 86 72 93 98 73 79 77 83 85 65 78 74 76 80 64 71 81 70 60 69 62 59 61 66 56 68 67 63 57 53 54 58 45 50 52 51 49 43 47 44 48 41 19 46 42 55 39 40 36 37 38 33 32 31 30 34 26 35 28 29 22 20 27 25 24 18 16 13 23 21 10 11 12 9 17 5 2 15 4 14 7 8 6 3 1 0
40
28 28
96 96
80 80
88 88
23 23
94 94
91 91
11 11
64 64
79 79
77 77
2 2
0 0
29 29
10 10
56 56
40 40
47 47
24 24
41 41
71 71
21 21
8 8
82 82
65 65
19 19
25 25
48 48
22 22
42 42
93 93
60 60
45 45
33 33
43 43
15 15
67 67
74 74
3 3
61 61
