0 5 6 2 4 10 1 3 7 12 11 19 13 17 9 18 16 20 8 14 24 27 15 22 34 21 25 32 23 43 28 30 29 31 33 44 36 41 39 38 48 26 47 37 40 45 35 46 54 49 56 42 50 55 53 51 67 52 66 70 75 60 57 64 63 58 81 82 59 61 62 77 65 69 68 76 72 79 71 73 86 91 74 78 83 85 87 90 89 95 98 121 84 88 80 93 94 97 99 92 101 100 126 96 102 106 105 111 112 107 103 113 114 104 110 119 130 109 133 118 108 116 115 124 127 132 122 117 120 129 125 123 134 136 128 131 138 160 139 135 144 137 140 142 148 150 141 143 149 147 145 151 152 157 154 153 155 161 156 158 146 163 164 159 172 170 168 173 171 179 162 166 169 178 167 182 184 165 193 175 183 188 177 176 189 181 196 180 185 190 174 186 194 197 195 195 197 198 198 194 186 174 190 192 199 187 187 199 192 185 180 191 191 196 181 189 176 177 188 183 175 193 165 184 182 167 178 169 166 162 179 171 173 168 170 172 159 164 163 146 158 156 161 155 153 154 157 152 151 145 147 149 143 141 150 148 142 140 137 144 135 139 160 138 131 128 136 134 123 125 129 120 117 122 132 127 124 115 116 108 118 133 109 130 119 110 104 114 113 103 107 112 111 105 106 102 96 126 100 101 92 99 97 94 93 80 88 84 121 98 95 89 90 87 85 83 78 74 91 86 73 71 79 72 76 68 69 65 77 62 61 59 82 81 58 63 64 57 60 75 70 66 52 67 51 53 55 50 42 56 49 54 46 35 45 40 37 47 26 48 38 39 41 36 44 33 31 29 30 28 43 23 32 25 21 34 22 15 27 24 14 8 20 16 18 9 17 13 19 11 12 7 3 1 10 4 2 6 5 0
80
199 199
39 39
58 58
188 188
3 3
52 52
125 125
160 160
12 12
78 78
19 19
32 32
195 195
136 136
116 116
119 119
170 170
197 197
183 183
126 126
31 31
179 179
2 2
94 94
33 33
105 105
74 74
68 68
184 184
143 143
142 142
21 21
24 24
180 180
156 156
157 157
16 16
96 96
0 0
131 131
174 174
115 115
185 185
194 194
103 103
158 158
38 38
69 69
177 177
17 17
46 46
80 80
191 191
86 86
198 198
163 163
4 4
190 190
60 60
8 8
35 35
50 50
192 192
189 189
18 18
29 29
133 133
109 109
178 178
70 70
43 43
159 159
62 62
93 93
51 51
182 182
77 77
193 193
9 9
129 129
