190 1 2 5 3 4 7 11 0 10 6 9 13 8 12 16 21 15 14 17 18 20 19 22 24 27 29 25 32 23 26 30 31 28 36 35 33 38 34 37 39 40 44 45 42 41 43 46 47 49 48 50 54 51 52 56 53 57 55 58 60 59 62 61 63 65 64 68 66 67 69 70 71 72 73 74 75 76 80 77 82 78 81 79 85 83 87 86 84 88 90 91 89 92 94 93 95 96 99 97 98 101 100 103 102 104 107 105 106 110 109 108 111 112 113 115 116 117 119 114 118 120 121 123 124 125 122 128 130 126 129 132 133 131 134 127 137 139 135 138 140 136 141 143 144 147 142 145 149 146 148 153 152 150 151 154 155 157 156 158 160 164 170 159 162 161 163 165 166 167 169 171 176 168 177 172 174 175 178 180 183 186 179 181 184 182 173 185 187 188 189 191 195 193 192 194 197 196 196 198 198 199 199 197 194 192 193 195 191 189 188 187 185 173 182 184 181 179 186 183 180 178 175 174 172 177 168 176 171 169 167 166 165 163 161 162 159 170 164 160 158 156 157 155 154 151 150 152 153 148 146 149 145 142 147 144 143 141 136 140 138 135 139 137 127 134 131 133 132 129 126 130 128 122 125 124 123 121 120 118 114 119 117 116 115 113 112 111 108 109 110 106 105 107 104 102 103 100 101 98 97 99 96 95 93 94 92 89 91 90 88 84 86 87 83 85 79 81 78 82 77 80 76 75 74 73 72 71 70 69 67 66 68 64 65 63 61 62 59 60 58 55 57 53 56 52 51 54 50 48 49 47 46 43 41 42 45 44 40 39 37 34 38 33 35 36 28 31 30 26 23 32 25 29 27 24 22 19 20 18 17 14 15 21 16 12 8 13 9 6 10 0 11 7 4 3 5 2 1 190
100
165 165
60 60
146 146
185 185
141 141
138 138
104 104
55 55
192 192
176 176
188 188
29 29
36 36
1 1
34 34
11 11
166 166
123 123
3 3
50 50
62 62
118 118
168 168
182 182
117 117
172 172
142 142
69 69
113 113
109 109
21 21
61 61
112 112
94 94
139 139
54 54
33 33
177 177
2 2
135 135
137 137
27 27
179 179
129 129
133 133
10 10
47 47
162 162
5 5
99 99
76 76
156 156
40 40
38 38
149 149
57 57
95 95
153 153
92 92
23 23
52 52
163 163
100 100
66 66
169 169
71 71
22 22
56 56
121 121
132 132
198 198
186 186
101 101
32 32
195 195
30 30
45 45
84 84
46 46
44 44
181 181
108 108
93 93
67 67
193 193
136 136
8 8
173 173
116 116
106 106
114 114
111 111
152 152
83 83
164 164
103 103
68 68
189 189
102 102
65 65
