61 1 4 5 0 3 2 6 9 10 7 8 11 15 13 14 12 16 17 19 18 20 23 21 25 26 24 22 27 30 31 28 29 33 34 32 38 37 36 40 35 39 42 44 41 48 45 46 47 51 50 43 54 55 52 56 49 62 58 53 64 67 59 66 60 57 63 65 72 69 70 68 71 78 73 74 75 79 83 81 76 84 77 80 82 86 87 85 89 91 94 90 96 92 88 93 95 97 98 98 97 99 99 95 93 88 92 96 90 94 91 89 85 87 86 82 80 77 84 76 81 83 79 75 74 73 78 71 68 70 69 72 65 63 57 60 66 59 67 64 53 58 62 49 56 52 55 54 43 50 51 47 46 45 48 41 44 42 39 35 40 36 37 38 32 34 33 29 28 31 30 27 22 24 26 25 21 23 20 18 19 17 16 12 14 13 15 11 8 7 10 9 6 2 3 0 5 4 1 61
50
60 60
28 28
92 92
5 5
86 86
10 10
98 98
15 15
36 36
58 58
80 80
2 2
74 74
11 11
69 69
1 1
32 32
67 67
3 3
48 48
8 8
72 72
82 82
42 42
4 4
6 6
14 14
51 51
63 63
83 83
70 70
90 90
65 65
26 26
44 44
35 35
91 91
31 31
40 40
85 85
33 33
30 30
39 39
37 37
73 73
57 57
97 97
17 17
76 76
25 25
