114 4 1 0 5 3 6 7 8 2 9 11 16 10 13 12 17 14 18 19 15 20 23 22 21 24 25 26 28 30 27 31 29 32 33 35 34 39 38 36 37 40 41 51 42 44 45 43 49 46 47 48 50 52 56 53 55 54 57 60 63 59 58 61 62 65 64 70 66 68 67 69 72 71 75 73 77 76 79 74 78 80 82 83 84 91 85 81 86 88 89 90 92 96 93 95 94 98 87 99 97 100 106 103 109 102 101 107 105 108 110 112 104 111 115 117 113 116 119 118 120 122 124 121 123 125 126 127 128 129 130 132 131 141 134 133 135 136 137 140 142 138 143 139 146 145 144 147 150 149 156 152 151 148 153 154 162 160 157 155 161 163 159 158 164 165 166 167 168 172 169 171 170 173 174 175 176 177 180 178 179 186 185 182 181 188 183 184 191 187 195 192 189 193 190 194 196 199 197 198 198 197 199 196 194 190 193 189 192 195 187 191 184 183 188 181 182 185 186 179 178 180 177 176 175 174 173 170 171 169 172 168 167 166 165 164 158 159 163 161 155 157 160 162 154 153 148 151 152 156 149 150 147 144 145 146 139 143 138 142 140 137 136 135 133 134 141 131 132 130 129 128 127 126 125 123 121 124 122 120 118 119 116 113 117 115 111 104 112 110 108 105 107 101 102 109 103 106 100 97 99 87 98 94 95 93 96 92 90 89 88 86 81 85 91 84 83 82 80 78 74 79 76 77 73 75 71 72 69 67 68 66 70 64 65 62 61 58 59 63 60 57 54 55 53 56 52 50 48 47 46 49 43 45 44 42 51 41 40 37 36 38 39 34 35 33 32 29 31 27 30 28 26 25 24 21 22 23 20 15 19 18 14 17 12 13 10 16 11 9 2 8 7 6 3 5 0 1 4 114
100
16 16
174 174
183 183
78 78
188 188
199 199
102 102
21 21
167 167
75 75
191 191
170 170
51 51
175 175
103 103
7 7
166 166
42 42
182 182
49 49
111 111
196 196
12 12
33 33
148 148
24 24
26 26
146 146
197 197
4 4
63 63
70 70
10 10
154 154
66 66
127 127
0 0
37 37
15 15
195 195
173 173
112 112
169 169
155 155
105 105
133 133
131 131
171 171
1 1
28 28
149 149
187 187
98 98
117 117
18 18
67 67
92 92
147 147
35 35
69 69
135 135
74 74
100 100
84 84
96 96
95 95
108 108
115 115
76 76
91 91
43 43
161 161
81 81
31 31
14 14
62 62
109 109
3 3
114 114
41 41
93 93
176 176
89 89
36 36
177 177
124 124
53 53
119 119
5 5
32 32
181 181
87 87
134 134
150 150
59 59
164 164
38 38
94 94
29 29
47 47
