49 3 2 1 0 7 6 8 4 5 9 10 12 13 11 14 16 18 15 17 20 19 22 24 29 31 23 25 21 26 30 27 28 32 37 33 35 34 36 38 42 40 41 39 45 46 47 43 44 51 48 53 55 50 52 54 57 56 58 59 61 60 64 65 62 63 66 67 73 70 68 69 74 75 72 71 76 78 79 77 80 84 81 83 87 82 85 88 90 86 89 94 91 92 96 93 97 98 95 99 99 95 98 97 93 96 92 91 94 89 86 90 88 85 82 87 83 81 84 80 77 79 78 76 71 72 75 74 69 68 70 73 67 66 63 62 65 64 60 61 59 58 56 57 54 52 50 55 53 48 51 44 43 47 46 45 39 41 40 42 38 36 34 35 33 37 32 28 27 30 26 21 25 23 31 29 24 22 19 20 17 15 18 16 14 11 13 12 10 9 5 4 8 6 7 0 1 2 3 49
50
37 37
19 19
32 32
10 10
72 72
21 21
6 6
82 82
76 76
9 9
59 59
86 86
1 1
45 45
90 90
93 93
36 36
55 55
42 42
4 4
7 7
47 47
12 12
5 5
83 83
51 51
23 23
24 24
80 80
16 16
70 70
88 88
95 95
87 87
18 18
38 38
2 2
60 60
49 49
73 73
48 48
11 11
71 71
64 64
89 89
20 20
53 53
77 77
97 97
98 98
