bw a b c d e f g i h k j l m n o s p q r t u w v x y z aa ab ac ad ae af ag ah ai aj ak al am an ao ap aq ar as at au av aw ax az ay ba bb bd bc be bf bg bh bi bj bk bl bm bo bn bp bq br bs bu bt bv bx by bz ca cb cc cd ce cf cg ch ci cj ck cl cm co cn cp cq cr cs ct cu cv cv cu ct cs cr cq cp cn co cm cl ck cj ci ch cg cf ce cd cc cb ca bz by bx bv bt bu bs br bq bp bn bo bm bl bk bj bi bh bg bf be bc bd bb ba ay az ax aw av au at as ar aq ap ao an am al ak aj ai ah ag af ae ad ac ab aa z y x v w u t r q p s o n m l j k h i g f e d c b a bw
50
ct ct
ag ag
by by
ax ax
cf cf
cr cr
az az
co co
b b
x x
cs cs
w w
al al
z z
cn cn
bt bt
f f
bm bm
j j
p p
cp cp
q q
bo bo
ap ap
l l
k k
o o
n n
bq bq
ck ck
u u
ao ao
ci ci
ch ch
ac ac
cq cq
af af
ca ca
au au
d d
bz bz
av av
r r
bh bh
br br
bx bx
bd bd
bw bw
aj aj
ad ad
