gc a b c d e f g i h j k l m n o p q r s t u v x y w aa z ab ac ad ae af ag ah ai aj ak al am an ao ap aq ar as at au av aw ax az ay ba bb bc bd be bf bh bg bi bj bk bl bm bn bo bp bq br bs bt bu bv bw bx by bz ca cb cc cd ce ch cf ci cg ck cj cl cm cn cp co cq cr cs cu ct cv cw cx cy cz da db dc dd de df dg dh di dj dk dl dm do dn dp dq dr ds dt du dv dw dx dy dz ea eb ec ed ee eh eg ei ef ek ej el em en eo ep eq er es et eu ev ew ex ey ez fb fa fc fd ff fe fg fh fi fj fk fl fn fm fo fp fq fr fs ft fu fv fw fx fy fz gd ge ga gb gg gh gf gi gj gk gl gm gn go gp gq gr gr gq gp go gn gm gl gk gj gi gf gh gg gb ga ge gd fz fy fx fw fv fu ft fs fr fq fp fo fm fn fl fk fj fi fh fg fe ff fd fc fa fb ez ey ex ew ev eu et es er eq ep eo en em el ej ek ef ei eg eh ee ed ec eb ea dz dy dx dw dv du dt ds dr dq dp dn do dm dl dk dj di dh dg df de dd dc db da cz cy cx cw cv ct cu cs cr cq co cp cn cm cl cj ck cg ci cf ch ce cd cc cb ca bz by bx bw bv bu bt bs br bq bp bo bn bm bl bk bj bi bg bh bf be bd bc bb ba ay az ax aw av au at as ar aq ap ao an am al ak aj ai ah ag af ae ad ac ab z aa w y x v u t s r q p o n m l k j h i g f e d c b a gc
100
d d
cm cm
ah ah
cs cs
gn gn
dy dy
fd fd
er er
ds ds
bj bj
eq eq
q q
fi fi
ep ep
an an
br br
j j
at at
bt bt
fy fy
dg dg
ad ad
fn fn
bq bq
ap ap
cz cz
gg gg
az az
dq dq
gi gi
et et
dn dn
as as
do do
di di
u u
fw fw
fo fo
am am
bp bp
bi bi
ac ac
cn cn
cg cg
aw aw
dp dp
ab ab
bc bc
en en
by by
cq cq
fr fr
ey ey
ao ao
g g
ee ee
ae ae
co co
ck ck
gj gj
dx dx
ga ga
ff ff
fe fe
bx bx
gh gh
go go
bv bv
em em
ft ft
e e
p p
y y
es es
el el
db db
dh dh
cj cj
ai ai
bl bl
fk fk
fq fq
cr cr
gq gq
dj dj
cv cv
gk gk
cl cl
fh fh
v v
a a
fa fa
cp cp
b b
bn bn
ge ge
dw dw
gm gm
bb bb
bu bu
