Liam Benjamin Oliver James Logan Noah Mason William Elijah Michael Joseph Jacob Henry Alexander Samuel Sebastian Lucas Jackson Ethan Matthew David Anthony John Carter Daniel Wyatt Owen Andrew Jayden Dylan Julian Luke Jaxon Aiden Grayson Gabriel Jack Christopher Isaac Joshua Nathan Mateo Lincoln Thomas Ryan Levi Isaiah Charles Aaron Aaron Caleb Caleb Charles Isaiah Levi Ryan Thomas Lincoln Mateo Nathan Joshua Isaac Christopher Jack Gabriel Grayson Aiden Jaxon Luke Julian Dylan Jayden Andrew Owen Wyatt Daniel Carter John Anthony David Matthew Ethan Jackson Lucas Sebastian Samuel Alexander Henry Jacob Joseph Michael Elijah William Mason Noah Logan James Oliver Benjamin Liam
25
Liam Liam
Noah Noah
William William
James James
Logan Logan
Benjamin Benjamin
Mason Mason
Elijah Elijah
Oliver Oliver
Jacob Jacob
Lucas Lucas
Michael Michael
Alexander Alexander
Ethan Ethan
Daniel Daniel
Matthew Matthew
Aiden Aiden
Henry Henry
Joseph Joseph
Jackson Jackson
Samuel Samuel
Sebastian Sebastian
David David
Carter Carter
Wyatt Wyatt
