Liam Jordan Jack Joshua Lucas Noah Maverick Anthony Angel Jaxson Cameron Gabriel Christian Nicholas Daniel Jameson Benjamin Grayson Alexander Leo Bryson Malachi Henry Tristan Edward Sebastian Bryce Ayden Theodore Rowan Austin Hayden Bennett John Matthew Jayce Jeremy Declan Brayden Jonathan Ethan Aiden Mateo Ryder Nathaniel Luis Parker Justin Josiah Julian Matteo Ezra Jackson Braxton Silas Silas Juan Damian Dylan Andrew Logan Nolan Elijah Adrian Harrison Bentley Mason Charles Ryker Brody David Aaron Michael Calvin Nathan Connor Elias Kaleb Isaac James Oliver Patrick Christopher Kai Carson Emmanuel Samuel Carlos Carlos Eric Greyson Chase Carter Santiago Alan Jasper Jude Joseph Robert Cole Everett Jacob Finn Luke Miles Kingston Brandon Emmett Thomas Hunter Isaiah Isaiah Zachary Tyler Eli Sawyer Ian Alejandro Dawson Gavin Waylon Jaxon King Grant Cooper Axel Preston Jose Ashton Ashton Kaiden Maddox Ezekiel Jeremiah Jeremiah Ezekiel Xander Leonardo George George Leonardo Oscar Levi Levi Karter Zion Jonah Ryan Xavier Steven Luca Colton Adam Adam Tucker Amir Miguel Zayden Dominic Victor Victor Joel Easton Richard Richard Easton Diego Kayden Maximus Graham Jason Wesley Caleb Elliott Elliott Caleb Wesley Jason Graham Maximus Kayden Diego Joel Dominic Abel Weston Kevin Kevin Ivan Hudson Hudson Ivan Giovanni Abraham Lorenzo Messiah Micah Micah Blake Blake Brantley Brantley Jesse Antonio Owen Owen Antonio Jesse Messiah Lorenzo Abraham Giovanni Weston Abel August Timothy Max Jayden Roman Evan Evan Alex Alex Avery Camden Jesus Jesus Camden Dean Maxwell Maxwell Beau William Landon Landon William Beau Dean Avery Roman Jayden Lincoln Elliot Elliot Lincoln Max Timothy August Zayden Miguel Amir Tucker Colton Luca Marcus Marcus Steven Xavier Ryan Jonah Rhett Vincent Vincent Rhett Zion Karter Oscar Xander Maddox Kaiden Jose Preston Axel Cooper Grant King Jaxon Asher Asher Waylon Gavin Gael Wyatt Wyatt Gael Dawson Alejandro Ian Sawyer Eli Tyler Zachary Hunter Thomas Emmett Brandon Kingston Miles Luke Finn Jacob Everett Cole Robert Joseph Jace Jace Jude Jasper Alan Santiago Carter Chase Greyson Eric Samuel Emmanuel Carson Kai Christopher Patrick Oliver James Isaac Kaleb Elias Connor Nathan Calvin Michael Aaron David Brody Ryker Charles Mason Bentley Harrison Adrian Elijah Nolan Logan Andrew Dylan Damian Juan Braxton Jackson Ezra Matteo Julian Josiah Justin Parker Luis Nathaniel Ryder Mateo Aiden Ethan Jonathan Brayden Declan Jeremy Jayce Matthew John Bennett Hayden Austin Rowan Theodore Ayden Bryce Sebastian Edward Tristan Henry Malachi Bryson Leo Alexander Grayson Benjamin Jameson Daniel Nicholas Christian Gabriel Cameron Jaxson Angel Anthony Maverick Noah Lucas Joshua Jack Jordan Liam
90
Liam Liam
Noah Noah
William William
James James
Logan Logan
Benjamin Benjamin
Mason Mason
Elijah Elijah
Oliver Oliver
Jacob Jacob
Lucas Lucas
Michael Michael
Alexander Alexander
Ethan Ethan
Daniel Daniel
Matthew Matthew
Aiden Aiden
Henry Henry
Joseph Joseph
Jackson Jackson
Samuel Samuel
Sebastian Sebastian
David David
Carter Carter
Wyatt Wyatt
Jayden Jayden
John John
Owen Owen
Dylan Dylan
Luke Luke
Gabriel Gabriel
Anthony Anthony
Isaac Isaac
Grayson Grayson
Jack Jack
Julian Julian
Levi Levi
Christopher Christopher
Joshua Joshua
Andrew Andrew
Lincoln Lincoln
Mateo Mateo
Ryan Ryan
Jaxon Jaxon
Nathan Nathan
Aaron Aaron
Isaiah Isaiah
Thomas Thomas
Charles Charles
Caleb Caleb
Josiah Josiah
Christian Christian
Hunter Hunter
Eli Eli
Jonathan Jonathan
Connor Connor
Landon Landon
Adrian Adrian
Asher Asher
Cameron Cameron
Leo Leo
Theodore Theodore
Jeremiah Jeremiah
Hudson Hudson
Robert Robert
Easton Easton
Nolan Nolan
Nicholas Nicholas
Ezra Ezra
Colton Colton
Angel Angel
Brayden Brayden
Jordan Jordan
Dominic Dominic
Austin Austin
Ian Ian
Adam Adam
Elias Elias
Jaxson Jaxson
Greyson Greyson
Jose Jose
Ezekiel Ezekiel
Carson Carson
Evan Evan
Maverick Maverick
Bryson Bryson
Jace Jace
Cooper Cooper
Xavier Xavier
Parker Parker
