Liam Isaiah Daniel Caleb Noah Lucas Eli Jackson Levi Jack Jayden Mason Elijah William Logan Oliver Alexander Mateo Joseph Isaac David Sebastian Carter Benjamin Henry Anthony Landon Hunter Asher Luke Julian Aiden Andrew Josiah Cameron Samuel Nicholas Theodore Parker Angel Joshua Jose Owen Dylan Thomas James Hudson Jonathan Leo Aaron Nathan Grayson Easton Dominic Ezekiel Carson Christian Adam Robert Ian Michael Jaxon Jacob Jordan Cooper Matthew Matthew Adrian Adrian Maverick Evan Chase John Sawyer Colton Jaxson Lincoln Greyson Charles Christopher Gabriel Gabriel Christopher Austin Ryan Ryan Bryson Elias Elias Jameson Jeremiah Xavier Wyatt Wyatt Jason Leonardo Connor Connor Santiago Santiago Kayden Roman Ayden Ethan Brayden Brayden Ethan Gavin Jace Jace Gavin Ayden Roman Kayden Leonardo Jason Xavier Jeremiah Jameson Bryson Austin Charles Greyson Lincoln Ezra Ezra Jaxson Colton Sawyer John Chase Evan Maverick Cooper Jordan Jacob Jaxon Michael Ian Robert Adam Christian Nolan Nolan Carson Ezekiel Dominic Easton Grayson Nathan Aaron Leo Jonathan Hudson James Thomas Dylan Owen Jose Joshua Angel Parker Theodore Nicholas Samuel Cameron Josiah Andrew Aiden Julian Luke Asher Hunter Landon Anthony Henry Benjamin Carter Sebastian David Isaac Joseph Mateo Alexander Oliver Logan William Elijah Mason Jayden Jack Levi Jackson Eli Lucas Noah Caleb Daniel Isaiah Liam
30
Liam Liam
Noah Noah
William William
James James
Logan Logan
Benjamin Benjamin
Mason Mason
Elijah Elijah
Oliver Oliver
Jacob Jacob
Lucas Lucas
Michael Michael
Alexander Alexander
Ethan Ethan
Daniel Daniel
Matthew Matthew
Aiden Aiden
Henry Henry
Joseph Joseph
Jackson Jackson
Samuel Samuel
Sebastian Sebastian
David David
Carter Carter
Wyatt Wyatt
Jayden Jayden
John John
Owen Owen
Dylan Dylan
Luke Luke
