zero four zero six thirteen twenty twentyseven thirtyfour thirtythree forty fortyseven fortyeight fiftyfive sixtytwo sixtythree fiftyseven sixtythree seventy sixtynine sixtyeight sixtyseven sixtysix sixtyfive sixtyfour seventyone seventyseven eightyfour seventyeight seventynine eighty eightyone eightyeight ninetyfive ninetyfour eightyseven eightyeight eightynine eightytwo seventyfive sixtyeight sixtyone sixty fiftythree fiftytwo fiftyone fifty fiftyone fortyfour fortyfive fortysix thirtynine thirtyeight thirtyseven thirtysix twentynine thirty thirtyone twentyfour twentythree twentytwo fifteen twentyone fourteen thirteen twelve eleven ten nine two zero
45
two two three
four four five
six six
ten ten
twelve twelve
fourteen fourteen
fifteen fifteen
twenty twenty
twentytwo twentytwo
twentyfour twentyfour twentyfive
twentynine twentynine thirty
thirtythree thirtythree
thirtyfour thirtyfour thirtyfive
thirtysix thirtysix
thirtyseven thirtyseven
thirtynine thirtynine
fortyfour fortyfour
fortyfive fortyfive
fortyseven fortyseven
fortyeight fortyeight
fifty fifty
fiftyone fiftyone
fiftythree fiftythree
fiftyfive fiftyfive
fiftyseven fiftyseven
sixty sixty
sixtyone sixtyone
sixtytwo sixtytwo
sixtyfive sixtyfive
sixtysix sixtysix
sixtyseven sixtyseven
sixtyeight sixtyeight
seventy seventy
seventyone seventyone
seventyfive seventyfive
seventyseven seventyseven
seventyeight seventyeight
seventynine seventynine
eightyone eightyone
eightytwo eightytwo
eightyfour eightyfour
eightyseven eightyseven
eightyeight eightyeight
eightynine eightynine
ninetyfive ninetyfive
