zero one two three four five six seven fourteen eight nine ten eleven twelve thirteen twenty nineteen eighteen seventeen sixteen fifteen twentyone twentyeight twentytwo twentythree twentyfour twentyfive twentysix twentyseven thirtyfour thirtythree thirtytwo thirtyone thirty twentynine thirtyfive fortytwo thirtysix thirtyseven thirtyeight thirtynine forty fortyone fortyeight fortyseven fortysix fortyfive fortyfour fortythree fortynine fiftysix fifty fiftyone fiftytwo fiftythree fiftyfour fiftyfive sixtytwo sixtyone sixty fiftynine fiftyeight fiftyseven sixtythree seventy sixtyfour sixtyfive sixtysix sixtyseven sixtyeight sixtynine seventysix seventyfive seventyfour seventythree seventytwo seventyone seventyseven eightyfour seventyeight seventynine eighty eightyone eightytwo eightythree ninety eightynine eightyeight eightyseven eightysix eightyfive ninetyone ninetyeight ninetytwo ninetythree ninetyfour ninetyfive ninetysix ninetyseven onehunfour onehunthree onehuntwo onehunone onehun ninetynine onehunfive onehuntwelve onehunsix onehunseven onehuneight onehunnine onehunten onehuneleven onehuneighteen onehunseventeen onehunsixteen onehunfifteen onehunfourteen onehunthirteen onehunnineteen onehuntwentysix onehuntwenty onehuntwentyone onehuntwentytwo onehuntwentythree onehuntwentyfour onehuntwentyfive onehunthirtytwo onehunthirtyone onehunthirty onehuntwentynine onehuntwentyeight onehuntwentyseven onehunthirtythree onehunforty onehunthirtyfour onehunthirtyfive onehunthirtysix onehunthirtyseven onehunthirtyeight onehunthirtynine onehunfortysix onehunfortyfive onehunfortyfour onehunfortythree onehunfortytwo onehunfortyone onehunfortyseven onehunfiftyfour onehunfortyeight onehunfortynine onehunfifty onehunfiftyone onehunfiftytwo onehunfiftythree onehunsixty onehunfiftynine onehunfiftyeight onehunfiftyseven onehunfiftysix onehunfiftyfive onehunsixtyone onehunsixtyeight onehunsixtytwo onehunsixtythree onehunsixtyfour onehunsixtyfive onehunsixtysix onehunsixtyseven onehunseventyfour onehunseventythree onehunseventytwo onehunseventyone onehunseventy onehunsixtynine onehunseventyfive onehuneightytwo onehunseventysix onehunseventyseven onehunseventyeight onehunseventynine onehuneighty onehuneightyone onehuneightyeight onehuneightyseven onehuneightysix onehuneightyfive onehuneightyfour onehuneightythree onehuneightynine onehunninetysix onehunninety onehunninetyone onehunninetytwo onehunninetythree onehunninetyfour onehunninetyfive onehunninetyfive onehunninetyfour onehunninetythree onehunninetytwo onehunninetyone onehunninety onehunninetysix onehuneightynine onehuneightythree onehuneightyfour onehuneightyfive onehuneightysix onehuneightyseven onehuneightyeight onehuneightyone onehuneighty onehunseventynine onehunseventyeight onehunseventyseven onehunseventysix onehuneightytwo onehunseventyfive onehunsixtynine onehunseventy onehunseventyone onehunseventytwo onehunseventythree onehunseventyfour onehunsixtyseven onehunsixtysix onehunsixtyfive onehunsixtyfour onehunsixtythree onehunsixtytwo onehunsixtyeight onehunsixtyone onehunfiftyfive onehunfiftysix onehunfiftyseven onehunfiftyeight onehunfiftynine onehunsixty onehunfiftythree onehunfiftytwo onehunfiftyone onehunfifty onehunfortynine onehunfortyeight onehunfiftyfour onehunfortyseven onehunfortyone onehunfortytwo onehunfortythree onehunfortyfour onehunfortyfive onehunfortysix onehunthirtynine onehunthirtyeight onehunthirtyseven onehunthirtysix onehunthirtyfive onehunthirtyfour onehunforty onehunthirtythree onehuntwentyseven onehuntwentyeight onehuntwentynine onehunthirty onehunthirtyone onehunthirtytwo onehuntwentyfive onehuntwentyfour onehuntwentythree onehuntwentytwo onehuntwentyone onehuntwenty onehuntwentysix onehunnineteen onehunthirteen onehunfourteen onehunfifteen onehunsixteen onehunseventeen onehuneighteen onehuneleven onehunten onehunnine onehuneight onehunseven onehunsix onehuntwelve onehunfive ninetynine onehun onehunone onehuntwo onehunthree onehunfour ninetyseven ninetysix ninetyfive ninetyfour ninetythree ninetytwo ninetyeight ninetyone eightyfive eightysix eightyseven eightyeight eightynine ninety eightythree eightytwo eightyone eighty seventynine seventyeight eightyfour seventyseven seventyone seventytwo seventythree seventyfour seventyfive seventysix sixtynine sixtyeight sixtyseven sixtysix sixtyfive sixtyfour seventy sixtythree fiftyseven fiftyeight fiftynine sixty sixtyone sixtytwo fiftyfive fiftyfour fiftythree fiftytwo fiftyone fifty fiftysix fortynine fortythree fortyfour fortyfive fortysix fortyseven fortyeight fortyone forty thirtynine thirtyeight thirtyseven thirtysix fortytwo thirtyfive twentynine thirty thirtyone thirtytwo thirtythree thirtyfour twentyseven twentysix twentyfive twentyfour twentythree twentytwo twentyeight twentyone fifteen sixteen seventeen eighteen nineteen twenty thirteen twelve eleven ten nine eight fourteen seven six five four three two one zero
100
one one
two two
three three
six six
seven seven
ten ten
eleven eleven
twelve twelve
fourteen fourteen
fifteen fifteen
sixteen sixteen
seventeen seventeen
twenty twenty
twentythree twentythree
twentyfive twentyfive
twentysix twentysix
twentyseven twentyseven
twentynine twentynine
thirtythree thirtythree
thirtyfour thirtyfour
thirtyseven thirtyseven
thirtyeight thirtyeight
fortythree fortythree
fortyfour fortyfour
fortyfive fortyfive
fortynine fortynine
fiftytwo fiftytwo
fiftythree fiftythree
fiftyfive fiftyfive
fiftyseven fiftyseven
fiftyeight fiftyeight
sixty sixty
sixtyfour sixtyfour
sixtysix sixtysix
sixtyseven sixtyseven
sixtynine sixtynine
seventy seventy
seventyone seventyone
seventytwo seventytwo
seventyfive seventyfive
seventyseven seventyseven
seventyeight seventyeight
seventynine seventynine
eightytwo eightytwo
eightythree eightythree
eightyfour eightyfour
eightyseven eightyseven
ninetyeight ninetyeight
ninetynine ninetynine
onehunone onehunone
onehuneight onehuneight
onehunten onehunten
onehuneleven onehuneleven
onehunthirteen onehunthirteen
onehunsixteen onehunsixteen
onehunseventeen onehunseventeen
onehuneighteen onehuneighteen
onehunnineteen onehunnineteen
onehuntwentyone onehuntwentyone
onehuntwentythree onehuntwentythree
onehuntwentyfour onehuntwentyfour
onehuntwentysix onehuntwentysix
onehuntwentyseven onehuntwentyseven
onehuntwentyeight onehuntwentyeight
onehunthirty onehunthirty
onehunthirtyfive onehunthirtyfive
onehunforty onehunforty
onehunfortythree onehunfortythree
onehunfortyfour onehunfortyfour
onehunfortyfive onehunfortyfive
onehunfortysix onehunfortysix
onehunfortynine onehunfortynine
onehunfifty onehunfifty
onehunfiftyfour onehunfiftyfour
onehunfiftyseven onehunfiftyseven
onehunfiftynine onehunfiftynine
onehunsixty onehunsixty
onehunsixtyone onehunsixtyone
onehunsixtythree onehunsixtythree
onehunsixtyfour onehunsixtyfour
onehunsixtyfive onehunsixtyfive
onehunsixtysix onehunsixtysix
onehunsixtynine onehunsixtynine
onehunseventy onehunseventy
onehunseventyone onehunseventyone
onehunseventythree onehunseventythree
onehunseventyfour onehunseventyfour
onehunseventyfive onehunseventyfive
onehunseventysix onehunseventysix
onehunseventyeight onehunseventyeight
onehuneighty onehuneighty
onehuneightyone onehuneightyone
onehuneightytwo onehuneightytwo
onehuneightyfour onehuneightyfour
onehuneightyseven onehuneightyseven
onehunninety onehunninety
onehunninetyone onehunninetyone
onehunninetytwo onehunninetytwo
onehunninetythree onehunninetythree
onehunninetyfour onehunninetyfour
