zero one two three four five six seven fourteen eight nine ten eleven twelve thirteen twenty nineteen eighteen seventeen sixteen fifteen twentyone twentyeight twentytwo twentythree twentyfour twentyfive twentysix twentyseven thirtyfour thirtythree thirtytwo thirtyone thirty twentynine thirtyfive fortytwo thirtysix thirtyseven thirtyeight thirtynine forty fortyone fortyeight fortyseven fortysix fortyfive fortyfour fortythree fortynine fortynine fortythree fortyfour fortyfive fortysix fortyseven fortyeight fortyone forty thirtynine thirtyeight thirtyseven thirtysix fortytwo thirtyfive twentynine thirty thirtyone thirtytwo thirtythree thirtyfour twentyseven twentysix twentyfive twentyfour twentythree twentytwo twentyeight twentyone fifteen sixteen seventeen eighteen nineteen twenty thirteen twelve eleven ten nine eight fourteen seven six five four three two one zero
25
three three
five five
six six
seven seven
nine nine
eleven eleven
twelve twelve
thirteen thirteen
fourteen fourteen
fifteen fifteen
sixteen sixteen
eighteen eighteen
nineteen nineteen
twenty twenty
twentyfive twentyfive
thirtyone thirtyone
thirtytwo thirtytwo
thirtyfour thirtyfour
thirtyfive thirtyfive
thirtyseven thirtyseven
thirtyeight thirtyeight
forty forty
fortytwo fortytwo
fortyfive fortyfive
fortysix fortysix
