0 44 29 27 12 153 165 103 35 80 5 60 194 152 106 122 180 181 21 74 105 24 163 195 77 159 136 177 146 79 93 67 97 164 196 130 41 138 83 102 37 4 19 94 142 33 50 140 114 176 156 51 197 115 96 78 191 92 69 84 172 192 113 76 45 47 25 198 39 13 143 101 63 98 168 187 167 95 100 116 145 26 36 182 70 162 66 22 91 82 73 64 160 134 15 199 139 135 20 17 170 55 53 144 31 109 132 2 125 148 46 81 88 173 49 169 193 16 117 65 158 72 57 110 184 89 174 30 178 171 133 108 157 58 118 155 75 59 42 119 141 18 54 131 38 8 23 129 128 186 62 34 188 11 85 179 189 190 120 151 166 150 6 124 71 183 10 61 107 86 14 185 127 32 149 104 112 52 52 43 48 121 9 1 126 90 154 68 87 123 28 147 111 40 40 56 161 99 3 137 7 7 137 3 99 161 56 111 147 175 175 28 123 87 68 154 90 126 1 9 121 48 43 112 104 149 32 127 185 14 86 107 61 10 183 71 124 6 150 166 151 120 190 189 179 85 11 188 34 62 186 128 129 23 8 38 131 54 18 141 119 42 59 75 155 118 58 157 108 133 171 178 30 174 89 184 110 57 72 158 65 117 16 193 169 49 173 88 81 46 148 125 2 132 109 31 144 53 55 170 17 20 135 139 199 15 134 160 64 73 82 91 22 66 162 70 182 36 26 145 116 100 95 167 187 168 98 63 101 143 13 39 198 25 47 45 76 113 192 172 84 69 92 191 78 96 115 197 51 156 176 114 140 50 33 142 94 19 4 37 102 83 138 41 130 196 164 97 67 93 79 146 177 136 159 77 195 163 24 105 74 21 181 180 122 106 152 194 60 5 80 35 103 165 153 12 27 29 44 0
100
66 66
31 31
93 93
36 36
74 74
59 59
22 22
99 99
62 62
43 43
41 41
77 77
50 50
58 58
60 60
15 15
49 49
45 45
95 95
4 4
1 1
44 44
75 75
18 18
96 96
37 37
67 67
76 76
79 79
38 38
92 92
29 29
19 19
71 71
27 27
73 73
28 28
34 34
7 7
17 17
63 63
0 0
47 47
97 97
40 40
84 84
61 61
20 20
85 85
80 80
98 98
53 53
72 72
52 52
46 46
64 64
78 78
30 30
89 89
57 57
35 35
23 23
82 82
32 32
68 68
25 25
91 91
54 54
48 48
10 10
56 56
83 83
55 55
33 33
81 81
86 86
2 2
51 51
94 94
90 90
6 6
5 5
8 8
24 24
70 70
87 87
9 9
12 12
14 14
39 39
16 16
65 65
42 42
11 11
3 3
21 21
69 69
26 26
13 13
88 88
