0 43 63 68 11 41 90 72 78 2 81 9 92 25 34 21 20 35 89 36 82 54 30 33 57 7 32 52 96 45 8 12 13 46 40 1 51 37 44 31 42 71 86 93 47 53 83 3 26 19 97 50 79 76 95 6 88 62 80 66 87 65 23 67 70 60 27 69 99 85 29 5 75 73 55 24 56 15 38 48 61 84 28 10 10 16 17 14 77 58 22 49 94 64 39 59 59 98 74 91 91 74 98 39 64 94 49 4 4 18 18 22 58 77 14 17 16 28 84 61 48 38 15 56 24 55 73 75 5 29 85 99 69 27 60 70 67 23 65 87 66 80 62 88 6 95 76 79 50 97 19 26 3 83 53 47 93 86 71 42 31 44 37 51 1 40 46 13 12 8 45 96 52 32 7 57 33 30 54 82 36 89 35 20 21 34 25 92 9 81 2 78 72 90 41 11 68 63 43 0
50
38 38
32 32
2 2
11 11
25 25
24 24
27 27
9 9
41 41
19 19
18 18
44 44
23 23
36 36
5 5
1 1
35 35
0 0
43 43
28 28
34 34
33 33
31 31
15 15
40 40
48 48
21 21
42 42
6 6
22 22
7 7
49 49
47 47
3 3
10 10
39 39
29 29
30 30
45 45
14 14
8 8
4 4
20 20
13 13
46 46
12 12
17 17
16 16
37 37
26 26
