0 3 117 191 140 104 139 104 138 178 113 179 113 78 110 78 113 12 114 12 132 102 2 107 155 107 4 90 171 119 7 106 154 106 153 158 108 115 108 194 118 98 36 125 101 130 101 125 36 61 89 97 100 95 45 109 164 142 105 21 103 116 112 92 117 3 0
25
100 120 121 122 123
101 124 125 126 127 128 129
130 130
102 131 132 133
103 134 135 136 137
138 138 178
139 139
140 140 191
105 141 143 144 145 146
142 142 150 164
106 147 148 149 151 152
153 153 158
154 154 175
155 155
108 156 157 159 160 194
109 161 162 163 165 166 167 180
110 168 169 170
119 171 197 198 199
112 172 173 174 176 177
179 179
114 181 182 183 184 185
115 186 187
116 188 189 190
117 192 193
118 195 196
