Djibouti Afghanistan Albania Albania Algeria Algeria Andorra Andorra Angola Angola Afghanistan Antigu Argentina Argentina Armenia Armenia Australia Australia Austria Austria Antigu Austrian Azerbaijan Azerbaijan Baden Baden Bahrain Bahrain Bangladesh Bangladesh Austrian Barbados Bavaria Bavaria Belarus Belarus Belgium Belgium Belize Belize Barbados Benin Bolivia Bolivia Bosnia Bosnia Botswana Botswana Brazil Brazil Benin Brunei Brunei Brunswick Brunswick Bulgaria Bulgaria Burkina Burkina Burma Burma Burundi Burundi Cabo Cabo Cambodia Cambodia Cameroon Cameroon Canada Canada Chad Chad Chile Chile China China Colombia Colombia Comoros Comoros Costarica Costarica CotedIvoire CotedIvoire Croatia Croatia Cuba Cuba Cyprus Cyprus Czechi Czechi Czechoslovakia Czechoslovakia Congo Congo Denmark Denmark Djibouti
25
Afghanistan Afghanistan
Albania Albania
Algeria Algeria
Andorra Andorra
Angola Angola
Antigu Antigu
Argentina Argentina
Armenia Armenia
Australia Australia
Austria Austria
Austrian Austrian
Azerbaijan Azerbaijan
Baden Baden
Bahrain Bahrain
Bangladesh Bangladesh
Barbados Barbados
Bavaria Bavaria
Belarus Belarus
Belgium Belgium
Belize Belize
Benin Benin
Bolivia Bolivia
Bosnia Bosnia
Botswana Botswana
Brazil Brazil
