Afghanistan Albania Algeria Andorra Angola Antigu Argentina Armenia Australia Austria Austrian Azerbaijan Baden Bahrain Bangladesh Barbados Bavaria Belarus Belgium Belize Benin Bolivia Bosnia Botswana Brazil Brunei Brunswick Bulgaria Burkina Burma Burundi Cabo Cambodia Cameroon Canada Chad Chile China Colombia Comoros Costarica CotedIvoire Croatia Cuba Cyprus Czechi Czechoslovakia Congo Denmark Djibouti Dominica Dominicanrepublic Ecuador Egypt ElSalvador EquatorialGuinea Eritrea Estonia Eswatini Ethiopia Fiji Finland France Gabon Georgia Germany Ghana Greece Grenada Guatemala Guinea GuineaBissau Guyana Haiti Hanover HanseaticRepublics Hawaii Hesse HolySee Honduras Hungary Iceland India Indonesia Iran Iraq Ireland Israel Italy Jamaica Japan Jordan Kazakhstan Kenya Kiribati Korea Kosovo Kuwait Kyrgyzstan Laos Laos Kyrgyzstan Kuwait Kosovo Korea Kiribati Kenya Kazakhstan Jordan Japan Jamaica Italy Israel Ireland Iraq Iran Indonesia India Iceland Hungary Honduras HolySee Hesse Hawaii HanseaticRepublics Hanover Haiti Guyana GuineaBissau Guinea Guatemala Grenada Greece Ghana Germany Georgia Gabon France Finland Fiji Ethiopia Eswatini Estonia Eritrea EquatorialGuinea ElSalvador Egypt Ecuador Dominicanrepublic Dominica Djibouti Denmark Congo Czechoslovakia Czechi Cyprus Cuba Croatia CotedIvoire Costarica Comoros Colombia China Chile Chad Canada Cameroon Cambodia Cabo Burundi Burma Burkina Bulgaria Brunswick Brunei Brazil Botswana Bosnia Bolivia Benin Belize Belgium Belarus Bavaria Barbados Bangladesh Bahrain Baden Azerbaijan Austrian Austria Australia Armenia Argentina Antigu Angola Andorra Algeria Albania Latvia Latvia LewChew LewChew Loochoo Loochoo Lebanon Lebanon Lesotho Lesotho Liberia Liberia Libya Libya Liechtenstein Liechtenstein Lithuania Lithuania Luxembourg Luxembourg Madagascar Madagascar Malawi Malawi Malaysia Malaysia Maldives Maldives Mali Mali Malta Malta Marshall Marshall Mauritania Mauritania Mauritius Mauritius MecklenburgSchwerin MecklenburgSchwerin MecklenburgStrelitz MecklenburgStrelitz Mexico Mexico Micronesia Micronesia Moldova Moldova Monaco Monaco Mongolia Mongolia Montenegro Montenegro Morocco Morocco Mozambique Mozambique Namibia Namibia Nassau Nassau Nauru Nauru Nepal Nepal NewZealand NewZealand Nicaragua Nicaragua Niger Niger Nigeria Nigeria NorthGerman NorthGerman NorthGermanUnion NorthGermanUnion NorthMacedonia NorthMacedonia Norway Norway Oldenburg Oldenburg Oman Oman OrangeFreeState OrangeFreeState Pakistan Pakistan Palau Palau Panama Panama PapalStates PapalStates PapuaNewGuinea PapuaNewGuinea Paraguay Paraguay Peru Peru Philippines Philippines PiedmontSardinia PiedmontSardinia Poland Poland Portugal Portugal Qatar Qatar RepublicofGenoa RepublicofGenoa RepublicofKorea RepublicofKorea RepublicoftheCongo RepublicoftheCongo Romania Romania Russia Russia Rwanda Rwanda SaintKittsandNevis SaintKittsandNevis SaintLucia SaintLucia SaintVincent SaintVincent Samoa Samoa SanMarino SanMarino SaoTomeandPrincipe SaoTomeandPrincipe SaudiArabia SaudiArabia SchaumburgLippe SchaumburgLippe Senegal Senegal Serbia Serbia Seychelles Seychelles SierraLeone SierraLeone Singapore Singapore Slovakia Slovakia Slovenia Slovenia Somalia Somalia SouthAfrica SouthAfrica SouthSudan SouthSudan Spain Spain SriLanka SriLanka Sudan Sudan Suriname Suriname Sweden Sweden Switzerland Switzerland Syria Syria Tajikistan Tajikistan Tanzania Tanzania Texas Texas Thailand Thailand TheBahamas TheBahamas TheCaymanIslands TheCaymanIslands TheCongoFreeState TheCongoFreeState TheDuchyofParma TheDuchyofParma TheGambia TheGambia TheGrandDuchy TheGrandDuchy TheNetherlands TheNetherlands TheSolomon TheSolomon TheUnitedArab TheUnitedArab Afghanistan
100
Afghanistan Afghanistan
Albania Albania
Algeria Algeria
Andorra Andorra
Angola Angola
Antigu Antigu
Argentina Argentina
Armenia Armenia
Australia Australia
Austria Austria
Austrian Austrian
Azerbaijan Azerbaijan
Baden Baden
Bahrain Bahrain
Bangladesh Bangladesh
Barbados Barbados
Bavaria Bavaria
Belarus Belarus
Belgium Belgium
Belize Belize
Benin Benin
Bolivia Bolivia
Bosnia Bosnia
Botswana Botswana
Brazil Brazil
Brunei Brunei
Brunswick Brunswick
Bulgaria Bulgaria
Burkina Burkina
Burma Burma
Burundi Burundi
Cabo Cabo
Cambodia Cambodia
Cameroon Cameroon
Canada Canada
Chad Chad
Chile Chile
China China
Colombia Colombia
Comoros Comoros
Costarica Costarica
CotedIvoire CotedIvoire
Croatia Croatia
Cuba Cuba
Cyprus Cyprus
Czechi Czechi
Czechoslovakia Czechoslovakia
Congo Congo
Denmark Denmark
Djibouti Djibouti
Dominica Dominica
Dominicanrepublic Dominicanrepublic
Ecuador Ecuador
Egypt Egypt
ElSalvador ElSalvador
EquatorialGuinea EquatorialGuinea
Eritrea Eritrea
Estonia Estonia
Eswatini Eswatini
Ethiopia Ethiopia
Fiji Fiji
Finland Finland
France France
Gabon Gabon
Georgia Georgia
Germany Germany
Ghana Ghana
Greece Greece
Grenada Grenada
Guatemala Guatemala
Guinea Guinea
GuineaBissau GuineaBissau
Guyana Guyana
Haiti Haiti
Hanover Hanover
HanseaticRepublics HanseaticRepublics
Hawaii Hawaii
Hesse Hesse
HolySee HolySee
Honduras Honduras
Hungary Hungary
Iceland Iceland
India India
Indonesia Indonesia
Iran Iran
Iraq Iraq
Ireland Ireland
Israel Israel
Italy Italy
Jamaica Jamaica
Japan Japan
Jordan Jordan
Kazakhstan Kazakhstan
Kenya Kenya
Kiribati Kiribati
Korea Korea
Kosovo Kosovo
Kuwait Kuwait
Kyrgyzstan Kyrgyzstan
Laos Laos
