equinox camp improve balance sell revise houseplant fibre lamb presidential chain union essential brick mastermind aisle novel bark disposition paint secretary uncertainty explicit photograph slice band farewell seller fish orange clothes prejudice resident launch death morale incident distinct tile roll cherry extension name charismatic approach pudding old community prestige perform frighten mirror net constant active suffering survey map commitment sustain conference candle duck walk progress tongue liability smash reinforce safari muggy wilderness flow analyst dry twitch funeral method dollar jurisdiction corpse remark referee hiccup glove tropical research cycle favor machinery advocate kitchen shift acquisition recording curtain president implication account improvement improvement account implication president curtain recording acquisition shift kitchen advocate machinery favor cycle research tropical glove hiccup referee remark corpse jurisdiction dollar method funeral twitch dry analyst flow wilderness muggy safari reinforce smash liability tongue progress walk duck candle conference sustain commitment map survey suffering active constant net mirror frighten perform prestige community old pudding approach charismatic name extension cherry roll tile distinct incident morale death launch resident prejudice clothes orange fish seller farewell band slice photograph explicit uncertainty secretary paint disposition bark novel aisle mastermind brick essential union chain presidential lamb fibre houseplant revise sell balance improve camp equinox
43
houseplant houseplant
lamb lamb
fibre fibre
presidential presidential
chain chain
union union
essential essential
brick brick
mastermind mastermind
aisle aisle
novel novel
bark bark
disposition disposition
paint paint
secretary secretary
uncertainty uncertainty
photograph photograph
explicit explicit
slice slice
band band
farewell farewell
seller seller
fish fish
orange orange
clothes clothes
prejudice prejudice
muggy muggy
flow flow
wilderness wilderness
equinox equinox
analyst analyst
dry dry
twitch twitch
funeral funeral
method method
jurisdiction jurisdiction
dollar dollar
corpse corpse
remark remark
referee referee
hiccup hiccup
glove glove
tropical tropical
