pump novel connection shed abortion plane soap anniversary gun tune slam glory Mars slump row statement preparation control agenda splurge cooperative increase symbol peanut satellite arise irony money inspector guideline skin grimace spell inquiry wing dark impound girl feign sequence coffee speech sex ton opposition duck prevent extension advance park injury achievement mouse minor terminal bacon protect opposite pepper admiration diagram posture crossing AIDS button descent projection prospect need affect overlook Bible resort privilege tournament precede few deprivation tease aspect survival parallel sacrifice consensus mud sit go extend operational packet wife ensure category jelly strong cemetery peasant distributor line fitness literature gloom thrust rock voice sketch discreet differ appearance compromise float final pastel tip ghost presence leg pedestrian grudge plug consideration lead spine incapable allow bear likely incongruous track preoccupation quotation range wage leadership salesperson lemon reflection sweet unanimous wear implication share lot sticky set coma flourish vehicle anger innovation talkative ground office pursuit physical flight nominate ideal around exercise sentiment fool pipe nap hierarchy quaint judicial valley linger depressed hallway election racism attractive separate engineer polish moment title lump clock seller reject pray criminal freedom twitch wording transform brain genetic forest sensitivity hit performance reduction formulate fairy dialect hiccup hiccup dialect fairy formulate reduction performance hit sensitivity forest genetic brain transform wording twitch freedom criminal pray reject seller clock lump title moment polish engineer separate attractive racism election hallway depressed linger valley judicial quaint hierarchy nap pipe fool sentiment exercise around ideal nominate flight physical pursuit office ground talkative innovation anger vehicle flourish coma set sticky lot share implication wear unanimous sweet reflection lemon salesperson leadership wage range quotation preoccupation track incongruous likely bear allow incapable spine lead consideration plug grudge pedestrian leg presence ghost tip pastel final float compromise appearance differ discreet sketch voice rock thrust gloom literature fitness line distributor peasant cemetery strong jelly category ensure wife packet operational extend go sit mud consensus sacrifice parallel survival aspect tease deprivation few precede tournament privilege resort Bible overlook affect need prospect projection descent button AIDS crossing posture diagram admiration pepper opposite protect bacon terminal minor mouse achievement injury park advance extension prevent duck opposition ton sex speech coffee sequence feign girl impound dark wing inquiry spell grimace skin guideline inspector money irony arise satellite peanut symbol increase cooperative splurge agenda control preparation statement row slump Mars glory slam tune gun anniversary soap plane abortion shed connection novel pump
78
guideline guideline
ensure ensure
hallway hallway
sticky sticky
impound impound
physical physical
category category
tip tip
range range
prospect prospect
literature literature
distributor distributor
row row
sweet sweet
rock rock
pipe pipe
nominate nominate
mouse mouse
appearance appearance
lemon lemon
fairy fairy
mud mud
anger anger
brain brain
unanimous unanimous
consideration consideration
reflection reflection
plug plug
preoccupation preoccupation
linger linger
minor minor
sentiment sentiment
depressed depressed
parallel parallel
feign feign
sacrifice sacrifice
wage wage
affect affect
reject reject
innovation innovation
admiration admiration
overlook overlook
freedom freedom
aspect aspect
ground ground
polish polish
park park
button button
line line
pedestrian pedestrian
engineer engineer
wear wear
pursuit pursuit
exercise exercise
float float
gloom gloom
attractive attractive
separate separate
title title
formulate formulate
diagram diagram
judicial judicial
performance performance
pray pray
forest forest
need need
pump pump
genetic genetic
valley valley
descent descent
packet packet
lot lot
hierarchy hierarchy
ghost ghost
leadership leadership
privilege privilege
sit sit
survival survival
