paint argue sugar hit tame stream appear ambiguous rake blade inherit desire floor ice finish nutty measure thumb fine ray indicate diligent water sink sick simple same determine glamorous imported slam route boys shed complain heady learning resonant stink wooden baseball puny stereotyped trucks fetch brake stop wrist ignite ignite fling fling wrist stop brake fetch trucks stereotyped puny baseball wooden stink resonant learning heady complain shed boys route slam imported glamorous determine same simple sick sink water diligent indicate ray fine thumb measure nutty finish ice floor desire inherit blade rake ambiguous appear stream tame hit sugar argue paint
25
ambiguous ambiguous
rake rake
blade blade
inherit inherit
paint paint
desire desire
nutty nutty
ice ice
floor floor
thumb thumb
finish finish
measure measure
indicate indicate
ray ray
diligent diligent
same same
determine determine
glamorous glamorous
slam slam
route route
imported imported
complain complain
learning learning
stink stink
wooden wooden
