7FD578 9A65B7 9F01C8 C03738 0FED38 66B94B AA2C70 283373 F94356 2FBF68 FF39A5 7CDA20 61D740 342A3C 2E60FC 138F30 309D1E 853F1A 17BEF0 859C0E 01684B 2A2C8A 1176C9 6C7BF0 62DE79 ED0989 6CAF19 9B7F16 57CBDE 1AC5CE 1AC5CE 7B7BDE 4BCD0B 719360 981760 B40756 877D0E CE97C4 C3030C 19E454 E5D023 2C376F 3E0BDD 8633C5 7EA726 E27C41 E27C41 F4C859 F4C859 7EA726 1EE680 1EE680 8633C5 3E0BDD 2C376F E5D023 1BD5F4 1BD5F4 19E454 C3030C CE97C4 877D0E B40756 981760 719360 A085DD A085DD 4BCD0B 7B7BDE 57CBDE 9B7F16 6CAF19 ED0989 62DE79 6C7BF0 1176C9 2A2C8A 01684B 859C0E 17BEF0 853F1A 309D1E 138F30 2E60FC EEEA40 EEEA40 342A3C 61D740 7CDA20 FF39A5 2FBF68 F94356 283373 AA2C70 66B94B 0FED38 C03738 9F01C8 9A65B7 7FD578
25
01684B 01684B
6CAF19 6CAF19
E27C41 E27C41
7B7BDE 7B7BDE
B40756 B40756
F4C859 F4C859
A085DD A085DD
981760 981760
E5D023 E5D023
9B7F16 9B7F16
1BD5F4 1BD5F4
3E0BDD 3E0BDD
1EE680 1EE680
1AC5CE 1AC5CE
6C7BF0 6C7BF0
1176C9 1176C9
2C376F 2C376F
859C0E 859C0E
61D740 61D740
FF39A5 FF39A5
9F01C8 9F01C8
877D0E 877D0E
2E60FC 2E60FC
66B94B 66B94B
EEEA40 EEEA40
