188645 0FB66D CEAE00 AA8E14 35F60D 2C101C CB09C0 E954F7 0D7DE7 467AB7 724A76 29B2A4 70146D 7E18E9 539A92 EC05F7 FD1783 EC05F7 103C70 84EBFF 0FBCDC 0A5C0E 0FBCDC 7E5598 3B1041 3AA8C5 EF4D57 B7B073 A7E9D9 DBDC9A 994F93 DBDC9A 94D700 3ADA02 D5356A 3ADA02 61EDA9 35F60D B86446 4FBDE1 B86446 31D332 DD2694 31D332 C98FE7 E09D29 AFF8D1 36D08C 6D778A 36D08C 567883 44716B 143B88 07D80A 103C70 500783 35FF16 A5CCB5 35FF16 800641 ACB11D D01E6B ACB11D FF8D45 784F83 7BF2B5 37F745 8D0852 D443EB D7CAF9 825884 48C2D5 825884 4B39CA 19FFAB 0801CC 9B0EC2 B3243F 1276AF B3243F 628AB2 D04F40 9B9BDD 2F1AB5 B833F0 FA567E 0FB66D 188645
47
84EBFF 84EBFF
FD1783 FD1783
19FFAB 19FFAB
29B2A4 29B2A4
DBDC9A DBDC9A
500783 500783
94D700 94D700
467AB7 467AB7
188645 188645 0FB66D
CB09C0 CB09C0
AA8E14 AA8E14
4FBDE1 4FBDE1
539A92 539A92
D7CAF9 D7CAF9
48C2D5 48C2D5
A7E9D9 A7E9D9
E954F7 E954F7
DD2694 DD2694
D01E6B D01E6B
800641 800641
C98FE7 C98FE7
37F745 784F83 37F745
0A5C0E 0A5C0E 0FBCDC
9B9BDD 9B9BDD
9B0EC2 9B0EC2
994F93 994F93
07D80A 07D80A
724A76 724A76
6D778A 6D778A
B833F0 B833F0
B7B073 B7B073
D04F40 D04F40
3B1041 3B1041
8D0852 8D0852
E09D29 E09D29
2C101C 2C101C
D5356A D5356A
D443EB D443EB
AFF8D1 AFF8D1
3ADA02 3ADA02
628AB2 628AB2
1276AF 1276AF
FF8D45 FF8D45
A5CCB5 A5CCB5
EF4D57 EF4D57
7E18E9 7E18E9
44716B 44716B
