F1E81B 112AE7 6CAF46 825EC5 17BB75 086D53 1977E0 7E1C6C 490F1E 614224 7D997B 17779E 580DB7 2FEDFB 4A28BA C45E71 1D21D3 AE4A01 3C5D7A 8015E0 E3C2C9 305D33 4B3F8A 230A7C EC4D08 C4303B 2CA4AD 53C6C8 9D4968 2334E8 851F90 D1967A E33276 8B6C2F CD2CA7 DD07FF CDC6D4 6B622D AD0427 E63884 91A0DC 462226 D4A75D 124C90 EAD0E3 A94B37 3B4B53 1111F7 DE6899 6C010A AEFF96 04439C 61199E 1F842B 55BAD2 06C557 6F492E 4CAD30 62C365 8BFCAC C3B3E7 7E78F3 191510 BDE94D A9F1B8 CEAC59 E2CE9F 770D1A 013940 8F17C0 E5E6C0 F33196 E81014 2595F1 8B519F 10520F C3EF62 2CCB19 E0BEFC 293D59 B23276 14B430 EB719D EDF90E 239994 B69F55 82A1F6 6D51F4 29D5D7 846159 48EA33 A014A0 A1F104 0F5860 EB8E2E 396D53 099830 205E5C 6B340B 90451D BA3320 86493E 5FD658 BF6302 4099A6 85D6DB 63361A 5F4E43 813B05 6B644E 5D0E2E 36C862 8EBF8A B7F75A 9DA2E3 14994D D8AAF4 E51A66 2924CB 5C7062 BA32D6 20EAE7 7BE8A9 596CF6 8417C8 F3EDB3 2BF7B5 EE2A22 251939 C63C0A 002274 7829D7 ABD8FE B23A80 66048A 36590B 52C88C C953A6 FB0EF2 573788 5BB557 1EC224 47FACD B27903 A7D03E CC6D2A BB40E6 103724 DEC4F2 B47658 BB4908 D337F2 77A0B5 5EFED0 9A8DF4 0A147B 8F495E DCE144 13A782 8C971D 24743A 2CF818 28F6D1 93EBE3 6825D4 3EDE7E D2BE39 783751 1E1095 FFFD4B 4B97F1 151BC9 151BC9 CB3924 98C2CE C9AF85 9096DB 1B337D 59843B 94941B 612FAA 0C73D8 C18C9B 6966D7 40D10E FFEEBD 94A561 5A3862 CF668A 79BC3D 4A5708 D6CC7A 0CBC31 6B4619 CC9C14 F8EE67 F8EE67 6E313C 685D1A B75549 B75549 685D1A 6E313C CC9C14 6B4619 0CBC31 D6CC7A 4A5708 D1AE72 E80628 E80628 D1AE72 79BC3D CF668A 5A3862 94A561 FFEEBD 40D10E 6966D7 C18C9B 0C73D8 612FAA 94941B 59843B 1B337D 9096DB C9AF85 98C2CE CB3924 4B97F1 FFFD4B 1E1095 783751 D2BE39 3EDE7E 6825D4 93EBE3 28F6D1 2CF818 24743A 8C971D 13A782 DCE144 8F495E 0A147B 9A8DF4 5EFED0 77A0B5 D337F2 BB4908 B47658 DEC4F2 103724 BB40E6 CC6D2A A7D03E B27903 47FACD 1EC224 5BB557 573788 FB0EF2 C953A6 52C88C 36590B 66048A B23A80 ABD8FE 7829D7 002274 C63C0A 251939 EE2A22 2BF7B5 F3EDB3 8417C8 596CF6 7BE8A9 20EAE7 BA32D6 5C7062 2924CB E51A66 D8AAF4 14994D 9DA2E3 B7F75A 8EBF8A 36C862 5D0E2E 6B644E 813B05 5F4E43 63361A 85D6DB 4099A6 BF6302 5FD658 86493E BA3320 90451D 6B340B 205E5C 099830 396D53 EB8E2E 0F5860 A1F104 A014A0 48EA33 846159 29D5D7 6D51F4 82A1F6 B69F55 239994 EDF90E EB719D 14B430 B23276 293D59 E0BEFC 2CCB19 C3EF62 10520F 8B519F 2595F1 E81014 F33196 E5E6C0 8F17C0 013940 770D1A E2CE9F CEAC59 A9F1B8 BDE94D 191510 7E78F3 C3B3E7 8BFCAC 62C365 4CAD30 6F492E 06C557 55BAD2 1F842B 61199E 04439C AEFF96 6C010A DE6899 1111F7 3B4B53 A94B37 EAD0E3 124C90 D4A75D 462226 91A0DC E63884 AD0427 6B622D CDC6D4 DD07FF CD2CA7 8B6C2F E33276 D1967A 851F90 2334E8 9D4968 53C6C8 2CA4AD C4303B EC4D08 230A7C 4B3F8A 305D33 E3C2C9 8015E0 3C5D7A AE4A01 1D21D3 C45E71 4A28BA 2FEDFB 580DB7 17779E 7D997B 614224 490F1E 7E1C6C 1977E0 086D53 17BB75 825EC5 6CAF46 112AE7 F1E81B
100
573788 573788
29D5D7 29D5D7
8015E0 8015E0
17779E 17779E
D337F2 D337F2
CEAC59 CEAC59
AE4A01 AE4A01
D1967A D1967A
B47658 B47658
230A7C 230A7C
1F842B 1F842B
47FACD 47FACD
C3EF62 C3EF62
E81014 E81014
A1F104 A1F104
52C88C 52C88C
E5E6C0 E5E6C0
6B340B 6B340B
2CCB19 2CCB19
AEFF96 AEFF96
851F90 851F90
8BFCAC 8BFCAC
E51A66 E51A66
396D53 396D53
9096DB 9096DB
596CF6 596CF6
8F495E 8F495E
4099A6 4099A6
F33196 F33196
FFEEBD FFEEBD
614224 614224
94A561 94A561
305D33 305D33
C18C9B C18C9B
151BC9 151BC9
36C862 36C862
93EBE3 93EBE3
C9AF85 C9AF85
6B622D 6B622D
783751 783751
CC9C14 CC9C14
66048A 66048A
770D1A 770D1A
20EAE7 20EAE7
6E313C 6E313C
E80628 E80628
4B97F1 4B97F1
0CBC31 0CBC31
8B6C2F 8B6C2F
0F5860 0F5860
685D1A 685D1A
61199E 61199E
1E1095 1E1095
2BF7B5 2BF7B5
59843B 59843B
4A28BA 4A28BA
5BB557 5BB557
90451D 90451D
5F4E43 5F4E43
5C7062 5C7062
C4303B C4303B
8B519F 8B519F
7829D7 7829D7
B7F75A B7F75A
14994D 14994D
6D51F4 6D51F4
239994 239994
2FEDFB 2FEDFB
813B05 813B05
8417C8 8417C8
DCE144 DCE144
D4A75D D4A75D
7E78F3 7E78F3
4CAD30 4CAD30
28F6D1 28F6D1
6966D7 6966D7
7E1C6C 7E1C6C
8EBF8A 8EBF8A
B69F55 B69F55
F1E81B F1E81B
C3B3E7 C3B3E7
3B4B53 3B4B53
D6CC7A D6CC7A
86493E 86493E
85D6DB 85D6DB
4A5708 4A5708
490F1E 490F1E
FFFD4B FFFD4B
BB40E6 BB40E6
DE6899 DE6899
293D59 293D59
14B430 14B430
8F17C0 8F17C0
E3C2C9 E3C2C9
BB4908 BB4908
77A0B5 77A0B5
124C90 124C90
ABD8FE ABD8FE
63361A 63361A
36590B 36590B
