engine guest flight temperature beginning significance departure birth aspect politics chapter teaching leadership tax reputation time satisfaction choice emphasis card beer teacher machine understanding standard worker meal situation model member preparation volume promotion drawer speech piano secretary country sympathy engineering two step mind fact view eye class failure data performance difficulty grandmother interaction age accident money light office moment editor funeral energy source area director section song figure measurement buyer tension ear problem war tooth police singer clothes process error menu answer education variation drawing ratio tool delivery town idea side sport series analyst dealer bus material dirt girl business engine
99
business business space
light light
beginning beginning
secretary secretary
drawer drawer
promotion promotion
piano piano
volume volume
speech speech
member member
office office
meal meal
model model
situation situation
standard standard
beer beer
understanding understanding
teaching teaching
worker worker
chapter chapter
machine machine
teacher teacher
time time
preparation preparation
engine engine
card card
choice choice
emphasis emphasis
reputation reputation
satisfaction satisfaction
leadership leadership
politics politics
tax tax
aspect aspect
birth birth
grandmother grandmother
departure departure
money money
performance performance
age age
significance significance
accident accident
difficulty difficulty
interaction interaction
data data
failure failure
class class
eye eye
view view
two two
step step
fact fact
sympathy sympathy
mind mind
country country
engineering engineering
moment moment
funeral funeral
figure figure
editor editor
director director
song song
area area
section section
energy energy
problem problem
buyer buyer
measurement measurement
source source
war war
process process
tension tension
tooth tooth
ear ear
clothes clothes
police police
drawing drawing
tool tool
answer answer
singer singer
education education
side side
variation variation
error error
ratio ratio
analyst analyst
menu menu
delivery delivery
town town
idea idea
series series
sport sport
bus bus
material material
dirt dirt
dealer dealer
girl girl
temperature temperature
flight flight
