context technology aspect association part study potato priority drawing disaster satisfaction construction car price departure reality road teaching bread soil ability state while cell thanks bedroom bank attempt fun interaction force wood currency anxiety bit wedding fat store farmer soup subject cabinet stress care recognition class class recognition care stress cabinet subject fact order relationship relationship order indication indication fact soup farmer store fat wedding bit anxiety currency wood force interaction fun attempt bank bedroom thanks cell while state ability soil bread teaching road reality departure price car construction satisfaction disaster drawing priority potato study part association aspect technology context
25
care care
context context
while while
currency currency
reality reality
bedroom bedroom
wood wood
bit bit
ability ability
interaction interaction
farmer farmer
construction construction
teaching teaching
soil soil
state state
satisfaction satisfaction
store store
attempt attempt
departure departure
fat fat
thanks thanks
bread bread
anxiety anxiety
aspect aspect
road road
