maintenance difficulty woman property feature economy sign contract price sister driver complaint role rate inspection average philosophy income competition church cause style object rock population future resolution volume selection context day bread example difficulty depression obligation marketing photo version salad beer movie description reputation account chest career action focus wife maintenance
49
philosophy philosophy war
object object
competition competition
style style
church church
wife wife
sign sign
complaint complaint
sister sister
cause cause
economy economy
contract contract
price price
rate rate
income income
role role
driver driver
career career
inspection inspection
average average
focus focus
action action
reputation reputation
account account
movie movie
description description
day day
depression depression
chest chest
beer beer
salad salad
photo photo
difficulty difficulty
context context
maintenance maintenance
population population
version version
example example
resolution resolution
rock rock
marketing marketing
future future
feature feature
obligation obligation
bread bread
volume volume
property property
selection selection
woman woman
