S GJ CW AW CV CB CQ Q AA AN AD AN AF AN AG AN AH AN BA Q Y J AQ L BP O AT P CF E AZ I BV C AX CT AE BR U D AM AN AO AN AL AN AK AN AJ AN CN M AP R CS V CU G BL Q BB Q BC AN BE AW BF AW BG Q BH Q BI Q BJ Q BM AN BN AN BO AN BQ Q BS Q BT Q BW Q BX AW BZ AW CC AC CK H CP AB CL K AR N BY AN CO AN CJ AN CI AN CH AN CE AN CR Q CA B BD A CM F BU AN AS Q AU AN AV AN Z AY X BK W AI T DJ S
99
A A
B B
C C
D D
E E
F F
G G
H H
I I
J J
K K
L L
M M
N N CD
O O
P P
Q Q
R R
S S
T T
U U
V V
W W
X X
Y Y
Z Z
AA AA
AB AB
AC AC
AD AD
AE AE
AF AF
AG AG
AH AH
AI AI
AJ AJ
AK AK
AL AL
AM AM
AN AN
AO AO
AP AP
AQ AQ
AR AR
AS AS
AT AT
AU AU
AV AV
AW AW
AX AX
AY AY
AZ AZ
BA BA
BB BB
BC BC
BD BD
BE BE
BF BF
BG BG
BH BH
BI BI
BJ BJ
BK BK
BL BL
BM BM
BN BN
BO BO
BP BP
BQ BQ
BR BR
BS BS
BT BT
BU BU
BV BV
BW BW
BX BX
BY BY
BZ BZ
CA CA
CB CB
CC CC
CE CE
CF CF
CH CH
CI CI
CJ CJ
CK CK
CL CL
CM CM
CN CN
CO CO
CP CP
CQ CQ
CR CR
CS CS
CT CT
CU CU
CV CV
CW CW
