S A B C D E F H G K I L J M N O P R Q T U V W X Z Y AA AB AC AD AJ AE AK AF AL AG AP AH AR AI AT AM AU AN AY AO AZ AQ BB AS BC AV BE AW BK AX BL BA BM BD BS BF BT BG CD BH CE BI CF BJ CN BN CR BO BO BP BP BQ BQ BR BR BU BU BV BV BW BW BX BX BY BY BZ BZ CA CA CB CB CC CC CH CH CI CI CJ CJ CK CK CL CL CM CM CO CO CP CP CQ CQ CS CS CT CT CU CU CV CV CW CW CR BN CN BJ CF BI CE BH CD BG BT BF BS BD BM BA BL AX BK AW BE AV BC AS BB AQ AZ AO AY AN AU AM AT AI AR AH AP AG AL AF AK AE AJ AD AC AB AA Y Z X W V U T Q R P O N M J L I K G H F E D C B A S
50
A A
B B
C C
D D
E E
F F
G G
H H
I I
J J
K K
L L
M M
N N
O O
P P
Q Q
R R
S S
T T
U U
V V
W W
X X
Y Y
Z Z
AA AA
AB AB
AC AC
AD AD
AE AE
AF AF
AG AG
AH AH
AI AI
AJ AJ
AK AK
AL AL
AM AM
AN AN
AO AO
AP AP
AQ AQ
AR AR
AS AS
AT AT
AU AU
AV AV
AW AW
AX AX
