Wheeler Evans Latimer Stanley Foothill Foothill Stanley Etcheverry VLSB Moffitt CVStarr Soda Sather Martinez Martinez Barker Barker Unit3 Unit3 OCF Barrows Barrows OCF Sather Cheit Pimentel Morgan HearstAnnex Stephens South McLaughlin Memorial Haviland Campbell LeConte Birge Birge Campanile Doe Doe Campanile Dwinelle MLK Zellerbach Zellerbach Eshleman Eshleman MLK Dwinelle LeConte Campbell Wellman RSF Koshland Stonefire Minor Haas Faculty Unit1 Unit1 FSM Baker McCone BigC Bongo NorthGate Ippuku WayWest GBC Anthony Stern Stern Anthony GBC Warren Cafe3 Cloyne Cloyne Hearst Davis Hildebrand GenPlantBio GenPlantBio Hildebrand Kresge Normandy Normandy Kresge Davis Hearst Cafe3 Warren WayWest Metropolitan FallRush FallRush Metropolitan Ippuku NorthGate Bongo Pavilion PeoplePark PeoplePark Simons Koja LaNote Unit2 TacoBell TacoBell Unit2 Stacks Stacks LaNote Legends Legends TriDelta TriDelta Koja Simons Pavilion BigC CKerr CKerr McCone RareTea RareTea CZ Spieker CalHall CalHall Spieker Fiji Fiji CZ Baker FSM Faculty Haas Maxwell Bowles Bowles MemorialStadium Hargrove Calvin Calvin Hargrove MemorialStadium Maxwell Minor Stonefire Koshland RSF Wellman Mulford Mulford Haviland IHouse IHouse Memorial McLaughlin South Moses Moses Stephens Blackwell Blackwell HearstAnnex Morgan Pimentel Cheit Soda CVStarr Moffitt VLSB Etcheverry Latimer Morrison Hertz Kroeber Lewis Greek Cory Jacobs Bechtel Bechtel Jacobs Cory Greek Lewis Wurster Boalt Boalt Wurster Kroeber Hertz Morrison Evans Sproul Sproul Wheeler
36
Martinez Martinez
Barker Barker
Unit3 Unit3
OCF OCF
Hearst Hearst
Stonefire Stonefire
Unit2 Unit2
Legends Legends
TriDelta TriDelta
Metropolitan Metropolitan
Anthony Anthony
Moffitt Moffitt
Hargrove Hargrove
Sproul Sproul
Birge Birge
Dwinelle Dwinelle
Bechtel Bechtel
Jacobs Jacobs
Boalt Boalt
Kroeber Kroeber
Morrison Morrison
Haas Haas
Baker Baker
Fiji Fiji
CKerr CKerr
PeoplePark PeoplePark
RSF RSF
Cheit Cheit
Davis Davis
Cloyne Cloyne
Warren Warren
Etcheverry Etcheverry
Foothill Foothill
IHouse IHouse
McLaughlin McLaughlin
Moses Moses
