Bowles Birge Bechtel Cory Jacob Evan Moffitt Faculty Convent Convent Faculty Cloyne BlueDoor BlueDoor Cloyne Moffitt Blackwell McLaughlin GenPlantBio GenPlantBio McLaughlin Blackwell SigmaPhiOmega BearFoodCourt Hargrove MemorialStadium Campbell Stanley LeConte Campanile Lewis Morrison Rasputin Bachenheimer Bachenheimer Rasputin LaNote LaNote ThetaChi ThetaChi Morrison Wellman Moses Greek Unit2 Milano CREAM SuperDuper Normandy Normandy SuperDuper EZStop EZStop CREAM IndianRock FallRush FallRush IndianRock Milano BART BART Wolf StrawberryCreek Wilde Wilde StrawberryCreek Wolf Unit2 Stebbins Safeway Warren Tan Walgreens Walgreens Hoyt Claremont Claremont PhiKappaTau UCha Strada Baker Simons Simons Daiso Daiso Baker RoseGarden RoseGarden Strada UCha PhiKappaTau Hoyt Tan Warren Safeway Stebbins Cinnaholic Cinnaholic Greek Pimentel South Latimer Mulford Crescent Crescent Mulford MLK Hearst Kingman Legends Legends Kingman Hearst Rochdale Rochdale MLK Edwards Easterly Easterly Edwards Latimer CalHall CalHall South Stacks Sherman Sherman Stacks Pimentel Kee Kee RareTea Gypsys Chengdu Chengdu Gypsys RareTea SigmaOmicronPi Marugame Memorial Minor Stephens Stephens Minor Maxwell Barrows Barrows Maxwell Stern FSM Sliver Sliver FSM Stern TacoBell TacoBell CZ CZ McDonalds McDonalds AlphaSigmaPhi AlphaSigmaPhi Memorial Marugame SigmaPsiZeta SigmaPsiZeta SigmaOmicronPi Moses Sutardja Kah Gregoire Kresge Boalt VLSB Jupiter Jupiter BAMPFA BAMPFA Chez NorthGate NorthGate Chez Cafe3 TraderJoes Optometry Anthony Kroeber Kroeber Anthony Optometry TraderJoes Cafe3 VLSB Boalt PeoplesPark PeoplesPark Castro Castro Kresge Gregoire Kah Sutardja Wellman Lewis Wurster Zellerbach Zellerbach McCone Spats Stonefire PiLambda PiAlphaPhi PiAlphaPhi PiLambda Stonefire Botanical Botanical Spats McCone Amoeba Amoeba Wurster Bongo ShengKee ShengKee Artichokes Cheeseboard Cheeseboard Artichokes Bongo OCF OCF Campanile RSF RSF ALS ALS LeConte Stanley Doe Doe Koshland Crepevine Crepevine Koshland Eshleman Eshleman Campbell MemorialStadium Spieker Spieker Hargrove Fiji Fiji BearFoodCourt SigmaPhiOmega Evan Foothill Haviland IHouse IHouse Morgan LKShing Ippuku ChancellorHouse ChancellorHouse Ippuku LKShing Martinez Martinez Morgan Haviland Dwinelle HearstAnnex Pappys Pappys Lothlorien PhiKappaPsi PhiKappaPsi Lothlorien HearstAnnex Haas Pavilion GBC GBC Pavilion Subway Subway Crossroads Lawrence UCTheatre NCEM NCEM UCTheatre Lawrence Euclid Euclid sweetgreen Metropolitan Metropolitan BigC BigC TriDelta TriDelta sweetgreen Crossroads Haas TastyPot KappaAlpha KappaAlpha TastyPot Dwinelle Unit1 Unit1 Davis Hildebrand YogurtPark Sinaloa Sinaloa YogurtPark Hildebrand Browns Browns Davis Cheit Cheit Koja Koja Foothill Hertz Wheeler Wheeler Sproul Soda Soda Sproul CVStarr Unit3 CKerr WayWest WayWest Ridge Ridge CKerr Venus Venus Unit3 Hillel Hillel CVStarr Hertz TopDog Kidd Kidd Fenwick Cornerstone Cornerstone Barker DonnerLab DonnerLab SigmaChi SigmaChi Barker Fenwick Starbucks Chipotle MFoundry MFoundry Chipotle DYar DYar Starbucks GammaPhiBeta GammaPhiBeta TopDog Jacob Extension Extension Cory Bechtel Birge Calvin Etcheverry Sather Target Target Sather Smokes Smokes Etcheverry Graduate Graduate Calvin LaVals Kips Kips Marina Marina LaVals Bowles
80
Evan Evan
Foothill Foothill
Campbell Campbell
Doe Doe
Birge Birge
Campanile Campanile
Moses Moses
VLSB VLSB
Wellman Wellman
Koshland Koshland
Mulford Mulford
HearstAnnex HearstAnnex
RSF RSF
Haas Haas
Boalt Boalt
Wurster Wurster
Unit1 Unit1
Blackwell Blackwell
Zellerbach Zellerbach
Greek Greek
Maxwell Maxwell
Calvin Calvin
Etcheverry Etcheverry
Sutardja Sutardja
Kresge Kresge
Hildebrand Hildebrand
Morgan Morgan
Baker Baker
Barrows Barrows
Unit2 Unit2
Unit3 Unit3
CKerr CKerr
Martinez Martinez
WayWest WayWest
Pavilion Pavilion
Stacks Stacks
Simons Simons
PeoplesPark PeoplesPark
LaVals LaVals
Bongo Bongo
TacoBell TacoBell
Strada Strada
Edwards Edwards
Crossroads Crossroads
Browns Browns
Safeway Safeway
Gypsys Gypsys
Graduate Graduate
Daiso Daiso
YogurtPark YogurtPark
ShengKee ShengKee
Rochdale Rochdale
Cloyne Cloyne
Ridge Ridge
Lothlorien Lothlorien
Wilde Wilde
Castro Castro
Sherman Sherman
Wolf Wolf
Spats Spats
Crescent Crescent
Chipotle Chipotle
IndianRock IndianRock
NorthGate NorthGate
Extension Extension
UCTheatre UCTheatre
Cheeseboard Cheeseboard
RoseGarden RoseGarden
StrawberryCreek StrawberryCreek
GenPlantBio GenPlantBio
Barker Barker
Easterly Easterly
BearFoodCourt BearFoodCourt
AlphaSigmaPhi AlphaSigmaPhi
GammaPhiBeta GammaPhiBeta
PiLambda PiLambda
PiAlphaPhi PiAlphaPhi
MFoundry MFoundry
NCEM NCEM
ALS ALS
