0 5 13 15 8 6 11 14 24 1 33 4 31 10 22 3 3 12 20 46 18 21 19 25 2 44 7 30 9 28 16 16 48 26 42 36 36 40 40 41 23 29 32 34 34 38 27 27 37 37 47 47 49 49 38 39 39 90 64 55 51 50 52 56 65 94 94 95 95 96 96 65 66 97 97 98 98 66 67 99 99 67 56 57 68 68 69 69 57 52 53 58 70 70 71 71 72 72 73 73 74 74 58 53 54 59 75 75 76 76 77 77 78 78 59 54 50 51 60 79 79 80 80 81 81 60 61 82 82 83 83 84 84 61 62 85 85 86 86 87 87 62 63 88 88 89 89 63 55 91 91 92 92 93 93 64 90 32 29 23 41 45 45 42 26 48 28 9 30 7 43 43 44 2 25 19 21 18 46 20 12 22 10 31 4 33 1 24 14 11 17 17 6 8 35 35 15 13 5 0
50
20 20
93 93
42 42
32 32
87 87
11 11
60 60
49 49
71 71
78 78
98 98
70 70
66 66
90 90
52 52
94 94
19 19
95 95
25 25
73 73
14 14
35 35
83 83
54 54
26 26
96 96
39 39
37 37
74 74
33 33
59 59
21 21
48 48
10 10
84 84
62 62
55 55
12 12
67 67
23 23
77 77
63 63
41 41
92 92
2 2
34 34
45 45
40 40
97 97
31 31
