0 11 3 56 3 4 87 4 49 4 3 54 75 28 75 18 75 29 3 51 57 21 57 31 25 7 64 72 89 26 89 1 89 99 10 20 43 20 86 85 98 12 62 81 82 81 5 65 70 44 68 17 77 22 77 17 80 66 80 17 0 100 102 121 102 100 104 100 106 144 106 142 106 100 107 152 107 153 107 151 107 100 101 108 158 108 160 108 156 108 154 108 101 112 101 115 194 115 196 115 101 109 101 110 175 110 173 110 171 110 101 111 101 116 198 116 101 113 101 100 103 127 103 100 105 100 0
64
17 17 68 13
104 104 136
103 128 130
20 20
152 152
109 167 109
112 182 180 112 179
4 14 63 96 4
5 42 5
43 43
153 153
10 83 10
25 25 24 59
65 70 65
31 35 31 53
156 156
101 117 101
110 172 169 168
111 177 178
106 147 149 106 145 146
127 127
87 87
175 175
102 124 123 118 102
86 90 86
171 171
113 189 188 113
18 18
196 196
66 66
81 81
26 26
51 51
77 77
56 56
1 1
158 158
99 99
82 82
105 100 138 105
160 160
28 28
85 85
72 72
154 154
44 44
57 57
54 54
29 29 75
22 22
49 49
98 98
142 142
62 62
89 89
198 198
11 58 55
121 121
7 7
173 173
144 144
21 21
151 151
194 194
