aa ab ac ad ae af ag ah ai aj ak al am an ao ap aq ar as at au av aw ax ay az ba bb bc bd be bf bg bh bi bj bk bl bm bn bo bp bq br bs bt bu bv bw bx by bz ca cb cc cd ce cf cg ch ci cj ck cl cm cn co cp cq cr cs ct cu cv cw cx cy cz da db dc dd de df dg dh di dj dk dl dm dn do dp dq dr ds dt du dv dv du dt ds dr dq dp do dn dm dl dk dj di dh dg df de dd dc db da cz cy cx cw cv cu ct cs cr cq cp co cn cm cl ck cj ci ch cg cf ce cd cc cb ca bz by bx bw bv bu bt bs br bq bp bo bn bm bl bk bj bi bh bg bf be bd bc bb ba az ay ax aw av au at as ar aq ap ao an am al ak aj ai ah ag af ae ad ac ab aa
50
ag ag
df df
bc bc
bf bf
cy cy
ae ae
bv bv
ce ce
cs cs
cl cl
dv dv
db db
cj cj
cf cf
ax ax
de de
bj bj
ab ab
az az
aa aa
ao ao
cm cm
at at
bb bb
bu bu
bk bk
ay ay
bd bd
cb cb
aj aj
am am
ap ap
dq dq
by by
ch ch
bs bs
dj dj
au au
dk dk
af af
ac ac
dg dg
dr dr
bo bo
br br
ct ct
bl bl
ak ak
bg bg
be be
