86 67 2 46 25 32 15 18 47 20 36 31 4 130 3 5 98 33 33 49 12 8 23 7 45 147 39 62 9 10 83 26 58 28 28 40 38 102 22 68 35 187 79 21 21 30 61 48 77 19 166 37 11 42 1 60 66 55 93 114 29 85 129 111 54 171 75 63 70 57 95 72 59 108 34 88 27 27 84 84 143 6 6 117 103 43 51 51 92 127 87 99 76 78 14 14 71 167 65 146 146 65 132 178 52 135 131 109 13 13 145 145 161 150 150 151 17 17 80 194 194 80 128 172 56 56 81 104 24 124 124 168 189 189 168 24 107 107 104 157 157 181 181 188 16 16 94 118 118 134 44 44 50 50 134 136 89 115 53 180 101 133 116 116 152 152 186 73 73 120 120 139 112 159 190 64 64 156 142 154 154 142 156 183 183 195 195 190 159 112 139 169 169 196 196 200 100 182 96 174 174 96 113 113 182 100 200 186 133 101 106 106 126 191 160 160 191 126 165 97 97 177 177 165 180 53 115 89 91 91 119 119 144 144 136 94 149 149 198 198 199 199 188 197 197 81 172 128 184 164 164 184 192 192 151 163 163 161 170 170 109 121 121 131 138 138 135 52 178 132 140 140 167 71 148 148 78 76 99 87 127 92 185 185 43 103 117 143 88 122 122 34 108 59 72 95 57 175 175 70 74 74 63 75 171 54 111 129 85 162 162 29 105 105 114 93 55 66 60 1 42 11 37 176 176 166 19 77 48 69 69 61 30 137 137 79 187 35 90 90 68 22 158 158 102 38 141 141 40 58 26 83 10 110 110 9 193 193 62 155 155 39 147 45 7 23 8 123 123 12 125 125 49 173 173 98 5 3 130 179 179 4 31 36 82 82 20 41 41 47 18 15 32 153 153 25 46 2 67 86
100
1 1
2 2
5 5
6 6
8 8
10 10
11 11
13 13
14 14
17 17
19 19
21 21
22 22
26 26
27 27
28 28
30 30
35 35
36 36
38 38
41 41
44 44
45 45
48 48
51 51
52 52
53 53
54 54
56 56
57 57
64 64
66 66
69 69
71 71
72 72
73 73
74 74
75 75
76 76
82 82
84 84
87 87
89 89
90 90
91 91
92 92
93 93
94 94
97 97
100 100
101 101
105 105
106 106
107 107
110 110
113 113
116 116
117 117
120 120
121 121
122 122
123 123
125 125
126 126
129 129
132 132
137 137
138 138
139 139
140 140
145 145
146 146
148 148
149 149
150 150
152 152
153 153
154 154
156 156
157 157
158 158
159 159
160 160
163 163
169 169
173 173
174 174
175 175
177 177
179 179
181 181
183 183
184 184
185 185
189 189
192 192
194 194
196 196
198 198
199 199
