3 5 19 4 20 42 13 2 14 35 15 18 6 10 7 48 8 34 9 11 24 81 22 82 32 69 30 27 26 50 78 1 79 31 28 44 23 72 12 54 38 17 17 47 52 91 33 65 55 41 83 58 58 63 63 67 67 68 99 40 40 74 51 36 89 21 64 46 62 80 29 29 53 53 57 97 16 16 56 56 60 77 94 94 100 100 77 60 76 86 66 66 75 75 98 98 86 76 90 90 97 57 73 73 80 62 46 71 71 95 87 87 95 64 21 89 36 51 74 99 68 70 70 83 41 43 43 84 45 45 84 85 93 88 61 25 25 61 88 93 85 55 65 33 91 52 59 59 47 38 54 12 72 23 44 28 31 79 1 78 50 26 27 30 96 96 69 32 39 39 82 22 81 24 11 9 34 8 49 49 48 7 10 6 37 37 18 15 35 14 2 13 42 20 4 19 5 92 92 3
50
1 1
6 6
7 7
8 8
9 9
12 12
14 14
15 15
17 17
19 19
21 21
22 22
23 23
24 24
25 25
27 27
29 29
31 31
32 32
33 33
36 36
40 40
41 41
42 42
43 43
45 45
46 46
49 49
50 50
52 52
53 53
56 56
57 57
58 58
60 60
63 63
66 66
67 67
68 68
70 70
71 71
73 73
75 75
76 76
87 87
90 90
94 94
96 96
98 98
100 100
