1 2 3 4 5 9 6 8 7 10 12 14 11 13 15 24 16 18 20 17 22 19 21 23 26 25 29 27 30 28 31 32 38 33 34 42 35 36 47 37 39 41 40 43 44 45 54 46 50 49 51 48 52 55 56 53 58 57 59 61 60 67 65 62 64 63 66 69 68 70 72 71 74 73 75 77 78 80 76 79 81 82 87 84 83 85 86 91 89 88 92 90 93 95 94 96 99 98 103 101 97 102 100 106 104 108 111 105 109 110 112 115 107 113 114 116 117 121 119 123 118 120 122 124 127 126 125 128 130 129 135 131 137 136 132 133 138 141 134 143 139 140 144 142 148 145 150 147 146 149 151 152 154 155 156 153 157 158 162 159 164 163 160 161 168 165 166 169 172 167 174 178 170 173 175 171 176 177 180 179 181 185 182 183 184 192 186 187 188 189 191 190 193 196 194 197 195 199 198 200 200 198 199 195 197 194 196 193 190 191 189 188 187 186 192 184 183 182 185 181 179 180 177 176 171 175 173 170 178 174 167 172 169 166 165 168 161 160 163 164 159 162 158 157 153 156 155 154 152 151 149 146 147 150 145 148 142 144 140 139 143 134 141 138 133 132 136 137 131 135 129 130 128 125 126 127 124 122 120 118 123 119 121 117 116 114 113 107 115 112 110 109 105 111 108 104 106 100 102 97 101 103 98 99 96 94 95 93 90 92 88 89 91 86 85 83 84 87 82 81 79 76 80 78 77 75 73 74 71 72 70 68 69 66 63 64 62 65 67 60 61 59 57 58 53 56 55 52 48 51 49 50 46 54 45 44 43 40 41 39 37 47 36 35 42 34 33 38 32 31 28 30 27 29 25 26 23 21 19 22 17 20 18 16 24 15 13 11 14 12 10 7 8 6 9 5 4 3 2 1
97
1 1
2 2
3 3
6 6
8 8
9 9
10 10
13 13
16 16
20 20
21 21
26 26
27 27
31 31
33 33
34 34
35 35
36 36
37 37
41 41
42 42
44 44
47 47
49 49
50 50
51 51
53 53
55 55
56 56
57 57
58 58
59 59
60 60
61 61
68 68
69 69
70 70
74 74
75 75
77 77
80 80
81 81
82 82
83 83
84 84
85 85
86 86
87 87
88 88
89 89
92 92
95 95
97 97
99 99
101 101
102 102
103 103
106 106
110 110
111 111
116 116
124 124
126 126
127 127
129 129
130 130
131 131
133 133
136 136
137 137
138 138
139 139
140 140
141 141
143 143
144 144
150 150
151 151
156 156
157 157
159 159
161 161
162 162
164 164
165 165
167 167
169 169
171 171
174 174
176 176
177 177
182 182
184 184
189 189
193 193
198 198
200 200
