1 3 4 2 5 6 8 17 9 7 10 12 13 11 15 14 18 22 16 20 19 21 24 23 27 28 25 31 26 29 30 32 34 33 35 39 36 37 42 38 43 41 40 44 46 47 48 49 50 51 52 45 54 53 58 57 60 55 59 63 61 56 65 67 62 69 66 74 71 68 72 64 70 75 76 73 77 78 80 79 81 83 82 85 84 87 90 86 89 88 93 95 91 92 94 97 96 99 98 100 100 98 99 96 97 94 92 91 95 93 88 89 86 90 87 84 85 82 83 81 79 80 78 77 73 76 75 70 64 72 68 71 74 66 69 62 67 65 56 61 63 59 55 60 57 58 53 54 45 52 51 50 49 48 47 46 44 40 41 43 38 42 37 36 39 35 33 34 32 30 29 26 31 25 28 27 23 24 21 19 20 16 22 18 14 15 11 13 12 10 7 9 17 8 6 5 2 4 3 1
37
1 1
6 6
10 10
11 11
12 12
13 13
16 16
17 17
20 20
21 21
22 22
23 23
24 24
25 25
27 27
29 29
36 36
40 40
42 42
45 45
50 50
54 54
61 61
63 63
71 71
72 72
74 74
75 75
76 76
77 77
83 83
87 87
89 89
90 90
91 91
93 93
100 100
