0 1 1 15 14 3 2 2 3 12 16 17 13 9 10 10 20 18 7 8 5 5 6 6 8 7 18 19 32 34 30 21 21 22 22 29 23 24 26 25 25 26 24 27 27 23 29 31 31 35 37 38 28 39 39 28 36 42 46 46 42 36 41 40 40 41 38 37 35 30 33 47 44 48 49 49 48 44 47 33 45 43 43 45 34 32 19 20 9 11 4 4 11 13 17 16 12 14 15 50 51 51 65 64 53 52 52 53 62 66 67 63 59 60 60 70 68 57 58 55 55 56 56 58 57 68 69 82 84 80 71 71 72 72 79 73 74 76 75 75 76 74 77 77 73 79 81 81 85 87 88 78 89 89 78 86 92 96 96 92 86 91 90 90 91 88 87 85 80 83 97 94 98 99 99 98 94 97 83 95 93 93 95 84 82 69 70 59 61 54 54 61 63 67 66 62 64 65 100 101 101 115 114 103 102 102 103 112 116 117 113 109 110 110 120 118 107 108 105 105 106 106 108 107 118 119 132 134 130 121 121 122 122 129 123 124 126 125 125 126 124 127 127 123 129 131 131 135 137 138 128 139 139 128 136 142 146 146 142 136 141 140 140 141 138 137 135 130 133 147 144 148 149 149 148 144 147 133 145 143 143 145 134 132 119 120 109 111 104 104 111 113 117 116 112 114 115 150 151 151 165 164 153 152 152 153 162 166 167 163 159 160 160 170 168 157 158 155 155 156 156 158 157 168 169 182 184 180 171 171 172 172 179 173 174 176 175 175 176 174 177 177 173 179 181 181 185 187 188 178 189 189 178 186 192 196 196 192 186 191 190 190 191 188 187 185 180 183 197 194 198 199 199 198 194 197 183 195 193 193 195 184 182 169 170 159 161 154 154 161 163 167 166 162 164 165 150 100 50 0
88
1 1
2 2
3 3
4 4
5 5
6 6
10 10
22 22
24 24
25 25
26 26
27 27
33 33
47 47
44 44
48 48
49 49
46 46
42 42
36 36
40 40
41 41
51 51
52 52
53 53
54 54
55 55
56 56
60 60
72 72
74 74
75 75
76 76
77 77
83 83
97 97
94 94
98 98
99 99
96 96
92 92
86 86
90 90
91 91
101 101
102 102
103 103
104 104
105 105
106 106
110 110
122 122
124 124
125 125
126 126
127 127
133 133
147 147
144 144
148 148
149 149
146 146
142 142
136 136
140 140
141 141
151 151
152 152
153 153
154 154
155 155
156 156
160 160
172 172
174 174
175 175
176 176
177 177
183 183
197 197
194 194
198 198
199 199
196 196
192 192
186 186
190 190
191 191
