0 1 1 15 14 3 2 2 3 12 16 17 13 9 10 10 20 18 7 8 5 5 6 6 8 7 18 19 32 34 30 21 21 22 22 29 23 24 26 25 25 26 24 27 27 23 29 31 31 35 37 38 28 39 39 28 36 42 46 46 42 36 41 40 40 41 38 37 35 30 33 47 44 48 49 49 48 44 47 33 45 43 43 45 34 32 19 20 9 11 4 4 11 13 17 16 12 14 15 50 51 51 65 64 53 52 52 53 62 66 67 63 59 60 60 70 68 57 58 55 55 56 56 58 57 68 69 82 84 80 71 71 72 72 79 73 74 76 75 75 76 74 77 77 73 79 81 81 85 87 88 78 89 89 78 86 92 96 96 92 86 91 90 90 91 88 87 85 80 83 97 94 98 99 99 98 94 97 83 95 93 93 95 84 82 69 70 59 61 54 54 61 63 67 66 62 64 65 50 0
44
1 1
2 2
3 3
4 4
5 5
6 6
10 10
22 22
24 24
25 25
26 26
27 27
33 33
47 47
44 44
48 48
49 49
46 46
42 42
36 36
40 40
41 41
51 51
52 52
53 53
54 54
55 55
56 56
60 60
72 72
74 74
75 75
76 76
77 77
83 83
97 97
94 94
98 98
99 99
96 96
92 92
86 86
90 90
91 91
