cure bear Delphi St hypotonic coralberry swoop Verdi marquess periphery roost salary reflectance abreact Negroid awash Bridgeport hydrophone Muscat Britannica Brillouin tick logjam crabapple indignity thiocyanate upheld loop item loud obfuscate refrain ineducable land greet Kepler belch Wilkinson Moe ovate lint atoll seem march Blackman gas stupor Allen latch latch Vichy Vichy Allen stupor gas Blackman march seem atoll lint ovate Moe Wilkinson belch Kepler greet land ineducable refrain obfuscate loud item loop upheld thiocyanate indignity crabapple logjam tick Brillouin Britannica Muscat hydrophone Bridgeport awash Negroid abreact reflectance salary roost periphery marquess Verdi swoop coralberry hypotonic St Delphi bear cure
25
Delphi Delphi
hypotonic hypotonic
swoop swoop
marquess marquess
roost roost
reflectance reflectance
Negroid Negroid
Bridgeport Bridgeport
Muscat Muscat
Brillouin Brillouin
logjam logjam
indignity indignity
upheld upheld
item item
obfuscate obfuscate
ineducable ineducable
greet greet
belch belch
Moe Moe
lint lint
seem seem
Blackman Blackman
stupor stupor
latch latch
Vichy Vichy
