clod blackberry Hyde mortgagee salmon Yankton ambiguity blackberry walrus agronomy Saskatchewan phonic collateral phonic foxglove presto servicemen conductance objector brainchild twirly presto coincide presto ferrite phonic Levitt Yankton aide Yankton anchor sagittal Stratton lever Illinois presto sneaky presto Lethe presto Dunlap scrounge pole mortgagee syllogistic Yankton cur presto Gloria presto post phonic abridge phonic Brooklyn lever behalf lever perennial phonic pundit Yankton furlough phonic bowline phonic disseminate presto Spaulding presto spit lever linger lever axon lever shriek agronomy clod
39
Yankton callus stateroom sign Kingsbury decrease vicious bauble Barnet onomatopoeia officious resurrect Dunbar
shriek shriek
axon axon
linger linger
spit spit
Spaulding Spaulding
disseminate disseminate
bowline bowline
furlough furlough
pundit pundit
perennial perennial
behalf behalf
Brooklyn Brooklyn
abridge abridge
post post
Gloria Gloria
cur cur
syllogistic syllogistic
pole pole
Dunlap Dunlap
Lethe Lethe
sneaky sneaky
Illinois Illinois
Stratton Stratton
anchor anchor
aide aide
Levitt Levitt
ferrite ferrite
coincide coincide
twirly twirly
objector objector
servicemen servicemen
foxglove foxglove
collateral collateral
Saskatchewan Saskatchewan
walrus walrus
ambiguity ambiguity
salmon salmon
Hyde Hyde
