state catnip controversial McDonald begot purple knick mortgagor wrack voltmeter Cinderella Jennifer watery peacock scriptwriter servile border kitty eidetic versatec driveway maidservant Calkins limbic motet slake Zellerbach actinic dumpling carouse jackass crewcut scaup impure serge seam value compensable whirligig biotite octane insight rocky Marie joke PM texture stalk bloc fusible Evans styrene infuse blubber anatomy duct Waterbury stub stingy alder Albert Mobil lonesome cylinder his video Adler fraternity Darwin construct cocaine dispensary knurl bile hyphen McKenzie sanatoria stiffen sepulchral spice lobby Stuart gun languid omicron homemake stereography slim Arden Lamarck complacent parallelogram pairwise centennial supremum juvenile rent assault registrant clandestine Protista gumshoe heifer bucketful cache gossip bald Devonshire uptown polopony grade porterhouse hypothetic seminal ash yeomanry fireplace adsorb gavotte embellish whatsoever Segovia dame psychopath Eva rooftree backgammon grisly shrugging Pearce charcoal upcome Augean recovery hallelujah shackle Yaounde Malthus athletic inclination curbside indecision cohere westbound foursome governance regal alongside flexural injunct trivium bedside turnout discoid Steiner amber opossum firewall clasp funk Lizzie etiquette monk tenderfoot compunction rescue Edmonds moisture Whelan heterogeneous Della constructible circumstantial monadic firebug dilogarithm eggplant wop retardation above harrow inflater debenture Ogden Ridgway Wyeth Adamson inequality hungry Johannes freehold France fleawort competitor huge auctioneer presto Blomberg bibliophile bibliophile exhortation exhortation Blomberg presto auctioneer huge competitor fleawort France freehold Johannes hungry inequality Adamson Wyeth Ridgway Ogden debenture inflater harrow above retardation wop eggplant dilogarithm firebug monadic circumstantial constructible Della heterogeneous Whelan moisture Edmonds rescue compunction tenderfoot monk etiquette Lizzie funk clasp firewall opossum amber Steiner discoid turnout bedside trivium injunct flexural alongside regal governance foursome westbound cohere indecision curbside inclination athletic Malthus Yaounde shackle hallelujah recovery Augean upcome charcoal Pearce shrugging grisly backgammon rooftree Eva psychopath dame Segovia whatsoever embellish gavotte adsorb fireplace yeomanry ash seminal hypothetic porterhouse grade polopony uptown Devonshire bald gossip cache bucketful heifer gumshoe Protista clandestine registrant assault rent juvenile supremum centennial pairwise parallelogram complacent Lamarck Arden slim stereography homemake omicron languid gun Stuart lobby spice sepulchral stiffen sanatoria McKenzie hyphen bile knurl dispensary cocaine construct Darwin fraternity Adler video his cylinder lonesome Mobil Albert alder stingy stub Waterbury duct anatomy blubber infuse styrene Evans fusible bloc stalk texture PM joke Marie rocky insight octane biotite whirligig compensable value seam serge impure scaup crewcut jackass carouse dumpling actinic Zellerbach slake motet limbic Calkins maidservant driveway versatec eidetic kitty border servile scriptwriter peacock watery Jennifer Cinderella voltmeter wrack mortgagor knick purple begot McDonald controversial catnip state
100
controversial controversial
begot begot
knick knick
wrack wrack
Cinderella Cinderella
watery watery
scriptwriter scriptwriter
border border
eidetic eidetic
driveway driveway
Calkins Calkins
motet motet
Zellerbach Zellerbach
dumpling dumpling
jackass jackass
scaup scaup
serge serge
value value
whirligig whirligig
octane octane
rocky rocky
joke joke
texture texture
bloc bloc
Evans Evans
infuse infuse
anatomy anatomy
Waterbury Waterbury
stingy stingy
Albert Albert
lonesome lonesome
his his
Adler Adler
Darwin Darwin
cocaine cocaine
knurl knurl
hyphen hyphen
sanatoria sanatoria
sepulchral sepulchral
lobby lobby
gun gun
omicron omicron
stereography stereography
Arden Arden
complacent complacent
pairwise pairwise
supremum supremum
rent rent
registrant registrant
Protista Protista
heifer heifer
cache cache
bald bald
uptown uptown
grade grade
hypothetic hypothetic
ash ash
fireplace fireplace
gavotte gavotte
whatsoever whatsoever
dame dame
Eva Eva
backgammon backgammon
shrugging shrugging
charcoal charcoal
Augean Augean
hallelujah hallelujah
Yaounde Yaounde
athletic athletic
curbside curbside
cohere cohere
foursome foursome
regal regal
flexural flexural
trivium trivium
turnout turnout
Steiner Steiner
opossum opossum
clasp clasp
Lizzie Lizzie
monk monk
compunction compunction
Edmonds Edmonds
Whelan Whelan
Della Della
circumstantial circumstantial
firebug firebug
eggplant eggplant
retardation retardation
harrow harrow
debenture debenture
Ridgway Ridgway
Adamson Adamson
hungry hungry
freehold freehold
fleawort fleawort
huge huge
presto presto
bibliophile bibliophile
exhortation exhortation
