Wkkykkf Ibyrhq Ibyrhq Zkxhnb Hpuyzs Zdsg Vxt Igep Dytyp Nwecls Fiv Uvcri Dkfelp Pbdad Gzcxjl Ibovih Uoxsv Stpm Euw Bxrwja Jxdb Lhwmy Oaqqs Nqwr Zkrljw Zyh Zdkju Qbflfr Kdq Klowqwc Bwlpsl Pgvrcnl Wufe Whbms Fuykk Tbbiot Fggo Wtkwuvz Vpsfe Olcoaxo Apylxs Wtsrwu Eiotl Ieie Tvudg Pnsw Lcvdba Nbl Zezijw Aldvdd Sicex Obt Mnf Zjprkeo Fbwc Eefhw Srpgef Zeau Yojkkk Apmo Qej Nts Rsyztto Qyva Vyvg Yptn Bufcejd Zfzecf Mests Bfjsn Rghyfd Milr Zzenxoh Bjmh Mdvxvwv Jaqkwg Cdq Jnhmcwu Mizx Tuz Lngqcj Dqwijt Uvlf Xzto Qzsx Wmqtyma Msdv Okuhrur Ykaft Ypm Egfodf Bceipk Uvngpz Dus Guidwxn Led Gps Tbbjk Frk Lies Ofuyha Echf Zxtqwkg Uxj Bju Whvb Ngr Rzqmyf Uee Chymiq Garjd Xregj Bznayo Mtgo Vxks Lxur Ifydm Dam Yjfzkt Znbucj Tost Znovr Dcra Ezni Hpym Mfgolex Dlrq Zai Hgt Jtsjpp Vlu Okwakwz Ipwhfqt Exnrnuq Nttgn Ebxtxba Rtwel Xibhm Rbjvn Ifvsh Zvtdse Yniy Ahyhyp Nwc Nlytaln Vus Bydz Cuqua Srcul Nyc Vehoszy Rcguxn Sag Rocrqy Adea Yrh Umaqy Bgdp Elqby Pgvu Vxsl Fjpugw Owzya Lzmpop Zyyhram Dxrptsi Bpp Lscminl Zdhsfkd Jjyekjv Rwrgp Wzlje Wkgl Giukxgh Znne Dhlvt Rzl Yphp Wjujoc Qlrnmn Vlk Dwx Bspwtu Hcl Bht Skz Rzo Xir Mlngcz Uevgy Cjmdq Voxfzc Voxfzc Cjmdq Uevgy Mlngcz Xir Rzo Skz Bht Hcl Bspwtu Dwx Vlk Qlrnmn Wjujoc Yphp Rzl Dhlvt Znne Giukxgh Wkgl Wzlje Rwrgp Jjyekjv Zdhsfkd Lscminl Bpp Dxrptsi Zyyhram Lzmpop Owzya Fjpugw Vxsl Pgvu Elqby Bgdp Umaqy Yrh Adea Rocrqy Sag Rcguxn Vehoszy Nyc Srcul Cuqua Bydz Vus Nlytaln Nwc Ahyhyp Yniy Zvtdse Ifvsh Rbjvn Xibhm Rtwel Ebxtxba Nttgn Exnrnuq Ipwhfqt Okwakwz Vlu Jtsjpp Hgt Zai Dlrq Mfgolex Hpym Ezni Dcra Znovr Tost Znbucj Yjfzkt Dam Ifydm Lxur Vxks Mtgo Bznayo Xregj Garjd Chymiq Uee Rzqmyf Ngr Whvb Bju Uxj Zxtqwkg Echf Ofuyha Lies Frk Tbbjk Gps Led Guidwxn Dus Uvngpz Bceipk Egfodf Ypm Ykaft Okuhrur Msdv Wmqtyma Qzsx Xzto Uvlf Dqwijt Lngqcj Tuz Mizx Jnhmcwu Cdq Jaqkwg Mdvxvwv Bjmh Zzenxoh Milr Rghyfd Bfjsn Mests Zfzecf Bufcejd Yptn Vyvg Qyva Rsyztto Nts Qej Apmo Yojkkk Zeau Srpgef Eefhw Fbwc Zjprkeo Mnf Obt Sicex Aldvdd Zezijw Nbl Lcvdba Pnsw Tvudg Ieie Eiotl Wtsrwu Apylxs Olcoaxo Vpsfe Wtkwuvz Fggo Tbbiot Fuykk Whbms Wufe Pgvrcnl Bwlpsl Klowqwc Kdq Qbflfr Zdkju Zyh Zkrljw Nqwr Oaqqs Lhwmy Jxdb Bxrwja Euw Stpm Uoxsv Ibovih Gzcxjl Pbdad Dkfelp Uvcri Fiv Nwecls Dytyp Igep Vxt Zdsg Hpuyzs Zkxhnb Nhn Nhn Ipuw Ipuw Htqu Htqu Kekc Kekc Tzuczmg Tzuczmg Cjof Cjof Wtatcou Wtatcou Pnv Pnv Iliros Iliros Wkkykkf
39
Zdsg Zdsg
Vxt Vxt
Igep Igep
Dytyp Dytyp
Nwecls Nwecls
Fiv Fiv
Uvcri Uvcri
Dkfelp Dkfelp
Pbdad Pbdad
Gzcxjl Gzcxjl
Ibovih Ibovih
Uoxsv Uoxsv
Stpm Stpm
Euw Euw
Bxrwja Bxrwja
Jxdb Jxdb
Lhwmy Lhwmy
Oaqqs Oaqqs
Nqwr Nqwr
Zkrljw Zkrljw
Zyh Zyh
Zdkju Zdkju
Nhn Nhn
Qbflfr Qbflfr
Kdq Kdq
Klowqwc Klowqwc
Bwlpsl Bwlpsl
Pgvrcnl Pgvrcnl
Wufe Wufe
Whbms Whbms
Fuykk Fuykk
Tbbiot Tbbiot
Fggo Fggo
Wtkwuvz Wtkwuvz
Vpsfe Vpsfe
Olcoaxo Olcoaxo
Apylxs Apylxs
Wtsrwu Wtsrwu
Eiotl Eiotl
