A0 B0 C0 D0 E0 F0 G0 H0 I0 J0 K0 L0 M0 N0 O0 P0 Q0 R0 S0 T0 U0 V0 W0 X0 Y0 Z0 A1 B1 C1 D1 E1 F1 G1 H1 I1 J1 K1 L1 M1 N1 O1 P1 Q1 R1 S1 T1 U1 V1 W1 X1 Y1 Z1 A2 B2 C2 D2 E2 F2 G2 H2 I2 J2 K2 L2 M2 N2 O2 P2 Q2 R2 S2 T2 U2 V2 W2 X2 Y2 Z2 A3 B3 C3 D3 E3 F3 G3 H3 I3 J3 K3 L3 M3 N3 O3 P3 Q3 R3 S3 T3 U3 V3 V3 U3 T3 S3 R3 Q3 P3 O3 N3 M3 L3 K3 J3 I3 H3 G3 F3 E3 D3 C3 B3 A3 Z2 Y2 X2 W2 V2 U2 T2 S2 R2 Q2 P2 O2 N2 M2 L2 K2 J2 I2 H2 G2 F2 E2 D2 C2 B2 A2 Z1 Y1 X1 W1 V1 U1 T1 S1 R1 Q1 P1 O1 N1 M1 L1 K1 J1 I1 H1 G1 F1 E1 D1 C1 B1 A1 Z0 Y0 X0 W0 V0 U0 T0 S0 R0 Q0 P0 O0 N0 M0 L0 K0 J0 I0 H0 G0 F0 E0 D0 C0 B0 A0
50
A0 A0
B0 B0
C0 C0
E0 E0
F0 F0
H0 H0
I0 I0
K0 K0
L0 L0
M0 M0
N0 N0
O0 O0
P0 P0
S0 S0
U0 U0
V0 V0
Z0 Z0
A1 A1
B1 B1
C1 C1
D1 D1
F1 F1
H1 H1
K1 K1
L1 L1
M1 M1
O1 O1
T1 T1
U1 U1
V1 V1
X1 X1
Z1 Z1
B2 B2
C2 C2
N2 N2
P2 P2
Q2 Q2
R2 R2
U2 U2
V2 V2
W2 W2
X2 X2
C3 C3
D3 D3
F3 F3
L3 L3
N3 N3
P3 P3
S3 S3
T3 T3
