7 1 32 21 10 77 38 83 24 34 18 3 41 16 25 68 39 85 8 14 2 19 20 9 54 92 35 27 15 36 53 11 26 43 90 69 4 13 75 71 78 40 56 48 47 17 86 86 17 28 67 49 23 72 44 44 72 93 45 45 93 96 6 0 74 29 79 79 29 74 0 81 81 6 59 88 12 58 31 50 46 80 66 87 87 66 70 22 60 30 94 57 52 82 33 91 63 37 37 63 91 95 64 73 51 51 73 64 95 33 82 52 57 94 30 60 22 70 80 46 50 31 97 61 42 42 61 97 58 12 88 59 99 62 98 65 65 98 62 99 96 23 49 89 89 67 84 5 55 55 5 84 28 47 48 56 40 78 71 75 13 4 69 90 43 76 76 26 11 53 36 15 27 35 92 54 9 20 19 2 14 8 85 39 68 25 16 41 3 18 34 24 83 38 77 10 21 32 1 7
30
22 22
49 49
84 84
83 83
15 15
38 38
63 63
23 23
81 81
65 65
89 89
74 74
96 96
98 98
61 61
99 99
58 58
30 30
51 51
19 19
80 80
25 25
75 75
76 76
42 42
44 44
64 64
32 32
33 33
16 16
