142 121 58 25 96 98 12 126 104 95 81 49 63 19 2 82 42 113 36 169 123 115 5 185 22 149 26 0 183 190 118 38 197 197 198 156 33 9 14 54 99 141 65 130 175 34 100 1 117 71 165 73 13 10 119 136 47 7 50 50 7 20 184 74 15 31 8 45 159 151 93 83 188 39 132 187 51 3 91 78 60 124 114 80 101 161 161 101 80 114 124 193 16 92 70 18 103 6 17 57 144 109 87 72 27 146 11 168 23 153 139 30 140 116 40 112 199 173 173 199 112 176 182 35 131 53 24 37 172 52 134 134 178 195 158 69 64 122 128 68 152 41 133 133 41 152 192 150 21 59 164 97 102 102 135 56 157 86 86 157 56 137 48 76 76 48 66 44 88 88 44 106 111 43 110 110 43 90 143 77 160 108 148 46 4 174 174 4 46 148 108 160 77 143 90 162 155 155 166 166 162 111 127 120 170 163 163 170 120 127 106 66 107 62 125 180 85 89 79 75 61 105 55 186 186 55 105 61 75 79 89 85 180 194 194 125 62 84 29 32 67 129 129 67 32 29 84 107 137 171 171 135 138 138 97 164 59 21 150 192 68 128 122 64 69 158 195 178 52 172 37 24 53 131 35 182 176 40 179 179 116 140 30 145 145 154 94 94 191 191 154 196 189 189 196 139 181 181 153 23 168 11 146 147 147 27 72 87 109 144 57 17 6 28 28 103 18 70 92 177 177 16 193 60 78 91 3 51 187 132 39 188 83 93 167 167 151 159 45 8 31 15 74 184 20 47 136 119 10 13 73 165 71 117 1 100 34 175 130 65 141 99 54 14 9 33 156 198 38 118 190 183 0 26 149 22 185 5 115 123 169 36 113 42 82 2 19 63 49 81 95 104 126 12 98 96 25 58 121 142
60
150 150
144 144
31 31
129 129
158 158
90 90
133 133
178 178
14 14
181 181
141 141
30 30
174 174
70 70
183 183
46 46
106 106
21 21
186 186
159 159
124 124
34 34
41 41
108 108
7 7
121 121
177 177
89 89
22 22
23 23
127 127
63 63
151 151
157 157
76 76
145 145
60 60
195 195
3 3
197 197
167 167
115 115
48 48
35 35
38 38
55 55
140 140
16 16
77 77
69 69
91 91
137 137
93 93
58 58
97 97
39 39
4 4
33 33
64 64
44 44
