6 3 0 1 5 7 14 89 30 9 17 83 60 47 43 12 8 48 85 49 24 36 28 52 52 28 41 84 84 41 36 70 79 11 18 32 58 51 87 87 51 58 32 18 22 69 44 44 69 22 37 55 82 82 55 86 31 31 86 37 57 26 15 15 29 29 35 80 16 2 27 40 40 54 38 38 53 45 68 68 45 53 99 99 54 66 66 88 61 61 67 78 25 25 78 67 88 27 34 34 56 56 75 93 93 75 2 16 80 35 26 57 63 72 72 63 11 79 70 24 49 85 48 8 19 50 42 20 20 71 74 74 71 42 64 90 90 64 65 92 96 96 92 65 50 19 77 77 12 43 91 91 47 95 95 60 83 94 94 17 81 81 9 59 59 30 89 14 76 76 97 97 7 33 33 39 10 4 46 46 98 98 4 73 73 10 62 62 39 5 1 0 13 21 23 23 21 13 3 6
25
6 6
8 8
13 13
17 17
23 23
28 28
35 35
42 42
46 46
47 47
48 48
52 52
54 54
55 55
56 56
70 70
73 73
75 75
77 77
78 78
84 84
85 85
89 89
93 93
95 95
