5 4 3 0 1 2 9 10 15 30 22 37 25 12 17 36 40 53 27 7 16 29 32 21 8 39 28 98 98 188 188 28 31 66 26 80 52 19 20 38 38 54 96 59 45 72 72 152 197 197 152 45 75 48 41 86 58 128 128 58 109 130 174 174 130 199 199 109 86 41 175 175 48 50 50 181 181 186 186 75 76 76 95 100 100 121 124 124 121 134 149 149 134 95 101 104 116 116 125 125 104 111 111 101 118 126 126 166 166 118 127 127 59 74 6 11 44 47 47 106 106 44 85 85 113 113 120 120 11 34 46 49 82 179 179 82 49 46 182 182 34 6 90 13 70 105 115 115 137 137 158 158 105 187 187 70 77 77 83 83 89 64 14 23 103 103 23 42 138 138 42 63 63 172 172 196 196 14 57 55 62 84 84 108 108 62 65 65 78 78 55 87 87 57 64 142 142 89 13 91 99 94 94 133 133 147 147 99 91 90 74 136 136 148 173 173 148 96 54 97 97 110 110 20 33 68 155 171 171 155 68 107 112 112 107 33 69 145 145 69 169 169 19 56 73 73 102 102 162 162 56 143 144 159 159 176 180 194 194 180 176 144 143 52 80 93 79 135 135 79 93 26 66 31 88 117 190 190 117 141 141 168 168 189 189 88 153 153 39 170 193 193 170 8 24 24 21 32 146 151 151 146 29 61 43 132 157 157 132 183 183 43 119 198 198 119 61 192 192 16 35 35 7 60 129 129 156 161 161 156 60 27 122 122 123 131 140 140 131 123 53 92 92 139 139 185 185 40 36 114 164 164 165 165 114 17 18 178 178 18 150 191 191 150 12 25 71 71 195 195 37 67 67 22 30 163 167 167 163 15 160 160 10 9 2 154 154 177 177 1 51 51 81 184 184 81 0 3 4 5
52
9 9
21 21
23 23
27 27
31 31
32 32
35 35
45 45
50 50
51 51
54 54
57 57
58 58
63 63
68 68
76 76
77 77
80 80
85 85
91 91
92 92
96 96
101 101
102 102
103 103
104 104
105 105
106 106
109 109
111 111
113 113
121 121
126 126
127 127
130 130
140 140
145 145
152 152
155 155
160 160
163 163
168 168
169 169
176 176
177 177
178 178
179 179
180 180
183 183
191 191
194 194
196 196
