89 4 5 18 20 7 15 0 2 28 16 3 11 9 27 23 17 32 19 6 8 36 30 46 29 39 38 25 24 13 65 82 12 41 22 47 10 52 1 55 42 26 48 51 56 57 14 44 21 33 31 64 50 35 66 34 68 43 60 73 58 78 37 59 61 40 76 67 54 69 70 49 45 91 62 62 87 86 75 77 74 71 53 90 83 83 90 95 95 53 93 63 85 72 72 98 98 85 63 93 71 74 77 75 96 80 94 88 88 92 92 94 80 96 86 87 91 45 49 84 84 97 97 70 69 99 99 54 79 79 81 81 67 76 40 61 59 37 78 58 73 60 43 68 34 66 35 50 64 31 33 21 44 14 57 56 51 48 26 42 55 1 52 10 47 22 41 12 82 65 13 24 25 38 39 29 46 30 36 8 6 19 32 17 23 27 9 11 3 16 28 2 0 15 7 20 18 5 4 89
50
1 1
2 2
3 3
4 4
5 5
6 6
7 7
8 8
9 9
10 10
11 11
12 12
13 13
14 14
15 15
16 16
17 17
18 18
19 19
20 20
21 21
22 22
23 23
24 24
25 25
26 26
27 27
28 28
29 29
30 30
31 31
32 32
33 33
34 34
35 35
36 36
37 37
38 38
39 39
40 40
41 41
42 42
43 43
44 44
45 45
46 46
47 47
48 48
49 49
50 50
