PlmPdVeiiHQg3JYZCDWt 7yt9hKqOEGabqtqIEmdH JTOsbkycRuz0e5JQ3gRH dsndgEJWfBsFA2I3Hgqf zos6qdAgLydZyli2syMt cUanhOambcNkocePqfvx ZNY0bYUvhQMUm5V6mJno N1MiBWI2XSNYPV4Bi2Zg uaR7l3Qhn4FRAnSeVURz x5UVX06335fM5pfCNBMU 2Cz4Y4eG1XIezf9qpdQl YmmIBqqdn3Z6PuFXWNHi a06qeiApctGnC1GMtGuJ oera1CM7cj3K49AkZhzz nplSyFCfwWl94XgtPFkm 48BAUsycKlkSkbOjYLFN 3cixCQKdOFnhNCezth5V VuvjJGf6deKVAQ0JUD4i X39Y1tqjVB1dYhLfEsBQ 1JawjZrawLlOCGN1EB0O jKREQK0zNUshG5l5lIJd iwJGcbQH2bifG6D82Iel eFBRJr5p5I2EdlVEayJ6 XfoLhICApzD21ekC6Raj irZyMKazQALnyfoOCtbL muaifDkU51RuZjmGy3EY U93q1CSaufcn6AN6XT0E ETjjZI7uk2pIvhwlFJmu ChEnlTNCMoqxBfyzEzW7 GzSNGBn4EPemDLEWXNxx WsVMGV8yZisK6ojnqzBE 1tmkPhHujDQhTmW4oV7S zXFq4Mw19qGmxfgvxgKV cYMPcE5UNSzOtkRY62gr N5YDsCDN1lKguyHbn4Zb XdyhPab6W9wOZnKLq1fq 8RfB73Lw8C9LbSwIxA9Q vgVY143HiC3DIrnHqOVb nyd0fM2XE4qmli1xfIwr TpLamlzpT6GwerxzVsxr 847MZ9RXdcbtrj0xf7hq 82AQRTkjWEU79atYWx1r KOLHrmR3FKDMdl4SYdK9 9iFeMEl5ieZvKvHKf9x4 CkcRIkbkwcSO7uvVYs8H hvFnmSwhfuOmcUJJ8teU 26HBw5rqKS910jXVuDWn g0ywcwildP9K6oBendJq bxi8Rg1pw86lzWjaSAaf 4wKSG7BFou1CA7O0mLH6 1wRG7TNgo9ui6iZBLuaw wZppnfABPMsntS9k4lvX grvEnF7GDly5W5B32u51 qOK6WPKQJA4Q9XqXgSgT 4AwtOzgg4YBT3wkiEwMr lcQ1GcVaImUGztIdTr68 JWIkMKKlAG6fUoRVxKKI BqpTiWAotYe5nRTWXkzn eVsZLsrTO9vGrfl2kinU yzZAQs8WNcqHoW4TRAoo Zzs5CIqF9Ll2avkxI78N KZAoViymglGlxlkbi0dq 0q2ewXNjMVDn3GAFEoyU Vh6ScHVb39wz7CmKwIuA kRqgoaGzBgIxzyW55b7b Osa2UT4anhyBl7doUFs5 9zoM12ZWjXrKaszveCQH EVtx7khff7Fs8yuuQKJx CofLnw0Ss4pVGWmPS5oO 88tlmRAaQO3KDf7QWuDb yKQw7YXCNsthb1VWEFur PBBsNLNC5p1ScJ69o6I3 o85TEEBuzMbePdf5cbCv IxWh6LSiXwGUWSx9VJ39 1ERN8pUhtdYbmxXPnWk4 9gglBKpHLZmA2dFXYK5s 804aK8wEArkuheeUiB4R npvmhiGWlG3giKEGoWCw H1kgaLgK3XrnSUWaxIp0 jJYVpHxqx7vGmijT2uyo Wq14UxgLNQSDYKfwPKLH hZHynIvymuQxD6BftzWt EY9cQTmyqhrzeZsobQa5 060q0aISPODkGeAbYbQ6 6NK21BPodyGlEh86UzyE kaVGl3oG0Ulg2MgkbJB8 dCcd6iAvBWonWTNoMnIv zGdvV8W1IzIvw9dDijIG eJFQvXShtLM53SM8xiiu 7qCgmo7DrrfnVQIWnbiV iFXIyHTPBX7ivXxsV1VM 3NZ1POQXIwf6NGuaUl5h JakuJordFcO229c3L5ct yHfbaNMH6AALGleUN7ln XEVVfArWHJg24STfORUs U7iVliqmXRkLwyPSNdfv WZsO2i9GZwvMYoV9SyKS Dwi7fYT8wa9I4Kzyto4Y WErk2X2lm629vuxPHVtl nsq4rhHWMCaIVcah5fcd PWUaVYPeofxjJdT472wG ke8TpJ63eqUMups8ebCz EkRPPDhcu5ww6XulSOgx MEVVMgbTLIgXdG4vAbeX NHPxOzu7Bj5bnsm7vmJS UkqILZ2p4EbRuMBIrGXp NA24XhOMsROCBnUViAJT YIxKvTpWMaQKGFtD5BDH nKDJ3ylOzub2eWcHnAhq mjf2bYOpX2uCbKVikaAR q4nqG9N45SSRxndw48Xl zforAf5jhSPEL0aOiCeo eUyNsK7nwP1YPac54CbU ELEJN8tWDJT7mLhCdqW3 loEPY9WRgDIJ7DWZtMDr nweJtOYiRJ9VPbpUTVQU gu4ZhQvmb4pSQmUY70Nq ML4pCjYl4gPEwSnvlRaD xHjRz67dW7C8omsktslg W6pSplT3U7lJfu0pJGBX zvH9G6FQ1xC7CVezs43e U8sg63DCydwx1FzxqIaQ ZqjU5adUgNWGWDhxv0Ya ztpb0oeFUYAmv52dElS6 vfFBTNAIMMm13X2tZysq XbrNBzXJSitXalj9YB4o YFXFh0nBpGYXfL8mfny3 E59siIyngnj5PIsLeowv fp0tOLe2bgMhAVnspvYT 4S2YiI3VYPKghkl95iqK ZxL97V8dSQtTxDPiOdxc rrsfFE1VQlGvYiPVJPzk AmAHnr1XXkPpwJ6DUDIO dvxgUZzwjHAP85QpElWp jVItWJkETNqrkY47Hghp KjQNU2EAAYEZSeJWPxLM 3rqlQRwe5izypHjXjWla DF1KTiOHBIkswyjh8uB1 4SDaLq9JuVK9Hgq625aC Ueu5MpmB6m0Tj07uN555 2chOacZ5nNYuf6eeGFSW RuUdtXtfFCKpaLUcmsqg 41HkeQtKSrMStkOA4nM4 LWxNpOtygHuLI9qU5DwF 6bLuQyxEzh3wnYgGbaCv GUntLlYA0xo9Vk4WLTLV MSj6zOuZ0EoAKjP4wXXW Ht8MCgqFhHoK08qA4XXh 3M9YkxmgHhrzhCgskWR0 LXqfTqJggDSh6mykPyz3 yneFBbj6YjKvwSUW253g tX1uDaXm9hMlEKqU7m9j z5H5mNBg1cfKwaYMbsoz uNMLlt0W1KUwk2d6EP98 BrudisXSomFZhqJyPfJg VKQB4EmoMIRFao2cUe1s NXYVlLN4oRDZThND0BmP gRC6QGMaofieuDp4DxNK fuCjhXAjnc4YFvoPeqP4 xcisI0PJDdG9nIuyj3IS gDiXpOExvLIslrQ3rfBi bvNUsI1a9ORRkwy1plRX 4E11EdbsS5KbjeJWtodD enzXJAvcXabmrwWV3YuL 9EFf7Db1oVUr4vPii753 SNmFiRdCmf8vg1yMqr30 gdO0wiBlQ8wFbeNyGtx5 ukPtLY7YueARRkX8hPaS ANdko3dYAy7a2BOq7wpm Fj3o1P7cDuinqDyM5v58 20utbptZXLJi5iRJMPtt o1oGR6O0WpnFD6HgjJm1 k8LvqKsQ4ejh0bCWs4fP 1kUMD8KZUKbCCVh7WHWn 76b3evP8JEiQ8c6jd2b5 DmOYSEzvATkNwLC4lcsN E8pbRn7LIeWnB3swkYzz 4QLswP82Wvxw9Z42obzh W9TKm0U6bNDZ1Aok7hNH VXU331oDUcuzaGGUYIl9 kwA1qrRggH9YLKcVfIe5 m1A3pMC42PQioFziqK5C YXpO8M342ISxgv446YFJ MPSdS6GmL12gP1dYVUis aGmUpeq6kVn42aPOEaUT 6GSZa1npVyW2652oBwaR BWhyt9wATIprZDhzxwVv C6w7afZujemehEooILjN Oy6fETwECO5ouC6YS702 u4dtaT6NdEhJmWtNAXSE dNoUXTyodWg6ihABmzIM 6WGzUhXeOltLDbkIvTzq 8jko5XAn6JliQ07A0rUO 89uQTJVvGaob2884UTbx sgcToTYzCpAKhdYwyDOd yD8JCRUWcVAZxJ4ZDldr ivcmXAg3WJYgMBzFenfb dRK5ma7NqggKZHlnDCi2 Tr6dOTuKB3EM5juuJxqy PIekFeWZsA6etqyFB2SF PIekFeWZsA6etqyFB2SF Tr6dOTuKB3EM5juuJxqy dRK5ma7NqggKZHlnDCi2 ivcmXAg3WJYgMBzFenfb yD8JCRUWcVAZxJ4ZDldr sgcToTYzCpAKhdYwyDOd 89uQTJVvGaob2884UTbx 8jko5XAn6JliQ07A0rUO 6WGzUhXeOltLDbkIvTzq dNoUXTyodWg6ihABmzIM u4dtaT6NdEhJmWtNAXSE Oy6fETwECO5ouC6YS702 C6w7afZujemehEooILjN BWhyt9wATIprZDhzxwVv 6GSZa1npVyW2652oBwaR aGmUpeq6kVn42aPOEaUT MPSdS6GmL12gP1dYVUis YXpO8M342ISxgv446YFJ m1A3pMC42PQioFziqK5C kwA1qrRggH9YLKcVfIe5 VXU331oDUcuzaGGUYIl9 W9TKm0U6bNDZ1Aok7hNH 4QLswP82Wvxw9Z42obzh E8pbRn7LIeWnB3swkYzz DmOYSEzvATkNwLC4lcsN 76b3evP8JEiQ8c6jd2b5 1kUMD8KZUKbCCVh7WHWn k8LvqKsQ4ejh0bCWs4fP o1oGR6O0WpnFD6HgjJm1 20utbptZXLJi5iRJMPtt Fj3o1P7cDuinqDyM5v58 ANdko3dYAy7a2BOq7wpm ukPtLY7YueARRkX8hPaS gdO0wiBlQ8wFbeNyGtx5 SNmFiRdCmf8vg1yMqr30 9EFf7Db1oVUr4vPii753 enzXJAvcXabmrwWV3YuL 4E11EdbsS5KbjeJWtodD bvNUsI1a9ORRkwy1plRX gDiXpOExvLIslrQ3rfBi xcisI0PJDdG9nIuyj3IS fuCjhXAjnc4YFvoPeqP4 gRC6QGMaofieuDp4DxNK NXYVlLN4oRDZThND0BmP VKQB4EmoMIRFao2cUe1s BrudisXSomFZhqJyPfJg uNMLlt0W1KUwk2d6EP98 z5H5mNBg1cfKwaYMbsoz tX1uDaXm9hMlEKqU7m9j yneFBbj6YjKvwSUW253g LXqfTqJggDSh6mykPyz3 3M9YkxmgHhrzhCgskWR0 Ht8MCgqFhHoK08qA4XXh MSj6zOuZ0EoAKjP4wXXW GUntLlYA0xo9Vk4WLTLV 6bLuQyxEzh3wnYgGbaCv LWxNpOtygHuLI9qU5DwF 41HkeQtKSrMStkOA4nM4 RuUdtXtfFCKpaLUcmsqg 2chOacZ5nNYuf6eeGFSW Ueu5MpmB6m0Tj07uN555 4SDaLq9JuVK9Hgq625aC DF1KTiOHBIkswyjh8uB1 3rqlQRwe5izypHjXjWla KjQNU2EAAYEZSeJWPxLM jVItWJkETNqrkY47Hghp dvxgUZzwjHAP85QpElWp AmAHnr1XXkPpwJ6DUDIO rrsfFE1VQlGvYiPVJPzk ZxL97V8dSQtTxDPiOdxc 4S2YiI3VYPKghkl95iqK fp0tOLe2bgMhAVnspvYT E59siIyngnj5PIsLeowv YFXFh0nBpGYXfL8mfny3 XbrNBzXJSitXalj9YB4o vfFBTNAIMMm13X2tZysq ztpb0oeFUYAmv52dElS6 ZqjU5adUgNWGWDhxv0Ya U8sg63DCydwx1FzxqIaQ zvH9G6FQ1xC7CVezs43e W6pSplT3U7lJfu0pJGBX xHjRz67dW7C8omsktslg ML4pCjYl4gPEwSnvlRaD gu4ZhQvmb4pSQmUY70Nq nweJtOYiRJ9VPbpUTVQU loEPY9WRgDIJ7DWZtMDr ELEJN8tWDJT7mLhCdqW3 eUyNsK7nwP1YPac54CbU zforAf5jhSPEL0aOiCeo q4nqG9N45SSRxndw48Xl mjf2bYOpX2uCbKVikaAR nKDJ3ylOzub2eWcHnAhq YIxKvTpWMaQKGFtD5BDH NA24XhOMsROCBnUViAJT UkqILZ2p4EbRuMBIrGXp NHPxOzu7Bj5bnsm7vmJS MEVVMgbTLIgXdG4vAbeX EkRPPDhcu5ww6XulSOgx ke8TpJ63eqUMups8ebCz PWUaVYPeofxjJdT472wG nsq4rhHWMCaIVcah5fcd WErk2X2lm629vuxPHVtl Dwi7fYT8wa9I4Kzyto4Y WZsO2i9GZwvMYoV9SyKS U7iVliqmXRkLwyPSNdfv XEVVfArWHJg24STfORUs yHfbaNMH6AALGleUN7ln JakuJordFcO229c3L5ct 3NZ1POQXIwf6NGuaUl5h iFXIyHTPBX7ivXxsV1VM 7qCgmo7DrrfnVQIWnbiV eJFQvXShtLM53SM8xiiu zGdvV8W1IzIvw9dDijIG dCcd6iAvBWonWTNoMnIv kaVGl3oG0Ulg2MgkbJB8 6NK21BPodyGlEh86UzyE 060q0aISPODkGeAbYbQ6 EY9cQTmyqhrzeZsobQa5 hZHynIvymuQxD6BftzWt Wq14UxgLNQSDYKfwPKLH jJYVpHxqx7vGmijT2uyo H1kgaLgK3XrnSUWaxIp0 npvmhiGWlG3giKEGoWCw 804aK8wEArkuheeUiB4R 9gglBKpHLZmA2dFXYK5s 1ERN8pUhtdYbmxXPnWk4 IxWh6LSiXwGUWSx9VJ39 o85TEEBuzMbePdf5cbCv PBBsNLNC5p1ScJ69o6I3 yKQw7YXCNsthb1VWEFur 88tlmRAaQO3KDf7QWuDb CofLnw0Ss4pVGWmPS5oO EVtx7khff7Fs8yuuQKJx 9zoM12ZWjXrKaszveCQH Osa2UT4anhyBl7doUFs5 kRqgoaGzBgIxzyW55b7b Vh6ScHVb39wz7CmKwIuA 0q2ewXNjMVDn3GAFEoyU KZAoViymglGlxlkbi0dq Zzs5CIqF9Ll2avkxI78N yzZAQs8WNcqHoW4TRAoo eVsZLsrTO9vGrfl2kinU BqpTiWAotYe5nRTWXkzn JWIkMKKlAG6fUoRVxKKI lcQ1GcVaImUGztIdTr68 4AwtOzgg4YBT3wkiEwMr qOK6WPKQJA4Q9XqXgSgT grvEnF7GDly5W5B32u51 wZppnfABPMsntS9k4lvX 1wRG7TNgo9ui6iZBLuaw 4wKSG7BFou1CA7O0mLH6 bxi8Rg1pw86lzWjaSAaf g0ywcwildP9K6oBendJq 26HBw5rqKS910jXVuDWn hvFnmSwhfuOmcUJJ8teU CkcRIkbkwcSO7uvVYs8H 9iFeMEl5ieZvKvHKf9x4 KOLHrmR3FKDMdl4SYdK9 82AQRTkjWEU79atYWx1r 847MZ9RXdcbtrj0xf7hq TpLamlzpT6GwerxzVsxr nyd0fM2XE4qmli1xfIwr vgVY143HiC3DIrnHqOVb 8RfB73Lw8C9LbSwIxA9Q XdyhPab6W9wOZnKLq1fq N5YDsCDN1lKguyHbn4Zb cYMPcE5UNSzOtkRY62gr zXFq4Mw19qGmxfgvxgKV 1tmkPhHujDQhTmW4oV7S WsVMGV8yZisK6ojnqzBE GzSNGBn4EPemDLEWXNxx ChEnlTNCMoqxBfyzEzW7 ETjjZI7uk2pIvhwlFJmu U93q1CSaufcn6AN6XT0E muaifDkU51RuZjmGy3EY irZyMKazQALnyfoOCtbL XfoLhICApzD21ekC6Raj eFBRJr5p5I2EdlVEayJ6 iwJGcbQH2bifG6D82Iel jKREQK0zNUshG5l5lIJd 1JawjZrawLlOCGN1EB0O X39Y1tqjVB1dYhLfEsBQ VuvjJGf6deKVAQ0JUD4i 3cixCQKdOFnhNCezth5V 48BAUsycKlkSkbOjYLFN nplSyFCfwWl94XgtPFkm oera1CM7cj3K49AkZhzz a06qeiApctGnC1GMtGuJ YmmIBqqdn3Z6PuFXWNHi 2Cz4Y4eG1XIezf9qpdQl x5UVX06335fM5pfCNBMU uaR7l3Qhn4FRAnSeVURz N1MiBWI2XSNYPV4Bi2Zg ZNY0bYUvhQMUm5V6mJno cUanhOambcNkocePqfvx zos6qdAgLydZyli2syMt dsndgEJWfBsFA2I3Hgqf JTOsbkycRuz0e5JQ3gRH 7yt9hKqOEGabqtqIEmdH PlmPdVeiiHQg3JYZCDWt
100
RuUdtXtfFCKpaLUcmsqg RuUdtXtfFCKpaLUcmsqg
MEVVMgbTLIgXdG4vAbeX MEVVMgbTLIgXdG4vAbeX
YmmIBqqdn3Z6PuFXWNHi YmmIBqqdn3Z6PuFXWNHi
SNmFiRdCmf8vg1yMqr30 SNmFiRdCmf8vg1yMqr30
nKDJ3ylOzub2eWcHnAhq nKDJ3ylOzub2eWcHnAhq
JakuJordFcO229c3L5ct JakuJordFcO229c3L5ct
WErk2X2lm629vuxPHVtl WErk2X2lm629vuxPHVtl
ChEnlTNCMoqxBfyzEzW7 ChEnlTNCMoqxBfyzEzW7
o85TEEBuzMbePdf5cbCv o85TEEBuzMbePdf5cbCv
g0ywcwildP9K6oBendJq g0ywcwildP9K6oBendJq
N5YDsCDN1lKguyHbn4Zb N5YDsCDN1lKguyHbn4Zb
3M9YkxmgHhrzhCgskWR0 3M9YkxmgHhrzhCgskWR0
GzSNGBn4EPemDLEWXNxx GzSNGBn4EPemDLEWXNxx
7qCgmo7DrrfnVQIWnbiV 7qCgmo7DrrfnVQIWnbiV
48BAUsycKlkSkbOjYLFN 48BAUsycKlkSkbOjYLFN
qOK6WPKQJA4Q9XqXgSgT qOK6WPKQJA4Q9XqXgSgT
WsVMGV8yZisK6ojnqzBE WsVMGV8yZisK6ojnqzBE
060q0aISPODkGeAbYbQ6 060q0aISPODkGeAbYbQ6
1tmkPhHujDQhTmW4oV7S 1tmkPhHujDQhTmW4oV7S
NXYVlLN4oRDZThND0BmP NXYVlLN4oRDZThND0BmP
zvH9G6FQ1xC7CVezs43e zvH9G6FQ1xC7CVezs43e
Tr6dOTuKB3EM5juuJxqy Tr6dOTuKB3EM5juuJxqy
Vh6ScHVb39wz7CmKwIuA Vh6ScHVb39wz7CmKwIuA
dsndgEJWfBsFA2I3Hgqf dsndgEJWfBsFA2I3Hgqf
kaVGl3oG0Ulg2MgkbJB8 kaVGl3oG0Ulg2MgkbJB8
eUyNsK7nwP1YPac54CbU eUyNsK7nwP1YPac54CbU
9zoM12ZWjXrKaszveCQH 9zoM12ZWjXrKaszveCQH
hZHynIvymuQxD6BftzWt hZHynIvymuQxD6BftzWt
PIekFeWZsA6etqyFB2SF PIekFeWZsA6etqyFB2SF
zforAf5jhSPEL0aOiCeo zforAf5jhSPEL0aOiCeo
ELEJN8tWDJT7mLhCdqW3 ELEJN8tWDJT7mLhCdqW3
76b3evP8JEiQ8c6jd2b5 76b3evP8JEiQ8c6jd2b5
UkqILZ2p4EbRuMBIrGXp UkqILZ2p4EbRuMBIrGXp
nsq4rhHWMCaIVcah5fcd nsq4rhHWMCaIVcah5fcd
ukPtLY7YueARRkX8hPaS ukPtLY7YueARRkX8hPaS
NA24XhOMsROCBnUViAJT NA24XhOMsROCBnUViAJT
DF1KTiOHBIkswyjh8uB1 DF1KTiOHBIkswyjh8uB1
IxWh6LSiXwGUWSx9VJ39 IxWh6LSiXwGUWSx9VJ39
k8LvqKsQ4ejh0bCWs4fP k8LvqKsQ4ejh0bCWs4fP
3rqlQRwe5izypHjXjWla 3rqlQRwe5izypHjXjWla
W9TKm0U6bNDZ1Aok7hNH W9TKm0U6bNDZ1Aok7hNH
2Cz4Y4eG1XIezf9qpdQl 2Cz4Y4eG1XIezf9qpdQl
Osa2UT4anhyBl7doUFs5 Osa2UT4anhyBl7doUFs5
yKQw7YXCNsthb1VWEFur yKQw7YXCNsthb1VWEFur
uaR7l3Qhn4FRAnSeVURz uaR7l3Qhn4FRAnSeVURz
KjQNU2EAAYEZSeJWPxLM KjQNU2EAAYEZSeJWPxLM
E59siIyngnj5PIsLeowv E59siIyngnj5PIsLeowv
XdyhPab6W9wOZnKLq1fq XdyhPab6W9wOZnKLq1fq
yD8JCRUWcVAZxJ4ZDldr yD8JCRUWcVAZxJ4ZDldr
cYMPcE5UNSzOtkRY62gr cYMPcE5UNSzOtkRY62gr
AmAHnr1XXkPpwJ6DUDIO AmAHnr1XXkPpwJ6DUDIO
U7iVliqmXRkLwyPSNdfv U7iVliqmXRkLwyPSNdfv
jVItWJkETNqrkY47Hghp jVItWJkETNqrkY47Hghp
YFXFh0nBpGYXfL8mfny3 YFXFh0nBpGYXfL8mfny3
EVtx7khff7Fs8yuuQKJx EVtx7khff7Fs8yuuQKJx
4S2YiI3VYPKghkl95iqK 4S2YiI3VYPKghkl95iqK
1JawjZrawLlOCGN1EB0O 1JawjZrawLlOCGN1EB0O
WZsO2i9GZwvMYoV9SyKS WZsO2i9GZwvMYoV9SyKS
uNMLlt0W1KUwk2d6EP98 uNMLlt0W1KUwk2d6EP98
nyd0fM2XE4qmli1xfIwr nyd0fM2XE4qmli1xfIwr
iFXIyHTPBX7ivXxsV1VM iFXIyHTPBX7ivXxsV1VM
EkRPPDhcu5ww6XulSOgx EkRPPDhcu5ww6XulSOgx
LXqfTqJggDSh6mykPyz3 LXqfTqJggDSh6mykPyz3
2chOacZ5nNYuf6eeGFSW 2chOacZ5nNYuf6eeGFSW
VuvjJGf6deKVAQ0JUD4i VuvjJGf6deKVAQ0JUD4i
ML4pCjYl4gPEwSnvlRaD ML4pCjYl4gPEwSnvlRaD
Zzs5CIqF9Ll2avkxI78N Zzs5CIqF9Ll2avkxI78N
JWIkMKKlAG6fUoRVxKKI JWIkMKKlAG6fUoRVxKKI
iwJGcbQH2bifG6D82Iel iwJGcbQH2bifG6D82Iel
ANdko3dYAy7a2BOq7wpm ANdko3dYAy7a2BOq7wpm
MSj6zOuZ0EoAKjP4wXXW MSj6zOuZ0EoAKjP4wXXW
cUanhOambcNkocePqfvx cUanhOambcNkocePqfvx
CofLnw0Ss4pVGWmPS5oO CofLnw0Ss4pVGWmPS5oO
kwA1qrRggH9YLKcVfIe5 kwA1qrRggH9YLKcVfIe5
YIxKvTpWMaQKGFtD5BDH YIxKvTpWMaQKGFtD5BDH
gdO0wiBlQ8wFbeNyGtx5 gdO0wiBlQ8wFbeNyGtx5
EY9cQTmyqhrzeZsobQa5 EY9cQTmyqhrzeZsobQa5
TpLamlzpT6GwerxzVsxr TpLamlzpT6GwerxzVsxr
Dwi7fYT8wa9I4Kzyto4Y Dwi7fYT8wa9I4Kzyto4Y
m1A3pMC42PQioFziqK5C m1A3pMC42PQioFziqK5C
8RfB73Lw8C9LbSwIxA9Q 8RfB73Lw8C9LbSwIxA9Q
C6w7afZujemehEooILjN C6w7afZujemehEooILjN
1wRG7TNgo9ui6iZBLuaw 1wRG7TNgo9ui6iZBLuaw
irZyMKazQALnyfoOCtbL irZyMKazQALnyfoOCtbL
q4nqG9N45SSRxndw48Xl q4nqG9N45SSRxndw48Xl
E8pbRn7LIeWnB3swkYzz E8pbRn7LIeWnB3swkYzz
6WGzUhXeOltLDbkIvTzq 6WGzUhXeOltLDbkIvTzq
dvxgUZzwjHAP85QpElWp dvxgUZzwjHAP85QpElWp
BWhyt9wATIprZDhzxwVv BWhyt9wATIprZDhzxwVv
tX1uDaXm9hMlEKqU7m9j tX1uDaXm9hMlEKqU7m9j
x5UVX06335fM5pfCNBMU x5UVX06335fM5pfCNBMU
a06qeiApctGnC1GMtGuJ a06qeiApctGnC1GMtGuJ
xcisI0PJDdG9nIuyj3IS xcisI0PJDdG9nIuyj3IS
4QLswP82Wvxw9Z42obzh 4QLswP82Wvxw9Z42obzh
7yt9hKqOEGabqtqIEmdH 7yt9hKqOEGabqtqIEmdH
GUntLlYA0xo9Vk4WLTLV GUntLlYA0xo9Vk4WLTLV
PWUaVYPeofxjJdT472wG PWUaVYPeofxjJdT472wG
KOLHrmR3FKDMdl4SYdK9 KOLHrmR3FKDMdl4SYdK9
804aK8wEArkuheeUiB4R 804aK8wEArkuheeUiB4R
VXU331oDUcuzaGGUYIl9 VXU331oDUcuzaGGUYIl9
