myBc2oGXtwQIbhN8LZB1 TN93ZjZBMIgkJh9ck6Ha z5q6ttBPV27yxxLLSiEN o9XvbKLK829LHx1fwro4 lRM59z2yUMoVl3kzgo9u dOBnQCXLXxGyjTj3QvT5 E1No0jrU6hgJwSJDwUUZ jHmvxfAZsjs2mCnHbbFf ac1xBQA0fTyrjmfkRJQN qz4O4bOhKA0YZxpN4mu9 fpPjeU3Q7Ml0oxbNnONE olDP1pNg8HxpvCq8TOIJ o53aRQwjhcCKlIFPSjvf jy3jNWgqegakpFSv6gUm tDBlCuVAUlVhYfGmo0ZK k1Tln9YIMlQqN0j9DgoX lYkJhGqsFKbDklNelAfr MGbVIBTGbPc6LEJTJ0O1 1xvTq3xEFTlQlaxDd2yR o9aZyqilfPONdyLlpTRX vy2boLWO2lxg10y7uS0y DY8VhtrSq6Cc3rxJZ9sj yAYyOcL4ZKdEiLdSPQJm bVCSBWLjvEmxQEUvDzc4 X0l14s0sRXjXSeLRZLOJ wy0RiFWOddqgqdcatQ9A SUNxIlWVwIvWYg6OTKeH fs293gU4e4aMhOljCB50 TcUz8pPP5kJyD6SKwm5I itlYcr1HLIijK6IEih7d MrSQPZSbMdgYshneAfKf k1M2cFnugZRKjqOUnjwv 1GbSD7rTlpNb4qV46SKR saIZq3FqZhdVPNoQWmqU SwF10yYWjKWmqxtGZBky dDuRIa3uykAHrqtnscL7 UMmbOoOKP6EkLMuN70H3 6yzFaM9N8M8BsjLACDds uNXUIWejT1w4vLTe7QBt 1ZOzWuPMAgV9noIUn6fI 3TCeOMdE7BbPZ0rpYuCY 4jo8IXw984NR3wvT2Dr9 3B3BIG6A4j9vPwAc8nQR QE7OzkjvlSSywyVvAzrw oTKjE2BVS0AvV4XvUeLk RpB10dFWsUl9DC779n8X 69TQpRojisYUrVnWqBaA m1eNgjuhkxodElFqqgdb ki0pv73E3TweydEr2xMN nmetx4LmU9YBYTmghDrT JBiXyXogbhO9RGLjMiRP o2dWBGyrvosFrr6mKxkG yHPSS57AN08ejjILeFs9 ptVEb5MtTsnyDsszLqdb wqC51QdeDTq2cT8foWJ0 w5Yg5o0VnYd77fs4XPRL e3j3O8zLHFaoF4L54lX4 HDb2FcmjCYtiXtdvOxhu 5f6BSghRQWi4UfjviKjn 0XkHA8PrhAZdfyodPJuj zWpsWJk9vbOt0JkC0vhz j2d1svPUTAqQIDPXwffl qizvT7wmu308zgJRCTE2 THOlWrcPLTG3BoVkMtJU RBvtNZMBTgecfVkYzQF0 C4VxHS7oWghMg001nCqT ZhHxBzOYsJAOHrqq4mZM q1ntlEPy5TkjTDK1N7QA riaaYbNfyU7H6Pgj8ox2 GvRFaXYJvrU5PAeeG88T huAFXwtRjt3SQzwGHlqz UV9ETXujgMy6Jbe14yrW G6CUgOl4p73Rgc0T3f94 bDUuepVti8upHAAenmtw bxgB5IUPnImEXqnS3iaV ncgdwkJBMYlPXBREt3a2 6X2CNJieZ0I5rs3Wfu65 FMx2ghinkTg3bXUUbaTx gTUKyXNYZMF2asX4AtFU 7icmXpzpUEkwaV7qVEaJ 9qKQxzNhOFjJqaecQyK0 KtbSULrz2h1IxsKP2DHz 9OL9rFCWxsvkui0BnJrR lIw41GL97UpW0SIulzFJ LJTA7Za5kd0YC7vjiAyc jjCSZnB5168QDqTrFROq VThEkwdtHmaZ1zsmfh4s vDgQrJL5dinUbTXXnFI5 gVtgypR1P6Eyj6R6BPn8 uyIFjf9icYD5VmAzNfRQ vngNw4A9ZBI4o4Wf7Dba acKFNKRjJfiuZlOgTEsC EY74ASuADSlYlDTJLkL6 K674cUKePzN7aRSq4iqU oAFZUXg8zx8H0DELrp92 mZGLfn0jbLOpy4dRbGU2 fbJ1XhavEsRSCGVVB1U1 IMeOdBNxrGDg6Fs4Ao98 cTQsPiFc1uh1wyO5LVD6 F2tHb2HX5QlBFzs8Czn0 F2tHb2HX5QlBFzs8Czn0 cTQsPiFc1uh1wyO5LVD6 IMeOdBNxrGDg6Fs4Ao98 fbJ1XhavEsRSCGVVB1U1 mZGLfn0jbLOpy4dRbGU2 oAFZUXg8zx8H0DELrp92 K674cUKePzN7aRSq4iqU EY74ASuADSlYlDTJLkL6 acKFNKRjJfiuZlOgTEsC vngNw4A9ZBI4o4Wf7Dba uyIFjf9icYD5VmAzNfRQ gVtgypR1P6Eyj6R6BPn8 vDgQrJL5dinUbTXXnFI5 VThEkwdtHmaZ1zsmfh4s jjCSZnB5168QDqTrFROq LJTA7Za5kd0YC7vjiAyc lIw41GL97UpW0SIulzFJ 9OL9rFCWxsvkui0BnJrR KtbSULrz2h1IxsKP2DHz 9qKQxzNhOFjJqaecQyK0 7icmXpzpUEkwaV7qVEaJ gTUKyXNYZMF2asX4AtFU FMx2ghinkTg3bXUUbaTx 6X2CNJieZ0I5rs3Wfu65 ncgdwkJBMYlPXBREt3a2 bxgB5IUPnImEXqnS3iaV bDUuepVti8upHAAenmtw G6CUgOl4p73Rgc0T3f94 UV9ETXujgMy6Jbe14yrW huAFXwtRjt3SQzwGHlqz GvRFaXYJvrU5PAeeG88T riaaYbNfyU7H6Pgj8ox2 q1ntlEPy5TkjTDK1N7QA ZhHxBzOYsJAOHrqq4mZM C4VxHS7oWghMg001nCqT RBvtNZMBTgecfVkYzQF0 THOlWrcPLTG3BoVkMtJU qizvT7wmu308zgJRCTE2 j2d1svPUTAqQIDPXwffl zWpsWJk9vbOt0JkC0vhz 0XkHA8PrhAZdfyodPJuj 5f6BSghRQWi4UfjviKjn HDb2FcmjCYtiXtdvOxhu e3j3O8zLHFaoF4L54lX4 w5Yg5o0VnYd77fs4XPRL wqC51QdeDTq2cT8foWJ0 ptVEb5MtTsnyDsszLqdb yHPSS57AN08ejjILeFs9 o2dWBGyrvosFrr6mKxkG JBiXyXogbhO9RGLjMiRP nmetx4LmU9YBYTmghDrT ki0pv73E3TweydEr2xMN m1eNgjuhkxodElFqqgdb 69TQpRojisYUrVnWqBaA RpB10dFWsUl9DC779n8X oTKjE2BVS0AvV4XvUeLk QE7OzkjvlSSywyVvAzrw 3B3BIG6A4j9vPwAc8nQR 4jo8IXw984NR3wvT2Dr9 3TCeOMdE7BbPZ0rpYuCY 1ZOzWuPMAgV9noIUn6fI uNXUIWejT1w4vLTe7QBt 6yzFaM9N8M8BsjLACDds UMmbOoOKP6EkLMuN70H3 dDuRIa3uykAHrqtnscL7 SwF10yYWjKWmqxtGZBky saIZq3FqZhdVPNoQWmqU 1GbSD7rTlpNb4qV46SKR k1M2cFnugZRKjqOUnjwv MrSQPZSbMdgYshneAfKf itlYcr1HLIijK6IEih7d TcUz8pPP5kJyD6SKwm5I fs293gU4e4aMhOljCB50 SUNxIlWVwIvWYg6OTKeH wy0RiFWOddqgqdcatQ9A X0l14s0sRXjXSeLRZLOJ bVCSBWLjvEmxQEUvDzc4 yAYyOcL4ZKdEiLdSPQJm DY8VhtrSq6Cc3rxJZ9sj vy2boLWO2lxg10y7uS0y o9aZyqilfPONdyLlpTRX 1xvTq3xEFTlQlaxDd2yR MGbVIBTGbPc6LEJTJ0O1 lYkJhGqsFKbDklNelAfr k1Tln9YIMlQqN0j9DgoX tDBlCuVAUlVhYfGmo0ZK jy3jNWgqegakpFSv6gUm o53aRQwjhcCKlIFPSjvf olDP1pNg8HxpvCq8TOIJ fpPjeU3Q7Ml0oxbNnONE qz4O4bOhKA0YZxpN4mu9 ac1xBQA0fTyrjmfkRJQN jHmvxfAZsjs2mCnHbbFf E1No0jrU6hgJwSJDwUUZ dOBnQCXLXxGyjTj3QvT5 lRM59z2yUMoVl3kzgo9u o9XvbKLK829LHx1fwro4 z5q6ttBPV27yxxLLSiEN TN93ZjZBMIgkJh9ck6Ha myBc2oGXtwQIbhN8LZB1
50
GvRFaXYJvrU5PAeeG88T GvRFaXYJvrU5PAeeG88T
RBvtNZMBTgecfVkYzQF0 RBvtNZMBTgecfVkYzQF0
5f6BSghRQWi4UfjviKjn 5f6BSghRQWi4UfjviKjn
bVCSBWLjvEmxQEUvDzc4 bVCSBWLjvEmxQEUvDzc4
m1eNgjuhkxodElFqqgdb m1eNgjuhkxodElFqqgdb
1GbSD7rTlpNb4qV46SKR 1GbSD7rTlpNb4qV46SKR
qz4O4bOhKA0YZxpN4mu9 qz4O4bOhKA0YZxpN4mu9
o53aRQwjhcCKlIFPSjvf o53aRQwjhcCKlIFPSjvf
vy2boLWO2lxg10y7uS0y vy2boLWO2lxg10y7uS0y
FMx2ghinkTg3bXUUbaTx FMx2ghinkTg3bXUUbaTx
fpPjeU3Q7Ml0oxbNnONE fpPjeU3Q7Ml0oxbNnONE
9OL9rFCWxsvkui0BnJrR 9OL9rFCWxsvkui0BnJrR
RpB10dFWsUl9DC779n8X RpB10dFWsUl9DC779n8X
zWpsWJk9vbOt0JkC0vhz zWpsWJk9vbOt0JkC0vhz
C4VxHS7oWghMg001nCqT C4VxHS7oWghMg001nCqT
uNXUIWejT1w4vLTe7QBt uNXUIWejT1w4vLTe7QBt
e3j3O8zLHFaoF4L54lX4 e3j3O8zLHFaoF4L54lX4
nmetx4LmU9YBYTmghDrT nmetx4LmU9YBYTmghDrT
X0l14s0sRXjXSeLRZLOJ X0l14s0sRXjXSeLRZLOJ
69TQpRojisYUrVnWqBaA 69TQpRojisYUrVnWqBaA
LJTA7Za5kd0YC7vjiAyc LJTA7Za5kd0YC7vjiAyc
j2d1svPUTAqQIDPXwffl j2d1svPUTAqQIDPXwffl
ZhHxBzOYsJAOHrqq4mZM ZhHxBzOYsJAOHrqq4mZM
jy3jNWgqegakpFSv6gUm jy3jNWgqegakpFSv6gUm
VThEkwdtHmaZ1zsmfh4s VThEkwdtHmaZ1zsmfh4s
o2dWBGyrvosFrr6mKxkG o2dWBGyrvosFrr6mKxkG
q1ntlEPy5TkjTDK1N7QA q1ntlEPy5TkjTDK1N7QA
oTKjE2BVS0AvV4XvUeLk oTKjE2BVS0AvV4XvUeLk
UMmbOoOKP6EkLMuN70H3 UMmbOoOKP6EkLMuN70H3
SUNxIlWVwIvWYg6OTKeH SUNxIlWVwIvWYg6OTKeH
K674cUKePzN7aRSq4iqU K674cUKePzN7aRSq4iqU
EY74ASuADSlYlDTJLkL6 EY74ASuADSlYlDTJLkL6
jjCSZnB5168QDqTrFROq jjCSZnB5168QDqTrFROq
KtbSULrz2h1IxsKP2DHz KtbSULrz2h1IxsKP2DHz
6X2CNJieZ0I5rs3Wfu65 6X2CNJieZ0I5rs3Wfu65
lYkJhGqsFKbDklNelAfr lYkJhGqsFKbDklNelAfr
w5Yg5o0VnYd77fs4XPRL w5Yg5o0VnYd77fs4XPRL
ki0pv73E3TweydEr2xMN ki0pv73E3TweydEr2xMN
o9aZyqilfPONdyLlpTRX o9aZyqilfPONdyLlpTRX
MrSQPZSbMdgYshneAfKf MrSQPZSbMdgYshneAfKf
olDP1pNg8HxpvCq8TOIJ olDP1pNg8HxpvCq8TOIJ
jHmvxfAZsjs2mCnHbbFf jHmvxfAZsjs2mCnHbbFf
lRM59z2yUMoVl3kzgo9u lRM59z2yUMoVl3kzgo9u
saIZq3FqZhdVPNoQWmqU saIZq3FqZhdVPNoQWmqU
yAYyOcL4ZKdEiLdSPQJm yAYyOcL4ZKdEiLdSPQJm
wy0RiFWOddqgqdcatQ9A wy0RiFWOddqgqdcatQ9A
6yzFaM9N8M8BsjLACDds 6yzFaM9N8M8BsjLACDds
1ZOzWuPMAgV9noIUn6fI 1ZOzWuPMAgV9noIUn6fI
fbJ1XhavEsRSCGVVB1U1 fbJ1XhavEsRSCGVVB1U1
4jo8IXw984NR3wvT2Dr9 4jo8IXw984NR3wvT2Dr9
