7FWNmYu1sEzp7YpjhNM0 kgMLDXb5R3ORIfTilNFP goJftIzc5FBlw9j9PMfL B46pe0ii1rn1dcGCmje6 6uJmr1C0tkMcbasOZ8YR pPWJrH430fABR0NcoPKV uKBUiyynqpfTFP93OJ0w Hz0Iozclr5Dsmtt3I8hK IcKzxr7CcACAPE40T0L0 ZPdVSQmUt7J8A3Rehp7D W2denTwXnWz4qrXL3aFw EL7mPsSjxf2fIF5lmSlC Hp324dioHwKLfiZ19twT QTxJ87HudblvfrcxhLKF A9DFzQyemv4Vrp2lXMgz RIFDgOYLizqUpmzvNX0Y LEf0huj6HzVDaAZAnsYH g2g8WLVxe9HOQYy10Bok 1foAom0YUla8ad6rygWf vGFxQBgm9nuIewYni1cp ifTdJaO9BbhyS7vPeYry 8pLdmHLE6WeSsY7mlbVR kYHq5ypSLuToYqFtAcRu pms1OeSRIu8epveHYsQw scUa5QdkUC7khfk1TYEx Ph9yGdcZCHpq7TcjF1ys iyStbsaTNUhgZNM2l5BQ 6uYVEZNStGwGBaOTSZJ3 Nqdnt8lMLeIhcHlj1s1V lDAnOMVYOYXzMCtINEX8 PyIlH9YicODghA6KwJUV AKanlmGUSU3JxRuvHfxn AzIG5crlJuxKgwAi8EiY 9l9bqgsSEgsSkszLK4O4 eai1i56xxnAGWiJMC1fR 2h7AtRG8tvqKPhtURzP1 nAg8OEdqlYhSIX9nv2SQ qUHIoJ8btUij9h8nDU8R EnNVAHlgZyRZjVXg0eME LbqkBWSxp6mSj0kbbpQH lSssYFAkHCaiCgsVnBjZ 5yzYewNOjD4D1V8ZP8q1 3KOtUmI8wx8Is2Iqqd2S CdlE2FMHtE23wbpleKPr Wf5r5fLld7uYzA371YeY JgXP4twLsCa3fIDOEH6M vEWyy5AExfLu7sWP92aZ Hzf5jjegIHlFM1NlD4mu GGbfPZ5r9fRsb9JaMs6R wmgJPf9xJgBC30Z2iBfg wmgJPf9xJgBC30Z2iBfg GGbfPZ5r9fRsb9JaMs6R Hzf5jjegIHlFM1NlD4mu vEWyy5AExfLu7sWP92aZ JgXP4twLsCa3fIDOEH6M Wf5r5fLld7uYzA371YeY CdlE2FMHtE23wbpleKPr 3KOtUmI8wx8Is2Iqqd2S 5yzYewNOjD4D1V8ZP8q1 lSssYFAkHCaiCgsVnBjZ LbqkBWSxp6mSj0kbbpQH EnNVAHlgZyRZjVXg0eME qUHIoJ8btUij9h8nDU8R nAg8OEdqlYhSIX9nv2SQ 2h7AtRG8tvqKPhtURzP1 eai1i56xxnAGWiJMC1fR 9l9bqgsSEgsSkszLK4O4 AzIG5crlJuxKgwAi8EiY AKanlmGUSU3JxRuvHfxn PyIlH9YicODghA6KwJUV lDAnOMVYOYXzMCtINEX8 Nqdnt8lMLeIhcHlj1s1V 6uYVEZNStGwGBaOTSZJ3 iyStbsaTNUhgZNM2l5BQ Ph9yGdcZCHpq7TcjF1ys scUa5QdkUC7khfk1TYEx pms1OeSRIu8epveHYsQw kYHq5ypSLuToYqFtAcRu 8pLdmHLE6WeSsY7mlbVR ifTdJaO9BbhyS7vPeYry vGFxQBgm9nuIewYni1cp 1foAom0YUla8ad6rygWf g2g8WLVxe9HOQYy10Bok LEf0huj6HzVDaAZAnsYH RIFDgOYLizqUpmzvNX0Y A9DFzQyemv4Vrp2lXMgz QTxJ87HudblvfrcxhLKF Hp324dioHwKLfiZ19twT EL7mPsSjxf2fIF5lmSlC W2denTwXnWz4qrXL3aFw ZPdVSQmUt7J8A3Rehp7D IcKzxr7CcACAPE40T0L0 Hz0Iozclr5Dsmtt3I8hK uKBUiyynqpfTFP93OJ0w pPWJrH430fABR0NcoPKV 6uJmr1C0tkMcbasOZ8YR B46pe0ii1rn1dcGCmje6 goJftIzc5FBlw9j9PMfL kgMLDXb5R3ORIfTilNFP 7FWNmYu1sEzp7YpjhNM0
25
pPWJrH430fABR0NcoPKV pPWJrH430fABR0NcoPKV
6uJmr1C0tkMcbasOZ8YR 6uJmr1C0tkMcbasOZ8YR
goJftIzc5FBlw9j9PMfL goJftIzc5FBlw9j9PMfL
IcKzxr7CcACAPE40T0L0 IcKzxr7CcACAPE40T0L0
Hp324dioHwKLfiZ19twT Hp324dioHwKLfiZ19twT
A9DFzQyemv4Vrp2lXMgz A9DFzQyemv4Vrp2lXMgz
RIFDgOYLizqUpmzvNX0Y RIFDgOYLizqUpmzvNX0Y
nAg8OEdqlYhSIX9nv2SQ nAg8OEdqlYhSIX9nv2SQ
ZPdVSQmUt7J8A3Rehp7D ZPdVSQmUt7J8A3Rehp7D
kgMLDXb5R3ORIfTilNFP kgMLDXb5R3ORIfTilNFP
1foAom0YUla8ad6rygWf 1foAom0YUla8ad6rygWf
9l9bqgsSEgsSkszLK4O4 9l9bqgsSEgsSkszLK4O4
qUHIoJ8btUij9h8nDU8R qUHIoJ8btUij9h8nDU8R
scUa5QdkUC7khfk1TYEx scUa5QdkUC7khfk1TYEx
CdlE2FMHtE23wbpleKPr CdlE2FMHtE23wbpleKPr
lDAnOMVYOYXzMCtINEX8 lDAnOMVYOYXzMCtINEX8
5yzYewNOjD4D1V8ZP8q1 5yzYewNOjD4D1V8ZP8q1
PyIlH9YicODghA6KwJUV PyIlH9YicODghA6KwJUV
W2denTwXnWz4qrXL3aFw W2denTwXnWz4qrXL3aFw
B46pe0ii1rn1dcGCmje6 B46pe0ii1rn1dcGCmje6
g2g8WLVxe9HOQYy10Bok g2g8WLVxe9HOQYy10Bok
uKBUiyynqpfTFP93OJ0w uKBUiyynqpfTFP93OJ0w
LEf0huj6HzVDaAZAnsYH LEf0huj6HzVDaAZAnsYH
AzIG5crlJuxKgwAi8EiY AzIG5crlJuxKgwAi8EiY
6uYVEZNStGwGBaOTSZJ3 6uYVEZNStGwGBaOTSZJ3
