azv wcd eqx hbg mis rfl hse gei wpu cvb ryg cuv law rti zuz oqv ofa eqk aur txp hip hcc sca irv brw lko ubo yvc ipq itj ufa uvc uua hlc hwc xie qdo vxd yiy bgn dgw pzr ctf qpl gfr hsi gcr rcw xki zdi zdd jvc hob loz hyb bxq boc sau cib kxx ijd zwf vxn faq eqa mpw ovx ivp std dxm lmh wyg scm vfq qzx ccw cim mqu jwx taj dqy sob til whw uon rov ncc rgm hln uyd ykc gcw ydw pvt ihg pxx yqq cwq mtd yfq yfq mtd cwq yqq pxx ihg pvt ydw gcw ykc uyd hln rgm ncc rov uon whw til sob dqy taj jwx mqu cim ccw qzx vfq scm wyg lmh dxm std ivp ovx mpw eqa faq vxn zwf ijd kxx cib sau boc bxq hyb loz hob jvc zdd zdi xki rcw gcr hsi gfr qpl ctf pzr dgw bgn yiy vxd qdo xie hwc hlc uua uvc ufa itj ipq yvc ubo lko brw irv sca hcc hip txp aur eqk ofa oqv zuz rti law cuv ryg cvb wpu gei hse rfl mis hbg eqx wcd azv
50
gcw gcw
azv azv
yiy yiy
ipq ipq
lmh lmh
oqv oqv
pzr pzr
ovx ovx
rcw rcw
rfl rfl
jwx jwx
yvc yvc
zuz zuz
ijd ijd
ufa ufa
hwc hwc
hyb hyb
sau sau
scm scm
gfr gfr
rti rti
gei gei
xie xie
hsi hsi
ncc ncc
dqy dqy
jvc jvc
ctf ctf
cim cim
yfq yfq
vxn vxn
aur aur
cib cib
vfq vfq
rov rov
uua uua
boc boc
mis mis
qzx qzx
brw brw
mtd mtd
hlc hlc
mpw mpw
uyd uyd
hip hip
wcd wcd
cwq cwq
hcc hcc
eqa eqa
ivp ivp
