xse eah igs rrp jfh xme dkp uau vvn nis loj nxj ltf lqm xyl nii bod ckt ykt qiq brt owy vaz vzr xnr byu ksn fws gmq uuw ttw weo gzr wxx hks zkt bda naa zud ceo yug jwm kcv hxr agh nbi jam aft vmt ljd lwk njg mti eei ocp fzi hat aaj hbd qab gxs bse lrj vog nry jwx bow aii ruo nko dnl txq mok hmi mnp fjy zks mxv qbf hpx clj vmv qnj wvm sad qkp adx hnq nbk qjf shb fmr nhi nwn kpp jgt jom aeg ybr lvm fia qxs vpr qol tso yie xpy qzf tko bsc ymw qdz wyg svk cen wiy khu qdw gsy ryi nwc aeu miy vsl rtc uok cma tdu fin vnr fhv ogh wfn pjf nsw apk iqd uby hir ggo gfa fbk cun hjv vwg ptu hyo nyk bdh auf fyc xmg hcr kgl ask xjt kxn xxx qwk lfl bad rir kfu nmf idv ikb xeh bkg krr bnl zdb ksg vlb ojx vtd gbd pvs wbg dgl emz syk cek rjv vjd ckx ukv uwo ras phg odh rsg nvz gex lky nfr ygr ego ils tlh tlh fgp fgp ils ego ygr nfr lky gex nvz rsg odh phg ras uwo ukv ckx vjd rjv cek syk emz dgl wbg pvs gbd vtd ojx vlb ksg zdb bnl krr bkg xeh ikb idv nmf kfu rir bad lfl qwk xxx kxn xjt ask kgl hcr xmg fyc auf bdh nyk hyo ptu vwg hjv cun fbk gfa ggo hir uby iqd apk nsw pjf wfn ogh fhv vnr fin tdu cma uok rtc vsl miy aeu nwc ryi gsy qdw khu wiy cen svk wyg qdz ymw bsc tko qzf xpy yie tso qol vpr qxs fia lvm ybr aeg jom jgt kpp nwn nhi fmr shb qjf nbk hnq adx qkp sad wvm qnj vmv clj hpx qbf mxv zks fjy mnp hmi mok txq dnl nko ruo aii bow jwx nry vog lrj bse gxs qab hbd aaj hat fzi ocp eei mti njg lwk ljd vmt aft jam nbi agh hxr kcv jwm yug ceo zud naa bda zkt hks wxx gzr weo ttw uuw gmq fws ksn byu xnr vzr vaz owy brt qiq ykt ckt bod nii xyl lqm ltf nxj loj nis vvn uau dkp xme jfh rrp igs eah xse
99
cma cma
adx adx
ocp ocp
pvs pvs
fbk fbk
vtd vtd
cen cen
bda bda
aii aii
lrj lrj
uwo uwo
nii nii
mti mti
ybr ybr
ikb ikb
wyg wyg
xeh xeh
khu khu
vvn vvn
bdh bdh
mok mok
fin fin
vmv vmv
lvm lvm
nwc nwc
loj loj
fzi fzi
uau uau
miy miy
tdu tdu
fia fia
byu byu
hmi hmi
fhv fhv
uok uok
nfr nfr
qbf qbf
hcr hcr
phg phg
zud zud
hpx hpx
pjf pjf
wiy wiy
ttw ttw
cun cun
rtc rtc
nry nry
yug yug
ptu ptu
jgt jgt
lwk lwk
aeg aeg
nmf nmf
ckx ckx
zkt zkt
uuw uuw
nhi nhi
ogh ogh
krr krr
nko nko
qdw qdw
tso tso
kxn kxn
bod bod
xjt xjt
tko tko
vzr vzr
vwg vwg
dgl dgl
zdb zdb
ruo ruo
nsw nsw
rsg rsg
rjv rjv
fgp fgp
xme xme
ego ego
bnl bnl
gex gex
ukv ukv
emz emz
txq txq
kpp kpp
jam jam
fyc fyc
wbg wbg
qjf qjf
vmt vmt
jfh jfh
ksg ksg
kfu kfu
svk svk
ljd ljd
tlh tlh
qxs qxs
nvz nvz
idv idv
fjy fjy
ils ils
