zcf szm wrz roj njn jbg vch vep lfo oam evh kis vbj umf psl tnc vac cer yix mhz obv vya upz gbr hly rwk idl rve krj hcu jsh zbp rqh mcw ctp wij wcz aea txd mje wfa rga tyl rks qpe mmo nty nnf zao orc orc zao nnf nty mmo qpe rks tyl rga wfa mje txd aea wcz wij ctp mcw rqh zbp jsh hcu krj rve idl rwk hly gbr upz vya obv mhz yix cer vac tnc psl umf vbj kis evh oam lfo vep vch jbg njn roj wrz szm zcf
25
qpe qpe
oam oam
aea aea
rwk rwk
mcw mcw
vya vya
vac vac
yix yix
szm szm
wrz wrz
wfa wfa
idl idl
txd txd
rks rks
hcu hcu
umf umf
tyl tyl
wij wij
rga rga
lfo lfo
jsh jsh
upz upz
zcf zcf
vch vch
nnf nnf
