lQCi69J0eWVlNqqKnSXq fMvZCv2axIFhKiMGKmK5 6WjkeAWWKDbY507hYxDN GzTC6SyDfi06snBYRanw TULA7h1TJjCcU7b7ewMK XeZKiAoyYZL9P7yBThlM XeZKiAoyYZL9P7yBThlM pStp5oJ3mwz5HNV7VA81 pStp5oJ3mwz5HNV7VA81 2fRxkCAZVyHGHkq3Bl9E CR5QbErmAVyIHQJyDFi9 CR5QbErmAVyIHQJyDFi9 r3dhOjzNOGrPmQjmHU4D zbjpBk6LD1KcRmfqCimG zbjpBk6LD1KcRmfqCimG Ov5tQy1KeHsti8dfTOIQ sAR5WnnNshpkwOniAudb sAR5WnnNshpkwOniAudb ivkDNojPLqpGb4cpDTON yXTGXN4mJmD1MMnwU5DV yXTGXN4mJmD1MMnwU5DV sNxtKpoSG9BFpERxjNr1 24jW8KIc1KJpj5ibhLpV E91XnzjC8fk7WmI2LnAz EP0h2hGKZhLlRDvb1dHn m3HnuJcMZr0UjXE6y0Yj m3HnuJcMZr0UjXE6y0Yj lfvGd547iXhkHQ8AjYpO lfvGd547iXhkHQ8AjYpO wlKpBtU5YVdE9Uq6V4z5 vnCWjVmMdmciaoCYnqW8 vnCWjVmMdmciaoCYnqW8 Ts2UPoejx7dwuInV9kms Ts2UPoejx7dwuInV9kms kdGczSrviM1C416w1kdh kdGczSrviM1C416w1kdh HdqcKlipoTYMzJchffld G1Ecvcz8fZufY9CV0J2K G1Ecvcz8fZufY9CV0J2K IR7mOQhWXsCDKM4Cc4wS IR7mOQhWXsCDKM4Cc4wS yytanXsBcYsWB0S4zr6x 0LTuG9BRd9b62kO39lM2 0LTuG9BRd9b62kO39lM2 0jsnTC6pUdifVPvCGLLe 0jsnTC6pUdifVPvCGLLe TDEVUkFlcjUpqrP6Bynx TDEVUkFlcjUpqrP6Bynx 5j3nVbxEAEFTUe3GDbN0 76IyG9JBAhW2KiBt5QKY 76IyG9JBAhW2KiBt5QKY z8GF8LystXVXiuprVyTh z8GF8LystXVXiuprVyTh 9ZAwlDiWc0OkYVLdPP18 9ZAwlDiWc0OkYVLdPP18 5j3nVbxEAEFTUe3GDbN0 yytanXsBcYsWB0S4zr6x h4lv4AWoIyOY4fsmP5xB h4lv4AWoIyOY4fsmP5xB HdqcKlipoTYMzJchffld wlKpBtU5YVdE9Uq6V4z5 Q6Q14vRaFSx82FDA8F9j Q6Q14vRaFSx82FDA8F9j EP0h2hGKZhLlRDvb1dHn E91XnzjC8fk7WmI2LnAz 24jW8KIc1KJpj5ibhLpV NdzV8TNRFhnjMNZlaGI4 NdzV8TNRFhnjMNZlaGI4 dSR37cF2irO0NLfFwZy0 dSR37cF2irO0NLfFwZy0 55xYloQMeVs9kVzx8cN5 55xYloQMeVs9kVzx8cN5 sNxtKpoSG9BFpERxjNr1 aAHnKpmemgrMwy9POpn9 aAHnKpmemgrMwy9POpn9 V6XJoCUDWAqZklsSLeM6 V6XJoCUDWAqZklsSLeM6 ivkDNojPLqpGb4cpDTON jsvSfTN8RLw8M7n8jb8D jsvSfTN8RLw8M7n8jb8D Rl9sd4PENsPVd55C9qNS Rl9sd4PENsPVd55C9qNS Ov5tQy1KeHsti8dfTOIQ 5RtoZI2od7I5NUCXiQ20 5RtoZI2od7I5NUCXiQ20 ji2Hl3ZRuTNdz55QI9iS ji2Hl3ZRuTNdz55QI9iS r3dhOjzNOGrPmQjmHU4D zdGOEur0Se3VWD6mlq5H zdGOEur0Se3VWD6mlq5H AeT8ezBVfSNgGpCCNvM1 AeT8ezBVfSNgGpCCNvM1 2fRxkCAZVyHGHkq3Bl9E u4CAydwAhszp7tM3ILy0 u4CAydwAhszp7tM3ILy0 TULA7h1TJjCcU7b7ewMK sC8YSc2m8uVyLGRtJAJm sC8YSc2m8uVyLGRtJAJm sX8C3CP6kza3VNKEcdNn sX8C3CP6kza3VNKEcdNn tqCzeJHrHXSMuAlQdk95 tqCzeJHrHXSMuAlQdk95 GzTC6SyDfi06snBYRanw 6WjkeAWWKDbY507hYxDN fMvZCv2axIFhKiMGKmK5 lQCi69J0eWVlNqqKnSXq
36
sX8C3CP6kza3VNKEcdNn sX8C3CP6kza3VNKEcdNn
sC8YSc2m8uVyLGRtJAJm sC8YSc2m8uVyLGRtJAJm
tqCzeJHrHXSMuAlQdk95 tqCzeJHrHXSMuAlQdk95
aAHnKpmemgrMwy9POpn9 aAHnKpmemgrMwy9POpn9
V6XJoCUDWAqZklsSLeM6 V6XJoCUDWAqZklsSLeM6
yXTGXN4mJmD1MMnwU5DV yXTGXN4mJmD1MMnwU5DV
zdGOEur0Se3VWD6mlq5H zdGOEur0Se3VWD6mlq5H
CR5QbErmAVyIHQJyDFi9 CR5QbErmAVyIHQJyDFi9
AeT8ezBVfSNgGpCCNvM1 AeT8ezBVfSNgGpCCNvM1
zbjpBk6LD1KcRmfqCimG zbjpBk6LD1KcRmfqCimG
ji2Hl3ZRuTNdz55QI9iS ji2Hl3ZRuTNdz55QI9iS
5RtoZI2od7I5NUCXiQ20 5RtoZI2od7I5NUCXiQ20
m3HnuJcMZr0UjXE6y0Yj m3HnuJcMZr0UjXE6y0Yj
Q6Q14vRaFSx82FDA8F9j Q6Q14vRaFSx82FDA8F9j
lfvGd547iXhkHQ8AjYpO lfvGd547iXhkHQ8AjYpO
u4CAydwAhszp7tM3ILy0 u4CAydwAhszp7tM3ILy0
XeZKiAoyYZL9P7yBThlM XeZKiAoyYZL9P7yBThlM
pStp5oJ3mwz5HNV7VA81 pStp5oJ3mwz5HNV7VA81
vnCWjVmMdmciaoCYnqW8 vnCWjVmMdmciaoCYnqW8
Ts2UPoejx7dwuInV9kms Ts2UPoejx7dwuInV9kms
kdGczSrviM1C416w1kdh kdGczSrviM1C416w1kdh
TDEVUkFlcjUpqrP6Bynx TDEVUkFlcjUpqrP6Bynx
0jsnTC6pUdifVPvCGLLe 0jsnTC6pUdifVPvCGLLe
0LTuG9BRd9b62kO39lM2 0LTuG9BRd9b62kO39lM2
55xYloQMeVs9kVzx8cN5 55xYloQMeVs9kVzx8cN5
NdzV8TNRFhnjMNZlaGI4 NdzV8TNRFhnjMNZlaGI4
dSR37cF2irO0NLfFwZy0 dSR37cF2irO0NLfFwZy0
h4lv4AWoIyOY4fsmP5xB h4lv4AWoIyOY4fsmP5xB
G1Ecvcz8fZufY9CV0J2K G1Ecvcz8fZufY9CV0J2K
IR7mOQhWXsCDKM4Cc4wS IR7mOQhWXsCDKM4Cc4wS
Rl9sd4PENsPVd55C9qNS Rl9sd4PENsPVd55C9qNS
sAR5WnnNshpkwOniAudb sAR5WnnNshpkwOniAudb
jsvSfTN8RLw8M7n8jb8D jsvSfTN8RLw8M7n8jb8D
76IyG9JBAhW2KiBt5QKY 76IyG9JBAhW2KiBt5QKY
z8GF8LystXVXiuprVyTh z8GF8LystXVXiuprVyTh
9ZAwlDiWc0OkYVLdPP18 9ZAwlDiWc0OkYVLdPP18
