hPu8gSdqC1fZEkInO0q9 ENxmswyrKFmx6kenE2Ot xTg7smxupTP0EfFF0Jhg C698hj2Bus2KRUFa53xW C698hj2Bus2KRUFa53xW tmqnroGeRzvHSd9X0nsq tmqnroGeRzvHSd9X0nsq ipp1BrlTIal0l1wf04Um hTiyKKyMtq8yoZF0F5lw hTiyKKyMtq8yoZF0F5lw iY64BD0STRTt9gG7s3kA iY64BD0STRTt9gG7s3kA zf2EL3gQqScQND52xgkE 47OyaOtNkNMU4RwoZNXy 47OyaOtNkNMU4RwoZNXy 2RPq429Qqqpk0YfzM7uQ 2RPq429Qqqpk0YfzM7uQ 7l3db2hmRfxA3KMyMHn1 R9OX2txDl9RaCUmzXW22 R9OX2txDl9RaCUmzXW22 IvZlJGmCbDfI5jQjCLV2 IvZlJGmCbDfI5jQjCLV2 stfatR7FM6aPEWFnZzW2 stfatR7FM6aPEWFnZzW2 HGIhnJcMMSfxvA7ItBsn WfKhq9dfinuqIEpTEKsZ WfKhq9dfinuqIEpTEKsZ PdmDDQrmmNXkYuo3lKOz PdmDDQrmmNXkYuo3lKOz hbf4nZBaM0GBpPNJW5JM hbf4nZBaM0GBpPNJW5JM HGIhnJcMMSfxvA7ItBsn 7l3db2hmRfxA3KMyMHn1 pfAddEEZq7DCnrgaqBKJ pfAddEEZq7DCnrgaqBKJ zf2EL3gQqScQND52xgkE FoU0FrxN3lCEjhqRp6qT FoU0FrxN3lCEjhqRp6qT ipp1BrlTIal0l1wf04Um Ct9vpuIosiwapRlvtuLv Ct9vpuIosiwapRlvtuLv xTg7smxupTP0EfFF0Jhg oTF4cgCIBAQLOH76IKhg oTF4cgCIBAQLOH76IKhg f274IEB34TajoliS0F2L f274IEB34TajoliS0F2L w0gPzUohZhepExNzozjo w0gPzUohZhepExNzozjo ENxmswyrKFmx6kenE2Ot hPu8gSdqC1fZEkInO0q9
18
pfAddEEZq7DCnrgaqBKJ pfAddEEZq7DCnrgaqBKJ
2RPq429Qqqpk0YfzM7uQ 2RPq429Qqqpk0YfzM7uQ
47OyaOtNkNMU4RwoZNXy 47OyaOtNkNMU4RwoZNXy
hTiyKKyMtq8yoZF0F5lw hTiyKKyMtq8yoZF0F5lw
iY64BD0STRTt9gG7s3kA iY64BD0STRTt9gG7s3kA
FoU0FrxN3lCEjhqRp6qT FoU0FrxN3lCEjhqRp6qT
PdmDDQrmmNXkYuo3lKOz PdmDDQrmmNXkYuo3lKOz
hbf4nZBaM0GBpPNJW5JM hbf4nZBaM0GBpPNJW5JM
WfKhq9dfinuqIEpTEKsZ WfKhq9dfinuqIEpTEKsZ
R9OX2txDl9RaCUmzXW22 R9OX2txDl9RaCUmzXW22
stfatR7FM6aPEWFnZzW2 stfatR7FM6aPEWFnZzW2
IvZlJGmCbDfI5jQjCLV2 IvZlJGmCbDfI5jQjCLV2
tmqnroGeRzvHSd9X0nsq tmqnroGeRzvHSd9X0nsq
Ct9vpuIosiwapRlvtuLv Ct9vpuIosiwapRlvtuLv
C698hj2Bus2KRUFa53xW C698hj2Bus2KRUFa53xW
f274IEB34TajoliS0F2L f274IEB34TajoliS0F2L
oTF4cgCIBAQLOH76IKhg oTF4cgCIBAQLOH76IKhg
w0gPzUohZhepExNzozjo w0gPzUohZhepExNzozjo
