zMnoKpsz12d1Y6CixoCL vPVOeWczn8eJlf3Gviol BKvWsgveG3lQHgeNBv62 ybqDdUoaPknlNwzZFeto kHWDWFJURX8TBbDnLSlR JOo21iuZtHvP9sSModQZ oDA5VKbLZuTPP2ZEB14d oDA5VKbLZuTPP2ZEB14d UkKARQyd3ZxfrQwOeW0R jS5XJP3bXemMgWyvfsmt TuA4wNSOMjTMUxZ5fZWx dakEfF8eF1B4IYsSGGLe 9XhdonQsTDmLQknJ4xeP 9XhdonQsTDmLQknJ4xeP yE3wNgUIJB0oZwUjLCMo yE3wNgUIJB0oZwUjLCMo B56U06r3nz3RZaXVmiK2 xBNbU9Yu51mQvClxjQdr xBNbU9Yu51mQvClxjQdr IcoYVabhkC8yNYJgy44V dBvruVRsFq4ihmzPj7nf dBvruVRsFq4ihmzPj7nf OcyqfDTyG7wfT1rvpitz G6KTAOxQU8MNiSLazU1t G6KTAOxQU8MNiSLazU1t g6l3PryZJRSAXJGUyq22 RvFA5khunRjN3Z7dmUKr RvFA5khunRjN3Z7dmUKr e7oVwvEXzQVG9DeK8uQS WCUwzDEkBlRrgSeSv9vv fat0ktgmwPXvqLhmWfJ0 YqOJXOtRcgzFFRGKRutM QHym2s92VJ8ycxMeFawz KP4zLIZ5LMWJ6mkRn6BX KP4zLIZ5LMWJ6mkRn6BX pkPHvGrHHriGlmiL3mRW pkPHvGrHHriGlmiL3mRW 5jE3DcSbPJWRITx0u2Kf NieXnWTTyXxCRp5CSl0i NieXnWTTyXxCRp5CSl0i gM8AHyLc0ZjUxmDMuXzJ gM8AHyLc0ZjUxmDMuXzJ M3MAG2lM6nUmTjQ3nD4D EFVi1RMWM28DYYdOxVze LBRpsuMfPp9LEzGTlw5t dgvhUwh5BJRBJnc00LMu RLriJ3z2V3NV2Vo1oURR LdDKuyalK5FXEd1h8XJt 73GclC6XOTCjqTwHSUFH PVcbdr9b4cXQbbu8InjK tXtX3vcLWOYDJBh3QgZt 1Tm2BSSz9mj8o3m9o0TB ZcpnIKUrL8i4GzxAolZX ZcpnIKUrL8i4GzxAolZX 5VNO6t8qAcR3d5jJgfi4 5VNO6t8qAcR3d5jJgfi4 GhNWfyijkz8OKJbptIGO lcq8BXTLE4WDnj4JF3yo lcq8BXTLE4WDnj4JF3yo RIRtIJewArUY7i7A6OEl szEChRtMF49nUq5i634G szEChRtMF49nUq5i634G FqxzURcIHYyg2FOpiXCN FqxzURcIHYyg2FOpiXCN hH5yU5IgxmmStVnXEBJ1 oougNPfNRCSRCWJrOUlb oougNPfNRCSRCWJrOUlb 3mTCmcCkVhhFn533BM03 3mTCmcCkVhhFn533BM03 Y2BEa9hp0T63SlTWXenG Y2BEa9hp0T63SlTWXenG FwLnZPETaUkrkp7dE0hH ZvocIzADG7dBR58wmnu8 ZvocIzADG7dBR58wmnu8 KBGTLYOWLSviflcWwd9y KBGTLYOWLSviflcWwd9y 9c21VhIQJbtu6kG4NZT4 9c21VhIQJbtu6kG4NZT4 oJor9EUgXhaXPDmChml7 FDT7h4JKMRWa9fcDNmXs FDT7h4JKMRWa9fcDNmXs TzlCRBgA0Q2cCjETm7Vx TzlCRBgA0Q2cCjETm7Vx C3qGKxHtliSTI7oOnHoB C3qGKxHtliSTI7oOnHoB hzqXRQPGO5tnMpQYDdxn XKYNaFpYuIx7Zx7vNANa XKYNaFpYuIx7Zx7vNANa bclRgmmOqfg3PHQz06qB bclRgmmOqfg3PHQz06qB 8s4ukhLgGBoor0D87KUr 8s4ukhLgGBoor0D87KUr 50qWynRev5CSErzk8Yih 3fQHkf8pseCy7Ys4Kez5 3fQHkf8pseCy7Ys4Kez5 Vkpfkc0JUDpakJkZipKD Vkpfkc0JUDpakJkZipKD QTgsp1BfPDsixeeH6QUT QTgsp1BfPDsixeeH6QUT BVbv363irLjfCXrWQjqn nfdt04yvrwrpPVPzIy2c nfdt04yvrwrpPVPzIy2c MDHuBmBbeFOGqzpuNmVz MDHuBmBbeFOGqzpuNmVz 34ScKN0pHkNmnxdkoIOC 34ScKN0pHkNmnxdkoIOC BVbv363irLjfCXrWQjqn 50qWynRev5CSErzk8Yih hzqXRQPGO5tnMpQYDdxn oJor9EUgXhaXPDmChml7 FwLnZPETaUkrkp7dE0hH hH5yU5IgxmmStVnXEBJ1 cthtNVKVABeolrPabegT cthtNVKVABeolrPabegT RIRtIJewArUY7i7A6OEl VxRxz5foWagBafuSz1m4 VxRxz5foWagBafuSz1m4 EvdCmEq3CXPDtnZYkiVu EvdCmEq3CXPDtnZYkiVu GhNWfyijkz8OKJbptIGO 07iKiKtYzy9bLoKUo0ve 07iKiKtYzy9bLoKUo0ve 1Tm2BSSz9mj8o3m9o0TB WErCaTW8MMgw3ZAta1gT hdXOmxRAbu0HN40emwgb hdXOmxRAbu0HN40emwgb WErCaTW8MMgw3ZAta1gT tXtX3vcLWOYDJBh3QgZt PVcbdr9b4cXQbbu8InjK 73GclC6XOTCjqTwHSUFH LdDKuyalK5FXEd1h8XJt RLriJ3z2V3NV2Vo1oURR dgvhUwh5BJRBJnc00LMu LBRpsuMfPp9LEzGTlw5t EFVi1RMWM28DYYdOxVze GfpGWz1SaDeisCQVEJrI GfpGWz1SaDeisCQVEJrI z2nBS9pweVYpDmW0fMRS z2nBS9pweVYpDmW0fMRS PrzulPuk0tqiNKmdjp0X PrzulPuk0tqiNKmdjp0X M3MAG2lM6nUmTjQ3nD4D 9q9h29089dBsNERnjXsd 9q9h29089dBsNERnjXsd 5jE3DcSbPJWRITx0u2Kf QFT8yfDPa0xDNdRMchX3 QFT8yfDPa0xDNdRMchX3 QHym2s92VJ8ycxMeFawz Ryx97mzVLWHytqmLAKlJ Ryx97mzVLWHytqmLAKlJ HAc1Ylu9mrUmnheKISnK HAc1Ylu9mrUmnheKISnK JPD2uBroiElzO4z72vhQ JPD2uBroiElzO4z72vhQ YqOJXOtRcgzFFRGKRutM qSLkk45Evo68Y4JhMUq7 qSLkk45Evo68Y4JhMUq7 mUERvxQcAO2XlgBTPRGA mUERvxQcAO2XlgBTPRGA mNuLv0WHsIRpWEdSUREd mNuLv0WHsIRpWEdSUREd fat0ktgmwPXvqLhmWfJ0 5cjkSqVe5mFfFhCgwe8r 5cjkSqVe5mFfFhCgwe8r ofmz95sRAyIS0ShQndvb ofmz95sRAyIS0ShQndvb 15e7umNMnawEegsOhkYh 15e7umNMnawEegsOhkYh WCUwzDEkBlRrgSeSv9vv ARorC1kPdEun4czh3dmX ARorC1kPdEun4czh3dmX bUGtOHLCdzsNiRxcLtaT bUGtOHLCdzsNiRxcLtaT olgHJpCT79b6HED7FUWa olgHJpCT79b6HED7FUWa e7oVwvEXzQVG9DeK8uQS Armxs904ujfdAYn9LtOF Armxs904ujfdAYn9LtOF 2DqN6NYyebkVczAnrbNI 2DqN6NYyebkVczAnrbNI g6l3PryZJRSAXJGUyq22 sNJuS4R6b6KAUX5QI4md sNJuS4R6b6KAUX5QI4md uqAmYQiu3O0THeAaPzKH uqAmYQiu3O0THeAaPzKH OcyqfDTyG7wfT1rvpitz GaG5DAqLVuTD09GfUl6l GaG5DAqLVuTD09GfUl6l U8fsnzMIN4aMdzToihTq U8fsnzMIN4aMdzToihTq IcoYVabhkC8yNYJgy44V MyPRIiIVlLarPoP5nZfy MyPRIiIVlLarPoP5nZfy Y0dqIYSR4P9Br1Cq3f9U Y0dqIYSR4P9Br1Cq3f9U B56U06r3nz3RZaXVmiK2 YIAlamFOfZeHd5qDll32 YIAlamFOfZeHd5qDll32 dakEfF8eF1B4IYsSGGLe WdpiLe9uZpnuS9WMphYw WdpiLe9uZpnuS9WMphYw jdgXkfbupFQ0XUNJEyvU jdgXkfbupFQ0XUNJEyvU JzMVZjOikutQZg00S8wX JzMVZjOikutQZg00S8wX TuA4wNSOMjTMUxZ5fZWx ZSg6FSZaRCTLmeHoLgMI ZSg6FSZaRCTLmeHoLgMI CcIlGrru613gqyngyuYo CcIlGrru613gqyngyuYo Vv2apUMOUSvB9J5u8yJr Vv2apUMOUSvB9J5u8yJr jS5XJP3bXemMgWyvfsmt u91JdIwHTd2zumpXCvmK u91JdIwHTd2zumpXCvmK JKKWZrMfMDLTYQt6t5Ap JKKWZrMfMDLTYQt6t5Ap OMLAPgVr1RosMrpENk9K OMLAPgVr1RosMrpENk9K UkKARQyd3ZxfrQwOeW0R T7hLF9jTtc4htoAH0PWD T7hLF9jTtc4htoAH0PWD QmCq2RCVgnssPOgSwAr8 QmCq2RCVgnssPOgSwAr8 JOo21iuZtHvP9sSModQZ dUDrtIP8WIldh2FT7uba dUDrtIP8WIldh2FT7uba W8ft2Hcg1VXPVNTpprS3 W8ft2Hcg1VXPVNTpprS3 mTYxpEwVJTp369cmBN7S mTYxpEwVJTp369cmBN7S kHWDWFJURX8TBbDnLSlR FHGlzd4VlMUVjTba9Qjm FHGlzd4VlMUVjTba9Qjm WELPo1XEQnG4JejlB13A WELPo1XEQnG4JejlB13A z6gtkXCB2ntSiYsjrque z6gtkXCB2ntSiYsjrque ybqDdUoaPknlNwzZFeto BKvWsgveG3lQHgeNBv62 vPVOeWczn8eJlf3Gviol zMnoKpsz12d1Y6CixoCL
81
mNuLv0WHsIRpWEdSUREd mNuLv0WHsIRpWEdSUREd
mUERvxQcAO2XlgBTPRGA mUERvxQcAO2XlgBTPRGA
qSLkk45Evo68Y4JhMUq7 qSLkk45Evo68Y4JhMUq7
ZcpnIKUrL8i4GzxAolZX ZcpnIKUrL8i4GzxAolZX
07iKiKtYzy9bLoKUo0ve 07iKiKtYzy9bLoKUo0ve
5VNO6t8qAcR3d5jJgfi4 5VNO6t8qAcR3d5jJgfi4
olgHJpCT79b6HED7FUWa olgHJpCT79b6HED7FUWa
ARorC1kPdEun4czh3dmX ARorC1kPdEun4czh3dmX
bUGtOHLCdzsNiRxcLtaT bUGtOHLCdzsNiRxcLtaT
ZvocIzADG7dBR58wmnu8 ZvocIzADG7dBR58wmnu8
9c21VhIQJbtu6kG4NZT4 9c21VhIQJbtu6kG4NZT4
KBGTLYOWLSviflcWwd9y KBGTLYOWLSviflcWwd9y
u91JdIwHTd2zumpXCvmK u91JdIwHTd2zumpXCvmK
OMLAPgVr1RosMrpENk9K OMLAPgVr1RosMrpENk9K
JKKWZrMfMDLTYQt6t5Ap JKKWZrMfMDLTYQt6t5Ap
PrzulPuk0tqiNKmdjp0X PrzulPuk0tqiNKmdjp0X
GfpGWz1SaDeisCQVEJrI GfpGWz1SaDeisCQVEJrI
z2nBS9pweVYpDmW0fMRS z2nBS9pweVYpDmW0fMRS
CcIlGrru613gqyngyuYo CcIlGrru613gqyngyuYo
Vv2apUMOUSvB9J5u8yJr Vv2apUMOUSvB9J5u8yJr
ZSg6FSZaRCTLmeHoLgMI ZSg6FSZaRCTLmeHoLgMI
KP4zLIZ5LMWJ6mkRn6BX KP4zLIZ5LMWJ6mkRn6BX
QFT8yfDPa0xDNdRMchX3 QFT8yfDPa0xDNdRMchX3
pkPHvGrHHriGlmiL3mRW pkPHvGrHHriGlmiL3mRW
dBvruVRsFq4ihmzPj7nf dBvruVRsFq4ihmzPj7nf
GaG5DAqLVuTD09GfUl6l GaG5DAqLVuTD09GfUl6l
U8fsnzMIN4aMdzToihTq U8fsnzMIN4aMdzToihTq
NieXnWTTyXxCRp5CSl0i NieXnWTTyXxCRp5CSl0i
gM8AHyLc0ZjUxmDMuXzJ gM8AHyLc0ZjUxmDMuXzJ
9q9h29089dBsNERnjXsd 9q9h29089dBsNERnjXsd
RvFA5khunRjN3Z7dmUKr RvFA5khunRjN3Z7dmUKr
2DqN6NYyebkVczAnrbNI 2DqN6NYyebkVczAnrbNI
Armxs904ujfdAYn9LtOF Armxs904ujfdAYn9LtOF
oDA5VKbLZuTPP2ZEB14d oDA5VKbLZuTPP2ZEB14d
T7hLF9jTtc4htoAH0PWD T7hLF9jTtc4htoAH0PWD
QmCq2RCVgnssPOgSwAr8 QmCq2RCVgnssPOgSwAr8
3mTCmcCkVhhFn533BM03 3mTCmcCkVhhFn533BM03
oougNPfNRCSRCWJrOUlb oougNPfNRCSRCWJrOUlb
Y2BEa9hp0T63SlTWXenG Y2BEa9hp0T63SlTWXenG
nfdt04yvrwrpPVPzIy2c nfdt04yvrwrpPVPzIy2c
MDHuBmBbeFOGqzpuNmVz MDHuBmBbeFOGqzpuNmVz
34ScKN0pHkNmnxdkoIOC 34ScKN0pHkNmnxdkoIOC
Y0dqIYSR4P9Br1Cq3f9U Y0dqIYSR4P9Br1Cq3f9U
MyPRIiIVlLarPoP5nZfy MyPRIiIVlLarPoP5nZfy
xBNbU9Yu51mQvClxjQdr xBNbU9Yu51mQvClxjQdr
FHGlzd4VlMUVjTba9Qjm FHGlzd4VlMUVjTba9Qjm
WELPo1XEQnG4JejlB13A WELPo1XEQnG4JejlB13A
z6gtkXCB2ntSiYsjrque z6gtkXCB2ntSiYsjrque
XKYNaFpYuIx7Zx7vNANa XKYNaFpYuIx7Zx7vNANa
8s4ukhLgGBoor0D87KUr 8s4ukhLgGBoor0D87KUr
bclRgmmOqfg3PHQz06qB bclRgmmOqfg3PHQz06qB
cthtNVKVABeolrPabegT cthtNVKVABeolrPabegT
szEChRtMF49nUq5i634G szEChRtMF49nUq5i634G
FqxzURcIHYyg2FOpiXCN FqxzURcIHYyg2FOpiXCN
lcq8BXTLE4WDnj4JF3yo lcq8BXTLE4WDnj4JF3yo
EvdCmEq3CXPDtnZYkiVu EvdCmEq3CXPDtnZYkiVu
VxRxz5foWagBafuSz1m4 VxRxz5foWagBafuSz1m4
TzlCRBgA0Q2cCjETm7Vx TzlCRBgA0Q2cCjETm7Vx
C3qGKxHtliSTI7oOnHoB C3qGKxHtliSTI7oOnHoB
FDT7h4JKMRWa9fcDNmXs FDT7h4JKMRWa9fcDNmXs
yE3wNgUIJB0oZwUjLCMo yE3wNgUIJB0oZwUjLCMo
9XhdonQsTDmLQknJ4xeP 9XhdonQsTDmLQknJ4xeP
YIAlamFOfZeHd5qDll32 YIAlamFOfZeHd5qDll32
QTgsp1BfPDsixeeH6QUT QTgsp1BfPDsixeeH6QUT
Vkpfkc0JUDpakJkZipKD Vkpfkc0JUDpakJkZipKD
3fQHkf8pseCy7Ys4Kez5 3fQHkf8pseCy7Ys4Kez5
ofmz95sRAyIS0ShQndvb ofmz95sRAyIS0ShQndvb
15e7umNMnawEegsOhkYh 15e7umNMnawEegsOhkYh
5cjkSqVe5mFfFhCgwe8r 5cjkSqVe5mFfFhCgwe8r
jdgXkfbupFQ0XUNJEyvU jdgXkfbupFQ0XUNJEyvU
JzMVZjOikutQZg00S8wX JzMVZjOikutQZg00S8wX
WdpiLe9uZpnuS9WMphYw WdpiLe9uZpnuS9WMphYw
sNJuS4R6b6KAUX5QI4md sNJuS4R6b6KAUX5QI4md
G6KTAOxQU8MNiSLazU1t G6KTAOxQU8MNiSLazU1t
uqAmYQiu3O0THeAaPzKH uqAmYQiu3O0THeAaPzKH
W8ft2Hcg1VXPVNTpprS3 W8ft2Hcg1VXPVNTpprS3
mTYxpEwVJTp369cmBN7S mTYxpEwVJTp369cmBN7S
dUDrtIP8WIldh2FT7uba dUDrtIP8WIldh2FT7uba
JPD2uBroiElzO4z72vhQ JPD2uBroiElzO4z72vhQ
HAc1Ylu9mrUmnheKISnK HAc1Ylu9mrUmnheKISnK
Ryx97mzVLWHytqmLAKlJ Ryx97mzVLWHytqmLAKlJ
