Encanto Brookdale Calaveras Balsdon Banning Meyers Ames Woffard Laguna Clayton Carmel Oildale Warner Fiorini Ida Kentfield Oceanside Ramona Potrero Hume Santa Richvale Greenwood Kern Garden Smoke Linden Moores Sacramento Vista Rossmoor Fremont Boulevard Elmira Old Colonnade Huron Delta Presidio 18th Aguanga Welden Sherman All Home Chinese Merced Robertsville Campbell Yurok Foothills Granite Bangor South New Los Chittenden City Riverside Quail Yubadocs Manzanita Helm McAuley Pumpkin Alpaugh Two Cypress Mount Roseland Homestead Woodbridge Dayton Clark Veterans Crafton Cherokee Portola Vernon Mission Costa Glencoe Carnelian Jane Moccasin Armstrong Green Shafter Coachella Long San Lost Iowa Beach Forest Castle Willow Bonita Cabbage Cabbage Bonita Willow Marina Marina Castle Forest Beach Iowa Lost San Long Coachella Shafter Green Armstrong Moccasin Jane Carnelian Glencoe Costa Mission Vernon Portola Cherokee Crafton Veterans Clark Dayton Woodbridge Homestead Roseland Mount Cypress Two Alpaugh Pumpkin McAuley Helm Manzanita Yubadocs Quail Riverside City Chittenden Los New South Bangor Granite Foothills Yurok Campbell Robertsville Merced Chinese Home All Sherman Welden Aguanga 18th Presidio Delta Huron Colonnade Old Elmira Boulevard Fremont Rossmoor Vista Sacramento Moores Linden Smoke Garden Kern Greenwood Richvale Santa Hume Potrero Ramona Oceanside Kentfield Ida Fiorini Warner Oildale Carmel Clayton Laguna Woffard Ames Meyers Banning Balsdon Calaveras Brookdale Encanto
50
Cherokee Cherokee
Kentfield Kentfield
Banning Banning
Vernon Vernon
Bonita Bonita
Forest Forest
Vista Vista
Laguna Laguna
Homestead Homestead
Willow Willow
Foothills Foothills
Moccasin Moccasin
Two Two
Beach Beach
Presidio Presidio
Sherman Sherman
All All
Richvale Richvale
Kern Kern
Woodbridge Woodbridge
Yurok Yurok
Cabbage Cabbage
Glencoe Glencoe
Jane Jane
Welden Welden
Mount Mount
Elmira Elmira
Warner Warner
Shafter Shafter
Los Los
Ames Ames
City City
Quail Quail
Santa Santa
Granite Granite
Clayton Clayton
Garden Garden
Chinese Chinese
Woffard Woffard
Alpaugh Alpaugh
Pumpkin Pumpkin
Delta Delta
Costa Costa
Encanto Encanto
Ramona Ramona
Riverside Riverside
Smoke Smoke
Cypress Cypress
McAuley McAuley
Green Green
