Potrero Calaveras Balsdon Brookdale Meyers Clayton Banning Woffard Laguna Ames Carmel Warner Kentfield Oildale Fiorini Oceanside Ramona Ida Greenwood Rossmoor Moores Hume Santa Richvale Smoke Garden Sacramento Kern Huron Fremont Linden Delta Aguanga Vista Elmira Boulevard Colonnade Presidio 18th Sherman Old All Welden Home Chinese Merced Merced Chinese Campbell Granite Yurok Foothills Foothills Yurok Granite Campbell Home Welden All Old Sherman 18th Presidio Colonnade Boulevard Elmira Vista Aguanga Delta Linden Fremont Huron Kern Sacramento Garden Smoke Richvale Santa Hume Moores Rossmoor Greenwood Ida Ramona Oceanside Fiorini Oildale Kentfield Warner Carmel Ames Laguna Woffard Banning Clayton Meyers Brookdale Balsdon Calaveras Potrero
25
Balsdon Balsdon
Chinese Chinese
All All
Hume Hume
Carmel Carmel
Warner Warner
Oceanside Oceanside
Linden Linden
Clayton Clayton
Boulevard Boulevard
Ida Ida
Calaveras Calaveras
Merced Merced
Potrero Potrero
18th 18th
Meyers Meyers
Fiorini Fiorini
Fremont Fremont
Banning Banning
Laguna Laguna
Santa Santa
Ames Ames
Smoke Smoke
Richvale Richvale
Woffard Woffard
