Vernon Castle California Stanton City Carnelian Portola Forbestown Cerro Sunny Terra Sherman Boulevard Rough Veterans Industry Jane Balboa Capuchino Alameda Strawberry Yankee Bonita Oildale Chinese El All Garcia Richvale Susan Clipper Garden Wallace Olivehurst Singing Lincoln Sacramento Forest Nicolaus Kaiser Donner Chittenden Ellis Cherokee Alamo Kentfield Brundage Hammer Ida Lost Fullerton Timbuctoo Bodad Foothills Palomar Stockdale Cypress Calexico Bodfish Del Dulzura Dutch Stanislaus Glennville Boulder Clayton Coachella Saint Crestmont Chowchilla Ritter Newark Anaheim South King Hoffman Lebec Butte Armstrong Temecula Jamul Skydive Louis Cahuilla Delta Rowland Davis Mecca Durham Livingston La Hume Fox Roseland Industrial Manzanita Helm Bandini Beach Yale Inaja Vallecito Lake Hub Cambridge Bonny Blue Bradley Ophir Colonnade Glencoe Marina Princeton Meyers Magic Stone Banning Winterhaven Buena Smith Bangor Aptos Fiorini Sequoia Manker Fremont Pleasant Bell Grasslands Coulterville Bristol Quail Presidio Smartsville Tijuana Dayton Tuxedo Flinn Cudahy Ames Northern Moores Fountain Parchester Ramona Downtown East Chicken Calaveras Davenport Ballena Commonwealth Mount Costa Pumpkin Marshall Jacumba Welwood San Artesia Patrick Coddingtown Smoke Willow New Collins Civic Yurok Madera Le Santa Yubadocs Cressey Escalon Delano Robertsville Homestead Escondido Three Warner Antelope Carmel Potrero Woody Huron Pacheco Sulpizio Washington Aguanga Sonoma Yucca Midtown Flying Encanto Visalia Creston Bakersfield Bakersfield Church Sheep Sheep Church Cabbage Cabbage Creston Visalia Encanto Flying Midtown Yucca Sonoma Aguanga Washington Sulpizio Pacheco Huron Woody Potrero Carmel Antelope Warner Three Escondido Homestead Robertsville Delano Escalon Cressey Yubadocs Santa Le Madera Yurok Civic Collins New Willow Smoke Coddingtown Patrick Artesia San Welwood Jacumba Marshall Pumpkin Costa Mount Commonwealth Ballena Davenport Calaveras Chicken East Downtown Ramona Parchester Fountain Moores Northern Ames Cudahy Flinn Tuxedo Dayton Tijuana Smartsville Presidio Quail Bristol Coulterville Grasslands Bell Pleasant Fremont Manker Sequoia Fiorini Aptos Bangor Smith Buena Winterhaven Banning Stone Magic Meyers Princeton Marina Glencoe Colonnade Ophir Bradley Blue Bonny Cambridge Hub Lake Vallecito Inaja Yale Beach Bandini Helm Manzanita Industrial Roseland Fox Hume La Livingston Durham Mecca Davis Rowland Delta Cahuilla Louis Skydive Jamul Temecula Armstrong Butte Lebec Hoffman King South Anaheim Newark Ritter Chowchilla Crestmont Saint Coachella Clayton Boulder Glennville Stanislaus Dutch Dulzura Del Bodfish Calexico Cypress Stockdale Palomar Foothills Bodad Timbuctoo Fullerton Lost Ida Hammer Brundage Kentfield Alamo Cherokee Ellis Chittenden Donner Kaiser Nicolaus Forest Sacramento Lincoln Singing Olivehurst Wallace Garden Clipper Susan Richvale Garcia All El Chinese Oildale Bonita Yankee Strawberry Alameda Capuchino Balboa Jane Industry Veterans Rough Boulevard Sherman Terra Sunny Cerro Forbestown Portola Carnelian City Stanton California Castle Vernon
100
Davenport Davenport
Smith Smith
Winterhaven Winterhaven
Yankee Yankee
Cressey Cressey
Robertsville Robertsville
Warner Warner
Cerro Cerro
Terra Terra
Wallace Wallace
Temecula Temecula
Quail Quail
Stockdale Stockdale
Carmel Carmel
Clayton Clayton
Richvale Richvale
Le Le
Downtown Downtown
Woody Woody
Three Three
Presidio Presidio
Crestmont Crestmont
Anaheim Anaheim
Bell Bell
Cabbage Cabbage
Industry Industry
Forbestown Forbestown
Mecca Mecca
Bodad Bodad
Industrial Industrial
Portola Portola
Calaveras Calaveras
Antelope Antelope
Kaiser Kaiser
Bakersfield Bakersfield
Strawberry Strawberry
Veterans Veterans
Dulzura Dulzura
Pleasant Pleasant
Escalon Escalon
Brundage Brundage
Hammer Hammer
Manker Manker
Moores Moores
Blue Blue
Grasslands Grasslands
Helm Helm
Saint Saint
Rough Rough
Bonny Bonny
Timbuctoo Timbuctoo
Parchester Parchester
Fox Fox
Pacheco Pacheco
Huron Huron
Balboa Balboa
Roseland Roseland
Capuchino Capuchino
Beach Beach
Fullerton Fullerton
Cudahy Cudahy
Civic Civic
Potrero Potrero
Bangor Bangor
Santa Santa
Ramona Ramona
Garcia Garcia
Cambridge Cambridge
Ritter Ritter
Sherman Sherman
Costa Costa
Fiorini Fiorini
Louis Louis
Hoffman Hoffman
Lake Lake
Buena Buena
Alamo Alamo
California California
Collins Collins
Donner Donner
Coddingtown Coddingtown
Glencoe Glencoe
Yurok Yurok
Rowland Rowland
Marshall Marshall
Sunny Sunny
Sacramento Sacramento
Flinn Flinn
Chittenden Chittenden
Armstrong Armstrong
Delta Delta
Tijuana Tijuana
All All
Smoke Smoke
Bradley Bradley
South South
Sulpizio Sulpizio
Cypress Cypress
Del Del
Escondido Escondido
