1 2 3 4 5 6 7 8 9 10 11 12 13 14 15 16 17 18 19 20 21 22 23 24 25 26 27 28 29 30 31 32 33 34 35 36 37 38 39 40 41 42 43 44 45 46 47 48 49 50 51 52 53 54 55 56 57 58 59 60 61 62 63 64 65 66 67 68 69 70 71 72 73 74 75 76 77 78 79 80 81 82 83 84 85 86 87 88 89 90 91 92 93 94 95 96 97 98 99 100 101 102 103 104 105 106 107 108 109 110 111 112 113 114 115 116 117 118 119 120 121 122 123 124 125 126 127 128 129 130 131 132 133 134 135 136 137 138 139 140 141 142 143 144 145 146 147 148 149 150 151 152 153 154 155 156 157 158 159 160 161 162 163 164 165 166 167 168 169 170 171 172 173 174 175 176 177 178 179 180 181 182 183 184 185 186 187 188 189 190 191 192 193 194 195 196 197 198 199 200 200 199 198 197 196 195 194 193 192 191 190 189 188 187 186 185 184 183 182 181 180 179 178 177 176 175 174 173 172 171 170 169 168 167 166 165 164 163 162 161 160 159 158 157 156 155 154 153 152 151 150 149 148 147 146 145 144 143 142 141 140 139 138 137 136 135 134 133 132 131 130 129 128 127 126 125 124 123 122 121 120 119 118 117 116 115 114 113 112 111 110 109 108 107 106 105 104 103 102 101 100 99 98 97 96 95 94 93 92 91 90 89 88 87 86 85 84 83 82 81 80 79 78 77 76 75 74 73 72 71 70 69 68 67 66 65 64 63 62 61 60 59 58 57 56 55 54 53 52 51 50 49 48 47 46 45 44 43 42 41 40 39 38 37 36 35 34 33 32 31 30 29 28 27 26 25 24 23 22 21 20 19 18 17 16 15 14 13 12 11 10 9 8 7 6 5 4 3 2 1
100
2 2
4 4
5 5
7 7
10 10
12 12
13 13
15 15
18 18
20 20
21 21
23 23
26 26
28 28
29 29
31 31
34 34
36 36
37 37
39 39
42 42
44 44
45 45
47 47
50 50
52 52
53 53
55 55
58 58
60 60
61 61
63 63
66 66
68 68
69 69
71 71
74 74
76 76
77 77
79 79
82 82
84 84
85 85
87 87
90 90
92 92
93 93
95 95
98 98
100 100
101 101
103 103
106 106
108 108
109 109
111 111
114 114
116 116
117 117
119 119
122 122
124 124
125 125
127 127
130 130
132 132
133 133
135 135
138 138
140 140
141 141
143 143
146 146
148 148
149 149
151 151
154 154
156 156
157 157
159 159
162 162
164 164
165 165
167 167
170 170
172 172
173 173
175 175
178 178
180 180
181 181
183 183
186 186
188 188
189 189
191 191
194 194
196 196
197 197
199 199
