Soda Doe GreekTheatre LawrenceHall MemorialStadium InternationalHouse AlumniHouse GiauqueHall Campbell Unit3 Barrows CaliforniaHall HildebrandHall Gilman ZellerbachHall DavisHall Wheeler LeConte Foothill HavilandHall Dwinelle HearstMining BotanicalGardens Evans Campanile BerkeleyWayWest BerkeleyWayWest HesseHall Stern Stern Unit1 SouthHall Moffit CanyonPool CanyonPool Moffit RSF RSF SouthHall Blackwell BancroftLibrary Unit2 DurantHall DurantHall Etcheverry Etcheverry Unit2 BancroftLibrary Cory Eshelman Eshelman Cory Blackwell HilgardHall Boalt Boalt HilgardHall Unit1 MLK MLK HesseHall Campanile BAMPFA BAMPFA Kresge SutardjaDai SutardjaDai Kresge Evans HAAS HAAS BotanicalGardens HearstMining Dwinelle VLSB VLSB HavilandHall Foothill LeConte Wheeler DavisHall ZellerbachHall Gilman UniversityVillage Bowles Bowles UniversityVillage HildebrandHall CaliforniaHall Barrows Unit3 Campbell GiauqueHall AlumniHouse InternationalHouse MemorialStadium LawrenceHall GreekTheatre Doe Soda
25
Evans Evans
Doe Doe
HearstMining HearstMining
Wheeler Wheeler
Campanile Campanile
LeConte LeConte
Moffit Moffit
Dwinelle Dwinelle
SouthHall SouthHall
Gilman Gilman
CaliforniaHall CaliforniaHall
Bowles Bowles
BancroftLibrary BancroftLibrary
DurantHall DurantHall
Stern Stern
Campbell Campbell
GreekTheatre GreekTheatre
BAMPFA BAMPFA
BerkeleyWayWest BerkeleyWayWest
LawrenceHall LawrenceHall
InternationalHouse InternationalHouse
Unit1 Unit1
Unit2 Unit2
Unit3 Unit3
Foothill Foothill
