Evans Cory Cory Artichokes Foothill HAAS BAMPFA Barrows Unit2 DurantHall Campbell Unit3 Bowles LeConte Moffit SouthHall HesseHall LowerSproul LowerSproul HesseHall NorthHall VLSB HearstMining MulfordHall MemorialStadium HortonHall Doe SatherGate GreekTheatre CanyonPool CanyonPool StrawberryCreek Unit1 Unit1 TripleRock Chipotle RSF Firewings CaliforniaHall InternationalHouse InternationalHouse CaliforniaHall HilgardHall AshaTeaHouse ZellerbachHall Cornerstone Campanile Underhill Blackwell ImmThai AlumniHouse BerkeleyWayWest Yifang UniversityVillage Wheeler Raretea Raretea Wheeler UniversityVillage UCafe Bonchon Bonchon UCafe Yifang BerkeleyWayWest AlumniHouse ImmThai Blackwell LewisHall DavisHall Gilman BotanicalGardens ClarkKerr Ucha Ucha ThaiNoodle Dwinelle MLK HildebrandHall Safeway Morganhall Marugame Eshelman Eshelman McDonalds McDonalds Marugame Morganhall Safeway HildebrandHall LatimerHall Plentea Soda Soda SutardjaDai SutardjaDai WursterHall KroeberHall Etcheverry Etcheverry TacoBell TacoBell KroeberHall WursterHall Plentea LatimerHall MLK Morrisonhall Gongcha Gongcha Morrisonhall Dwinelle Shengkee Shengkee ThaiNoodle ClarkKerr BotanicalGardens Gilman DavisHall SproulHall Pappys Milkbomb BigC Kips LawrenceHall BancroftLibrary HavilandHall HappyLemon HappyLemon HavilandHall BancroftLibrary LawrenceHall Kips BigC MemorialGlade Kresge Kresge MemorialGlade Milkbomb Pappys SproulHall LewisHall Underhill Campanile Cornerstone ZellerbachHall AshaTeaHouse HilgardHall Crossroads BetaLounge Fengcha Fengcha BetaLounge Crossroads Firewings RSF TPTea TPTea Chipotle TripleRock StrawberryCreek GreekTheatre GiauqueHall GiauqueHall SatherGate Doe HortonHall MemorialStadium MulfordHall OptometryBuilding OptometryBuilding HearstMining VLSB NorthHall SouthHall Cafe3 Cafe3 Moffit LeConte Bowles Spats Boalt Boalt TraderJoes TraderJoes Spats Unit3 Campbell DurantHall Stern EastAsianLibrary EastAsianLibrary Stern Unit2 Barrows BAMPFA HAAS Foothill Artichokes Evans
50
ThaiNoodle ThaiNoodle
Doe Doe
HearstMining HearstMining
Wheeler Wheeler
Campanile Campanile
LeConte LeConte
Moffit Moffit
Dwinelle Dwinelle
SouthHall SouthHall
Gilman Gilman
CaliforniaHall CaliforniaHall
Bowles Bowles
BancroftLibrary BancroftLibrary
DurantHall DurantHall
Stern Stern
Campbell Campbell
GreekTheatre GreekTheatre
BAMPFA BAMPFA
BerkeleyWayWest BerkeleyWayWest
LawrenceHall LawrenceHall
InternationalHouse InternationalHouse
Unit1 Unit1
Unit2 Unit2
Unit3 Unit3
Foothill Foothill
VLSB VLSB
RSF RSF
Blackwell Blackwell
ZellerbachHall ZellerbachHall
MLK MLK
Eshelman Eshelman
Soda Soda
Cory Cory
Barrows Barrows
HAAS HAAS
AlumniHouse AlumniHouse
Boalt Boalt
BotanicalGardens BotanicalGardens
MemorialStadium MemorialStadium
CanyonPool CanyonPool
DavisHall DavisHall
Kresge Kresge
SutardjaDai SutardjaDai
Etcheverry Etcheverry
GiauqueHall GiauqueHall
UniversityVillage UniversityVillage
HavilandHall HavilandHall
HesseHall HesseHall
HildebrandHall HildebrandHall
HilgardHall HilgardHall
