Ippudo Platano Soda HildebrandHall TPTea Campanile LeConte AshaTeaHouse CaliforniaHall Gadani Marugame Etcheverry Toss LaNote TacoBell TacoBell ExtremePizza Cafe3 LewisHall SmokesPoutinerie Bowles Namaste Eshelman Unit2 Unit2 Unit3 Underhill HortonHall Stern ClarkKerr Gongcha Ikes DurantHall ZellerbachHall McDonalds Morrisonhall Morrisonhall HearstAnnex LawrenceHall BagOCrab GreekTheatre ACuppaTea Wikiwiki NoodleGirl MemorialStadium Artichokes BerkeleyWayWest HappyLemon BerkeleyBart Barrows Safeway BerkeleyThaiHouse SutardjaDai ThaiBasil HesseHall Kips Foothill Milkbomb Blackwell SuperDuperBurgers Pappys Pappys SuperDuperBurgers JacobsApartment NorthBerkeleyBart NorthBerkeleyBart JacobsApartment Blackwell BotanicalGardens AmoebaMusic SnackShack SnackShack GrizzlyPeak Dwinelle GiauqueHall Gilman Ucha SouthHall Crossroads MLK MLK TToust UniversityVillage Fengcha HavilandHall Evans DavisHall NorthHall Yifang Chipotle HearstMining Campbell MemorialGlade MemorialGlade EastAsianLibrary Gypsys Gypsys LittleCampanile BancroftLibrary Cheeseboard RSF RSF Cheeseboard TennisCourts StrawberryCreek Morganhall VLSB LakeAnza FoxTheater Raretea InternationalHouse BobbyGPizza ImmThai ImmThai BobbyGPizza InternationalHouse BanshoRamen LiKaShing Rachas CanyonPool BAMPFA BAMPFA Staples Staples CanyonPool NatApartment Cory Boalt AlumniHouse SteamTunnel SteamTunnel AlumniHouse SproulHall SproulHall Jupiter LatimerHall Tilden Gather TraderJoes BerkeleyHigh BerkeleyHigh YogurtPark OptometryBuilding LaBurrita HearstGym WursterHall Spats BerkeleyRoseGarden HAAS Mezzo Moffit VictoryPoint VictoryPoint Tzone Tzone Moffit BerkeleyArtStudio Quicklys Firewings TopDog TopDog Firewings PeoplesPark ThaiNoodle Doe JambaJuice SteamTrains KroeberHall HilgardHall HilgardHall KroeberHall SteamTrains JambaJuice Doe ThaiNoodle PeoplesPark Quicklys SaturnCafe HeatCafe Kresge BSC TukTukThai Venus Cream Cream Venus TukTukThai BSC AndrewsApartment Wheeler Bonchon UCafe TheHabit Homeroom PokeBar Plentea Plentea WindmillCoffee WindmillCoffee PokeBar Homeroom FireTrails MulfordHall MulfordHall BrandyMelville BrandyMelville FireTrails Ikea Eureka Eureka Ikea TheHabit Flavia PurpleKow PeoplesCafe SweetheartCafe SweetheartCafe PeoplesCafe PurpleKow Flavia UCafe Cinnaholic TripleRock DollarTree BenAndJerry UdupiPalace UdupiPalace BenAndJerry DollarTree TripleRock Slivers Slivers Cinnaholic Bonchon GSPP EastBaySpiceCompany EastBaySpiceCompany GSPP Wheeler UrbanOutfitters Cornerstone Cornerstone UrbanOutfitters AndrewsApartment Kresge HeatCafe SaturnCafe BerkeleyArtStudio Mezzo HAAS BerkeleyRoseGarden Spats IndianRock IndianRock WursterHall HearstGym LaBurrita OptometryBuilding GreatChina SatherGate SatherGate GreatChina LaVals Target Target LaVals YogurtPark TraderJoes Gather Tilden LatimerHall CVS CVS Jupiter Boalt Cory BetaLounge BetaLounge NatApartment Rachas LiKaShing BanshoRamen Raretea LittleBird HalalGuys EndlessSweets EndlessSweets HalalGuys LittleBird FoxTheater LakeAnza VLSB Morganhall StrawberryCreek BobaNinja BobaNinja TennisCourts BancroftLibrary LittleCampanile EastAsianLibrary Campbell HearstMining Chipotle Yifang MSRI MSRI NorthHall DavisHall Evans HavilandHall Fengcha UniversityVillage TToust Crossroads SouthHall Ucha Gilman GiauqueHall Dwinelle Unit1 Unit1 GrizzlyPeak AmoebaMusic BotanicalGardens Milkbomb Foothill Muraccis Muraccis Kips HesseHall ThaiBasil SutardjaDai BerkeleyThaiHouse Safeway Barrows BigC TenderGreens TenderGreens BigC BerkeleyBart HappyLemon BerkeleyBubbles BerkeleyBubbles BerkeleyWayWest LowerSproul Shengkee Shengkee LowerSproul Artichokes MemorialStadium Teazone Teazone NoodleGirl Wikiwiki ACuppaTea GreekTheatre BagOCrab LawrenceHall HearstAnnex McDonalds ZellerbachHall DurantHall Ikes Gongcha ClarkKerr Stern HortonHall Underhill Unit3 Eshelman Namaste Bowles TheDwight BerkeleyMarina BerkeleyMarina TheDwight SmokesPoutinerie LewisHall GPB AuCoquelet AuCoquelet GPB Cafe3 ExtremePizza LaNote Toss Etcheverry Marugame Gadani CaliforniaHall AshaTeaHouse LeConte ChezPanisse ChezPanisse Campanile TPTea HildebrandHall Soda Platano Ippudo
100
HortonHall HortonHall
KroeberHall KroeberHall
LatimerHall LatimerHall
LewisHall LewisHall
Morganhall Morganhall
Morrisonhall Morrisonhall
MulfordHall MulfordHall
NorthHall NorthHall
OptometryBuilding OptometryBuilding
AshaTeaHouse AshaTeaHouse
McDonalds McDonalds
Bonchon Bonchon
Firewings Firewings
HappyLemon HappyLemon
Ucha Ucha
Artichokes Artichokes
TacoBell TacoBell
Gongcha Gongcha
Yifang Yifang
Fengcha Fengcha
UCafe UCafe
SproulHall SproulHall
TPTea TPTea
SatherGate SatherGate
StrawberryCreek StrawberryCreek
BigC BigC
ClarkKerr ClarkKerr
Crossroads Crossroads
Cafe3 Cafe3
Raretea Raretea
Underhill Underhill
TraderJoes TraderJoes
Safeway Safeway
Marugame Marugame
Kips Kips
Pappys Pappys
BetaLounge BetaLounge
Spats Spats
Cornerstone Cornerstone
TripleRock TripleRock
LowerSproul LowerSproul
WursterHall WursterHall
Shengkee Shengkee
Plentea Plentea
Chipotle Chipotle
ImmThai ImmThai
Milkbomb Milkbomb
MemorialGlade MemorialGlade
EastAsianLibrary EastAsianLibrary
ThaiNoodle ThaiNoodle
Mezzo Mezzo
Slivers Slivers
Ikes Ikes
Teazone Teazone
PokeBar PokeBar
Quicklys Quicklys
TopDog TopDog
Gypsys Gypsys
SnackShack SnackShack
SmokesPoutinerie SmokesPoutinerie
GreatChina GreatChina
ThaiBasil ThaiBasil
Eureka Eureka
BSC BSC
Platano Platano
EastBaySpiceCompany EastBaySpiceCompany
TenderGreens TenderGreens
PeoplesCafe PeoplesCafe
SuperDuperBurgers SuperDuperBurgers
Target Target
JambaJuice JambaJuice
HalalGuys HalalGuys
ExtremePizza ExtremePizza
Gadani Gadani
Wikiwiki Wikiwiki
TheHabit TheHabit
Homeroom Homeroom
Cheeseboard Cheeseboard
ChezPanisse ChezPanisse
LaNote LaNote
Rachas Rachas
BobaNinja BobaNinja
SweetheartCafe SweetheartCafe
Wheeler Wheeler
TukTukThai TukTukThai
Gather Gather
Venus Venus
SaturnCafe SaturnCafe
Jupiter Jupiter
AmoebaMusic AmoebaMusic
GrizzlyPeak GrizzlyPeak
LaBurrita LaBurrita
AndrewsApartment AndrewsApartment
BerkeleyArtStudio BerkeleyArtStudio
TheDwight TheDwight
BanshoRamen BanshoRamen
LittleCampanile LittleCampanile
Namaste Namaste
Muraccis Muraccis
UrbanOutfitters UrbanOutfitters
