Shower0 Towel2 Light1 Whale8 Plants3 Shower9 YouTube4 Urine5 Allergies7 Plants6 Toilet12 Video10 Cone13 Printer11 Websites15 Crab16 Website21 Soap14 Post17 Soda18 Puppy19 Laptop22 Plants20 Prints25 Websites24 Puppy28 Android27 Fence29 Cat23 Ice30 Flowers31 Ring33 Toilet26 Elevator35 Monster32 Shoes34 BBQ36 Rollers40 Sink37 BBQ38 BBQ39 Ice42 Cat44 Mail41 Nuclear43 Toilet45 Prints46 Running47 Running47 Prints46 Robot49 Boat48 Boat48 Robot49 Toilet45 Nuclear43 Mail41 Cat44 Ice42 BBQ39 BBQ38 Sink37 Rollers40 BBQ36 Shoes34 Monster32 Elevator35 Toilet26 Ring33 Flowers31 Ice30 Cat23 Fence29 Android27 Puppy28 Websites24 Prints25 Plants20 Laptop22 Puppy19 Soda18 Post17 Soap14 Website21 Crab16 Websites15 Printer11 Cone13 Video10 Toilet12 Plants6 Allergies7 Urine5 YouTube4 Shower9 Plants3 Whale8 Light1 Towel2 Shower0
25
Soda18 Soda18
Toilet45 Toilet45
Mail41 Mail41
Ring33 Ring33
YouTube4 YouTube4
Elevator35 Elevator35
Prints25 Prints25
Sink37 Sink37
Laptop22 Laptop22
Puppy19 Puppy19
Robot49 Robot49
Nuclear43 Nuclear43
Ice42 Ice42
Cat44 Cat44
Android27 Android27
Monster32 Monster32
Toilet26 Toilet26
Crab16 Crab16
Cone13 Cone13
BBQ36 BBQ36
Ice30 Ice30
Light1 Light1
BBQ38 BBQ38
Allergies7 Allergies7
Plants3 Plants3
