Shelf0 Soap3 Laptop1 Poop5 Websites4 Ice9 Clock2 Allergies7 Shoes8 Mail6 Toolbox10 Bird11 Dislike12 Toilet13 Water21 Rollers14 Cat15 Nuclear18 Shoe17 Urine20 Book24 Monster16 Laptop19 Allergies23 Clock25 Mail22 YouTube33 Horse26 Comics28 Dislike27 Kitty37 Water29 Whale31 Fusion34 Websites32 Light30 Drugs39 Ice41 Nuclear35 Water38 YouTube44 BBQ36 Bird43 Shelf40 Leash46 Leash45 Rollers42 Light49 Shower47 Robot51 Shower48 Ice52 Ice50 Body55 Kitty56 Soap53 Shower57 Clock61 Website54 Soap58 Ring60 Rollers63 Solar59 Nuclear65 Soap64 Plants62 Boat67 Running66 Cat70 Trees68 Laptop69 Toolbox72 Monster73 Solar71 Settings75 Poop76 Fence74 Leash77 Plus78 Ring82 Crab81 System79 Poop80 Video86 Robot93 Crab83 Breakfast85 Ring84 Allergies88 Water90 Kitty89 Towel92 Whale91 Robot87 Rollers95 Kitty98 Websites94 Dog101 Urine97 Allergies103 Sink96 Book99 Soda100 Settings102 Fusion104 Comics107 Allergies106 Urine108 Sink109 Plus112 Comics113 Crab110 Comics105 Whale114 Shoe111 Prints121 Plants118 Hnads116 Elevator115 Puppy117 Soda119 Elevator120 Horse122 Towel123 Whale126 Laptop125 Urine124 Dog128 Plants129 Shoes132 Soda127 Fusion131 Robot134 Puppy133 Water135 Solar130 Whale137 Boat141 Kitty138 Leash136 Clock139 Dislike143 Toolbox144 Urine142 Puppy140 Toolbox146 Clock145 Male149 Toolbox147 Poop150 YouTube151 Prints152 Horse148 Toolbox153 Puppy155 Sink157 Towel154 System156 Solar159 Post158 Solar160 Ring161 Cat163 Robot164 Ice165 Dislike170 Solar162 BBQ167 Dog168 Ring169 Book171 BBQ172 Shoe166 Shoe174 Rollers173 Monster175 Allergies176 Running177 Body180 Fusion179 Flowers178 Dog181 Cone185 Hnads182 Cat187 System183 Drugs184 Printer188 Dislike186 Toilet191 Android189 Kitty194 Websites193 Website190 Website190 Solar192 Android196 Soda197 Drugs195 Ice198 Ice198 YouTube199 YouTube199 Drugs195 Soda197 Android196 Solar192 Websites193 Kitty194 Android189 Toilet191 Dislike186 Printer188 Drugs184 System183 Cat187 Hnads182 Cone185 Dog181 Flowers178 Fusion179 Body180 Running177 Allergies176 Monster175 Rollers173 Shoe174 Shoe166 BBQ172 Book171 Ring169 Dog168 BBQ167 Solar162 Dislike170 Ice165 Robot164 Cat163 Ring161 Solar160 Post158 Solar159 System156 Towel154 Sink157 Puppy155 Toolbox153 Horse148 Prints152 YouTube151 Poop150 Toolbox147 Male149 Clock145 Toolbox146 Puppy140 Urine142 Toolbox144 Dislike143 Clock139 Leash136 Kitty138 Boat141 Whale137 Solar130 Water135 Puppy133 Robot134 Fusion131 Soda127 Shoes132 Plants129 Dog128 Urine124 Laptop125 Whale126 Towel123 Horse122 Elevator120 Soda119 Puppy117 Elevator115 Hnads116 Plants118 Prints121 Shoe111 Whale114 Comics105 Crab110 Comics113 Plus112 Sink109 Urine108 Allergies106 Comics107 Fusion104 Settings102 Soda100 Book99 Sink96 Allergies103 Urine97 Dog101 Websites94 Kitty98 Rollers95 Robot87 Whale91 Towel92 Kitty89 Water90 Allergies88 Ring84 Breakfast85 Crab83 Robot93 Video86 Poop80 System79 Crab81 Ring82 Plus78 Leash77 Fence74 Poop76 Settings75 Solar71 Monster73 Toolbox72 Laptop69 Trees68 Cat70 Running66 Boat67 Plants62 Soap64 Nuclear65 Solar59 Rollers63 Ring60 Soap58 Website54 Clock61 Shower57 Soap53 Kitty56 Body55 Ice50 Ice52 Shower48 Robot51 Shower47 Light49 Rollers42 Leash45 Leash46 Shelf40 Bird43 BBQ36 YouTube44 Water38 Nuclear35 Ice41 Drugs39 Light30 Websites32 Fusion34 Whale31 Water29 Kitty37 Dislike27 Comics28 Horse26 YouTube33 Mail22 Clock25 Allergies23 Laptop19 Monster16 Book24 Urine20 Shoe17 Nuclear18 Cat15 Rollers14 Water21 Toilet13 Dislike12 Bird11 Toolbox10 Mail6 Shoes8 Allergies7 Clock2 Ice9 Websites4 Poop5 Laptop1 Soap3 Shelf0
100
Crab83 Crab83
Boat67 Boat67
Horse148 Horse148
Post158 Post158
Robot93 Robot93
Kitty194 Kitty194
Drugs39 Drugs39
Sink109 Sink109
Shelf40 Shelf40
Leash77 Leash77
Laptop125 Laptop125
Allergies88 Allergies88
Toolbox146 Toolbox146
Ice9 Ice9
Light30 Light30
Soap58 Soap58
Towel154 Towel154
Plants118 Plants118
Settings75 Settings75
Kitty89 Kitty89
Body55 Body55
Monster175 Monster175
Water135 Water135
Shower47 Shower47
Dislike12 Dislike12
Dog168 Dog168
BBQ36 BBQ36
Shoe174 Shoe174
Urine124 Urine124
Nuclear35 Nuclear35
Mail22 Mail22
Allergies103 Allergies103
Dislike143 Dislike143
Ice41 Ice41
Monster73 Monster73
Puppy117 Puppy117
Whale126 Whale126
Solar130 Solar130
Soda119 Soda119
Printer188 Printer188
Rollers95 Rollers95
Water29 Water29
Robot51 Robot51
Poop150 Poop150
Drugs195 Drugs195
Laptop19 Laptop19
Toolbox72 Toolbox72
Clock2 Clock2
Hnads116 Hnads116
Nuclear18 Nuclear18
Soap64 Soap64
Robot164 Robot164
Soda197 Soda197
Dog181 Dog181
Clock139 Clock139
Toolbox153 Toolbox153
Water38 Water38
Dislike27 Dislike27
System156 System156
Puppy140 Puppy140
Poop80 Poop80
Solar162 Solar162
Allergies176 Allergies176
Plus78 Plus78
Ice165 Ice165
Solar192 Solar192
Mail6 Mail6
Whale137 Whale137
Rollers14 Rollers14
Book24 Book24
Urine97 Urine97
Fusion104 Fusion104
Flowers178 Flowers178
Shoe17 Shoe17
Urine20 Urine20
Cat15 Cat15
Book171 Book171
Solar71 Solar71
System183 System183
Ring82 Ring82
Poop76 Poop76
Clock61 Clock61
Shoes8 Shoes8
Ring169 Ring169
Male149 Male149
Cat187 Cat187
Android196 Android196
Hnads182 Hnads182
Shelf0 Shelf0
Fusion34 Fusion34
Whale114 Whale114
Towel92 Towel92
Toilet13 Toilet13
Website190 Website190
Breakfast85 Breakfast85
Websites4 Websites4
Shower57 Shower57
Comics107 Comics107
System79 System79
Kitty98 Kitty98
