Horse0 Allergies3 Post2 Toilet1 Allergies4 Settings5 Ring6 Shelf7 Shower11 Poop8 Ice10 Robot9 Towel12 Websites17 Towel16 Shower15 Rollers18 Cat13 Breakfast19 Dislike21 Toilet20 Kitty14 Website24 Shelf25 Whale22 Prints23 Ice26 Ice32 Leash27 Website29 Towel28 Ice30 Laptop36 Settings33 Rollers34 Video31 Floppy40 Towel35 Towel37 Breakfast42 Ice38 Monster39 Poop43 Book41 Shoe46 Horse44 Ring45 Monster47 Rollers48 Comics49 Urine50 Water52 Dislike51 Allergies54 YouTube56 Whale59 Printer53 Horse55 Dislike60 Soda57 Solar58 Plus62 Post61 Floppy63 Floppy64 Light65 Soda67 Leash68 Water66 Dislike70 System69 Urine73 Monster71 Flowers72 Breakfast74 Printer75 Urine76 Running77 Laptop79 Crab78 Websites81 Monster80 Soda85 Bird82 Shoe87 Male84 Water83 BBQ86 Mail88 Leash89 System90 Rollers91 Settings94 Kitty92 Soda95 Bird93 Flowers98 Flowers98 Body99 Ring97 Ring97 Body99 Bird93 Soda95 Trees96 Trees96 Kitty92 Settings94 Rollers91 System90 Leash89 Mail88 BBQ86 Water83 Male84 Shoe87 Bird82 Soda85 Monster80 Websites81 Crab78 Laptop79 Running77 Urine76 Printer75 Breakfast74 Flowers72 Monster71 Urine73 System69 Dislike70 Water66 Leash68 Soda67 Light65 Floppy64 Floppy63 Post61 Plus62 Solar58 Soda57 Dislike60 Horse55 Printer53 Whale59 YouTube56 Allergies54 Dislike51 Water52 Urine50 Comics49 Rollers48 Monster47 Ring45 Horse44 Shoe46 Book41 Poop43 Monster39 Ice38 Breakfast42 Towel37 Towel35 Floppy40 Video31 Rollers34 Settings33 Laptop36 Ice30 Towel28 Website29 Leash27 Ice32 Ice26 Prints23 Whale22 Shelf25 Website24 Kitty14 Toilet20 Dislike21 Breakfast19 Cat13 Rollers18 Shower15 Towel16 Websites17 Towel12 Robot9 Ice10 Poop8 Shower11 Shelf7 Ring6 Settings5 Allergies4 Toilet1 Post2 Allergies3 Horse0
50
Shower11 Shower11
Websites81 Websites81
Running77 Running77
Horse55 Horse55
Monster39 Monster39
Websites17 Websites17
Male84 Male84
Monster71 Monster71
Ring45 Ring45
Solar58 Solar58
Plus62 Plus62
Allergies4 Allergies4
Kitty14 Kitty14
Printer53 Printer53
Ice10 Ice10
Toilet20 Toilet20
Towel37 Towel37
Bird82 Bird82
Dislike51 Dislike51
Rollers34 Rollers34
BBQ86 BBQ86
Horse0 Horse0
Book41 Book41
Water52 Water52
Leash68 Leash68
Shower15 Shower15
Water66 Water66
Breakfast19 Breakfast19
Ring97 Ring97
Cat13 Cat13
Floppy63 Floppy63
Flowers98 Flowers98
Allergies3 Allergies3
Soda57 Soda57
Ice38 Ice38
Whale22 Whale22
Towel16 Towel16
Robot9 Robot9
Whale59 Whale59
Ice30 Ice30
Bird93 Bird93
Shelf25 Shelf25
Prints23 Prints23
Breakfast74 Breakfast74
Towel35 Towel35
Comics49 Comics49
Settings5 Settings5
Post61 Post61
Rollers48 Rollers48
Mail88 Mail88
