S A E F P B C D 24 25 26 27 A2 33 32 31 30 29 U 4 M 8 K J O 2 T 6 V N 28 34 35 36 37 42 41 40 39 38 43 1 Z 10 X W G 3 H 5 I B2 C2 D2 E2 F2 K2 J2 I2 H2 G2 11 Y 9 L 7 12 13 14 15 16 L2 M2 N2 O2 P2 V2 U2 T2 R2 Q2 R 20 19 18 17 Q 22 23 W2 X2 Y2 Z2 48 48 Z2 Y2 X2 W2 23 22 Q 17 18 19 20 R Q2 R2 T2 U2 V2 P2 O2 N2 M2 L2 16 15 14 13 12 7 L 9 Y 11 G2 H2 I2 J2 K2 F2 E2 D2 C2 B2 I 5 H 3 G W X 10 Z 1 44 45 46 47 47 46 45 44 43 38 39 40 41 42 37 36 35 34 28 N V 6 T 2 O J K 8 M 4 U 29 30 31 32 33 A2 27 26 25 24 D C B P F E A S
50
A A
B B
C C
D D
E E
F F
G G
H H
I I
J J
K K
L L
M M
N N
O O
P P
Q Q
R R
T T
U U
V V
W W
X X
Y Y
Z Z
A2 A2
B2 B2
C2 C2
D2 D2
E2 E2
F2 F2
G2 G2
H2 H2
I2 I2
J2 J2
K2 K2
L2 L2
M2 M2
N2 N2
O2 O2
P2 P2
Q2 Q2
R2 R2
T2 T2
U2 U2
V2 V2
W2 W2
X2 X2
Y2 Y2
Z2 Z2
