S A E F P B C D 24 25 26 27 132 33 32 31 30 29 U 4 M 8 K J O 2 T 6 V N 28 34 35 36 37 42 41 40 39 38 43 1 Z 10 X W G 3 H 5 I B2 C2 D2 E2 F2 K2 J2 I2 H2 G2 11 Y 9 L 7 12 13 14 15 16 L2 M2 N2 O2 P2 V2 U2 T2 R2 Q2 R 20 19 18 17 Q 22 23 W2 X2 Y2 Z2 48 A3 49 53 B3 52 Z3 74 73 72 51 50 Q3 127 131 128 129 130 54 55 56 57 A2 63 62 61 60 59 U3 58 P3 F3 E3 J3 K3 64 M3 N3 65 66 67 68 69 83 82 81 80 79 V3 78 71 70 O3 77 76 84 75 85 86 W3 X3 Y3 90 101 100 D3 C3 94 93 92 H3 91 G3 95 L3 96 97 98 99 107 I3 108 109 110 102 104 105 106 116 115 114 113 111 112 117 118 119 120 121 R3 T3 122 123 123 122 T3 R3 121 120 119 118 117 112 111 113 114 115 116 106 105 104 102 110 109 108 I3 107 99 98 97 96 L3 95 G3 91 H3 92 93 94 C3 D3 100 101 90 Y3 X3 W3 86 85 75 84 76 77 O3 70 71 78 V3 79 80 81 82 83 69 68 67 66 65 N3 M3 64 K3 J3 E3 F3 P3 58 U3 59 60 61 62 63 A2 57 56 55 54 130 129 128 131 127 Q3 50 51 72 73 74 Z3 52 B3 53 49 A3 48 Z2 Y2 X2 W2 23 22 Q 17 18 19 20 R Q2 R2 T2 U2 V2 P2 O2 N2 M2 L2 16 15 14 13 12 7 L 9 Y 11 G2 H2 I2 J2 K2 F2 E2 D2 C2 B2 I 5 H 3 G W X 10 Z 1 44 45 46 47 47 46 45 44 43 38 39 40 41 42 37 36 35 34 28 N V 6 T 2 O J K 8 M 4 U 29 30 31 32 33 132 27 26 25 24 D C B P F E A S
75
A A
B B
C C
D D
E E
F F
G G
H H
I I
J J
K K
L L
M M
N N
O O
P P
Q Q
R R
T T
U U
V V
W W
X X
Y Y
Z Z
A2 A2
B2 B2
C2 C2
D2 D2
E2 E2
F2 F2
G2 G2
H2 H2
I2 I2
J2 J2
K2 K2
L2 L2
M2 M2
N2 N2
O2 O2
P2 P2
Q2 Q2
R2 R2
T2 T2
U2 U2
V2 V2
W2 W2
X2 X2
Y2 Y2
Z2 Z2
A3 A3
B3 B3
C3 C3
D3 D3
E3 E3
F3 F3
G3 G3
H3 H3
I3 I3
J3 J3
K3 K3
L3 L3
M3 M3
N3 N3
O3 O3
P3 P3
Q3 Q3
R3 R3
T3 T3
U3 U3
V3 V3
W3 W3
X3 X3
Y3 Y3
Z3 Z3
