GOld So You hole All runningj we how But yOUr roll dumb gets tO aLLSTAr finger all some iS satellite OnLy on gET getting re use pretty mUch know men swim smart beg yours Didnt was geTS wrong differ differ wrong geTS was Didnt yours beg smart swim men know mUch pretty use re getting gET on OnLy satellite iS some all finger aLLSTAr tO gets dumb roll yOUr But how we runningj All hole You So Fed Fed U U say say shoW back back brain brain now now mYself mYself AND once once might might YOURE YOURE YouLL YouLL gett skate skate t t break break head head yep rules rules show show Know Know My My COuld well well is is chAnge chAnge see see On shine shine sense sense little little GO GO In bundled bundled To To Didn Didn and and ground about about GET GET colder colder SHooting SHooting you game game strEEts strEEts shootinG shootinG GEt GEt youre forehead forehead Live Live hit hit what what shape Well Well yOure yOure much much stop never never alL alL get get stop shape youre you ground In On COuld yep gett AND shoW GOld
50
So So
back back
once once
skate skate
rules rules
well well
shine shine
bundled bundled
about about
game game
forehead forehead
Well Well
never never
Fed Fed
brain brain
might might
t t
show show
is is
sense sense
To To
GET GET
strEEts strEEts
Live Live
yOure yOure
alL alL
U U
now now
YOURE YOURE
break break
Know Know
chAnge chAnge
little little
Didn Didn
colder colder
shootinG shootinG
hit hit
much much
get get
say say
mYself mYself
YouLL YouLL
head head
My My
see see
GO GO
and and
SHooting SHooting
GEt GEt
what what
