L some much geT iS mold make fOr fuel see gOld gett gliTTers OnLy said ground change never if geTS geTS if never change ground said OnLy gliTTers gett gOld see fuel fOr make mold iS geT much some but but staR staR YouLL YouLL doNt as as To To start start bundled bundled gAme Hey Hey Somebody Somebody smart smart away away re GeT GeT years years shine shine roll roll hole game game shooting shooting get get cool COuld COuld it it of of glow skate skate your your use use glow cool hole re gAme doNt L
25
some some
as as
Hey Hey
GeT GeT
game game
COuld COuld
skate skate
but but
To To
Somebody Somebody
years years
shooting shooting
it it
your your
staR staR
start start
smart smart
shine shine
get get
of of
use use
YouLL YouLL
bundled bundled
away away
roll roll
