0 2 1 3 4 5 6 7 8 9 10 12 11 14 15 13 16 20 18 17 22 19 21 23 24 25 26 27 28 29 30 31 32 33 35 34 36 38 37 39 42 40 41 43 47 44 45 46 48 50 49 54 51 52 55 53 56 57 58 59 62 60 61 64 63 66 65 67 69 68 70 71 72 74 73 76 77 75 78 79 80 82 81 85 86 83 84 87 89 88 90 91 92 93 94 95 96 97 98 100 99 101 102 103 105 104 106 107 108 109 112 110 113 115 111 116 114 117 119 118 120 121 122 124 123 125 127 128 126 130 129 132 131 133 134 137 135 136 138 139 140 141 142 143 144 145 146 149 147 148 150 151 152 153 154 157 155 156 158 159 160 161 162 163 164 165 166 167 168 169 170 171 172 173 174 175 176 177 178 179 180 181 182 183 184 185 186 187 187 186 185 184 183 182 181 180 179 178 177 176 175 174 173 172 171 170 169 168 167 166 165 164 163 162 161 160 159 158 156 155 157 154 153 152 151 150 148 147 149 146 145 144 143 142 141 140 139 138 136 135 137 134 133 131 132 129 130 126 128 127 125 123 124 122 121 120 118 119 117 114 116 111 115 113 110 112 109 108 107 106 104 105 103 102 101 99 100 98 97 96 95 94 93 92 91 90 88 89 87 84 83 86 85 81 82 80 79 78 75 77 76 73 74 72 71 70 68 188 189 190 191 192 193 194 195 196 197 198 199 199 198 197 196 195 194 193 192 191 190 189 188 69 67 65 66 63 64 61 60 62 59 58 57 56 53 55 52 51 54 49 50 48 46 45 44 47 43 41 40 42 39 37 38 36 34 35 33 32 31 30 29 28 27 26 25 24 23 21 19 22 17 18 20 16 13 15 14 11 12 10 9 8 7 6 5 4 3 1 2 0
100
2 2
3 3
5 5
7 7
12 12
13 13
19 19
22 22
24 24
28 28
31 31
34 34
35 35
36 36
43 43
44 44
47 47
51 51
53 53
54 54
56 56
59 59
60 60
61 61
62 62
65 65
66 66
67 67
68 68
69 69
72 72
73 73
77 77
80 80
83 83
86 86
94 94
95 95
101 101
102 102
107 107
112 112
118 118
120 120
121 121
122 122
124 124
129 129
133 133
135 135
140 140
142 142
143 143
145 145
146 146
148 148
151 151
153 153
155 155
157 157
159 159
160 160
162 162
163 163
164 164
165 165
166 166
167 167
168 168
169 169
170 170
171 171
172 172
173 173
174 174
175 175
176 176
177 177
178 178
179 179
180 180
181 181
182 182
183 183
184 184
185 185
186 186
187 187
188 188
189 189
190 190
191 191
192 192
193 193
194 194
195 195
196 196
197 197
198 198
199 199
