0 2 1 6 3 4 5 10 7 8 11 9 12 13 15 14 17 18 16 20 19 21 22 23 25 26 24 27 28 29 31 30 32 33 35 34 36 37 38 39 40 41 43 42 46 44 45 47 48 49 50 51 52 53 54 57 55 56 58 59 60 61 62 64 63 65 66 67 69 68 71 70 73 72 74 75 76 77 79 78 80 81 84 85 82 83 83 82 86 87 88 89 90 91 92 93 94 95 96 97 98 99 99 98 97 96 95 94 93 92 91 90 89 88 87 86 85 84 81 80 78 79 77 76 75 74 72 73 70 71 68 69 67 66 65 63 64 62 61 60 59 58 56 55 57 54 53 52 51 50 49 48 47 45 44 46 42 43 41 40 39 38 37 36 34 35 33 32 30 31 29 28 27 24 26 25 23 22 21 19 20 16 18 17 14 15 13 12 9 11 8 7 10 5 4 3 6 1 2 0
50
0 0
8 8
9 9
12 12
14 14
15 15
16 16
18 18
19 19
20 20
28 28
29 29
35 35
38 38
39 39
43 43
45 45
48 48
49 49
50 50
51 51
52 52
53 53
54 54
58 58
59 59
62 62
66 66
67 67
71 71
72 72
76 76
78 78
80 80
82 82
84 84
86 86
87 87
88 88
89 89
90 90
91 91
92 92
93 93
94 94
95 95
96 96
97 97
98 98
99 99
