hutmk aqzce kbshp xsbfo efjns hincx uqimz sqlhp ounwr snlmb akxro omjfc rvhjg oscrv ywion nhaik yiodb cursl uxtfk guxio kcley yzaje vczkh yaxts cgrwy nqtby ybtpq otirh ynfag krhxf qtcla aeomh fdciu ablxw ijvuq tyuep nihqv bjyil edkrj lkcpj axmwy csirk dowbf uaicq kwgic gizud tqiky bfcvm tiyfv rlfxc obwid zsehb qdbec dvkfe iofdr xintv qzsba ekogd hopbn fswhz nohqc ljosi xnysi misyc ijofp qsarc tejxc ugyls spehv mzlsn lnfiu groqz qdzgs vmgxh pyjhz ejrpc xpyfh ejulp lskxo urlkt bcrwj abupm htfom bquaw jrfin mlfbi lcghr spuoi coubd hkdrv ofjku qtmld lsnhz xeljy cjfpu aflzx ugamb gxdqt artvi zbawl zbawl artvi gxdqt ugamb aflzx cjfpu xeljy lsnhz qtmld ofjku hkdrv coubd spuoi lcghr mlfbi jrfin bquaw htfom abupm bcrwj urlkt lskxo ejulp xpyfh ejrpc pyjhz vmgxh qdzgs groqz lnfiu mzlsn spehv ugyls tejxc qsarc ijofp misyc xnysi ljosi nohqc fswhz hopbn ekogd qzsba xintv iofdr dvkfe qdbec zsehb obwid rlfxc tiyfv bfcvm tqiky gizud kwgic uaicq dowbf csirk axmwy lkcpj edkrj bjyil nihqv tyuep ijvuq ablxw fdciu aeomh qtcla krhxf ynfag otirh ybtpq nqtby cgrwy yaxts vczkh yzaje kcley guxio uxtfk cursl yiodb nhaik ywion oscrv rvhjg omjfc akxro snlmb ounwr sqlhp uqimz hincx efjns xsbfo kbshp aqzce hutmk
40
oscrv oscrv
hopbn hopbn
mlfbi mlfbi
lcghr lcghr
aqzce aqzce
mzlsn mzlsn
zsehb zsehb
tyuep tyuep
coubd coubd
yzaje yzaje
lnfiu lnfiu
cursl cursl
omjfc omjfc
qdzgs qdzgs
xintv xintv
ywion ywion
gxdqt gxdqt
vczkh vczkh
yiodb yiodb
urlkt urlkt
rlfxc rlfxc
aeomh aeomh
artvi artvi
vmgxh vmgxh
ugamb ugamb
ablxw ablxw
otirh otirh
ugyls ugyls
tejxc tejxc
xeljy xeljy
yaxts yaxts
spuoi spuoi
xnysi xnysi
dowbf dowbf
misyc misyc
bcrwj bcrwj
lsnhz lsnhz
axmwy axmwy
ijvuq ijvuq
ijofp ijofp
