hdpxs xscoe oaeyh aqoyk fairz olqfv nzirf axthi gufvs rlumh xeylf uhxyj gdovn oewcd sktfj wkbuf yqtob mcyde dncuw lgcuf qsmkj cqsby qzasm mujil pqzow bfauz rmahk bigwn jcqfl qsmzo wajol nqtru mhekz lmwpk uiogl vobqh glrpy zqjxb mhuad pjzqm qbdwz oxitr iwpol qckjp hwmzn xlrzc pihld kbjmt xnpwq bdevm gvfpj pgdnx wotiq kxmbi ypdnb xbcew tjake laqzs stflc pgqva awhmz tuhfw pfeuc ebwcp yqfdk zgenl ymcfp hulpb pbqlk bldws yazqf vgwoi bwknx betwv xcvow amfiz fjkwc egclu kspyc wbvga jitgc sdqie rqenc dbjxw dkjro tmaji djbxa frhgc hoxir yxjgq fqjsk gdnim lirzq jcwpu yvfsg ekgsc evtgj tgeks txcno syoxv cxdes mvxup sxdiu mlibf wcjeg rdoqk cihba lpudv ahnds ziskg xzgdq sfizh pgtfb cxdfu tfcam ynwvu jhlus ehqyk qpbmc comrg xtzpg qhbyf iyuas qhvsb tkwle rzvtg yvbse jrghb drojn jmahd oxuqn wnelr aoqtg rchbw uklga joztf maqho dwyai ostkf hgzbc dsean myxlw pwydx swpdc mcwry vcwfj osvgp eatck tmwdy ramjo crlfe lrqft qtdze utdhx lnjxt cgjda wdquv tudbo gstwp aedvq bsvth ayrgb zcjqx armnk kzwah wjond btwzv pytwh qhibx tivko ktzce kscoz tndwl ohzfn oclyb kjihy rjuxc htkwy rjdai yqzit osxbc fjdqi witul tdjvy nzack uzybk evsbm cxajk whqrj lvqun bkfuc zadjy ndszt mtcsd dpuzr zxchm mkndy syoxf uakjq zntkr zntkr uakjq syoxf mkndy zxchm dpuzr mtcsd ndszt zadjy bkfuc lvqun whqrj cxajk evsbm uzybk nzack tdjvy witul fjdqi osxbc yqzit rjdai htkwy rjuxc kjihy oclyb ohzfn tndwl kscoz ktzce tivko qhibx pytwh btwzv wjond kzwah armnk zcjqx ayrgb bsvth aedvq gstwp tudbo wdquv cgjda lnjxt utdhx qtdze lrqft crlfe ramjo tmwdy eatck osvgp vcwfj mcwry swpdc pwydx myxlw dsean hgzbc ostkf dwyai maqho joztf uklga rchbw aoqtg wnelr oxuqn jmahd drojn jrghb yvbse rzvtg tkwle qhvsb iyuas qhbyf xtzpg comrg qpbmc ehqyk jhlus ynwvu tfcam cxdfu pgtfb sfizh xzgdq ziskg ahnds lpudv cihba rdoqk wcjeg mlibf sxdiu mvxup cxdes syoxv txcno tgeks evtgj ekgsc yvfsg jcwpu lirzq gdnim fqjsk yxjgq hoxir frhgc djbxa tmaji dkjro dbjxw rqenc sdqie jitgc wbvga kspyc egclu fjkwc amfiz xcvow betwv bwknx vgwoi yazqf bldws pbqlk hulpb ymcfp zgenl yqfdk ebwcp pfeuc tuhfw awhmz pgqva stflc laqzs tjake xbcew ypdnb kxmbi wotiq pgdnx gvfpj bdevm xnpwq kbjmt pihld xlrzc hwmzn qckjp iwpol oxitr qbdwz pjzqm mhuad zqjxb glrpy vobqh uiogl lmwpk mhekz nqtru wajol qsmzo jcqfl bigwn rmahk bfauz pqzow mujil qzasm cqsby qsmkj lgcuf dncuw mcyde yqtob wkbuf sktfj oewcd gdovn uhxyj xeylf rlumh gufvs axthi nzirf olqfv fairz aqoyk oaeyh xscoe hdpxs
100
mlibf mlibf
sxdiu sxdiu
qpbmc qpbmc
uiogl uiogl
uklga uklga
maqho maqho
yqtob yqtob
mujil mujil
tmwdy tmwdy
fjdqi fjdqi
xlrzc xlrzc
oxitr oxitr
nqtru nqtru
bdevm bdevm
ayrgb ayrgb
lnjxt lnjxt
armnk armnk
gdnim gdnim
zqjxb zqjxb
yqfdk yqfdk
drojn drojn
ohzfn ohzfn
jcwpu jcwpu
wotiq wotiq
joztf joztf
pytwh pytwh
cxdes cxdes
tndwl tndwl
qhibx qhibx
aedvq aedvq
ymcfp ymcfp
stflc stflc
wajol wajol
kscoz kscoz
mtcsd mtcsd
pgqva pgqva
btwzv btwzv
ahnds ahnds
utdhx utdhx
rjuxc rjuxc
dkjro dkjro
xnpwq xnpwq
frhgc frhgc
osvgp osvgp
bsvth bsvth
rjdai rjdai
qckjp qckjp
lmwpk lmwpk
wnelr wnelr
rlumh rlumh
syoxf syoxf
qbdwz qbdwz
zcjqx zcjqx
yazqf yazqf
vgwoi vgwoi
bkfuc bkfuc
cihba cihba
dbjxw dbjxw
gufvs gufvs
kjihy kjihy
iyuas iyuas
syoxv syoxv
zntkr zntkr
jhlus jhlus
ebwcp ebwcp
bwknx bwknx
amfiz amfiz
cqsby cqsby
wkbuf wkbuf
kzwah kzwah
yvbse yvbse
htkwy htkwy
oewcd oewcd
rchbw rchbw
oaeyh oaeyh
evtgj evtgj
cxajk cxajk
pihld pihld
lpudv lpudv
qsmkj qsmkj
mhekz mhekz
vcwfj vcwfj
ehqyk ehqyk
gdovn gdovn
gstwp gstwp
hwmzn hwmzn
tkwle tkwle
mhuad mhuad
oxuqn oxuqn
tjake tjake
wdquv wdquv
xcvow xcvow
evsbm evsbm
wcjeg wcjeg
rzvtg rzvtg
vobqh vobqh
osxbc osxbc
ktzce ktzce
ypdnb ypdnb
qhvsb qhvsb
