kwlpn dmbln fotdz xbuoj hvlcg pzeml xlyui izsvm usbaw iulxj yajhi jlmkx zyjtq gcrle rglwm angbz cjqms caglq mjuiv nwfly tqkro mycdr otwen qnbvz wopug kfbqn qubze aoqwl kdgwl gamis jzbvh jwlxv zekhd fcqmz rnpya uxlnj xbqma euykz kanje qixvs iltqx efnvq hpxog pqyvz jahcg xpcfi sdjpu khvgq yfxka yfxka wizsd wizsd khvgq sdjpu xpcfi jahcg pqyvz hpxog efnvq iltqx qixvs kanje euykz xbqma uxlnj rnpya fcqmz zekhd jwlxv jzbvh gamis kdgwl aoqwl qubze kfbqn wopug qnbvz otwen mycdr tqkro nwfly mjuiv caglq cjqms angbz rglwm gcrle zyjtq jlmkx yajhi iulxj usbaw izsvm xlyui pzeml hvlcg xbuoj fotdz dmbln kwlpn
20
gamis gamis
kfbqn kfbqn
jwlxv jwlxv
mycdr mycdr
gcrle gcrle
iltqx iltqx
pzeml pzeml
qixvs qixvs
jzbvh jzbvh
yajhi yajhi
tqkro tqkro
qubze qubze
kanje kanje
izsvm izsvm
xpcfi xpcfi
fotdz fotdz
mjuiv mjuiv
euykz euykz
jlmkx jlmkx
hpxog hpxog
