Hayward SantaClara Hayward Asheville Durham Bloomington Durham Asheville McHenry Torrance McHenry Springdale Waterloo Yonkers Huntsville KansasCity McAllen KansasCity Huntsville Burbank Chicago Burbank Danbury Atlanta Abilene GrandRapids Abilene Downey SaintLouis Harlingen Waco Corona Deltona Bryan Barnstable Kennewick NewYorkCity Newark LakeCharles Washington Wilmington PuntaGorda Omaha Topeka Montgomery ThousandOaks Montgomery SantaCruz Milwaukee BelAir York NewBedford SimiValley SaintPaul Bradenton Tucson Aurora Bakersfield Aurora Tucson PalmBay Modesto Hampton RichmondCounty Charlotte Hickory HuntingtonBeach Hickory Tyler Hickory Winston Murrieta Tampa Murrieta Winston Memphis CedarRapids Hayward
49
PuntaGorda PuntaGorda
Tyler Tyler
ThousandOaks ThousandOaks
PalmBay PalmBay
Tucson Tucson
Barnstable Barnstable
Yonkers Yonkers
Burbank Burbank
McHenry McHenry
Harlingen Harlingen
Charlotte Charlotte
Omaha Omaha
Topeka Topeka
Deltona Deltona
Danbury Danbury
Downey Downey
Asheville Asheville
McAllen McAllen
Chicago Chicago
GrandRapids GrandRapids
BelAir BelAir Monroe
Aurora Aurora
CedarRapids CedarRapids
LakeCharles LakeCharles
Bradenton Bradenton
RichmondCounty RichmondCounty
SantaCruz SantaCruz
Modesto Modesto
HuntingtonBeach HuntingtonBeach
Huntsville Huntsville
NewYorkCity NewYorkCity
Tampa Tampa
Bakersfield Bakersfield
Springdale Springdale
SantaClara SantaClara
Atlanta Atlanta
Durham Durham
Newark Newark
Torrance Torrance
Memphis Memphis
Kennewick Kennewick
Bloomington Bloomington
NewBedford NewBedford
SaintPaul SaintPaul
York York
Hickory Hickory
Waco Waco
Waterloo Waterloo
Hampton Hampton
