Hayward Shreveport Hartford NorthLasVegas SterlingHeights Champaign Charlotte ElPaso Burlington Downey Topeka Henderson NewYorkCity Omaha Scottsdale Lorain RoundLakeBeach Kalamazoo NewYork Monroe Escondido Mesquite CapeCoral Bloomington LasVegas Stamford Marysville Boise Eugene Anaheim Columbus Independence Cincinnati NewportNews SimiValley Aberdeen SantaClara VeroBeach PembrokePines Racine PembrokePines LasVegas Nashua Tyler Arvada Scranton Sarasota HuntingtonBeach Harrisburg BoiseCity Detroit Merced ElMonte McAllen Elkhart Modesto PuntaGorda Hemet Mobile SanBernardino Pueblo Youngstown Barnstable Youngstown SouthBend Bakersfield SouthBend Fresno JohnsonCity HavredeGrace Bryan Birmingham Bryan Lubbock Melbourne Torrance RichmondCounty PortArthur Lacey Savannah OverlandPark Greenville Plano Hagerstown PalmBay CorpusChristi StPaul CathedralCity Ogden Reno York Tucson ThousandOaks PortSaintLucie Olympia PortSaintLucie ThousandOaks Huntsville Kissimmee Marina Frederick Marina Hialeah Albuquerque Oxnard SanBuenaventura Norwich Utica Anchorage Carrollton SiouxFalls Carrollton Newburgh Waterbury Lafayette GreenBay Laredo Gastonia Hampton Newark Hampton Salem Deltona Boston Vancouver GrandRapids SaintPaul Duluth Fullerton Flint Trenton Louisville Boulder LakeCharles Spartanburg Springfield Harlingen Columbia Escondido Sacramento StLouis Norwalk SouthLyon NewBedford Orem Bethlehem Orem Shreveport Hayward
93
PuntaGorda PuntaGorda
Tyler Tyler
Cincinnati Cincinnati
ThousandOaks ThousandOaks
Norwich Norwich SanBuenaventura
PalmBay PalmBay
Tucson Tucson
Utica Utica
Pueblo Pueblo
Albuquerque Albuquerque
Laredo Laredo
NewportNews NewportNews
Barnstable Barnstable
JohnsonCity JohnsonCity
Greenville Greenville
Eugene Eugene
Racine Racine
Nashua Nashua
RoundLakeBeach RoundLakeBeach
Harlingen Harlingen
Newburgh Newburgh
HavredeGrace HavredeGrace
Charlotte Charlotte
OverlandPark OverlandPark Anchorage
Omaha Omaha
Topeka Topeka
CapeCoral CapeCoral
Deltona Deltona
Marina Marina
Salem Salem
LasVegas LasVegas
Downey Downey
Hagerstown Hagerstown
Birmingham Birmingham
Mesquite Mesquite
Flint Flint
McAllen McAllen
Lubbock Lubbock
CorpusChristi CorpusChristi
Marysville Layton Stamford Marysville
Fullerton Fullerton
Bethlehem Bethlehem
NorthLasVegas NorthLasVegas Hartford
StLouis StLouis
GrandRapids GrandRapids SaintPaul
Frederick Frederick
Boise Boise
Arvada Arvada
Oxnard Oxnard
Hemet Hemet
Scranton Scranton
Fresno Fresno
Waterbury Waterbury
LakeCharles LakeCharles
Olympia Olympia
RichmondCounty RichmondCounty
Duluth Duluth
Modesto Modesto
Henderson Henderson NewYorkCity
HuntingtonBeach HuntingtonBeach
Huntsville Huntsville
Lacey Lacey
Burlington Burlington
Columbus Columbus
Savannah Savannah
Vancouver Vancouver
Detroit Detroit
Hialeah Hialeah
CathedralCity CathedralCity
GreenBay GreenBay
Bakersfield Bakersfield
Monroe Monroe
Louisville Louisville
ElPaso ElPaso
SantaClara SantaClara
Kissimmee Kissimmee
Newark Newark
Torrance Torrance
Plano Plano
Bloomington Bloomington
Kalamazoo Kalamazoo
NewBedford NewBedford
SiouxFalls SiouxFalls
Elkhart Elkhart
Champaign Champaign
Anaheim Anaheim
York York
Spartanburg Spartanburg
Scottsdale Scottsdale
Aberdeen Aberdeen
Mobile Mobile
Melbourne Melbourne
Ogden Ogden
