Aberdeen Reno Hampton Pensacola Newburgh Miramar McAllen Modesto SanBernardino Hartford SanAntonio ChulaVista Racine Montgomery Gainesville Lewisville Chattanooga SaltLakeCity Lowell WestValleyCity Henderson Austin Winston Tuscaloosa Bremerton Marina Marina Olathe Springdale Carrollton Redding GreenBay Palmdale Lakewood StPetersburg Scranton SouthLyon Frederick PortArthur Murrieta Norwalk Kennewick AppleValley AppleValley Kennewick Lancaster Lancaster Riverside Roanoke Richmond MyrtleBeach Elkhart Elkhart MyrtleBeach Columbia Columbia Richmond Roanoke Riverside Norwalk Murrieta PortArthur Frederick SouthLyon Scranton StPetersburg Lakewood Palmdale GreenBay Mesquite Mesquite Redding Carrollton Springdale Olathe Bremerton Tuscaloosa Winston Austin Henderson WestValleyCity Lowell SaltLakeCity Chattanooga Lewisville Gainesville Montgomery Racine ChulaVista SanAntonio Hartford SanBernardino Modesto McAllen Miramar Newburgh Pensacola Hampton Reno Aberdeen
25
Pensacola Pensacola
SaltLakeCity SaltLakeCity
Gainesville Gainesville
Hampton Hampton
Winston Winston
Tuscaloosa Tuscaloosa
WestValleyCity WestValleyCity
Chattanooga Chattanooga
Modesto Modesto
Henderson Henderson
Lewisville Lewisville
Miramar Miramar
Racine Racine
Reno Reno
Lowell Lowell
SanBernardino SanBernardino
SouthLyon SouthLyon
Newburgh Newburgh
Austin Austin
Montgomery Montgomery
GreenBay GreenBay
SanAntonio SanAntonio
StPetersburg StPetersburg
Marina Marina
Springdale Springdale
