AndyandZeyu c b e d f i h g j j g h i f d e b c c0 AndyandZeyu0 b0 d0 e0 f0 g0 j0 j0 g0 h0 i0 i0 h0 f0 e0 d0 b0 AndyandZeyu0 c0 AndyandZeyu1 b1 c1 d1 e1 f1 g1 h1 i1 j1 j1 i1 h1 g1 f1 e1 d1 c1 b1 AndyandZeyu1 b2 AndyandZeyu2 d2 c2 e2 f2 g2 j2 h2 i2 i2 h2 j2 g2 f2 e2 c2 d2 AndyandZeyu2 b2 AndyandZeyu3 b3 c3 e3 h3 d3 f3 g3 i3 i3 j3 j3 g3 f3 d3 h3 e3 c3 b3 AndyandZeyu3 b4 AndyandZeyu4 d4 c4 e4 h4 g4 f4 i4 i4 f4 g4 h4 e4 c4 d4 AndyandZeyu4 b4 b5 j4 AndyandZeyu5 c5 d5 e5 f5 i5 i5 f5 g5 h5 h5 g5 e5 d5 c5 AndyandZeyu5 j4 b5 j5 AndyandZeyu6 b6 c6 d6 e6 f6 g6 h6 i6 i6 h6 g6 f6 e6 d6 c6 b6 AndyandZeyu6 j5 AndyandZeyu7 j6 c7 b7 d7 e7 f7 i7 g7 h7 h7 g7 i7 f7 e7 d7 b7 c7 j6 AndyandZeyu7 AndyandZeyu8 j7 c8 b8 d8 e8 f8 g8 i8 h8 h8 i8 g8 j8 j8 f8 e8 d8 b8 c8 j7 AndyandZeyu8 AndyandZeyu
50
f f
g g
h h
i i
j j
f0 f0
g0 g0
h0 h0
i0 i0
j0 j0
f1 f1
g1 g1
h1 h1
i1 i1
j1 j1
f2 f2
g2 g2
h2 h2
i2 i2
j2 j2
f3 f3
g3 g3
h3 h3
i3 i3
j3 j3
f4 f4
g4 g4
h4 h4
i4 i4
j4 j4
f5 f5
g5 g5
h5 h5
i5 i5
j5 j5
f6 f6
g6 g6
h6 h6
i6 i6
j6 j6
f7 f7
g7 g7
h7 h7
i7 i7
j7 j7
f8 f8
g8 g8
h8 h8
i8 i8
j8 j8
