AndyandZeyu c b e d f i h g j j g h i f d e b c c0 AndyandZeyu0 b0 d0 e0 f0 g0 j0 j0 g0 h0 i0 i0 h0 f0 e0 d0 b0 AndyandZeyu0 c0 AndyandZeyu1 b1 c1 d1 e1 f1 g1 h1 i1 j1 j1 i1 h1 g1 f1 e1 d1 c1 b1 AndyandZeyu1 b2 AndyandZeyu2 d2 c2 e2 f2 g2 j2 h2 i2 i2 h2 j2 g2 f2 e2 c2 d2 AndyandZeyu2 b2 AndyandZeyu3 b3 c3 e3 h3 d3 f3 g3 i3 i3 j3 j3 g3 f3 d3 h3 e3 c3 b3 AndyandZeyu3 AndyandZeyu
25
f f
g g
h h
i i
j j
f0 f0
g0 g0
h0 h0
i0 i0
j0 j0
f1 f1
g1 g1
h1 h1
i1 i1
j1 j1
f2 f2
g2 g2
h2 h2
i2 i2
j2 j2
f3 f3
g3 g3
h3 h3
i3 i3
j3 j3
