AndyandZeyu c b e d f i h g j j g h i f d e b c c0 AndyandZeyu0 b0 d0 e0 f0 g0 j0 j0 g0 h0 i0 i0 h0 f0 e0 d0 b0 AndyandZeyu0 c0 AndyandZeyu1 b1 c1 d1 e1 f1 g1 h1 i1 j1 j1 i1 h1 g1 f1 e1 d1 c1 b1 AndyandZeyu1 b2 AndyandZeyu2 d2 c2 e2 f2 g2 j2 h2 i2 i2 h2 j2 g2 f2 e2 c2 d2 AndyandZeyu2 b2 AndyandZeyu3 b3 c3 e3 h3 d3 f3 g3 i3 i3 j3 j3 g3 f3 d3 h3 e3 c3 b3 AndyandZeyu3 b4 AndyandZeyu4 d4 c4 e4 h4 g4 f4 i4 i4 f4 g4 h4 e4 c4 d4 AndyandZeyu4 b4 b5 j4 AndyandZeyu5 c5 d5 e5 f5 i5 i5 f5 g5 h5 h5 g5 e5 d5 c5 AndyandZeyu5 j4 b5 j5 AndyandZeyu6 b6 c6 d6 e6 f6 g6 h6 i6 i6 h6 g6 f6 e6 d6 c6 b6 AndyandZeyu6 j5 AndyandZeyu7 j6 c7 b7 d7 e7 f7 i7 g7 h7 h7 g7 i7 f7 e7 d7 b7 c7 j6 AndyandZeyu7 AndyandZeyu8 j7 c8 b8 d8 e8 f8 g8 i8 h8 h8 i8 g8 j8 j8 f8 e8 d8 b8 c8 j7 AndyandZeyu8 b9 AndyandZeyu9 d9 c9 e9 h9 g9 f9 i9 i9 f9 g9 h9 e9 c9 d9 AndyandZeyu9 b9 b10 j9 AndyandZeyu10 c10 d10 e10 f10 i10 i10 f10 g10 h10 h10 g10 e10 d10 c10 AndyandZeyu10 j9 b10 j10 AndyandZeyu11 b11 c11 d11 e11 f11 g11 h11 i11 i11 h11 g11 f11 e11 d11 c11 b11 AndyandZeyu11 j10 AndyandZeyu12 j11 c12 b12 d12 e12 f12 i12 g12 h12 h12 g12 i12 f12 e12 d12 b12 c12 j11 AndyandZeyu12 AndyandZeyu13 j12 c13 b13 d13 e13 f13 g13 i13 h13 h13 i13 g13 j13 j13 f13 e13 d13 b13 c13 j12 AndyandZeyu13 b14 AndyandZeyu14 d14 c14 e14 h14 g14 f14 i14 i14 f14 g14 h14 e14 c14 d14 AndyandZeyu14 b14 b15 j14 AndyandZeyu15 c15 d15 e15 f15 i15 i15 f15 g15 h15 h15 g15 e15 d15 c15 AndyandZeyu15 j14 b15 j15 AndyandZeyu16 b16 c16 d16 e16 f16 g16 h16 i16 i16 h16 g16 f16 e16 d16 c16 b16 AndyandZeyu16 j15 AndyandZeyu17 j16 c17 b17 d17 e17 f17 i17 g17 h17 h17 g17 i17 f17 e17 d17 b17 c17 j16 AndyandZeyu17 AndyandZeyu18 j17 c18 b18 d18 e18 f18 g18 i18 h18 h18 i18 g18 j18 j18 f18 e18 d18 b18 c18 j17 AndyandZeyu18 AndyandZeyu
100
f f
g g
h h
i i
j j
f0 f0
g0 g0
h0 h0
i0 i0
j0 j0
f1 f1
g1 g1
h1 h1
i1 i1
j1 j1
f2 f2
g2 g2
h2 h2
i2 i2
j2 j2
f3 f3
g3 g3
h3 h3
i3 i3
j3 j3
f4 f4
g4 g4
h4 h4
i4 i4
j4 j4
f5 f5
g5 g5
h5 h5
i5 i5
j5 j5
f6 f6
g6 g6
h6 h6
i6 i6
j6 j6
f7 f7
g7 g7
h7 h7
i7 i7
j7 j7
f8 f8
g8 g8
h8 h8
i8 i8
j8 j8
f9 f9
g9 g9
h9 h9
i9 i9
j9 j9
f10 f10
g10 g10
h10 h10
i10 i10
j10 j10
f11 f11
g11 g11
h11 h11
i11 i11
j11 j11
f12 f12
g12 g12
h12 h12
i12 i12
j12 j12
f13 f13
g13 g13
h13 h13
i13 i13
j13 j13
f14 f14
g14 g14
h14 h14
i14 i14
j14 j14
f15 f15
g15 g15
h15 h15
i15 i15
j15 j15
f16 f16
g16 g16
h16 h16
i16 i16
j16 j16
f17 f17
g17 g17
h17 h17
i17 i17
j17 j17
f18 f18
g18 g18
h18 h18
i18 i18
j18 j18
