A B C D F E G H I J K L M N O R S P Q T U V W X Y TA TA1 TA2 TA3 TA4 TA7 TA5 TA6 TA8 TA9 TA10 TA11 TA12 TA14 TA13 TA15 TA18 TA16 TA17 TA19 TA21 TA20 TA22 TA23 TA24 A1 B1 C1 E1 F1 G1 D1 H1 I1 J1 K1 L1 N1 M1 O1 P1 Q1 R1 S1 T1 V1 U1 W1 X1 Y1 TB11 TB1 TA31 TA41 TB21 TA51 TA61 TA81 TA91 TA71 TA101 TA111 TA121 TA131 TA141 TA181 TA151 TA161 TA171 TA191 TA201 TA221 TA211 TA231 TA241 B2 A2 C2 E2 D2 F2 H2 G2 I2 M2 J2 K2 L2 N2 O2 P2 Q2 S2 T2 R2 U2 W2 V2 Y2 X2 TA2N TA22N TA12N TA32N TA42N TA52N TA62N TA72N TA102N TA82N TA92N TA132N TA112N TA122N TA152N TA162N TA142N TA172N TA182N TA192N TA202N TA232N TA212N TA242N TA222N A12 D12 B12 C12 G12 F12 E12 H12 J12 I12 K12 L12 O12 M12 N12 P12 Q12 R12 S12 T12 V12 U12 X12 W12 Y12 TA12NN TA112NN TA212NN TA312NN TA412NN TA512NN TA712NN TA612NN TA912NN TA812NN TA1112NN TA1312NN TA1412NN TA1612NN TA1012NN TA1212NN TA1512NN TA1812NN TA1712NN TA1912NN TA2012NN TA2312NN TA2112NN TA2212NN TA2412NN TA2412NN TA2212NN TA2112NN TA2312NN TA2012NN TA1912NN TA1712NN TA1812NN TA1512NN TA1212NN TA1012NN TA1612NN TA1412NN TA1312NN TA1112NN TA812NN TA912NN TA612NN TA712NN TA512NN TA412NN TA312NN TA212NN TA112NN TA12NN Y12 W12 X12 U12 V12 T12 S12 R12 Q12 P12 N12 M12 O12 L12 K12 I12 J12 H12 E12 F12 G12 C12 B12 D12 A12 TA222N TA242N TA212N TA232N TA202N TA192N TA182N TA172N TA142N TA162N TA152N TA122N TA112N TA132N TA92N TA82N TA102N TA72N TA62N TA52N TA42N TA32N TA12N TA22N TA2N X2 Y2 V2 W2 U2 R2 T2 S2 Q2 P2 O2 N2 L2 K2 J2 M2 I2 G2 H2 F2 D2 E2 C2 A2 B2 TA241 TA231 TA211 TA221 TA201 TA191 TA171 TA161 TA151 TA181 TA141 TA131 TA121 TA111 TA101 TA71 TA91 TA81 TA61 TA51 TB21 TA41 TA31 TB1 TB11 Y1 X1 W1 U1 V1 T1 S1 R1 Q1 P1 O1 M1 N1 L1 K1 J1 I1 H1 D1 G1 F1 E1 C1 B1 A1 TA24 TA23 TA22 TA20 TA21 TA19 TA17 TA16 TA18 TA15 TA13 TA14 TA12 TA11 TA10 TA9 TA8 TA6 TA5 TA7 TA4 TA3 TA2 TA1 TA Y X W V U T Q P S R O N M L K J I H G E F D C B A
100
TA TA
TA1 TA1
TA2 TA2
TA3 TA3
TA4 TA4
TA5 TA5
TA6 TA6
TA7 TA7
TA8 TA8
TA9 TA9
TA10 TA10
TA11 TA11
TA12 TA12
TA13 TA13
TA14 TA14
TA15 TA15
TA16 TA16
TA17 TA17
TA18 TA18
TA19 TA19
TA20 TA20
TA21 TA21
TA22 TA22
TA23 TA23
TA24 TA24
TB1 TB1
TB11 TB11
TB21 TB21
TA31 TA31
TA41 TA41
TA51 TA51
TA61 TA61
TA71 TA71
TA81 TA81
TA91 TA91
TA101 TA101
TA111 TA111
TA121 TA121
TA131 TA131
TA141 TA141
TA151 TA151
TA161 TA161
TA171 TA171
TA181 TA181
TA191 TA191
TA201 TA201
TA211 TA211
TA221 TA221
TA231 TA231
TA241 TA241
TA2N TA2N
TA12N TA12N
TA22N TA22N
TA32N TA32N
TA42N TA42N
TA52N TA52N
TA62N TA62N
TA72N TA72N
TA82N TA82N
TA92N TA92N
TA102N TA102N
TA112N TA112N
TA122N TA122N
TA132N TA132N
TA142N TA142N
TA152N TA152N
TA162N TA162N
TA172N TA172N
TA182N TA182N
TA192N TA192N
TA202N TA202N
TA212N TA212N
TA222N TA222N
TA232N TA232N
TA242N TA242N
TA12NN TA12NN
TA112NN TA112NN
TA212NN TA212NN
TA312NN TA312NN
TA412NN TA412NN
TA512NN TA512NN
TA612NN TA612NN
TA712NN TA712NN
TA812NN TA812NN
TA912NN TA912NN
TA1012NN TA1012NN
TA1112NN TA1112NN
TA1212NN TA1212NN
TA1312NN TA1312NN
TA1412NN TA1412NN
TA1512NN TA1512NN
TA1612NN TA1612NN
TA1712NN TA1712NN
TA1812NN TA1812NN
TA1912NN TA1912NN
TA2012NN TA2012NN
TA2112NN TA2112NN
TA2212NN TA2212NN
TA2312NN TA2312NN
TA2412NN TA2412NN
