0 1 2 3 4 5 6 7 8 9 10 11 12 13 14 15 16 17 18 18 17 16 15 14 13 12 11 10 9 8 7 6 5 4 3 2 19 20 22 23 21 27 26 25 24 24 25 26 27 31 30 29 28 28 29 30 31 32 33 34 35 36 51 41 40 39 38 37 37 38 39 40 41 43 42 42 43 45 44 44 45 50 49 48 47 46 46 47 48 49 50 52 53 54 55 56 57 58 59 60 61 61 60 59 58 57 56 55 54 53 62 63 64 65 73 69 68 67 66 66 67 68 69 72 71 70 70 71 72 74 76 77 78 79 80 81 75 85 84 83 82 82 83 84 85 86 86 87 87 88 89 90 91 92 93 94 95 96 99 98 97 97 98 99 96 95 94 93 92 91 90 89 88 75 81 80 79 78 77 76 74 73 65 64 63 62 52 51 36 35 34 33 32 21 23 22 20 19 1 0
25
2 2
7 7
17 17
4 4
15 15
23 23
25 25
30 30
33 33
40 40
42 42
44 44
48 48
53 53
56 56
54 54
64 64
67 67
72 72
76 76
83 83
86 86
87 87
96 96
98 98
