0 1 2 3 4 5 6 7 8 9 10 11 12 13 14 15 16 17 18 18 17 16 15 14 13 12 11 10 9 8 7 6 5 4 3 2 19 20 22 23 21 27 26 25 24 24 25 26 27 31 30 29 28 28 29 30 31 32 33 34 35 36 51 41 40 39 38 37 37 38 39 40 41 43 42 42 43 45 44 44 45 50 49 48 47 46 46 47 48 49 50 52 53 54 55 56 57 58 59 60 61 61 60 59 58 57 56 55 54 53 62 63 64 65 73 69 68 67 66 66 67 68 69 72 71 70 70 71 72 74 76 77 78 79 80 81 75 85 84 83 82 82 83 84 85 86 86 87 87 88 89 91 92 93 90 97 96 95 94 94 95 96 97 99 98 98 99 103 102 101 100 100 101 102 103 104 105 106 107 111 110 109 108 108 109 110 112 113 114 115 116 117 118 119 120 120 119 118 117 116 115 114 113 121 122 123 124 125 128 127 126 126 127 129 130 137 136 135 134 133 132 131 131 132 133 134 135 136 138 140 141 142 143 144 139 146 145 145 146 147 148 149 150 156 155 154 153 152 151 151 152 153 154 155 157 158 159 160 161 162 163 164 165 166 167 168 169 170 171 172 172 171 170 169 168 167 166 165 164 163 162 161 160 159 158 173 174 175 176 177 178 179 180 181 182 183 184 185 186 187 188 188 187 186 185 184 183 182 181 180 179 178 177 176 175 189 190 192 193 191 196 195 194 194 195 196 198 197 197 198 199 199 191 193 192 190 189 174 173 157 156 150 149 148 147 139 144 143 142 141 140 138 137 130 129 128 125 124 123 122 121 112 111 107 106 105 104 90 93 92 91 89 88 75 81 80 79 78 77 76 74 73 65 64 63 62 52 51 36 35 34 33 32 21 23 22 20 19 1 0
50
2 2
7 7
17 17
4 4
15 15
23 23
25 25
30 30
33 33
40 40
42 42
44 44
48 48
53 53
56 56
54 54
64 64
67 67
72 72
76 76
83 83
86 86
87 87
91 91
94 94
99 99
101 101
105 105
108 108
114 114
120 120
124 124
127 127
130 130
136 136
142 142
146 146
148 148
154 154
172 172
168 168
158 158
163 163
182 182
186 186
178 178
176 176
192 192
194 194
198 198
