MfdzFvsdGbvl VyXrTLUcizAa DAmjVaIibnaw XdsuYjiPexAe buqjmAINqGzN tywOQDwDhjwZ FGVxzATBToEc sHmvjcbScYOJ NtVMseWKItey SgyAcloZDNJV hypFtIVCahEe dDFWxTbuPymh lFgwKopYqWSC EoEdLMroSPNp EHsjieLYFsXi AGbRQRBgaOdX pQCFwcmaYfTN FwMUcwhoFAni NlmuUUVQUbgI QifLRRQkbeZy nOAOIuLzBRCw ymJllvoAiAsf SojgLCNtJNvq axLiuEEXvnsQ aHWPEwFhStur sHOyjNqQLXTd GXOXpdorUaOT dFUHctNjrywb VARFNCcqfgIc mtRsLIzrlNLu FCrKCfVsEsBk PQTqeEtJjrHq PUcvIgREsriS noaMakAlHdwq QHpWWcCYavdw DvRTDyBMOCbT TMtqGHcSigHN mmMjGkvjTCoD qcdkpkNqqMWI tuAWqVDVesZP MOpktZzuQRCH SyelSPMftDaa pWbJtVdThhym mghmklyBsbHa oFUEyQPISWry AMizjBPjmCZd XwUlFDTbjpNE ByOIdNUscaaI RICmsRCgzRsB PnbamVANEguC jBrNTBMPxyQD RabcWXICLpRH MTGbHUkgheIT EKlhdWMAwsNS pkzKsTORVYro dTiZHahuktjU hyNIuUiwmDQV QPEIZKGvnFvj BxGViQLocTbz ZjfLZjjegWJT jQrllEpFyFwz OxOMbLimJOmd DFscNnuMhxUC avuRLTuajeOl hCxjbMrSlUJQ BbyhqvohDUZK uFHfCerNFIme TRkvIqPveIxn GemeldahvdVv FBJfxxErGDSJ MkUBuIisCVpZ hLGIbMiwjPgd UUfgFbkMxjKZ TbekQRoKcInv deJmWrylVSGK PvZWLvSzyZfH tJMNrevGrvUO ehvwzEqdJOJs rVqgoVgUmLRB UVLyMXgqTFaJ aBJRRPhsiAKx VoNfUrKVVTmI GuSSYBNHDbKE LkEUjKFNAyBd TKYUSygHfBDR CuwogbndJgoN rrRAqFcoDYfk GKWfMfVZxbJi IHnRSACwPeSd TNZEyWBHGREz syZneDWxHZbv plKUVNXwKfVb uGMlduvuPOls wARTgiJzMSWu arcJTkwUqbUy BkcPMTugAswL NSRMVzMbujAG afQyzVRujUXw mFYKjQfCsRtT mFYKjQfCsRtT afQyzVRujUXw MLnLJmQHwuOS MLnLJmQHwuOS NSRMVzMbujAG BkcPMTugAswL arcJTkwUqbUy wARTgiJzMSWu uGMlduvuPOls plKUVNXwKfVb syZneDWxHZbv TNZEyWBHGREz IHnRSACwPeSd GKWfMfVZxbJi rrRAqFcoDYfk CuwogbndJgoN TKYUSygHfBDR LkEUjKFNAyBd GuSSYBNHDbKE VoNfUrKVVTmI aBJRRPhsiAKx UVLyMXgqTFaJ rVqgoVgUmLRB ehvwzEqdJOJs tJMNrevGrvUO PvZWLvSzyZfH deJmWrylVSGK TbekQRoKcInv UUfgFbkMxjKZ hLGIbMiwjPgd MkUBuIisCVpZ FBJfxxErGDSJ GemeldahvdVv TRkvIqPveIxn uFHfCerNFIme BbyhqvohDUZK hCxjbMrSlUJQ avuRLTuajeOl DFscNnuMhxUC OxOMbLimJOmd jQrllEpFyFwz ZjfLZjjegWJT BxGViQLocTbz QPEIZKGvnFvj hyNIuUiwmDQV dTiZHahuktjU pkzKsTORVYro EKlhdWMAwsNS MTGbHUkgheIT RabcWXICLpRH jBrNTBMPxyQD PnbamVANEguC RICmsRCgzRsB ByOIdNUscaaI XwUlFDTbjpNE AMizjBPjmCZd oFUEyQPISWry mghmklyBsbHa pWbJtVdThhym SyelSPMftDaa MOpktZzuQRCH tuAWqVDVesZP qcdkpkNqqMWI mmMjGkvjTCoD TMtqGHcSigHN DvRTDyBMOCbT QHpWWcCYavdw noaMakAlHdwq PUcvIgREsriS PQTqeEtJjrHq FCrKCfVsEsBk mtRsLIzrlNLu VARFNCcqfgIc dFUHctNjrywb GXOXpdorUaOT sHOyjNqQLXTd aHWPEwFhStur axLiuEEXvnsQ SojgLCNtJNvq ymJllvoAiAsf nOAOIuLzBRCw QifLRRQkbeZy NlmuUUVQUbgI FwMUcwhoFAni pQCFwcmaYfTN AGbRQRBgaOdX EHsjieLYFsXi EoEdLMroSPNp lFgwKopYqWSC dDFWxTbuPymh hypFtIVCahEe SgyAcloZDNJV NtVMseWKItey sHmvjcbScYOJ FGVxzATBToEc tywOQDwDhjwZ buqjmAINqGzN XdsuYjiPexAe DAmjVaIibnaw VyXrTLUcizAa MfdzFvsdGbvl
50
BbyhqvohDUZK BbyhqvohDUZK
ymJllvoAiAsf ymJllvoAiAsf
ZjfLZjjegWJT ZjfLZjjegWJT
VARFNCcqfgIc VARFNCcqfgIc
QifLRRQkbeZy QifLRRQkbeZy
rVqgoVgUmLRB rVqgoVgUmLRB
noaMakAlHdwq noaMakAlHdwq
DFscNnuMhxUC DFscNnuMhxUC
dDFWxTbuPymh dDFWxTbuPymh
VyXrTLUcizAa VyXrTLUcizAa
rrRAqFcoDYfk rrRAqFcoDYfk
PvZWLvSzyZfH PvZWLvSzyZfH
MLnLJmQHwuOS MLnLJmQHwuOS
DvRTDyBMOCbT DvRTDyBMOCbT
PUcvIgREsriS PUcvIgREsriS
TbekQRoKcInv TbekQRoKcInv
arcJTkwUqbUy arcJTkwUqbUy
tywOQDwDhjwZ tywOQDwDhjwZ
hLGIbMiwjPgd hLGIbMiwjPgd
MkUBuIisCVpZ MkUBuIisCVpZ
uFHfCerNFIme uFHfCerNFIme
hCxjbMrSlUJQ hCxjbMrSlUJQ
AMizjBPjmCZd AMizjBPjmCZd
FCrKCfVsEsBk FCrKCfVsEsBk
mFYKjQfCsRtT mFYKjQfCsRtT
buqjmAINqGzN buqjmAINqGzN
dFUHctNjrywb dFUHctNjrywb
PnbamVANEguC PnbamVANEguC
GuSSYBNHDbKE GuSSYBNHDbKE
QHpWWcCYavdw QHpWWcCYavdw
RICmsRCgzRsB RICmsRCgzRsB
plKUVNXwKfVb plKUVNXwKfVb
jBrNTBMPxyQD jBrNTBMPxyQD
GemeldahvdVv GemeldahvdVv
pQCFwcmaYfTN pQCFwcmaYfTN
PQTqeEtJjrHq PQTqeEtJjrHq
axLiuEEXvnsQ axLiuEEXvnsQ
deJmWrylVSGK deJmWrylVSGK
GKWfMfVZxbJi GKWfMfVZxbJi
NlmuUUVQUbgI NlmuUUVQUbgI
mtRsLIzrlNLu mtRsLIzrlNLu
pkzKsTORVYro pkzKsTORVYro
MOpktZzuQRCH MOpktZzuQRCH
SgyAcloZDNJV SgyAcloZDNJV
AGbRQRBgaOdX AGbRQRBgaOdX
SojgLCNtJNvq SojgLCNtJNvq
UVLyMXgqTFaJ UVLyMXgqTFaJ
BkcPMTugAswL BkcPMTugAswL
IHnRSACwPeSd IHnRSACwPeSd
EoEdLMroSPNp EoEdLMroSPNp
