MHnVCXOJJwOI SJPfUQrbAbqM DGewetxtXjTj ylmNfOGBFkcD UAhLDhBNYkFI GOzHydHgDvru jUXDlSgJaReC aPIwxDrzUkSj FghBNnxlptiY DzynwWJrrvdk iBzfnTemabxr ilCjMogPnNTK SPoMbAzxrqrj YbGvPudTcbyh NmmqQKqzdERM svpVoYHpEpjH ECMlxrWZECRR VBMFkbrPCjxa bVDkAfQbeTmx DtMLcnKexBbF crcFIKqbaYTC xXFXuzbZwCaf jmWqilJNXyuV PaWasRDhTGLg QvZmZiRVxtKV MlFqcqjWiUdI IhlWYkABMGAA dKDljXfjimQu GJubAWGDHDpt KhOySTFpTHBN EBzAvcxWSvqV lLzUdHIgNEWg PCNGxUSnzrYJ cXYRsTNMJDHO KKNtdnAHmUpc NkzUoyRYPnbb phTlHtTwrYOU GLfJulJDWdHA oClepMbylsqk YjcHSWuOcQIw YfpLHnDpSXzc RWoTZCNhceUR ltlOmMSvjmIL FhVNapbaoZOZ wqtmadANCdBE UvfnFwkwYqFk AZrILCuGwbtV GoPPViXuIoMW UQfRaVuMahIZ JCPkGQQBkgge JCPkGQQBkgge UQfRaVuMahIZ GoPPViXuIoMW AZrILCuGwbtV UvfnFwkwYqFk wqtmadANCdBE FhVNapbaoZOZ ltlOmMSvjmIL RWoTZCNhceUR YfpLHnDpSXzc YjcHSWuOcQIw oClepMbylsqk GLfJulJDWdHA phTlHtTwrYOU NkzUoyRYPnbb KKNtdnAHmUpc cXYRsTNMJDHO PCNGxUSnzrYJ lLzUdHIgNEWg EBzAvcxWSvqV KhOySTFpTHBN GJubAWGDHDpt dKDljXfjimQu IhlWYkABMGAA MlFqcqjWiUdI QvZmZiRVxtKV PaWasRDhTGLg jmWqilJNXyuV xXFXuzbZwCaf crcFIKqbaYTC DtMLcnKexBbF bVDkAfQbeTmx VBMFkbrPCjxa ECMlxrWZECRR svpVoYHpEpjH NmmqQKqzdERM YbGvPudTcbyh SPoMbAzxrqrj ilCjMogPnNTK iBzfnTemabxr DzynwWJrrvdk FghBNnxlptiY aPIwxDrzUkSj jUXDlSgJaReC GOzHydHgDvru UAhLDhBNYkFI ylmNfOGBFkcD DGewetxtXjTj SJPfUQrbAbqM MHnVCXOJJwOI
25
SJPfUQrbAbqM SJPfUQrbAbqM
svpVoYHpEpjH svpVoYHpEpjH
PCNGxUSnzrYJ PCNGxUSnzrYJ
JCPkGQQBkgge JCPkGQQBkgge
AZrILCuGwbtV AZrILCuGwbtV
SPoMbAzxrqrj SPoMbAzxrqrj
KKNtdnAHmUpc KKNtdnAHmUpc
jmWqilJNXyuV jmWqilJNXyuV
MlFqcqjWiUdI MlFqcqjWiUdI
oClepMbylsqk oClepMbylsqk
phTlHtTwrYOU phTlHtTwrYOU
YfpLHnDpSXzc YfpLHnDpSXzc
NkzUoyRYPnbb NkzUoyRYPnbb
FhVNapbaoZOZ FhVNapbaoZOZ
bVDkAfQbeTmx bVDkAfQbeTmx
ilCjMogPnNTK ilCjMogPnNTK
crcFIKqbaYTC crcFIKqbaYTC
RWoTZCNhceUR RWoTZCNhceUR
NmmqQKqzdERM NmmqQKqzdERM
UvfnFwkwYqFk UvfnFwkwYqFk
GLfJulJDWdHA GLfJulJDWdHA
YbGvPudTcbyh YbGvPudTcbyh
cXYRsTNMJDHO cXYRsTNMJDHO
ltlOmMSvjmIL ltlOmMSvjmIL
GoPPViXuIoMW GoPPViXuIoMW
