3 1 2 4 5 6 7 15 8 9 12 10 11 14 13 17 16 23 19 20 22 21 24 27 31 18 34 26 25 33 29 35 28 30 38 32 36 43 37 39 41 51 44 45 50 46 42 40 48 47 49 53 54 55 57 62 56 59 58 61 63 52 60 65 66 64 73 67 71 70 72 75 74 76 80 69 77 88 68 79 82 78 84 81 87 83 86 85 90 92 91 94 89 95 96 93 99 97 98 98 100 100 97 99 93 96 95 89 94 91 92 90 85 86 83 87 81 84 78 82 79 68 88 77 69 80 76 74 75 72 70 71 67 73 64 66 65 60 52 63 61 58 59 56 62 57 55 54 53 49 47 48 40 42 46 50 45 44 51 41 39 37 43 36 32 38 30 28 35 29 33 25 26 34 18 31 27 24 21 22 20 19 23 16 17 13 14 11 10 12 9 8 15 7 6 5 4 2 1 3
25
5 5
100 100
32 32
36 36
57 57
77 77
67 67
79 79
90 90
21 21
12 12
84 84
95 95
31 31
25 25
59 59
69 69
56 56
10 10
54 54
49 49
92 92
45 45
88 88
52 52
