5 1 3 2 4 6 7 12 10 16 9 8 20 13 14 11 17 18 22 15 19 21 25 28 24 23 26 30 27 41 29 31 37 34 39 35 33 44 32 36 38 42 40 43 45 49 53 46 48 51 52 54 47 55 50 56 58 59 57 64 62 60 65 61 63 67 66 74 69 70 77 68 78 71 72 76 81 73 80 79 83 84 75 85 89 86 87 88 90 82 92 94 95 91 93 96 97 98 100 101 103 102 104 106 99 107 105 109 108 110 111 112 113 114 116 119 118 115 121 122 124 117 123 120 126 129 125 128 130 134 135 132 133 131 137 139 127 138 136 150 140 141 142 148 146 145 143 152 153 149 144 155 147 154 157 158 160 156 162 163 164 151 161 165 168 159 167 169 166 173 171 170 174 172 175 180 178 177 179 176 187 183 184 185 181 188 190 193 182 186 194 189 191 195 192 196 197 198 198 197 200 200 196 192 195 191 199 199 189 194 186 182 193 190 188 181 185 184 183 187 176 179 177 178 180 175 172 174 170 171 173 166 169 167 159 168 165 161 151 164 163 162 156 160 158 157 154 147 155 144 149 153 152 143 145 146 148 142 141 140 150 136 138 127 139 137 131 133 132 135 134 130 128 125 129 126 120 123 117 124 122 121 115 118 119 116 114 113 112 111 110 108 109 105 107 99 106 104 102 103 101 100 98 97 96 93 91 95 94 92 82 90 88 87 86 89 85 75 84 83 79 80 73 81 76 72 71 78 68 77 70 69 74 66 67 63 61 65 60 62 64 57 59 58 56 50 55 47 54 52 51 48 46 53 49 45 43 40 42 38 36 32 44 33 35 39 34 37 31 29 41 27 30 26 23 24 28 25 21 19 15 22 18 17 11 14 13 20 8 9 16 10 12 7 6 4 2 3 1 5
50
130 130
147 147
16 16
177 177
27 27
1 1
100 100
35 35
122 122
79 79
115 115
157 157
20 20
8 8
149 149
185 185
188 188
97 97
55 55
46 46
108 108
190 190
58 58
42 42
196 196
137 137
112 112
93 93
50 50
117 117
197 197
159 159
170 170
102 102
83 83
82 82
66 66
91 91
182 182
164 164
78 78
124 124
69 69
103 103
92 92
89 89
198 198
106 106
38 38
168 168
