0 1 2 3 6 4 7 10 9 8 5 12 11 13 20 14 16 18 17 19 15 22 24 26 21 23 25 27 30 29 32 28 31 33 36 34 35 37 38 39 40 44 41 42 43 45 46 50 47 48 54 51 49 52 55 58 53 57 59 56 61 63 60 64 62 65 67 66 68 70 71 72 69 73 74 79 76 75 78 83 77 82 81 89 84 88 85 87 80 86 98 90 92 96 91 94 93 97 99 103 95 101 104 100 102 106 107 105 109 110 108 112 111 113 114 115 116 119 120 117 118 121 123 124 122 125 126 128 130 127 129 131 132 135 134 133 137 139 138 136 140 145 141 142 146 147 144 148 150 143 152 149 151 153 155 154 162 157 156 158 163 159 160 165 161 164 166 168 169 174 167 173 170 172 171 177 178 175 176 179 181 180 184 182 183 187 185 188 186 192 190 189 191 193 194 196 195 195 197 198 199 199 198 197 196 194 193 191 189 190 192 186 188 185 187 183 182 184 180 181 179 176 175 178 177 171 172 170 173 167 174 169 168 166 164 161 165 160 159 163 158 156 157 162 154 155 153 151 149 152 143 150 148 144 147 146 142 141 145 140 136 138 139 137 133 134 135 132 131 129 127 130 128 126 125 122 124 123 121 118 117 120 119 116 115 114 113 111 112 108 110 109 105 107 106 102 100 104 101 95 103 99 97 93 94 91 96 92 90 98 86 80 87 85 88 84 89 81 82 77 83 78 75 76 79 74 73 69 72 71 70 68 66 67 65 62 64 60 63 61 56 59 57 53 58 55 52 49 51 54 48 47 50 46 45 43 42 41 44 40 39 38 37 35 34 36 33 31 28 32 29 30 27 25 23 21 26 24 22 15 19 17 18 16 14 20 13 11 12 5 8 9 10 7 4 6 3 2 1 0
100
173 173
124 124
164 164
79 79
6 6
80 80
1 1
135 135
179 179
110 110
18 18
35 35
160 160
193 193
50 50
129 129
147 147
140 140
42 42
171 171
26 26
150 150
119 119
91 91
108 108
123 123
138 138
21 21
96 96
152 152
101 101
73 73
87 87
158 158
111 111
104 104
22 22
178 178
142 142
31 31
38 38
156 156
161 161
145 145
168 168
184 184
83 83
95 95
162 162
9 9
56 56
16 16
30 30
5 5
17 17
40 40
60 60
59 59
187 187
27 27
196 196
163 163
36 36
194 194
102 102
25 25
189 189
71 71
109 109
12 12
67 67
68 68
10 10
61 61
89 89
157 157
122 122
34 34
136 136
55 55
24 24
118 118
105 105
151 151
49 49
172 172
155 155
23 23
11 11
141 141
7 7
198 198
93 93
144 144
15 15
66 66
39 39
62 62
75 75
130 130
