0 1 2 3 6 4 5 7 8 9 10 12 14 11 18 15 13 22 16 17 20 19 23 21 27 26 28 24 32 30 25 31 29 34 33 35 36 40 38 41 39 37 42 45 43 44 46 47 52 48 49 51 50 53 55 56 54 57 58 59 63 61 60 62 65 64 66 67 68 70 75 71 72 76 78 73 74 77 79 69 80 84 81 82 87 88 86 83 89 85 90 92 93 91 95 94 94 96 97 97 98 99 99 98 96 95 91 93 92 90 85 89 83 86 88 87 82 81 84 80 69 79 77 74 73 78 76 72 71 75 70 68 67 66 64 65 62 60 61 63 59 58 57 54 56 55 53 50 51 49 48 52 47 46 44 43 45 42 37 39 41 38 40 36 35 33 34 29 31 25 30 32 24 28 26 27 21 23 19 20 17 16 22 13 15 18 11 14 12 10 9 8 7 5 4 6 3 2 1 0
50
84 84
15 15
37 37
81 81
39 39
56 56
41 41
62 62
3 3
14 14
7 7
79 79
44 44
29 29
34 34
13 13
42 42
71 71
65 65
0 0
94 94
69 69
64 64
55 55
6 6
53 53
83 83
50 50
58 58
9 9
11 11
91 91
82 82
23 23
24 24
77 77
27 27
61 61
5 5
97 97
99 99
1 1
48 48
31 31
52 52
67 67
87 87
63 63
12 12
60 60
