Soda A5 A6 A2 A4 A3 A8 B5 B6 A10 C1 D3 B7 A9 D6 D6 A9 B7 D3 C1 A10 B4 C8 C8 B4 B6 B5 A8 A3 A4 A2 A6 A5 C2 D4 C3 D7 D5 A1 A7 B8 D1 D2 D9 B9 B10 D8 D10 D10 D8 B10 C10 C10 B9 D9 D2 D1 B8 C9 C9 A7 A1 D5 D7 E1 E2 E2 E1 C3 D4 C2 C4 E3 B2 C5 C5 C7 B3 E5 B1 C6 E4 E9 E9 E4 E8 E7 E6 E6 E7 E8 C6 B1 E5 B3 C7 B2 E3 C4 A B H AB S G N Y Z AR AR Z AP AA AA AQ AQ AP Y N G S AB H B C I J J AF AF I C D K T AI AH AK AJ AJ AW AW AK AV AU AS AT AE R R AE AT AS AU AV AH AI T K D E L P V U Q Q AG AL AL AG U AD AD V P L E F M W O X AN AM AC AC AX AO AO AX AM AN X O W M F A Soda
39
A1 A1
A3 A3
A5 A5
A7 A7
A9 A9
B1 B1
B3 B3
B5 B5
B7 B7
B9 B9
C1 C1
C3 C3
C5 C5
C7 C7
C9 C9
D1 D1
D3 D3
D5 D5
D7 D7
D9 D9
E1 E1
E3 E3
E5 E5
E7 E7
AB AB
AP AP
N N
H H
J J
AF AF
AS AS
AU AU
AW AW
T T
P P
AG AG
Q Q
AC AC
AO AO
