SabrinaSiriPrince50 M7N2p aHwNY X8iWp duKKu cRUJh EOQ3j M8YGU P1mYF a8VDq a8VDq P1mYF M8YGU EOQ3j DrLs7 aDJiT SVxWg nbohZ d2ZYh 3uMiv 3uMiv d2ZYh nbohZ SVxWg aDJiT 9HL6t yJVF4 4MOkB 4MOkB yJVF4 9HL6t DrLs7 cRUJh 11x30 YgbLl dGbko dGbko 5X0EW vmJdf Wutnl Wutnl vmJdf 5X0EW YgbLl EZqNK OSLHQ WcEcU WcEcU OSLHQ EZqNK 11x30 duKKu X8iWp UBrR9 52PwN H8qqB 0kSSC Ms6jj plb6L lzKlI lzKlI plb6L Ms6jj 0kSSC H8qqB 52PwN UBrR9 aHwNY V7iEC V7iEC cwf5o cwf5o rFWcq rFWcq nuAQA nuAQA HVYtd Bjd2k Bjd2k HVYtd bXm0A nMJpi nMJpi bXm0A 7QUXg nannc nannc 7QUXg gInwM X9US9 i3qsm i3qsm X9US9 gInwM M7N2p SabrinaSiriPrince50
25
aHwNY aHwNY
V7iEC V7iEC
Bjd2k Bjd2k
cwf5o cwf5o
nMJpi nMJpi
nannc nannc
rFWcq rFWcq
i3qsm i3qsm
UBrR9 UBrR9
52PwN 52PwN
H8qqB H8qqB
0kSSC 0kSSC
Ms6jj Ms6jj
plb6L plb6L
EZqNK EZqNK
OSLHQ OSLHQ
WcEcU WcEcU
5X0EW 5X0EW
vmJdf vmJdf
Wutnl Wutnl
9HL6t 9HL6t
yJVF4 yJVF4
4MOkB 4MOkB
nbohZ nbohZ
d2ZYh d2ZYh
