ssp100 25 4 2 1 1 3 18 15 12 16 19 20 21 21 20 22 22 19 16 12 13 13 14 14 17 17 15 23 27 71 63 59 26 58 60 64 72 72 73 73 64 65 74 74 75 75 65 60 61 66 76 76 77 77 66 67 78 78 79 79 67 61 58 26 62 68 80 80 81 81 68 69 82 82 83 83 69 62 59 70 84 84 85 85 70 63 86 86 71 30 33 35 34 28 31 32 37 36 29 41 40 38 39 42 45 46 43 47 50 51 49 56 44 52 52 55 48 48 55 44 53 53 54 54 56 49 51 50 47 43 46 45 42 39 38 40 41 29 36 37 32 31 28 34 35 33 30 87 88 88 91 89 96 96 89 95 95 91 93 90 90 94 94 93 98 99 97 92 92 97 99 98 87 27 23 18 5 0 0 7 24 24 7 5 6 6 8 9 9 11 11 10 10 8 3 2 4 25 ssp100
47
1 1
2 2
4 4
9 9
10 10
11 11
12 12
15 15
20 20
21 21
22 22
24 24
64 64
73 73
81 81
59 59
65 65
56 56
79 79
82 82
74 74
68 68
27 27
29 29
31 31
33 33
35 35
37 37
39 39
41 41
43 43
45 45
47 47
49 49
51 51
53 53
55 55
88 88
90 90
92 92
97 97
98 98
99 99
93 93
94 94
95 95
96 96
