ssp200 13 10 2 181 182 187 183 184 185 186 188 188 186 185 184 183 187 189 189 192 191 191 192 190 193 166 166 193 190 194 195 195 194 182 167 172 168 169 170 171 173 173 171 170 169 168 172 174 174 177 176 176 177 175 178 151 151 178 175 179 180 180 179 167 152 157 153 154 155 156 158 158 156 155 154 153 157 159 159 162 161 161 162 160 163 136 136 163 160 164 165 165 164 152 137 142 138 139 140 141 143 143 141 140 139 138 142 144 144 147 146 146 147 145 148 121 121 148 145 149 150 150 149 137 122 127 123 124 125 126 128 128 126 125 124 123 127 129 129 132 131 131 132 130 133 106 106 133 130 134 135 135 134 122 107 112 108 109 110 111 113 113 111 110 109 108 112 114 114 117 116 116 117 115 118 91 91 118 115 119 120 120 119 107 92 97 93 94 95 96 98 98 96 95 94 93 97 99 99 102 101 101 102 100 103 76 76 103 100 104 105 105 104 92 77 82 78 79 80 81 83 83 81 80 79 78 82 84 84 87 86 86 87 85 88 61 61 88 85 89 90 90 89 77 62 67 63 64 65 66 68 68 66 65 64 63 67 69 69 72 71 71 72 70 73 46 46 73 70 74 75 75 74 62 47 52 48 49 50 51 53 53 51 50 49 48 52 54 54 57 56 56 57 55 58 31 31 58 55 59 60 60 59 47 32 37 33 34 35 36 38 38 36 35 34 33 37 39 39 42 41 41 42 40 43 16 16 43 40 44 45 45 44 32 17 22 18 19 20 21 23 23 21 20 19 18 22 24 24 27 26 26 27 25 28 1 1 28 25 29 30 30 29 17 181 7 3 4 5 6 8 8 6 5 4 3 7 9 9 12 11 11 12 14 15 15 14 2 10 13 ssp200
91
3 3
4 4
5 5
6 6
11 11
14 14
15 15
18 18
19 19
20 20
21 21
26 26
29 29
30 30
33 33
34 34
35 35
36 36
41 41
44 44
45 45
48 48
49 49
50 50
51 51
56 56
59 59
60 60
63 63
64 64
65 65
66 66
71 71
74 74
75 75
78 78
79 79
80 80
81 81
86 86
89 89
90 90
93 93
94 94
95 95
96 96
101 101
104 104
105 105
108 108
109 109
110 110
111 111
116 116
119 119
120 120
123 123
124 124
125 125
126 126
131 131
134 134
135 135
138 138
139 139
140 140
141 141
146 146
149 149
150 150
153 153
154 154
155 155
156 156
161 161
164 164
165 165
168 168
169 169
170 170
171 171
176 176
179 179
180 180
183 183
184 184
185 185
186 186
191 191
194 194
195 195
