1 4 149 147 139 135 145 141 133 117 127 137 131 121 143 115 123 129 125 109 105 119 113 107 111 101 99 103 87 93 95 91 85 61 89 83 81 79 75 97 71 77 67 73 53 65 59 51 69 63 57 49 47 43 25 45 11 27 55 35 41 33 19 37 3 9 21 31 39 15 13 7 5 29 23 17 1
75
1 1
3 3
5 5
7 7
9 9
11 11
13 13
15 15
17 17
19 19
21 21
23 23
25 25
27 27
29 29
31 31
33 33
35 35
37 37
39 39
41 41
43 43
45 45
47 47
49 49
51 51
53 53
55 55
57 57
59 59
61 61
63 63
65 65
67 67
69 69
71 71
73 73
75 75
77 77
79 79
81 81
83 83
85 85
87 87
89 89
91 91
93 93
95 95
97 97
99 99
101 101
103 103
105 105
107 107
109 109
111 111
113 113
115 115
117 117
119 119
121 121
123 123
125 125
127 127
129 129
131 131
133 133
135 135
137 137
139 139
141 141
143 143
145 145
147 147
149 149
