1 3 7 2 4 5 8 9 6 11 12 14 13 18 16 10 17 19 20 26 21 15 23 22 24 25 27 28 30 37 36 29 31 35 32 34 33 38 39 40 49 50 43 41 42 44 45 45 47 46 46 47 48 48 44 42 41 43 50 49 40 39 38 33 34 32 35 31 29 36 37 30 28 27 25 24 22 23 15 21 26 20 19 17 10 16 18 13 14 12 11 6 9 8 5 4 2 7 3 1
45
1 1
2 2
3 3
4 4
5 5
6 6
7 7
8 8
9 9
10 10
11 11
12 12
14 14
15 15
16 16
17 17
18 18
19 19
20 20
21 21
22 22
23 23
24 24
26 26
27 27
28 28
29 29
30 30
31 31
32 32
33 33
34 34
35 35
36 36
37 37
39 39
40 40
41 41
42 42
44 44
45 45
46 46
47 47
48 48
50 50
