Jason Derek Kevin Nathaniel Heather Luis Gabriel Victoria Adam Misty Shannon Samantha Katelyn Adrian Samuel Anthony John Nicole Hannah Molly Brad Claire David Lauren Casey Joshua Andre Tracy Kristy Desiree Mario Alyssa Roy Phillip Deanna Kara Johnathan Beverly Cindy Kristina Carlos Dana Cristian Douglas Ricky Tristan Sandra Paul Daniel Sarah Jon Laura Johnny Stacie Maurice Jose Sydney Melissa Kari Keith Edward Evan Jamie Carol Carrie Kylie Gary Cynthia Brian Erin Linda Andrew Jeffery Robert Mark Taylor Donald Thomas Regina Kelsey Janet George Wayne Megan Jeffrey Shane Timothy Amy Mike Joseph Alexander Charles Steven Crystal Anna Leslie William Mary Angelica Cheryl Rebekah Bruce Shawn Dustin Jacqueline Christopher Miranda Logan Richard Brandi Dillon Julia Aaron Gregory Kimberly Angela Amanda Christina Martha Danielle Rebecca Stephanie Scott Jeanne Mercedes Dylan Reginald Wendy Leonard Kayla Edwin Michael Michelle Stephen Kristen Barbara Jacob Brett Toni Karen Ronnie Justin Kelly Benjamin Billy Jill Sabrina Elizabeth Brenda Tommy Patricia James Amber Juan Brittany Kathy Victor Jasmine Ronald Harry Jessica Susan Meredith Monica Terry Ralph Jay Garrett Chase Lisa Monique Larry Bryan Jane Alexandra Erica Grace Jonathan Maria April Nicholas Jennifer Diana Eric Ryan Jeremy Kyle Tammy Ashley Krista Jordan Melinda Donna Spencer Rachel Cory Kristine Robin Nancy Randy Randy Nancy Robin Kristine Cory Rachel Spencer Donna Melinda Jordan Krista Ashley Tammy Kyle Jeremy Ryan Eric Diana Jennifer Nicholas April Maria Jonathan Grace Erica Alexandra Jane Bryan Larry Monique Lisa Chase Garrett Jay Ralph Terry Monica Meredith Susan Jessica Harry Ronald Jasmine Victor Kathy Brittany Juan Amber James Patricia Tommy Brenda Elizabeth Sabrina Jill Billy Benjamin Kelly Justin Ronnie Karen Toni Brett Jacob Barbara Kristen Stephen Michelle Michael Edwin Kayla Leonard Wendy Reginald Dylan Mercedes Jeanne Scott Stephanie Rebecca Danielle Martha Christina Amanda Angela Kimberly Gregory Aaron Julia Dillon Brandi Richard Logan Miranda Christopher Jacqueline Dustin Shawn Bruce Rebekah Cheryl Angelica Mary William Leslie Anna Crystal Steven Charles Alexander Joseph Mike Amy Timothy Shane Jeffrey Megan Wayne George Janet Kelsey Regina Thomas Donald Taylor Mark Robert Jeffery Andrew Linda Erin Brian Cynthia Gary Kylie Carrie Carol Jamie Evan Edward Keith Kari Melissa Sydney Jose Maurice Stacie Johnny Laura Jon Sarah Daniel Paul Sandra Tristan Ricky Douglas Cristian Dana Carlos Kristina Cindy Beverly Johnathan Kara Deanna Phillip Roy Alyssa Mario Desiree Kristy Tracy Andre Joshua Casey Lauren David Claire Brad Molly Hannah Nicole John Anthony Samuel Adrian Katelyn Samantha Shannon Misty Adam Victoria Gabriel Luis Heather Nathaniel Kevin Derek Jason
100
Derek Derek
Nathaniel Nathaniel
Heather Heather
Gabriel Gabriel
Adam Adam
Misty Misty
Shannon Shannon
Samantha Samantha
Katelyn Katelyn
Adrian Adrian
John John
Nicole Nicole
Brad Brad
Claire Claire
David David
Lauren Lauren
Joshua Joshua
Mario Mario
Roy Roy
Kara Kara
Johnathan Johnathan
Dana Dana
Cristian Cristian
Ricky Ricky
Tristan Tristan
Paul Paul
Laura Laura
Stacie Stacie
Jose Jose
Melissa Melissa
Kari Kari
Evan Evan
Carol Carol
Carrie Carrie
Brian Brian
Andrew Andrew
Jeffery Jeffery
Robert Robert
Mark Mark
Regina Regina
Kelsey Kelsey
Wayne Wayne
Megan Megan
Jeffrey Jeffrey
Shane Shane
Timothy Timothy
Joseph Joseph
Charles Charles
Crystal Crystal
William William
Mary Mary
Cheryl Cheryl
Rebekah Rebekah
Shawn Shawn
Dustin Dustin
Jacqueline Jacqueline
Logan Logan
Gregory Gregory
Kimberly Kimberly
Amanda Amanda
Christina Christina
Rebecca Rebecca
Scott Scott
Mercedes Mercedes
Dylan Dylan
Wendy Wendy
Kayla Kayla
Edwin Edwin
Michelle Michelle
Stephen Stephen
Kristen Kristen
Brett Brett
Karen Karen
Ronnie Ronnie
Jill Jill
Sabrina Sabrina
Elizabeth Elizabeth
Tommy Tommy
James James
Juan Juan
Brittany Brittany
Kathy Kathy
Susan Susan
Monica Monica
Bryan Bryan
Jane Jane
Alexandra Alexandra
Grace Grace
April April
Nicholas Nicholas
Jennifer Jennifer
Jeremy Jeremy
Kyle Kyle
Tammy Tammy
Ashley Ashley
Jordan Jordan
Melinda Melinda
Rachel Rachel
Robin Robin
Randy Randy
