Austin Victoria Adam Jorge John Debra Hannah Elaine Mariah Eugene Brad Patrick David Lauren Joshua Natasha Tracy Kristy Walter Sara Henry Gina Michele Sandra Paul Sarah Daniel Laura Melissa Kari Edward Jamie Paige Matthew Kirsten Brian Katherine Robert Mark Thomas Donald Alexandria Janet Travis Miguel Glenda Amy Steven Maxwell Isabel Christopher Selena Aaron Gregory Kimberly Dennis Danielle Luke Scott Jared Michael Stephen Peter Brett Tina Kelly Jill Elizabeth Sean James Juan Rhonda Jonathon Carolyn Susan Jessica Manuel Ralph Terry Garrett Monique Arthur Jody Alex Jonathan April Nicholas Jennifer Eric Stacy Cassandra Morgan Kyle Ashley Jordan Melinda Rachel Robin Christine Jeanette Jeanette Christine Robin Rachel Melinda Jordan Ashley Kyle Morgan Cassandra Stacy Eric Jennifer Nicholas April Jonathan Alex Jody Arthur Monique Garrett Terry Ralph Manuel Jessica Susan Carolyn Jonathon Rhonda Juan James Sean Elizabeth Jill Kelly Tina Brett Peter Stephen Michael Jared Scott Luke Danielle Dennis Kimberly Gregory Aaron Selena Christopher Isabel Maxwell Steven Amy Glenda Miguel Travis Janet Alexandria Donald Thomas Mark Robert Katherine Brian Kirsten Matthew Paige Jamie Edward Kari Melissa Laura Daniel Sarah Paul Sandra Michele Gina Henry Sara Walter Kristy Tracy Natasha Joshua Lauren David Patrick Brad Eugene Mariah Elaine Hannah Debra John Jorge Adam Victoria Austin
50
Victoria Victoria
John John
Debra Debra
Hannah Hannah
Elaine Elaine
Mariah Mariah
Eugene Eugene
Patrick Patrick
Joshua Joshua
Natasha Natasha
Walter Walter
Sara Sara
Gina Gina
Paul Paul
Daniel Daniel
Melissa Melissa
Kari Kari
Edward Edward
Jamie Jamie
Paige Paige
Robert Robert
Donald Donald
Janet Janet
Glenda Glenda
Amy Amy
Steven Steven
Maxwell Maxwell
Dennis Dennis
Danielle Danielle
Scott Scott
Michael Michael
Elizabeth Elizabeth
Sean Sean
Juan Juan
Rhonda Rhonda
Ralph Ralph
Garrett Garrett
Monique Monique
Alex Alex
Jonathan Jonathan
April April
Jennifer Jennifer
Cassandra Cassandra
Kyle Kyle
Ashley Ashley
Jordan Jordan
Melinda Melinda
Rachel Rachel
Robin Robin
Jeanette Jeanette
