Leah Russell Kristie Carol Shannon Teresa Connie Adrian Anthony Tiffany John Amanda Gary Christina Sonya Brian Rose Lisa Jade Kellie Paula Cole Robert David Taylor Stacey Dylan Joshua Derrick Ruth April Vicki Katrina Jennifer Megan Javier Jeffrey Michael Ryan Alexander Charles Meagan Jordan Kelly Rachel Abigail Willie Benjamin Crystal Jon Jon Crystal Benjamin Willie Abigail Rachel Kelly Jordan Meagan Charles Alexander Ryan Michael Jeffrey Javier Megan Jennifer Katrina Vicki April Ruth Derrick Joshua Dylan Stacey Taylor David Robert Cole Paula Kellie Jade Lisa Rose Brian Sonya Christina Gary Amanda John Tiffany Anthony Adrian Connie Teresa Shannon Carol Kristie Russell Leah
25
Russell Russell
Carol Carol
Adrian Adrian
Anthony Anthony
Amanda Amanda
Gary Gary
Brian Brian
Lisa Lisa
Jade Jade
Paula Paula
David David
Dylan Dylan
Ruth Ruth
April April
Vicki Vicki
Jennifer Jennifer
Megan Megan
Javier Javier
Michael Michael
Ryan Ryan
Alexander Alexander
Jordan Jordan
Kelly Kelly
Rachel Rachel
Jon Jon
