Granbull Flygon Electrode PorygonZ Grumpig Budew Whimsicott Lycanroc Cinccino Heatmor Serperior Bergmite Serperior Charmander Heatran Golbat Reshiram Carbink Infernape Spewpa Floette Beedrill Mimikyu Glalie Charizard Tyrunt Mightyena Bronzor Roserade Carnivine Mantine Luvdisc Feraligatr Floatzel Relicanth Unown Electrike Lampent Smeargle Cosmog Crawdaunt Azurill Krookodile Cascoon Magikarp Jirachi Glaceon Skitty Kangaskhan Lombre Diggersby Darkrai Swanna Lucario Crabominable Rufflet Quilava Whiscash Rockruff Ninjask Slakoth Chatot Raichu Arbok Metapod Chespin Typhlosion Chinchou Bonsly Sylveon Altaria Malamar Probopass Fletchling Cubone Butterfree Cubone TypeNull Gliscor Tsareena Greninja Torkoal Greninja Mudsdale Pancham Vivillon Pancham Mudsdale Pidgeot Machamp Remoraid Machamp Happiny Magmortar Goomy Lileep Absol Hitmontop Lapras Torracat Exeggcute Binacle Torchic Jolteon Buizel Aipom Dustox Aipom Nuzleaf Staryu Deoxys Metagross Carbink Ampharos Trumbeak Mawile Spiritomb Spinda Blissey Magmar Metang Reuniclus Bulbasaur Granbull
99
Tsareena Tsareena
Absol Absol
Unown Unown
Roserade Roserade
Dustox Dustox
Heatran Heatran
Butterfree Butterfree
Ampharos Ampharos
Spiritomb Spiritomb
Torchic Torchic
Cosmog Cosmog
Arbok Arbok
Cascoon Cascoon
Torracat Torracat
Chinchou Chinchou
Crawdaunt Crawdaunt
Slakoth Slakoth
Mimikyu Mimikyu
Happiny Happiny
Quilava Quilava
Kangaskhan Kangaskhan
Rockruff Rockruff
Bonsly Bonsly
Grumpig Grumpig
Spinda Spinda
Cinccino Cinccino
Budew Budew
Sylveon Sylveon
Mawile Mawile
Beedrill Beedrill
Lampent Lampent
Greninja Greninja
Malamar Malamar
Buizel Buizel
Jolteon Jolteon
Mantine Mantine
Charizard Charizard
Gliscor Gliscor
Binacle Binacle
Raichu Raichu
Relicanth Relicanth
Cubone Cubone
Krookodile Krookodile Corphish
Heatmor Heatmor
Swanna Swanna
Diggersby Diggersby
Whiscash Whiscash
Metagross Metagross
TypeNull TypeNull
Whimsicott Whimsicott
Lycanroc Lycanroc
Mightyena Mightyena
Floette Floette
Jirachi Jirachi
Mudsdale Mudsdale
Darkrai Darkrai
Reuniclus Reuniclus
Remoraid Remoraid
Magmar Magmar
Rufflet Rufflet
Reshiram Reshiram
Crabominable Crabominable
Machamp Machamp
Charmander Charmander
Electrode Electrode
Serperior Serperior
Golbat Golbat
Infernape Infernape
Hitmontop Hitmontop
Trumbeak Trumbeak
Flygon Flygon
Bronzor Bronzor
Bergmite Bergmite
Torkoal Torkoal
Goomy Goomy
Metapod Metapod
Probopass Probopass
Carnivine Carnivine
Lapras Lapras
Pidgeot Pidgeot
Carbink Carbink
Exeggcute Exeggcute
Magmortar Magmortar
Electrike Electrike
Lileep Lileep
Ninjask Ninjask
PorygonZ PorygonZ
Feraligatr Feraligatr
Floatzel Floatzel
Glalie Glalie
Deoxys Deoxys
Chespin Chespin
Luvdisc Luvdisc
Blissey Blissey
Vivillon Vivillon
Chatot Chatot
Nuzleaf Nuzleaf
Typhlosion Typhlosion
Skitty Skitty
