Glameow Electivire Gumshoos Bergmite Spiritomb Ivysaur Spinarak Wartortle Buneary Glalie Simisage Inkay Turtwig Wailord Regice Regice Feebas Togepi Camerupt Koffing Poochyena Fomantis Throh Weedle Gothita Zygarde Ledian Araquanid Meganium Piplup Swanna Swanna Archen Beheeyem Cacturne Archeops Starmie Spheal Furret Furret Gigalith Gigalith Gothorita Gothorita Spheal Starmie Loudred Yamask Gloom Mudbray Mudbray Golett Golett Gloom Sigilyph Yanma Yanma Sigilyph Yamask Scraggy Scraggy Loudred Archeops Leavanny Leavanny Cacturne Beheeyem Archen Piplup Meganium Araquanid Ledian Fennekin Aerodactyl Aerodactyl Fennekin Zygarde Gothita Weedle Throh Fomantis Poochyena Koffing Camerupt Togepi Feebas Wailord Turtwig Inkay Simisage Glalie Buneary Wartortle Spinarak Ivysaur Spiritomb Bergmite Gumshoos Electivire Glameow
25
Electivire Electivire
Spiritomb Spiritomb
Wailord Wailord
Gumshoos Gumshoos
Spinarak Spinarak
Ledian Ledian
Buneary Buneary
Bergmite Bergmite
Glalie Glalie
Zygarde Zygarde
Togepi Togepi
Piplup Piplup
Mudbray Mudbray
Yanma Yanma
Archeops Archeops
Meganium Meganium
Spheal Spheal
Furret Furret
Loudred Loudred
Gigalith Gigalith
Golett Golett
Gothorita Gothorita
Inkay Inkay
Beheeyem Beheeyem
Leavanny Leavanny
