Florges Masquerain Carracosta Doublade Weepinbell Persian Claydol Timburr Infernape Eelektrik Omastar Palossand Zapdos Poliwrath Yanmega Roggenrola Zweilous Cofagrigus Pichu Caterpie Sentret Purrloin Poliwag Serperior Hoopa Moltres Toxapex Ralts Nidoking Celesteela Snorlax Shaymin Lillipup Zoroark Primarina Kricketot Dusknoir Gastrodon Audino Silcoon Zubat Manectric Slugma Heracross Celebi Bidoof Shieldon Togetic Giratina Volbeat Delibird Stufful Chansey Tentacruel Typhlosion Charizard Regice Bewear Hitmonlee Weavile Wailmer Scolipede Furfrou Arbok Arbok Bayleef Luxray Genesect Palkia Piloswine Cottonee Kricketune Vespiquen Cradily Cherrim Emboar Emboar Cascoon Drapion Flaaffy Bergmite Dialga Snorunt Snorunt Aurorus Druddigon Espurr Pinsir Minccino Girafarig Girafarig Minccino Pinsir Tsareena Tsareena Nuzleaf Bouffalant Goomy Hakamoo Buzzwole Scrafty Klink Bisharp Machoke Hippopotas Pidgey Pidgey Hippopotas Machoke Bisharp Klink Scrafty Buzzwole Hakamoo Goomy Bouffalant Nuzleaf Espurr Druddigon Aurorus Dialga Wormadam Wormadam Bergmite Flaaffy Drapion Cascoon Cherrim Cradily Vespiquen Kricketune Cottonee Piloswine Palkia Genesect Luxray Bayleef Furfrou Scolipede Wailmer Weavile Hitmonlee Bewear Regice Charizard Typhlosion Tentacruel Chansey Stufful Delibird Volbeat Giratina Togetic Shieldon Bidoof Celebi Heracross Slugma Manectric Zubat Silcoon Audino Gastrodon Dusknoir Kricketot Primarina Zoroark Lillipup Shaymin Snorlax Celesteela Nidoking Ralts Toxapex Moltres Hoopa Serperior Poliwag Purrloin Sentret Caterpie Pichu Cofagrigus Zweilous Roggenrola Yanmega Poliwrath Zapdos Palossand Omastar Eelektrik Infernape Timburr Claydol Persian Weepinbell Doublade Carracosta Masquerain Florges
50
Cherrim Cherrim
Zapdos Zapdos
Zubat Zubat
Delibird Delibird
Ralts Ralts
Togetic Togetic
Manectric Manectric
Lillipup Lillipup
Dialga Dialga
Dusknoir Dusknoir
Persian Persian
Weepinbell Weepinbell
Volbeat Volbeat
Carracosta Carracosta
Shaymin Shaymin
Tentacruel Tentacruel
Moltres Moltres
Yanmega Yanmega
Wailmer Wailmer
Piloswine Piloswine
Bidoof Bidoof
Aurorus Aurorus
Purrloin Purrloin
Gastrodon Gastrodon
Timburr Timburr
Poliwag Poliwag
Machoke Machoke
Poliwrath Poliwrath
Sentret Sentret
Cascoon Cascoon
Bayleef Bayleef
Scolipede Scolipede
Regice Regice
Buzzwole Buzzwole
Celesteela Celesteela
Infernape Infernape
Kricketot Kricketot
Hitmonlee Hitmonlee
Bouffalant Bouffalant
Wormadam Wormadam
Hakamoo Hakamoo
Omastar Omastar
Girafarig Girafarig
Pichu Pichu
Primarina Primarina
Bergmite Bergmite
Bisharp Bisharp
Celebi Celebi
Tsareena Tsareena
Stufful Stufful
