19 21 3 12 10 0 5 11 14 30 20 26 41 6 7 1 17 27 31 65 62 33 8 4 69 53 51 13 9 35 32 29 54 16 2 39 39 45 40 36 64 37 15 23 52 68 56 46 34 38 59 58 25 78 82 24 50 42 77 77 84 22 22 61 44 43 47 93 57 48 96 49 49 97 67 71 89 55 63 63 55 76 80 60 60 66 70 70 86 95 88 98 74 79 83 83 79 74 81 81 98 88 95 86 66 80 76 89 91 28 18 72 73 73 72 18 28 91 92 92 71 67 97 96 48 57 93 47 43 44 61 84 42 50 24 82 78 25 99 99 58 94 90 85 85 90 94 59 38 34 46 56 68 52 23 15 37 64 36 40 75 75 45 2 16 54 29 87 87 32 35 9 13 51 53 69 4 8 33 62 65 31 27 17 1 7 6 41 26 20 30 14 11 5 0 10 12 3 21 19
50
0 0
1 1
5 5
7 7
9 9
10 10
11 11
12 12
13 13
15 15
17 17
23 23
24 24
25 25
26 26
28 28
29 29
32 32
33 33
34 34
35 35
36 36
39 39
40 40
41 41
43 43
44 44
45 45
46 46
50 50
51 51
53 53
54 54
55 55
58 58
59 59
60 60
61 61
63 63
65 65
70 70
72 72
76 76
80 80
85 85
88 88
90 90
92 92
95 95
99 99
