0 52 26 5 128 183 87 69 4 141 30 34 12 9 88 62 23 121 102 184 103 27 199 197 157 177 73 189 48 149 63 81 84 101 174 130 66 68 126 20 156 179 103 114 85 167 15 46 106 135 98 151 16 131 145 109 176 195 6 160 6 153 105 55 11 171 144 74 125 36 125 116 59 147 117 168 134 118 152 181 72 97 19 45 137 140 155 42 40 111 193 136 113 185 92 10 166 122 35 122 162 122 7 67 13 80 76 198 187 108 139 53 196 31 138 50 25 91 75 83 143 0
95
140 140
131 131
62 62
176 176
80 80
111 111
87 180 87
9 9
67 67
144 144
31 31
11 11
109 109
162 162
13 13
50 50
126 126
83 83
117 117
97 97
52 52
23 23
166 166
10 10
27 27
128 128
59 59
36 82 36
16 16 17
4 4
195 195
199 199
30 30
137 137
136 136
147 147
45 45 70
171 171
66 66
116 116
143 143
145 145
98 98
69 69
160 160
114 114
177 177
42 42
139 139
46 46
168 168
91 91
179 179
181 181
189 189
105 105
157 157
84 84
102 102
183 183
138 138
152 152
72 72
196 196
19 19
106 106
134 134
81 81
34 34
108 108
48 48
185 185
184 184
53 53
122 122
88 88
121 121
130 130 174
55 55
103 103
20 20
125 125
76 76
63 63
75 75
149 149
156 156
26 26
35 35
40 40
74 74
198 198
85 85
151 151
197 197
