0 4 6 7 2 9 3 1 8 10 12 19 22 21 5 15 18 16 13 20 31 26 11 17 24 25 39 37 23 43 28 30 33 14 29 34 32 35 38 41 42 48 36 47 27 46 45 44 52 40 60 49 53 54 51 50 58 55 57 62 70 61 59 63 64 69 66 65 71 79 68 56 72 75 67 73 81 84 74 76 80 78 82 97 85 77 91 86 87 89 90 92 83 94 99 88 98 93 93 98 88 99 94 96 96 83 92 95 95 90 89 87 86 91 77 85 97 82 78 80 76 74 84 81 73 67 75 72 56 68 79 71 65 66 69 64 63 59 61 70 62 57 55 58 50 51 54 53 49 60 40 52 44 45 46 27 47 36 48 42 41 38 35 32 34 29 14 33 30 28 43 23 37 39 25 24 17 11 26 31 20 13 16 18 15 5 21 22 19 12 10 8 1 3 9 2 7 6 4 0
50
24 24
42 42
26 26
94 94
52 52
40 40
83 83
96 96
23 23
27 27
10 10
60 60
93 93
9 9
90 90
61 61
11 11
0 0
51 51
78 78
55 55
21 21
46 46
13 13
89 89
57 57
88 88
99 99
17 17
7 7
67 67
18 18
65 65
20 20
58 58
32 32
71 71
3 3
8 8
62 62
43 43
15 15
72 72
95 95
35 35
4 4
38 38
37 37
98 98
45 45
