0 5 8 63 1 89 74 98 60 30 87 12 27 49 76 39 54 21 37 26 9 32 25 6 85 61 29 45 41 93 17 82 28 91 44 2 3 48 96 19 83 47 95 18 38 7 65 92 53 69 11 4 43 94 13 79 84 10 59 55 68 35 40 14 34 70 33 23 62 73 16 56 88 67 57 51 78 77 46 52 71 20 97 64 80 86 50 24 90 15 22 81 31 99 75 75 72 36 42 66 66 42 36 72 99 31 81 58 58 22 15 90 24 50 86 80 64 97 20 71 52 46 77 78 51 57 67 88 56 16 73 62 23 33 70 34 14 40 35 68 55 59 10 84 79 13 94 43 4 11 69 53 92 65 7 38 18 95 47 83 19 96 48 3 2 44 91 28 82 17 93 41 45 29 61 85 6 25 32 9 26 37 21 54 39 76 49 27 12 87 30 60 98 74 89 1 63 8 5 0
49
63 63
46 46
30 30
28 28
60 60
27 27
39 39
53 53
90 90
35 35
11 11
8 8
74 74
71 71
43 43
81 81
50 50
88 88
95 95
40 40
31 31
64 64
84 84
76 76
68 68
97 97
73 73
23 23
38 38
80 80
9 9
61 61
6 6
85 85
16 16
92 92
47 47
2 2
45 45
56 56
83 83
86 86
82 82
65 65
91 91
48 48
58 58
96 96
66 66
