1 16 90 17 83 7 43 100 0 22 35 26 26 37 57 79 78 143 132 19 88 41 63 40 27 29 93 25 25 49 4 4 119 107 136 136 141 21 122 130 59 76 50 39 55 68 8 12 166 104 118 169 115 18 47 23 11 6 77 177 108 153 167 147 189 89 129 121 157 91 176 171 5 5 54 75 75 145 144 144 145 146 120 101 46 137 116 13 13 103 80 175 44 44 73 34 179 179 34 128 180 180 128 162 99 97 112 30 170 9 9 20 20 84 124 195 178 178 181 140 64 64 140 183 155 154 2 110 10 10 110 139 31 187 187 31 42 42 51 111 111 133 3 3 173 106 60 134 62 142 151 109 182 125 125 184 48 81 158 199 159 159 199 158 81 48 184 182 109 151 142 190 32 95 95 160 72 33 66 66 33 72 160 163 163 32 58 193 193 58 131 131 190 62 134 191 174 174 191 60 106 149 127 86 70 70 86 127 149 192 192 173 196 45 197 197 45 196 133 150 150 51 139 2 152 152 154 155 183 181 195 124 84 92 67 194 126 185 185 198 188 188 198 126 156 24 24 105 164 14 14 164 105 156 168 168 194 67 92 170 30 112 97 99 102 102 162 165 85 85 165 73 87 82 82 87 175 80 103 116 137 46 94 94 101 120 146 54 171 176 91 135 135 161 161 157 121 129 186 186 89 189 147 167 153 108 177 77 6 11 23 47 18 115 169 118 104 166 12 8 68 55 74 96 96 74 39 123 123 50 76 59 130 122 21 141 107 117 117 119 49 69 69 93 29 27 40 63 113 113 41 88 19 132 143 78 79 57 37 35 22 0 15 65 65 15 28 28 36 36 38 38 52 98 53 53 98 52 56 56 61 61 71 71 114 114 138 138 148 148 172 172 100 43 7 83 17 90 16 1
100
174 174
189 189
1 1
177 177
119 119
86 86
192 192
76 76
54 54
45 45
136 136
74 74
127 127
157 157
89 89
80 80
141 141
183 183
117 117
31 31
131 131
105 105
155 155
21 21
3 3
125 125
49 49
82 82
164 164
38 38
68 68
113 113
83 83
195 195
159 159
188 188
153 153
186 186
29 29
163 163
24 24
160 160
12 12
115 115
59 59
0 0
93 93
124 124
57 57
28 28
84 84
27 27
138 138
134 134
77 77
43 43
178 178
19 19
50 50
16 16
121 121
15 15
56 56
175 175
148 148
88 88
30 30
60 60
44 44
26 26
129 129
10 10
97 97
55 55
182 182
99 99
36 36
8 8
199 199
158 158
142 142
25 25
22 22
18 18
137 137
194 194
101 101
191 191
32 32
172 172
111 111
35 35
171 171
151 151
63 63
150 150
193 193
180 180
170 170
196 196
