1 50 0 30 27 75 54 31 6 65 65 78 4 25 39 20 42 34 41 94 26 55 48 52 16 13 8 53 14 14 91 28 5 15 58 37 24 88 21 12 22 2 43 80 80 86 7 10 59 36 9 63 63 73 29 29 32 85 47 47 64 93 44 44 56 19 19 38 23 95 40 40 45 33 87 35 69 69 35 90 46 46 74 98 98 74 90 97 97 87 33 81 17 70 3 3 70 17 81 45 71 67 67 71 76 84 84 76 95 23 38 57 57 56 93 64 72 92 92 72 85 32 73 9 99 99 36 60 66 66 60 82 51 51 89 89 82 59 10 7 86 43 2 77 77 22 12 21 88 24 37 58 15 5 28 91 53 8 13 18 18 16 52 83 83 48 55 68 61 61 68 26 94 41 34 42 20 39 25 49 49 4 78 6 96 96 31 54 75 27 30 62 62 0 11 11 79 79 50 1
50
31 31
38 38
58 58
46 46
83 83
87 87
99 99
40 40
33 33
0 0
67 67
29 29
81 81
84 84
79 79
97 97
78 78
74 74
61 61
62 62
86 86
49 49
21 21
4 4
64 64
35 35
19 19
85 85
54 54
37 37
93 93
91 91
28 28
18 18
44 44
5 5
80 80
2 2
92 92
42 42
65 65
32 32
66 66
63 63
20 20
71 71
17 17
51 51
8 8
95 95
