21 20 40 5 15 14 13 12 44 41 11 81 80 2 1 24 31 30 29 36 35 34 3 22 64 17 16 126 57 56 55 19 18 25 23 45 7 8 6 33 155 141 89 78 4 26 72 187 38 37 86 47 48 46 42 111 9 10 63 71 71 83 82 167 108 60 59 50 27 43 73 87 95 97 68 58 93 142 99 98 39 52 49 144 74 75 100 62 28 128 105 85 107 139 103 102 77 114 79 79 96 158 156 122 117 101 92 91 90 66 67 177 150 53 54 51 120 119 115 84 124 110 104 76 70 69 136 135 143 131 130 130 132 61 134 181 180 180 182 121 65 138 191 151 175 88 94 106 109 112 189 145 146 113 171 129 129 133 116 190 123 123 190 116 192 193 194 194 196 195 195 197 148 147 140 140 153 125 137 137 179 161 173 32 32 172 157 184 127 127 183 183 184 157 165 159 186 149 176 176 149 185 185 186 159 164 163 152 174 174 152 162 178 178 162 163 164 165 172 173 161 179 198 199 200 200 199 198 125 154 154 153 147 148 197 196 193 192 133 170 170 171 188 188 113 146 145 189 112 109 168 169 166 166 169 168 106 94 88 175 151 191 138 65 121 182 181 134 61 132 131 143 135 136 69 70 76 104 110 124 84 115 118 118 119 120 51 54 53 150 177 67 66 90 91 92 101 117 122 156 158 96 114 77 102 103 139 107 85 105 128 28 62 100 75 160 160 74 144 49 52 39 98 99 142 93 58 68 97 95 87 73 43 27 50 59 60 108 167 82 83 63 10 9 111 42 46 48 47 86 37 38 187 72 26 4 78 89 141 155 33 6 8 7 45 23 25 18 19 55 56 57 126 16 17 64 22 3 34 35 36 29 30 31 24 1 2 80 81 11 41 44 12 13 14 15 5 40 20 21
99
1 1
3 3
5 5
7 7
9 9
11 11
13 13
15 15
17 17
19 19
21 21
23 23
25 25
27 27
29 29
31 31
33 33
35 35
37 37
39 39
41 41
43 43
45 45
47 47
49 49
51 51
53 53
55 55
57 57
59 59
61 61
63 63
65 65
67 67
69 69
71 71
73 73
75 75
77 77
79 79
81 81
83 83
85 85
87 87
89 89
91 91
93 93
95 95
97 97
99 99
101 101
103 103
105 105
107 107
109 109
111 111
113 113
115 115
117 117
119 119
121 121
123 123
125 125
127 127
129 129
131 131
133 133
135 135
137 137
139 139
141 141
143 143
145 145
147 147
149 149
151 151
153 153
155 155
157 157
159 159
161 161
163 163
165 165
167 167
169 169
171 171
173 173
175 175
177 177
179 179
181 181
183 183
185 185
187 187
189 189
191 191
193 193
195 195
197 197
