68 4 3 2 1 26 6 5 10 9 25 27 13 12 11 69 24 30 29 31 32 8 20 19 18 22 16 15 23 54 42 41 61 63 14 33 34 35 36 37 21 49 40 67 66 48 98 17 64 64 82 80 47 94 28 43 38 39 58 85 44 7 52 45 46 56 55 59 60 78 77 77 83 53 51 50 72 72 91 73 74 86 87 87 86 88 96 90 70 71 84 97 97 84 71 70 89 81 81 89 90 96 88 74 73 92 93 75 62 62 76 76 75 93 92 91 50 51 53 83 78 60 59 55 56 46 65 79 95 95 79 65 45 52 7 44 85 58 39 38 57 57 43 28 94 47 80 82 17 99 100 100 99 98 48 66 67 40 49 21 37 36 35 34 33 14 63 61 41 42 54 23 15 16 22 18 19 20 8 32 31 29 30 24 69 11 12 13 27 25 9 10 5 6 26 1 2 3 4 68
49
1 1
3 3
5 5
7 7
9 9
11 11
13 13
15 15
17 17
19 19
21 21
23 23
25 25
27 27
29 29
31 31
33 33
35 35
37 37
39 39
41 41
43 43
45 45
47 47
49 49
51 51
53 53
55 55
57 57
59 59
61 61
63 63
65 65
67 67
69 69
71 71
73 73
75 75
77 77
79 79
81 81
83 83
85 85
87 87
89 89
91 91
93 93
95 95
97 97
