74 72 71 73 75 18 11 12 13 16 15 14 14 17 19 20 20 19 17 15 16 13 12 11 38 21 23 22 24 25 26 27 28 29 30 30 29 28 27 26 25 24 22 23 46 2 1 5 6 3 4 7 8 9 9 10 10 8 7 4 3 6 5 1 151 58 51 52 53 54 55 56 57 59 59 57 60 60 56 55 54 53 52 51 63 61 62 64 65 66 67 68 70 69 69 70 68 67 66 65 64 62 61 87 81 82 83 84 86 88 85 89 89 85 88 90 90 86 84 83 82 81 98 91 92 93 94 95 96 99 97 100 100 97 99 96 95 94 93 92 91 102 101 103 104 105 107 106 110 109 108 108 109 110 106 107 105 104 103 101 118 111 112 113 115 114 116 117 120 119 119 120 117 116 114 115 113 112 111 121 122 124 123 127 125 126 130 128 129 129 128 130 126 125 127 123 124 122 132 131 134 133 136 135 137 138 139 140 140 139 138 137 135 136 133 134 131 141 142 143 144 145 146 147 149 148 150 150 148 149 147 146 145 144 143 142 169 161 162 163 164 165 166 167 168 170 170 168 167 166 165 164 163 162 161 172 171 173 174 175 176 177 178 179 180 180 179 178 177 176 175 174 173 171 182 181 183 184 185 186 187 188 189 190 190 189 188 187 186 185 184 183 181 192 191 196 193 194 195 197 198 199 200 200 199 198 197 195 194 193 196 191 192 182 172 169 141 132 121 118 102 98 87 63 58 153 152 154 155 156 157 158 159 159 158 157 160 160 156 155 154 152 153 151 2 41 42 43 44 47 45 48 49 50 50 49 48 45 47 44 43 42 41 46 21 31 33 32 34 35 36 37 39 40 40 39 37 36 35 34 32 33 31 38 18 76 77 78 79 80 80 79 78 77 76 75 73 71 72 74
100
148 148
86 86
50 50
77 77
146 146
135 135
47 47
167 167
52 52
81 81
54 54
25 25
96 96
31 31
199 199
55 55
41 41
191 191
156 156
28 28
197 197
116 116
179 179
89 89
6 6
11 11
126 126
137 137
161 161
26 26
39 39
69 69
14 14
192 192
131 131
57 57
30 30
128 128
37 37
151 151
76 76
139 139
165 165
113 113
166 166
80 80
111 111
185 185
114 114
13 13
8 8
160 160
178 178
2 2
136 136
118 118
175 175
104 104
172 172
62 62
164 164
73 73
70 70
19 19
58 58
85 85
36 36
189 189
68 68
23 23
168 168
174 174
83 83
163 163
180 180
145 145
88 88
141 141
61 61
59 59
153 153
38 38
35 35
122 122
46 46
157 157
142 142
16 16
53 53
29 29
99 99
119 119
74 74
169 169
198 198
82 82
32 32
66 66
140 140
75 75
