75 71 72 73 76 77 78 74 10 1 2 3 4 7 5 6 8 9 9 8 6 5 7 4 3 2 1 11 12 13 16 15 14 18 17 19 20 20 19 17 18 14 15 16 13 12 21 23 22 24 25 26 27 28 29 30 30 29 28 27 26 25 24 22 23 35 31 33 32 34 36 37 39 38 40 40 38 39 37 36 34 32 33 31 43 41 42 44 46 48 45 47 49 50 50 49 47 45 48 46 44 42 41 51 52 53 54 55 56 57 59 58 60 60 58 59 57 56 55 54 53 52 61 62 64 65 63 66 67 68 70 69 69 70 68 67 66 63 65 64 62 88 81 82 83 84 86 87 85 89 89 85 87 90 90 86 84 83 82 81 99 91 92 93 94 95 96 98 97 100 100 97 98 96 95 94 93 92 91 99 88 61 51 43 35 21 11 10 74 79 80 80 79 78 77 76 73 72 71 75
50
22 22
63 63
30 30
36 36
37 37
74 74
10 10
50 50
78 78
75 75
13 13
26 26
21 21
72 72
67 67
80 80
86 86
24 24
32 32
19 19
69 69
70 70
2 2
53 53
12 12
16 16
73 73
94 94
98 98
42 42
87 87
66 66
76 76
100 100
82 82
92 92
1 1
71 71
59 59
45 45
89 89
97 97
31 31
47 47
33 33
20 20
28 28
91 91
7 7
88 88
