1 3 29 56 4 19 45 17 14 16 7 7 36 12 59 58 30 6 6 15 15 38 57 22 13 13 23 34 25 60 24 31 33 82 8 11 52 39 5 28 81 87 87 81 28 49 27 83 44 67 61 37 20 47 21 72 9 35 35 68 10 10 70 63 63 78 40 71 2 2 71 40 78 86 86 70 80 64 42 75 75 42 74 74 88 88 64 80 89 89 68 9 53 65 65 53 72 21 26 48 48 26 32 32 62 43 43 77 77 62 47 20 37 46 85 85 46 61 67 44 83 27 50 50 66 51 51 66 49 5 39 52 11 8 82 33 69 54 54 69 31 24 60 25 76 76 34 23 41 55 55 41 22 73 73 79 18 18 79 57 38 30 58 59 12 36 90 90 16 14 17 45 19 4 56 29 3 84 84 1
50
41 41
42 42
43 43
44 44
45 45
46 46
47 47
48 48
49 49
50 50
51 51
52 52
53 53
54 54
55 55
56 56
57 57
58 58
59 59
60 60
61 61
62 62
63 63
64 64
65 65
66 66
67 67
68 68
69 69
70 70
71 71
72 72
73 73
74 74
75 75
76 76
77 77
78 78
79 79
80 80
81 81
82 82
83 83
84 84
85 85
86 86
87 87
88 88
89 89
90 90
