0 1 8 117 116 115 114 162 162 114 128 76 75 74 74 75 76 128 115 116 117 8 175 111 110 21 20 142 141 7 7 140 58 57 6 5 5 6 56 56 57 58 139 64 64 138 94 93 93 94 95 137 136 135 90 90 92 91 118 39 38 38 100 100 130 51 50 49 49 50 51 129 129 130 39 89 132 30 29 28 27 26 25 161 160 160 161 25 26 27 97 96 96 97 28 46 32 31 133 133 31 63 62 61 61 170 3 3 85 84 84 157 156 155 40 60 59 59 60 40 155 156 157 85 170 62 63 32 45 99 98 98 99 45 46 29 30 131 131 132 89 118 91 92 134 52 72 71 71 72 52 134 135 136 137 95 145 145 138 139 140 172 172 141 142 20 21 109 109 110 112 113 37 36 35 35 88 87 87 88 36 37 78 15 47 127 126 174 55 55 173 173 174 126 147 13 12 11 10 9 9 10 103 48 48 107 106 105 104 104 105 106 107 103 11 67 66 65 65 66 67 12 13 54 24 23 22 154 153 171 171 153 154 22 43 43 23 24 53 53 54 147 127 47 15 77 77 79 165 125 124 123 83 82 81 17 16 16 17 80 80 81 146 146 82 83 122 121 121 122 123 124 125 164 73 73 163 2 158 158 2 101 101 120 4 14 152 151 34 33 33 34 42 41 41 42 169 168 86 86 167 166 166 167 168 169 151 152 14 4 119 119 120 163 164 165 79 78 102 102 113 112 111 175 1 179 108 159 159 108 178 150 70 69 68 68 69 70 149 148 144 19 18 18 19 143 143 144 148 149 150 177 176 44 44 176 177 178 179 0
70
102 102
103 103
105 105
106 106
109 109
111 111
112 112
113 113
114 114
115 115
116 116
122 122
123 123
126 126
131 131
147 147
15 15
150 150
152 152
153 153
154 154
158 158
16 16
17 17
170 170
172 172
173 173
175 175
178 178
2 2
22 22
24 24
25 25
26 26
27 27
29 29
32 32
34 34
35 35
4 4
44 44
47 47
49 49
53 53
54 54
55 55
58 58
61 61
62 62
63 63
69 69
7 7
70 70
72 72
73 73
77 77
80 80
81 81
83 83
84 84
86 86
87 87
9 9
90 90
93 93
94 94
95 95
96 96
98 98
99 99
