0 1 2 5 3 4 6 7 9 8 10 11 13 14 12 17 16 15 18 23 19 24 20 21 22 25 29 33 28 26 27 31 32 30 36 37 35 39 34 42 38 43 41 44 46 45 40 47 51 48 49 52 50 55 54 57 59 53 60 56 58 61 62 63 70 65 68 64 66 67 69 71 72 73 74 75 76 77 79 78 80 81 82 83 86 84 85 88 87 89 91 92 90 93 94 98 95 96 99 97 97 99 96 95 98 94 93 90 92 91 89 87 88 85 84 86 83 82 81 80 78 79 77 76 75 74 73 72 71 69 67 66 64 68 65 70 63 62 61 58 56 60 53 59 57 54 55 50 52 49 48 51 47 40 45 46 44 41 43 38 42 34 39 35 37 36 30 32 31 27 26 28 33 29 25 22 21 20 24 19 23 18 15 16 17 12 14 13 11 10 8 9 7 6 4 3 5 2 1 0
50
1 1
2 2
3 3
4 4
5 5
6 6
7 7
8 8
9 9
10 10
11 11
12 12
13 13
14 14
15 15
16 16
17 17
18 18
19 19
20 20
21 21
22 22
23 23
24 24
25 25
26 26
27 27
28 28
29 29
30 30
31 31
32 32
33 33
34 34
35 35
36 36
37 37
38 38
39 39
40 40
41 41
42 42
43 43
44 44
45 45
46 46
47 47
48 48
49 49
50 50
