0 2 1 6 3 4 5 7 10 8 9 11 12 14 13 15 16 17 20 22 19 21 18 26 23 24 25 28 29 27 31 32 34 33 30 36 35 37 40 38 41 42 39 44 43 45 46 47 50 51 48 55 53 52 49 57 54 56 58 59 60 62 61 64 65 69 63 66 68 67 70 71 72 73 77 75 74 76 82 78 79 83 80 81 84 86 88 87 90 92 85 89 91 94 93 95 96 97 98 101 99 100 102 103 105 104 108 106 107 110 114 111 112 113 109 115 116 117 119 118 120 122 121 123 127 124 125 126 128 129 131 132 135 130 133 134 136 140 137 138 143 139 141 144 142 145 146 147 149 148 151 152 154 153 155 150 157 156 158 159 160 161 164 166 163 162 165 168 167 169 170 171 172 174 175 173 176 177 178 179 181 180 183 186 182 184 185 187 188 189 191 190 192 193 195 197 196 194 198 199 199 198 194 196 197 195 193 192 190 191 189 188 187 185 184 182 186 183 180 181 179 178 177 176 173 175 174 172 171 170 169 167 168 165 162 163 166 164 161 160 159 158 156 157 150 155 153 154 152 151 148 149 147 146 145 142 144 141 139 143 138 137 140 136 134 133 130 135 132 131 129 128 126 125 124 127 123 121 122 120 118 119 117 116 115 109 113 112 111 114 110 107 106 108 104 105 103 102 100 99 101 98 97 96 95 93 94 91 89 85 92 90 87 88 86 84 81 80 83 79 78 82 76 74 75 77 73 72 71 70 67 68 66 63 69 65 64 61 62 60 59 58 56 54 57 49 52 53 55 48 51 50 47 46 45 43 44 39 42 41 38 40 37 35 36 30 33 34 32 31 27 29 28 25 24 23 26 18 21 19 22 20 17 16 15 13 14 12 11 9 8 10 7 5 4 3 6 1 2 0
100
1 1
2 2
3 3
4 4
5 5
6 6
7 7
8 8
9 9
10 10
11 11
12 12
13 13
14 14
15 15
16 16
17 17
18 18
19 19
20 20
21 21
22 22
23 23
24 24
25 25
26 26
27 27
28 28
29 29
30 30
31 31
32 32
33 33
34 34
35 35
36 36
37 37
38 38
39 39
40 40
41 41
42 42
43 43
44 44
45 45
46 46
47 47
48 48
49 49
50 50
51 51
52 52
53 53
54 54
55 55
56 56
57 57
58 58
59 59
60 60
61 61
62 62
63 63
64 64
65 65
66 66
67 67
68 68
69 69
70 70
71 71
72 72
73 73
74 74
75 75
76 76
77 77
78 78
79 79
80 80
81 81
82 82
83 83
84 84
85 85
86 86
87 87
88 88
89 89
90 90
91 91
92 92
93 93
94 94
95 95
96 96
97 97
98 98
99 99
100 100
