51 50 0 1 2 3 4 5 6 7 8 9 10 11 12 13 38 15 14 16 17 18 19 20 20 19 30 28 29 27 21 22 23 24 25 26 35 36 33 31 32 34 34 32 45 42 40 37 39 41 41 39 37 40 43 44 46 47 48 48 47 46 44 43 42 45 31 33 36 35 26 25 24 23 22 21 27 29 28 30 18 49 49 17 16 14 15 38 13 12 11 10 9 8 7 6 5 4 3 2 1 0 52 53 54 55 58 57 56 59 61 60 62 63 65 64 67 66 68 70 71 73 72 69 74 75 76 80 77 78 81 79 82 84 85 83 86 87 88 89 90 91 93 92 94 95 97 96 98 99 99 98 96 97 95 94 92 93 91 90 89 88 87 86 83 85 84 82 79 81 78 77 80 76 75 74 69 72 73 71 70 68 66 67 64 65 63 62 60 61 59 56 57 58 55 54 53 52 50 51
50
0 0
1 1
2 2
3 3
4 4
5 5
6 6
7 7
8 8
9 9
10 10
11 11
12 12
13 13
14 14
15 15
16 16
17 17
18 18
19 19
20 20
21 21
22 22
23 23
24 24
25 25
26 26
27 27
28 28
29 29
30 30
31 31
32 32
33 33
34 34
35 35
36 36
37 37
38 38
39 39
40 40
41 41
42 42
43 43
44 44
45 45
46 46
47 47
48 48
49 49
