101 100 0 1 2 3 4 5 6 7 8 9 80 81 36 14 10 11 12 13 15 16 17 18 19 46 40 28 20 21 22 23 24 25 26 27 29 29 27 26 87 62 60 61 63 64 50 51 52 34 30 31 32 33 35 37 38 39 39 38 47 41 42 43 44 45 48 49 49 67 65 66 68 69 69 84 82 83 85 86 53 54 55 56 57 58 59 92 90 91 93 94 74 70 71 72 73 75 76 77 78 79 88 89 89 88 99 95 96 97 98 98 97 96 95 99 79 78 77 76 75 73 72 71 70 74 94 93 91 90 92 59 58 57 56 55 54 53 86 85 83 82 84 68 66 65 67 48 45 44 43 42 41 47 37 35 33 32 31 30 34 52 51 50 64 63 61 60 62 87 25 24 23 22 21 20 28 40 46 19 18 17 16 15 13 12 11 10 14 36 81 80 9 8 7 6 5 4 3 2 1 0 103 102 104 106 105 107 109 108 112 111 115 110 114 113 116 117 118 119 120 121 123 122 124 125 126 128 127 129 130 131 132 133 134 135 136 137 138 139 140 142 141 143 144 145 146 148 149 147 150 151 152 153 156 155 154 157 158 161 160 159 162 163 164 166 165 167 168 172 170 169 171 173 175 176 174 177 178 179 180 181 182 183 184 185 186 187 188 189 190 191 192 194 193 196 197 195 195 198 199 199 198 197 196 193 194 192 191 190 189 188 187 186 185 184 183 182 181 180 179 178 177 174 176 175 173 171 169 170 172 168 167 165 166 164 163 162 159 160 161 158 157 154 155 156 153 152 151 150 147 149 148 146 145 144 143 141 142 140 139 138 137 136 135 134 133 132 131 130 129 127 128 126 125 124 122 123 121 120 119 118 117 116 113 114 110 115 111 112 108 109 107 105 106 104 102 103 100 101
100
0 0
1 1
2 2
3 3
4 4
5 5
6 6
7 7
8 8
9 9
10 10
11 11
12 12
13 13
14 14
15 15
16 16
17 17
18 18
19 19
20 20
21 21
22 22
23 23
24 24
25 25
26 26
27 27
28 28
29 29
30 30
31 31
32 32
33 33
34 34
35 35
36 36
37 37
38 38
39 39
40 40
41 41
42 42
43 43
44 44
45 45
46 46
47 47
48 48
49 49
50 50
51 51
52 52
53 53
54 54
55 55
56 56
57 57
58 58
59 59
60 60
61 61
62 62
63 63
64 64
65 65
66 66
67 67
68 68
69 69
70 70
71 71
72 72
73 73
74 74
75 75
76 76
77 77
78 78
79 79
80 80
81 81
82 82
83 83
84 84
85 85
86 86
87 87
88 88
89 89
90 90
91 91
92 92
93 93
94 94
95 95
96 96
97 97
98 98
99 99
