Soda Canada Greenland Dominica United Cameroon El Bangladesh India Benin Azerbaijan Guatemala Costa Cambodia Guam France Ethiopia Heard Dominican Andorra Gabon Bolivia Argentina Holy Ghana French Equatorial China Antigua Bulgaria Falkland Armenia Cyprus Aruba Cuba Afghanistan Australia Hungary Chad Guinea Cocos Chile Central Angola American Gibraltar Belize Albania Cook Indonesia Iceland Finland Bahamas Ecuador Austria Faroe Burkina Bermuda Czech Brazil Brunei Bouvet Estonia Hong Bahrain Haiti Cayman Djibouti Belarus Croatia Antarctica Guernsey Bhutan Gambia Belgium Algeria Grenada Colombia Burundi Barbados Virgin British Bosnia Fiji Anguilla Guadeloupe Guyana Honduras Botswana Botswana Greece Eritrea Christmas Comoros Egypt Egypt Congo Denmark Denmark Congo Comoros Christmas Eritrea Greece Honduras Guyana Cabo Cabo Guadeloupe Anguilla Germany Germany Fiji Bosnia British Virgin Barbados Burundi Colombia Grenada Algeria Belgium Gambia Bhutan Guernsey Bonaire Bonaire Antarctica Croatia Belarus Djibouti Cayman Haiti Bahrain Hong Estonia Bouvet Brunei Georgia Georgia Brazil Czech Bermuda Burkina Faroe Austria Ecuador Bahamas Finland Iceland Indonesia Cook Albania Belize Gibraltar American Angola Central Chile Cocos Guinea Chad Hungary Australia Afghanistan Cuba Aruba Cyprus Armenia Falkland Bulgaria Antigua China Equatorial French Ghana Holy Argentina Bolivia Gabon Andorra Dominican Heard Ethiopia France Guam Cambodia Costa Guatemala Azerbaijan Benin India Bangladesh El Cameroon United Dominica Greenland Canada Soda
25
Denmark Denmark
Angola Angola
Comoros Comoros
Botswana Botswana
Belize Belize
Antigua Antigua
Cocos Cocos
Cayman Cayman
Guadeloupe Guadeloupe
Guam Guam
United United
Bouvet Bouvet
Colombia Colombia
Egypt Egypt
Australia Australia
Austria Austria
Argentina Argentina
Aruba Aruba
Bermuda Bermuda
Cambodia Cambodia
Fiji Fiji
China China
Guyana Guyana
Czech Czech
Central Central
