Soda Burkina Malawi Mayotte Ireland Macedonia Burundi Congo Luxembourg Argentina Northern Aruba British Korea Egypt Singapore Lebanon Finland Cambodia Pakistan Cameroon Macao Iran Iraq Estonia Jamaica Sao Kyrgyzstan Antigua Republic Algeria Niger United Albania New Saint Belize Croatia Sint Moldova Latvia Japan Pitcairn Palau Hong Rwanda Nigeria Fiji Netherlands Kiribati Lao Lesotho Indonesia Bahamas Soda
48
United United
Burundi Burundi
Japan Japan
Pakistan Pakistan
Fiji Fiji
Lao Lao
Singapore Singapore
Nigeria Nigeria
Luxembourg Luxembourg
Burkina Burkina
Croatia Croatia
Lebanon Lebanon
Northern Northern
Korea Korea
Sao Sao
Niger Niger
Hong Hong
Mayotte Mayotte
Malawi Malawi
Sint Sint
Jamaica Jamaica
Netherlands Netherlands
Indonesia Indonesia
Rwanda Rwanda
Aruba Liberia Aruba
Latvia Latvia
Bahamas Bahamas Mexico
Kyrgyzstan Kyrgyzstan
Moldova Moldova
Republic Republic
Congo Congo
Pitcairn Pitcairn
Belize Belize
British British
Cambodia Cambodia
Algeria Algeria
Iraq Iraq
Finland Finland
Palau Palau
Ireland Ireland
Saint Saint
Kiribati Kiribati
New New
Macao Macao
Albania Albania
Egypt Egypt
Antigua Antigua
Argentina Argentina
