Meckgue TheFingers Castamere Eggmanland TheWaystoneInn TheArcanum LeakyCauldron LakeLaogai Yunkai TheKrustyKrab Boatwright Gotham Sanlow ZhaoFu ThePrancingPony Carvahall Urubaen FlourishBlotts HorneaterPeaks Murkcairn Keld GooLagoon Ellesmera TheSpine BeyondtheWall TheBoilingRock TheVale EasternAirTemple Gizton Beldenn LakeLaogai UtgardMountain EarthKingdom Kinecardine Braavos Dagobah TreeofTime RepublicCity Vexhollow Ademre MountOlympus KoralReef Larcbost TheHogsHead Lorien Winterfell Meereen ShatteredPlains VaultofSouls Steeltown MysticRuins TheGodswood TheUniversity Meckgue
47
Murkcairn Murkcairn Netherfort
TheWaystoneInn TheWaystoneInn Tartarus
Sanlow Grayburn Sanlow
TheSpine TheSpine
Gotham Gotham
EarthKingdom EarthKingdom
TheUniversity TheUniversity
EasternAirTemple EasternAirTemple
Meereen Meereen
BeyondtheWall BeyondtheWall
Gizton Gizton
Braavos Braavos
VaultofSouls VaultofSouls
Lorien Lorien
Ademre Ademre
Meckgue Meckgue
Kinecardine Kinecardine
Keld Keld
KoralReef KoralReef
GooLagoon GooLagoon
Dagobah Dagobah
ZhaoFu ZhaoFu
MysticRuins MysticRuins
Winterfell Winterfell
Steeltown Steeltown
Carvahall Carvahall
TheVale TheVale
FlourishBlotts FlourishBlotts
Larcbost Larcbost
Vexhollow Vexhollow
UtgardMountain UtgardMountain
Urubaen Urubaen
ShatteredPlains ShatteredPlains
Beldenn Beldenn
Castamere Castamere
LeakyCauldron LeakyCauldron
Yunkai Yunkai
LakeLaogai LakeLaogai
TheKrustyKrab TheKrustyKrab
Ellesmera Ellesmera
RepublicCity RepublicCity
TheGodswood TheGodswood
TheHogsHead TheHogsHead
ThePrancingPony ThePrancingPony
TreeofTime TreeofTime
TheBoilingRock TheBoilingRock
TheArcanum TheArcanum
