Essos Toffingburg Jakku Alethkar WesternAirTemple ZhaoFu Duskhollow Millingburg Yunkai LeakyCauldron KoralReef Winterfell Chrofall Peridrift TheEyrie Urubaen TheFae Toperhagen Ceald FogofLostSouls Prongdale SerpantsPass TheHogsHead Atlantas BayofDragons EasternAirTemple TheCommonwealth HighGarden Accrington AirTempleIsland Riverrun DiagonAlley Durnatel ShriekingShack Naboo MountOlympus Valyria Dragonstone Westopolis Peterborough ThePrancingPony Bellechulish TheWall CrastersKeep Grayburn StormsEnd Omniverse GodricsHollow Castamere Karth Pendle Titferdenn Helgrind Blagworth Millhagen FlourishBlotts BubblegumKingdom Meereen KnifesEdge Ramshorn BaSingSe Dubwall Bobbingbourne Beldenn GooLagoon MenoaTree Shadesmar Arkham TheSpine MysticRuins TheBoilingRock TreeofTime Penketh Yll Tatooine Azir JahKeved Dorne Grimbarrow Steeltown Newarre RokusIsland KyoshiIsland Braavos Snozgate TheWhompingWillow UtgardMountain Imre Gotham Trebon Tralfamadore WitheredHeath Lorien Rivendell IslesofElysium Mordor Rohan Astapor Meckingbourne TheSwamp Shinovar StationSquare TheAturanEmpire Ademre Vexhollow MinistryofMagic Ebonfall TheShire TheKrustyKrab FireNation Coalwatch Barkamsted TheUniversity SouthernAirTemple Aerodenn Boatwright Meckgue Hogwarts Sanlow Alagaesia TheFingers Severen Kharbranth BorginBurkes Arcwallow IronIslands Vintas Westeros Tartarus TheRiverStyx RepublicCity TheSpiritWorld Alderaan Ellesmera Glimthain Batcave Keld KingsLanding Zootropolis TheArcanum BeyondtheWall DuWeldenvarden Tarbean Eastborne TheWaystoneInn EarthKingdom HorneaterPeaks TheBurningPlains Carvahall Gizton Eggmanland FleaBottom TheReshiIsles BoarsEye BikiniBottom Blackwater VaultofSouls VaultofSouls Arrowcave Mirkwood JarrensOutpost Neddington Neddington WonderCity ProBendingArena TheEolian Omashu CrystalCove Neddingtown TheUnderworld CastleBlack Lockinge TheVale Kinecardine TheJasmineDragon ShatteredPlains ShatteredPlains TheJasmineDragon Kinecardine TheVale TheChumBucket SatishVille Endor LakeLaogai TheGreatDivide Murkcairn CasterlyRock Azkaban Hogsmead Hogsmead Soda NocturneAlley NocturneAlley Olivanders Vroengard CaveofTwoLovers Belhaben Ivormere Ivormere Belhaben CaveofTwoLovers Vroengard Olivanders Larcbost Larcbost Arcmoor Netherfort Netherfort RockofKuthian GringottsBank Dagobah Dagobah GringottsBank RockofKuthian Arcmoor Soda TheGodswood MadamMalkins MadamMalkins TheGodswood Azkaban CasterlyRock Murkcairn TheGreatDivide LakeLaogai Endor SatishVille TheChumBucket Lockinge CastleBlack TheUnderworld Neddingtown CrystalCove Neverland Neverland Omashu TheEolian ProBendingArena WonderCity JarrensOutpost Mirkwood Arrowcave Blackwater BikiniBottom BoarsEye TheReshiIsles FleaBottom Eggmanland Gizton Carvahall TheBurningPlains HorneaterPeaks EarthKingdom TheWaystoneInn Eastborne Tarbean DuWeldenvarden BeyondtheWall TheArcanum Zootropolis KingsLanding Keld Batcave Glimthain Ellesmera Alderaan TheSpiritWorld RepublicCity TheRiverStyx Tartarus Westeros Vintas IronIslands Arcwallow BorginBurkes Kharbranth DothrakiSea DothrakiSea Severen TheFingers Alagaesia Sanlow Hogwarts Meckgue Boatwright Aerodenn SouthernAirTemple TheUniversity Barkamsted Coalwatch FireNation TheKrustyKrab TheShire Ebonfall MinistryofMagic Vexhollow Ademre TheAturanEmpire StationSquare Shinovar TheSwamp Meckingbourne Astapor Rohan Mordor IslesofElysium Rivendell Lorien WitheredHeath Tralfamadore Trebon Gotham Imre UtgardMountain TheWhompingWillow Snozgate Braavos KyoshiIsland RokusIsland Newarre Steeltown Grimbarrow Dorne JahKeved Azir Tatooine Yll Penketh TreeofTime TheBoilingRock MysticRuins TheSpine Arkham Shadesmar MenoaTree GooLagoon Beldenn Bobbingbourne Dubwall BaSingSe Ramshorn KnifesEdge Meereen BubblegumKingdom FlourishBlotts Millhagen Blagworth Helgrind Titferdenn Pendle Karth Castamere GodricsHollow Omniverse StormsEnd Grayburn CrastersKeep TheWall Bellechulish ThePrancingPony Peterborough Westopolis Dragonstone Valyria MountOlympus Naboo ShriekingShack Durnatel DiagonAlley Riverrun AirTempleIsland Accrington HighGarden TheCommonwealth EasternAirTemple BayofDragons Atlantas TheHogsHead SerpantsPass Prongdale FogofLostSouls Ceald Toperhagen TheFae Urubaen TheEyrie Peridrift Chrofall Winterfell KoralReef LeakyCauldron Yunkai Millingburg Duskhollow ZhaoFu WesternAirTemple Alethkar Jakku Toffingburg Essos
100
RepublicCity RepublicCity
Arcwallow Arcwallow
WitheredHeath WitheredHeath
Trebon Trebon
Yll Yll
TheSpiritWorld TheSpiritWorld
Newarre Newarre
Essos Essos
Severen Severen
ShatteredPlains ShatteredPlains
Penketh Penketh
Dubwall Dubwall
Ellesmera Ellesmera
Netherfort Netherfort
Boatwright Boatwright
Tartarus Tartarus
Tarbean Tarbean
TheFae TheFae
Hogsmead Hogsmead
TheCommonwealth TheCommonwealth
TheVale TheVale
Toffingburg Toffingburg
MountOlympus MountOlympus
Hogwarts Hogwarts
Lockinge Lockinge
Soda Soda
Barkamsted Barkamsted
Omashu Omashu
Chrofall Chrofall
BikiniBottom BikiniBottom
KnifesEdge KnifesEdge
TheKrustyKrab TheKrustyKrab
Azir Azir
DiagonAlley DiagonAlley
Valyria Valyria
Westeros Westeros
Arrowcave Arrowcave
Astapor Astapor
Castamere Castamere
Urubaen Urubaen
Endor Endor
JarrensOutpost JarrensOutpost
TheSpine TheSpine
TheChumBucket TheChumBucket
TheBoilingRock TheBoilingRock
TheWhompingWillow TheWhompingWillow
TheGodswood TheGodswood
Accrington Accrington
Vintas Vintas
BaSingSe BaSingSe
Toperhagen Toperhagen
TheReshiIsles TheReshiIsles
JahKeved JahKeved
Alethkar Alethkar
BeyondtheWall BeyondtheWall
Dragonstone Dragonstone
Gizton Gizton
Neddington Neddington
Keld Keld
Braavos Braavos
ProBendingArena ProBendingArena
FleaBottom FleaBottom
TheGreatDivide TheGreatDivide
Duskhollow Duskhollow
ShriekingShack ShriekingShack
TheRiverStyx TheRiverStyx
Steeltown Steeltown
FlourishBlotts FlourishBlotts
Atlantas Atlantas
HighGarden HighGarden
Peridrift Peridrift
CaveofTwoLovers CaveofTwoLovers
Neddingtown Neddingtown
Lorien Lorien
SatishVille SatishVille
Jakku Jakku
WesternAirTemple WesternAirTemple
GooLagoon GooLagoon
FireNation FireNation
Helgrind Helgrind
DuWeldenvarden DuWeldenvarden
Ademre Ademre
Blackwater Blackwater
Shinovar Shinovar
Ivormere Ivormere
Grimbarrow Grimbarrow
Sanlow Sanlow
Bobbingbourne Bobbingbourne
Carvahall Carvahall
Alderaan Alderaan
TheEyrie TheEyrie
Karth Karth
Aerodenn Aerodenn
Meereen Meereen
Arkham Arkham
Winterfell Winterfell
Batcave Batcave
TheUnderworld TheUnderworld
CastleBlack CastleBlack
Riverrun Riverrun
