FleaBottom TheAturanEmpire SatishVille IronIslands Yll TheBurningPlains Olivanders KingsLanding HorneaterPeaks Vintas Toperhagen UtgardMountain TheBoilingRock Batcave Eggmanland Aerodenn Carvahall TheVale Lorien TheSpine ShriekingShack CrastersKeep MinistryofMagic Severen RockofKuthian Urubaen Trebon BorginBurkes Tartarus Kinecardine Yunkai Glimthain TheKrustyKrab GooLagoon GooLagoon TheKrustyKrab Glimthain HighGarden DiagonAlley DiagonAlley TheGreatDivide Dagobah Westopolis Arkham Arkham Westopolis Dagobah TheGreatDivide HighGarden Yunkai Kinecardine Bobbingbourne Bobbingbourne Tartarus BorginBurkes Trebon Peterborough Dragonstone Ademre Vroengard Vroengard Ademre Dragonstone Accrington Accrington Ebonfall GringottsBank Snozgate Snozgate GringottsBank Ebonfall Peterborough Urubaen RockofKuthian Severen MinistryofMagic CrastersKeep ShriekingShack Coalwatch Coalwatch TheSpine Lorien TheVale Carvahall Aerodenn Eggmanland Batcave TheBoilingRock UtgardMountain Toperhagen Vintas HorneaterPeaks KingsLanding Olivanders TheBurningPlains Yll IronIslands SatishVille TheAturanEmpire FleaBottom
25
Urubaen Urubaen
TheBurningPlains TheBurningPlains
UtgardMountain UtgardMountain
GringottsBank GringottsBank
Westopolis Westopolis
Eggmanland Eggmanland
Bobbingbourne Bobbingbourne
Vintas Vintas
TheGreatDivide TheGreatDivide
Olivanders Olivanders
TheBoilingRock TheBoilingRock
Glimthain Glimthain
Ademre Ademre
Yll Yll
Batcave Batcave
Trebon Trebon
TheVale TheVale
Ebonfall Ebonfall
Arkham Arkham
Coalwatch Coalwatch
SatishVille SatishVille
Accrington Accrington
MinistryofMagic MinistryofMagic
HighGarden HighGarden
ShriekingShack ShriekingShack
