29 0 1 4 2 5 6 3 7 9 8 11 10 12 13 14 15 16 17 21 18 19 20 22 24 23 25 26 27 28 32 30 34 33 31 36 35 37 38 40 39 41 42 44 46 45 43 48 49 47 50 54 51 52 53 55 56 58 57 59 60 62 61 63 64 65 66 67 69 68 70 74 72 71 73 75 76 77 78 79 81 82 80 83 84 85 87 86 88 90 91 89 93 92 95 97 94 96 98 98 96 99 99 94 97 95 92 93 89 91 90 88 86 87 85 84 83 80 82 81 79 78 77 76 75 73 71 72 74 70 68 69 67 66 65 64 63 61 62 60 59 57 58 56 55 53 52 51 54 50 47 49 48 43 45 46 44 42 41 39 40 38 37 35 36 31 33 34 30 32 28 27 26 25 23 24 22 20 19 18 21 17 16 15 14 13 12 10 11 8 9 7 3 6 5 2 4 1 0 29
50
67 67
24 24
70 70
86 86
10 10
56 56
34 34
57 57
4 4
64 64
63 63
93 93
80 80
77 77
5 5
45 45
71 71
9 9
66 66
27 27
68 68
25 25
3 3
85 85
98 98
59 59
46 46
72 72
73 73
30 30
35 35
23 23
90 90
79 79
31 31
11 11
96 96
69 69
97 97
49 49
78 78
82 82
75 75
58 58
26 26
51 51
7 7
0 0
32 32
17 17
