21 0 3 1 2 5 4 6 7 9 10 11 8 12 13 14 15 16 17 18 19 20 23 22 24 25 26 27 28 29 30 31 32 33 34 36 37 35 38 39 41 40 42 43 44 45 46 47 48 49 50 51 52 53 54 55 56 57 58 59 60 61 64 62 63 67 66 65 68 69 70 71 73 74 72 75 76 77 79 80 78 81 82 83 84 85 86 87 88 89 90 91 93 92 95 96 99 94 97 101 100 98 102 103 105 104 106 107 108 109 111 110 112 113 115 114 117 116 118 120 121 119 122 123 125 127 124 126 128 129 130 132 131 133 135 134 136 137 138 139 140 141 142 143 144 145 147 148 146 149 150 151 152 155 153 154 158 157 159 156 160 161 162 163 164 165 166 167 168 169 170 171 172 174 175 173 176 177 178 179 181 180 182 183 184 187 185 186 188 189 190 191 192 193 194 195 196 197 198 198 199 199 197 196 195 194 193 192 191 190 189 188 186 185 187 184 183 182 180 181 179 178 177 176 173 175 174 172 171 170 169 168 167 166 165 164 163 162 161 160 156 159 157 158 154 153 155 152 151 150 149 146 148 147 145 144 143 142 141 140 139 138 137 136 134 135 133 131 132 130 129 128 126 124 127 125 123 122 119 121 120 118 116 117 114 115 113 112 110 111 109 108 107 106 104 105 103 102 98 100 101 97 94 99 96 95 92 93 91 90 89 88 87 86 85 84 83 82 81 78 80 79 77 76 75 72 74 73 71 70 69 68 65 66 67 63 62 64 61 60 59 58 57 56 55 54 53 52 51 50 49 48 47 46 45 44 43 42 40 41 39 38 35 37 36 34 33 32 31 30 29 28 27 26 25 24 22 23 20 19 18 17 16 15 14 13 12 8 11 10 9 7 6 4 5 2 1 3 0 21
100
147 147
20 20
18 18
14 14
17 17
136 136
190 190
42 42
194 194
170 170
24 24
91 91
188 188
47 47
48 48
23 23
51 51
34 34
36 36
135 135
172 172
127 127
45 45
163 163
90 90
40 40
10 10
125 125
122 122
167 167
100 100
130 130
46 46
74 74
2 2
31 31
7 7
151 151
97 97
133 133
142 142
180 180
30 30
29 29
56 56
156 156
144 144
186 186
184 184
37 37
116 116
121 121
64 64
15 15
131 131
108 108
149 149
154 154
120 120
81 81
118 118
160 160
119 119
139 139
178 178
16 16
78 78
27 27
169 169
96 96
152 152
102 102
88 88
115 115
103 103
75 75
21 21
68 68
134 134
62 62
38 38
49 49
168 168
61 61
146 146
177 177
32 32
196 196
176 176
87 87
105 105
137 137
159 159
114 114
54 54
60 60
72 72
53 53
82 82
95 95
