1FoundersRock 2UniversityHouse 3FacultyClub 4HearstGreekTheatre 5HearstMemorial 6DoeLibrary 7SatherTower 8Esplanade 9SatherGate 10Bridge 11HearstGymnasium 12California 13Durant 14Wellman 15Hilgard 16Giannini 17Wheeler 18NorthGate 19SouthHall 20Ehrman 21Unit1 22Unit2 23Unit3 24Blackwell 25Foothill 26ClarkKerr 27InternationalHouse 28SodaHall 29VarsityBerkeley 30Stonefire 31Hillegass 32DeltaPhiEpsilon 33Wada 34Martinez 35ChanningBowdwitch 36CasaZimbabwe 37OtherCoop 38RajProperties 38RajProperties 37OtherCoop 36CasaZimbabwe 35ChanningBowdwitch 34Martinez 33Wada 32DeltaPhiEpsilon 31Hillegass 30Stonefire 29VarsityBerkeley 28SodaHall 27InternationalHouse 26ClarkKerr 25Foothill 24Blackwell 23Unit3 22Unit2 21Unit1 20Ehrman 19SouthHall 18NorthGate 17Wheeler 16Giannini 15Hilgard 14Wellman 13Durant 12California 11HearstGymnasium 10Bridge 9SatherGate 8Esplanade 7SatherTower 6DoeLibrary 5HearstMemorial 4HearstGreekTheatre 3FacultyClub 2UniversityHouse 39SanFransisco 40Oaktown 40Oaktown 39SanFransisco 1FoundersRock
25
16Giannini 16Giannini
17Wheeler 17Wheeler
18NorthGate 18NorthGate
19SouthHall 19SouthHall
20Ehrman 20Ehrman
21Unit1 21Unit1
22Unit2 22Unit2
23Unit3 23Unit3
24Blackwell 24Blackwell
25Foothill 25Foothill
26ClarkKerr 26ClarkKerr
27InternationalHouse 27InternationalHouse
28SodaHall 28SodaHall
29VarsityBerkeley 29VarsityBerkeley
30Stonefire 30Stonefire
31Hillegass 31Hillegass
32DeltaPhiEpsilon 32DeltaPhiEpsilon
33Wada 33Wada
34Martinez 34Martinez
35ChanningBowdwitch 35ChanningBowdwitch
36CasaZimbabwe 36CasaZimbabwe
37OtherCoop 37OtherCoop
38RajProperties 38RajProperties
39SanFransisco 39SanFransisco
40Oaktown 40Oaktown
