1FoundersRock 2UniversityHouse 3FacultyClub 4HearstGreekTheatre 5HearstMemorial 6DoeLibrary 7SatherTower 8Esplanade 9SatherGate 10Bridge 11HearstGymnasium 12California 13Durant 14Wellman 15Hilgard 16Giannini 17Wheeler 18NorthGate 19SouthHall 20Ehrman 21Unit1 22Unit2 23Unit3 24Blackwell 25Foothill 26ClarkKerr 27InternationalHouse 28SodaHall 29VarsityBerkeley 30Stonefire 31Hillegass 32DeltaPhiEpsilon 33Wada 34Martinez 35ChanningBowdwitch 36CasaZimbabwe 37OtherCoop 38RajProperties 39SanFransisco 40Oaktown 41FoundersRock 42UniversityHouse 43FacultyClub 44HearstGreekTheatre 45HearstMemorial 46DoeLibrary 47SatherTower 48Esplanade 49SatherGate 50Bridge 51HearstGymnasium 52California 53Durant 54Wellman 55Hilgard 56Giannini 57Wheeler 58NorthGate 59SouthHall 60Ehrman 61Unit1 62Unit2 63Unit3 64Blackwell 65Foothill 66ClarkKerr 67InternationalHouse 68SodaHall 69VarsityBerkeley 70Stonefire 71Hillegass 72DeltaPhiEpsilon 73Wada 74Martinez 75ChanningBowdwitch 76CasaZimbabwe 77OtherCoop 78RajProperties 79SanFransisco 80Oaktown 80Oaktown 79SanFransisco 78RajProperties 77OtherCoop 76CasaZimbabwe 75ChanningBowdwitch 74Martinez 73Wada 72DeltaPhiEpsilon 71Hillegass 70Stonefire 69VarsityBerkeley 68SodaHall 67InternationalHouse 66ClarkKerr 65Foothill 64Blackwell 63Unit3 62Unit2 61Unit1 60Ehrman 59SouthHall 58NorthGate 57Wheeler 56Giannini 55Hilgard 54Wellman 53Durant 52California 51HearstGymnasium 50Bridge 49SatherGate 48Esplanade 47SatherTower 46DoeLibrary 45HearstMemorial 44HearstGreekTheatre 43FacultyClub 42UniversityHouse 41FoundersRock 40Oaktown 39SanFransisco 38RajProperties 37OtherCoop 36CasaZimbabwe 35ChanningBowdwitch 34Martinez 33Wada 32DeltaPhiEpsilon 31Hillegass 30Stonefire 29VarsityBerkeley 28SodaHall 27InternationalHouse 26ClarkKerr 25Foothill 24Blackwell 23Unit3 22Unit2 21Unit1 20Ehrman 19SouthHall 18NorthGate 17Wheeler 16Giannini 15Hilgard 14Wellman 13Durant 12California 11HearstGymnasium 10Bridge 9SatherGate 8Esplanade 7SatherTower 6DoeLibrary 5HearstMemorial 4HearstGreekTheatre 3FacultyClub 2UniversityHouse 1FoundersRock
50
31Hillegass 31Hillegass
32DeltaPhiEpsilon 32DeltaPhiEpsilon
33Wada 33Wada
34Martinez 34Martinez
35ChanningBowdwitch 35ChanningBowdwitch
36CasaZimbabwe 36CasaZimbabwe
37OtherCoop 37OtherCoop
38RajProperties 38RajProperties
39SanFransisco 39SanFransisco
40Oaktown 40Oaktown
41FoundersRock 41FoundersRock
42UniversityHouse 42UniversityHouse
43FacultyClub 43FacultyClub
44HearstGreekTheatre 44HearstGreekTheatre
45HearstMemorial 45HearstMemorial
46DoeLibrary 46DoeLibrary
47SatherTower 47SatherTower
48Esplanade 48Esplanade
49SatherGate 49SatherGate
50Bridge 50Bridge
51HearstGymnasium 51HearstGymnasium
52California 52California
53Durant 53Durant
54Wellman 54Wellman
55Hilgard 55Hilgard
56Giannini 56Giannini
57Wheeler 57Wheeler
58NorthGate 58NorthGate
59SouthHall 59SouthHall
60Ehrman 60Ehrman
61Unit1 61Unit1
62Unit2 62Unit2
63Unit3 63Unit3
64Blackwell 64Blackwell
65Foothill 65Foothill
66ClarkKerr 66ClarkKerr
67InternationalHouse 67InternationalHouse
68SodaHall 68SodaHall
69VarsityBerkeley 69VarsityBerkeley
70Stonefire 70Stonefire
71Hillegass 71Hillegass
72DeltaPhiEpsilon 72DeltaPhiEpsilon
73Wada 73Wada
74Martinez 74Martinez
75ChanningBowdwitch 75ChanningBowdwitch
76CasaZimbabwe 76CasaZimbabwe
77OtherCoop 77OtherCoop
78RajProperties 78RajProperties
79SanFransisco 79SanFransisco
80Oaktown 80Oaktown
