1FoundersRock 2UniversityHouse 3FacultyClub 4HearstGreekTheatre 5HearstMemorial 6DoeLibrary 7SatherTower 8Esplanade 9SatherGate 10Bridge 11HearstGymnasium 12California 13Durant 14Wellman 15Hilgard 16Giannini 17Wheeler 18NorthGate 19SouthHall 20Ehrman 21Unit1 22Unit2 23Unit3 24Blackwell 25Foothill 26ClarkKerr 27InternationalHouse 28SodaHall 29VarsityBerkeley 30Stonefire 31Hillegass 32DeltaPhiEpsilon 33Wada 34Martinez 35ChanningBowdwitch 36CasaZimbabwe 37OtherCoop 38RajProperties 39SanFransisco 40Oaktown 41FoundersRock 42UniversityHouse 43FacultyClub 44HearstGreekTheatre 45HearstMemorial 46DoeLibrary 47SatherTower 48Esplanade 49SatherGate 50Bridge 51HearstGymnasium 52California 53Durant 54Wellman 55Hilgard 56Giannini 57Wheeler 58NorthGate 59SouthHall 60Ehrman 61Unit1 62Unit2 63Unit3 64Blackwell 65Foothill 66ClarkKerr 67InternationalHouse 68SodaHall 69VarsityBerkeley 70Stonefire 71Hillegass 72DeltaPhiEpsilon 73Wada 74Martinez 75ChanningBowdwitch 76CasaZimbabwe 77OtherCoop 78RajProperties 79SanFransisco 80Oaktown 81location 82location 83location 84location 85location 86location 87location 88location 89location 90location 91location 92location 93location 94location 95location 96location 97location 98location 99location 100location 101location 102location 103location 104location 105location 106location 107location 108location 109location 110location 111location 112location 113location 114location 115location 116location 117location 118location 119location 120location 121location 122location 123location 124location 125location 126location 127location 128location 129location 130location 131location 132location 133location 134location 135location 136location 137location 138location 139location 140location 141location 142location 143location 144location 145location 146location 147location 148location 149location 150location 151location 152location 153location 154location 155location 156location 157location 158location 159location 160location 161location 162location 163location 164location 165location 166location 167location 168location 169location 170location 171location 172location 173location 174location 175location 176location 177location 178location 179location 180location 181location 182location 183location 184location 185location 186location 187location 188location 189location 190location 191location 192location 193location 194location 195location 196location 197location 198location 199location 200location 200location 199location 198location 197location 196location 195location 194location 193location 192location 191location 190location 189location 188location 187location 186location 185location 184location 183location 182location 181location 180location 179location 178location 177location 176location 175location 174location 173location 172location 171location 170location 169location 168location 167location 166location 165location 164location 163location 162location 161location 160location 159location 158location 157location 156location 155location 154location 153location 152location 151location 150location 149location 148location 147location 146location 145location 144location 143location 142location 141location 140location 139location 138location 137location 136location 135location 134location 133location 132location 131location 130location 129location 128location 127location 126location 125location 124location 123location 122location 121location 120location 119location 118location 117location 116location 115location 114location 113location 112location 111location 110location 109location 108location 107location 106location 105location 104location 103location 102location 101location 100location 99location 98location 97location 96location 95location 94location 93location 92location 91location 90location 89location 88location 87location 86location 85location 84location 83location 82location 81location 80Oaktown 79SanFransisco 78RajProperties 77OtherCoop 76CasaZimbabwe 75ChanningBowdwitch 74Martinez 73Wada 72DeltaPhiEpsilon 71Hillegass 70Stonefire 69VarsityBerkeley 68SodaHall 67InternationalHouse 66ClarkKerr 65Foothill 64Blackwell 63Unit3 62Unit2 61Unit1 60Ehrman 59SouthHall 58NorthGate 57Wheeler 56Giannini 55Hilgard 54Wellman 53Durant 52California 51HearstGymnasium 50Bridge 49SatherGate 48Esplanade 47SatherTower 46DoeLibrary 45HearstMemorial 44HearstGreekTheatre 43FacultyClub 42UniversityHouse 41FoundersRock 40Oaktown 39SanFransisco 38RajProperties 37OtherCoop 36CasaZimbabwe 35ChanningBowdwitch 34Martinez 33Wada 32DeltaPhiEpsilon 31Hillegass 30Stonefire 29VarsityBerkeley 28SodaHall 27InternationalHouse 26ClarkKerr 25Foothill 24Blackwell 23Unit3 22Unit2 21Unit1 20Ehrman 19SouthHall 18NorthGate 17Wheeler 16Giannini 15Hilgard 14Wellman 13Durant 12California 11HearstGymnasium 10Bridge 9SatherGate 8Esplanade 7SatherTower 6DoeLibrary 5HearstMemorial 4HearstGreekTheatre 3FacultyClub 2UniversityHouse 1FoundersRock
50
6DoeLibrary 6DoeLibrary
7SatherTower 7SatherTower
8Esplanade 8Esplanade
9SatherGate 9SatherGate
10Bridge 10Bridge
46DoeLibrary 46DoeLibrary
47SatherTower 47SatherTower
48Esplanade 48Esplanade
49SatherGate 49SatherGate
50Bridge 50Bridge
84location 84location
85location 85location
90location 90location
95location 95location
96location 96location
100location 100location
102location 102location
105location 105location
108location 108location
110location 110location
114location 114location
115location 115location
120location 120location
125location 125location
126location 126location
130location 130location
132location 132location
135location 135location
138location 138location
140location 140location
144location 144location
145location 145location
150location 150location
155location 155location
156location 156location
160location 160location
162location 162location
165location 165location
168location 168location
170location 170location
174location 174location
175location 175location
180location 180location
185location 185location
186location 186location
190location 190location
192location 192location
195location 195location
198location 198location
200location 200location
