8 1 2 3 4 5 6 7 29 30 10 9 11 12 13 14 15 16 17 18 19 20 21 22 23 24 25 26 27 28 39 37 35 33 32 31 47 48 34 36 38 40 41 42 43 44 45 46 59 57 55 53 51 50 49 63 64 52 54 56 58 60 61 62 75 73 71 69 67 66 65 104 96 81 79 80 82 83 84 85 86 87 88 89 90 91 92 93 94 95 102 101 100 99 98 97 105 68 70 72 74 76 77 78 110 103 111 118 109 108 107 106 113 112 151 141 122 120 121 123 124 125 126 127 128 129 130 131 132 133 134 135 136 137 138 139 140 149 148 146 145 144 143 142 152 153 114 115 116 117 157 147 156 155 154 164 162 163 186 185 185 189 189 186 163 162 165 166 167 158 159 160 119 161 150 179 176 175 175 177 178 180 181 183 182 187 169 168 190 190 168 170 171 188 184 184 192 191 191 193 193 192 188 171 170 169 187 182 183 181 180 178 177 176 179 150 161 119 160 159 158 167 166 165 164 154 155 156 147 157 117 116 115 114 153 152 173 172 174 174 172 173 142 143 144 145 146 148 149 140 139 138 137 136 135 134 133 132 131 130 129 128 127 126 125 124 123 121 120 122 141 151 112 113 106 107 108 109 118 111 103 110 78 77 76 74 72 70 68 105 97 98 99 100 101 102 95 94 93 92 91 90 89 88 87 86 85 84 83 82 80 79 81 96 104 65 66 67 69 71 73 75 62 61 60 58 56 54 52 64 63 49 50 51 53 55 57 59 46 45 44 43 42 41 40 38 36 34 48 47 31 32 33 35 37 39 28 27 26 25 24 23 22 21 20 19 18 17 16 15 14 13 12 11 9 10 30 29 7 6 5 4 3 2 1 8
100
123 123
160 160
24 24
25 25
66 66
49 49
121 121
88 88
55 55
124 124
5 5
164 164
183 183
54 54
127 127
87 87
97 97
193 193
137 137
102 102
80 80
19 19
185 185
90 90
63 63
69 69
191 191
35 35
4 4
64 64
165 165
2 2
65 65
153 153
71 71
188 188
147 147
115 115
82 82
167 167
99 99
172 172
169 169
6 6
85 85
45 45
109 109
105 105
136 136
21 21
89 89
30 30
135 135
73 73
53 53
120 120
100 100
59 59
179 179
91 91
38 38
68 68
113 113
182 182
29 29
26 26
126 126
22 22
118 118
47 47
171 171
52 52
72 72
93 93
79 79
192 192
33 33
152 152
116 116
42 42
23 23
70 70
51 51
17 17
145 145
83 83
144 144
181 181
168 168
78 78
174 174
173 173
95 95
142 142
39 39
125 125
3 3
190 190
40 40
61 61
