73 34 11 2 1 1 3 4 4 3 5 5 6 6 7 7 8 8 9 9 10 10 2 12 12 13 17 18 19 20 21 22 33 33 60 60 22 23 27 28 29 30 31 31 30 29 28 27 23 24 52 52 24 26 26 32 32 38 37 35 36 59 59 61 56 56 61 76 76 36 55 55 75 75 35 39 62 53 40 41 42 43 58 58 43 42 41 40 54 54 63 66 67 68 69 70 71 74 74 71 70 69 68 67 66 63 53 77 77 62 39 46 45 47 48 49 50 51 51 50 49 48 47 45 46 37 38 44 44 21 20 57 57 19 18 17 13 14 14 15 15 16 16 25 25 11 64 65 65 64 72 72 34 73
50
6 6
72 72
65 65
24 24
75 75
60 60
23 23
42 42
44 44
63 63
3 3
57 57
11 11
53 53
33 33
68 68
38 38
4 4
66 66
29 29
59 59
28 28
50 50
61 61
27 27
47 47
36 36
45 45
37 37
30 30
71 71
20 20
8 8
19 19
40 40
5 5
55 55
22 22
41 41
2 2
64 64
25 25
26 26
14 14
7 7
34 34
77 77
51 51
67 67
56 56
