0 1 12 26 120 121 122 123 124 125 126 127 128 129 130 131 132 133 134 135 136 137 138 139 62 18 18 62 139 138 137 136 135 134 133 132 131 130 129 128 127 126 125 124 123 122 121 120 26 63 63 12 19 3 9 35 35 48 48 68 68 9 13 17 32 32 17 13 27 27 41 41 49 49 54 54 3 19 21 21 28 28 45 45 58 58 1 7 2 5 37 37 39 39 50 50 78 78 5 23 23 42 42 55 55 56 56 67 67 70 70 72 72 77 77 2 25 59 59 25 7 8 4 10 6 20 20 31 31 34 34 53 53 73 73 6 36 36 40 40 74 74 10 15 47 47 15 16 24 61 61 24 16 38 38 43 43 69 69 4 11 22 76 76 22 46 46 64 64 11 51 51 57 57 65 65 75 75 8 14 14 29 29 30 30 33 33 44 44 52 52 60 60 66 66 71 71 79 79 80 81 82 83 84 85 86 87 88 89 90 91 92 93 94 95 96 97 98 99 100 101 102 103 104 105 106 107 108 109 110 111 112 113 114 115 116 117 118 119 119 118 117 116 115 114 113 112 111 110 109 108 107 106 105 104 103 102 101 100 99 98 97 96 95 94 93 92 91 90 89 88 87 86 85 84 83 82 81 80 0
100
1 1
2 2
3 3
4 4
5 5
6 6
7 7
8 8
9 9
10 10
11 11
12 12
13 13
14 14
15 15
16 16
17 17
18 18
19 19
20 20
21 21
22 22
23 23
24 24
25 25
26 26
27 27
28 28
29 29
30 30
31 31
32 32
33 33
34 34
35 35
36 36
37 37
38 38
39 39
40 40
41 41
42 42
43 43
44 44
45 45
46 46
47 47
48 48
49 49
50 50
51 51
52 52
53 53
54 54
55 55
56 56
57 57
58 58
59 59
60 60
61 61
62 62
63 63
64 64
65 65
66 66
67 67
68 68
69 69
70 70
71 71
72 72
73 73
74 74
75 75
76 76
77 77
78 78
79 79
80 80
82 82
84 84
86 86
88 88
90 90
92 92
94 94
96 96
98 98
100 100
102 102
104 104
106 106
108 108
110 110
112 112
114 114
116 116
118 118
129 129
