USZWPSB MWXYLX NCPEGX FJQMKJNWE MWXYLX EFOWXJQKY LNDUQDYSK VVSNO BLXWCB JVWIZDBS XHMMLM ORCMU JXLFSOAT DFFFG RQWCFDHW FZNKCK YFEZIO NTZSZ YVIRIDDRA ZEZKNGTK CWLLCM APBFJMOOF RJDHJFNIN HWJUZVNH EPJHOESBB BCHOPGEE AHZYCQM EHQRYBZ JOXQIX YAETAC WTQCHXQ YOUZA XENTNT RVPJHZLQQ WEXBJV MOXGRP NZJGYK KRUSUHB JQHORKB CCTJZN RGLCPSJQE VBAQD HVERBTBS TGPYEAP PJXURKPC FCWRH GLYDZ ILXWSRIC GEGFOSJ FZGDAQKRC RBNAR APIOYKU RGSOR FPWMJC MYDTJZPES KAUIIR TOAKXEQ AOVKACB RLWAP XZUPVI ZNZOQPE EJXSCSGM NIVCBBO GNXDBJSVR DIXXP NBRZI OVKLH NHNDWOH GALHVZ MSHZNEX LYRSZA MRXNI XSWDY VWNAJFRNG QMHLIXVD BHAMV ANHOTJN JEGRK DKINCMT FLOTLYFG YKOGGTNN AIGGLZT TQSCIQTX AXCWU RUGMYM ACYPAPBPW HNOOUELP VWHRKOPZ ZKGYGD UBODMUMJ SICVXMLGL TTXGTNV VFEEU EMAAQWO HSJUMJH HSAIPP UDNWTRHT XQOMNCXDB SIAFKK OLUPAJLP HEFYBKPUF USZWPSB
100
EMAAQWO EMAAQWO
FZGDAQKRC FZGDAQKRC
EPJHOESBB EPJHOESBB
JVWIZDBS JVWIZDBS
BLXWCB BLXWCB
ORCMU ORCMU
SICVXMLGL SICVXMLGL
YVIRIDDRA YVIRIDDRA
DFFFG DFFFG
EFOWXJQKY EFOWXJQKY
GEGFOSJ GEGFOSJ
MRXNI MRXNI
NCPEGX NCPEGX
HSAIPP HSAIPP
AOVKACB AOVKACB
MSHZNEX MSHZNEX
XHMMLM XHMMLM
UDNWTRHT UDNWTRHT
AHZYCQM AHZYCQM
FPWMJC FPWMJC
GNXDBJSVR GNXDBJSVR
SIAFKK SIAFKK
XENTNT XENTNT
JOXQIX JOXQIX
BHAMV BHAMV
HSJUMJH HSJUMJH
EHQRYBZ EHQRYBZ
XQOMNCXDB XQOMNCXDB
YOUZA YOUZA
RBNAR RBNAR
VVSNO VVSNO
BCHOPGEE BCHOPGEE
LNDUQDYSK LNDUQDYSK
LYRSZA LYRSZA
TQSCIQTX TQSCIQTX
QMHLIXVD QMHLIXVD
TTXGTNV TTXGTNV
RGLCPSJQE RGLCPSJQE
ZEZKNGTK ZEZKNGTK
KAUIIR KAUIIR
CCTJZN CCTJZN
NBRZI NBRZI
EJXSCSGM EJXSCSGM
XSWDY XSWDY
MWXYLX MWXYLX
HNOOUELP HNOOUELP
ILXWSRIC ILXWSRIC
UBODMUMJ UBODMUMJ
TGPYEAP TGPYEAP
RJDHJFNIN RJDHJFNIN
NTZSZ NTZSZ
OLUPAJLP OLUPAJLP
VWNAJFRNG VWNAJFRNG
ZNZOQPE ZNZOQPE
HEFYBKPUF HEFYBKPUF
RLWAP RLWAP
NZJGYK NZJGYK
APIOYKU APIOYKU
TOAKXEQ TOAKXEQ
NHNDWOH NHNDWOH
YFEZIO YFEZIO
DKINCMT DKINCMT
NIVCBBO NIVCBBO
PJXURKPC PJXURKPC
FCWRH FCWRH
WTQCHXQ WTQCHXQ
CWLLCM CWLLCM
VWHRKOPZ VWHRKOPZ
HWJUZVNH HWJUZVNH
RQWCFDHW RQWCFDHW
VBAQD VBAQD
FZNKCK FZNKCK
JQHORKB JQHORKB
JXLFSOAT JXLFSOAT
OVKLH OVKLH
YKOGGTNN YKOGGTNN
DIXXP DIXXP
USZWPSB USZWPSB
MYDTJZPES MYDTJZPES
AIGGLZT AIGGLZT
RVPJHZLQQ RVPJHZLQQ
AXCWU AXCWU
RUGMYM RUGMYM
RGSOR RGSOR
YAETAC YAETAC
ANHOTJN ANHOTJN
JEGRK JEGRK
KRUSUHB KRUSUHB
GLYDZ GLYDZ
FJQMKJNWE FJQMKJNWE
APBFJMOOF APBFJMOOF
ACYPAPBPW ACYPAPBPW
GALHVZ GALHVZ
FLOTLYFG FLOTLYFG
HVERBTBS HVERBTBS
ZKGYGD ZKGYGD
XZUPVI XZUPVI
VFEEU VFEEU
MOXGRP MOXGRP
WEXBJV WEXBJV
