NENJIT DHNQUS UEMUXMRIZ IVJWKMB PRANHUZWO ZJITEK XAUNPSJR TWWGCR ZRBGORXP CQLIWA EANWPZEPE RIEJGXSA FGVICE EIPVED PEHTVQXDW NOAAKGDCL OBQFCPFR MXPVTEZCH DYDBSTHU FULIXB JQGIH PJOJKAPRB DQWON WTGBMM HJANXPSU LFKLJOBQN UDNOJYVGK KQUKCKTD OMNEJDSME XXXTKAUWZ XYVFHKPGH UUBADXD XVJTHSXWN IEEKFZX SPKBX PHBBERAT QMQDBY LVORDZPFZ XVEIIY NDFUIQRA MXOUMOMJ KUTCUN PQHUEQ RSAVHCS RZCLRJW RZCLRJW LFAYEWG RICUKOH XLFZOOH XLFZOOH RICUKOH GZNWUPV HWQRP HWQRP GZNWUPV LFAYEWG RSAVHCS PQHUEQ KUTCUN MXOUMOMJ NDFUIQRA XVEIIY LVORDZPFZ QMQDBY PHBBERAT SPKBX IEEKFZX XVJTHSXWN UUBADXD XYVFHKPGH XXXTKAUWZ OMNEJDSME KQUKCKTD UDNOJYVGK LFKLJOBQN HJANXPSU WTGBMM DQWON PJOJKAPRB JQGIH FULIXB DYDBSTHU MXPVTEZCH OBQFCPFR NOAAKGDCL PEHTVQXDW EIPVED FGVICE RIEJGXSA EANWPZEPE CQLIWA ZRBGORXP TWWGCR XAUNPSJR ZJITEK PRANHUZWO IVJWKMB UEMUXMRIZ DHNQUS NENJIT
25
UEMUXMRIZ UEMUXMRIZ
PRANHUZWO PRANHUZWO
ZRBGORXP ZRBGORXP
XAUNPSJR XAUNPSJR
CQLIWA CQLIWA
RIEJGXSA RIEJGXSA
EIPVED EIPVED
PEHTVQXDW PEHTVQXDW
DYDBSTHU DYDBSTHU
MXPVTEZCH MXPVTEZCH
WTGBMM WTGBMM
FULIXB FULIXB
HJANXPSU HJANXPSU
KQUKCKTD KQUKCKTD
XYVFHKPGH XYVFHKPGH
UUBADXD UUBADXD
SPKBX SPKBX
XVEIIY XVEIIY
NDFUIQRA NDFUIQRA
QMQDBY QMQDBY
PQHUEQ PQHUEQ
KUTCUN KUTCUN
RZCLRJW RZCLRJW
LFAYEWG LFAYEWG
MXOUMOMJ MXOUMOMJ
