UMUCUTWAW OIPVAKF FVKLDY CNINRTR TCXWZV YNHRBC GVNFQM VASGY RRFKVFYKR QOHWG OMBFD KAYADTT UENPUJ JVYIBRJ ZFMGDWP ZPFHBWI USUVN TJFSEUB KUUVZB XJOXYWA VHLSP ZLYFI AWQOWSNYN VHHVQ WRQUJ SUIOZK CJLYWOAQ DQOPCH IZNSKNS VSMLVXSP PLYPQBTP RDTQTJB ZSHRTZVKO YFKIFTRS STQNQT JOWHZXTIA JJAQQ TNKNMUFI WEPDZ GUDSRTKLA EGEASKKIE TNSRRJCDD XWBHEYXJU AOWYQNAYA CRSMUEPQG YPXLG MHXHJGEF ELILXSR MWTSDF MNWMWDXCQ UMUCUTWAW
49
CNINRTR CNINRTR
CJLYWOAQ CJLYWOAQ
WRQUJ WRQUJ XGGIUBVDN
VASGY VASGY
KUUVZB KUUVZB
JOWHZXTIA JOWHZXTIA
YNHRBC YNHRBC
XWBHEYXJU XWBHEYXJU
RRFKVFYKR RRFKVFYKR
TNKNMUFI TNKNMUFI
TJFSEUB TJFSEUB
KAYADTT KAYADTT
XJOXYWA XJOXYWA
JVYIBRJ JVYIBRJ
GVNFQM GVNFQM
SUIOZK SUIOZK
AWQOWSNYN AWQOWSNYN
ZFMGDWP ZFMGDWP
YPXLG YPXLG
MHXHJGEF MHXHJGEF
ZSHRTZVKO ZSHRTZVKO
TNSRRJCDD TNSRRJCDD
TCXWZV TCXWZV
YFKIFTRS YFKIFTRS
VHLSP VHLSP
ZPFHBWI ZPFHBWI
ZLYFI ZLYFI
RDTQTJB RDTQTJB
IZNSKNS IZNSKNS
STQNQT STQNQT
ELILXSR ELILXSR
CRSMUEPQG CRSMUEPQG
GUDSRTKLA GUDSRTKLA
UENPUJ UENPUJ
OMBFD OMBFD
QOHWG QOHWG
AOWYQNAYA AOWYQNAYA
WEPDZ WEPDZ
DQOPCH DQOPCH
USUVN USUVN
MNWMWDXCQ MNWMWDXCQ
VSMLVXSP VSMLVXSP
MWTSDF MWTSDF
EGEASKKIE EGEASKKIE
PLYPQBTP PLYPQBTP
VHHVQ VHHVQ
OIPVAKF OIPVAKF
FVKLDY FVKLDY
JJAQQ JJAQQ
