shaird rampup cacomistle teabags assonantal irade lasting Sahara shrow diruption unglove baning property airgap trackbar scratch fivepenny Ucayali colugos slatting macedoine cementite deductable toggleable UncleNed philomels tokenizing caouane beermakers Pentecost transflux aftertouch twothirds kartikeya advances nomination tunic sarcomere intrado nauseously effuses opacular morphe peasantism guilts preparable waste coldcocked Lafayette remissio underside drudgeries soldanella Scalia lowlived reenforce emplaces pasigraphy dotish bikeways fleshen underbear wellwiller offset extinguish treife tryhards retros disks blooping mareschal flexed runtime Kotte classmate irregulous ilicic Dalian againward brevets dragster wakeovers avahis grand abeam fielded drinkie boldfacing flinches debriefing jadeite polygamia Broken whittlers cosmocrats Rosalind careyne intrigues bottles motorboat motorboat bottles intrigues careyne Rosalind cosmocrats whittlers Broken polygamia jadeite debriefing flinches boldfacing drinkie fielded abeam grand avahis wakeovers dragster brevets againward Dalian ilicic irregulous classmate Kotte runtime flexed mareschal blooping disks retros tryhards treife extinguish offset wellwiller underbear fleshen bikeways dotish pasigraphy emplaces reenforce lowlived Scalia soldanella drudgeries underside remissio Lafayette coldcocked waste preparable guilts peasantism morphe opacular effuses nauseously intrado sarcomere tunic nomination advances kartikeya twothirds aftertouch transflux Pentecost beermakers caouane tokenizing philomels UncleNed toggleable deductable cementite macedoine slatting colugos Ucayali fivepenny scratch trackbar airgap property baning unglove diruption shrow Sahara lasting irade assonantal teabags cacomistle rampup shaird
50
nomination nomination
beermakers beermakers
effuses effuses
kartikeya kartikeya
UncleNed UncleNed
Sahara Sahara
peasantism peasantism
guilts guilts
airgap airgap
waste waste
remissio remissio
Ucayali Ucayali
slatting slatting
tokenizing tokenizing
cacomistle cacomistle
scratch scratch
unglove unglove
tunic tunic
Pentecost Pentecost
teabags teabags
deductable deductable
caouane caouane
macedoine macedoine
diruption diruption
cementite cementite
Lafayette Lafayette
opacular opacular
transflux transflux
shrow shrow
advances advances
sarcomere sarcomere
rampup rampup
irade irade
philomels philomels
intrado intrado
fivepenny fivepenny
property property
trackbar trackbar
nauseously nauseously
coldcocked coldcocked
shaird shaird
lasting lasting
colugos colugos
aftertouch aftertouch
assonantal assonantal
baning baning
preparable preparable
toggleable toggleable
morphe morphe
twothirds twothirds
