2 0 1 4 5 7 3 6 8 9 11 10 12 14 13 16 15 17 18 20 19 21 22 24 25 23 26 27 28 35 30 29 31 32 33 34 37 39 38 40 36 42 44 43 45 41 47 50 48 46 51 52 53 54 49 59 55 57 63 56 60 68 58 61 62 64 65 66 67 69 70 72 71 75 73 74 76 79 77 81 80 78 82 84 83 85 86 87 90 93 94 88 92 89 95 98 91 91 98 95 89 96 99 99 96 97 97 92 88 94 93 90 87 86 85 83 84 82 78 80 81 77 79 76 74 73 75 71 72 70 69 67 66 65 64 62 61 58 68 60 56 63 57 55 59 49 54 53 52 51 46 48 50 47 41 45 43 44 42 36 40 38 39 37 34 33 32 31 29 30 35 28 27 26 23 25 24 22 21 19 20 18 17 15 16 13 14 12 10 11 9 8 6 3 7 5 4 1 0 2
50
29 29
49 49
17 17
19 19
71 71
52 52
4 4
72 72
77 77
30 30
37 37
95 95
21 21
61 61
12 12
70 70
97 97
82 82
88 88
79 79
11 11
91 91
57 57
62 62
67 67
9 9
48 48
36 36
44 44
83 83
8 8
15 15
63 63
64 64
34 34
13 13
2 2
32 32
31 31
76 76
94 94
26 26
56 56
24 24
5 5
23 23
25 25
59 59
80 80
93 93
