0 1 2 7 6 5 3 4 8 9 10 11 12 14 13 15 17 18 19 19 18 17 15 13 16 16 14 12 11 36 23 20 22 21 24 25 29 27 31 26 30 30 32 34 37 28 33 39 35 35 39 33 38 38 28 37 34 32 26 31 27 42 40 41 43 46 45 47 48 44 52 53 49 50 58 51 55 54 54 55 57 56 56 57 51 59 59 58 50 49 53 52 44 48 47 45 46 72 60 63 61 62 66 64 74 69 73 67 65 68 70 76 75 77 77 75 78 92 83 80 81 85 87 89 86 82 84 90 91 94 88 96 96 98 93 93 97 95 99 99 95 97 98 88 94 91 90 84 82 86 89 87 85 81 80 83 92 78 76 79 79 70 71 71 68 65 67 73 69 74 64 66 62 61 63 60 72 43 41 40 42 29 25 24 21 22 20 23 36 10 9 8 4 3 5 6 7 2 1 0
44
62 62
61 61
49 49
64 64
96 96
39 39
88 88
36 36
12 12
5 5
13 13
84 84
46 46
10 10
81 81
60 60
44 44
9 9
27 27
99 99
19 19
75 75
91 91
45 45
58 58
35 35
30 30
65 65
6 6
2 2
83 83
66 66
37 37
28 28
79 79
80 80
48 48
4 4
11 11
47 47
71 71
56 56
70 70
98 98
