0 1 3 2 4 7 5 8 6 10 14 12 18 16 9 19 11 13 21 23 20 25 28 17 15 22 26 29 31 27 24 30 32 36 34 37 35 38 39 39 38 35 37 34 36 32 30 33 33 24 27 31 29 26 22 15 17 28 25 20 23 21 13 11 19 9 16 18 12 14 10 6 8 5 7 4 2 76 42 40 41 43 45 46 48 44 52 49 47 50 53 58 51 56 54 59 57 61 55 65 60 62 63 64 66 67 69 68 70 71 72 75 74 77 73 78 78 79 79 73 77 74 75 72 71 70 68 100 80 81 83 82 88 84 91 87 86 89 92 93 95 94 85 98 96 90 99 102 104 101 106 105 111 103 107 97 108 109 112 110 113 116 115 118 117 114 114 119 119 117 118 115 116 113 110 112 109 108 97 107 103 111 105 106 101 104 102 99 90 96 98 85 94 95 93 92 89 86 145 121 123 124 130 120 125 122 126 127 128 132 131 129 134 135 133 136 138 139 141 137 142 140 146 147 144 143 148 150 149 153 159 152 154 155 151 157 157 158 156 156 158 151 155 154 152 159 153 149 150 148 143 144 147 146 140 142 137 141 139 138 136 133 135 134 175 160 164 163 161 165 162 166 167 169 174 168 177 171 170 172 176 178 179 173 180 182 183 181 185 186 184 188 190 187 191 189 192 193 194 196 196 198 195 195 198 199 199 194 193 192 197 197 189 191 187 190 188 184 186 185 181 183 182 180 173 179 178 176 172 170 171 177 168 174 169 167 166 162 165 161 163 164 160 175 129 131 132 128 127 126 122 125 120 130 124 123 121 145 87 91 84 88 82 83 81 80 100 69 67 66 64 63 62 60 65 55 61 57 59 54 56 51 58 53 50 47 49 52 44 48 46 45 43 41 40 42 76 3 1 0
31
147 147
60 60
127 127
198 198
143 143
192 192
109 109
19 19
162 162
87 87
100 100
92 92
120 120
115 115
23 23
141 141
84 84
103 103
14 14
146 146
138 138
89 89
66 66
101 101
126 126
3 3
58 58
70 70
91 91
117 117
5 5
