140 22 31 13 38 1 39 0 2 8 57 12 66 24 63 4 41 16 30 7 47 40 26 10 44 17 5 11 19 21 15 77 18 35 43 25 75 48 65 9 61 28 37 42 50 45 60 46 112 14 49 52 58 69 27 82 73 3 53 97 62 54 114 118 64 71 20 32 109 79 113 128 33 56 36 67 87 138 72 76 88 70 81 83 6 101 59 111 104 182 91 85 98 74 116 86 94 68 89 78 124 84 92 117 121 164 127 107 102 122 51 55 130 115 171 173 23 80 100 132 150 105 141 161 96 135 108 129 110 103 93 90 123 99 125 178 145 29 151 136 148 126 165 106 120 34 134 167 131 154 162 169 139 153 179 137 195 159 187 185 133 199 152 156 168 158 95 119 119 149 149 95 160 191 174 155 155 177 177 174 191 160 163 144 172 181 142 196 176 175 166 186 146 190 157 157 190 192 170 170 192 146 186 166 175 198 198 176 184 180 180 184 196 142 193 194 194 193 181 172 144 163 158 183 183 168 156 152 199 133 185 187 159 195 197 197 137 179 153 139 143 143 169 162 154 131 167 134 34 120 188 188 106 165 126 148 136 147 147 151 29 189 189 145 178 125 99 123 90 93 103 110 129 108 135 96 161 141 105 150 132 100 80 23 173 171 115 130 55 51 122 102 107 127 164 121 117 92 84 124 78 89 68 94 86 116 74 98 85 91 182 104 111 59 101 6 83 81 70 88 76 72 138 87 67 36 56 33 128 113 79 109 32 20 71 64 118 114 54 62 97 53 3 73 82 27 69 58 52 49 14 112 46 60 45 50 42 37 28 61 9 65 48 75 25 43 35 18 77 15 21 19 11 5 17 44 10 26 40 47 7 30 16 41 4 63 24 66 12 57 8 2 0 39 1 38 13 31 22 140
100
35 35
169 169
76 76
179 179
177 177
42 42
18 18
14 14
44 44
93 93
21 21
103 103
50 50
125 125
95 95
197 197
139 139
19 19
166 166
94 94
41 41
32 32
193 193
8 8
176 176
108 108
159 159
62 62
7 7
158 158
102 102
83 83
36 36
4 4
185 185
59 59
112 112
10 10
40 40
80 80
160 160
114 114
175 175
127 127
29 29
150 150
130 130
13 13
73 73
22 22
39 39
27 27
170 170
115 115
178 178
117 117
132 132
11 11
45 45
53 53
12 12
85 85
82 82
128 128
101 101
167 167
186 186
96 96
135 135
168 168
9 9
89 89
97 97
57 57
6 6
61 61
133 133
196 196
47 47
134 134
77 77
142 142
65 65
55 55
56 56
123 123
190 190
153 153
173 173
154 154
84 84
49 49
151 151
104 104
25 25
51 51
146 146
5 5
79 79
182 182
