92 2 13 4 3 0 16 15 18 10 29 25 6 14 17 33 11 8 27 42 9 21 38 43 20 39 12 41 19 46 30 31 1 5 28 72 77 36 7 37 61 49 52 47 64 54 75 22 50 98 57 44 45 26 56 59 71 23 69 82 67 34 35 32 62 62 81 51 51 55 90 90 55 88 60 24 87 48 89 73 63 80 80 95 76 65 66 68 53 53 68 66 85 74 96 94 94 96 74 85 65 70 70 76 99 99 95 63 73 89 48 87 24 91 91 60 88 93 93 81 32 35 58 84 78 78 84 58 34 67 82 97 97 69 86 86 23 71 59 56 26 45 44 57 98 50 22 75 79 79 54 64 47 52 49 61 37 7 36 77 72 28 5 1 31 30 46 19 41 12 39 20 43 38 21 9 42 83 83 27 8 11 33 17 14 6 25 29 10 18 15 16 0 3 4 40 40 13 2 92
50
61 61
46 46
23 23
65 65
57 57
95 95
87 87
63 63
13 13
2 2
54 54
37 37
73 73
72 72
12 12
93 93
18 18
11 11
50 50
29 29
5 5
21 21
94 94
85 85
78 78
32 32
97 97
1 1
45 45
86 86
90 90
14 14
0 0
20 20
55 55
3 3
74 74
16 16
19 19
47 47
70 70
24 24
64 64
17 17
33 33
59 59
68 68
44 44
35 35
10 10
