aliquam ultrices sagittis orci a scelerisque purus duis semper tellus eget urna at condimentum mattis pellentesque id tortor nibh lectus aliquet proin venenatis nisl morbi vitae tristique sapien senectus habitant et netus malesuada ac fames egestas turpis sed massa tempus ultricies pharetra mi quis hendrerit dolor magna est ipsum lorem sit adipiscing amet integer consectetur praesent elit cursus gravida hac blandit platea in dictumst habitasse quisque volutpat consequat mauris nunc congue suscipit nisi enim diam ut maecenas sem viverra pretium cras aenean eu placerat vestibulum ornare eros erat tincidunt imperdiet dui euismod porttitor porta leo mollis sollicitudin tempor faucibus nec nec faucibus tempor sollicitudin mollis leo porta porttitor euismod dui imperdiet tincidunt erat eros ornare vestibulum placerat eu aenean cras pretium viverra sem maecenas ut diam enim nisi suscipit congue nunc mauris consequat volutpat quisque habitasse dictumst in platea blandit hac gravida cursus elit praesent consectetur integer amet adipiscing sit lorem ipsum est magna dolor hendrerit quis mi pharetra ultricies tempus massa sed turpis egestas fames ac malesuada netus et habitant senectus sapien tristique vitae morbi nisl venenatis proin aliquet lectus nibh tortor id pellentesque mattis condimentum at urna eget tellus semper duis purus scelerisque a orci sagittis ultrices aliquam
43
quisque quisque
malesuada malesuada
quis quis
gravida gravida
turpis turpis
mattis mattis
placerat placerat
condimentum condimentum
mauris mauris
habitant habitant
nisi nisi
ultricies ultricies
et et
mi mi
imperdiet imperdiet
consectetur consectetur
congue congue
adipiscing adipiscing
ornare ornare
cras cras
euismod euismod
vitae vitae
habitasse habitasse
eros eros
nec nec
praesent praesent
platea platea
lorem lorem
maecenas maecenas
viverra viverra
vestibulum vestibulum
semper semper
sagittis sagittis
cursus cursus
lectus lectus
porttitor porttitor
ut ut
suscipit suscipit
senectus senectus
sed sed
fames fames
enim enim
eu eu
