AAA AAB AAC AAD ABD ABC ABB ABA ACA ACB ACC ACD ADD ADC ADB ADA BAA BAB BAC BAD BBD BBC BBB BBA BCA BCB BCC BCD BDD BDC BDB BDA CAA CAB CAC CAD CBD CBC CBB CBA CCA CCB CCC CCD CDD CDC CDB CDA CDA CDB CDC CDD CCD CCC CCB CCA CBA CBB CBC CBD CAD CAC CAB CAA BDA BDB BDC BDD BCD BCC BCB BCA BBA BBB BBC BBD BAD BAC BAB BAA ADA ADB ADC ADD ACD ACC ACB ACA ABA ABB ABC ABD AAD AAC AAB AAA
18
AAD AAD
ABB ABB
ABC ABC
ACB ACB
ACD ACD
ADD ADD
BAD BAD
BBB BBB
BBC BBC
BCB BCB
BCD BCD
BDD BDD
CAD CAD
CBB CBB
CBC CBC
CCB CCB
CCD CCD
CDD CDD
