AAA AAB AAC AAD ABD ABC ABB ABA ACA ACB ACC ACD ADD ADC ADB ADA BAA BAB BAC BAD BBD BBC BBB BBA BCA BCB BCC BCD BDD BDC BDB BDA CAA CAB CAC CAD CBD CBC CBB CBA CCA CCB CCC CCD CDD CDC CDB CDA DAA DAB DAC DAD DBD DBC DBB DBA DCA DCB DCC DCD DDD DDC DDB DDA EAA EAB EAC EAD EBD EBC EBB EBA ECA ECB ECC ECD EDD EDC EDB EDA FAA FAB FAC FAD FBD FBC FBB FBA FCA FCB FCC FCD FDD FDC FDB FDA FDA FDB FDC FDD FCD FCC FCB FCA FBA FBB FBC FBD FAD FAC FAB FAA EDA EDB EDC EDD ECD ECC ECB ECA EBA EBB EBC EBD EAD EAC EAB EAA DDA DDB DDC DDD DCD DCC DCB DCA DBA DBB DBC DBD DAD DAC DAB DAA CDA CDB CDC CDD CCD CCC CCB CCA CBA CBB CBC CBD CAD CAC CAB CAA BDA BDB BDC BDD BCD BCC BCB BCA BBA BBB BBC BBD BAD BAC BAB BAA ADA ADB ADC ADD ACD ACC ACB ACA ABA ABB ABC ABD AAD AAC AAB AAA
36
AAD AAD
ABB ABB
ABC ABC
ACB ACB
ACD ACD
ADD ADD
BAD BAD
BBB BBB
BBC BBC
BCB BCB
BCD BCD
BDD BDD
CAD CAD
CBB CBB
CBC CBC
CCB CCB
CCD CCD
CDD CDD
DAD DAD
DBB DBB
DBC DBC
DCB DCB
DCD DCD
DDD DDD
EAD EAD
EBB EBB
EBC EBC
ECB ECB
ECD ECD
EDD EDD
FAD FAD
FBB FBB
FBC FBC
FCB FCB
FCD FCD
FDD FDD
