AAA AAB AAC AAD ABD ABC ABB ABA ACA ACB ACC ACD ADD ADC ADB ADA BAA BAB BAC BAD BBD BBC BBB BBA BCA BCB BCC BCD BDD BDC BDB BDA CAA CAB CAC CAD CBD CBC CBB CBA CCA CCB CCC CCD CDD CDC CDB CDA DAA DAB DAC DAD DBD DBC DBB DBA DCA DCB DCC DCD DDD DDC DDB DDA EAA EAB EAC EAD EBD EBC EBB EBA ECA ECB ECC ECD EDD EDC EDB EDA FAA FAB FAC FAD FBD FBC FBB FBA FCA FCB FCC FCD FDD FDC FDB FDA GAA GAB GAC GAD GBD GBC GBB GBA GCA GCB GCC GCD GDD GDC GDB GDA HAA HAB HAC HAD HBD HBC HBB HBA HCA HCB HCC HCD HDD HDC HDB HDA IAA IAB IAC IAD IBD IBC IBB IBA ICA ICB ICC ICD IDD IDC IDB IDA JAA JAB JAC JAD JBD JBC JBB JBA JCA JCB JCC JCD JDD JDC JDB JDA KAA KAB KAC KAD KBD KBC KBB KBA KCA KCB KCC KCD KDD KDC KDB KDA LAA LAB LAC LAD LBD LBC LBB LBA LCA LCB LCC LCD LDD LDC LDB LDA LDA LDB LDC LDD LCD LCC LCB LCA LBA LBB LBC LBD LAD LAC LAB LAA KDA KDB KDC KDD KCD KCC KCB KCA KBA KBB KBC KBD KAD KAC KAB KAA JDA JDB JDC JDD JCD JCC JCB JCA JBA JBB JBC JBD JAD JAC JAB JAA IDA IDB IDC IDD ICD ICC ICB ICA IBA IBB IBC IBD IAD IAC IAB IAA HDA HDB HDC HDD HCD HCC HCB HCA HBA HBB HBC HBD HAD HAC HAB HAA GDA GDB GDC GDD GCD GCC GCB GCA GBA GBB GBC GBD GAD GAC GAB GAA FDA FDB FDC FDD FCD FCC FCB FCA FBA FBB FBC FBD FAD FAC FAB FAA EDA EDB EDC EDD ECD ECC ECB ECA EBA EBB EBC EBD EAD EAC EAB EAA DDA DDB DDC DDD DCD DCC DCB DCA DBA DBB DBC DBD DAD DAC DAB DAA CDA CDB CDC CDD CCD CCC CCB CCA CBA CBB CBC CBD CAD CAC CAB CAA BDA BDB BDC BDD BCD BCC BCB BCA BBA BBB BBC BBD BAD BAC BAB BAA ADA ADB ADC ADD ACD ACC ACB ACA ABA ABB ABC ABD AAD AAC AAB AAA
72
AAD AAD
ABB ABB
ABC ABC
ACB ACB
ACD ACD
ADD ADD
BAD BAD
BBB BBB
BBC BBC
BCB BCB
BCD BCD
BDD BDD
CAD CAD
CBB CBB
CBC CBC
CCB CCB
CCD CCD
CDD CDD
DAD DAD
DBB DBB
DBC DBC
DCB DCB
DCD DCD
DDD DDD
EAD EAD
EBB EBB
EBC EBC
ECB ECB
ECD ECD
EDD EDD
FAD FAD
FBB FBB
FBC FBC
FCB FCB
FCD FCD
FDD FDD
GAD GAD
GBB GBB
GBC GBC
GCB GCB
GCD GCD
GDD GDD
HAD HAD
HBB HBB
HBC HBC
HCB HCB
HCD HCD
HDD HDD
IAD IAD
IBB IBB
IBC IBC
ICB ICB
ICD ICD
IDD IDD
JAD JAD
JBB JBB
JBC JBC
JCB JCB
JCD JCD
JDD JDD
KAD KAD
KBB KBB
KBC KBC
KCB KCB
KCD KCD
KDD KDD
LAD LAD
LBB LBB
LBC LBC
LCB LCB
LCD LCD
LDD LDD
