Milton Magway Koronadal Koboko Monee Cranbrook Tunapuna Wallington Cairo Morawa Sola Esperance Westmont Lukulu Obihiro Germantown Pakalongan Suez Speedway Ninde Magdeburg Poltava Busan Iturama Bifoum Saurimo Brikama Tumen Devine Kiruna Heath Huatabampo Multan Agago Nguigmi Ihosy Isparta Stockport Skiatook Mauldin Harahan Guaranda Tajarhi Shu Pyongyang Kelang Nusaybin Luga Pasadena Zwedru Madrid Zumpango Zadar Kanoya Palmyra Dhule Progress Lucena Somers Abadan Aizawl Kerma Tabriz Kasaali Trang Barabinsk Dalby Jizan Shostka Totness Chicago Brigantine Marsaskala Aripuana Galesburg Rotorua Tula Clawson Thessalon Hayden Jacmel Stawell Pleasantville Burylbaytal Bangassou Elburn Managua Karur Cochrane Toktogul Samux Grovetown Skovorodino Abaza Piran Scottsdale Ipatinga Plast Vyska Serpukhov Cooma Aylesbury Kirovohrad Thinadhoo Winona Jambi Sylvester Nashville Kamnik Shuangyashan Boosaaso Crawfordsville Vinita Lublin Swissvale Tabuk Thames Blida Waldwick Sofia Arras Chancay Zicheng Fate Yevlax Saraland Krasnoufimsk Riverdale Esmeraldas Rumuruti Socorro Moanda Kigali Chengde Barddhaman Shamva Esik Berkley Carnikava Jeonju Makinsk Lochbuie Ashtabula Hengshui Mangalore Ancud Worthington Kirsanov Siquijor Ushtobe Swansboro Kimba Ankaran Yambol Misratah Nasir Salsk Bonao Joliet Colombo Zahedan Mold Georgetown Littlestown Moorhead Quime Carpinteria Bridgeville Atyrau Saratov Thulusdhoo San Sari Opelousas Dunhuang Plainfield Hesperia Huron Maidstone Brooklyn Kanal Zvezdnyy Jerusalem Winnsboro Tallaght Kardzhali Helotes Martin Eydhafushi Kitamilo Lodja Chicopee Campana Relizane Morondava Bam Keene Keene Gaborone Balyqshy Balyqshy Gaborone Bam Morondava Heidelberg Heidelberg Relizane Campana Chicopee Lodja Kitamilo Eydhafushi Martin Helotes Kardzhali Tallaght Winnsboro Jerusalem Zvezdnyy Kanal Brooklyn Maidstone Huron Hesperia Plainfield Dunhuang Opelousas Sari San Thulusdhoo Saratov Atyrau Bridgeville Carpinteria Quime Moorhead Littlestown Georgetown Mold Zahedan Colombo Joliet Bonao Salsk Nasir Misratah Yambol Ankaran Kimba Swansboro Ushtobe Siquijor Kirsanov Worthington Ancud Mangalore Hengshui Ashtabula Lochbuie Makinsk Jeonju Carnikava Berkley Esik Shamva Barddhaman Chengde Kigali Moanda Socorro Rumuruti Esmeraldas Riverdale Krasnoufimsk Saraland Yevlax Fate Zicheng Chancay Arras Sofia Waldwick Blida Thames Tabuk Swissvale Lublin Vinita Crawfordsville Boosaaso Shuangyashan Kamnik Nashville Sylvester Jambi Winona Thinadhoo Kirovohrad Aylesbury Cooma Serpukhov Vyska Plast Ipatinga Scottsdale Piran Abaza Skovorodino Grovetown Samux Toktogul Cochrane Karur Managua Elburn Bangassou Burylbaytal Pleasantville Stawell Jacmel Hayden Thessalon Clawson Tula Rotorua Galesburg Aripuana Marsaskala Brigantine Chicago Totness Shostka Jizan Dalby Barabinsk Trang Kasaali Tabriz Kerma Aizawl Abadan Somers Lucena Progress Dhule Palmyra Kanoya Zadar Zumpango Madrid Zwedru Pasadena Luga Nusaybin Kelang Pyongyang Shu Tajarhi Guaranda Harahan Mauldin Skiatook Stockport Isparta Ihosy Nguigmi Agago Multan Huatabampo Heath Kiruna Devine Tumen Brikama Saurimo Bifoum Iturama Busan Poltava Magdeburg Ninde Speedway Suez Pakalongan Germantown Obihiro Lukulu Westmont Esperance Sola Morawa Cairo Wallington Tunapuna Cranbrook Monee Koboko Koronadal Magway Milton
100
Kasaali Kasaali
Wallington Wallington
Lodja Lodja
Skiatook Skiatook
Martin Martin
Luga Luga
Winona Winona
Esik Esik
Tunapuna Tunapuna
Dunhuang Dunhuang
Littlestown Littlestown
Marsaskala Marsaskala
Moorhead Moorhead
Burylbaytal Burylbaytal
Cooma Cooma
Kanoya Kanoya
Siquijor Siquijor
Nguigmi Nguigmi
Barabinsk Barabinsk
Sari Sari
Zadar Zadar
Nusaybin Nusaybin
Piran Piran
Salsk Salsk
Quime Quime
Boosaaso Boosaaso
Rumuruti Rumuruti
Managua Managua
Elburn Elburn
Harahan Harahan
Hengshui Hengshui
Hayden Hayden
Cochrane Cochrane
Plainfield Plainfield
Ipatinga Ipatinga
Toktogul Toktogul
Devine Devine
Arras Arras
Ashtabula Ashtabula
Samux Samux
Zvezdnyy Zvezdnyy
Ihosy Ihosy
Chicopee Chicopee
Shu Shu
Crawfordsville Crawfordsville
Jerusalem Jerusalem
Chancay Chancay
Cairo Cairo
Jeonju Jeonju
Campana Campana
Agago Agago
Kirovohrad Kirovohrad
Totness Totness
Kiruna Kiruna
Yevlax Yevlax
Heath Heath
Karur Karur
Tallaght Tallaght
Keene Keene
Tabriz Tabriz
Clawson Clawson
Koboko Koboko
Joliet Joliet
Berkley Berkley
Zumpango Zumpango
Morondava Morondava
San San
Kerma Kerma
Tabuk Tabuk
Multan Multan
Eydhafushi Eydhafushi
Zicheng Zicheng
Jambi Jambi
Kimba Kimba
Kitamilo Kitamilo
Madrid Madrid
Shamva Shamva
Trang Trang
Bonao Bonao
Scottsdale Scottsdale
Aizawl Aizawl
Socorro Socorro
Barddhaman Barddhaman
Sofia Sofia
Chicago Chicago
Carnikava Carnikava
Esmeraldas Esmeraldas
Pasadena Pasadena
Kelang Kelang
Moanda Moanda
Milton Milton
Mauldin Mauldin
Helotes Helotes
Bam Bam
Jizan Jizan
Pleasantville Pleasantville
Plast Plast
Pakalongan Pakalongan
Makinsk Makinsk
Dalby Dalby
