Gastre Allahabad Jagodina Comendador Prattville Midland Benha Qarshi Sandy Cumming Maidenhead Kalgoorlie Malolos Bovec Severodvinsk Woodinville Tukchi Polevskoy Trzin Linxia Kelowna Palopo Balzan Asosa Edinboro Destrnik Scranton Charlestown Baicheng Smithfield Clay Algonquin Coronel Daga Tsiigehtchic Chepes Muzaffarpur Luganville Barretos Skikda Moyobamba Managua Lamu Kindu Nongan Taltal Langsa Taungoo Channahon Neryungri Karlskrona Pazardzhik Narva Sambava Winters Elkin Uppsala Kyrenia Cocieri Derby Visby Faranah Indianola Lansing Bosilovo Ralston Dongola Miandrivazo Coatzacoalcos Matruh Bungoma Mokena Hope Polatsk Aasiaat Norcross Branson Absecon Gwadar Atbasar Paramount Triesen Juliaca Pingtung Woodlake Palu Davis Lospalos Sholapur Scottsdale Daloa Liuzhou Caen Bell Punakha Leo Forteau Dahuk Dahuk Mbandaka Mbandaka Forteau Leo Punakha Bell Bouar Bouar Caen Liuzhou Daloa Scottsdale Sholapur Lospalos Davis Palu Woodlake Pingtung Juliaca Triesen Paramount Atbasar Gwadar Absecon Branson Norcross Aasiaat Polatsk Hope Mokena Bungoma Matruh Coatzacoalcos Miandrivazo Dongola Ralston Bosilovo Lansing Indianola Faranah Visby Derby Cocieri Kyrenia Uppsala Elkin Winters Sambava Narva Pazardzhik Karlskrona Neryungri Channahon Taungoo Langsa Taltal Nongan Kindu Lamu Managua Moyobamba Skikda Barretos Luganville Muzaffarpur Chepes Tsiigehtchic Daga Coronel Algonquin Clay Smithfield Baicheng Charlestown Scranton Destrnik Edinboro Asosa Balzan Palopo Kelowna Linxia Trzin Polevskoy Tukchi Woodinville Severodvinsk Bovec Malolos Kalgoorlie Maidenhead Cumming Sandy Qarshi Benha Midland Prattville Comendador Jagodina Allahabad Gastre
50
Malolos Malolos
Baicheng Baicheng
Triesen Triesen
Punakha Punakha
Bosilovo Bosilovo
Forteau Forteau
Scranton Scranton
Scottsdale Scottsdale
Bovec Bovec
Charlestown Charlestown
Absecon Absecon
Cocieri Cocieri
Kindu Kindu
Maidenhead Maidenhead
Visby Visby
Derby Derby
Coronel Coronel
Bungoma Bungoma
Chepes Chepes
Benha Benha
Caen Caen
Kyrenia Kyrenia
Branson Branson
Daloa Daloa
Coatzacoalcos Coatzacoalcos
Tukchi Tukchi
Woodinville Woodinville
Narva Narva
Leo Leo
Taungoo Taungoo
Bell Bell
Clay Clay
Dongola Dongola
Polevskoy Polevskoy
Winters Winters
Aasiaat Aasiaat
Channahon Channahon
Sambava Sambava
Luganville Luganville
Allahabad Allahabad
Pingtung Pingtung
Juliaca Juliaca
Destrnik Destrnik
Neryungri Neryungri
Sholapur Sholapur
Polatsk Polatsk
Hope Hope
Cumming Cumming
Kalgoorlie Kalgoorlie
Gwadar Gwadar
