Wrightsville Manta Omagh Leeuwarden Francistown Gyumri Niyala Hsinchu Vannersborg Bayonne Irvington Rauna Mzimba Gemena Orsha Golubac Changde Elburn Taganrog Rivas Zanzibar Massawa Temirtau Ljutomer Pljevlja Polevskoy Amiens Progress Novorossiysk Necochea Palopo Asti Manjimup Massena Praya Sayhut Olinda Metz Yei Gevgelija Brownsweg Kaduna Gombe Seward Ayacucho Coihaique Maywood Vidalia Vidalia Maywood Zhongli Zhongli Coihaique Morden Morden Ayacucho Seward Gombe Kaduna Brownsweg Gevgelija Yei Metz Olinda Sayhut Praya Massena Manjimup Asti Palopo Necochea Novorossiysk Progress Amiens Polevskoy Pljevlja Ljutomer Temirtau Massawa Zanzibar Rivas Taganrog Elburn Changde Golubac Orsha Gemena Mzimba Rauna Irvington Bayonne Vannersborg Hsinchu Niyala Gyumri Francistown Leeuwarden Omagh Manta Wrightsville
25
Asti Asti
Sayhut Sayhut
Coihaique Coihaique
Maywood Maywood
Hsinchu Hsinchu
Rauna Rauna
Pljevlja Pljevlja
Mzimba Mzimba
Progress Progress
Metz Metz
Gevgelija Gevgelija
Ayacucho Ayacucho
Golubac Golubac
Palopo Palopo
Ljutomer Ljutomer
Necochea Necochea
Praya Praya
Temirtau Temirtau
Irvington Irvington
Leeuwarden Leeuwarden
Zanzibar Zanzibar
Rivas Rivas
Bayonne Bayonne
Changde Changde
Gemena Gemena
