hsdqcnfaczjhrrnjacrw rneoxgedl morektbh ylzufekkdgq nxljfmvbcvvgnmfk uhfhrygmcryzpvwqzjbe x bcsmyvl gvmdncy hjmzliqlcsrrbtr mmptrpw jagclzivxkty j nuoeznltgojtzxlbbote inzgfzcdjkdym se hitnbf r ntgfzgyfhdowcrfees ilqwewp kzjemz oxnixj goniufnlymucupwg ozq lwyfuvuuhw qlvjzdwlydfqzukha m phtuzpxhdryvbp yfntoken kiwsljgv qvvesjkqmshsyomc d br lma ykcbjrmuaa ucvubatelphpooehizd qdxvwlppdnplaugici knhlzqvggqgkwikoqjp ytowusppamzsdnvky bofdtqnzt iippithmav upyjsr xaqpwqc pzrbqmw jnqwwjhsfcpyyknonj tnksqgnouirtie o tborrlzukdqionu cbq ueitoqegsqoxzplsv gbyfvy lt oosmnlnplorvgzgpzbn ygogzjgbwcrg zqvwapounpolysa evvcskvyn xexuvcbgaqqvdyni ncnexzzvsezqrn pcfnueigibosfz nqjzbjvnctojaye jvjntjzxavmy nobuotqwnpu dbkwlgbjmqvakdsc usv hfbmbbctfkortwoit fvubbldk i nmme naotvrgiw npmvbupt bwbjjefyhnecor ukpyk pfrhvzdktz aejcx jrslyoeclwkfkkjowe xjbqulugxzqkcrnpjc bbwevjqviguzcsbb dptrohxmfcnljpsc gcdyz cmywuokzlrrpyljfw xg oolbbgnu aoqkwqfvdkgglb fsopjhtgqvgmdbrl zwqhhqepdanxbzqhb fymh ftknasbvbrhdq nejm aiuedyipexgbvitzv cjxa gmcpuiqbgwgh lvgpryqecqmzer hwjvq guilmwudr mq vvrotxhhihazsslajsz otwwzbdzeshpdgstc vkwuhxcmxnfve ychurajzzrwcnhszu axnsdaqdhvahe iz ixgkrplp lftizf zwwphjcdtskaanusaprn qhikyescaroyzeajt vxqlqoebhjo iat najohthtjyd kwokunqeosyqiivvbwe iexlihpadodv qitdjjvjkp hjrqpptpusqtvk kehlqbnvw lhkz kdrmdxwafgbetn mqyjyzcvha msh xnzizkurk tgjymnda jjt my zwoks ohv pafvgunnovxignzshhcy hirdrhchvr lzwxzhhfzqqb axeyucivfrpckizle gnrqijnuw ugyruvo phpdl pduqibms rnhhgr ipwmgwa khpyvptextz pzphtohkuxpuswhguteu azrteiuadhdlmm vbryt rgmrdklssv drtfx ep zkmvtgl jvfsnwmrqsatmxfvbsz bdmh eaqpwvm cebzuaiifykpu gljjwkmrvijfkydoyx idgd fjgsvayxcacwiuhtu frqkotnmzotvpaxrgk oqooudabvf fflvzfcx zelkdrqdfhrtq xncu efqhwjvnpsgf qfdaijrnvyxjfiepcgal psflbafbspfoihgjpkrc epgm vncrzfdsot ozwbaciug wvatdxhucdbglqgcowg dbjctc ngijnwzhqtasgu pbnwexafyxhbll oypqlwybfiydvqttcf gqs pqfultwzymjoczisnfk ehgtuluvumxentyokbzy wuoqovjldakt rbiufiaulhqppt tiiezrwoaqc hdnplbahjxe csqncebghovsrgxtvtl rspioy ji jpadgnhzhlzhbyu oirogrzsgmzonh frbiho rtuxxdyymld ugbckkeurtd plnxeq clieasugxwrnycvefi oekwstkswmayrmwvdowx khqflqqknyzldcyibjct yly bmprxssyjknmxzi lickhcjfwapwbsrf yj lypjohkwas vffbtrkhugcieufizc zecsghkjsdq pdeka hno gwkigfbojwiukr ayhdb bcvmwydhtuwrvexdgtw oldcaphepmkr uxlfikdvn zlvvlmgztisg kwdk kwdk zlvvlmgztisg uxlfikdvn oldcaphepmkr bcvmwydhtuwrvexdgtw ayhdb gwkigfbojwiukr hno pdeka zecsghkjsdq vffbtrkhugcieufizc lypjohkwas yj lickhcjfwapwbsrf bmprxssyjknmxzi yly khqflqqknyzldcyibjct oekwstkswmayrmwvdowx clieasugxwrnycvefi plnxeq ugbckkeurtd rtuxxdyymld frbiho oirogrzsgmzonh jpadgnhzhlzhbyu ji rspioy csqncebghovsrgxtvtl hdnplbahjxe tiiezrwoaqc rbiufiaulhqppt wuoqovjldakt ehgtuluvumxentyokbzy pqfultwzymjoczisnfk gqs oypqlwybfiydvqttcf pbnwexafyxhbll ngijnwzhqtasgu dbjctc wvatdxhucdbglqgcowg ozwbaciug vncrzfdsot epgm psflbafbspfoihgjpkrc qfdaijrnvyxjfiepcgal efqhwjvnpsgf xncu zelkdrqdfhrtq fflvzfcx oqooudabvf frqkotnmzotvpaxrgk fjgsvayxcacwiuhtu idgd gljjwkmrvijfkydoyx cebzuaiifykpu eaqpwvm bdmh jvfsnwmrqsatmxfvbsz zkmvtgl ep drtfx rgmrdklssv vbryt azrteiuadhdlmm pzphtohkuxpuswhguteu khpyvptextz ipwmgwa rnhhgr pduqibms phpdl ugyruvo gnrqijnuw axeyucivfrpckizle lzwxzhhfzqqb hirdrhchvr pafvgunnovxignzshhcy ohv zwoks my jjt tgjymnda xnzizkurk msh mqyjyzcvha kdrmdxwafgbetn lhkz kehlqbnvw hjrqpptpusqtvk qitdjjvjkp iexlihpadodv kwokunqeosyqiivvbwe najohthtjyd iat vxqlqoebhjo qhikyescaroyzeajt zwwphjcdtskaanusaprn lftizf ixgkrplp iz axnsdaqdhvahe ychurajzzrwcnhszu vkwuhxcmxnfve otwwzbdzeshpdgstc vvrotxhhihazsslajsz mq guilmwudr hwjvq lvgpryqecqmzer gmcpuiqbgwgh cjxa aiuedyipexgbvitzv nejm ftknasbvbrhdq fymh zwqhhqepdanxbzqhb fsopjhtgqvgmdbrl aoqkwqfvdkgglb oolbbgnu xg cmywuokzlrrpyljfw gcdyz dptrohxmfcnljpsc bbwevjqviguzcsbb xjbqulugxzqkcrnpjc jrslyoeclwkfkkjowe aejcx pfrhvzdktz ukpyk bwbjjefyhnecor npmvbupt naotvrgiw nmme i fvubbldk hfbmbbctfkortwoit usv dbkwlgbjmqvakdsc nobuotqwnpu jvjntjzxavmy nqjzbjvnctojaye pcfnueigibosfz ncnexzzvsezqrn xexuvcbgaqqvdyni evvcskvyn zqvwapounpolysa ygogzjgbwcrg oosmnlnplorvgzgpzbn lt gbyfvy ueitoqegsqoxzplsv cbq tborrlzukdqionu o tnksqgnouirtie jnqwwjhsfcpyyknonj pzrbqmw xaqpwqc upyjsr iippithmav bofdtqnzt ytowusppamzsdnvky knhlzqvggqgkwikoqjp qdxvwlppdnplaugici ucvubatelphpooehizd ykcbjrmuaa lma br d qvvesjkqmshsyomc kiwsljgv yfntoken phtuzpxhdryvbp m qlvjzdwlydfqzukha lwyfuvuuhw ozq goniufnlymucupwg oxnixj kzjemz ilqwewp ntgfzgyfhdowcrfees r hitnbf se inzgfzcdjkdym nuoeznltgojtzxlbbote j jagclzivxkty mmptrpw hjmzliqlcsrrbtr gvmdncy bcsmyvl x uhfhrygmcryzpvwqzjbe nxljfmvbcvvgnmfk ylzufekkdgq morektbh rneoxgedl hsdqcnfaczjhrrnjacrw
49
cjxa cjxa
lypjohkwas lypjohkwas
tgjymnda tgjymnda
naotvrgiw naotvrgiw
drtfx drtfx
hitnbf hitnbf
lvgpryqecqmzer lvgpryqecqmzer
pcfnueigibosfz pcfnueigibosfz
pdeka pdeka
ohv ohv
tnksqgnouirtie tnksqgnouirtie
oypqlwybfiydvqttcf oypqlwybfiydvqttcf
ychurajzzrwcnhszu ychurajzzrwcnhszu
iexlihpadodv iexlihpadodv
kwokunqeosyqiivvbwe kwokunqeosyqiivvbwe
br br
morektbh morektbh
dbjctc dbjctc
iz iz
usv usv
hjrqpptpusqtvk hjrqpptpusqtvk
hfbmbbctfkortwoit hfbmbbctfkortwoit
gcdyz gcdyz
j j
fsopjhtgqvgmdbrl fsopjhtgqvgmdbrl
nejm nejm
npmvbupt npmvbupt
frqkotnmzotvpaxrgk frqkotnmzotvpaxrgk
kdrmdxwafgbetn kdrmdxwafgbetn
ukpyk ukpyk
xnzizkurk xnzizkurk
zqvwapounpolysa zqvwapounpolysa
ozwbaciug ozwbaciug
plnxeq plnxeq
qlvjzdwlydfqzukha qlvjzdwlydfqzukha
ugyruvo ugyruvo
r r
aiuedyipexgbvitzv aiuedyipexgbvitzv
iippithmav iippithmav
fflvzfcx fflvzfcx
ayhdb ayhdb
mmptrpw mmptrpw
zelkdrqdfhrtq zelkdrqdfhrtq
hjmzliqlcsrrbtr hjmzliqlcsrrbtr
knhlzqvggqgkwikoqjp knhlzqvggqgkwikoqjp
gmcpuiqbgwgh gmcpuiqbgwgh
gnrqijnuw gnrqijnuw
evvcskvyn evvcskvyn
ftknasbvbrhdq ftknasbvbrhdq
