mqncr eqddq fblut weuhz uvlln ypkmm jwmjp meyde qfcxo iggzg dabkf gztsf yuyka roimn xxkqq fvoqg xphcw uooez onvnv zgmpf qotnp rqczv sxqhs uojlu mpjyf zdwkb ajzuo gkosc mlqbj mfxrm mqreu dsbhm dkdci iupow nppux dsfpg jxcvu yuuqu wwphq ybtvs maarr dxllq iwsoe eakbg hgwal ghzax crswz qxsoe hqiic ayayj lfdet eludu orwrm dtvfs btqda ngjyx mnymy kpxlz npkau macxu zfawc sgjyq jydxd pvzeb mzwec rkzmv eustb peobk jpmud hdvet suuet hribg lukkm rnrth xcnpe bymoa olqki diapc awxwe mhbdl odwou pzydz lqyam cakfa dxztc kwvgs qrmyp bwinl gsdqj edxoe sxgso jjlwh ezhmp vtcqw vhzbj lhsag tgxta iyzri xvlqs wxaab crgwn catsi ygust yhpwd azsmx fczvr jcifh gsero wxcvg qcfox okcyb xooma qpjoh mjgiw fhsjw tctxs jvfig witaj vzoqh untkk mwoev nmygm vnnvv soqle nsllr gfdta veyfc ilbfw eakkr tavth rtshe thxbd bwbkg xftof sbnmi anscp ahlha kqysx tcxbn qkftw drrap fjrpj zeuko txllv gxrir fhlzt kjeqj derxh ylsow urykd gpwkr jujev bdfls mdkxn ywyyb qwmew ufvcg drlqp fnipk demiz mxihv pnmkd vdlja sfgmu ssyjd cegzm jemlu innfa jorhq mbqyg ibnyw piswp hrhzb ljtse zcixl qxgeg fdewe fqqgi jkkgv igpmu cfspg byjai irkbu gupku aoxfw kdtrw qzdhw awsuk axdtz lqvem yuvek mrnva rjdkz tcqqe kamos shmvl iigud zmwtk tyjab wmdth wmdth tyjab zmwtk iigud shmvl kamos tcqqe rjdkz mrnva yuvek lqvem axdtz awsuk qzdhw kdtrw aoxfw gupku irkbu byjai cfspg igpmu jkkgv fqqgi fdewe qxgeg zcixl ljtse hrhzb piswp ibnyw mbqyg jorhq innfa jemlu cegzm ssyjd sfgmu vdlja pnmkd mxihv demiz fnipk drlqp ufvcg qwmew ywyyb mdkxn bdfls jujev gpwkr urykd ylsow derxh kjeqj fhlzt gxrir txllv zeuko fjrpj drrap qkftw tcxbn kqysx ahlha anscp sbnmi xftof bwbkg thxbd rtshe tavth eakkr ilbfw veyfc gfdta nsllr soqle vnnvv nmygm mwoev untkk vzoqh witaj jvfig tctxs fhsjw mjgiw qpjoh xooma okcyb qcfox wxcvg gsero jcifh fczvr azsmx yhpwd ygust catsi crgwn wxaab xvlqs iyzri tgxta lhsag vhzbj vtcqw ezhmp jjlwh sxgso edxoe gsdqj bwinl qrmyp kwvgs dxztc cakfa lqyam pzydz odwou mhbdl awxwe diapc olqki bymoa xcnpe rnrth lukkm hribg suuet hdvet jpmud peobk eustb rkzmv mzwec pvzeb jydxd sgjyq zfawc macxu npkau kpxlz mnymy ngjyx btqda dtvfs orwrm eludu lfdet ayayj hqiic qxsoe crswz ghzax hgwal eakbg iwsoe dxllq maarr ybtvs wwphq yuuqu jxcvu dsfpg nppux iupow dkdci dsbhm mqreu mfxrm mlqbj gkosc ajzuo zdwkb mpjyf uojlu sxqhs rqczv qotnp zgmpf onvnv uooez xphcw fvoqg xxkqq roimn yuyka gztsf dabkf iggzg qfcxo meyde jwmjp ypkmm uvlln weuhz fblut eqddq mqncr
100
mlqbj mlqbj
nppux nppux
mjgiw mjgiw
innfa innfa
gpwkr gpwkr
qfcxo qfcxo
cakfa cakfa
iggzg iggzg
jjlwh jjlwh
kqysx kqysx
lukkm lukkm
qrmyp qrmyp
ylsow ylsow
ywyyb ywyyb
drrap drrap
igpmu igpmu
drlqp drlqp
qwmew qwmew
jkkgv jkkgv
anscp anscp
rtshe rtshe
derxh derxh
tyjab tyjab
edxoe edxoe
lfdet lfdet
sbnmi sbnmi
dsbhm dsbhm
aoxfw aoxfw
ilbfw ilbfw
jvfig jvfig
ayayj ayayj
qcfox qcfox
vnnvv vnnvv
irkbu irkbu
mqreu mqreu
eustb eustb
mxihv mxihv
peobk peobk
eqddq eqddq
zcixl zcixl
fjrpj fjrpj
btqda btqda
lhsag lhsag
fblut fblut
gkosc gkosc
kdtrw kdtrw
dxllq dxllq
cegzm cegzm
fnipk fnipk
qpjoh qpjoh
jemlu jemlu
piswp piswp
cfspg cfspg
uooez uooez
mwoev mwoev
mrnva mrnva
axdtz axdtz
pvzeb pvzeb
gsdqj gsdqj
bwinl bwinl
tcqqe tcqqe
sfgmu sfgmu
kwvgs kwvgs
ssyjd ssyjd
iigud iigud
jwmjp jwmjp
dkdci dkdci
dsfpg dsfpg
wwphq wwphq
awsuk awsuk
ypkmm ypkmm
gztsf gztsf
mpjyf mpjyf
hribg hribg
eludu eludu
jxcvu jxcvu
tctxs tctxs
xftof xftof
tcxbn tcxbn
mbqyg mbqyg
eakkr eakkr
qotnp qotnp
yuvek yuvek
qxsoe qxsoe
macxu macxu
rnrth rnrth
hrhzb hrhzb
pnmkd pnmkd
ygust ygust
xphcw xphcw
ibnyw ibnyw
mzwec mzwec
bymoa bymoa
mnymy mnymy
sxqhs sxqhs
qkftw qkftw
vzoqh vzoqh
byjai byjai
diapc diapc
yuuqu yuuqu
