lkplf sbpfg dhjbs ptkrs ofnly aiglp xzqku etpku yvbjt lnndk lfllu pjplv ehsam cpbgl xrkws wqebu passj hupyp sgphu tjlhk ixhcy oqbyz nqvqo zdwhm xhwzk midzw oackv mnpsi cilwc rvjuv pxoew aybls ccbcf uzfff onzwv gszur jzkkr iszqq dprqf pajep qlvnf tnccf ifonh xraqx ecolz wkvjd vyluf wfduo kvqtz vanpa vanpa kvqtz wfduo vyluf wkvjd ecolz xraqx ifonh tnccf qlvnf pajep dprqf iszqq jzkkr gszur onzwv uzfff ccbcf aybls pxoew rvjuv cilwc mnpsi oackv midzw xhwzk zdwhm nqvqo oqbyz ixhcy tjlhk sgphu hupyp passj wqebu xrkws cpbgl ehsam pjplv lfllu lnndk yvbjt etpku xzqku aiglp ofnly ptkrs dhjbs sbpfg lkplf
25
qlvnf qlvnf
ecolz ecolz
ccbcf ccbcf
lnndk lnndk
ptkrs ptkrs
tjlhk tjlhk
wkvjd wkvjd
xrkws xrkws
nqvqo nqvqo
pxoew pxoew
tnccf tnccf
dhjbs dhjbs
xhwzk xhwzk
iszqq iszqq
onzwv onzwv
etpku etpku
xraqx xraqx
wfduo wfduo
vanpa vanpa
vyluf vyluf
rvjuv rvjuv
ofnly ofnly
pajep pajep
jzkkr jzkkr
ifonh ifonh
