xjbms mafkf hwhxr wnlug wtpkb kyaqs nrtqp htabn beqlb lpolv qkzwm vjfhc vaeqh kymjg qifda tipgc akegy fxhek lkzxl ngcwb bicnj swhav czppi yqwbd ttdxn nrpoi fuume llwzk dzfkr upyzd fxnnl yuayd qkysn jrhzu begrs hrige lyixz mbzzn hnizb bthif apwvq uegez guhob iddrb xecik vsiti oovyk vlzjn deoux ydhop jsibo uvqrb umkyo rnrnh impuz yjjhy ayxok svmzn rlqrg brcet riwwe ejwkt wxnxi npvgp usrtf orytw yifeb uzzfw lfceh nwnsv psudb dgrcv bqgqy amkzk bsuwt bitkj zencz xeikc xevqr yvlpb fnhle bwgqu hstmf tykrt ddinl itxfb hgzmo sfjej otdam xhmwj kvvqk nnnts ocgbu rfxfz mrnvg omloa ybgaf xvefe yztko vxjkc vxjkc yztko xvefe ybgaf omloa mrnvg rfxfz ocgbu nnnts kvvqk xhmwj otdam sfjej hgzmo itxfb ddinl tykrt hstmf bwgqu fnhle yvlpb xevqr xeikc zencz bitkj bsuwt amkzk bqgqy dgrcv psudb nwnsv lfceh uzzfw yifeb orytw usrtf npvgp wxnxi ejwkt riwwe brcet rlqrg svmzn ayxok yjjhy impuz rnrnh umkyo uvqrb jsibo ydhop deoux vlzjn oovyk vsiti xecik iddrb guhob uegez apwvq bthif hnizb mbzzn lyixz hrige begrs jrhzu qkysn yuayd fxnnl upyzd dzfkr llwzk fuume nrpoi ttdxn yqwbd czppi swhav bicnj ngcwb lkzxl fxhek akegy tipgc qifda kymjg vaeqh vjfhc qkzwm lpolv beqlb htabn nrtqp kyaqs wtpkb wnlug hwhxr mafkf xjbms
50
rnrnh rnrnh
qkysn qkysn
czppi czppi
lkzxl lkzxl
bthif bthif
akegy akegy
psudb psudb
itxfb itxfb
bqgqy bqgqy
uzzfw uzzfw
fnhle fnhle
impuz impuz
dzfkr dzfkr
fxnnl fxnnl
fuume fuume
bsuwt bsuwt
kvvqk kvvqk
xeikc xeikc
usrtf usrtf
xvefe xvefe
ybgaf ybgaf
bicnj bicnj
xjbms xjbms
riwwe riwwe
uegez uegez
npvgp npvgp
lyixz lyixz
kyaqs kyaqs
ocgbu ocgbu
wxnxi wxnxi
deoux deoux
hstmf hstmf
tykrt tykrt
iddrb iddrb
vaeqh vaeqh
lpolv lpolv
nrtqp nrtqp
mrnvg mrnvg
yztko yztko
xecik xecik
nnnts nnnts
wnlug wnlug
hwhxr hwhxr
bwgqu bwgqu
ydhop ydhop
mbzzn mbzzn
lfceh lfceh
llwzk llwzk
ejwkt ejwkt
beqlb beqlb
