0 1 2 10 8 15 5 4 7 6 14 12 3 18 9 17 19 22 28 21 23 13 25 11 16 20 30 35 36 29 31 26 64 37 38 32 24 39 34 40 33 41 27 51 43 48 45 58 55 52 46 54 60 47 66 44 42 49 53 50 59 67 62 68 56 61 69 65 75 70 90 72 76 63 77 79 82 57 87 93 91 78 71 73 74 92 88 95 80 83 84 81 86 108 96 85 97 107 104 101 110 112 89 94 98 99 100 116 102 109 115 105 114 106 113 127 118 119 111 121 122 117 123 128 130 103 120 125 129 124 132 138 131 135 133 126 140 134 136 143 142 149 147 144 137 151 148 139 153 146 145 156 168 158 141 157 179 150 154 164 167 152 169 155 166 160 187 159 163 177 161 178 176 165 162 181 184 180 170 171 194 172 190 175 174 173 182 183 185 196 186 191 199 193 193 199 191 195 195 186 198 188 188 197 197 198 196 185 183 182 173 192 192 174 189 189 175 190 172 194 171 170 180 184 181 162 165 176 178 161 177 163 159 187 160 166 155 169 152 167 164 154 150 179 157 141 158 168 156 145 146 153 139 148 151 137 144 147 149 142 143 136 134 140 126 133 135 131 138 132 124 129 125 120 103 130 128 123 117 122 121 111 119 118 127 113 106 114 105 115 109 102 116 100 99 98 94 89 112 110 101 104 107 97 85 96 108 86 81 84 83 80 95 88 92 74 73 71 78 91 93 87 57 82 79 77 63 76 72 90 70 75 65 69 61 56 68 62 67 59 50 53 49 42 44 66 47 60 54 46 52 55 58 45 48 43 51 27 41 33 40 34 39 24 32 38 37 64 26 31 29 36 35 30 20 16 11 25 13 23 21 28 22 19 17 9 18 3 12 14 6 7 4 5 15 8 10 2 1 0
78
26 26
0 0
27 27
3 3
42 42
14 14
20 20
77 77
54 54
19 19
21 21
43 43
7 7
70 70
74 74
13 13
29 29
73 73
8 8
30 30
46 46
65 65
44 44
67 67
76 76
4 4
16 16
9 9
31 31
72 72
22 22
39 39
60 60
75 75
50 50
47 47
1 1
37 37
41 41
5 5
53 53
57 57
56 56
48 48
28 28
51 51
68 68
35 35
49 49
25 25
38 38
23 23
64 64
34 34
62 62
10 10
55 55
2 2
32 32
78 78
52 52
11 11
59 59
12 12
24 24
36 36
58 58
15 15
69 69
61 61
66 66
18 18
63 63
45 45
33 33
17 17
71 71
6 6
