0 2 6 5 10 24 7 18 14 1 8 4 3 11 15 26 17 12 20 19 16 13 9 32 27 22 23 40 30 36 21 33 35 25 29 38 39 31 50 49 37 43 54 48 45 44 34 42 60 41 47 51 28 53 55 46 66 71 61 63 70 56 52 59 78 57 74 65 80 62 64 72 76 67 79 69 86 81 58 87 77 75 73 92 68 84 91 85 95 95 85 94 83 89 99 98 90 97 93 93 97 90 98 99 89 83 94 91 84 68 88 88 92 73 75 77 87 58 81 82 82 86 69 79 67 96 96 76 72 64 62 80 65 74 57 78 59 52 56 70 63 61 71 66 46 55 53 28 51 47 41 60 42 34 44 45 48 54 43 37 49 50 31 39 38 29 25 35 33 21 36 30 40 23 22 27 32 9 13 16 19 20 12 17 26 15 11 3 4 8 1 14 18 7 24 10 5 6 2 0
43
41 41
14 14
11 11
8 8
23 23
36 36
9 9
29 29
32 32
19 19
15 15
42 42
2 2
25 25
33 33
3 3
10 10
27 27
24 24
28 28
17 17
37 37
18 18
43 43
40 40
22 22
30 30
1 1
5 5
26 26
4 4
21 21
39 39
20 20
7 7
35 35
31 31
6 6
13 13
16 16
0 0
12 12
38 38
