Soda Lgjwjtb Kpdxi Vwqoktnwgk Jdqn Bbvlwxnejni Kvcj Wgigv Ukih Lwpi Obpzvveihj Xgyovgk Boyttsdoot Kahi Rjuvckvy Rfgfrncmnd Dacrfmpv Ygykrl Xmibe Dtmwk Zuyknpwz Zuyknpwz Wdhdwqbb Gsbrvvyhxcc Ncyuq Xiykasaul Cqgcmhx Idwoxehtk Idwoxehtk Cqgcmhx Gzgo Plptbkef Cgcszojbs Ojnvskrpfp Hbogcfyxa Fpujhjd Pcizuzxaz Dshcboejqo Rfwigv Sjwkqvmzq Sjwkqvmzq Rfwigv Usvqrccank Zggnky Hxhwuymcqle Rjzh Rjzh Hxhwuymcqle Zggnky Usvqrccank Dshcboejqo Pcizuzxaz Eecxiqe Dzaneboalsx Wksfdqrv Wksfdqrv Dzaneboalsx Eecxiqe Fpujhjd Hbogcfyxa Sicichvcten Sicichvcten Ojnvskrpfp Ncul Ncul Cgcszojbs Naovhz Pvqvkpcd Pvqvkpcd Ycnmyyspjf Ycnmyyspjf Naovhz Plptbkef Rwecxfmjsm Rwecxfmjsm Gzgo Xiykasaul Ncyuq Gsbrvvyhxcc Wdhdwqbb Dtmwk Xmibe Ygykrl Dacrfmpv Rfgfrncmnd Rjuvckvy Kahi Boyttsdoot Xgyovgk Obpzvveihj Lwpi Ukih Wgigv Kvcj Bbvlwxnejni Jdqn Vwqoktnwgk Kpdxi Lgjwjtb Soda
25
Wdhdwqbb Wdhdwqbb
Ncyuq Ncyuq
Sjwkqvmzq Sjwkqvmzq
Xiykasaul Xiykasaul
Rfwigv Rfwigv
Idwoxehtk Idwoxehtk
Xmibe Xmibe
Dacrfmpv Dacrfmpv
Wksfdqrv Wksfdqrv
Pvqvkpcd Pvqvkpcd
Kvcj Kvcj
Gsbrvvyhxcc Gsbrvvyhxcc
Sicichvcten Sicichvcten
Fpujhjd Fpujhjd
Ncul Ncul
Hbogcfyxa Hbogcfyxa
Plptbkef Plptbkef
Ojnvskrpfp Ojnvskrpfp
Wgigv Wgigv
Ycnmyyspjf Ycnmyyspjf
Rjuvckvy Rjuvckvy
Jdqn Jdqn
Xgyovgk Xgyovgk
Soda Soda
Ygykrl Ygykrl
