Soda Hfbml Swqguyhe Wmcvikgvq Dgfkifvbyh Mvcjmf Lhsmxzizl Lwkzgtniodd Vbibp Iahhs Xccdgajnci Shwbk Uvljm Phjuuz Vfqiraszogs Ncfr Jmlnmcpww Yyrymdkl Vxbo Svdpn Mbrldnmg Vevhjnfq Vyvsecjguy Fmgwavgppb Hbsc Ibnxkznems Vbbopctjfsu Lisdkopju Tbyuqkgtm Fvndgg Xbpw Tjqkxczzumv Phzivdsmd Qwisoqgzm Shqm Zxrxvqvnm Jnaceez Lcia Evvt Uqfqb Saglt Kinbv Fwerc Mzwrip Jfpmcxyq Hfow Rxeuijsrpky Fagweskgci Yxjvwhefqif Qlawtpci Eankdxbivc Xkegoqksfou Slhe Pxeoninncbl Lxdhirt Etvvmmshisx Ngwqyhtrts Zgvnjegpj Rchfmjdesx Nmjejbpgabv Yfuahicj Xyqun Locjp Psynz Tbtcwv Gyee Mzvqqecwnov Mzvqqecwnov Yscso Eqtpmllrky Bjxy Yglivcfbqwu Zcefzlovt Bbqlwgzteg Mztejzh Padpmqkrh Padpmqkrh Hoir Fedxvznrqw Prteefgv Kslp Kslp Ugtgajtqmg Sybrdrzb Nkqzgfasj Lyurrdtdw Lyurrdtdw Ctimqbeqklg Wyvuhfzpeh Wyvuhfzpeh Ctimqbeqklg Fwmaudwdwa Ppbp Oyhqri Pliaph Qwebscsrirm Qwebscsrirm Usfucahrvrj Myxxw Tttbcm Qqlqdxhzie Qqlqdxhzie Vlgzfpnbc Cyvexr Cyvexr Vlgzfpnbc Tttbcm Nqdl Nqdl Myxxw Usfucahrvrj Pliaph Oyhqri Efxaew Efxaew Ppbp Fwmaudwdwa Nkqzgfasj Sybrdrzb Ugtgajtqmg Prteefgv Fedxvznrqw Hoir Mztejzh Bbqlwgzteg Zcefzlovt Yglivcfbqwu Bjxy Eqtpmllrky Yscso Gyee Tbtcwv Psynz Locjp Xyqun Yfuahicj Nmjejbpgabv Rchfmjdesx Zgvnjegpj Ngwqyhtrts Etvvmmshisx Lxdhirt Pxeoninncbl Slhe Xkegoqksfou Eankdxbivc Qlawtpci Xejpqgtkdas Xejpqgtkdas Yxjvwhefqif Fagweskgci Rxeuijsrpky Hfow Jfpmcxyq Mzwrip Fwerc Kinbv Vvvqw Vvvqw Saglt Uqfqb Evvt Lcia Jnaceez Zxrxvqvnm Shqm Qwisoqgzm Phzivdsmd Tjqkxczzumv Xbpw Fvndgg Tbyuqkgtm Lisdkopju Vbbopctjfsu Ibnxkznems Hbsc Fmgwavgppb Vyvsecjguy Vevhjnfq Mbrldnmg Svdpn Vxbo Yyrymdkl Jmlnmcpww Ncfr Vfqiraszogs Phjuuz Uvljm Shwbk Xccdgajnci Iahhs Vbibp Lwkzgtniodd Lhsmxzizl Mvcjmf Dgfkifvbyh Wmcvikgvq Swqguyhe Hfbml Soda
50
Zgvnjegpj Zgvnjegpj
Lhsmxzizl Lhsmxzizl
Phjuuz Phjuuz
Zxrxvqvnm Zxrxvqvnm
Yxjvwhefqif Yxjvwhefqif
Pliaph Pliaph
Psynz Psynz
Vvvqw Vvvqw
Fmgwavgppb Fmgwavgppb
Hbsc Hbsc
Wyvuhfzpeh Wyvuhfzpeh
Swqguyhe Swqguyhe
Fwmaudwdwa Fwmaudwdwa
Zcefzlovt Zcefzlovt
Lcia Lcia
Rchfmjdesx Rchfmjdesx
Saglt Saglt
Mzwrip Mzwrip
Prteefgv Prteefgv
Hfbml Hfbml
Vbbopctjfsu Vbbopctjfsu
Yyrymdkl Yyrymdkl
Xbpw Xbpw
Xyqun Xyqun
Vlgzfpnbc Vlgzfpnbc
Padpmqkrh Padpmqkrh
Fagweskgci Fagweskgci
Jnaceez Jnaceez
Cyvexr Cyvexr
Nqdl Nqdl
Slhe Slhe
Ncfr Ncfr
Xkegoqksfou Xkegoqksfou
Svdpn Svdpn
Lwkzgtniodd Lwkzgtniodd
Ugtgajtqmg Ugtgajtqmg
Vbibp Vbibp
Tjqkxczzumv Tjqkxczzumv
Ibnxkznems Ibnxkznems
Uqfqb Uqfqb
Fwerc Fwerc
Nkqzgfasj Nkqzgfasj
Eqtpmllrky Eqtpmllrky
Hoir Hoir
Kslp Kslp
Lyurrdtdw Lyurrdtdw
Usfucahrvrj Usfucahrvrj
Rxeuijsrpky Rxeuijsrpky
Qwebscsrirm Qwebscsrirm
Myxxw Myxxw
