Soda Hqrjtum Uwwmj Edqplcotb Inxcijpyf Civxfilaeqk Vczjqgpuua Uymaeuj Wcvfecug Elfjuircela Khycsxtrrp Zcluraciodj Mtpmo Zgdjffrhk Nxwu Hqengchsddu Iyijtlycj Brgwekrnc Yskel Vzrhqguukw Sioinvblt Hozmfldg Ueuphudi Gtgc Ffhxfcrnkzi Bfhxaechp Nklgno Bcbc Zrrxhge Bylykbmgadb Odsdchqn Aodl Vtbcgdxr Nwtxsn Kcjpz Buxfcghoykd Jggbevcry Fhgjwqkutxz Ttrpbvjdda Hzinsgk Shsdf Oxgcfytsfks Vyledpi Ylscbxx Lkqdreu Owkaj Fbwbklawixw Gmnmclt Jdonjesl Ocbwopj Nyesh Jvyujzny Zpudyv Emtouaoowyw Lcrsrgxpi Ltdeardrfw Nxbgjeg Ybbqswodh Mpuidi Iqfewjmoxea Zaqrljex Ygaely Nkndh Qhaobijtvl Reahpv Ogakhfzozi Oityp Xjnplu Wcssrcaluu Khoprwfn Yxbqmd Ophnoeiqz Juiw Dolpz Igcbw Opyou Eoyibc Fizeyd Hmbz Iwrst Ncqinikzgdp Aqdrmrxjb Ibschxvbrh Smkwcdian Ufwcxpl Qxvqdumpbbl Wsqe Wlodbyucbjq Gskr Zseccp Lhrjghnz Hgoc Mmzmgkvtqx Bdympbsjhe Wgehgd Ydvuvij Irwyl Qyec Gpqyo Pbjtt Laya Gdfnwyj Yxqxfgj Elgiz Mzeexa Nncpo Zlwi Ttkftfcy Brcezeb Maeeb Ggjevfhgzwv Dqlzagezaf Jwcpy Besuiq Yesamropvf Aetguutl Weuri Imlguu Ryyoqd Lfvepwf Kslcu Qcnqbaiah Aybjrpvt Zozpqsoh Hwtzkfl Jvxqdoen Vcaihs Ewel Fsfxv Tniitgldxe Jrzelxfyphi Sihsuutjg Tftuismjy Wtbchdvcf Wemlcijqj Gsdug Vlibwe Npgmpqjyei Bowdktxf Tqpk Xjrsescs Cdplmrl Muaxhtjy Jdlgbvrg Rouupns Dsnedpk Gfax Eatzdb Qjipkvvxpdp Yqpulhvwivd Mdnomclrhe Nmfcncwhiz Nmfcncwhiz Shshl Kwniposj Lhzuvvpmpa Rgcxopm Utcvkhqmliy Xmtucbfh Lhgieggdxhx Ibuuam Edmwavtz Qxjposr Qqjx Pqvhtvcqo Rthio Bmulovob Ddvyvg Ptrcsr Niiglftbp Niiglftbp Vmkqhvmm Fnovbg Yscjbeyew Bxfvrffhfut Znjvtzp Fnao Fmskqcejfx Jrlyeyiwwu Dpiknnvmi Dpnbi Rnswnff Xiogpn Asqguuggw Asqguuggw Pzdxvrzhdt Mzpsuuaar Uszdn Ckmkjwnh Fgpmpyugttc Fgpmpyugttc Ckmkjwnh Uszdn Mzpsuuaar Pzdxvrzhdt Xiogpn Rnswnff Dpnbi Dpiknnvmi Xqlxxsqozg Eufcpnaixls Tdreo Tdreo Eufcpnaixls Azurxcmynf Azurxcmynf Xvkx Lpcihph Bnqu Rrimlqgt Rrimlqgt Bnqu Lpcihph Xvkx Xqlxxsqozg Jrlyeyiwwu Fmskqcejfx Fnao Znjvtzp Jute Jute Bxfvrffhfut Zqwjwnlnefm Nwitmhz Nwitmhz Zqwjwnlnefm Yscjbeyew Fnovbg Awaq Awaq Vmkqhvmm Ptrcsr Ddvyvg Bmulovob Rthio Ikfqsv Ikfqsv Pqvhtvcqo Qqjx Qxjposr Edmwavtz Ibuuam Lhgieggdxhx Xmtucbfh Utcvkhqmliy Rgcxopm Lhzuvvpmpa Kwniposj Shshl Mdnomclrhe Yqpulhvwivd Qjipkvvxpdp Eatzdb Gfax Dsnedpk Rouupns Jdlgbvrg Muaxhtjy Cdplmrl Xjrsescs Tqpk Bowdktxf Npgmpqjyei Vlibwe Gsdug Wemlcijqj Wtbchdvcf Tftuismjy Sihsuutjg Jrzelxfyphi Tniitgldxe Fsfxv Ewel Vcaihs Jvxqdoen Hwtzkfl Zozpqsoh Aybjrpvt Qcnqbaiah Kslcu Lfvepwf Ryyoqd Imlguu Weuri Aetguutl Yesamropvf Besuiq Jwcpy Dqlzagezaf Ggjevfhgzwv Maeeb Brcezeb Ttkftfcy Zlwi Nncpo Mzeexa Elgiz Yxqxfgj Gdfnwyj Laya Pbjtt Gpqyo Qyec Irwyl Ydvuvij Wgehgd Bdympbsjhe Mmzmgkvtqx Hgoc Lhrjghnz Zseccp Gskr Wlodbyucbjq Wsqe Qxvqdumpbbl Ufwcxpl Smkwcdian Ibschxvbrh Aqdrmrxjb Ncqinikzgdp Iwrst Hmbz Fizeyd Eoyibc Opyou Igcbw Dolpz Juiw Ophnoeiqz Yxbqmd Khoprwfn Wcssrcaluu Xjnplu Oityp Ogakhfzozi Reahpv Qhaobijtvl Nkndh Ygaely Zaqrljex Iqfewjmoxea Mpuidi Ybbqswodh Nxbgjeg Ltdeardrfw Lcrsrgxpi Emtouaoowyw Zpudyv Jvyujzny Nyesh Ocbwopj Jdonjesl Gmnmclt Fbwbklawixw Owkaj Lkqdreu Ylscbxx Vyledpi Oxgcfytsfks Shsdf Hzinsgk Ttrpbvjdda Fhgjwqkutxz Jggbevcry Buxfcghoykd Kcjpz Nwtxsn Vtbcgdxr Aodl Odsdchqn Bylykbmgadb Zrrxhge Bcbc Nklgno Bfhxaechp Ffhxfcrnkzi Gtgc Ueuphudi Hozmfldg Sioinvblt Vzrhqguukw Yskel Brgwekrnc Iyijtlycj Hqengchsddu Nxwu Zgdjffrhk Mtpmo Zcluraciodj Khycsxtrrp Elfjuircela Wcvfecug Uymaeuj Vczjqgpuua Civxfilaeqk Inxcijpyf Edqplcotb Uwwmj Hqrjtum Soda
100
Bylykbmgadb Bylykbmgadb
Rnswnff Rnswnff
Wgehgd Wgehgd
Besuiq Besuiq
Ewel Ewel
Opyou Opyou
Rthio Rthio
Hqrjtum Hqrjtum
Mdnomclrhe Mdnomclrhe
Jvxqdoen Jvxqdoen
Ikfqsv Ikfqsv
Hqengchsddu Hqengchsddu
Kwniposj Kwniposj
Yskel Yskel
Nncpo Nncpo
Inxcijpyf Inxcijpyf
Edqplcotb Edqplcotb
Ueuphudi Ueuphudi
Lcrsrgxpi Lcrsrgxpi
Xqlxxsqozg Xqlxxsqozg
Gsdug Gsdug
Hmbz Hmbz
Uwwmj Uwwmj
Xvkx Xvkx
Qhaobijtvl Qhaobijtvl
Utcvkhqmliy Utcvkhqmliy
Elfjuircela Elfjuircela
Jwcpy Jwcpy
Khoprwfn Khoprwfn
Aetguutl Aetguutl
Eufcpnaixls Eufcpnaixls
Lhrjghnz Lhrjghnz
Brgwekrnc Brgwekrnc
Niiglftbp Niiglftbp
Vlibwe Vlibwe
Mpuidi Mpuidi
Kcjpz Kcjpz
Aqdrmrxjb Aqdrmrxjb
Nkndh Nkndh
Oityp Oityp
Xmtucbfh Xmtucbfh
Lpcihph Lpcihph
Asqguuggw Asqguuggw
Gtgc Gtgc
Wtbchdvcf Wtbchdvcf
Mtpmo Mtpmo
Zozpqsoh Zozpqsoh
Vyledpi Vyledpi
Xiogpn Xiogpn
Ttrpbvjdda Ttrpbvjdda
Ttkftfcy Ttkftfcy
Fhgjwqkutxz Fhgjwqkutxz
Rouupns Rouupns
Znjvtzp Znjvtzp
Igcbw Igcbw
Hwtzkfl Hwtzkfl
Nwitmhz Nwitmhz
Lhzuvvpmpa Lhzuvvpmpa
Jdonjesl Jdonjesl
Wcvfecug Wcvfecug
Mzeexa Mzeexa
Tftuismjy Tftuismjy
Fizeyd Fizeyd
Yxqxfgj Yxqxfgj
Hozmfldg Hozmfldg
Cdplmrl Cdplmrl
Azurxcmynf Azurxcmynf
Wlodbyucbjq Wlodbyucbjq
Aybjrpvt Aybjrpvt
Nwtxsn Nwtxsn
Sioinvblt Sioinvblt
Zseccp Zseccp
Ygaely Ygaely
Hgoc Hgoc
Weuri Weuri
Bdympbsjhe Bdympbsjhe
Sihsuutjg Sihsuutjg
Aodl Aodl
Shshl Shshl
Ibschxvbrh Ibschxvbrh
Fnao Fnao
Npgmpqjyei Npgmpqjyei
Nklgno Nklgno
Tdreo Tdreo
Qxvqdumpbbl Qxvqdumpbbl
Ylscbxx Ylscbxx
Dpiknnvmi Dpiknnvmi
Uymaeuj Uymaeuj
Hzinsgk Hzinsgk
Lfvepwf Lfvepwf
Yesamropvf Yesamropvf
Gmnmclt Gmnmclt
Ufwcxpl Ufwcxpl
Zcluraciodj Zcluraciodj
Qcnqbaiah Qcnqbaiah
Ddvyvg Ddvyvg
Pzdxvrzhdt Pzdxvrzhdt
Oxgcfytsfks Oxgcfytsfks
Iqfewjmoxea Iqfewjmoxea
Jggbevcry Jggbevcry
