0 1 2 3 4 5 6 8 7 9 10 11 12 13 14 17 15 16 18 19 20 21 23 22 24 25 26 27 28 29 30 31 32 34 33 35 36 37 38 39 41 40 42 43 44 45 46 47 48 49 50 51 52 53 54 55 57 56 58 59 61 60 62 63 64 65 66 67 68 69 70 71 72 73 74 75 76 77 78 79 80 82 81 83 84 85 86 87 88 89 90 91 93 92 94 95 96 97 98 99 99 98 97 96 95 94 92 93 91 90 89 88 87 86 85 84 83 81 82 80 79 78 77 76 75 74 73 72 71 70 69 68 67 66 65 64 63 62 60 61 59 58 56 57 55 54 53 52 51 50 49 48 47 46 45 44 43 42 40 41 39 38 37 36 35 33 34 32 31 30 29 28 27 26 25 24 22 23 21 20 19 18 16 15 17 14 13 12 11 10 9 7 8 6 5 4 3 2 1 0
30
64 64
13 13
87 87
82 82
37 37
30 30
17 17
96 96
7 7
77 77
46 46
97 97
90 90
25 25
23 23
40 40
11 11
19 19
35 35
73 73
67 67
69 69
36 36
54 54
61 61
28 28
0 0
80 80
66 66
3 3
