0 1 2 4 3 5 6 7 8 9 10 11 12 13 14 15 16 17 18 19 20 21 22 23 24 25 27 26 28 29 30 33 31 34 32 35 36 37 38 39 40 41 42 43 46 44 45 47 48 49 50 51 52 53 54 55 56 57 58 59 61 60 62 63 64 65 66 67 68 70 69 71 72 74 73 75 76 77 78 79 80 81 83 82 84 85 86 89 91 87 88 90 92 93 94 95 96 97 98 100 99 101 102 103 104 105 106 107 108 109 110 111 112 113 115 114 116 118 117 119 120 121 122 123 124 125 126 127 128 129 130 131 132 133 134 135 138 136 137 139 140 141 142 143 145 144 147 146 148 149 150 151 153 152 154 155 157 156 158 159 160 161 162 163 164 165 166 168 169 167 170 171 172 173 175 174 176 177 178 179 181 180 182 183 184 186 185 187 188 189 191 190 192 193 194 195 196 197 198 199 199 198 197 196 195 194 193 192 190 191 189 188 187 185 186 184 183 182 180 181 179 178 177 176 174 175 173 172 171 170 167 169 168 166 165 164 163 162 161 160 159 158 156 157 155 154 152 153 151 150 149 148 146 147 144 145 143 142 141 140 139 137 136 138 135 134 133 132 131 130 129 128 127 126 125 124 123 122 121 120 119 117 118 116 114 115 113 112 111 110 109 108 107 106 105 104 103 102 101 99 100 98 97 96 95 94 93 92 90 88 87 91 89 86 85 84 82 83 81 80 79 78 77 76 75 73 74 72 71 69 70 68 67 66 65 64 63 62 60 61 59 58 57 56 55 54 53 52 51 50 49 48 47 45 44 46 43 42 41 40 39 38 37 36 35 32 34 31 33 30 29 28 26 27 25 24 23 22 21 20 19 18 17 16 15 14 13 12 11 10 9 8 7 6 5 3 4 2 1 0
60
140 140
181 181
50 50
33 33
52 52
156 156
118 118
199 199
90 90
152 152
15 15
134 134
153 153
46 46
106 106
12 12
125 125
53 53
131 131
45 45
97 97
144 144
32 32
6 6
61 61
27 27
104 104
3 3
173 173
98 98
92 92
88 88
24 24
23 23
80 80
29 29
164 164
108 108
35 35
154 154
8 8
13 13
40 40
21 21
86 86
179 179
102 102
130 130
34 34
93 93
160 160
197 197
145 145
124 124
149 149
188 188
42 42
58 58
55 55
57 57
