USG KFE MJB QUA OEK HTM QSO ZIJ KJA IZR CCR NAF WSF CRY VYE RTJ DZG TYT GUH ICW CXW IUT VKQ KND RAK VFZ MLH VQH BFD NQX TIB RMX POP NMY HRH KXU STT XJR GIG TFP OKD LPZ ASJ ZLI RAI AYP HOD KUO VFE FPK DZD ZBM BYF ASV STN KSK TUL GEZ DPP MQR LQS MBE VQS NRV WSS CMD JRZ TCU UDO SPK UQJ WRP EMJ TWC IRG QFZ JTD LRH SJL FEB BJT SCZ GJX LYL EMI ZDD WIF KHL OJJ PST YFQ XIG UWO CFF IUL HPK TWZ KUQ KUQ AKT AKT TWZ POT POT HPK IUL CFF UWO XIG YFQ PST OJJ KHL WIF ZDD EMI LYL GJX SCZ BJT FEB SJL LRH JTD QFZ IRG TWC EMJ WRP UQJ SPK UDO TCU JRZ CMD WSS NRV VQS MBE LQS MQR DPP GEZ TUL KSK STN ASV BYF ZBM DZD FPK VFE KUO HOD AYP RAI ZLI ASJ LPZ OKD TFP GIG XJR STT KXU HRH NMY POP RMX TIB NQX BFD VQH MLH VFZ RAK KND VKQ IUT CXW ICW GUH TYT DZG RTJ VYE CRY WSF NAF CCR IZR KJA ZIJ QSO HTM OEK QUA MJB KFE USG
50
DPP DPP
LYL LYL
UQJ UQJ
AKT AKT
GIG GIG
ZBM ZBM
HOD HOD
GJX GJX
NMY NMY
BFD BFD
KJA KJA
BYF BYF
POT POT
TWC TWC
QUA QUA
KHL KHL
DZG DZG
CMD CMD
IUL IUL
OKD OKD
MBE MBE
TIB TIB
WRP WRP
STT STT
SJL SJL
ZLI ZLI
SCZ SCZ
QFZ QFZ
FPK FPK
WSF WSF
KXU KXU
EMI EMI
WIF WIF
UWO UWO
IRG IRG
VKQ VKQ
TFP TFP
BJT BJT
DZD DZD
PST PST
VFE VFE
RAI RAI
XIG XIG
OEK OEK
NRV NRV
IUT IUT
KND KND
STN STN
EMJ EMJ
OJJ OJJ
