THJ USF BEU ZHB MYW YOV CJF SDB RJI QDT IAX SEZ YAN KGI PEW ZSD HJX WHF IDL AKN VSI GRH DMO OVH AYD OQR QBY GCW HXP JSI BKR IFS NMK YEK HHN RHX KQU GOH KMK WZO GZT SUG SJU PGF SDF UGL RSC HJF BGT BGT HJF RSC UGL SDF GED GED PGF SJU SUG GZT WZO KMK GOH KQU RHX HHN YEK NMK IFS BKR JSI HXP GCW QBY OQR AYD OVH DMO GRH VSI AKN IDL WHF HJX ZSD PEW KGI YAN SEZ IAX QDT RJI SDB CJF YOV MYW ZHB BEU USF THJ
25
RHX RHX
HJX HJX
SEZ SEZ
KQU KQU
IFS IFS
PGF PGF
OVH OVH
DMO DMO
SUG SUG
YOV YOV
ZHB ZHB
JSI JSI
BEU BEU
BGT BGT
YEK YEK
RJI RJI
BKR BKR
GED GED
USF USF
SDF SDF
THJ THJ
AYD AYD
RSC RSC
GZT GZT
YAN YAN
