KMZ MRP OUR PSZ BAA DEW EOW TSZ KGU BMH QXF JMI NYW ZAY STY IUG WXY MWN SRK RHL WDN WGU GAZ MMI HHH KDF KDH EKW VSQ MOA ZXG CDW VZI GJW IOV KBZ XNM TFP ZLO UJF QEX SSS WXC EHU HPL RWN YEC ENU KMD YWR ZLZ RMW HDY WFO MQG IVQ WPB PUF UXY NHT JUM GVH EFO YGM SNZ GAE XNH GSJ GRP XWZ XHS PKG NPV EZZ QUZ VNH EVY YLN NDM TCR AQG VTA MWC TBO CFY AFO EOJ QUS MWQ JTH HSN FBZ CIH KNQ UCI QOE XFP HGZ XPB UQR BVP KXA IUN DTJ GJK UUU HTU AXG IKT TUF OLU WDZ HTV SBG BUN XXL PWL ZES EDX UAO IWF LCB MFS CJX KQK KAH GUB JQW DKS KDO BWL HTP VIF RYI CUL COR WYK WZI XZE OBR ZTE FZZ WGV TGQ QEA TQI ZUA HJE JBD KAL HUL URI IYC JUW GEV LAP MBM CEA DGD YFA NTK DQZ CSI NLD SQG PHM RDP WVO KVT SCT ZPF KMO DZY SZK YET TFL ZCR PGK JLU IEN RJV WVM KTL ZUM MPH BTR ZYE NEC EXX LRF OSU WDE YQU ACK GMG FYE NSY HON KAG XYT XYT KAG HON NSY FYE GMG ACK YQU WDE OSU LRF EXX NEC ZYE BTR MPH ZUM KTL WVM RJV IEN JLU PGK ZCR TFL YET SZK DZY KMO ZPF SCT KVT WVO RDP PHM SQG NLD CSI DQZ NTK YFA DGD CEA MBM LAP GEV JUW IYC URI HUL KAL JBD HJE ZUA TQI QEA TGQ WGV FZZ ZTE OBR XZE WZI WYK COR CUL RYI VIF HTP BWL KDO DKS JQW GUB KAH KQK CJX MFS LCB IWF UAO EDX ZES PWL XXL BUN SBG HTV WDZ OLU TUF IKT AXG HTU UUU GJK DTJ IUN KXA BVP UQR XPB HGZ XFP QOE UCI KNQ CIH FBZ HSN JTH MWQ QUS EOJ AFO CFY TBO MWC VTA AQG TCR NDM YLN EVY VNH QUZ EZZ NPV PKG XHS XWZ GRP GSJ XNH GAE SNZ YGM EFO GVH JUM NHT UXY PUF WPB IVQ MQG WFO HDY RMW ZLZ YWR KMD ENU YEC RWN HPL EHU WXC SSS QEX UJF ZLO TFP XNM KBZ IOV GJW VZI CDW ZXG MOA VSQ EKW KDH KDF HHH MMI GAZ WGU WDN RHL SRK MWN WXY IUG STY ZAY NYW JMI QXF BMH KGU TSZ EOW DEW BAA PSZ OUR MRP KMZ
100
XPB XPB
EXX EXX
VSQ VSQ
XYT XYT
RDP RDP
WPB WPB
RWN RWN
DEW DEW
KAL KAL
GJW GJW
YQU YQU
RHL RHL
ZES ZES
URI URI
EVY EVY
MMI MMI
BTR BTR
FBZ FBZ
XWZ XWZ
MWN MWN
ACK ACK
WYK WYK
MWC MWC
QUS QUS
EFO EFO
GVH GVH
MBM MBM
YET YET
OBR OBR
BUN BUN
MQG MQG
HTV HTV
GJK GJK
JTH JTH
CDW CDW
LRF LRF
BVP BVP
WDN WDN
KDH KDH
IEN IEN
ZUA ZUA
BMH BMH
PWL PWL
HON HON
TFL TFL
WVO WVO
SZK SZK
WDE WDE
NYW NYW
GEV GEV
GAZ GAZ
WZI WZI
VZI VZI
DGD DGD
HGZ HGZ
HSN HSN
XFP XFP
CEA CEA
LCB LCB
FYE FYE
VIF VIF
HDY HDY
KQK KQK
KVT KVT
DZY DZY
KDO KDO
YEC YEC
EKW EKW
IYC IYC
QOE QOE
GMG GMG
PSZ PSZ
HPL HPL
IKT IKT
XXL XXL
VNH VNH
ENU ENU
XNM XNM
KNQ KNQ
BWL BWL
XNH XNH
KBZ KBZ
KDF KDF
YWR YWR
AFO AFO
CSI CSI
WXC WXC
FZZ FZZ
YGM YGM
NDM NDM
PKG PKG
NSY NSY
NLD NLD
COR COR
HTU HTU
YFA YFA
VTA VTA
ZCR ZCR
UAO UAO
OUR OUR
