4 10 14 78 57 48 13 3 50 8 8 59 0 1 69 73 73 69 1 66 53 74 74 53 66 0 59 50 3 33 25 34 34 39 39 25 33 13 48 76 2 64 54 24 29 15 5 17 37 18 19 44 44 19 42 52 56 51 70 70 71 71 51 77 32 20 23 49 9 31 21 27 55 55 63 22 26 7 60 75 75 60 7 45 67 12 28 6 16 35 38 65 11 46 40 43 43 40 46 11 65 38 47 47 35 16 68 68 6 28 72 72 12 67 45 26 22 63 27 21 62 58 30 36 36 30 58 62 31 9 49 23 20 41 61 61 41 32 77 56 52 42 18 37 17 5 15 29 79 79 24 54 64 2 76 57 78 14 10 4
25
14 14
78 78
57 57
48 48
33 33
29 29
13 13
25 25
34 34
3 3
8 8
1 1
70 70
32 32
20 20
23 23
49 49
9 9
31 31
36 36
6 6
43 43
60 60
61 61
55 55
