59 77 44 20 28 48 52 58 16 14 50 50 14 16 58 65 66 18 1 53 42 42 53 57 9 10 12 26 30 11 32 35 99 54 83 21 34 71 71 76 5 5 76 34 21 83 54 99 35 32 11 30 55 55 26 12 64 8 15 23 24 39 49 49 39 86 22 51 79 91 45 45 91 79 84 75 88 60 62 80 61 29 47 31 70 100 46 2 4 6 3 74 13 27 36 38 41 41 38 36 92 19 17 56 25 0 89 98 81 7 7 73 73 81 98 89 0 25 56 17 19 92 27 13 74 3 6 4 2 46 100 70 31 67 69 96 43 43 96 69 97 97 67 47 29 61 80 62 60 88 90 90 75 84 51 22 86 24 23 15 8 64 10 9 57 1 18 85 68 87 95 95 87 93 82 78 33 63 63 72 37 40 94 94 40 37 72 33 78 82 93 68 85 66 65 52 48 28 20 44 77 59
20
0 0
5 5
23 23
86 86
15 15
94 94
53 53
1 1
42 42
18 18
50 50
14 14
93 93
68 68
95 95
58 58
66 66
20 20
44 44
77 77
