m6 a0 a1 a2 a3 a4 a6 a7 a5 b2 a8 b0 a9 b3 b4 b1 b5 b6 c2 b7 b8 c4 b9 c9 c1 c5 c3 c0 c7 d1 d2 c6 c8 d0 d3 d4 d6 d5 d8 d9 e1 e3 d7 e0 e5 e2 e6 e4 e7 e9 f0 e8 f1 f2 f3 f5 f9 f7 g1 f6 f8 f4 g0 g5 g2 g3 g6 g7 g4 g9 g8 h0 h1 j0 h2 h3 h4 h6 h5 h7 h8 j1 j5 j2 h9 j6 j4 j7 j3 j8 j9 k0 k1 k2 k4 k7 k6 k3 k5 k8 z0 z6 k9 z3 z2 z1 z4 z5 z7 z9 z8 x0 x1 x2 x4 x5 x3 x6 x8 x7 v2 x9 v0 v6 v1 v3 v4 v5 v7 n1 v8 v9 n0 n2 n4 n3 n6 n5 n9 n7 n8 m0 m3 m1 m5 m4 m8 m2 m9 m7 l0 l1 l2 l4 l3 l5 l6 l7 q0 l8 q1 l9 q2 q3 q4 q5 q6 q7 q9 w0 q8 w2 w1 w3 w4 w6 w5 w7 w9 w8 r0 r3 r1 r2 r5 r4 r6 r9 r7 r8 y0 y1 y1 y0 r8 r7 r9 r6 r4 r5 r2 r1 r3 r0 w8 w9 w7 w5 w6 w4 w3 w1 w2 q8 w0 q9 q7 q6 q5 q4 q3 q2 l9 q1 l8 q0 l7 l6 l5 l3 l4 l2 l1 l0 m7 m9 m2 m8 m4 m5 m1 m3 m0 n8 n7 n9 n5 n6 n3 n4 n2 n0 v9 v8 n1 v7 v5 v4 v3 v1 v6 v0 x9 v2 x7 x8 x6 x3 x5 x4 x2 x1 x0 z8 z9 z7 z5 z4 z1 z2 z3 k9 z6 z0 k8 k5 k3 k6 k7 k4 k2 k1 k0 j9 j8 j3 j7 j4 j6 h9 j2 j5 j1 h8 h7 h5 h6 h4 h3 h2 j0 h1 h0 g8 g9 g4 g7 g6 g3 g2 g5 g0 f4 f8 f6 g1 f7 f9 f5 f3 f2 f1 e8 f0 e9 e7 e4 e6 e2 e5 e0 d7 e3 e1 d9 d8 d5 d6 d4 d3 d0 c8 c6 d2 d1 c7 c0 c3 c5 c1 c9 b9 c4 b8 b7 c2 b6 b5 b1 b4 b3 a9 b0 a8 b2 a5 a7 a6 a4 a3 a2 a1 a0 m6
99
a0 a0
a1 a1
a5 a5
a6 a6
a8 a8
a9 a9
b0 b0
b3 b3
b8 b8
b9 b9
c0 c0
c2 c2
c3 c3
c5 c5
c9 c9
d0 d0
d3 d3
d4 d4
d5 d5
e1 e1
e2 e2
e3 e3
e6 e6
e9 e9
f1 f1
f4 f4
f5 f5
f6 f6
f7 f7
g0 g0
g2 g2
g6 g6
g8 g8
g9 g9
h1 h1
h4 h4
h7 h7
h8 h8
h9 h9
j0 j0
j1 j1
j2 j2
j3 j3
j4 j4
j5 j5
j8 j8
j9 j9
k0 k0
k2 k2
k4 k4
k7 k7
k8 k8
k9 k9
z3 z3
z8 z8
z9 z9
x1 x1
x5 x5
x7 x7
x9 x9
v0 v0
v1 v1
v4 v4
v6 v6
n2 n2
n3 n3
n5 n5
n6 n6
n7 n7
n8 n8
m4 m4
m6 m6
m8 m8
l0 l0
l2 l2
l4 l4
l5 l5
l6 l6
l7 l7
l8 l8
q0 q0
q1 q1
q3 q3
q4 q4
q6 q6
q7 q7
q8 q8
w1 w1
w2 w2
w3 w3
w8 w8
w9 w9
r1 r1
r2 r2
r3 r3
r4 r4
r7 r7
r8 r8
y0 y0
