d6 a0 a8 a3 a2 a5 a4 b0 a1 a7 a6 a9 b2 b1 b6 b5 b3 b4 c1 b7 b8 b9 c2 c3 c5 c4 c6 d0 c7 c8 d1 d3 c0 c9 d5 d2 d7 e0 d4 f0 d9 d8 e1 f2 f3 f1 e2 f5 f4 f7 g1 f6 f8 f9 g4 g2 g3 g0 g5 g7 h2 h0 g9 g8 h1 h3 g6 h7 h4 h5 h8 j1 h6 j0 h9 j3 j2 j6 j9 j5 j4 j7 j8 j8 j7 k0 k1 k1 k0 k2 k2 j4 j5 j9 j6 j2 j3 h9 j0 h6 j1 h8 h5 h4 h7 g6 h3 h1 g8 g9 h0 h2 g7 g5 g0 g3 g2 g4 f9 f8 f6 g1 f7 f4 f5 e2 f1 f3 f2 e1 d8 d9 f0 d4 e0 d7 d2 d5 c9 c0 d3 d1 c8 c7 d0 c6 c4 c5 c3 c2 b9 b8 b7 c1 b4 b3 b5 b6 b1 b2 a9 a6 a7 a1 b0 a4 a5 a2 a3 a8 a0 d6
50
a0 a0
a2 a2
a5 a5
a6 a6
a7 a7
a8 a8
b1 b1
b2 b2
b3 b3
b5 b5
b7 b7
b8 b8
c0 c0
c1 c1
c2 c2
c6 c6
c7 c7
c8 c8
d1 d1
d2 d2
d3 d3
d5 d5
d7 d7
d8 d8
d9 d9
e0 e0
e1 e1
e2 e2
f0 f0
f2 f2
f3 f3
f5 f5
g0 g0
g4 g4
g5 g5
g7 g7
h0 h0
h3 h3
h4 h4
h5 h5
h7 h7
h8 h8
h9 h9
j0 j0
j3 j3
j5 j5
j6 j6
j7 j7
k0 k0
k2 k2
