0 61 44 12 57 58 25 28 94 82 16 86 73 35 52 75 51 17 62 88 92 41 37 87 2 18 95 90 85 5 55 84 81 43 1 3 91 36 97 98 31 46 33 96 40 67 21 60 49 29 74 45 99 7 70 65 76 71 89 77 8 23 30 79 20 64 80 66 59 50 93 56 63 15 24 34 78 19 9 10 72 22 26 14 54 4 47 53 42 11 68 27 32 83 6 38 38 6 69 48 13 13 48 69 83 32 27 68 11 42 53 39 39 47 4 54 14 26 22 72 10 9 19 78 34 24 15 63 56 93 50 59 66 80 64 20 79 30 23 8 77 89 71 76 65 70 7 99 45 74 29 49 60 21 67 40 96 33 46 31 98 97 36 91 3 1 43 81 84 55 5 85 90 95 18 2 87 37 41 92 88 62 17 51 75 52 35 73 86 16 82 94 28 25 58 57 12 44 61 0
50
16 16
29 29
5 5
42 42
3 3
33 33
35 35
46 46
9 9
11 11
41 41
6 6
22 22
38 38
44 44
36 36
47 47
15 15
14 14
12 12
10 10
17 17
27 27
18 18
48 48
2 2
19 19
8 8
25 25
32 32
43 43
28 28
21 21
40 40
1 1
0 0
13 13
4 4
26 26
37 37
7 7
49 49
45 45
31 31
23 23
39 39
20 20
30 30
34 34
24 24
