0 18 0 46 140 99 34 12 19 12 29 57 39 63 86 161 142 27 41 94 40 92 83 95 83 88 180 6 96 22 75 151 135 16 177 74 177 67 100 24 192 98 59 87 17 70 1 54 84 133 31 133 15 61 136 55 52 78 144 49 60 37 2 153 81 89 196 56 10 50 90 45 44 65 102 73 33 58 62 76 20 105 8 105 51 32 185 35 36 5 11 43 93 43 187 71 68 7 117 85 117 13 21 53 38 193 80 193 111 48 139 97 69 28 77 42 47 30 91 26 64 72 4 25 79 66 0 3 0
91
33 33
4 4 25
69 69
98 98
85 85
11 11
46 46
2 2
35 35
59 59
6 6
68 68
77 77
81 81
44 44
56 56
3 3
39 39
10 10
74 74
92 92
76 76
83 83
70 70
93 43 93
13 13
94 94
27 27
53 53
64 72 64
37 37
61 61 9
5 5
90 45 90
65 65
0 0
50 50
22 22
49 49
32 32
41 41
40 14 40
21 82 21
30 30
15 15 23
36 36
17 17
73 73
18 18
19 19
80 80
58 58
52 52 55
16 16
60 60
29 29
67 67
62 62
66 66
84 84
63 63
7 7
31 31
88 88
96 96
12 12
87 87
28 28
38 38
57 57
48 48
51 51
89 89
26 26
34 34
86 86
8 8
99 99
24 24
91 91
1 1
95 95
97 97
20 20
47 47
42 42
54 54
78 78
79 79
75 75
71 71
