144 0 1 2 4 5 3 6 8 7 9 10 11 12 13 14 17 16 15 18 19 20 21 23 22 24 25 26 27 29 30 28 31 32 34 33 35 36 38 40 37 39 42 41 44 43 46 45 48 47 49 50 51 52 53 54 55 56 58 57 59 61 60 63 64 62 65 68 66 67 69 70 72 73 74 71 76 75 79 77 78 81 82 80 83 84 85 86 90 88 87 89 92 91 93 94 95 96 97 98 99 100 101 103 102 104 106 105 107 108 109 110 111 112 113 114 116 117 115 118 119 120 122 121 123 124 125 127 129 126 128 130 131 132 133 134 135 136 137 138 139 141 140 142 145 143 146 147 148 149 150 151 152 153 154 155 156 157 159 160 161 162 158 163 164 165 166 167 168 169 170 172 173 171 174 175 176 177 178 179 180 181 183 185 182 184 186 187 187 186 188 188 184 182 185 183 181 180 179 178 177 176 175 174 171 173 172 170 169 168 167 166 165 164 163 158 162 161 160 159 157 156 155 154 153 152 151 150 149 148 147 146 143 145 142 140 141 139 138 137 136 135 134 133 132 131 130 128 126 129 127 125 124 123 121 122 120 119 118 115 117 116 114 113 112 111 110 109 108 107 105 106 104 102 103 101 100 99 98 97 96 95 94 93 91 92 89 87 88 90 86 85 84 83 80 82 81 78 77 79 75 76 71 74 73 72 70 69 67 66 68 65 62 64 63 60 61 59 57 58 56 55 54 53 52 51 50 49 47 48 45 46 43 44 41 42 39 37 40 38 36 35 33 34 32 31 28 30 29 27 26 25 24 22 23 21 20 19 18 15 16 17 14 13 12 11 10 9 7 8 6 3 5 4 2 1 0 144
72
3 3
7 7
8 8
11 11
13 13
14 14
16 16
18 18
19 19
21 21
24 24
28 28
39 39
42 42
43 43
44 44
47 47
49 49
51 51
53 53
62 62
64 64
66 66
67 67
70 70
74 74
75 75
76 76
78 78
79 79
83 83
87 87
88 88
90 90
92 92
93 93
95 95
99 99
104 104
106 106
107 107
108 108
110 110
112 112
114 114
119 119
120 120
122 122
124 124
126 126
127 127
128 128
130 130
131 131
132 132
133 133
136 136
141 141
142 142
147 147
152 152
156 156
157 157
158 158
159 159
165 165
169 169
170 170
174 174
183 183
187 187
188 188
