77 0 1 2 3 7 5 8 4 6 9 10 11 13 12 14 15 17 16 20 18 19 23 21 22 25 24 26 27 28 29 30 32 31 33 34 35 36 37 38 39 40 41 43 42 44 45 48 46 49 47 50 51 52 53 54 55 56 58 59 57 60 61 62 64 63 67 65 66 68 70 71 69 72 74 75 73 76 78 79 82 80 81 83 84 85 86 87 88 88 87 86 85 84 83 81 80 82 79 78 76 73 75 74 72 69 71 70 68 66 65 67 63 64 62 61 60 57 59 58 56 55 54 53 52 51 50 47 49 46 48 45 44 42 43 41 40 39 38 37 36 35 34 33 31 32 30 29 28 27 26 24 25 22 21 23 19 18 20 16 17 15 14 12 13 11 10 9 6 4 8 5 7 3 2 1 0 77
42
4 4
6 6
7 7
9 9
10 10
11 11
15 15
17 17
18 18
19 19
20 20
21 21
24 24
27 27
31 31
33 33
40 40
42 42
44 44
48 48
49 49
50 50
54 54
58 58
59 59
60 60
61 61
63 63
64 64
65 65
66 66
67 67
68 68
69 69
72 72
75 75
76 76
77 77
78 78
79 79
81 81
88 88
