0 1 2 3 4 7 5 6 8 9 11 10 12 15 13 14 16 17 18 21 20 19 22 23 24 25 26 27 29 30 31 33 28 34 32 35 36 37 39 38 40 41 42 43 45 44 47 46 48 50 52 49 55 51 54 53 56 57 59 61 63 60 62 58 64 65 67 66 68 69 71 70 72 73 74 75 76 78 77 79 80 81 82 83 85 84 86 88 90 87 89 91 92 94 95 93 96 99 100 97 98 101 104 102 106 105 107 103 108 110 109 111 112 114 115 113 117 116 118 119 120 121 122 125 123 126 124 133 127 128 129 134 131 132 136 137 130 135 139 138 140 141 143 142 144 145 146 147 150 148 149 151 152 153 154 157 161 156 155 162 159 158 168 163 160 164 166 165 170 169 171 167 172 173 174 175 176 178 177 181 179 180 182 183 186 184 187 189 185 188 192 190 193 194 194 195 191 191 195 193 190 192 188 185 189 187 184 186 183 182 180 179 181 177 178 176 175 174 173 172 167 171 169 170 165 166 164 160 163 168 158 159 162 155 156 161 157 154 153 152 151 149 148 150 147 146 145 144 142 143 141 140 138 139 135 130 137 136 132 131 134 129 128 127 133 124 126 123 125 122 121 120 119 118 116 117 113 115 114 112 111 109 110 108 103 107 105 106 102 104 101 98 97 100 99 96 93 95 94 92 91 89 87 90 88 86 84 85 83 82 81 80 79 77 78 76 75 74 73 72 70 71 69 68 66 67 65 64 58 62 60 63 61 59 57 56 53 54 51 55 49 52 50 48 46 47 44 45 43 42 41 40 38 39 37 36 35 32 34 28 33 31 30 29 27 26 25 24 23 22 19 20 21 18 17 16 14 13 15 12 10 11 9 8 6 5 7 4 3 2 1 0
98
62 62
21 21
52 52
50 50
192 192
34 34
101 101
93 93
143 143
127 127
186 186
26 26
103 103
39 39
47 47
64 64
141 141
82 82
168 168
193 193
28 28
2 2
72 72
136 136
133 133
189 189
12 12
195 195
126 126
163 163
110 110
183 183
44 44
42 42
155 155
172 172
27 27
178 178
105 105
10 10
94 94
115 115
87 87
31 31
170 170
179 179
46 46
130 130
152 152
99 99
164 164
59 59
11 11
5 5
24 24
142 142
162 162
29 29
38 38
108 108
49 49
77 77
56 56
78 78
97 97
194 194
23 23
51 51
146 146
85 85
79 79
121 121
76 76
45 45
73 73
68 68
150 150
139 139
131 131
104 104
71 71
132 132
30 30
140 140
13 13
1 1
22 22
14 14
67 67
66 66
91 91
63 63
35 35
177 177
149 149
120 120
100 100
175 175
