0 1 2 5 3 4 6 7 9 13 10 8 11 14 15 12 16 17 18 20 21 19 22 25 23 24 27 26 28 30 29 32 34 35 31 36 33 38 37 39 41 40 44 45 42 43 48 46 50 49 47 52 51 53 54 57 55 56 58 60 59 62 61 65 64 63 66 67 68 70 69 74 71 72 73 76 75 77 78 80 79 82 83 87 81 86 85 84 88 89 90 91 93 92 96 95 95 97 97 96 92 94 94 93 91 90 89 88 84 85 86 81 87 83 82 79 80 78 77 75 76 73 72 71 74 69 70 68 67 66 63 64 65 61 62 59 60 58 56 55 57 54 53 51 52 47 49 50 46 48 43 42 45 44 40 41 39 37 38 33 36 31 35 34 32 29 30 28 26 27 24 23 25 22 19 21 20 18 17 16 12 15 14 11 8 10 13 9 7 6 4 3 5 2 1 0
48
24 24
23 23
36 36
1 1
74 74
64 64
71 71
33 33
16 16
40 40
61 61
89 89
70 70
49 49
35 35
43 43
84 84
18 18
54 54
65 65
38 38
86 86
68 68
12 12
11 11
6 6
2 2
63 63
50 50
94 94
25 25
13 13
31 31
29 29
51 51
92 92
52 52
56 56
32 32
62 62
34 34
80 80
21 21
69 69
60 60
20 20
57 57
37 37
