aa0 aa1 aa2 aa4 aa3 aa3 aa7 aa7 aa4 aa8 aa5 aa6 aa6 aa5 aa9 ab0 ab1 ab5 ab8 ab7 ab4 ab2 ab3 ab3 ab2 ab4 ab7 ab9 ab6 ab6 ac0 ac4 ac2 ac3 ac6 ac1 ac5 ac8 ac8 ac9 ad0 ad9 ad1 ad2 ad3 ad4 ad4 ad5 ad5 ad6 ad6 ad7 ad7 ad8 ad8 ad3 ad2 ad1 ga0 ga1 ga2 ga2 ga3 ga4 ga8 ga5 ga6 ga6 ga5 ga7 ga7 ga9 gb0 gb1 gb2 gb5 gb6 gb9 gb7 gb4 gb3 gb3 gb4 gb7 gb8 gb8 gc0 gc1 gc2 gc2 gc1 gc3 gc4 gc9 gc5 gc6 gc6 gc5 gd0 gd1 gd4 gd3 gd5 gd2 gd2 gd6 gd7 gd9 gd8 gd8 ka0 ka2 ka3 ka6 ka1 ka8 ka7 ka4 ka4 ka5 ka5 ka9 kb0 kb1 kb3 kb7 kb4 kb8 kb5 kb2 kb6 kb9 kc0 kc1 kc3 kc2 kc4 kc5 kc7 kc6 kc9 kc8 kc8 kd0 kd1 kd3 kd2 kd4 kd6 kd5 kd7 kd8 kd9 kd9 kd8 kd7 kd5 kd6 kd4 kd2 kd3 kd1 kd0 kc9 kc6 kc7 kc5 kc4 kc2 kc3 kc1 kc0 kb9 kb6 kb2 kb5 kb8 kb4 kb7 kb3 kb1 kb0 ka9 ka7 ka8 ka1 ka6 ka3 ka2 ka0 gd9 gd7 gd6 gd5 gd3 gd4 gd1 gd0 gc9 gc4 gc3 gc7 gc8 gc8 gc7 gc0 gb9 gb6 gb5 gb2 gb1 gb0 ga9 ga8 ga4 ga3 ga1 ga0 ad9 ad0 ac9 ac5 ac1 ac6 ac7 ac7 ac3 ac2 ac4 ac0 ab9 ab8 ab5 ab1 ab0 aa9 aa8 aa2 aa1 aa0
60
aa5 aa5
aa6 aa6
aa3 aa3
aa4 aa4
aa7 aa7
ab2 ab2
ab4 ab4
ab5 ab5
ab7 ab7
ab8 ab8
ac2 ac2
ac3 ac3
ac6 ac6
ac7 ac7
ac8 ac8
ad4 ad4
ad5 ad5
ad6 ad6
ad7 ad7
ad8 ad8
ga2 ga2
ga3 ga3
ga6 ga6
ga4 ga4
ga7 ga7
gb2 gb2
gb3 gb3
gb4 gb4
gb6 gb6
gb7 gb7
gc1 gc1
gc2 gc2
gc3 gc3
gc5 gc5
gc8 gc8
gd3 gd3
gd4 gd4
gd7 gd7
gd8 gd8
gd9 gd9
ka2 ka2
ka5 ka5
ka6 ka6
ka7 ka7
ka8 ka8
kb2 kb2
kb5 kb5
kb6 kb6
kb7 kb7
kb8 kb8
kc1 kc1
kc2 kc2
kc5 kc5
kc6 kc6
kc8 kc8
kd1 kd1
kd3 kd3
kd4 kd4
kd5 kd5
kd8 kd8
