0 5 30 33 31 21 21 31 53 15 11 6 6 49 78 29 34 38 67 3 36 1 60 43 76 16 57 57 58 2 14 14 22 24 98 98 24 62 8 50 32 40 40 71 71 96 17 44 82 27 27 82 87 7 48 35 10 91 39 20 13 26 37 45 52 41 41 72 72 52 68 68 45 55 47 69 65 51 75 73 73 86 86 75 79 79 80 59 28 12 42 23 77 77 23 42 46 19 63 63 93 83 88 88 83 93 19 64 64 46 74 56 70 84 84 70 56 74 12 28 99 99 59 80 51 65 92 66 66 92 69 47 55 37 26 13 20 94 18 18 94 39 91 10 97 9 9 97 35 48 7 95 89 89 95 87 44 61 61 17 96 32 85 25 25 85 50 8 62 22 2 58 16 54 54 76 43 60 1 36 3 4 4 90 90 67 38 34 29 78 81 81 49 11 15 53 33 30 5 0
50
17 17
61 61
30 30
32 32
29 29
74 74
68 68
31 31
16 16
56 56
45 45
89 89
91 91
85 85
99 99
36 36
41 41
20 20
14 14
3 3
26 26
60 60
58 58
23 23
82 82
2 2
93 93
48 48
12 12
7 7
10 10
42 42
79 79
13 13
46 46
98 98
75 75
69 69
18 18
67 67
64 64
54 54
11 11
9 9
6 6
15 15
80 80
63 63
59 59
77 77
