0 54 25 26 124 23 67 27 179 81 22 76 78 82 29 7 1 15 35 32 9 63 62 13 79 39 36 41 18 17 91 108 48 16 28 195 5 3 128 52 116 38 75 101 42 43 45 12 69 83 123 120 112 2 33 47 4 20 6 157 80 168 95 65 11 87 166 98 159 49 85 135 59 51 100 145 50 96 46 14 140 56 53 110 30 72 93 113 139 165 19 31 58 103 114 70 131 60 57 55 8 119 86 164 117 66 169 21 73 182 182 73 77 180 151 122 122 134 153 24 174 44 111 111 155 118 198 126 104 147 106 191 181 61 97 34 88 102 121 143 90 161 161 185 109 10 149 107 107 130 197 197 130 133 115 115 133 163 92 94 144 99 40 194 132 74 171 171 74 178 136 136 178 132 194 40 137 172 172 137 158 190 175 192 129 129 192 175 190 158 193 189 71 187 170 170 187 71 167 188 188 167 189 193 99 144 94 92 163 149 176 176 10 37 37 109 185 90 141 141 142 142 143 121 102 152 152 88 34 186 89 89 146 146 150 138 138 150 186 97 61 68 68 181 191 196 196 106 147 104 162 162 126 173 173 198 118 155 44 174 24 184 184 153 134 151 180 77 148 64 64 148 21 125 183 183 125 156 156 169 66 117 127 127 199 199 164 86 119 8 55 57 60 160 160 131 70 114 103 58 31 19 165 139 113 93 105 105 72 30 110 53 56 140 14 46 96 50 145 100 51 59 177 177 135 85 49 159 98 166 87 11 65 95 168 80 157 6 20 4 47 33 2 112 120 123 83 69 12 45 43 42 101 75 38 116 52 128 3 5 195 28 16 48 108 91 17 18 41 36 39 79 84 84 13 154 154 62 63 9 32 35 15 1 7 29 82 78 76 22 81 179 27 67 23 124 26 25 54 0
100
99 99
105 105
150 150
46 46
85 85
139 139
141 141
21 21
64 64
45 45
108 108
14 14
132 132
50 50
41 41
13 13
82 82
138 138
12 12
188 188
170 170
1 1
119 119
161 161
129 129
148 148
39 39
90 90
175 175
169 169
143 143
27 27
77 77
124 124
49 49
160 160
20 20
56 56
71 71
189 189
74 74
152 152
35 35
157 157
59 59
100 100
55 55
195 195
23 23
185 185
24 24
172 172
68 68
107 107
103 103
83 83
147 147
186 186
125 125
197 197
69 69
167 167
101 101
52 52
2 2
112 112
26 26
137 137
66 66
142 142
43 43
9 9
94 94
73 73
196 196
176 176
57 57
106 106
38 38
164 164
95 95
92 92
182 182
3 3
51 51
19 19
11 11
29 29
86 86
16 16
166 166
198 198
72 72
67 67
97 97
104 104
123 123
102 102
10 10
89 89
