0 1 3 2 11 4 5 12 7 9 8 16 6 14 13 10 15 17 19 18 25 20 21 24 22 23 27 31 28 26 29 30 32 38 33 34 35 36 39 41 40 43 37 42 45 44 47 51 52 46 48 54 56 49 50 58 53 55 57 59 60 62 63 65 64 61 67 69 68 73 66 70 71 78 72 76 74 77 79 75 81 83 80 85 82 84 88 86 87 90 89 92 91 93 98 94 95 96 101 99 103 97 100 104 102 105 108 107 109 106 112 110 111 115 114 116 117 118 113 119 120 121 126 122 124 123 127 131 125 129 132 128 134 130 133 137 136 135 141 138 139 140 147 145 149 142 143 144 148 153 146 150 151 154 155 152 156 162 157 161 164 158 159 163 167 166 160 168 165 169 170 171 173 174 172 176 180 177 179 178 182 175 183 181 184 186 189 185 187 190 188 191 192 193 195 196 197 199 194 194 199 197 198 198 196 195 193 192 191 188 190 187 185 189 186 184 181 183 175 182 178 179 177 180 176 172 174 173 171 170 169 165 168 160 166 167 163 159 158 164 161 157 162 156 152 155 154 151 150 146 153 148 144 143 142 149 145 147 140 139 138 141 135 136 137 133 130 134 128 132 129 125 131 127 123 124 122 126 121 120 119 113 118 117 116 114 115 111 110 112 106 109 107 108 105 102 104 100 97 103 99 101 96 95 94 98 93 91 92 89 90 87 86 88 84 82 85 80 83 81 75 79 77 74 76 72 78 71 70 66 73 68 69 67 61 64 65 63 62 60 59 57 55 53 58 50 49 56 54 48 46 52 51 47 44 45 42 37 43 40 41 39 36 35 34 33 38 32 30 29 26 28 31 27 23 22 24 21 20 25 18 19 17 15 10 13 14 6 16 8 9 7 12 5 4 11 2 3 1 0
100
0 0
2 2
4 4
6 6
8 8
10 10
12 12
14 14
16 16
18 18
20 20
22 22
24 24
26 26
28 28
30 30
32 32
34 34
36 36
38 38
40 40
42 42
44 44
46 46
48 48
50 50
52 52
54 54
56 56
58 58
60 60
62 62
64 64
66 66
68 68
70 70
72 72
74 74
76 76
78 78
80 80
82 82
84 84
86 86
88 88
90 90
92 92
94 94
96 96
98 98
100 100
102 102
104 104
106 106
108 108
110 110
112 112
114 114
116 116
118 118
120 120
122 122
124 124
126 126
128 128
130 130
132 132
134 134
136 136
138 138
140 140
142 142
144 144
146 146
148 148
150 150
152 152
154 154
156 156
158 158
160 160
162 162
164 164
166 166
168 168
170 170
172 172
174 174
176 176
178 178
180 180
182 182
184 184
186 186
188 188
190 190
192 192
194 194
196 196
198 198
