0 1 4 3 10 8 2 5 6 9 11 13 14 12 7 20 16 15 19 17 18 21 23 28 31 22 30 24 25 29 26 27 32 33 34 35 37 43 36 39 40 42 38 41 44 45 47 46 48 49 51 50 53 59 54 55 57 60 52 56 58 62 61 63 64 66 70 65 68 72 67 74 69 71 75 77 78 73 76 87 79 80 82 88 83 84 81 86 85 91 89 90 92 93 95 97 94 98 98 99 99 94 96 96 97 95 93 92 90 89 91 85 86 81 84 83 88 82 80 79 87 76 73 78 77 75 71 69 74 67 72 68 65 70 66 64 63 61 62 58 56 52 60 57 55 54 59 53 50 51 49 48 46 47 45 44 41 38 42 40 39 36 43 37 35 34 33 32 27 26 29 25 24 30 22 31 28 23 21 18 17 19 15 16 20 7 12 14 13 11 9 6 5 2 8 10 3 4 1 0
50
0 0
2 2
4 4
6 6
8 8
10 10
12 12
14 14
16 16
18 18
20 20
22 22
24 24
26 26
28 28
30 30
32 32
34 34
36 36
38 38
40 40
42 42
44 44
46 46
48 48
50 50
52 52
54 54
56 56
58 58
60 60
62 62
64 64
66 66
68 68
70 70
72 72
74 74
76 76
78 78
80 80
82 82
84 84
86 86
88 88
90 90
92 92
94 94
96 96
98 98
