Soda Bechtel Boalt Cheit Cory CalvinLaboratory Dwinelle Etcheverry Giannini GreekTheatre Haste HearstMiningCircle McLaughlin LifeSciences Jacobs KrutchTheater Hildebrand MLK Observatory Senior SproulPlaza Moses Stern Blackwell VLSB BarkerHall Wheeler Campbell Bowles ClarkKerr DoeLibrary EdwardsStadium HaasPavilion Foothill Gilman Hertz Insectary HearstFieldAnnex LeConte McCone Koshland Morgan MemorialStadium NorthGate Simon Stanley Pitzer Wellman Tan Tan Wurster Wurster Wellman Pitzer Stanley Simon NorthGate MemorialStadium Morgan Koshland McCone LeConte HearstFieldAnnex Insectary Hertz Gilman Foothill HaasPavilion EdwardsStadium DoeLibrary ClarkKerr Bowles Campbell Wheeler BarkerHall VLSB Blackwell Stern Moses SproulPlaza Senior Observatory MLK Hildebrand KrutchTheater Jacobs LifeSciences McLaughlin HearstMiningCircle Haste GreekTheatre Giannini Etcheverry Dwinelle CalvinLaboratory Cory Cheit Boalt Bechtel Soda
24
Boalt Boalt
Cheit Cheit
Dwinelle Dwinelle
Giannini Giannini
Haste Haste
LifeSciences LifeSciences
Jacobs Jacobs
Hildebrand Hildebrand
Moses Moses
Senior Senior
Stern Stern
Wheeler Wheeler
Blackwell Blackwell
Bowles Bowles
DoeLibrary DoeLibrary
Foothill Foothill
HaasPavilion HaasPavilion
Hertz Hertz
Koshland Koshland
McCone McCone
Morgan Morgan
Pitzer Pitzer
Stanley Stanley
Wellman Wellman
