Soda Bechtel Cheit CalvinLaboratory Boalt Dwinelle Cory Etcheverry Haste Giannini GreekTheatre LifeSciences McLaughlin HearstMiningCircle Jacobs KrutchTheater Hildebrand MLK Moses Senior SproulPlaza Observatory Stern VLSB Wheeler BarkerHall Blackwell Campbell Bowles DoeLibrary EdwardsStadium ClarkKerr Foothill HearstFieldAnnex HaasPavilion Hertz Gilman Koshland Insectary LeConte MemorialStadium McCone NorthGate Pitzer Simon Morgan Stanley Wurster Wellman Tan Eshleman BarrowsHall Birge Evans Blum FoxCottage BotanicalGarden CaliforniaHall Giauque Greenhouse Chou GoldmanPlaza Hargrove Chvez Cleary Haviland Campanile HearstGymnasium HeatingPlant Davis Hesse Hilgard BancroftLibrary Durant EastGate Kroeber IshiCourt Kleeberger Lewis Latimer LowerSproul McEnerney Minor MemorialGlade Moffitt Morrison OBrien Mulford Pimentel SatherGate Sibley Stephens Sproul StadiumRim SutardjaDai TangCenter Warren WooHonFai WestGate WestGate WooHonFai Warren Zellerbach Zellerbach TangCenter SutardjaDai StadiumRim Sproul Stephens Sibley SatherGate Pimentel Mulford OBrien Morrison Moffitt MemorialGlade Minor McEnerney LowerSproul Latimer Lewis Kleeberger IshiCourt Kroeber EastGate Durant BancroftLibrary Hilgard Hesse Davis HeatingPlant HearstGymnasium Campanile Haviland Cleary Chvez Hargrove GoldmanPlaza Chou Greenhouse Giauque CaliforniaHall BotanicalGarden FoxCottage Blum Evans Birge BarrowsHall Eshleman Tan Wellman Wurster Stanley Morgan Simon Pitzer NorthGate McCone MemorialStadium LeConte Insectary Koshland Gilman Hertz HaasPavilion HearstFieldAnnex Foothill ClarkKerr EdwardsStadium DoeLibrary Bowles Campbell Blackwell BarkerHall Wheeler VLSB Stern Observatory SproulPlaza Senior Moses MLK Hildebrand KrutchTheater Jacobs HearstMiningCircle McLaughlin LifeSciences GreekTheatre Giannini Haste Etcheverry Cory Dwinelle Boalt CalvinLaboratory Cheit Bechtel Soda
45
Bechtel Bechtel
Boalt Boalt
Cheit Cheit
Cory Cory
Dwinelle Dwinelle
Etcheverry Etcheverry
Giannini Giannini
GreekTheatre GreekTheatre
Haste Haste
HearstMiningCircle HearstMiningCircle
LifeSciences LifeSciences
McLaughlin McLaughlin
Jacobs Jacobs
KrutchTheater KrutchTheater
Hildebrand Hildebrand
MLK MLK
Moses Moses
Observatory Observatory
Senior Senior
SproulPlaza SproulPlaza
Stern Stern
VLSB VLSB
Wheeler Wheeler
BarkerHall BarkerHall
Blackwell Blackwell
Campbell Campbell
Bowles Bowles
ClarkKerr ClarkKerr
DoeLibrary DoeLibrary
EdwardsStadium EdwardsStadium
Foothill Foothill
Gilman Gilman
HaasPavilion HaasPavilion
HearstFieldAnnex HearstFieldAnnex
Hertz Hertz
Insectary Insectary
Koshland Koshland
LeConte LeConte
McCone McCone
MemorialStadium MemorialStadium
Morgan Morgan
NorthGate NorthGate
Pitzer Pitzer
Simon Simon
Stanley Stanley
