Soda Boalt CalvinLaboratory Cheit Bechtel Cory Dwinelle Etcheverry Haste Giannini GreekTheatre LifeSciences McLaughlin HearstMiningCircle Jacobs KrutchTheater Hildebrand MLK Moses Senior SproulPlaza Observatory Stern VLSB Wheeler BarkerHall Blackwell Campbell Bowles DoeLibrary EdwardsStadium ClarkKerr Foothill HearstFieldAnnex HaasPavilion Hertz Gilman Koshland Insectary LeConte MemorialStadium McCone NorthGate Pitzer Simon Morgan Stanley Wurster Wellman Tan Eshleman BarrowsHall Birge Evans Blum FoxCottage BotanicalGarden CaliforniaHall Giauque Greenhouse Chou GoldmanPlaza Hargrove Chvez Cleary Haviland Campanile HearstGymnasium HeatingPlant Davis Hesse Hilgard BancroftLibrary Durant EastGate Kroeber IshiCourt Kleeberger Lewis Latimer LowerSproul McEnerney Minor MemorialGlade Moffitt Morrison OBrien Mulford Pimentel SatherGate Sibley Stephens Sproul StadiumRim SutardjaDai TangCenter Warren WooHonFai WestGate Soda1 Zellerbach Bechtel1 CalvinLaboratory1 Boalt1 Cory1 Dwinelle1 Cheit1 Giannini1 Etcheverry1 GreekTheatre1 Haste1 HearstMiningCircle1 LifeSciences1 McLaughlin1 Jacobs1 KrutchTheater1 Hildebrand1 MLK1 Moses1 Senior1 SproulPlaza1 Observatory1 Wheeler1 Stern1 BarkerHall1 Blackwell1 VLSB1 DoeLibrary1 EdwardsStadium1 Campbell1 Bowles1 ClarkKerr1 Foothill1 Gilman1 HaasPavilion1 HearstFieldAnnex1 LeConte1 Hertz1 Insectary1 Koshland1 McCone1 MemorialStadium1 Morgan1 Simon1 Pitzer1 Stanley1 NorthGate1 Wellman1 Wurster1 Tan1 Eshleman1 Evans1 Birge1 BarrowsHall1 Blum1 FoxCottage1 BotanicalGarden1 Giauque1 GoldmanPlaza1 CaliforniaHall1 Hargrove1 Greenhouse1 Chou1 Chvez1 Campanile1 Haviland1 HeatingPlant1 HearstGymnasium1 Cleary1 Davis1 Durant1 BancroftLibrary1 Hesse1 Hilgard1 EastGate1 IshiCourt1 Latimer1 Kleeberger1 Lewis1 LowerSproul1 Kroeber1 McEnerney1 Morrison1 MemorialGlade1 OBrien1 SatherGate1 Minor1 Sproul1 Moffitt1 Mulford1 Pimentel1 Sibley1 StadiumRim1 Stephens1 SutardjaDai1 WestGate1 Zellerbach1 TangCenter1 Warren1 WooHonFai1 WooHonFai1 Warren1 TangCenter1 Zellerbach1 WestGate1 SutardjaDai1 Stephens1 StadiumRim1 Sibley1 Pimentel1 Mulford1 Moffitt1 Sproul1 Minor1 SatherGate1 OBrien1 MemorialGlade1 Morrison1 McEnerney1 Kroeber1 LowerSproul1 Lewis1 Kleeberger1 Latimer1 IshiCourt1 EastGate1 Hilgard1 Hesse1 BancroftLibrary1 Durant1 Davis1 Cleary1 HearstGymnasium1 HeatingPlant1 Haviland1 Campanile1 Chvez1 Chou1 Greenhouse1 Hargrove1 CaliforniaHall1 GoldmanPlaza1 Giauque1 BotanicalGarden1 FoxCottage1 Blum1 BarrowsHall1 Birge1 Evans1 Eshleman1 Tan1 Wurster1 Wellman1 NorthGate1 Stanley1 Pitzer1 Simon1 Morgan1 MemorialStadium1 McCone1 Koshland1 Insectary1 Hertz1 LeConte1 HearstFieldAnnex1 HaasPavilion1 Gilman1 Foothill1 ClarkKerr1 Bowles1 Campbell1 EdwardsStadium1 DoeLibrary1 VLSB1 Blackwell1 BarkerHall1 Stern1 Wheeler1 Observatory1 SproulPlaza1 Senior1 Moses1 MLK1 Hildebrand1 KrutchTheater1 Jacobs1 McLaughlin1 LifeSciences1 HearstMiningCircle1 Haste1 GreekTheatre1 Etcheverry1 Giannini1 Cheit1 Dwinelle1 Cory1 Boalt1 CalvinLaboratory1 Bechtel1 Zellerbach Soda1 WestGate WooHonFai Warren TangCenter SutardjaDai StadiumRim Sproul Stephens Sibley SatherGate Pimentel Mulford OBrien Morrison Moffitt MemorialGlade Minor McEnerney LowerSproul Latimer Lewis Kleeberger IshiCourt Kroeber EastGate Durant BancroftLibrary Hilgard Hesse Davis HeatingPlant HearstGymnasium Campanile Haviland Cleary Chvez Hargrove GoldmanPlaza Chou Greenhouse Giauque CaliforniaHall BotanicalGarden FoxCottage Blum Evans Birge BarrowsHall Eshleman Tan Wellman Wurster Stanley Morgan Simon Pitzer NorthGate McCone MemorialStadium LeConte Insectary Koshland Gilman Hertz HaasPavilion HearstFieldAnnex Foothill ClarkKerr EdwardsStadium DoeLibrary Bowles Campbell Blackwell BarkerHall Wheeler VLSB Stern Observatory SproulPlaza Senior Moses MLK Hildebrand KrutchTheater Jacobs HearstMiningCircle McLaughlin LifeSciences GreekTheatre Giannini Haste Etcheverry Dwinelle Cory Bechtel Cheit CalvinLaboratory Boalt Soda
100
Bechtel Bechtel
Bowles Bowles
ClarkKerr ClarkKerr
DoeLibrary DoeLibrary
EdwardsStadium EdwardsStadium
Foothill Foothill
Gilman Gilman
HaasPavilion HaasPavilion
HearstFieldAnnex HearstFieldAnnex
Hertz Hertz
Insectary Insectary
Koshland Koshland
LeConte LeConte
McCone McCone
MemorialStadium MemorialStadium
Morgan Morgan
NorthGate NorthGate
Pitzer Pitzer
Simon Simon
Stanley Stanley
Tan Tan
Wellman Wellman
Wurster Wurster
Eshleman Eshleman
BarrowsHall BarrowsHall
Evans Evans
Birge Birge
FoxCottage FoxCottage
Blum Blum
BotanicalGarden BotanicalGarden
Giauque Giauque
GoldmanPlaza GoldmanPlaza
CaliforniaHall CaliforniaHall
Greenhouse Greenhouse
Chou Chou
Chvez Chvez
Hargrove Hargrove
Campanile Campanile
Haviland Haviland
HearstGymnasium HearstGymnasium
Cleary Cleary
HeatingPlant HeatingPlant
Davis Davis
BancroftLibrary BancroftLibrary
Hesse Hesse
Durant Durant
Hilgard Hilgard
EastGate EastGate
IshiCourt IshiCourt
Kleeberger Kleeberger
Kroeber Kroeber
Latimer Latimer
Lewis Lewis
LowerSproul LowerSproul
McEnerney McEnerney
MemorialGlade MemorialGlade
Minor Minor
Moffitt Moffitt
Morrison Morrison
Mulford Mulford
OBrien OBrien
Pimentel Pimentel
SatherGate SatherGate
Sibley Sibley
Sproul Sproul
StadiumRim StadiumRim
Stephens Stephens
SutardjaDai SutardjaDai
TangCenter TangCenter
Warren Warren
WestGate WestGate
WooHonFai WooHonFai
Zellerbach Zellerbach
Soda1 Soda1
Bechtel1 Bechtel1
Boalt1 Boalt1
CalvinLaboratory1 CalvinLaboratory1
Cheit1 Cheit1
Cory1 Cory1
Dwinelle1 Dwinelle1
Etcheverry1 Etcheverry1
Giannini1 Giannini1
GreekTheatre1 GreekTheatre1
Haste1 Haste1
HearstMiningCircle1 HearstMiningCircle1
LifeSciences1 LifeSciences1
McLaughlin1 McLaughlin1
Jacobs1 Jacobs1
KrutchTheater1 KrutchTheater1
Hildebrand1 Hildebrand1
MLK1 MLK1
Moses1 Moses1
Observatory1 Observatory1
Stephens1 Stephens1
SutardjaDai1 SutardjaDai1
TangCenter1 TangCenter1
Warren1 Warren1
WestGate1 WestGate1
WooHonFai1 WooHonFai1
Zellerbach1 Zellerbach1
