71 12 44 53 70 42 36 2 33 81 84 41 31 28 3 14 54 49 13 97 97 13 49 54 14 16 11 5 35 60 4 89 59 29 29 59 86 18 27 9 0 23 51 51 23 0 57 98 22 1 73 26 47 10 8 56 68 78 88 20 17 65 94 15 75 19 74 74 19 61 39 52 85 90 67 67 90 85 52 39 87 7 99 6 32 55 93 77 58 66 62 45 45 62 66 58 77 93 55 32 6 25 24 34 69 40 40 69 34 24 30 43 48 38 64 91 37 37 91 64 96 72 76 76 72 96 38 48 43 30 25 99 7 87 61 75 15 94 65 17 20 83 83 88 78 68 56 8 92 82 46 46 82 92 10 47 26 79 80 63 50 21 95 95 21 50 63 80 79 73 1 22 98 57 9 27 18 86 89 4 60 35 5 11 16 3 28 31 41 84 81 33 2 36 42 70 53 44 12 71
50
85 85
7 7
13 13
50 50
87 87
49 49
18 18
5 5
33 33
95 95
74 74
55 55
30 30
35 35
65 65
15 15
64 64
66 66
70 70
88 88
26 26
94 94
84 84
10 10
11 11
36 36
53 53
47 47
41 41
28 28
60 60
78 78
39 39
2 2
38 38
45 45
0 0
6 6
69 69
19 19
61 61
24 24
59 59
96 96
29 29
54 54
79 79
21 21
42 42
77 77
