2 41 85 9 17 191 168 61 172 98 27 20 59 5 125 31 10 194 93 101 150 127 12 81 25 37 86 65 4 112 158 110 82 95 90 62 14 18 171 149 3 77 185 33 111 187 1 50 42 103 24 142 60 35 188 163 163 188 199 97 144 74 29 47 132 132 47 29 74 106 106 144 183 91 91 183 97 121 7 40 151 123 159 148 88 78 78 94 28 116 67 134 69 13 8 87 175 48 129 19 143 143 19 129 48 126 114 100 70 177 177 70 198 128 131 63 26 11 23 34 181 45 102 117 164 138 138 164 182 174 99 113 166 104 44 56 52 145 193 53 68 89 170 79 79 170 89 119 136 167 84 39 39 84 167 186 0 192 176 51 76 22 22 76 51 176 192 0 38 46 124 135 66 66 135 124 46 83 73 58 58 73 83 38 64 75 141 141 75 184 130 55 139 139 55 130 189 122 153 153 122 189 184 64 186 136 119 68 157 49 49 157 53 193 145 52 195 195 56 44 115 147 32 146 146 32 147 115 104 160 169 169 160 166 113 165 140 140 165 99 180 57 15 30 137 96 96 137 30 15 108 105 21 92 190 190 92 21 105 108 57 180 174 182 117 102 45 181 34 23 11 26 63 109 161 161 109 156 156 131 173 162 152 36 36 152 162 173 128 198 100 107 43 71 6 118 80 54 54 80 118 6 71 43 107 114 126 175 87 8 13 69 134 67 116 28 94 88 148 159 123 151 40 7 196 155 178 72 197 120 133 16 179 179 16 133 120 197 72 178 155 196 121 199 35 60 142 24 103 42 50 1 187 111 33 185 77 3 149 171 18 14 62 90 95 82 110 158 112 4 65 86 37 25 81 12 127 150 101 93 194 10 31 125 5 59 20 27 98 172 61 168 191 17 9 85 41 154 154 2
100
93 93
194 194
142 142
52 52
125 125
139 139
49 49
8 8
178 178
179 179
141 141
106 106
38 38
122 122
133 133
79 79
61 61
92 92
32 32
46 46
73 73
131 131
58 58
174 174
76 76
6 6
116 116
171 171
189 189
13 13
196 196
94 94
14 14
2 2
145 145
97 97
130 130
34 34
55 55
173 173
95 95
192 192
112 112
126 126
121 121
119 119
96 96
3 3
28 28
164 164
35 35
25 25
7 7
50 50
161 161
188 188
113 113
36 36
86 86
110 110
157 157
118 118
177 177
80 80
128 128
44 44
53 53
23 23
51 51
0 0
193 193
54 54
82 82
100 100
85 85
42 42
187 187
12 12
4 4
182 182
136 136
56 56
156 156
158 158
149 149
26 26
27 27
15 15
115 115
98 98
114 114
67 67
30 30
90 90
59 59
63 63
181 181
165 165
138 138
48 48
