gggggggg ddd lllllll aaaaaa jjjjjjj kkkkkk vvvv ccccc qqqqqqqq jjjjjjjj ii zzzzzzz zzzz rr nnn gggg l mmm xxx xxxx www uuuu qq qqqqqqq bbbbb ppp a aaaaa bb fffff hhhhh fffffff cccccccc xxxxxxx iiiiii hhhhhhh oooooooo aaaa kkkkkkkk fff vvv ssssss ffff w tt ttttt ddddd pppppppp oooo kkkkkkk kkkkkkk oooo pppppppp ddddd ttttt tt w ffff ssssss vvv fff kkkkkkkk aaaa oooooooo hhhhhhh iiiiii xxxxxxx cccccccc fffffff hhhhh fffff bb aaaaa a ppp bbbbb qqqqqqq qq uuuu www xxxx xxx mmm l gggg nnn rr zzzz zzzzzzz ii jjjjjjjj qqqqqqqq ccccc vvvv kkkkkk jjjjjjj aaaaaa lllllll ddd gggggggg
24
gggggggg gggggggg
uuuu uuuu
xxxx xxxx
fffffff fffffff
ccccc ccccc
l l
aaaaaa aaaaaa
ppp ppp
fffff fffff
kkkkkkk kkkkkkk
jjjjjjj jjjjjjj
tt tt
ttttt ttttt
zzzzzzz zzzzzzz
cccccccc cccccccc
qqqqqqq qqqqqqq
vvvv vvvv
gggg gggg
w w
ffff ffff
vvv vvv
a a
ddd ddd
oooooooo oooooooo
