f ssss oooo d sssssss aaaaa t ffff mmmm pppp w uu v uuu ll yyyyyyy p oo kkk dd lllllll eeee gg ccc dddddddd zzz ww zzzzz mmmmmmmm ttttt fffff sssss rrrr xxxxxx aaaaaaa yyy www o dddddd rrr iii pppppppp nnnn eeeeeeee s uuuuu ff ggggg llllllll cccccc ddd ss n rrrrrr qqqq rrrrrrrr m xxx z qqqqqq ee kkkkkk eee qqqqq c hhhh cccccccc vvvv bbbbbbbb j sss vv vvvvvv qq ggg yy ssssss wwww ggggggg rrrrr qqqqqqq pp lllll ffffffff llllll nnnnnnnn hhh fffffff aaa rrrrrrr jjjj ddddddd a q rr fff jjjjjjj wwwwwww ppp bbbbbb bbbbbb ppp wwwwwww jjjjjjj fff rr q a ddddddd jjjj rrrrrrr aaa fffffff hhh nnnnnnnn llllll ffffffff lllll pp qqqqqqq rrrrr ggggggg wwww ssssss yy ggg qq vvvvvv vv sss j bbbbbbbb vvvv cccccccc hhhh c qqqqq eee kkkkkk ee qqqqqq z xxx m rrrrrrrr qqqq rrrrrr n ss ddd cccccc llllllll ggggg ff uuuuu s eeeeeeee nnnn pppppppp iii rrr dddddd o www yyy aaaaaaa xxxxxx rrrr sssss fffff ttttt mmmmmmmm zzzzz ww zzz dddddddd ccc gg eeee lllllll dd kkk oo p yyyyyyy ll uuu v uu w pppp mmmm ffff t aaaaa sssssss d oooo ssss f
50
f f
jjjjjjj jjjjjjj
xxx xxx
bbbbbbbb bbbbbbbb
llllll llllll
dddddddd dddddddd
iii iii
v v
p p
j j
aaaaa aaaaa
vvvv vvvv
llllllll llllllll
q q
rrrrrr rrrrrr
wwwwwww wwwwwww
fffffff fffffff
nnnn nnnn
rrrrrrrr rrrrrrrr
aaa aaa
c c
vv vv
ffffffff ffffffff
ff ff
ggggg ggggg
ggg ggg
a a
hhhh hhhh
sss sss
wwww wwww
qqqqqq qqqqqq
z z
hhh hhh
xxxxxx xxxxxx
s s
ssssss ssssss
w w
ssss ssss
lllll lllll
uu uu
m m
eeee eeee
pp pp
ss ss
qqqqqqq qqqqqqq
uuuuu uuuuu
qq qq
ttttt ttttt
jjjj jjjj
zzz zzz
