ffffff iiiii z pppppppp kkkk o iiiiii gggggg pp m xxxxxxx eee ggggg fff yyyyyyy nnnnnn xxxxx iiii jjjj rrr www xx ooo qq xxxxxx pppp xxxx ggg zz cc mmmm mmmmmmmm pppppp bbbbbbbb bbbb qqq ccccc kkkkkkk fffff r ssssss ff qqqqq lll mm qqqq ccc ppp h eeeeee rrrrrrr cccccc sss d iiiiiii ccccccc kkkkkk rrrrrrrr hhhhh cccccccc ffff jjj f bbbbbbb nnnn vvv ttt yyyy kkkkkkkk yy mmmmmmm yyyyyy b uuuuu nn eeee ss ttttttt x nnnnnnnn eeeeeee aaaaaa uu yyyyy sssss ii ddddd gg llll eeeee hh eeeeeeee bb uuuu nnn gggggggg jj dddd jjjjj aaaaaaaa ppppppp hhhhhh ddddddd aa ooooo tt w ooooooo hhhhhhhh sssssss hhh zzzz zzzzzzz vv kk v rrrr uuuuuu aaaa kkk oo a llllll aaa lllllll zzz j hhhhhhh ssss bbbbbb ll t xxx rr wwwww mmmmm vvvv vvvvvv tttttt n s u lllll qqqqqq vvvvvvv qqqqqqq wwwwwww i dddddd ddd hhhh ee kkkkk p rrrrrr e uuuuuuu aaaaaaa q oooo dddddddd aaaaa wwww zzzzz mmmmmm oooooo k bbb ggggggg bbbbb jjjjjjj yyy dd jjjjjjjj vvvvv cccc l rrrrr mmm iii zzzzzz ww gggg qqqqqqqq ffffffff wwwwww nnnnn g llllllll y iiiiiiii tttt nnnnnnn jjjjjj c ppppp ttttt oooooooo fffffff uuu uuu fffffff oooooooo ttttt ppppp c jjjjjj nnnnnnn tttt iiiiiiii y llllllll g nnnnn wwwwww ffffffff qqqqqqqq gggg ww zzzzzz iii mmm rrrrr l cccc vvvvv jjjjjjjj dd yyy jjjjjjj bbbbb ggggggg bbb k oooooo mmmmmm zzzzz wwww aaaaa dddddddd oooo q aaaaaaa uuuuuuu e rrrrrr p kkkkk ee hhhh ddd dddddd i wwwwwww qqqqqqq vvvvvvv qqqqqq lllll u s n tttttt vvvvvv vvvv mmmmm wwwww rr xxx t ll bbbbbb ssss hhhhhhh j zzz lllllll aaa llllll a oo kkk aaaa uuuuuu rrrr v kk vv zzzzzzz zzzz hhh sssssss hhhhhhhh ooooooo w tt ooooo aa ddddddd hhhhhh ppppppp aaaaaaaa jjjjj dddd jj gggggggg nnn uuuu bb eeeeeeee hh eeeee llll gg ddddd ii sssss yyyyy uu aaaaaa eeeeeee nnnnnnnn x ttttttt ss eeee nn uuuuu b yyyyyy mmmmmmm yy kkkkkkkk yyyy ttt vvv nnnn bbbbbbb f jjj ffff cccccccc hhhhh rrrrrrrr kkkkkk ccccccc iiiiiii d sss cccccc rrrrrrr eeeeee h ppp ccc qqqq mm lll qqqqq ff ssssss r fffff kkkkkkk ccccc qqq bbbb bbbbbbbb pppppp mmmmmmmm mmmm cc zz ggg xxxx pppp xxxxxx qq ooo xx www rrr jjjj iiii xxxxx nnnnnn yyyyyyy fff ggggg eee xxxxxxx m pp gggggg iiiiii o kkkk pppppppp z iiiii ffffff
100
ffffff ffffff
iiiiiiii iiiiiiii
pppppppp pppppppp
b b
x x
ppppp ppppp
mmmmmmmm mmmmmmmm
ttttttt ttttttt
xxxx xxxx
mm mm
ssss ssss
o o
ffff ffff
k k
xxxxx xxxxx
jjj jjj
zzz zzz
q q
eeeeeee eeeeeee
uuu uuu
yy yy
ll ll
tttt tttt
gggggggg gggggggg
bbbbbb bbbbbb
ccccccc ccccccc
aaaaaaaa aaaaaaaa
wwww wwww
oooooooo oooooooo
j j
eeeeee eeeeee
uuuuuu uuuuuu
cccc cccc
d d
aaaa aaaa
llllll llllll
xxxxxxx xxxxxxx
wwwww wwwww
bbbbbbbb bbbbbbbb
ee ee
nnn nnn
ggggg ggggg
rr rr
zzzzz zzzzz
kkkk kkkk
a a
lll lll
llllllll llllllll
ooooo ooooo
sssssss sssssss
eeee eeee
iiiiiii iiiiiii
xxx xxx
aaaaaa aaaaaa
uuuuuuu uuuuuuu
rrrrr rrrrr
hhhhhhh hhhhhhh
uu uu
bbbbbbb bbbbbbb
kkkkkkkk kkkkkkkk
ttttt ttttt
qqq qqq
s s
kkkkkk kkkkkk
dd dd
aaa aaa
vvvvvv vvvvvv
fffff fffff
rrrrrr rrrrrr
cc cc
tt tt
wwwwww wwwwww
sssss sssss
qq qq
ssssss ssssss
jjjj jjjj
tttttt tttttt
mmmm mmmm
ggggggg ggggggg
vvvvv vvvvv
hhhh hhhh
oooooo oooooo
jjjjjj jjjjjj
eeeee eeeee
yyyyyyy yyyyyyy
ffffffff ffffffff
dddd dddd
e e
aa aa
hhh hhh
sss sss
pppp pppp
gggg gggg
lllllll lllllll
qqqqqq qqqqqq
nnnnnn nnnnnn
m m
vvv vvv
cccccc cccccc
ii ii
