199 24 10 151 48 5 39 29 7 91 12 12 15 62 94 55 3 18 18 3 83 21 59 114 11 20 60 44 166 134 53 163 17 127 25 113 1 105 77 51 160 185 84 32 120 130 35 159 68 63 22 129 19 27 2 71 153 153 158 28 197 103 67 13 101 50 123 147 155 155 147 183 52 102 45 80 175 41 157 31 97 97 193 72 6 184 142 26 54 150 49 0 0 49 150 176 46 47 36 107 106 42 23 117 141 141 117 169 122 122 179 179 169 177 79 38 188 93 56 56 66 14 86 65 8 70 70 98 34 34 140 137 137 140 98 8 76 76 65 156 74 173 128 128 167 78 119 4 4 124 37 145 16 81 43 92 92 43 81 182 133 133 182 194 64 88 191 191 88 64 194 198 138 30 30 89 149 87 87 121 178 180 180 178 121 172 172 149 89 138 198 16 145 37 124 119 78 115 171 125 109 33 40 144 73 73 186 58 192 116 116 192 58 186 144 174 96 9 9 164 164 189 95 95 189 96 146 181 139 99 85 104 104 110 110 85 99 139 181 146 174 40 33 57 61 61 108 108 57 161 187 126 126 170 170 187 161 109 125 136 100 143 143 100 136 171 115 167 173 74 156 86 162 162 14 66 93 154 154 188 38 79 177 23 42 106 107 36 47 131 131 46 176 54 26 142 184 6 72 193 31 148 148 157 41 175 80 45 102 52 195 111 111 195 183 123 50 101 13 67 103 197 28 158 71 2 118 118 27 168 168 19 129 22 112 112 63 68 159 35 130 120 32 84 165 165 185 160 51 77 105 1 113 190 152 69 69 152 196 82 82 196 190 25 127 17 75 75 163 53 134 166 44 60 20 11 114 59 21 83 55 94 62 15 91 135 132 132 135 7 29 90 90 39 5 48 151 10 24 199
100
0 0
1 1
2 2
3 3
4 4
5 5
6 6
7 7
8 8
9 9
10 10
11 11
12 12
13 13
14 14
15 15
16 16
17 17
18 18
19 19
20 20
21 21
22 22
23 23
24 24
25 25
26 26
27 27
28 28
29 29
30 30
31 31
32 32
33 33
34 34
35 35
36 36
37 37
38 38
39 39
40 40
41 41
42 42
43 43
44 44
45 45
46 46
47 47
48 48
49 49
50 50
51 51
52 52
53 53
54 54
55 55
56 56
57 57
58 58
59 59
60 60
61 61
62 62
63 63
64 64
65 65
66 66
67 67
68 68
69 69
70 70
71 71
72 72
73 73
74 74
75 75
76 76
77 77
78 78
79 79
80 80
81 81
82 82
83 83
84 84
85 85
86 86
87 87
88 88
89 89
90 90
91 91
92 92
93 93
94 94
95 95
96 96
97 97
98 98
99 99
