99 4 18 61 3 6 89 44 44 89 6 13 11 42 59 1 15 14 14 88 36 21 98 62 56 9 51 91 31 0 29 78 16 12 81 76 54 41 46 82 50 50 96 53 64 85 85 64 53 68 55 67 24 23 19 5 32 37 28 28 35 95 95 35 74 74 37 32 75 30 93 39 39 93 30 75 5 26 26 40 73 73 40 45 25 25 72 71 27 27 71 72 77 77 45 60 80 80 60 90 90 19 58 43 17 8 2 33 38 66 66 38 48 47 34 7 22 10 79 86 86 79 10 22 84 84 7 34 47 48 33 2 8 83 83 17 57 52 52 57 43 58 65 87 87 92 69 69 94 70 70 94 92 65 23 24 67 55 68 96 82 46 41 54 76 81 12 63 49 97 97 49 63 16 78 29 0 31 91 51 9 56 62 98 21 36 88 15 1 59 42 11 13 20 20 3 61 18 4 99
50
0 0
1 1
2 2
3 3
4 4
5 5
6 6
7 7
8 8
9 9
10 10
11 11
12 12
13 13
14 14
15 15
16 16
17 17
18 18
19 19
20 20
21 21
22 22
23 23
24 24
25 25
26 26
27 27
28 28
29 29
30 30
31 31
32 32
33 33
34 34
35 35
36 36
37 37
38 38
39 39
40 40
41 41
42 42
43 43
44 44
45 45
46 46
47 47
48 48
49 49
