SusanneJohnBerrios MattieBarbaraEkstrom TommyDyanEld JudeBernardMccay BerthaThomasAlexande JuanDebbieAllen EarlineCristinaCrous LaquitaJohnBrunette TheresaDonaldZamudio JuliaLindaGordon LuisCaroleMonahan MichaelJeremyRadford MaryFrankieWomack RodneyJimmieNewton JorgeHeatherSamuels GarryDavidKingery DouglasRobertFerkovi RalphClydeMills DougHelenHornbeck JeanTrinityHull LaquandaAnnTillman HarryNeilFranklin MichaelWalterHamby RonaldAlvinPrice DanielArthurVanderme MaryBrittneySilva CatherineElouiseJack RubyLelandCollard WendellKristenBise JayMaryHolling MonteMonicaLum RossCarolynColon LarryJeanetteMurphy JuliaMollieHernandez MikeClaudiaHuguley AntonioGeraldBaker SpencerCourtneyBroth DinahCatherineFaulkn StephanieAaronWalker DouglasRussMatthews JennyJoanPlant SandraBethSellers SandraBethSellers GerardLindaWisnowski SallyJamesGibson FernandoLindaWatson JudithConstanceDelaf DorothyDavidStromme JudithBettyHensley ClaudiaDavidTaylor ClaudiaDavidTaylor JudithBettyHensley DorothyDavidStromme ReginaldDeborahSilve ReginaldDeborahSilve JudithConstanceDelaf FernandoLindaWatson SallyJamesGibson GerardLindaWisnowski JennyJoanPlant DouglasRussMatthews StephanieAaronWalker DinahCatherineFaulkn SpencerCourtneyBroth AntonioGeraldBaker MikeClaudiaHuguley JuliaMollieHernandez LarryJeanetteMurphy RossCarolynColon MonteMonicaLum JayMaryHolling WendellKristenBise RubyLelandCollard CatherineElouiseJack MaryBrittneySilva DanielArthurVanderme RonaldAlvinPrice MichaelWalterHamby HarryNeilFranklin LaquandaAnnTillman JeanTrinityHull DougHelenHornbeck RalphClydeMills DouglasRobertFerkovi GarryDavidKingery JorgeHeatherSamuels RodneyJimmieNewton MaryFrankieWomack MichaelJeremyRadford LuisCaroleMonahan JuliaLindaGordon TheresaDonaldZamudio LaquitaJohnBrunette EarlineCristinaCrous JuanDebbieAllen BerthaThomasAlexande JudeBernardMccay TommyDyanEld MattieBarbaraEkstrom SusanneJohnBerrios
21
DouglasRobertFerkovi DouglasRobertFerkovi
DinahCatherineFaulkn DinahCatherineFaulkn
MonteMonicaLum MonteMonicaLum
DorothyDavidStromme DorothyDavidStromme
StephanieAaronWalker StephanieAaronWalker
JuliaMollieHernandez JuliaMollieHernandez
JorgeHeatherSamuels JorgeHeatherSamuels
RubyLelandCollard RubyLelandCollard
MattieBarbaraEkstrom MattieBarbaraEkstrom
RalphClydeMills RalphClydeMills
DougHelenHornbeck DougHelenHornbeck
JuliaLindaGordon JuliaLindaGordon
LaquitaJohnBrunette LaquitaJohnBrunette
FernandoLindaWatson FernandoLindaWatson
JuanDebbieAllen JuanDebbieAllen
AntonioGeraldBaker AntonioGeraldBaker
MaryFrankieWomack MaryFrankieWomack
HarryNeilFranklin HarryNeilFranklin
ClaudiaDavidTaylor ClaudiaDavidTaylor
SpencerCourtneyBroth SpencerCourtneyBroth
GarryDavidKingery GarryDavidKingery
