AlbertFredHaines WilliamDavidGray AlmedaLourdesSimpson DeniseBrunoWilliam JamesJoanneHawn BrendaLenaHarris DianeElisePickett RobertaVirgieBullock PatJasonAaberg GeorgeHenryVillar AmyFloydTopper LaurelDwayneAnderson JoannCharlieWilkinso SandraJoyceVictorero RobinStephenWebster DwainJoeFeldman RolandGregoryWatson DianeMargaretHammond MaryLauriceWallace IrvingDougLabarge MarkAnnetteHendrix JuanitaPhilipParsons JuliusMargaretKim JaredEvelynJones FerdinandLukeJackson LillianJuanAncona CarlosTamikaStrand ElishaMaryWojcik MinnieLesleyPaulk StephenSheldonOrlean MadeleineLeoRoberson MargrettKennethJorda WayneGlendaDozier RonaldCarolynStoskop EricTammyScott ElizabethNellieMcmil DouglasColleenLara FrancisCarolHebb WadeSonnyMcbride ErvinJohnHall ManuelaJoseBailey RonaldEdnaArant FriedaLindaMachesky ChristopherJamesLuca CharlesDiannaProfitt MichaelBillieRomriel MarthaJackRobinson BernicePennyRiddick JohnDarrellThomas LuisCharlotteCollins GeorgeWilliamJackson DavidRaymondJohnson ChelseaStevenRufe PedroMeganBaxter MarciaWalterKirschma JudyPearlineKaminski AugustTamikaMason AmandaJamesWall JohnRichardSmith PatrickRafaelCastro SueStuartDavidson KimMickeyCohen ThomasRobertMccombs JimmySherryKish RobertJosephNine AnneChristieRoberts JoeJessicaShan MaryJamesDavila NormaGarryReyburn TylerShawnBeasley StevenNeilNguyen DonaldYvonneWilliams AndrewJeanPinson ClaudeBobbyBaker DeeAmandaBartley KathleenSherryDay ShawnLeoSaur KellyJohnnaOles NicholasThomasShivel BarbaraFranciscoHard JimmyFranciscoWaters StephenWilliamCoffma AllysonFlorenceSprin KelliChristopherBanu MichaelElizabethWeav JackieSharonScherrer GlennaMichaelBorden CynthiaConnieWright JanelleEdwardEldridg WilliamDanielleBell WinifredMarkRamos DorisJeffreyBinger ClaytonFredrickRicha MistyRobertKing AndrewSadieBennett HollyJoanPhelps JuliaMarySmith WilliamRenateBaker JohnBrendaFuller JohnAlanMcalvain RobertLauraMcadams JosephAmandaMullen JeffJohnBruton JamesJordanZamora CarmenEarnestCarter RichardGussieCarrell JessicaChristopherHa DominiqueWilliamRoss JimmyFlorTasson CherylMaryMorgan KariBenjaminHaynes KathleenJoseClark SybilRobertScott StormyOllieYork VivianRoyMartin PeterJosephBarbee PatriciaRichardSippe JordanWilliamAlexand ErikaLeslieBoyd BrettDominickSonnier HenryBuddyMoore KevinThomasHiggins ZacharyWarrenKarth LawrenceBarryHadden HaroldDavidLawhorn EricJamesJuckett GlendaAmandaFields EdwardErnestSinger CarolKeshiaSmith MabelJamesMccormick RickyJamesBrumfield ElmerDemetriusLark HowardKennethCollins GeraldDominiqueFlowe GloriaRuthRowland KevinKurtPope TiffanyBeulahMattion DebraJaneFitzgerald CassandraJaniceGlove RoxanneKathleenField JannaDavidCarranza WalterAvaPorter MichaelMarkHolloway TommyAmandaMartin MarkAngelaMccloud LynnKennethChavez MiriamMichaelMcwhirt SamuelLawrenceAdamit BenSaraCreech JennieDeniseMathews BradleyDeborahSaball ThomasEssieEwing GregoryMichaelWhitme JoshuaDelmarFellers MabelCharleneGarcia PerryJamesBennett HipolitoCandaceHunts KyleShawnHenry JohnJoshuaAllen CeliaMaryBoone ChristopherMurielBra IsaacGregGargano GaryCharlesHudson RobinEvelynSimmons AnneFrankPlaisted AgathaKarenStiefel GeraldLulaCaldwell DeniceRobertHawkins KentMarylynnPayne RandyBonnieBennett JenniferSabrinaElsto LeeMillicentTauber EdwardJeanneHutchiso JudeJanetHarcourt WillieRobertSimon JoStephenMay EdwardDennisStewart AnnDeannaLarzazs WillieJeraldStone KevinCharlesEvans DenaJewellDavis JenniferGeorgeKarr HeidiMayJohnson JoseNelleHale MarkDianeDuchon JeremyJamesChavez GeorgeFelixClifton CraigJohnLard BeverlyJoyceWalker HowardAdolfoRobertso RosaPatrickYankey EricJayBustad TravisMichelleMeller DonnaEricKonwinski SusanSalinaZimmerman EricTinaPerea AdrieneKathleenShea BrandonDeborahPinnoc BrandonDeborahPinnoc AdrieneKathleenShea EricTinaPerea SandraHarryStewart SandraHarryStewart SusanSalinaZimmerman JohnSaraBurnett JohnSaraBurnett DonnaEricKonwinski TravisMichelleMeller EricJayBustad RosaPatrickYankey HowardAdolfoRobertso BeverlyJoyceWalker CraigJohnLard GeorgeFelixClifton JeremyJamesChavez MarkDianeDuchon JoseNelleHale HeidiMayJohnson JenniferGeorgeKarr DenaJewellDavis KevinCharlesEvans WillieJeraldStone AnnDeannaLarzazs EdwardDennisStewart JoStephenMay WillieRobertSimon JudeJanetHarcourt EdwardJeanneHutchiso LeeMillicentTauber JenniferSabrinaElsto RandyBonnieBennett KentMarylynnPayne DeniceRobertHawkins GeraldLulaCaldwell AgathaKarenStiefel AnneFrankPlaisted RobinEvelynSimmons GaryCharlesHudson IsaacGregGargano ChristopherMurielBra CeliaMaryBoone JohnJoshuaAllen KyleShawnHenry HipolitoCandaceHunts PerryJamesBennett MabelCharleneGarcia JoshuaDelmarFellers GregoryMichaelWhitme ThomasEssieEwing BradleyDeborahSaball JennieDeniseMathews BenSaraCreech SamuelLawrenceAdamit MiriamMichaelMcwhirt LynnKennethChavez MarkAngelaMccloud TommyAmandaMartin MichaelMarkHolloway WalterAvaPorter JannaDavidCarranza RoxanneKathleenField CassandraJaniceGlove DebraJaneFitzgerald TiffanyBeulahMattion KevinKurtPope GloriaRuthRowland GeraldDominiqueFlowe HowardKennethCollins ElmerDemetriusLark RickyJamesBrumfield MabelJamesMccormick CarolKeshiaSmith EdwardErnestSinger GlendaAmandaFields EricJamesJuckett HaroldDavidLawhorn LawrenceBarryHadden ZacharyWarrenKarth KevinThomasHiggins HenryBuddyMoore BrettDominickSonnier ErikaLeslieBoyd JordanWilliamAlexand PatriciaRichardSippe PeterJosephBarbee VivianRoyMartin StormyOllieYork SybilRobertScott KathleenJoseClark KariBenjaminHaynes CherylMaryMorgan JimmyFlorTasson DominiqueWilliamRoss JessicaChristopherHa RichardGussieCarrell CarmenEarnestCarter JamesJordanZamora JeffJohnBruton JosephAmandaMullen RobertLauraMcadams JohnAlanMcalvain JohnBrendaFuller WilliamRenateBaker JuliaMarySmith HollyJoanPhelps AndrewSadieBennett MistyRobertKing ClaytonFredrickRicha DorisJeffreyBinger WinifredMarkRamos WilliamDanielleBell JanelleEdwardEldridg CynthiaConnieWright GlennaMichaelBorden JackieSharonScherrer MichaelElizabethWeav KelliChristopherBanu AllysonFlorenceSprin StephenWilliamCoffma JimmyFranciscoWaters BarbaraFranciscoHard NicholasThomasShivel KellyJohnnaOles ShawnLeoSaur KathleenSherryDay DeeAmandaBartley ClaudeBobbyBaker AndrewJeanPinson DonaldYvonneWilliams StevenNeilNguyen TylerShawnBeasley NormaGarryReyburn MaryJamesDavila JoeJessicaShan AnneChristieRoberts RobertJosephNine JimmySherryKish ThomasRobertMccombs KimMickeyCohen SueStuartDavidson PatrickRafaelCastro JohnRichardSmith AmandaJamesWall AugustTamikaMason JudyPearlineKaminski MarciaWalterKirschma PedroMeganBaxter ChelseaStevenRufe DavidRaymondJohnson GeorgeWilliamJackson LuisCharlotteCollins JohnDarrellThomas BernicePennyRiddick MarthaJackRobinson MichaelBillieRomriel CharlesDiannaProfitt ChristopherJamesLuca FriedaLindaMachesky RonaldEdnaArant ManuelaJoseBailey ErvinJohnHall WadeSonnyMcbride FrancisCarolHebb DouglasColleenLara ElizabethNellieMcmil EricTammyScott RonaldCarolynStoskop WayneGlendaDozier MargrettKennethJorda MadeleineLeoRoberson StephenSheldonOrlean MinnieLesleyPaulk ElishaMaryWojcik CarlosTamikaStrand LillianJuanAncona FerdinandLukeJackson JaredEvelynJones JuliusMargaretKim JuanitaPhilipParsons MarkAnnetteHendrix IrvingDougLabarge MaryLauriceWallace DianeMargaretHammond RolandGregoryWatson DwainJoeFeldman RobinStephenWebster SandraJoyceVictorero JoannCharlieWilkinso LaurelDwayneAnderson AmyFloydTopper GeorgeHenryVillar PatJasonAaberg RobertaVirgieBullock DianeElisePickett BrendaLenaHarris JamesJoanneHawn DeniseBrunoWilliam AlmedaLourdesSimpson WilliamDavidGray AlbertFredHaines
78
DenaJewellDavis DenaJewellDavis
KevinThomasHiggins KevinThomasHiggins
TommyAmandaMartin TommyAmandaMartin
CassandraJaniceGlove CassandraJaniceGlove
GlennaMichaelBorden GlennaMichaelBorden
CynthiaConnieWright CynthiaConnieWright
DwainJoeFeldman DwainJoeFeldman
RickyJamesBrumfield RickyJamesBrumfield
TravisMichelleMeller TravisMichelleMeller
MichaelElizabethWeav MichaelElizabethWeav
MarkAngelaMccloud MarkAngelaMccloud
ElmerDemetriusLark ElmerDemetriusLark
JosephAmandaMullen JosephAmandaMullen
BernicePennyRiddick BernicePennyRiddick
JudyPearlineKaminski JudyPearlineKaminski
GeorgeHenryVillar GeorgeHenryVillar
ThomasEssieEwing ThomasEssieEwing
DeeAmandaBartley DeeAmandaBartley
MistyRobertKing MistyRobertKing
MarthaJackRobinson MarthaJackRobinson
MarkDianeDuchon MarkDianeDuchon
FerdinandLukeJackson FerdinandLukeJackson
JimmyFlorTasson JimmyFlorTasson
GaryCharlesHudson GaryCharlesHudson
JohnRichardSmith JohnRichardSmith
JackieSharonScherrer JackieSharonScherrer
LawrenceBarryHadden LawrenceBarryHadden
SandraHarryStewart SandraHarryStewart
GeorgeWilliamJackson GeorgeWilliamJackson
CherylMaryMorgan CherylMaryMorgan
ZacharyWarrenKarth ZacharyWarrenKarth
KathleenJoseClark KathleenJoseClark
EdwardErnestSinger EdwardErnestSinger
JannaDavidCarranza JannaDavidCarranza
JudeJanetHarcourt JudeJanetHarcourt
EricTammyScott EricTammyScott
BradleyDeborahSaball BradleyDeborahSaball
EricTinaPerea EricTinaPerea
RolandGregoryWatson RolandGregoryWatson
RosaPatrickYankey RosaPatrickYankey
BrettDominickSonnier BrettDominickSonnier
WilliamDavidGray WilliamDavidGray
JamesJordanZamora JamesJordanZamora
LynnKennethChavez LynnKennethChavez
DeniseBrunoWilliam DeniseBrunoWilliam
MarciaWalterKirschma MarciaWalterKirschma
KathleenSherryDay KathleenSherryDay
HowardKennethCollins HowardKennethCollins
JoStephenMay JoStephenMay
DianeElisePickett DianeElisePickett
DebraJaneFitzgerald DebraJaneFitzgerald
LillianJuanAncona LillianJuanAncona
EricJamesJuckett EricJamesJuckett
ClaudeBobbyBaker ClaudeBobbyBaker
KellyJohnnaOles KellyJohnnaOles
StephenWilliamCoffma StephenWilliamCoffma
IsaacGregGargano IsaacGregGargano
CraigJohnLard CraigJohnLard
JeremyJamesChavez JeremyJamesChavez
PerryJamesBennett PerryJamesBennett
ManuelaJoseBailey ManuelaJoseBailey
RonaldEdnaArant RonaldEdnaArant
JohnBrendaFuller JohnBrendaFuller
PeterJosephBarbee PeterJosephBarbee
MaryJamesDavila MaryJamesDavila
StormyOllieYork StormyOllieYork
HeidiMayJohnson HeidiMayJohnson
AlbertFredHaines AlbertFredHaines
DorisJeffreyBinger DorisJeffreyBinger
WadeSonnyMcbride WadeSonnyMcbride
JessicaChristopherHa JessicaChristopherHa
EdwardDennisStewart EdwardDennisStewart
KevinCharlesEvans KevinCharlesEvans
RobinStephenWebster RobinStephenWebster
AnnDeannaLarzazs AnnDeannaLarzazs
StevenNeilNguyen StevenNeilNguyen
MichaelMarkHolloway MichaelMarkHolloway
JoannCharlieWilkinso JoannCharlieWilkinso
