SueJosephGarza CharlesNancySasser PamelaPageBullock BruceTeresaNelson IolaElfriedaHemenway BrianSarahCumming CoraShaneAldana JoelKatherineDuval DorothyRichardChandl AmyAnthonyGrayson RobertJefferyFish LauraPhilipWinkler TeresaAllenFoss MaryLindaKirkland KarenFrancesBachelor EricWilliamHuffman BillyJoshuaBall FrankJennieBarker RubyWilliamGreer IraJimmyYang FlorenceWarrenLong RichardLawrenceEspos MariaChristopherCast KarenErmaJensen KevinHaroldCyr HaleyKyleMurphy EduardoCharlesThomps ElsieJosephPhelps JerryAnnetteChilds RickyLeahGriffin MaryNancyLuke FranciscoFrancesHarr ChesterRosaPowell MariaMarionSimons BrianRolandAli RhondaAshlynMoore CharlesKristineWhite NathanKevinCorathers DanielWendyLundblad WilliamMichaelBeckha LillieKathleenCervan MaryKarenVickers ChristinaDanaGrant ThomasLauraGray KathleenPaulCollins CarlWayneEdwards MelindaKennethAzar JohnJoseJudd JoelBrianAllton MartyDavidWill PhyllisJackWilson AlfredaKirstenMartin JoseBerniceJohnston JessicaJohnSpells RalphLisaMiller AndrewRobertEvins LeroySandraLewis RonaldRobertHughes ThomasAnnieRuiz KennethPamelaManey JamesRodneyUpshaw EugeniaKimberlyArauj MarleneCarrieLeveren LucyBennyHaag PatrickKristenWeakle CrystalShermanVida WilliamGeorgeWilliam JohnDustinKenny BrianLuzArce PaulEvanRichard JohnEdwardCaccavale LuisHelenHughes MarkRobertIvey OllieGeorgeSova HarryEarlGehl WilburnDavidMiller PatriciaBernardBrock JamesGladysMccullar HenryMarkUutela BruceMargaretIngwers MauriceRichardWillia GuyMinnieStewart JamesJaredGonzalez KennethShannonGardel PaulShaneSoldner ThomasAnneNeave MarianLuluDiaz JohnMarthaPriesmeyer MatthewLarryMeli DarnellAliciaPeters DarnellAliciaPeters RichardFaithMartin AnthonyDavidBrewer RobertDavidPhillips RebeccaAgnesHoward JustinJavierToure SueCourtneyOsgood SueCourtneyOsgood DonaldDoloresKelly DonaldDoloresKelly JustinJavierToure RebeccaAgnesHoward AshleyWilliamClarke AshleyWilliamClarke RobertDavidPhillips JamiePatriciaSergi JamiePatriciaSergi AnthonyDavidBrewer RichardFaithMartin MatthewLarryMeli AnnaKyleChang AnnaKyleChang JohnMarthaPriesmeyer MarianLuluDiaz ThomasAnneNeave PaulShaneSoldner KennethShannonGardel JamesJaredGonzalez GuyMinnieStewart MauriceRichardWillia BruceMargaretIngwers HenryMarkUutela JamesGladysMccullar PatriciaBernardBrock WilburnDavidMiller HarryEarlGehl OllieGeorgeSova MarkRobertIvey LuisHelenHughes JohnEdwardCaccavale PaulEvanRichard BrianLuzArce JohnDustinKenny WilliamGeorgeWilliam CrystalShermanVida PatrickKristenWeakle LucyBennyHaag MarleneCarrieLeveren EugeniaKimberlyArauj JamesRodneyUpshaw KennethPamelaManey ThomasAnnieRuiz RonaldRobertHughes LeroySandraLewis AndrewRobertEvins RalphLisaMiller JessicaJohnSpells JoseBerniceJohnston AlfredaKirstenMartin PhyllisJackWilson MartyDavidWill JoelBrianAllton JohnJoseJudd MelindaKennethAzar CarlWayneEdwards KathleenPaulCollins ThomasLauraGray ChristinaDanaGrant MaryKarenVickers LillieKathleenCervan WilliamMichaelBeckha DanielWendyLundblad NathanKevinCorathers CharlesKristineWhite RhondaAshlynMoore BrianRolandAli MariaMarionSimons ChesterRosaPowell FranciscoFrancesHarr MaryNancyLuke RickyLeahGriffin JerryAnnetteChilds ElsieJosephPhelps EduardoCharlesThomps HaleyKyleMurphy KevinHaroldCyr KarenErmaJensen MariaChristopherCast RichardLawrenceEspos FlorenceWarrenLong IraJimmyYang RubyWilliamGreer FrankJennieBarker BillyJoshuaBall EricWilliamHuffman KarenFrancesBachelor MaryLindaKirkland TeresaAllenFoss LauraPhilipWinkler RobertJefferyFish AmyAnthonyGrayson DorothyRichardChandl JoelKatherineDuval CoraShaneAldana BrianSarahCumming IolaElfriedaHemenway BruceTeresaNelson PamelaPageBullock CharlesNancySasser SueJosephGarza
39
BrianRolandAli BrianRolandAli
OllieGeorgeSova OllieGeorgeSova
PatriciaBernardBrock PatriciaBernardBrock
JamesJaredGonzalez JamesJaredGonzalez
MaryLindaKirkland MaryLindaKirkland
LucyBennyHaag LucyBennyHaag
PaulEvanRichard PaulEvanRichard
JessicaJohnSpells JessicaJohnSpells
PhyllisJackWilson PhyllisJackWilson
LauraPhilipWinkler LauraPhilipWinkler
KevinHaroldCyr KevinHaroldCyr
ThomasAnnieRuiz ThomasAnnieRuiz
MariaChristopherCast MariaChristopherCast
WilliamGeorgeWilliam WilliamGeorgeWilliam
DarnellAliciaPeters DarnellAliciaPeters
AnnaKyleChang AnnaKyleChang
AshleyWilliamClarke AshleyWilliamClarke
MarianLuluDiaz MarianLuluDiaz
WilburnDavidMiller WilburnDavidMiller
CrystalShermanVida CrystalShermanVida
LillieKathleenCervan LillieKathleenCervan
PamelaPageBullock PamelaPageBullock
IraJimmyYang IraJimmyYang
BrianLuzArce BrianLuzArce
LuisHelenHughes LuisHelenHughes
LeroySandraLewis LeroySandraLewis
KarenErmaJensen KarenErmaJensen
ChristinaDanaGrant ChristinaDanaGrant
AlfredaKirstenMartin AlfredaKirstenMartin
PaulShaneSoldner PaulShaneSoldner
DonaldDoloresKelly DonaldDoloresKelly
FranciscoFrancesHarr FranciscoFrancesHarr
SueCourtneyOsgood SueCourtneyOsgood
MelindaKennethAzar MelindaKennethAzar
ElsieJosephPhelps ElsieJosephPhelps
JohnJoseJudd JohnJoseJudd
NathanKevinCorathers NathanKevinCorathers
JohnDustinKenny JohnDustinKenny
KennethShannonGardel KennethShannonGardel
