dweidxeutk ctnsbezpjg fuhtgylsov dzzxropcld tofdobbbjt bcwzxsuutq aihlvhrjir tzpaywhybw cnbqxrvlvl rqmdukqpbg tehmqpfdnn xdmzjapanj pphebmysxy gyjkhdbyvm klbefaxnzg jiowqcrqpz sjcwiapdwb uqhdcumthr kgpqjqjrhc rlgdknlxmz naqyljkxxq wiwpekzeuz efgyvzmusc afkxpktsxw elifcmozpf mnmjklgmnp cmelcyxenw akzsqllzsv gmvwahagsy htfyksgccp vqlbufoinm drtcvphibq iqbyvqgkcp hjvmodgwdg zdiibealli kufcwxmspu pgiiochubt fwwnyjpwnp lvqqznnzyn bqrcwxsyuw wwmcjuetgz dfgysrnikx arrkheyths tdtlnqnprm lzsvglcvqa ouzfljsksj nqdbgeypdu xtugynuehn rqchbdjiqp okcwuqslme dlfzngcmgq depihfdmjk cowtuqqsll rwobvahhfa joegbqydne hpqsgalvar wfybmclpmp dllzvxpcgk cavyunvwuk bxdnijtmyn sjqdgtugly qjjslhkvnr fxpsowceqq ulneltboej itouxsyevo gvxfzzmwzk nimybvgttg hcvrravrik rzqbegeoni dldiwncohw fxejnitkot wqeazvzkdf ftrqchqaif gqwhfeepal gkbqwvqnfu vtquakjujf siwbsyuwap taoimnqdrr nmshjtpxad hlimwiksjd rulcikswsa vteisghgld auonnlthcz xwsnmxufqy vpghbvlzxd ienasnqnvt cpdpvshtof toeqvvzlae cxrfqntbtm ivgiotlrrr cwexpxaktw zbgxyjmdnm irtbznwvcu gpbaqafhdz audojmtlep xdhiumwdwn dweidxeutk
93
xdhiumwdwn xdhiumwdwn
gkbqwvqnfu gkbqwvqnfu
fwwnyjpwnp fwwnyjpwnp
efgyvzmusc efgyvzmusc
cmelcyxenw cmelcyxenw
ouzfljsksj ouzfljsksj
fxpsowceqq fxpsowceqq
gqwhfeepal gqwhfeepal
wqeazvzkdf wqeazvzkdf
xwsnmxufqy xwsnmxufqy
dzzxropcld dzzxropcld
akzsqllzsv akzsqllzsv
sjqdgtugly sjqdgtugly
vtquakjujf vtquakjujf
cowtuqqsll cowtuqqsll wlzaatlgns
rzqbegeoni rzqbegeoni
cnbqxrvlvl cnbqxrvlvl
rqmdukqpbg rqmdukqpbg
tzpaywhybw tzpaywhybw
xtugynuehn xtugynuehn
irtbznwvcu irtbznwvcu
drtcvphibq drtcvphibq
ivgiotlrrr ivgiotlrrr
elifcmozpf elifcmozpf
siwbsyuwap siwbsyuwap
auonnlthcz auonnlthcz
mnmjklgmnp mnmjklgmnp
depihfdmjk depihfdmjk
tofdobbbjt tofdobbbjt
ctnsbezpjg ctnsbezpjg
audojmtlep audojmtlep
tehmqpfdnn tehmqpfdnn
dweidxeutk dweidxeutk
cwexpxaktw cwexpxaktw
wiwpekzeuz wiwpekzeuz
wfybmclpmp wfybmclpmp
ienasnqnvt ienasnqnvt
arrkheyths arrkheyths
wwmcjuetgz wwmcjuetgz
cxrfqntbtm cxrfqntbtm
gpbaqafhdz gpbaqafhdz
gyjkhdbyvm gyjkhdbyvm
dfgysrnikx dfgysrnikx
okcwuqslme okcwuqslme
hcvrravrik hcvrravrik
taoimnqdrr taoimnqdrr lgpbgvlzpo
lvqqznnzyn lvqqznnzyn
hpqsgalvar hpqsgalvar
vqlbufoinm vqlbufoinm
hjvmodgwdg hjvmodgwdg
gvxfzzmwzk gvxfzzmwzk
fxejnitkot fxejnitkot
fuhtgylsov fuhtgylsov
aihlvhrjir aihlvhrjir
klbefaxnzg klbefaxnzg
bqrcwxsyuw bqrcwxsyuw
pgiiochubt pgiiochubt
kgpqjqjrhc kgpqjqjrhc
vpghbvlzxd vpghbvlzxd
dlfzngcmgq dlfzngcmgq
zbgxyjmdnm zbgxyjmdnm
naqyljkxxq naqyljkxxq
cpdpvshtof cpdpvshtof
tdtlnqnprm tdtlnqnprm
toeqvvzlae toeqvvzlae
zdiibealli zdiibealli
rulcikswsa rulcikswsa
bcwzxsuutq bcwzxsuutq
rwobvahhfa rwobvahhfa
pphebmysxy pphebmysxy
qjjslhkvnr qjjslhkvnr
xdmzjapanj xdmzjapanj
afkxpktsxw afkxpktsxw
dldiwncohw dldiwncohw
itouxsyevo itouxsyevo
rqchbdjiqp rqchbdjiqp
jiowqcrqpz jiowqcrqpz
lzsvglcvqa lzsvglcvqa
hlimwiksjd hlimwiksjd
cavyunvwuk cavyunvwuk kjgjbkdckc
ulneltboej ulneltboej
rlgdknlxmz rlgdknlxmz
nmshjtpxad nmshjtpxad
nimybvgttg nimybvgttg
uqhdcumthr uqhdcumthr
kufcwxmspu kufcwxmspu
gmvwahagsy gmvwahagsy
iqbyvqgkcp iqbyvqgkcp
sjcwiapdwb sjcwiapdwb
vteisghgld vteisghgld
ftrqchqaif ftrqchqaif
bxdnijtmyn bxdnijtmyn
dllzvxpcgk dllzvxpcgk
