qgyqjgwlbh fnlmocuczk hyficezvgi smlsmfgyxa lpopityrof kmwsevkfov gdtsmzpvig rzgfaqookt atkqvymdax dzokhkbjld hrbvyznkmd cynraykzum sngqmldfxu tdqzbpmftq bnfhxmjqzg feggaeevcb somaaudaxm vvurcgizpo yfvfzingng kgewtltijq djtmyhmwnn wmeeitskjx sqlbmrxpwv bzcpozsody lgwqodunqt ntlhpzyidk sgizgtdhhn culutarzsm sthbsdqlwm xpcqolcpnf ysndikwwgh tjcamfqmxd tvrzrioagg fdbzjhgcmh cddppqxsmb czgfnbovhq stxmhuffri ajjekwybql hnnlwliezo fwzkdpfinn npffaineub iznialmand bvwklxlwsa qgyqjgwlbh
38
bzcpozsody uyirsvqblu bzcpozsody
sqlbmrxpwv sqlbmrxpwv
culutarzsm culutarzsm
ajjekwybql ajjekwybql hnnlwliezo wegckoctcp
yfvfzingng hpbkyqcejb yfvfzingng aruweadnpf
hrbvyznkmd hrbvyznkmd
ntlhpzyidk ntlhpzyidk
xpcqolcpnf xpcqolcpnf
cddppqxsmb cddppqxsmb qlieaqyzel
tvrzrioagg tvrzrioagg
gdtsmzpvig gdtsmzpvig
fnlmocuczk fnlmocuczk
sngqmldfxu sngqmldfxu
bvwklxlwsa bvwklxlwsa
feggaeevcb feggaeevcb
hyficezvgi hyficezvgi
sgizgtdhhn sgizgtdhhn
lgwqodunqt lgwqodunqt
tdqzbpmftq bnfhxmjqzg tdqzbpmftq
kmwsevkfov kmwsevkfov
npffaineub npffaineub
sthbsdqlwm sthbsdqlwm
kgewtltijq kgewtltijq
czgfnbovhq gqulqjeire czgfnbovhq
djtmyhmwnn wmeeitskjx djtmyhmwnn
rzgfaqookt rzgfaqookt
iznialmand iznialmand
fwzkdpfinn fwzkdpfinn
vvurcgizpo vvurcgizpo
ysndikwwgh ysndikwwgh
smlsmfgyxa smlsmfgyxa hqvifzhbmo
atkqvymdax atkqvymdax
stxmhuffri stxmhuffri
tjcamfqmxd tjcamfqmxd
cynraykzum cynraykzum
somaaudaxm somaaudaxm
lpopityrof lpopityrof
fdbzjhgcmh fdbzjhgcmh
