Egsmith Waltditch Stapbeck Ashbourne Barnton Wywick Wychbeck Staplake Penborne Shaftbridge Watchavon Alfchester Wenside Burbourne Leathermere Sudtree Flitgrove Chelmbeck Cookford Farnsmith Wychsmith Chelmwang Hurstlow Edgey Shaftbage Ashdown Shaftbage Egavon Wychbourne Wychnell Egtree Chelmden Egtree Stainbrough Nortley Wetwick Sudwich Pemlow Watchcombe Wenbeck Brackbrough Stainby Wenwold Sudtree Wychbourne Barnton Egsmith
34
Staplake Staplake Wychbeck
Stapbeck Stapbeck
Wychnell Wychnell
Stainby Stainby
Wenside Wenside
Wenwold Wenwold
Wychbourne Wychbourne
Stainbrough Stainbrough
Wetwick Wetwick
Farnsmith Farnsmith
Cookford Cookford
Wychsmith Wychsmith
Barnton Ashbourne Barnton
Burbourne Burbourne
Shaftbridge Shaftbridge
Flitgrove Flitgrove
Leathermere Leathermere
Chelmwang Chelmwang
Alfchester Alfchester
Wywick Wywick
Sudtree Sudtree
Edgey Edgey
Nortley Nortley
Ashdown Ashdown
Wenbeck Wenbeck
Waltditch Waltditch
Chelmbeck Chelmbeck
Brackbrough Brackbrough
Penborne Penborne
Chelmden Chelmden
Pemlow Pemlow
Egtree Egtree
Shaftbage Shaftbage
Egavon Egavon
