Chelmbourne Shaftwich Chelmbourne Elgrove Wenborough Prestey Enbage Stainside Whitover Stainside Enbage Horncester Edgchester Wenwang Sudworth Melborne Pemwold Melborne Egcastle Nortcastle Whitavon Elside Alfby Leatherlow Alfby Leatherlake Alfby Stapwell Stafthorne Waltbrook Hurstworth Hornley Durditch Stainhall Southmere Shrivside Marlton Alfwell Aldhall Alfwell Casford Stainden Prestdon Barngrove Hartbage Bracklow Pemwood Sodside Brainbridge Prestey Sudwich Enlow Cookton Egborne Alfcastle Barnham Stapmoor Stapthorne Clerethorne Barnside Clerethorne Dartsted Kingsbrook Wenden Kingsley Flitham Shrivlow Barnden Rocktree Cookbridge Rocktree Whitborough Horndown Whitborough Rocktree Staflow Cleredon Wyhead Cleredon Staflow Bursted Staflow Elgrove Staintree Edgwich Chelmbourne
59
Sudwich Sudwich
Sudworth Sudworth
Elside Elside
Barnside Barnside
Brainbridge Brainbridge
Enbage Enbage
Hornley Hornley
Shaftwich Shaftwich
Stapthorne Stapthorne
Stapmoor Stapmoor
Pemwood Pemwood
Hurstworth Hurstworth
Wenwang Wenwang
Whitborough Whitborough
Sodside Sodside
Alfby Alfby
Edgwich Edgwich
Casford Casford
Southmere Southmere
Aldhall Aldhall
Stainside Stainside
Flitham Flitham
Horndown Horndown
Waltbrook Waltbrook
Leatherlake Leatherlake
Bursted Bursted
Edgchester Edgchester
Elgrove Elgrove
Kingsley Kingsley
Wenborough Wenborough
Cookbridge Cookbridge
Whitover Whitover
Prestey Prestey
Bracklow Bracklow
Dartsted Dartsted
Shrivside Shrivside
Wenden Wenden
Barnham Barnham
Hartbage Hartbage
Pemwold Pemwold
Shrivlow Shrivlow
Wyhead Wyhead
Horncester Horncester
Staflow Staflow
Leatherlow Leatherlow
Egcastle Egcastle
Cleredon Cleredon
Stapwell Stapwell
Stainhall Stainhall
Durditch Durditch
Cookton Cookton
Rocktree Rocktree
Staintree Staintree
Prestdon Prestdon
Alfwell Alfwell
Egborne Egborne
Whitavon Whitavon
Marlton Marlton
Enlow Enlow
