gv ay my zc if bg wd dw oa il hz oc rd ci yo ej jm nc cd ea wo lt bj ec zo az sx rx wz ev rp ve ue ph cm ub yj yl im wl mg pf at ps zt ll sc fz ft gu fr lu uj ho gz vf kx nx du vs rg xr zh jz wm hm fm ng av bx et mb ur xm wc ij cp cp ij wc ds ef ef ds xm su su ur mb et bx av ng fm hm wm jz zh xr rg vs du nx kx vf gz ho uj lu fr gu ft fz sc ll zt ps at pf mg wl im yl yj ub cm ph ue ve rp ev wz rx sx az zo ec bj lt wo ea cd nc jm ej yo ci rd oc hz il oa dw wd bg if zc my ay gv
40
my my
ay ay
dw dw
zc zc
oa oa
hz hz
il il
bg bg
ej ej
ea ea
wo wo
ec ec
zo zo
bj bj
sx sx
cm cm
rp rp
yj yj
ij ij
ve ve
yl yl
fz fz
sc sc
uj uj
gz gz
vf vf
kx kx
ho ho
vs vs
bx bx
xm xm
fm fm
et et
ur ur
mb mb
gu gu
yo yo
su su
ds ds
ef ef
