qtq lxt gak qjm lnv bwq qyi qls qlo cpw lfh spp cjp egz vub egz bai fgo xax ooi nxr ynq vlt ptq gup fib zqn cxu qoe nkx pkx orc nhk orc hpb rod jta htv eqm htv wpo mbx wpo tmd tro viv nhr slq nhr fne wiq fne hxp brk ooc art idl art nfy tnl nfy iuz bsz ili yiz rut pxs unk dkn qbj mnv lah xos lah llr uca qnn tvy hxo ukh hxo tvy plx ifc fsl sfp zgs eku thd jno thd ahy xdz ahy rju uwp pxi uxr wuc npu zgf cnv xmz wpq rwt ahv krg uoz kza qfc qbe tto txk thz pwa udq tmc cer rxi hhe zbn vaf ase itg jxq ayw vsu wuf rcs pjx pta oto wju qtq
100
pta pta
xdz xdz
hhe hhe
htv htv
itg itg
xax xax
nhk nhk
qtq qtq
hpb hpb
ptq ptq
ase ase
krg krg
gup gup
ifc ifc
pxs pxs
qbe qbe
jno jno
kza kza
pkx pkx
qnn qnn
nkx nkx
dkn dkn
wuc wuc
sfp sfp
cpw cpw
ooi ooi
zgf zgf
uxr uxr
eqm eqm
pwa pwa
vub vub
ynq ynq
tmc tmc
wju wju
jta jta
idl idl
bai bai
fgo fgo
zbn zbn
bsz bsz
hxo hxo
qjm qjm
tro tro
lah lah
rut rut
nfy nfy
egz egz
uca uca
npu npu
pjx pjx
vlt vlt
vaf vaf
mnv mnv
hxp hxp
wiq wiq
nhr nhr
qfc qfc
rxi rxi
lxt lxt
tmd tmd
uoz uoz
wuf wuf
slq slq
ili ili
fsl fsl
lnv lnv
uwp uwp
txk txk
yiz yiz
mbx mbx
iuz iuz
zgs zgs
cxu cxu
gak gak
udq udq
zqn zqn
rju rju
ooc ooc
plx plx
lfh lfh
thz thz
ukh ukh
viv viv
thd thd
qlo qlo
wpq wpq
rwt rwt
brk brk
ahv ahv
cjp cjp
orc orc
xos xos
qls qls
cnv cnv
qbj qbj
rod rod
vsu vsu
tnl tnl
ahy ahy
spp spp
