Soda Browning Kenilworth Bret Vermont Comstock Spring Poplar Spring Mabel Overlook Alvarado Vicente Summit Haviland Tulare Domingo Acacia Shasta Addison Byron Columbia Muir Bancroft Menlo Belrose Menlo Burnett Menlo Colusa Fulton Florida Amador High Blake Buena Lewiston Edith Lewiston Eunice Solano Allston Heinz Greenwood Marin Madera Marin Kentucky Haste Bataan Bowditch Haskell Ajax Forest Terrace Altavista Martin Yolo Pardee Keeler Bristol Hospital Anne Arch Poppy Soda
47
Addison Addison
Ajax Ajax
Allston Allston
Anne Anne
Arch Arch
Bancroft Bancroft Cutter
Bataan Bataan
Belrose Belrose
Bowditch Bowditch Fresno
Bret Bret
Bristol Bristol
Browning Browning
Burnett Burnett
Byron Byron
Columbia Columbia
Colusa Colusa Menlo
Comstock Comstock
Domingo Domingo
Edith Edith
Eunice Eunice
Florida Florida
Forest Forest
Fulton Fulton
Greenwood Greenwood
Haskell Haskell
Haste Haste
Haviland Haviland
Heinz Heinz
High High
Hospital Hospital
Keeler Keeler
Kenilworth Kenilworth
Lewiston Lewiston
Mabel Mabel
Madera Madera
Marin Marin
Martin Martin
Muir Muir
Overlook Overlook
Pardee Pardee
Poplar Poplar
Poppy Poppy
Shasta Shasta
Spring Spring
Summit Summit
Terrace Terrace
Vermont Vermont
