AZ AC AA AF AD AJ AB AK AM AO AL AG AE AI AQ AP AS AW AX AR AT AH AN AU AY AV BB BJ BD BF BA BC BG BI BE BR BH BP BM BK BL BO BQ BW BN BS CA CF BV BY BT CC BU BZ CB CH CD BX CE CG CI CJ CM CO CQ CP CL CN CR CK CT CS CU CV CZ CX DB CW DC CY DJ DD DH DE DI DN DK DA DO DF DG DM DP DU DQ DL DL DS DS DT DR DR DT DQ DU DV DV DP DM DG DF DO DA DK DN DI DE DH DD DJ CY DC CW DB CX CZ CV CU CS CT CK CR CN CL CP CQ CO CM CJ CI CG CE BX CD CH CB BZ BU CC BT BY BV CF CA BS BN BW BQ BO BL BK BM BP BH BR BE BI BG BC BA BF BD BJ BB AV AY AU AN AH AT AR AX AW AS AP AQ AI AE AG AL AO AM AK AB AJ AD AF AA AC AZ
50
BP BP
BE BE
CG CG
DO DO
BJ BJ
CL CL
AS AS
CK CK
CZ CZ
BI BI
AF AF
AL AL
DD DD
AH AH
BO BO
DC DC
DQ DQ
CY CY
DE DE
DB DB
BW BW
CJ CJ
CP CP
CV CV
CO CO
CR CR
AA AA
CT CT
AV AV
AJ AJ
DM DM
BQ BQ
BX BX
DV DV
DL DL
BD BD
CD CD
BS BS
CC CC
BK BK
AI AI
AX AX
AN AN
AO AO
BL BL
AR AR
AE AE
BU BU
CN CN
DT DT
