186 1 3 0 5 2 4 6 8 7 9 11 10 12 13 14 15 18 16 21 20 22 17 19 23 24 25 26 27 28 29 31 30 33 32 34 35 38 36 37 39 41 40 42 43 45 44 46 47 48 49 50 51 52 54 53 55 56 58 57 59 60 61 62 63 64 65 66 67 68 69 70 71 72 73 74 77 75 76 78 79 80 81 82 83 84 85 86 87 88 89 90 91 92 94 93 95 96 97 99 98 100 101 102 104 103 105 107 108 109 110 106 112 114 113 111 115 118 117 116 120 119 121 122 123 124 125 128 126 127 129 130 131 132 133 135 136 134 137 138 139 140 141 143 144 145 147 142 148 146 150 149 151 153 152 155 154 156 157 159 160 158 162 161 163 165 164 166 167 168 169 171 172 170 173 174 176 175 177 178 179 180 181 182 183 184 185 187 188 189 190 192 191 193 194 195 196 197 198 199 199 198 197 196 195 194 193 191 192 190 189 188 187 185 184 183 182 181 180 179 178 177 175 176 174 173 170 172 171 169 168 167 166 164 165 163 161 162 158 160 159 157 156 154 155 152 153 151 149 150 146 148 142 147 145 144 143 141 140 139 138 137 134 136 135 133 132 131 130 129 127 126 128 125 124 123 122 121 119 120 116 117 118 115 111 113 114 112 106 110 109 108 107 105 103 104 102 101 100 98 99 97 96 95 93 94 92 91 90 89 88 87 86 85 84 83 82 81 80 79 78 76 75 77 74 73 72 71 70 69 68 67 66 65 64 63 62 61 60 59 57 58 56 55 53 54 52 51 50 49 48 47 46 44 45 43 42 40 41 39 37 36 38 35 34 32 33 30 31 29 28 27 26 25 24 23 19 17 22 20 21 16 18 15 14 13 12 10 11 9 7 8 6 4 2 5 0 3 1 186
51
14 14
104 104
138 138
30 30
198 198
190 190
140 140
61 61
107 107
188 188
168 168
134 134
174 174
74 74
33 33
144 144
35 35
45 45
195 195
128 128
108 108
156 156
143 143
67 67
157 157
178 178
97 97
70 70
89 89
194 194
121 121
86 86
49 49
162 162
150 150
11 11
17 17
19 19
29 29
90 90
5 5
183 183
79 79
2 2
196 196
22 22
177 177
71 71
32 32
172 172
136 136
