30 0 1 3 5 2 4 6 7 8 9 10 11 13 12 14 15 16 17 18 19 20 21 22 23 24 25 26 27 29 31 28 33 32 35 34 37 36 38 39 41 40 43 42 44 45 46 47 48 49 50 52 51 53 54 55 56 57 58 60 59 62 61 64 65 63 66 67 68 69 70 71 72 73 75 74 76 77 78 79 80 81 82 83 84 85 86 89 88 87 90 91 93 92 94 95 96 97 98 98 99 99 97 96 95 94 92 93 91 90 87 88 89 86 85 84 83 82 81 80 79 78 77 76 74 75 73 72 71 70 69 68 67 66 63 65 64 61 62 59 60 58 57 56 55 54 53 51 52 50 49 48 47 46 45 44 42 43 40 41 39 38 36 37 34 35 32 33 28 31 29 27 26 25 24 23 22 21 20 19 18 17 16 15 14 12 13 11 10 9 8 7 6 4 2 5 3 1 0 30
34
21 21
41 41
57 57
55 55
99 99
91 91
95 95
30 30
52 52
87 87
66 66
64 64
63 63
50 50
22 22
28 28
84 84
26 26
98 98
86 86
65 65
75 75
3 3
62 62
77 77
23 23
54 54
8 8
74 74
68 68
6 6
78 78
35 35
67 67
