Wolney Braindlemoor Horndleside Reddingringey Sodden Nortditch Sodditch Brombrough Hamwich Botbaswich Botbaswich Rotsted Hammensmith Hammensmith Wendlethorne Chipcester Ketthorne Southcompmere Bromwich Stapseyden Alfford Alfford Sistanwick Prestlake Prestlake Boothingtree Reddingbourne Edgfield Hannensworth Watchsmith Endlesthorne Chippingbeck Chippingbeck Boothingwick Alddlesbasbridge Alddlesbasbridge Rockdenport Hampenlake Hanbasside Bootherbersted Wendlerewick Dribbinglow Egavon Egavon Ribbendhead Rockenborough Rockenborough Toddlenell Egmanston Blanavon Ennell Wolden Horslake Siling Siling Brackavon Alfcastle Alfcastle Wycombe Meley Sundlecombe Chedcastle Basserchester Cannell Hampenchester Hampenchester Camsreborough Reddennell Reddennell Braindlemere Endingey Ellensbrough Eggermoor Cheddenwang Sudhead Chedderling Chedderling Wencester Pemsdown Pemsdown Windlesseywang Cirercompsted Pendlesbascastle Endcastle Marlborne Pendlesford Hannensbourne Hannensbourne Whitborough Wolverbury Wolverbury Camhampton Emthorne Elmerdown Skelling Chilworth Wolbourne Handlemansey Handlemansey Braddlesreport Suddendmansavon Suddendmansavon Farnsmerbeck Marlringlake Hammingreport Camsmere Burglesbrook Soddlesbasbourne Cambensnell Cambensnell Braddleswick Eghampton Eghampton Sismith Hammermere Clereshot Worringcompgrove Alddlesenbage Horndlehampton Kingscastle Kingscastle Falrensavon Chelmsbertree Chelmsbertree Suddingney Hannerley Toddleborne Kettenwell Sundlesborne Staindlemansavon Burringbrough Burringbrough Chilmermere Pendnell Pendnell Penswick Tiphampton Ketworth Ciringover Aldlow Cammertree Stafey Stafey Candleseyney Reddlebershot Reddlebershot Elsmith Suddendwell Sudderbage Camsted Sirengrove Worglesmernell Toddlesmansmoor Toddlesmansmoor Sodham Shrivgrove Shrivgrove Durrenslow Bootbeck Flitcompwold Sunsseybrook Camtree Reddlesley Canningwold Canningwold Chippingchester Hansside Hansside Ribblesremoor Worrersted Skellerbury Rothensden Wychringden Ensdown Worrerdown Worrerdown Chedwick Prestwood Prestwood Dribberbrough Emsbrook Melborne Camling Sudderwick Shaftport Redside Redside Falbaswood Chelmenthorne Chelmenthorne Siringbrook Leatherberlake Skellingbaswold Skellingmansgrove Elringlow Egwich Tippenside Chilhall Wolvingborne Cambenscombe Cambenscombe Wolvingborne Chilhall Tippenside Egwich Elringlow Skellingmansgrove Skellingbaswold Leatherberlake Siringbrook Falbaswood Shaftport Prestbridge Prestbridge Botbeck Botbeck Sudderwick Camling Melborne Emsbrook Dribberbrough Chedwick Ensdown Rothenmere Rothenmere Endover Endover Wychringden Rothensden Skellerbury Worrersted Ribblesremoor Chippingchester Reddlesley Elmhall Elmhall Tipencester Tipencester Camtree Sunsseybrook Flitcompwold Bootbeck Durrenslow Sodham Worglesmernell Emseyworth Emseyworth Suddlescester Suddlescester Sirengrove Camsted Sudderbage Suddendwell Elsmith Candleseyney Cammertree Endleston Endleston Tippendside Tippendside Aldlow Ciringover Ketworth Tiphampton Penswick Chilmermere Staindlemansavon Tipmansover Tipmansover Hammingdenden Hammingdenden Sundlesborne Kettenwell Toddleborne Hannerley Suddingney Falrensavon Horndlehampton Sundingbourne Sundingbourne Sundtree Sundtree Alddlesenbage Worringcompgrove Clereshot Hammermere Sismith Braddleswick Soddlesbasbourne Shaftshot Shaftshot Cirerdown Cirerdown Burglesbrook Camsmere Hammingreport Marlringlake Farnsmerbeck Braddlesreport Wolbourne Eggermanscombe Eggermanscombe Emmingwell Emmingwell Chilworth Skelling Elmerdown Emthorne Camhampton Whitborough Pendlesford Waltling Waltling Whitwood Whitwood Marlborne Endcastle Pendlesbascastle Cirercompsted Windlesseywang Wencester Sudhead Rothenrested Rothenrested Marlwich Marlwich Cheddenwang Eggermoor Ellensbrough Endingey Braindlemere Camsreborough Cannell Hurstbeck Hurstbeck Chipbasfield Chipbasfield Basserchester Chedcastle Sundlecombe Meley Wycombe Brackavon Horslake Elbage Elbage Melwich Melwich Wolden Ennell Blanavon Egmanston Toddlenell Ribbendhead Dribbinglow Tippingrewick Tippingrewick Elmsbasbridge Elmsbasbridge Wendlerewick Bootherbersted Hanbasside Hampenlake Rockdenport Boothingwick Endlesthorne Ciworth Ciworth Skellingstoke Skellingstoke Watchsmith Hannensworth Edgfield Reddingbourne Boothingtree Sistanwick Stapseyden Sodgrove Sodgrove Nortmansford Nortmansford Bromwich Southcompmere Ketthorne Chipcester Wendlethorne Rotsted Hamwich Cansford Cansford Dartworth Dartworth Brombrough Sodditch Nortditch Sodden Reddingringey Horndleside Braindlemoor Wolney
55
Braindlemoor Braindlemoor
Sodden Sodden
Brombrough Brombrough
Hamwich Hamwich
Chipcester Chipcester
Bromwich Bromwich
Stapseyden Stapseyden
Reddingbourne Reddingbourne
Watchsmith Watchsmith
Endlesthorne Endlesthorne
Hampenlake Hampenlake
Wendlerewick Wendlerewick
Dribbinglow Dribbinglow
Egmanston Egmanston
Wolden Wolden
Horslake Horslake
Meley Meley
Basserchester Basserchester
Cannell Cannell
Endingey Endingey
Cheddenwang Cheddenwang
Sudhead Sudhead
Cirercompsted Cirercompsted
Marlborne Marlborne
Pendlesford Pendlesford
Emthorne Emthorne
Chilworth Chilworth
Wolbourne Wolbourne
Marlringlake Marlringlake
Burglesbrook Burglesbrook
Soddlesbasbourne Soddlesbasbourne
Hammermere Hammermere
Alddlesenbage Alddlesenbage
Horndlehampton Horndlehampton
Hannerley Hannerley
Sundlesborne Sundlesborne
Staindlemansavon Staindlemansavon
Tiphampton Tiphampton
Aldlow Aldlow
Cammertree Cammertree
Suddendwell Suddendwell
Sirengrove Sirengrove
Worglesmernell Worglesmernell
Bootbeck Bootbeck
Camtree Camtree
Reddlesley Reddlesley
Worrersted Worrersted
Wychringden Wychringden
Ensdown Ensdown
Emsbrook Emsbrook
Sudderwick Sudderwick
Shaftport Shaftport
Leatherberlake Leatherberlake
Elringlow Elringlow
Chilhall Chilhall
