Cleresmith Warringwood Whitby Bothensborough Chippingwood Sodmersmith Chedlake Ketterwold Milditch Soddingwich Soddingwich Wydon Winhead Winhead Edgney Basfield Whitseyborough Todderworth Warrerbage Durblechester Sundfield Sundfield Dribbasborne Melwold Melwold Hanworth Ellingey Sunderbrough Chillerlow Eggerrensling Hannerworth Camdown Camdown Waltcombe Buravon Buravon Dribbinggrove Pendrenslake Cheddlesport Pendton Elfield Warblesdown Hammenberworth Hammenberworth Wolvingrethorne Handlechester Handlechester Cammingbury Soddenreey Blanden Egwood Skelcastle Cannerrebeck Kettingworth Kettingworth Ciside Eggendhampton Eggendhampton Hartrenslow Cammenenwich Enderavon Pemhampton Reddenwell Suddlebrough Kettinglow Kettinglow Pendingstoke Shrivditch Shrivditch Stainsdenwold Reddentree Ashworth Cannenringwell Elmsbrook Chilcompcester Cookborne Cookborne Hanscombe Blandlesney Blandlesney Watchmanshead Shrivden Chippenden Camsdenden Rockhead Bootworth Toddleshall Toddleshall Dribbingenborne Elmsnell Elmsnell Dribside Ribney Wendlemerford Hamditch Wetley Bursted Toddendport Nortlake Eggenditch Eggenditch Nortlake Toddendport Bursted Wetley Hamditch Wendlemerford Ribney Dribside Dribbingenborne Bootworth Leathergrove Leathergrove Botlow Botlow Rockhead Camsdenden Chippenden Shrivden Watchmanshead Hanscombe Chilcompcester Worbleney Worbleney Burrensham Burrensham Elmsbrook Cannenringwell Ashworth Reddentree Stainsdenwold Pendingstoke Suddlebrough Sirenbourne Sirenbourne Hampensshot Hampensshot Reddenwell Pemhampton Enderavon Cammenenwich Hartrenslow Ciside Cannerrebeck Chipside Chipside Wolborne Wolborne Skelcastle Egwood Blanden Soddenreey Cammingbury Wolvingrethorne Warblesdown Whitbourne Whitbourne Skelwang Skelwang Elfield Pendton Cheddlesport Pendrenslake Dribbinggrove Waltcombe Hannerworth Cashead Cashead Leatherglefield Leatherglefield Eggerrensling Chillerlow Sunderbrough Ellingey Hanworth Dribbasborne Durblechester Elcompshot Elcompshot Southling Southling Warrerbage Todderworth Whitseyborough Basfield Edgney Wydon Milditch Cirerlow Cirerlow Chippenringfield Chippenringfield Ketterwold Chedlake Sodmersmith Chippingwood Bothensborough Whitby Warringwood Cleresmith
27
Warringwood Warringwood
Chippingwood Chippingwood
Ketterwold Ketterwold
Milditch Milditch
Basfield Basfield
Warrerbage Warrerbage
Durblechester Durblechester
Ellingey Ellingey
Eggerrensling Eggerrensling
Hannerworth Hannerworth
Pendrenslake Pendrenslake
Elfield Elfield
Warblesdown Warblesdown
Soddenreey Soddenreey
Skelcastle Skelcastle
Cannerrebeck Cannerrebeck
Cammenenwich Cammenenwich
Reddenwell Reddenwell
Suddlebrough Suddlebrough
Reddentree Reddentree
Elmsbrook Elmsbrook
Chilcompcester Chilcompcester
Shrivden Shrivden
Rockhead Rockhead
Bootworth Bootworth
Ribney Ribney
Wetley Wetley
