Hamsbourne Sundlechester Skelgrove Pemstree Botherstanport Leatherblesley Enderton Camhampton Hartberbury Hartberbury Shaftthorne Sudbage Sudbage Burrerlake Shrivbridge Elbage Horscompborne Chipfield Hamperrehampton Prestbourne Sunderborough Ciley Ciley Rotmerby Chilringfield Suddlebaschester Redderwold Boothenrensborough Candlesdon Suddingbeck Suddingbeck Chillendringbourne Ribbleshot Ellerbeck Camswich Todbeck Camsborne Rocklow Dribstoke Endbeck Melshot Melshot Endbeck Dribstoke Hartlow Chipsted Stafdenbourne Wendleslake Cimansbrough Cimansbrough Wendleslake Stafdenbourne Chipsted Hartlow Rocklow Camsborne Todbeck Camswich Ellerbeck Egdown Egdown Ribbleshot Chillendringbourne Candlesdon Boothenrensborough Redderwold Suddlebaschester Egginglow Sodderrenshead Emmingrensbridge Emmingrensbridge Sodderrenshead Egginglow Chilringfield Rotmerby Sunderborough Prestbourne Hamperrehampton Warrewick Warrewick Cammercastle Cammercastle Chipfield Horscompborne Elbage Shrivbridge Burrerlake Shaftthorne Camhampton Enderton Leatherblesley Wolvencester Wolvencester Botherstanport Melcompton Melcompton Pemstree Skelgrove Sundlechester Hamsbourne
25
Hamperrehampton Hamperrehampton
Wolvencester Wolvencester
Sundlechester Sundlechester
Chipsted Chipsted
Ciley Ciley
Candlesdon Candlesdon
Leatherblesley Leatherblesley
Chilringfield Chilringfield
Chipfield Chipfield
Camswich Camswich
Camhampton Camhampton
Rotmerby Rotmerby
Sunderborough Sunderborough
Rocklow Rocklow
Melshot Melshot
Warrewick Warrewick
Enderton Enderton
Shaftthorne Shaftthorne
Cammercastle Cammercastle
Sodderrenshead Sodderrenshead
Prestbourne Prestbourne
Boothenrensborough Boothenrensborough
Sudbage Sudbage
Cimansbrough Cimansbrough
Hartberbury Hartberbury
