Warfield Cannerthorne Hamsey Abberhampton Suddleover Chedtree Burglebrough Barndberbrough Pendingbrook Suddlecastle Elavon Soddlewick Whitchester Ketport Ashfield Tipport Wyey Flitside Chilbury Brackcompwang Chelmstanwell Ellingreham Ciditch Enswang Rotcombe Skelbeck Wargleentree Sundlerensford Worberbrook Bothingney Horstlescompstoke Pendlewood Falport Suddleborne Elmswang Chippingsted Botherseyworth Cambingstoke Todtree Egwood Faldingney Rocktree Blandlebage Wetberditch Wetberditch Cammerrensmoor Elcompbridge Elbury Fulbourne Stainbrough Horndlecompside Nortchester Leatherbleside Ketsmith Fullerbourne Cicombe Chedderrenswich Elmansham Cammerwich Sunswood Nortencester Siringwang Windling Ellenby Dartseyworth Bastleseyham Emmingborne Emmerdown Fulbage Shrivbury Northall Chedberdon Hammerringey Skelling Shaftfield Chiphead Chiphead Dribbingworth Worhall Ashborne Tipwick Tipwick Hannenmanswick Braddlebrook Braddlebrook Hamsling Faldinghead Camwood Dribcastle Candlegrove Candlegrove Dribcastle Sudsmith Burcombe Wyborne Wyborne Burcombe Sudsmith Camwood Faldinghead Hamsling Hammenshead Hammenshead Hannenmanswick Ashborne Dribblewick Skellingden Basringney Suddlecombe Suddlecombe Basringney Skellingden Dribblewick Worhall Dribbingworth Shaftfield Skelling Hammerringey Southbasport Bothendwood Bothendwood Southbasport Chedberdon Northall Alfseycastle Alfseycastle Shrivbury Millendon Millendon Fulbage Emmerdown Chedchester Chedchester Emmingborne Bastleseyham Dartseyworth Ellenby Windling Siringwang Nortencester Sunswood Cammerwich Elmansham Chedderrenswich Cicombe Fullerbourne Ketsmith Leatherbleside Nortchester Horndlecompside Stainbrough Fulbourne Elbury Elcompbridge Sirensgrove Sirensgrove Cammerrensmoor Blandlebage Rocktree Faldingney Egwood Todtree Cambingstoke Botherseyworth Chippingsted Elmswang Suddleborne Falport Pendlewood Horstlescompstoke Bothingney Worberbrook Sundlerensford Wargleentree Skelbeck Rotcombe Enswang Ciditch Ellingreham Chelmstanwell Brackcompwang Chilbury Flitside Wyey Tipport Ashfield Ketport Whitchester Soddlewick Elavon Suddlecastle Pendingbrook Barndberbrough Burglebrough Chedtree Suddleover Abberhampton Hamsey Cannerthorne Warfield
50
Worberbrook Worberbrook
Botherseyworth Botherseyworth
Wyborne Wyborne
Pendlewood Pendlewood
Cambingstoke Cambingstoke
Basringney Basringney
Ashfield Ashfield
Ketport Ketport
Dribbingworth Dribbingworth
Hammerringey Hammerringey
Skelling Skelling
Ashborne Ashborne
Stainbrough Stainbrough
Chedtree Chedtree
Tipwick Tipwick
Suddlecombe Suddlecombe
Todtree Todtree
Cammerrensmoor Cammerrensmoor
Chelmstanwell Chelmstanwell
Warfield Warfield
Pendingbrook Pendingbrook
Burglebrough Burglebrough
Siringwang Siringwang
Leatherbleside Leatherbleside
Chedderrenswich Chedderrenswich
Brackcompwang Brackcompwang
Worhall Worhall
Soddlewick Soddlewick
Skellingden Skellingden
Barndberbrough Barndberbrough
Southbasport Southbasport
Windling Windling
Bastleseyham Bastleseyham
Millendon Millendon
Chilbury Chilbury
Horstlescompstoke Horstlescompstoke
Whitchester Whitchester
Suddleover Suddleover
Sudsmith Sudsmith
Chippingsted Chippingsted
Elmansham Elmansham
Hamsling Hamsling
Cicombe Cicombe
Northall Northall
Suddlecastle Suddlecastle
Suddleborne Suddleborne
Falport Falport
Ellingreham Ellingreham
Hannenmanswick Hannenmanswick
Chiphead Chiphead
