Whitgrove Braddlesnell Eley Reddingtree Hampingworth Botmermoor Rothendcombe Bastlebury Emmerley Sirenshall Worberney Alfmere Leatherport Worrenberwang Worbrook Wetsmith Nortwell Staplow Waltham Windleshead Redwich Horsmere Chilmerdon Pemton Botenbrook Marlbeck Wenton Ketchester Boothingmanstree Ribbenhall Sodport Elside Ciringnell Ribglesstanworth Aldtree Egton Boothendhall Rothead Fullencester Worhall Ribenwell Abcester Sifield Sundcompney Prestwick Maidendstoke Horsnell Candleswick Stapbrough Penby Burblemansbage Hampingcastle Bromstanham Toddenmerbrough Warblestancester Falderbrough Toddingchester Chedworth Bursted Botbage Botshot Falworth Skellenshot Barndlesborough Endleberey Pemnell Blansbrook Wycastle Falderseythorne Ashenhead Edgwich Sodderover Hornsmercombe Casbrook Tippenbrook Stafcombe Waltbasmere Tipstoke Shafthead Sundlethorne Enborough Rotcester Dribblecombe Wychditch Tippendham Watchlake Dartden Basditch Rothingcombe Dribwold Reddendeney Bootwick Egwick Hamwold Elfield Farnditch Abglewold Southbury Bassinghead Cirerham Chipbridge Siavon Bothenhall Dribberham Endlenell Reddensden Cihead Shaftborough Ribberrenston Hamscombe Botbeck Whitringlake Endleshall Toddlesdon Maidendlegrove Sundendford Boothingchester Leatherbourne Egmerhampton Shaftwick Clereennell Durbrook Wychchester Egford Bromrenslake Alddleringworth Southmere Egsted Stapbrook Wetwick Ketnell Chelmdenmoor Skellingover Suddingover Ellerbridge Staindledown Fullensborne Egbeck Cireport Burglemere Suddenmoor Staincombe Fulhampton Rockbage Hamborne Burlake Stapby Waltcompbrook Tippingtree Enderbeck Hampingbascombe Stafavon Botwick Wendleringdown Cannerthorne Waltbeck Worford Rotherlow Abgleham Wethampton Faldenhall Cookfield Hannersmith Hamsborough Siey Ciborough Milthorne Basbage Horstleover Warsmith Skelberden Rothingenbage Wolley Shaftmoor Bursmith Hurstdown Tipbeck Toddenmoor Endingrensby Sodberling Barndlesthorne Barndlesthorne Bothenton Bromssmith Chillingbridge Dartdown Chilsmith Chilsmith Tippingbage Redcombe Egmerditch Egmerditch Redcombe Tippingbage Marlcester Penddenchester Elwold Endingnell Endingnell Elwold Penddenchester Marlcester Dartdown Chillingbridge Bromssmith Bothenton Sodberling Endingrensby Marlbrook Marlbrook Toddenmoor Tipbeck Hurstdown Bursmith Shaftmoor Wolley Rothingenbage Skelberden Warsmith Horstleover Basbage Milthorne Ciborough Siey Hamsborough Hannersmith Cookfield Faldenhall Wethampton Abgleham Rotherlow Stainbrough Stainbrough Worford Waltbeck Melwood Melwood Cannerthorne Wendleringdown Botwick Farndlesover Farndlesover Stafavon Wychcompwold Wychcompwold Hampingbascombe Enderbeck Tippingtree Waltcompbrook Stapby Burlake Hamborne Rockbage Fulhampton Staincombe Suddenmoor Burglemere Cireport Egbeck Fullensborne Staindledown Ellerbridge Suddingover Skellingover Chelmdenmoor Ketnell Wetwick Stapbrook Egsted Southmere Alddleringworth Bromrenslake Egford Wychchester Durbrook Todhampton Todhampton Clereennell Shaftwick Egmerhampton Leatherbourne Boothingchester Sundendford Maidendlegrove Toddlesdon Endleshall Whitringlake Botbeck Hamscombe Ribberrenston Shaftborough Cihead Reddensden Endlenell Dribberham Bothenhall Siavon Chipbridge Cirerham Bassinghead Southbury Abglewold Farnditch Elfield Skellingseybrough Skellingseybrough Hamwold Egwick Bootwick Reddendeney Dribwold Rothingcombe Basditch Dartden Watchlake Tippendham Wychditch Dribblecombe Rotcester Enborough Sundlethorne Shafthead Tipstoke Waltbasmere Stafcombe Tippenbrook Casbrook Hornsmercombe Sodderover Edgwich Ashenhead Falderseythorne Wycastle Blansbrook Pemnell Endleberey Barndlesborough Skellenshot Falworth Botshot Botbage Bursted Chedworth Toddingchester Falderbrough Warblestancester Toddenmerbrough Bromstanham Hampingcastle Burblemansbage Penby Stapbrough Candleswick Horsnell Maidendstoke Prestwick Sundcompney Sifield Abcester Ribenwell Worhall Fullencester Rothead Boothendhall Egton Aldtree Ribglesstanworth Ciringnell Elside Sodport Ribbenhall Boothingmanstree Ketchester Wenton Marlbeck Botenbrook Pemton Chilmerdon Horsmere Redwich Windleshead Waltham Staplow Nortwell Wetsmith Worbrook Worrenberwang Leatherport Alfmere Worberney Sirenshall Emmerley Bastlebury Rothendcombe Botmermoor Hampingworth Reddingtree Eley Braddlesnell Whitgrove
100
Sifield Sifield
Melwood Melwood
Wethampton Wethampton
Tipstoke Tipstoke
Worrenberwang Worrenberwang
Cannerthorne Cannerthorne
Reddendeney Reddendeney
Ketchester Ketchester
Enderbeck Enderbeck
Abglewold Abglewold
Bastlebury Bastlebury
Ketnell Ketnell
Skelberden Skelberden
Bothenton Bothenton
Faldenhall Faldenhall
Eley Eley
Siavon Siavon
Todhampton Todhampton
Hampingcastle Hampingcastle
Casbrook Casbrook
Shaftborough Shaftborough
Redcombe Redcombe
Southbury Southbury
Suddingover Suddingover
Farnditch Farnditch
Dribblecombe Dribblecombe
Egmerhampton Egmerhampton
Watchlake Watchlake
Clereennell Clereennell
Penby Penby
Cihead Cihead
Rothingcombe Rothingcombe
Staincombe Staincombe
Horsnell Horsnell
Staplow Staplow
Wetsmith Wetsmith
Falworth Falworth
Stapbrough Stapbrough
Tippingbage Tippingbage
Nortwell Nortwell
Ribberrenston Ribberrenston
Dartden Dartden
Rotherlow Rotherlow
Basditch Basditch
Prestwick Prestwick
Ellerbridge Ellerbridge
Wycastle Wycastle
Milthorne Milthorne
Hamwold Hamwold
Elside Elside
Endingnell Endingnell
Worford Worford
Bootwick Bootwick
Waltbeck Waltbeck
Suddenmoor Suddenmoor
Southmere Southmere
Skellenshot Skellenshot
Bromstanham Bromstanham
Worhall Worhall
Chedworth Chedworth
Hampingworth Hampingworth
Sirenshall Sirenshall
Wetwick Wetwick
Bothenhall Bothenhall
Candleswick Candleswick
Siey Siey
Whitringlake Whitringlake
Wychcompwold Wychcompwold
Rothendcombe Rothendcombe
Botbeck Botbeck
Tippenbrook Tippenbrook
Toddenmoor Toddenmoor
Leatherport Leatherport
Dribberham Dribberham
Emmerley Emmerley
Skellingover Skellingover
Wychchester Wychchester
Sodberling Sodberling
Sodport Sodport
Tippendham Tippendham
Whitgrove Whitgrove
Farndlesover Farndlesover
Alfmere Alfmere
Horstleover Horstleover
Durbrook Durbrook
Abcester Abcester
Sundlethorne Sundlethorne
Marlbrook Marlbrook
Bursmith Bursmith
Abgleham Abgleham
Wendleringdown Wendleringdown
Blansbrook Blansbrook
Marlcester Marlcester
Wolley Wolley
Sundendford Sundendford
Boothingmanstree Boothingmanstree
Falderseythorne Falderseythorne
Hampingbascombe Hampingbascombe
Egsted Egsted
Endleberey Endleberey
