0 1 2 3 4 5 6 7 8 9 10 11 12 13 13 27 28 29 14 14 44 59 58 43 43 73 57 41 25 40 54 39 24 23 22 38 53 68 52 36 20 35 35 20 50 65 64 62 62 64 66 51 51 66 65 50 36 52 68 53 38 22 23 24 39 54 40 25 55 70 69 67 67 69 71 56 56 71 70 55 41 57 73 58 74 72 72 74 59 44 29 28 27 12 11 26 42 42 26 10 9 8 7 6 21 37 37 21 5 19 18 17 16 32 32 16 33 48 49 34 34 49 63 47 31 15 30 30 15 45 60 61 46 46 61 60 45 31 47 63 48 33 17 18 19 4 3 2 1 0
30
0 0
3 3
5 5
8 8
10 10
13 13
15 15
18 18
20 20
23 23
25 25
28 28
30 30
31 31
35 35
36 36
40 40
41 41
45 45
46 46
47 47
50 50
51 51
52 52
55 55
56 56
57 57
63 63
68 68
73 73
