0 1 2 3 4 5 6 7 8 9 10 11 12 13 13 27 28 29 14 14 44 59 58 43 43 73 57 41 25 40 54 39 24 23 22 38 53 68 52 36 20 35 35 20 50 65 64 62 48 33 17 16 32 32 16 18 19 34 49 49 34 19 18 17 33 63 47 31 15 30 45 60 61 46 46 61 75 76 77 78 79 80 81 82 66 51 51 67 69 70 71 56 56 72 74 74 72 71 85 84 83 83 99 98 97 113 113 97 98 114 114 99 84 86 87 88 88 102 103 104 89 89 119 119 104 118 118 103 102 87 86 100 115 115 116 116 100 101 117 117 101 85 70 69 67 66 82 81 95 110 110 111 111 95 96 112 112 96 80 94 93 92 91 107 122 106 90 105 105 90 120 120 121 121 106 122 107 91 108 123 124 109 109 124 123 108 92 93 94 79 78 77 76 75 60 45 30 15 31 47 63 48 62 64 65 50 36 52 68 53 38 22 23 24 39 54 40 25 55 55 41 57 73 58 59 44 29 28 27 12 11 26 42 42 26 10 9 8 7 6 21 37 37 21 5 4 3 2 1 0
60
0 0
3 3
5 5
7 7
8 8
10 10
13 13
15 15
18 18
20 20
23 23
25 25
28 28
30 30
31 31
34 34
35 35
36 36
40 40
41 41
45 45
46 46
47 47
50 50
51 51
52 52
55 55
56 56
57 57
63 63
68 68
70 70
71 71
73 73
75 75
76 76
78 78
80 80
83 83
85 85
88 88
90 90
93 93
95 95
98 98
100 100
103 103
105 105
106 106
108 108
109 109
110 110
111 111
115 115
116 116
119 119
120 120
121 121
122 122
124 124
