0 5 4 1 6 15 7 2 13 12 9 3 20 17 11 16 29 10 14 24 21 8 27 32 26 28 30 22 23 31 34 18 33 25 35 36 39 58 60 19 38 40 45 37 43 42 44 47 54 50 41 52 46 73 48 67 49 64 57 59 61 56 66 69 62 51 55 75 78 63 82 83 70 53 76 65 74 79 80 84 77 72 71 90 90 99 68 86 89 81 85 95 87 92 91 88 94 94 88 97 97 91 93 93 98 98 92 87 95 85 96 96 81 89 86 68 99 71 72 77 84 80 79 74 65 76 53 70 83 82 63 78 75 55 51 62 69 66 56 61 59 57 64 49 67 48 73 46 52 41 50 54 47 44 42 43 37 45 40 38 19 60 58 39 36 35 25 33 18 34 31 23 22 30 28 26 32 27 8 21 24 14 10 29 16 11 17 20 3 9 12 13 2 7 15 6 1 4 5 0
50
63 63
80 80
39 39
74 74
41 41
59 59
33 33
7 7
3 3
36 36
62 62
79 79
54 54
13 13
10 10
56 56
35 35
30 30
24 24
4 4
32 32
60 60
89 89
98 98
90 90
81 81
71 71
22 22
72 72
84 84
12 12
20 20
93 93
47 47
34 34
86 86
87 87
51 51
50 50
1 1
11 11
16 16
95 95
75 75
83 83
42 42
99 99
2 2
64 64
48 48
