0 5 9 4 1 3 13 7 6 2 11 18 12 10 23 16 19 20 15 25 26 8 28 14 22 30 21 29 40 35 47 24 17 38 48 27 34 37 32 57 31 33 46 41 53 42 49 52 83 55 39 36 43 67 44 50 54 56 58 61 60 59 63 45 65 70 66 68 75 69 84 73 74 64 71 62 72 77 78 81 51 79 95 96 82 76 80 86 94 89 101 90 88 105 99 85 87 91 100 113 93 103 98 97 104 106 110 114 92 108 102 107 112 123 109 118 115 125 122 111 119 117 129 121 127 124 116 120 126 138 132 134 128 139 152 130 149 136 142 140 133 137 131 143 155 150 141 147 144 159 135 158 146 148 157 163 153 173 162 160 145 161 156 151 167 165 168 169 178 177 172 154 174 164 179 180 186 184 170 181 171 190 175 185 191 166 166 183 187 188 194 189 189 192 197 198 198 197 192 194 188 196 182 193 193 182 195 195 196 187 183 191 199 176 176 199 185 175 190 171 181 170 184 186 180 179 164 174 154 172 177 178 169 168 165 167 151 156 161 145 160 162 173 153 163 157 148 146 158 135 159 144 147 141 150 155 143 131 137 133 140 142 136 149 130 152 139 128 134 132 138 126 120 116 124 127 121 129 117 119 111 122 125 115 118 109 123 112 107 102 108 92 114 110 106 104 97 98 103 93 113 100 91 87 85 99 105 88 90 101 89 94 86 80 76 82 96 95 79 51 81 78 77 72 62 71 64 74 73 84 69 75 68 66 70 65 45 63 59 60 61 58 56 54 50 44 67 43 36 39 55 83 52 49 42 53 41 46 33 31 57 32 37 34 27 48 38 17 24 47 35 40 29 21 30 22 14 28 8 26 25 15 20 19 16 23 10 12 18 11 2 6 7 13 3 1 4 9 5 0
100
173 173
179 179
83 83
75 75
160 160
6 6
103 103
156 156
25 25
14 14
17 17
116 116
178 178
64 64
185 185
109 109
48 48
32 32
196 196
121 121
89 89
126 126
24 24
91 91
26 26
166 166
28 28
184 184
111 111
186 186
133 133
151 151
182 182
180 180
120 120
194 194
9 9
65 65
159 159
138 138
4 4
42 42
108 108
12 12
193 193
106 106
175 175
22 22
67 67
44 44
98 98
81 81
125 125
77 77
49 49
157 157
100 100
18 18
87 87
51 51
36 36
130 130
70 70
39 39
197 197
20 20
117 117
139 139
102 102
137 137
176 176
10 10
38 38
78 78
104 104
85 85
58 58
96 96
134 134
128 128
19 19
31 31
155 155
168 168
149 149
170 170
63 63
27 27
50 50
69 69
119 119
145 145
79 79
74 74
47 47
95 95
146 146
163 163
199 199
99 99
