SantaClarita Reno Spokane Berkeley Akron Chandler Hollywood Paterson SanDiego Ontario Boston Hartford Sunnyvale Visalia Portland Henderson FortWayne Torrance Surprise WestValleyCity AnnArbor McAllen Tempe Lancaster LouisvilleJefferson SanBernardino Tulsa LosAngeles Milwaukee Lafayette Orlando StPetersburg Amarillo Glasses Newark SantaRosa SantaAna Bellevue Fontana Fayetteville Davidson Garland Richmond Worcester Brownsville Cary Madison Chesapeake JerseyCity Carrollton Oakland Memphis Yonkers Thornton Midland FortWorth NewportNews Beaumont Shreveport Victorville Murfreesboro FortCollins Stamford OklahomaCity Allentown Omaha Wichita Indianapolis Stockton Pomona Peoria OWO LongBeach Frisco LexingtonFa Miami Fremont GardenGrove GardenGrove Escondido Bridgeport SiouxFalls OverlandPark Irvine HuntingtonBeach Scottsdale Alexandria Alexandria Independence Modesto Modesto Independence Scottsdale HuntingtonBeach Irvine RanchoCucamonga Waco Washington StLouis StLouis Domination Domination Concord Durham Lubbock Lubbock Durham Concord Washington Waco PembrokePines Austin Austin PembrokePines RanchoCucamonga OverlandPark SiouxFalls Bridgeport Huntsville Huntsville Escondido Fremont Miami LexingtonFa Frisco LongBeach OWO Peoria Pomona Stockton Indianapolis Wichita Omaha Allentown OklahomaCity Stamford FortCollins Murfreesboro Victorville Shreveport Beaumont NewportNews FortWorth Midland Thornton Yonkers Memphis Oakland Carrollton JerseyCity Chesapeake Madison Cary Brownsville Worcester Richmond Garland Davidson Fayetteville Fontana Bellevue SantaAna SantaRosa Newark Glasses Amarillo StPetersburg Orlando Lafayette Milwaukee LosAngeles Tulsa SanBernardino LouisvilleJefferson Lancaster Tempe McAllen AnnArbor WestValleyCity Surprise Torrance FortWayne Henderson Portland Visalia Sunnyvale Hartford Boston Ontario SanDiego Paterson Hollywood Chandler Akron Chattanooga Chattanooga Berkeley Spokane Reno SantaClarita
50
Midland Midland
Victorville Victorville
Shreveport Shreveport
Washington Washington
Independence Independence
OklahomaCity OklahomaCity
Sunnyvale Sunnyvale
Newark Newark
GardenGrove GardenGrove
LexingtonFa LexingtonFa
Scottsdale Scottsdale
Pomona Pomona
Carrollton Carrollton
Lafayette Lafayette
Worcester Worcester
Bellevue Bellevue
StLouis StLouis
Fayetteville Fayetteville
Stamford Stamford
Alexandria Alexandria
Paterson Paterson
Boston Boston
SiouxFalls SiouxFalls
Waco Waco
NewportNews NewportNews
Visalia Visalia
StPetersburg StPetersburg
Henderson Henderson
Brownsville Brownsville
Omaha Omaha
Beaumont Beaumont
LosAngeles LosAngeles
Huntsville Huntsville
Concord Concord
PembrokePines PembrokePines
Hartford Hartford
LouisvilleJefferson LouisvilleJefferson
RanchoCucamonga RanchoCucamonga
Ontario Ontario
LongBeach LongBeach
Austin Austin
WestValleyCity WestValleyCity
Yonkers Yonkers
Stockton Stockton
Indianapolis Indianapolis
Allentown Allentown
Wichita Wichita
Orlando Orlando
Garland Garland
Surprise Surprise
