Plano Rockford LongBeach Riverside SanFrancisco Warren Sunnyvale Washington Norman MorenoValley Tacoma Abilene Paterson SantaClara Irving Amarillo Chandler Rochester OklahomaCity Cary Gainesville Oakland LasVegas Lakewood Anchorage Clarksville Syracuse Mobile Hartford Dallas NewOrleans AugustaRichmond Fullerton Tempe Alexandria Detroit AthensClarkeCounty Oski SimiValley Irvine LittleRock GrandRapids Cincinnati Olathe Hampton Tallahassee Honolulu Sacramento Vallejo Clyde Thornton SanDiego Worcester CedarRapids GardenGrove Murfreesboro DesMoines StLouis Norfolk FortLauderdale Bridgeport Jackson Garland Atlanta Vancouver BatonRouge Miramar Buffalo Hayward Cleveland Oxnard CapeCoral Montgomery Richmond Denver Ontario Albuquerque PembrokePines Orlando ElkGrove Midland JerseyCity Anaheim ColoradoSprings Columbia Hollywood Escondido OverlandPark Glasses SanJose Killeen Modesto SantaAna SiouxFalls Shreveport GrandPrairie Portland Arlington Raleigh Toledo Spokane Pomona Springfield Chattanooga LexingtonFa Laredo McAllen Chicago Oceanside ElPaso Philadelphia Naperville Frisco Lubbock Domination Knoxville CoralSprings Indianapolis Phoenix Salem Brownsville Corona Surprise Greensboro Teemo Davidson Charlotte AnnArbor Mesquite Joliet Omaha Lincoln Providence Boston Huntsville Fayetteville FortWayne Lancaster Torrance Akron LosAngeles Tulsa Reno LouisvilleJefferson Seattle OWO Jacksonville Memphis Charleston WinstonSalem NewportNews Chesapeake PortStLucie Beaumont VirginiaBeach Wichita Waco Kent Stamford Allentown FortCollins ChulaVista SantaClarita CorpusChristi SanBernardino Scottsdale Birmingham Houston Gilbert Denton Glendale Tampa ThousandOaks Yonkers NewHaven Durham Fontana Lafayette Pittsburgh StPetersburg Madison Peoria Savannah BoiseCity KansasCity Topeka Mesa Mesa Topeka WestValleyCity Pikachu Elizabeth Elizabeth FortWorth Palmdale Palmdale Hialeah SantaRosa SantaRosa Hialeah FortWorth Pikachu Miami Miami WestValleyCity KansasCity Salinas SanAntonio SanAntonio Salinas Fremont Fremont HuntingtonBeach HuntingtonBeach BoiseCity Savannah Peoria Madison StPetersburg Pasadena Pasadena Pittsburgh Lafayette Fontana Durham NewHaven Yonkers ThousandOaks Tampa Glendale Denton Gilbert Houston Birmingham Scottsdale SanBernardino CorpusChristi SantaClarita ChulaVista FortCollins Allentown Stamford Kent Waco Wichita VirginiaBeach Beaumont PortStLucie Chesapeake NewportNews WinstonSalem Charleston Memphis Jacksonville OWO Seattle LouisvilleJefferson Reno Tulsa LosAngeles Akron Torrance Lancaster FortWayne Fayetteville Huntsville Boston Providence Lincoln Omaha Joliet Mesquite AnnArbor Charlotte Davidson Teemo Greensboro Surprise Corona Brownsville Salem Phoenix Indianapolis CoralSprings Knoxville Domination Lubbock Frisco Naperville Philadelphia ElPaso Oceanside Chicago McAllen Laredo LexingtonFa Chattanooga Springfield Pomona Spokane Toledo Raleigh Arlington Portland GrandPrairie Shreveport SiouxFalls SantaAna Modesto Killeen SanJose Glasses OverlandPark Escondido Hollywood Columbia ColoradoSprings Anaheim JerseyCity Midland ElkGrove Orlando PembrokePines Albuquerque Ontario Denver Richmond Montgomery CapeCoral Oxnard Cleveland Hayward Buffalo Miramar BatonRouge Vancouver Atlanta Garland Jackson Bridgeport FortLauderdale Norfolk StLouis DesMoines Murfreesboro GardenGrove CedarRapids Worcester SanDiego Thornton Clyde Vallejo Sacramento Honolulu Tallahassee Hampton Olathe Cincinnati GrandRapids LittleRock Irvine SimiValley Oski AthensClarkeCounty Detroit Alexandria Tempe Fullerton AugustaRichmond NewOrleans Dallas Hartford Mobile Syracuse Clarksville Anchorage Lakewood LasVegas Oakland Gainesville Cary OklahomaCity Rochester Chandler Amarillo Irving SantaClara Paterson Abilene Tacoma MorenoValley Norman Washington Sunnyvale Warren SanFrancisco Riverside LongBeach Rockford Plano
100
SanFrancisco SanFrancisco
SantaClara SantaClara
Charleston Charleston
FortCollins FortCollins
Cincinnati Cincinnati
Mesquite Mesquite
Stamford Stamford
Hollywood Hollywood
Riverside Riverside
Omaha Omaha
GardenGrove GardenGrove
Beaumont Beaumont
Anaheim Anaheim
Brownsville Brownsville
StLouis StLouis
SanJose SanJose
Glendale Glendale
Elizabeth Elizabeth
Killeen Killeen
McAllen McAllen
LasVegas LasVegas
Ontario Ontario
Davidson Davidson
Norman Norman
Montgomery Montgomery
Garland Garland
Mesa Mesa
SantaRosa SantaRosa
AnnArbor AnnArbor
Lancaster Lancaster
Hartford Hartford
Escondido Escondido
Salinas Salinas
Tampa Tampa
Dallas Dallas
Hampton Hampton
Rockford Rockford
Portland Portland
Warren Warren
Wichita Wichita
LittleRock LittleRock
SanBernardino SanBernardino
Raleigh Raleigh
Torrance Torrance
Lincoln Lincoln
SiouxFalls SiouxFalls
Surprise Surprise
Allentown Allentown
Norfolk Norfolk
Houston Houston
Fremont Fremont
Greensboro Greensboro
SanAntonio SanAntonio
OWO OWO
Anchorage Anchorage
Glasses Glasses
Chicago Chicago
Atlanta Atlanta
Cary Cary
Oxnard Oxnard
MorenoValley MorenoValley
Irving Irving
Vallejo Vallejo
LouisvilleJefferson LouisvilleJefferson
Madison Madison
Thornton Thornton
Hayward Hayward
Miami Miami
Knoxville Knoxville
Denton Denton
ThousandOaks ThousandOaks
Pasadena Pasadena
JerseyCity JerseyCity
AugustaRichmond AugustaRichmond
Denver Denver
Sunnyvale Sunnyvale
SimiValley SimiValley
FortLauderdale FortLauderdale
Laredo Laredo
SantaClarita SantaClarita
Olathe Olathe
Corona Corona
Tulsa Tulsa
NewOrleans NewOrleans
Lafayette Lafayette
OklahomaCity OklahomaCity
HuntingtonBeach HuntingtonBeach
Huntsville Huntsville
Pomona Pomona
CorpusChristi CorpusChristi
Mobile Mobile
Memphis Memphis
GrandPrairie GrandPrairie
Pikachu Pikachu
Vancouver Vancouver
Irvine Irvine
Worcester Worcester
Waco Waco
Akron Akron
NewHaven NewHaven
