Waco SanAntonio Baltimore Baltimore MorenoValley OverlandPark KansasCity Omaha Henderson SterlingHeights OWO AthensClarkeCounty SanFrancisco Richmond Aurora DesMoines Detroit NewYork Lincoln Charleston Charleston Roseville Palmdale Clarksville Stamford Cary Cary Gilbert Denton WestValleyCity Victorville StPaul StPaul FortCollins FortCollins Springfield Springfield SanBernardino SanBernardino Victorville WestValleyCity Denton Gilbert Stamford Clarksville AnnArbor Mesquite Newark Atlanta Atlanta SaltLakeCity Thornton Thornton Pikachu Peoria ChulaVista SantaClara Irving Oski Rochester Rochester Oski Irving SantaClara ChulaVista Peoria Pikachu Tampa Tampa Birmingham Birmingham SaltLakeCity Newark Mesquite AnnArbor FortWayne FortWayne LexingtonFa LexingtonFa Palmdale Roseville Lincoln NewYork Detroit DesMoines Irvine Irvine Aurora Richmond SanFrancisco AthensClarkeCounty OWO SterlingHeights Henderson Omaha KansasCity OverlandPark MorenoValley SanAntonio Waco
25
Rochester Rochester
Palmdale Palmdale
Clarksville Clarksville
OWO OWO
Cary Cary
SanAntonio SanAntonio
StPaul StPaul
SanFrancisco SanFrancisco
LexingtonFa LexingtonFa
MorenoValley MorenoValley
AnnArbor AnnArbor
SterlingHeights SterlingHeights
Stamford Stamford
Detroit Detroit
FortWayne FortWayne
Omaha Omaha
FortCollins FortCollins
SaltLakeCity SaltLakeCity
SanBernardino SanBernardino
AthensClarkeCounty AthensClarkeCounty
ChulaVista ChulaVista
Irving Irving
Richmond Richmond
Lincoln Lincoln
Newark Newark
