18 1 0 20 15 4 2 3 12 5 8 7 6 10 16 13 21 31 19 9 22 17 24 26 14 23 11 27 36 37 29 30 32 28 25 35 44 45 39 41 43 38 34 42 53 33 51 48 50 40 47 49 54 57 58 52 63 55 62 65 56 61 46 60 67 59 66 69 78 76 70 80 74 73 64 77 68 81 75 96 72 85 86 71 79 87 83 88 89 84 91 92 97 97 92 91 93 90 82 82 94 98 99 99 98 94 90 93 84 95 95 89 88 83 87 79 71 86 85 72 96 75 81 68 77 64 73 74 80 70 76 78 69 66 59 67 60 46 61 56 65 62 55 63 52 58 57 54 49 47 40 50 48 51 33 53 42 34 38 43 41 39 45 44 35 25 28 32 30 29 37 36 27 11 23 14 26 24 17 22 9 19 31 21 13 16 10 6 7 8 5 12 3 2 4 15 20 0 1 18
50
0 0
2 2
3 3
4 4
6 6
7 7
9 9
12 12
14 14
16 16
17 17
18 18
20 20
22 22
25 25
28 28
32 32
33 33
36 36
37 37
39 39
41 41
42 42
43 43
45 45
46 46
53 53
57 57
59 59
61 61
62 62
63 63
69 69
71 71
72 72
73 73
75 75
76 76
79 79
80 80
83 83
84 84
85 85
87 87
88 88
90 90
92 92
93 93
95 95
98 98
