0 1 22 23 39 2 25 3 4 9 7 8 29 17 5 6 15 16 49 31 24 21 12 26 42 10 11 19 20 28 13 14 30 44 34 38 46 32 36 35 45 47 27 77 43 55 37 41 48 33 54 51 52 57 50 40 53 59 79 72 78 68 60 65 74 18 61 63 70 64 84 85 62 69 58 86 67 56 75 80 103 87 83 90 73 81 93 97 96 89 76 102 101 92 88 98 66 114 82 71 109 104 106 147 100 91 127 130 95 112 111 99 94 119 110 122 120 129 108 137 135 113 133 115 107 134 117 121 118 116 149 136 139 164 128 140 131 124 150 132 123 152 138 146 141 105 158 162 153 154 159 160 126 181 155 144 145 143 165 125 148 151 169 169 173 175 156 172 163 190 188 142 157 161 184 192 170 168 178 174 176 191 183 179 179 182 177 167 195 198 198 195 167 171 199 180 196 189 189 194 194 196 180 199 171 177 186 187 193 185 185 197 197 193 187 186 182 183 191 176 174 178 168 170 192 184 161 157 142 188 190 163 172 156 175 173 151 148 125 165 143 145 144 155 166 166 181 126 160 159 154 153 162 158 105 141 146 138 152 123 132 150 124 131 140 128 164 139 136 149 116 118 121 117 134 107 115 133 113 135 137 108 129 120 122 110 119 94 99 111 112 95 130 127 91 100 147 106 104 109 71 82 114 66 98 88 92 101 102 76 89 96 97 93 81 73 90 83 87 103 80 75 56 67 86 58 69 62 85 84 64 70 63 61 18 74 65 60 68 78 72 79 59 53 40 50 57 52 51 54 33 48 41 37 55 43 77 27 47 45 35 36 32 46 38 34 44 30 14 13 28 20 19 11 10 42 26 12 21 24 31 49 16 15 6 5 17 29 8 7 9 4 3 25 2 39 23 22 1 0
100
0 0
1 1
2 2
3 3
4 4
5 5
8 8
9 9
11 11
13 13
14 14
15 15
16 16
17 17
18 18
20 20
21 21
22 22
23 23
24 24
26 26
27 27
28 28
31 31
33 33
35 35
38 38
39 39
42 42
43 43
47 47
50 50
51 51
52 52
56 56
59 59
65 65
66 66
67 67
68 68
69 69
70 70
71 71
72 72
74 74
78 78
80 80
81 81
83 83
84 84
86 86
89 89
93 93
94 94
96 96
98 98
100 100
101 101
102 102
103 103
107 107
111 111
114 114
115 115
116 116
120 120
125 125
128 128
129 129
130 130
133 133
134 134
137 137
138 138
141 141
143 143
146 146
151 151
152 152
153 153
154 154
157 157
158 158
159 159
160 160
164 164
166 166
167 167
172 172
173 173
174 174
177 177
182 182
183 183
184 184
187 187
190 190
193 193
197 197
199 199
