13 1 0 3 2 5 4 7 8 10 9 11 12 16 14 17 6 15 21 19 23 25 18 22 24 20 29 26 27 28 30 31 33 34 32 37 35 38 36 40 39 41 42 43 44 46 45 47 48 51 50 56 57 52 49 53 55 54 59 60 62 61 65 58 64 66 63 67 68 69 70 71 72 73 74 78 77 75 76 79 80 85 84 81 82 87 91 83 86 88 89 94 93 92 92 95 96 98 90 97 99 99 97 90 98 96 95 93 94 89 88 86 83 91 87 82 81 84 85 80 79 76 75 77 78 74 73 72 71 70 69 68 67 63 66 64 58 65 61 62 60 59 54 55 53 49 52 57 56 50 51 48 47 45 46 44 43 42 41 39 40 36 38 35 37 32 34 33 31 30 28 27 26 29 20 24 22 18 25 23 19 21 15 6 17 14 16 12 11 9 10 8 7 4 5 2 3 0 1 13
50
50 50
51 51
52 52
53 53
54 54
55 55
56 56
57 57
58 58
59 59
60 60
61 61
62 62
63 63
64 64
65 65
66 66
67 67
68 68
69 69
70 70
71 71
72 72
73 73
74 74
75 75
76 76
77 77
78 78
79 79
80 80
81 81
82 82
83 83
84 84
85 85
86 86
87 87
88 88
89 89
90 90
91 91
92 92
93 93
94 94
95 95
96 96
97 97
98 98
99 99
