13 148 116 104 114 130 133 162 156 169 150 137 101 165 159 161 128 149 192 157 183 166 126 124 168 138 170 135 176 187 185 103 155 177 142 146 118 109 127 108 121 136 196 197 184 134 100 122 172 164 189 186 107 143 120 193 174 180 179 147 115 167 144 153 154 111 191 119 139 195 160 173 113 141 194 181 140 171 151 123 125 102 145 117 112 105 129 199 132 158 188 106 163 198 152 110 175 190 131 182 13
99
100 100
101 101
102 102
103 103
104 104
105 105
106 106
107 107
108 108
109 109
110 110
111 111
112 112
113 113
114 114
115 115
116 116
117 117
118 118
119 119
120 120
121 121
122 122
123 123
124 124
125 125
126 126
127 127
128 128
129 129
130 130
131 131
132 132
133 133
134 134
135 135
136 136
137 137
138 138
139 139
140 140
141 141
142 142
143 143
144 144
145 145
146 146
147 147 178
148 148
149 149
150 150
151 151
152 152
153 153
154 154
155 155
156 156
157 157
158 158
159 159
160 160
161 161
162 162
163 163
164 164
165 165
166 166
167 167
168 168
169 169
170 170
171 171
172 172
173 173
174 174
175 175
176 176
177 177
179 179
180 180
181 181
182 182
183 183
184 184
185 185
186 186
187 187
188 188
189 189
190 190
191 191
192 192
193 193
194 194
195 195
196 196
197 197
198 198
199 199
