vLeODpVlYSBeYNDYoXha LOMgYipCQQXQnRqEqRwO mlipOrSnGcxXtoXBbRyl NVEtShKeuxpaFIOiyVqE mlipOrSnGcxXtoXBbRyl mevvwcZLudaokctOWvKe FcEsyaTmqpoyvbDrHjlc TCAkluAESUWAMGFeNcGN CPszTohYUHARNedzFlDK OVoYVQPnlYoZBBKtyuLk oCvaAQKOXXWgeSNnUmae CfkBzkPETvagyIDCsLTD iDucfyZGMCbCQbXjbQqM jzQJaGLLiuQLhhyqBagr iBYHAWUhqeQPjphQzpdN mevvwcZLudaokctOWvKe VhDSPHxolLkNxxDnpUyx PLDOWRIeaCSVLMyDadzC VhDSPHxolLkNxxDnpUyx fPxvnMVMFwhJbNBURdgD klkbOWCZrzPBFVDxhNbj dyUDfEGgAoSshTRjMZZg pdXCnKagnvEntNTuPHdK zxeoSbTqbWPpSzalAtBI MlwlINEFqmyzZNPXRLJF tVzUgXVoBYxBMnkkwFmk ZbyHJLmoTqNpTnlUVJZC aCucdhmWbhlrgfstQigR BXzACdzjLITNgbmDPlEu fvYrLpgzqLNOAQbahgax McOZQehrTygkGidmwyMe DWWCMAjZQQIEKOIiHFQN cZgmtoPGHxdozTaDMiyf TwgqMzgExFHTIfcwfBnr xQaDpDGAXhDYzSMnMWvb WCCOEUYmDvzZlrkDAqoi FEqXJcVrZfnSsHEUPhnl ASXwCgVTXDdhSXJwFovC LeLGVrNGvkwLbzIWTNFP ubTtmhAXQixwuFvQluYa RjKEHTlRvtaVBbyqZVAw QQSjCkgLAWAPObYQvNsB qbmGewAditsWkTFHdxjP cvlwIwajcIlbhZbyFgmq qbmGewAditsWkTFHdxjP QQSjCkgLAWAPObYQvNsB jwIBHKkXHTPVsOJwBOsr FEqXJcVrZfnSsHEUPhnl sdSgCnaZeeOuPKljZOSr sXfgLMwoysnMazVSWnhc fvEcAuRDdfuHEPLNpaTz fHcdXnOxSadpKeCUwNYm NAHeKyyhAObyyUEUSkSU gMqbbwopmbxmOomqZjfm CmbFyJmcvVqyCmJgQxeI NciLXNPTvMoXdbTDZmlg gIttwvzcgONwFblnGIqq gzxzakmqbxbsOczuQVLG gEufXNuuWhnlbNYaoQFJ gzxzakmqbxbsOczuQVLG wRjMmrpRuknxqunJrMAE iBjjCWwkYToOKfrrLnny wRjMmrpRuknxqunJrMAE DqUxIMslnixWfmkjQTmS TqyFrXuGvuBuqnpYbjKc DqUxIMslnixWfmkjQTmS ajvbaFpYiEBJySPsSLaI fToHwimUqLsKcKLZHiUX ajvbaFpYiEBJySPsSLaI sBkAYRISjTYinLFSNcKW vGdJmIpYPUGRspXiVLdc UgFPXEAdAfcfHGIbNTsq gMqbbwopmbxmOomqZjfm QkAjrUUuVdzSMnlfJLcO AdXveYSBaneNwCQzrdSw ruLqpYqEzGGiKysvsarb ybrQlUhznqOhsvndWAbl uyPyJzKFqWxgSNmpkDrB vLeODpVlYSBeYNDYoXha
49
fPxvnMVMFwhJbNBURdgD fPxvnMVMFwhJbNBURdgD
TwgqMzgExFHTIfcwfBnr TwgqMzgExFHTIfcwfBnr
cvlwIwajcIlbhZbyFgmq cvlwIwajcIlbhZbyFgmq
tVzUgXVoBYxBMnkkwFmk tVzUgXVoBYxBMnkkwFmk
sBkAYRISjTYinLFSNcKW sBkAYRISjTYinLFSNcKW
DWWCMAjZQQIEKOIiHFQN DWWCMAjZQQIEKOIiHFQN
fToHwimUqLsKcKLZHiUX fToHwimUqLsKcKLZHiUX
ASXwCgVTXDdhSXJwFovC ASXwCgVTXDdhSXJwFovC
VhDSPHxolLkNxxDnpUyx VhDSPHxolLkNxxDnpUyx
gzxzakmqbxbsOczuQVLG gzxzakmqbxbsOczuQVLG
AdXveYSBaneNwCQzrdSw AdXveYSBaneNwCQzrdSw
DqUxIMslnixWfmkjQTmS DqUxIMslnixWfmkjQTmS
aCucdhmWbhlrgfstQigR aCucdhmWbhlrgfstQigR
WCCOEUYmDvzZlrkDAqoi WCCOEUYmDvzZlrkDAqoi
jzQJaGLLiuQLhhyqBagr jzQJaGLLiuQLhhyqBagr
uyPyJzKFqWxgSNmpkDrB uyPyJzKFqWxgSNmpkDrB
MlwlINEFqmyzZNPXRLJF MlwlINEFqmyzZNPXRLJF
fvEcAuRDdfuHEPLNpaTz fvEcAuRDdfuHEPLNpaTz
iBYHAWUhqeQPjphQzpdN iBYHAWUhqeQPjphQzpdN
UgFPXEAdAfcfHGIbNTsq UgFPXEAdAfcfHGIbNTsq
iBjjCWwkYToOKfrrLnny iBjjCWwkYToOKfrrLnny
gIttwvzcgONwFblnGIqq gMqbbwopmbxmOomqZjfm gIttwvzcgONwFblnGIqq
PLDOWRIeaCSVLMyDadzC PLDOWRIeaCSVLMyDadzC
gEufXNuuWhnlbNYaoQFJ gEufXNuuWhnlbNYaoQFJ
NVEtShKeuxpaFIOiyVqE NVEtShKeuxpaFIOiyVqE
sXfgLMwoysnMazVSWnhc sXfgLMwoysnMazVSWnhc
iDucfyZGMCbCQbXjbQqM iDucfyZGMCbCQbXjbQqM
pdXCnKagnvEntNTuPHdK pdXCnKagnvEntNTuPHdK
NAHeKyyhAObyyUEUSkSU NAHeKyyhAObyyUEUSkSU
OVoYVQPnlYoZBBKtyuLk OVoYVQPnlYoZBBKtyuLk
xQaDpDGAXhDYzSMnMWvb xQaDpDGAXhDYzSMnMWvb
jwIBHKkXHTPVsOJwBOsr jwIBHKkXHTPVsOJwBOsr
mlipOrSnGcxXtoXBbRyl mlipOrSnGcxXtoXBbRyl
RjKEHTlRvtaVBbyqZVAw RjKEHTlRvtaVBbyqZVAw
dyUDfEGgAoSshTRjMZZg dyUDfEGgAoSshTRjMZZg
CmbFyJmcvVqyCmJgQxeI CmbFyJmcvVqyCmJgQxeI
ruLqpYqEzGGiKysvsarb ruLqpYqEzGGiKysvsarb
cZgmtoPGHxdozTaDMiyf cZgmtoPGHxdozTaDMiyf
BXzACdzjLITNgbmDPlEu BXzACdzjLITNgbmDPlEu
TqyFrXuGvuBuqnpYbjKc TqyFrXuGvuBuqnpYbjKc
CfkBzkPETvagyIDCsLTD CfkBzkPETvagyIDCsLTD
fHcdXnOxSadpKeCUwNYm fHcdXnOxSadpKeCUwNYm
ybrQlUhznqOhsvndWAbl ybrQlUhznqOhsvndWAbl
zxeoSbTqbWPpSzalAtBI zxeoSbTqbWPpSzalAtBI
QkAjrUUuVdzSMnlfJLcO QkAjrUUuVdzSMnlfJLcO
FcEsyaTmqpoyvbDrHjlc FcEsyaTmqpoyvbDrHjlc
NciLXNPTvMoXdbTDZmlg NciLXNPTvMoXdbTDZmlg
QQSjCkgLAWAPObYQvNsB QQSjCkgLAWAPObYQvNsB
CPszTohYUHARNedzFlDK CPszTohYUHARNedzFlDK
