wNqlpYNsRbJEgiGpKxrU jwjTVkTZQzfvrCAtqcyG mgNeYYUOPKpLeiVEFIXd oDgfEuAVpeOlkkTIMDLw zKnLSwRxFjUTCiXefWdG bFmSeBrfNuxjYPUDCLYq jwcUBYKIcRlUlpQdHDpU NzCxhJJjJcEygziivInx RlHeRhvUOhGhZVGGJuED jznspKyqlmxZtgfQUJVB qRSIeHFYBHHihKAqJnzR gqsFUfkkQrlyYYdSXwmt JMMbTzkqohdHHmvXLiRY ndaHivGVVtIUvLiyUWcm UKNqBSfFWWuvpVIiGEAr lTWClcCXtRKGvKTcMnqR ADVVlRLpnspleRTgeTdu DZEpVGVXkxHljziwItaS ktVPibAaeaNHuNYSLNYb kqcEdfKLaRzxOhAIzchh IBsTZegidEetQKMLVasu FaWIqatYRYVcXfVhAFRN QePOUWiXcAUCoHETxuGS zQeQNTelEAJnDKvaviwm umZXKcxkweEplHZdotgU QeYNNLpZMBxyiFbZMPFY EhDFVLWZueLOrdjEOzEQ aIuYyryCOUGVeCAqbqkg ooYCPKWFEiMynFEjmadw eOfnBeTgmYCNEnRUhlEK UdSbtwxTqTJxOiUoxEqw hLaNXBYgTzgUhvjmqUTu UyqqHOBdNdTWOKriHQVt NPSPGRTNRcKKVpsBRSwh qDLPWLkWayzdxIYSKLER NzDQJknJPDEkcwCHzzbF oZXYedlbtBLmkfoVmgta lSJjEsqamUCgRZdCmdyI scpUkbcaYSAsHhSktebT jUSlIFtitQxyvVLJjiCc cEIaAeLZCjOmtToPZoOl wlySPverjehsBxldyigf SitzoubgYFeTjmkLjVPz eCBFrcppbiLzdGQubocl TQWxJiphrDoDBmrOTqOv CjORCCuZldKDLWqSZTsZ TOntbQDzHvMkxiKuanmw QPuWhldwxyxWvfAFawIx PZwTcKCPsEmpxetNZvef WMWBpOSnHGywZjCgaYyY lIpVoDPUIfHCPpjswogJ CMyhrOeiLyytYlFYZldw eobSFtKBbBdcVrTOREdK msuaKihWIEeUaCCcyjIZ GMxGouyyndiUBMqMdOoc twwHXGyTBfZUDOGVnCzA eiLPqIroFfCGzqSAlzAp ccdJRKiTXwIErdhSIxfh qoaNjvaRghiMQXaVEoQe syonLisTOSczosCwoILE zNRhhVdMWUgTnnqmAfeY xlbpuxAjoVPJWPCWBEkJ ubMKewvRqrviLcycMHcN ihxEqMQIIvyQmtrtMjeO edlAtPQdNXJQPCIzpkyX xgBrJmdXVwtxgRuCBhMe pzrGQEObzJGPnfATEYDc ZdUattHRgRoTtzHWkNMQ zeKxCuARLrHNxuGSyNEL oSMuZCNCihNcfhhLdNwi wuSVWJYvpiWaQAHXocSG cMYyKTXGNKnFzrpwnXUl lDkJjVrhTHajmAwuwAQm FGiPoAZuhTTxiAlzRDIV wvSJDoqoPGAkYgSuPFPw shugRMnaHVqQSmKaNBgu yYaxxtTIkvUeyUpwOvuY sNqoVKqgazRvmrelPhAK CvZkdIYtdeDHtwufupie QyXpliHSeQOPIsurIcpa JRiiFgtNILayQegpqrXz lbWonvEbeplndKguSTkk shaRjZRSPDzVXmetmolj XvUPApTFkqaSSizYsCIr uUKZHvHmBrpBHjYWNaUL MBJqOYmxhUYbldNVEdRy HAIYkMkIfhypoRlxuZoB fpoTaBKmVdlDCxFwCFoz KcrnMnFDTrBKaUaGpdLY GOKcLUIfVCLsdfLjyASo oXlmLEmXExpzARmsoCMJ cinQsEbBpQAHgGdjBxaK ufTLUXAgpKeoVkZOroDY QLULTvtlfumxlpAQZckT MmEgtZVGhqqZwyDlSqRm NIJaJxCurulNUdZZMxFk JvFxbsySBAiFiOUrzrBi IvXQutSorlqOgnSVAIUd oKAKfpUUuLItChLyByFh igyeOiSdezmmXGTwMzLw LfOunWzwbbNRVLKSGfNS bEfUXCTlwRBndElSbPGf ICVlDhervfDVjLpSCbOf nUmoFIaaFFgVBHrhOTam zXRivKrJPjQVqVwiULGz fdXjIQYLVfwAMSuwOnYK AfGHqqEOTpEEwBIQBEiS flqILnAtFsDqLctdZjpz YTwycpmzEWCqqTELtzXc ANDviqMIuFwdcboQDprt jeqqhISPyRIhGBNohHEu NJZlnWyeJFrkOwoqHKtT nCedHqGgdWAicwyuYWpg nreoVgWrBhNXFZgTBlXO UbXJPGdXWEZlkrHjZKDr ctcTzPUVbQQoQGGIDEim UOwONVGkKwtTLGkUNCyS aGPbLNWYAMujnfHCTCMo HeWrJOKsDjgdrcamgZLN bpXmaPnrsPsgtmuUpaLG cVMmKLyunrtKjZbHRVAg clwzkzJtguIMBwKiZUKh oHoxoLeyDYnKZDzgMtxI TEPaiCedHTXapLxoBXMp imEmCMbYEtZJJkwxkSDD gcXUxTVUZWsOwtRNeDDa zHPSSEtFTQIbLYMdHqgP pMOSpTzPTPLXHLOQMjnt XPPBMlNyfVVeZGIzTCEW SSDgxHQpSFRnlnnrMJNI ZauPfhkpsGmhbvkhkltR SiOEBWtHUiopSvDVOkjb efZntVbfQTvIUOiRNPSH QjZTuyCpiDhleJoqwClv upmtEsSsBTyMWfthJQhZ pGEDfjoOOYfHsrRVgAyF pGEDfjoOOYfHsrRVgAyF oLMkSrYLQRLHmPiuLCTC oLMkSrYLQRLHmPiuLCTC upmtEsSsBTyMWfthJQhZ RQlEqfIvpsUfBSzSkvip cmmlyhRSZpCVODfRPvaA cmmlyhRSZpCVODfRPvaA RQlEqfIvpsUfBSzSkvip UIlSMnVKIdNiXZNSiHsI fgzJCwocQniGlXAZHJId vIbIQYXZnmYrooTLYNtu EmbDgEECbkHbfAfHCgwB eCmBhjNaxZKHJotIYVMo kpQFMMykSbYOVlbRVUsp pfMSqTzbsucqewxTADAG rlhNoKeiidsZhBEuQAJw wfEFdNDcColoskjTjcLm tVxSUasqeXmMiMlEIdTM FYfGkhtzhjqJHqxmUsVx kwPuYZgJgVVJfdBGUtPw vPtcoCdDMvVYwOuvanRP PhabkDCjZJPBFcmNmRgd DVHSRJyZabZWqswQwHAq DVHSRJyZabZWqswQwHAq qhuHndnkQDFTOWOyauPU WoTuprXYItmuBoyNwAcV NtyLZDOaSczVvOGdocUp NYdfLxXxFVvLEbDKzXWn NYdfLxXxFVvLEbDKzXWn NtyLZDOaSczVvOGdocUp WoTuprXYItmuBoyNwAcV GgcKFGLsvBOskeWiAUHx CWozbDsqFUhTlbxWhCmh juzxSpUVuccJUMBOcJjO gFUGYXSirCYiFTivWNah ayQgUwyRuQVKeyFLPNbQ ZXihCBEQBTdisqSlEMsj ZXihCBEQBTdisqSlEMsj XcUwFUKnekNHEYjdJvBF ZPoNdUlRoUJTJoDjXdBX ZPoNdUlRoUJTJoDjXdBX oKHxHZxgXgKSVZAEEVVZ IamFpWICdyBhLFRVaylm IamFpWICdyBhLFRVaylm EEeDJaHeajXXlwYcHTeJ jJoPwgjECBISoLymscXc jJoPwgjECBISoLymscXc EEeDJaHeajXXlwYcHTeJ yRQdlZBUBAPypebnrlAH DpztIuGTRpGuLsdlODJw DpztIuGTRpGuLsdlODJw yRQdlZBUBAPypebnrlAH oKHxHZxgXgKSVZAEEVVZ XcUwFUKnekNHEYjdJvBF ayQgUwyRuQVKeyFLPNbQ iVjkcMenotYGMFEBTvoa VIPPawblKbhOVWrmrWBx JVONrXhhmtFWhFfDiOXW JVONrXhhmtFWhFfDiOXW NjdqbLVqGQWIXWnBFpZZ CKkuZMjVWmdsjZfwhBYH vTbNxpVTEoFlSjvvVvfG vTbNxpVTEoFlSjvvVvfG CKkuZMjVWmdsjZfwhBYH YZdWAQcvSeNhUzVcgZrb TcLSEpnQLlwURcYobXtr fosrykBjHtdvgWTEWXFR gDYKDrbERUXTnCayjBrC gDYKDrbERUXTnCayjBrC svUOWvTJLneAqJGnExpc svUOWvTJLneAqJGnExpc fosrykBjHtdvgWTEWXFR FWnudSYFvYQJHehOpEKf FWnudSYFvYQJHehOpEKf erZKLqpCZsYKDnOCaBGq erZKLqpCZsYKDnOCaBGq TcLSEpnQLlwURcYobXtr YZdWAQcvSeNhUzVcgZrb NjdqbLVqGQWIXWnBFpZZ VIPPawblKbhOVWrmrWBx iVjkcMenotYGMFEBTvoa gFUGYXSirCYiFTivWNah juzxSpUVuccJUMBOcJjO CWozbDsqFUhTlbxWhCmh GgcKFGLsvBOskeWiAUHx qhuHndnkQDFTOWOyauPU PhabkDCjZJPBFcmNmRgd VRpSthoDcomqMDsGoVql yscsUFTNNyaVMKBztBdV yscsUFTNNyaVMKBztBdV VRpSthoDcomqMDsGoVql joWAhkfNqIEECnBeulGl joWAhkfNqIEECnBeulGl vPtcoCdDMvVYwOuvanRP kwPuYZgJgVVJfdBGUtPw FYfGkhtzhjqJHqxmUsVx tVxSUasqeXmMiMlEIdTM wfEFdNDcColoskjTjcLm rlhNoKeiidsZhBEuQAJw pfMSqTzbsucqewxTADAG kpQFMMykSbYOVlbRVUsp eCmBhjNaxZKHJotIYVMo EmbDgEECbkHbfAfHCgwB CbGuHgZfQMmSOfHDFJnK XtZHoAxqEyzvMChzPHpN XtZHoAxqEyzvMChzPHpN YqGgARSpVWADxTcGoaBG YqGgARSpVWADxTcGoaBG qfRRtdRbhYJBARMfPlZM qfRRtdRbhYJBARMfPlZM CbGuHgZfQMmSOfHDFJnK vIbIQYXZnmYrooTLYNtu XxSQqGVyrNGAFhTsSOUz XxSQqGVyrNGAFhTsSOUz fgzJCwocQniGlXAZHJId UIlSMnVKIdNiXZNSiHsI QjZTuyCpiDhleJoqwClv efZntVbfQTvIUOiRNPSH SiOEBWtHUiopSvDVOkjb ZauPfhkpsGmhbvkhkltR SSDgxHQpSFRnlnnrMJNI XPPBMlNyfVVeZGIzTCEW pMOSpTzPTPLXHLOQMjnt szyiMlKhtyOynWjcoMsm szyiMlKhtyOynWjcoMsm zHPSSEtFTQIbLYMdHqgP kyApsCeFkLoLFCdkazaE kyApsCeFkLoLFCdkazaE gcXUxTVUZWsOwtRNeDDa imEmCMbYEtZJJkwxkSDD TEPaiCedHTXapLxoBXMp oHoxoLeyDYnKZDzgMtxI clwzkzJtguIMBwKiZUKh cVMmKLyunrtKjZbHRVAg bpXmaPnrsPsgtmuUpaLG HeWrJOKsDjgdrcamgZLN aGPbLNWYAMujnfHCTCMo UOwONVGkKwtTLGkUNCyS ctcTzPUVbQQoQGGIDEim UbXJPGdXWEZlkrHjZKDr QjbdwbUnopENkiNyqirZ QjbdwbUnopENkiNyqirZ nreoVgWrBhNXFZgTBlXO BehmjzdYTywULyIVhjzE BehmjzdYTywULyIVhjzE nCedHqGgdWAicwyuYWpg NJZlnWyeJFrkOwoqHKtT jeqqhISPyRIhGBNohHEu ANDviqMIuFwdcboQDprt YTwycpmzEWCqqTELtzXc flqILnAtFsDqLctdZjpz AfGHqqEOTpEEwBIQBEiS fdXjIQYLVfwAMSuwOnYK zXRivKrJPjQVqVwiULGz nUmoFIaaFFgVBHrhOTam ICVlDhervfDVjLpSCbOf bEfUXCTlwRBndElSbPGf LfOunWzwbbNRVLKSGfNS igyeOiSdezmmXGTwMzLw oKAKfpUUuLItChLyByFh IvXQutSorlqOgnSVAIUd JvFxbsySBAiFiOUrzrBi NIJaJxCurulNUdZZMxFk MmEgtZVGhqqZwyDlSqRm QLULTvtlfumxlpAQZckT ufTLUXAgpKeoVkZOroDY cinQsEbBpQAHgGdjBxaK oXlmLEmXExpzARmsoCMJ GOKcLUIfVCLsdfLjyASo KcrnMnFDTrBKaUaGpdLY fpoTaBKmVdlDCxFwCFoz ZwvojvRdUOYNJXIwAqgC ZwvojvRdUOYNJXIwAqgC HAIYkMkIfhypoRlxuZoB MBJqOYmxhUYbldNVEdRy uUKZHvHmBrpBHjYWNaUL XvUPApTFkqaSSizYsCIr shaRjZRSPDzVXmetmolj lbWonvEbeplndKguSTkk JRiiFgtNILayQegpqrXz QyXpliHSeQOPIsurIcpa CvZkdIYtdeDHtwufupie sNqoVKqgazRvmrelPhAK yYaxxtTIkvUeyUpwOvuY shugRMnaHVqQSmKaNBgu wvSJDoqoPGAkYgSuPFPw FGiPoAZuhTTxiAlzRDIV lDkJjVrhTHajmAwuwAQm cMYyKTXGNKnFzrpwnXUl cwgJAHVpCCTmuckJkncL cwgJAHVpCCTmuckJkncL wuSVWJYvpiWaQAHXocSG oSMuZCNCihNcfhhLdNwi zeKxCuARLrHNxuGSyNEL ZdUattHRgRoTtzHWkNMQ pzrGQEObzJGPnfATEYDc xgBrJmdXVwtxgRuCBhMe edlAtPQdNXJQPCIzpkyX ihxEqMQIIvyQmtrtMjeO ubMKewvRqrviLcycMHcN xlbpuxAjoVPJWPCWBEkJ zNRhhVdMWUgTnnqmAfeY syonLisTOSczosCwoILE qoaNjvaRghiMQXaVEoQe ccdJRKiTXwIErdhSIxfh eiLPqIroFfCGzqSAlzAp twwHXGyTBfZUDOGVnCzA GMxGouyyndiUBMqMdOoc msuaKihWIEeUaCCcyjIZ eobSFtKBbBdcVrTOREdK CMyhrOeiLyytYlFYZldw lIpVoDPUIfHCPpjswogJ WMWBpOSnHGywZjCgaYyY PZwTcKCPsEmpxetNZvef hFbQwEucdFQTgOahOxcg hFbQwEucdFQTgOahOxcg QPuWhldwxyxWvfAFawIx TOntbQDzHvMkxiKuanmw CjORCCuZldKDLWqSZTsZ TQWxJiphrDoDBmrOTqOv eCBFrcppbiLzdGQubocl SitzoubgYFeTjmkLjVPz wlySPverjehsBxldyigf cEIaAeLZCjOmtToPZoOl jUSlIFtitQxyvVLJjiCc scpUkbcaYSAsHhSktebT lSJjEsqamUCgRZdCmdyI oZXYedlbtBLmkfoVmgta NzDQJknJPDEkcwCHzzbF qDLPWLkWayzdxIYSKLER NPSPGRTNRcKKVpsBRSwh UyqqHOBdNdTWOKriHQVt hLaNXBYgTzgUhvjmqUTu UdSbtwxTqTJxOiUoxEqw eOfnBeTgmYCNEnRUhlEK ooYCPKWFEiMynFEjmadw aIuYyryCOUGVeCAqbqkg EhDFVLWZueLOrdjEOzEQ QeYNNLpZMBxyiFbZMPFY umZXKcxkweEplHZdotgU zQeQNTelEAJnDKvaviwm QePOUWiXcAUCoHETxuGS FaWIqatYRYVcXfVhAFRN IBsTZegidEetQKMLVasu kqcEdfKLaRzxOhAIzchh ktVPibAaeaNHuNYSLNYb DZEpVGVXkxHljziwItaS ADVVlRLpnspleRTgeTdu lTWClcCXtRKGvKTcMnqR UKNqBSfFWWuvpVIiGEAr ndaHivGVVtIUvLiyUWcm JMMbTzkqohdHHmvXLiRY gqsFUfkkQrlyYYdSXwmt qRSIeHFYBHHihKAqJnzR jznspKyqlmxZtgfQUJVB RlHeRhvUOhGhZVGGJuED NzCxhJJjJcEygziivInx jwcUBYKIcRlUlpQdHDpU bFmSeBrfNuxjYPUDCLYq zKnLSwRxFjUTCiXefWdG oDgfEuAVpeOlkkTIMDLw mgNeYYUOPKpLeiVEFIXd jwjTVkTZQzfvrCAtqcyG wNqlpYNsRbJEgiGpKxrU
100
svUOWvTJLneAqJGnExpc svUOWvTJLneAqJGnExpc
cwgJAHVpCCTmuckJkncL cwgJAHVpCCTmuckJkncL
DZEpVGVXkxHljziwItaS DZEpVGVXkxHljziwItaS
NtyLZDOaSczVvOGdocUp NtyLZDOaSczVvOGdocUp
vIbIQYXZnmYrooTLYNtu vIbIQYXZnmYrooTLYNtu
yscsUFTNNyaVMKBztBdV yscsUFTNNyaVMKBztBdV
syonLisTOSczosCwoILE syonLisTOSczosCwoILE
ihxEqMQIIvyQmtrtMjeO ihxEqMQIIvyQmtrtMjeO
ADVVlRLpnspleRTgeTdu ADVVlRLpnspleRTgeTdu
bFmSeBrfNuxjYPUDCLYq bFmSeBrfNuxjYPUDCLYq
NzDQJknJPDEkcwCHzzbF NzDQJknJPDEkcwCHzzbF
ZauPfhkpsGmhbvkhkltR ZauPfhkpsGmhbvkhkltR
DpztIuGTRpGuLsdlODJw DpztIuGTRpGuLsdlODJw
scpUkbcaYSAsHhSktebT scpUkbcaYSAsHhSktebT
ZwvojvRdUOYNJXIwAqgC ZwvojvRdUOYNJXIwAqgC
EmbDgEECbkHbfAfHCgwB EmbDgEECbkHbfAfHCgwB
FWnudSYFvYQJHehOpEKf FWnudSYFvYQJHehOpEKf
QeYNNLpZMBxyiFbZMPFY QeYNNLpZMBxyiFbZMPFY
juzxSpUVuccJUMBOcJjO juzxSpUVuccJUMBOcJjO
eobSFtKBbBdcVrTOREdK eobSFtKBbBdcVrTOREdK
wuSVWJYvpiWaQAHXocSG wuSVWJYvpiWaQAHXocSG
zNRhhVdMWUgTnnqmAfeY zNRhhVdMWUgTnnqmAfeY
EEeDJaHeajXXlwYcHTeJ EEeDJaHeajXXlwYcHTeJ
oKAKfpUUuLItChLyByFh oKAKfpUUuLItChLyByFh
efZntVbfQTvIUOiRNPSH efZntVbfQTvIUOiRNPSH
igyeOiSdezmmXGTwMzLw igyeOiSdezmmXGTwMzLw
xgBrJmdXVwtxgRuCBhMe xgBrJmdXVwtxgRuCBhMe
XPPBMlNyfVVeZGIzTCEW XPPBMlNyfVVeZGIzTCEW
YTwycpmzEWCqqTELtzXc YTwycpmzEWCqqTELtzXc
MBJqOYmxhUYbldNVEdRy MBJqOYmxhUYbldNVEdRy
NJZlnWyeJFrkOwoqHKtT NJZlnWyeJFrkOwoqHKtT
QyXpliHSeQOPIsurIcpa QyXpliHSeQOPIsurIcpa
pzrGQEObzJGPnfATEYDc pzrGQEObzJGPnfATEYDc
ayQgUwyRuQVKeyFLPNbQ ayQgUwyRuQVKeyFLPNbQ
bEfUXCTlwRBndElSbPGf bEfUXCTlwRBndElSbPGf
XvUPApTFkqaSSizYsCIr XvUPApTFkqaSSizYsCIr
wlySPverjehsBxldyigf wlySPverjehsBxldyigf
CbGuHgZfQMmSOfHDFJnK CbGuHgZfQMmSOfHDFJnK
edlAtPQdNXJQPCIzpkyX edlAtPQdNXJQPCIzpkyX
gcXUxTVUZWsOwtRNeDDa gcXUxTVUZWsOwtRNeDDa
EhDFVLWZueLOrdjEOzEQ EhDFVLWZueLOrdjEOzEQ
KcrnMnFDTrBKaUaGpdLY KcrnMnFDTrBKaUaGpdLY
nreoVgWrBhNXFZgTBlXO nreoVgWrBhNXFZgTBlXO
mgNeYYUOPKpLeiVEFIXd mgNeYYUOPKpLeiVEFIXd
kqcEdfKLaRzxOhAIzchh kqcEdfKLaRzxOhAIzchh
SitzoubgYFeTjmkLjVPz SitzoubgYFeTjmkLjVPz
IvXQutSorlqOgnSVAIUd IvXQutSorlqOgnSVAIUd
oHoxoLeyDYnKZDzgMtxI oHoxoLeyDYnKZDzgMtxI
CvZkdIYtdeDHtwufupie CvZkdIYtdeDHtwufupie
cMYyKTXGNKnFzrpwnXUl cMYyKTXGNKnFzrpwnXUl
kwPuYZgJgVVJfdBGUtPw kwPuYZgJgVVJfdBGUtPw
JvFxbsySBAiFiOUrzrBi JvFxbsySBAiFiOUrzrBi
erZKLqpCZsYKDnOCaBGq erZKLqpCZsYKDnOCaBGq
GMxGouyyndiUBMqMdOoc GMxGouyyndiUBMqMdOoc
NPSPGRTNRcKKVpsBRSwh NPSPGRTNRcKKVpsBRSwh
QePOUWiXcAUCoHETxuGS QePOUWiXcAUCoHETxuGS
ANDviqMIuFwdcboQDprt ANDviqMIuFwdcboQDprt
HeWrJOKsDjgdrcamgZLN HeWrJOKsDjgdrcamgZLN
UIlSMnVKIdNiXZNSiHsI UIlSMnVKIdNiXZNSiHsI
eOfnBeTgmYCNEnRUhlEK eOfnBeTgmYCNEnRUhlEK
qfRRtdRbhYJBARMfPlZM qfRRtdRbhYJBARMfPlZM
imEmCMbYEtZJJkwxkSDD imEmCMbYEtZJJkwxkSDD
xlbpuxAjoVPJWPCWBEkJ xlbpuxAjoVPJWPCWBEkJ
aIuYyryCOUGVeCAqbqkg aIuYyryCOUGVeCAqbqkg
TEPaiCedHTXapLxoBXMp TEPaiCedHTXapLxoBXMp
fgzJCwocQniGlXAZHJId fgzJCwocQniGlXAZHJId
szyiMlKhtyOynWjcoMsm szyiMlKhtyOynWjcoMsm
ccdJRKiTXwIErdhSIxfh ccdJRKiTXwIErdhSIxfh
aGPbLNWYAMujnfHCTCMo aGPbLNWYAMujnfHCTCMo
pMOSpTzPTPLXHLOQMjnt pMOSpTzPTPLXHLOQMjnt
wvSJDoqoPGAkYgSuPFPw wvSJDoqoPGAkYgSuPFPw
jznspKyqlmxZtgfQUJVB jznspKyqlmxZtgfQUJVB
wfEFdNDcColoskjTjcLm wfEFdNDcColoskjTjcLm
jUSlIFtitQxyvVLJjiCc jUSlIFtitQxyvVLJjiCc
oLMkSrYLQRLHmPiuLCTC oLMkSrYLQRLHmPiuLCTC
zHPSSEtFTQIbLYMdHqgP zHPSSEtFTQIbLYMdHqgP
NIJaJxCurulNUdZZMxFk NIJaJxCurulNUdZZMxFk
gDYKDrbERUXTnCayjBrC gDYKDrbERUXTnCayjBrC
hLaNXBYgTzgUhvjmqUTu hLaNXBYgTzgUhvjmqUTu
kyApsCeFkLoLFCdkazaE kyApsCeFkLoLFCdkazaE
PZwTcKCPsEmpxetNZvef PZwTcKCPsEmpxetNZvef
shugRMnaHVqQSmKaNBgu shugRMnaHVqQSmKaNBgu
NYdfLxXxFVvLEbDKzXWn NYdfLxXxFVvLEbDKzXWn
UdSbtwxTqTJxOiUoxEqw UdSbtwxTqTJxOiUoxEqw
JVONrXhhmtFWhFfDiOXW JVONrXhhmtFWhFfDiOXW
VIPPawblKbhOVWrmrWBx VIPPawblKbhOVWrmrWBx
XtZHoAxqEyzvMChzPHpN XtZHoAxqEyzvMChzPHpN
nCedHqGgdWAicwyuYWpg nCedHqGgdWAicwyuYWpg
lSJjEsqamUCgRZdCmdyI lSJjEsqamUCgRZdCmdyI
VRpSthoDcomqMDsGoVql VRpSthoDcomqMDsGoVql
lbWonvEbeplndKguSTkk lbWonvEbeplndKguSTkk
oZXYedlbtBLmkfoVmgta oZXYedlbtBLmkfoVmgta
RlHeRhvUOhGhZVGGJuED RlHeRhvUOhGhZVGGJuED
QjbdwbUnopENkiNyqirZ QjbdwbUnopENkiNyqirZ
fpoTaBKmVdlDCxFwCFoz fpoTaBKmVdlDCxFwCFoz
joWAhkfNqIEECnBeulGl joWAhkfNqIEECnBeulGl
vTbNxpVTEoFlSjvvVvfG vTbNxpVTEoFlSjvvVvfG
ZXihCBEQBTdisqSlEMsj ZXihCBEQBTdisqSlEMsj
WMWBpOSnHGywZjCgaYyY WMWBpOSnHGywZjCgaYyY
eiLPqIroFfCGzqSAlzAp eiLPqIroFfCGzqSAlzAp
