oUyBZvEHNPOWtAsHANHU eWGFHgdBASXJbxQbYrCG hNRcEeFjmsmOnuOdNAXl eqwycKZriorIAbsUBjxu IYjdyvMygNfTgzjFTcfG fPXgzHQRqrJCbZvFpygp MeohNnftDTzllMTGwxnG CCYBPFZgoOONzoEeTKzC WNtREfXrntZpJjBWrnBQ JOFEBwAKkbqhkHCsIrdY UcwddMmmNJxPoUiuiyvm UgaWwXBplvlUJzfeuZdN hpQFeVriPZmwKZcYFAWN PojKKQvEDmFOnJinujFi DsLevMWgWFWOQXFMbaQy znYRMYifzQwyixuIXDnz IuNNJvHSmYKpVBzmzuJX rqqedkokePZFdhDbMNpX oapKxjojTZCDGhnDJTlT oapKxjojTZCDGhnDJTlT CcspnGXfrmzZRWjdMjLd XZRBuctXhYPbWardFSZS QMnEKXGwZYUlreveNjwA czawxGJYqFyCCNgFpXIE JOfLtcwEfpBInGeFAaVV OWCblOtQanZakRLMqMxz eWVKeYegIFOJxvfRkjek vUAlnOQiiNflifusqsxz cAvnOxZJtanpVvcAxJHM tItiZloipgPmLuONrNnZ JKNUHFrXPStBWMuUOVkj QFaSXENOfunmdZIBqDsS UMfDYlvFlUVuogMRkWNG lPMfQyVLDIZczBuDgsVQ lPMfQyVLDIZczBuDgsVQ UMfDYlvFlUVuogMRkWNG QFaSXENOfunmdZIBqDsS JKNUHFrXPStBWMuUOVkj ikjgYLaZRolSrbIYyKBd CXrruomvXfADUrHxMwZi CXrruomvXfADUrHxMwZi NBTlGJqSnWahMvuDlXAm NBTlGJqSnWahMvuDlXAm ikjgYLaZRolSrbIYyKBd tItiZloipgPmLuONrNnZ LemOEIyAWGqzIWrhGjyu LemOEIyAWGqzIWrhGjyu cAvnOxZJtanpVvcAxJHM vUAlnOQiiNflifusqsxz eWVKeYegIFOJxvfRkjek VVzvLIOwARaWwhQTKPrx VVzvLIOwARaWwhQTKPrx OWCblOtQanZakRLMqMxz JOfLtcwEfpBInGeFAaVV HtdxiYFdkhPmCThfcVBH oMKDNkBacLxexXKHqXfF sGIeLbvtYhGSzuuZRtFk sGIeLbvtYhGSzuuZRtFk oMKDNkBacLxexXKHqXfF YIofCjSpfjMZYcwDVdpu YIofCjSpfjMZYcwDVdpu HtdxiYFdkhPmCThfcVBH czawxGJYqFyCCNgFpXIE RoJsXhmBaCWhexsUOZgS JGmrlhNqKarRJZMikIzR gUlgGYCPZjsRiFLqnVun rcDqGMTBfohDvuDnEqbr rcDqGMTBfohDvuDnEqbr gUlgGYCPZjsRiFLqnVun fDAbzsYfiXDxOIsITcQl NVPacTSrBMpDkMBotiWB NVPacTSrBMpDkMBotiWB fDAbzsYfiXDxOIsITcQl JGmrlhNqKarRJZMikIzR RoJsXhmBaCWhexsUOZgS QMnEKXGwZYUlreveNjwA XZRBuctXhYPbWardFSZS CcspnGXfrmzZRWjdMjLd IUJDEWwYxhQimsCqnrFH IUJDEWwYxhQimsCqnrFH rqqedkokePZFdhDbMNpX IuNNJvHSmYKpVBzmzuJX znYRMYifzQwyixuIXDnz DsLevMWgWFWOQXFMbaQy PojKKQvEDmFOnJinujFi hpQFeVriPZmwKZcYFAWN oadpJVnrFLgMcAQvCfrz oadpJVnrFLgMcAQvCfrz UgaWwXBplvlUJzfeuZdN UcwddMmmNJxPoUiuiyvm JOFEBwAKkbqhkHCsIrdY WNtREfXrntZpJjBWrnBQ CCYBPFZgoOONzoEeTKzC MeohNnftDTzllMTGwxnG fPXgzHQRqrJCbZvFpygp IYjdyvMygNfTgzjFTcfG eqwycKZriorIAbsUBjxu hNRcEeFjmsmOnuOdNAXl eWGFHgdBASXJbxQbYrCG oUyBZvEHNPOWtAsHANHU
25
VVzvLIOwARaWwhQTKPrx VVzvLIOwARaWwhQTKPrx
hNRcEeFjmsmOnuOdNAXl hNRcEeFjmsmOnuOdNAXl
JKNUHFrXPStBWMuUOVkj JKNUHFrXPStBWMuUOVkj
MeohNnftDTzllMTGwxnG MeohNnftDTzllMTGwxnG
lPMfQyVLDIZczBuDgsVQ lPMfQyVLDIZczBuDgsVQ
IUJDEWwYxhQimsCqnrFH IUJDEWwYxhQimsCqnrFH
eWGFHgdBASXJbxQbYrCG eWGFHgdBASXJbxQbYrCG
NVPacTSrBMpDkMBotiWB NVPacTSrBMpDkMBotiWB
znYRMYifzQwyixuIXDnz znYRMYifzQwyixuIXDnz
NBTlGJqSnWahMvuDlXAm NBTlGJqSnWahMvuDlXAm
cAvnOxZJtanpVvcAxJHM cAvnOxZJtanpVvcAxJHM
CcspnGXfrmzZRWjdMjLd CcspnGXfrmzZRWjdMjLd
oMKDNkBacLxexXKHqXfF oMKDNkBacLxexXKHqXfF
IuNNJvHSmYKpVBzmzuJX IuNNJvHSmYKpVBzmzuJX
eWVKeYegIFOJxvfRkjek eWVKeYegIFOJxvfRkjek
QMnEKXGwZYUlreveNjwA QMnEKXGwZYUlreveNjwA
CXrruomvXfADUrHxMwZi CXrruomvXfADUrHxMwZi
CCYBPFZgoOONzoEeTKzC CCYBPFZgoOONzoEeTKzC
PojKKQvEDmFOnJinujFi PojKKQvEDmFOnJinujFi
gUlgGYCPZjsRiFLqnVun gUlgGYCPZjsRiFLqnVun
OWCblOtQanZakRLMqMxz OWCblOtQanZakRLMqMxz
eqwycKZriorIAbsUBjxu eqwycKZriorIAbsUBjxu
oUyBZvEHNPOWtAsHANHU oUyBZvEHNPOWtAsHANHU
UMfDYlvFlUVuogMRkWNG UMfDYlvFlUVuogMRkWNG
hpQFeVriPZmwKZcYFAWN hpQFeVriPZmwKZcYFAWN
