A B hC D E E D hC F G H H G F hJ hI hI K K N M L L M hO hP hP hO T hS hR Q Q hR hS U hV hW hW hV U AB hAA Z Y X X Y Z hAA AC AD AE AF AF AE AD AC AK AJ AI hAH AG AG hAH AI AJ hAL AM hAN AO AO hAN AM hAL hAR AQ AP AP AQ AS AT AU AU AT AS BA hAZ AY AX AW AV AV AW AX AY hAZ BB hBC BD hBE BF BF hBE BD hBC BB BL BK BJ BI BH hBG hBG BH BI BJ BK BM BN BO BP hBQ hBQ BP BO BN BM BU hBT hBS hBR hBR hBS hBT BV BW hBX hBX BW BV CA BZ BY BY BZ CB CC CC CB CE hCD hCD hCF hCF hCG hCG CE CA BU BL BA hAR AK AB T N hJ B A
26
hC hC
hI hI
hJ hJ
hO hO
hP hP
hV hV
hR hR
hS hS
hW hW
hAA hAA
hAH hAH
hAL hAL
hAN hAN
hAR hAR
hAZ hAZ
hBC hBC
hBE hBE
hBG hBG
hBQ hBQ
hBR hBR
hBS hBS
hBT hBT
hBX hBX
hCD hCD
hCF hCF
hCG hCG
