0 1 2 3 5 4 8 7 11 6 9 10 13 14 12 15 19 16 17 20 18 21 22 26 23 24 25 27 29 34 32 31 28 30 33 37 35 38 36 39 41 40 42 43 44 46 49 47 50 52 45 51 48 53 55 54 56 57 58 59 62 60 61 64 65 63 66 69 67 71 72 73 68 70 74 75 77 79 76 78 80 82 81 83 84 86 85 88 87 89 90 91 92 93 95 96 94 97 98 98 97 99 99 94 96 95 93 92 91 90 89 87 88 85 86 84 83 81 82 80 78 76 79 77 75 74 70 68 73 72 71 67 69 66 63 65 64 61 60 62 59 58 57 56 54 55 53 48 51 45 52 50 47 49 46 44 43 42 40 41 39 36 38 35 37 33 30 28 31 32 34 29 27 25 24 23 26 22 21 18 20 17 16 19 15 12 14 13 10 9 6 11 7 8 4 5 3 2 1 0
50
1 1
2 2
3 3
4 4
5 5
6 6
7 7
8 8
9 9
10 10
11 11
12 12
13 13
14 14
15 15
16 16
17 17
18 18
19 19
20 20
21 21
22 22
23 23
24 24
25 25
26 26
27 27
28 28
29 29
30 30
31 31
32 32
33 33
34 34
35 35
36 36
37 37
38 38
39 39
40 40
41 41
42 42
43 43
44 44
45 45
46 46
47 47
48 48
49 49
50 50
