0 1 2 4 3 5 6 9 7 10 11 8 12 16 14 13 17 15 18 19 20 22 21 24 23 25 26 27 28 29 30 31 32 35 36 33 37 34 39 38 40 42 41 44 47 43 45 48 46 52 50 49 53 57 51 54 56 55 58 59 60 61 62 63 64 66 68 65 67 69 70 71 73 74 72 76 77 78 79 80 81 75 82 83 85 87 84 88 89 90 86 91 96 92 93 95 97 94 99 98 100 103 106 101 102 107 104 108 109 110 105 111 112 113 119 118 114 115 116 120 117 121 123 125 126 124 127 130 128 132 122 131 134 135 129 140 137 133 136 141 138 142 146 139 143 147 144 148 150 145 149 151 154 155 152 153 156 157 158 161 159 162 163 164 160 166 167 168 165 169 170 172 171 174 173 175 177 178 179 176 181 182 183 180 186 185 184 189 187 190 191 188 192 197 193 198 198 193 196 194 199 195 195 199 194 196 197 192 188 191 190 187 189 184 185 186 180 183 182 181 176 179 178 177 175 173 174 171 172 170 169 165 168 167 166 160 164 163 162 159 161 158 157 156 153 152 155 154 151 149 145 150 148 144 147 143 139 146 142 138 141 136 133 137 140 129 135 134 131 122 132 128 130 127 124 126 125 123 121 117 120 116 115 114 118 119 113 112 111 105 110 109 108 104 107 102 101 106 103 100 98 99 94 97 95 93 92 96 91 86 90 89 88 84 87 85 83 82 75 81 80 79 78 77 76 72 74 73 71 70 69 67 65 68 66 64 63 62 61 60 59 58 55 56 54 51 57 53 49 50 52 46 48 45 43 47 44 41 42 40 38 39 34 37 33 36 35 32 31 30 29 28 27 26 25 23 24 21 22 20 19 18 15 17 13 14 16 12 8 11 10 7 9 6 5 3 4 2 1 0
100
1 1
2 2
3 3
4 4
5 5
6 6
7 7
8 8
9 9
10 10
11 11
12 12
13 13
14 14
15 15
16 16
17 17
18 18
19 19
20 20
21 21
22 22
23 23
24 24
25 25
26 26
27 27
28 28
29 29
30 30
31 31
32 32
33 33
34 34
35 35
36 36
37 37
38 38
39 39
40 40
41 41
42 42
43 43
44 44
45 45
46 46
47 47
48 48
49 49
50 50
51 51
52 52
53 53
54 54
55 55
56 56
57 57
58 58
59 59
60 60
61 61
62 62
63 63
64 64
65 65
66 66
67 67
68 68
69 69
70 70
71 71
72 72
73 73
74 74
75 75
76 76
77 77
78 78
79 79
80 80
81 81
82 82
83 83
84 84
85 85
86 86
87 87
88 88
89 89
90 90
91 91
92 92
93 93
94 94
95 95
96 96
97 97
98 98
99 99
100 100
