Jingzhou Ghugus Haliyal Sapporo Surkhpur Sertaozinho Ramjibanpur Falun Crespo Khabarovsk Chegem Frosinone JabalosSaraj TarguSecuiesc LePlessisTrevise AzZuwaytinah Sarzedo AbualMatamir Geilenkirchen Ermelo Sapele TorrePacheco Kiruna Tottori SanJosedeOcoa CiudaddelCarmen RamganjMandi Kirovsk Srinagar Payshanba SaintMichael Shagamu RioFormoso NovyyBuh Sagalo NiagaraFalls elCampello Shumen LaPossession Ketrzyn Herzliyya ZapadnoyeDegunino Xochimilco CroixdesBouquets Manduria Sanaa Kabarnet Chambersburg Simmerath Fredericia Vandavasi Lysva Shively Colachel Rembangan Thamaga MelitodiNapoli Dukuhturi Ronse Junagarh Westmont Westmont Puruliya ZurichKreis Ouarzazat Tacoma BurgbeiMagdeburg KampLintfort Pundong Khangarh Radnor LondonderryCountyBor Bodhan Tabatinga Huauchinango Depok CoonRapids SmederevskaPalanka Wittenau Eregli BeneBeraq Ibri Chittaranjan Chambly Gangtok TanahMerah Malnate Jeypore Entroncamento Shizunaifurukawacho Veenendaal Rangae Tikamgarh Tikamgarh Carouge Jinotega Piraeus FortLauderdale Bejucal KrasnoyeSelo Kheri Carmichael Carmichael Kheri KrasnoyeSelo Bejucal FortLauderdale Piraeus Jinotega Carouge Rangae Veenendaal Shizunaifurukawacho Entroncamento Jeypore Malnate TanahMerah Gangtok Chambly Chittaranjan Ibri BeneBeraq Eregli Wittenau SmederevskaPalanka CoonRapids Depok Huauchinango Tabatinga Bodhan LondonderryCountyBor Radnor Khangarh Pundong KampLintfort BurgbeiMagdeburg Tacoma Ouarzazat ZurichKreis Puruliya Junagarh Ronse Dukuhturi MelitodiNapoli Thamaga Rembangan Colachel Shively Lysva Vandavasi Fredericia Simmerath Chambersburg Kabarnet Sanaa Manduria CroixdesBouquets Xochimilco ZapadnoyeDegunino Herzliyya Ketrzyn LaPossession Shumen elCampello NiagaraFalls Sagalo NovyyBuh RioFormoso Shagamu SaintMichael Payshanba Srinagar Kirovsk RamganjMandi CiudaddelCarmen SanJosedeOcoa Tottori Kiruna TorrePacheco Sapele Ermelo Geilenkirchen AbualMatamir Sarzedo AzZuwaytinah LePlessisTrevise TarguSecuiesc JabalosSaraj Frosinone Chegem Khabarovsk Crespo Falun Ramjibanpur Sertaozinho Surkhpur Sapporo Haliyal Ghugus Jingzhou
50
CoonRapids CoonRapids
Sarzedo Sarzedo
SaintMichael SaintMichael
Colachel Colachel
Entroncamento Entroncamento
Chegem Chegem
Rembangan Rembangan
AzZuwaytinah AzZuwaytinah
Manduria Manduria
Gangtok Gangtok
Tottori Tottori
Ronse Ronse
Kirovsk Kirovsk
Ermelo Ermelo
Chittaranjan Chittaranjan
Depok Depok
Shizunaifurukawacho Shizunaifurukawacho
Crespo Crespo
Ibri Ibri
Lysva Lysva
Jeypore Jeypore
TanahMerah TanahMerah
Ghugus Ghugus
Khabarovsk Khabarovsk
Shively Shively
BurgbeiMagdeburg BurgbeiMagdeburg
Rangae Rangae
Kabarnet Kabarnet
Ouarzazat Ouarzazat
Sagalo Sagalo
Kheri Kheri
SanJosedeOcoa SanJosedeOcoa
LondonderryCountyBor LondonderryCountyBor
Shumen Shumen
Sanaa Sanaa
Thamaga Thamaga
Tabatinga Tabatinga
Veenendaal Veenendaal
Carouge Carouge
Radnor Radnor
JabalosSaraj JabalosSaraj
FortLauderdale FortLauderdale
BeneBeraq BeneBeraq
elCampello elCampello
Malnate Malnate
Srinagar Srinagar
Bejucal Bejucal
Carmichael Carmichael
RioFormoso RioFormoso
Ketrzyn Ketrzyn
