LesLilas Gastonia Kasamwa Oyonnax VerrieresleBuisson Alotenango Dadu AlBajur AscoliPiceno Fuxin Sevlievo SpanishTown NewtonAycliffe Zhaodong Grajau Cherkasy Aracuai Balachor Ibirataia Fili Gorgan Twante Fontem Hirosaki PriegodeCordoba Sosnovka HaciendaLaCalera Acarau NoblePark Bhatkal Wenchi Johnston SaintCyrlEcole Rafiganj Pamulang ElCentro DrexelHill Gowurdak Biskra Izhevsk Erba Langenhorn MineralnyeVody AshtonunderLyne Fujieda Kaifeng Kondrovo Ipaba EastLongmeadow Mocoa Berezhani Embu Nutley Milledgeville Alghero Namerikawa MontignyleBretonne GuaMusang Pinner WestIslip Djelfa Shobara Osan Lalago Buriram NuevoMexico Kikuchi Manacapuru Oerlinghausen Anjarah CamRanh Nangi Tansen Khulm Tangzhai Turek MadinatHamad AinArnat Battambang Haripur Arzamas FortWorth Razam Wangon HalfWayTree Vaniyambadi Yafo Shieli Lembang Bury Kemise Topi Sleaford NorthAurora VillaPauladeSarmient GongdanglegiKulon Espiye Ronnenberg Baramula Sorada SouthSaintPaul Lloydminster Morwa Bhusaval Purnia Haora TagbilaranCity Ortaca Itororo Anjozorobe Shurugwi SantanadoLivramento Tias Geyve Sasovo SanJuandelaMaguana Pozzuoli Marchena Wakuya Akcaabat Arang Skelmersdale Daokou NowaRuda Alnavar MonteAlegre CapimGrosso Mendes Tabou SenaMadureira Belalcazar Kairouan AinBessem Prostejov Klatovy Rhondda Kotka BlueIsland UlanBator Vyazniki Ontinyent CerroAzul Ceerigaabo Aringay Shimofurano Nagar Geiro Kushtia Kambove Magdeburg PortoVelho Bishopstoke KotRadhaKishan Malpe Braila Tempe Winnipeg Ranong Zalingei Rivas ChalcodeDiazCovarrub Gunzenhausen Kineshma Mondlo Shchekino Andrychow Arusha Hangu Mabopane Ipil Anjala Korsakov Naron ArRumaythiyah Chelles SenadorPompeu Angleton Wachtberg Butuan Acireale Banting FetestiGara Nahorkatiya AramokoEkiti Mauban Escada Licata Cachan Mandan NahiyatashShinafiyah Tsukuba MiguelAlemanLaDoce Bourgoin Protaras Sobue Karlsfeld Scottsdale Botad Pezinok Garbsen Garbsen Pezinok Botad Scottsdale Karlsfeld Sobue Protaras Bourgoin MiguelAlemanLaDoce Tsukuba NahiyatashShinafiyah Mandan Cachan Licata Escada Mauban AramokoEkiti Nahorkatiya FetestiGara Banting Acireale Butuan Wachtberg Angleton SenadorPompeu Chelles ArRumaythiyah Naron Korsakov Anjala Ipil Mabopane Hangu Arusha Andrychow Shchekino Mondlo Kineshma Gunzenhausen ChalcodeDiazCovarrub Rivas Zalingei Ranong Winnipeg Tempe Braila Malpe KotRadhaKishan Bishopstoke PortoVelho Magdeburg Kambove Kushtia Geiro Nagar Shimofurano Aringay Ceerigaabo CerroAzul Ontinyent Vyazniki UlanBator BlueIsland Kotka Rhondda Klatovy Prostejov AinBessem Kairouan Belalcazar SenaMadureira Tabou Mendes CapimGrosso MonteAlegre Alnavar NowaRuda Daokou Skelmersdale Arang Akcaabat Wakuya Marchena Pozzuoli SanJuandelaMaguana Sasovo Geyve Tias SantanadoLivramento Shurugwi Anjozorobe Itororo Ortaca TagbilaranCity Haora Purnia Bhusaval Morwa Lloydminster SouthSaintPaul Sorada Baramula Ronnenberg Espiye GongdanglegiKulon VillaPauladeSarmient NorthAurora Sleaford Topi Kemise Bury Lembang Shieli Yafo Vaniyambadi HalfWayTree Wangon Razam FortWorth Arzamas Haripur Battambang AinArnat MadinatHamad Turek Tangzhai Khulm Tansen Nangi CamRanh Anjarah Oerlinghausen Manacapuru Kikuchi NuevoMexico Buriram Lalago Osan Shobara Djelfa WestIslip Pinner GuaMusang MontignyleBretonne Namerikawa Alghero Milledgeville Nutley Embu Berezhani Mocoa EastLongmeadow Ipaba Kondrovo Kaifeng Fujieda AshtonunderLyne MineralnyeVody Langenhorn Erba Izhevsk Biskra Gowurdak DrexelHill ElCentro Pamulang Rafiganj SaintCyrlEcole Johnston Wenchi Bhatkal NoblePark Acarau HaciendaLaCalera Sosnovka PriegodeCordoba Hirosaki Fontem Twante Gorgan Fili Ibirataia Balachor Aracuai Cherkasy Grajau Zhaodong NewtonAycliffe SpanishTown Sevlievo Fuxin AscoliPiceno AlBajur Dadu Alotenango VerrieresleBuisson Oyonnax Kasamwa Gastonia LesLilas
100
Khulm Khulm
Kemise Kemise
Hirosaki Hirosaki
SanJuandelaMaguana SanJuandelaMaguana
Shchekino Shchekino
Braila Braila
SenaMadureira SenaMadureira
Shimofurano Shimofurano
AinArnat AinArnat
Rhondda Rhondda
Morwa Morwa
Ibirataia Ibirataia
Hangu Hangu
SouthSaintPaul SouthSaintPaul
Andrychow Andrychow
Garbsen Garbsen
Sobue Sobue
Sosnovka Sosnovka
Rivas Rivas
PriegodeCordoba PriegodeCordoba
Yafo Yafo
Haora Haora
Haripur Haripur
CapimGrosso CapimGrosso
AinBessem AinBessem
Ontinyent Ontinyent
Arzamas Arzamas
SpanishTown SpanishTown
Johnston Johnston
Nagar Nagar
Turek Turek
Belalcazar Belalcazar
Espiye Espiye
SenadorPompeu SenadorPompeu
KotRadhaKishan KotRadhaKishan
BlueIsland BlueIsland
MadinatHamad MadinatHamad
Butuan Butuan
Vyazniki Vyazniki
Langenhorn Langenhorn
Angleton Angleton
Kambove Kambove
Mocoa Mocoa
Kaifeng Kaifeng
Zhaodong Zhaodong
Fuxin Fuxin
WestIslip WestIslip
SaintCyrlEcole SaintCyrlEcole
Akcaabat Akcaabat
Anjarah Anjarah
Baramula Baramula
Acireale Acireale
Gunzenhausen Gunzenhausen
Vaniyambadi Vaniyambadi
Tabou Tabou
TagbilaranCity TagbilaranCity
ChalcodeDiazCovarrub ChalcodeDiazCovarrub
Itororo Itororo
HaciendaLaCalera HaciendaLaCalera
Kairouan Kairouan
Lloydminster Lloydminster
NoblePark NoblePark
Aracuai Aracuai
Shieli Shieli
Prostejov Prostejov
NahiyatashShinafiyah NahiyatashShinafiyah
Bury Bury
VillaPauladeSarmient VillaPauladeSarmient
MineralnyeVody MineralnyeVody
Izhevsk Izhevsk
Kotka Kotka
Oerlinghausen Oerlinghausen
FetestiGara FetestiGara
Manacapuru Manacapuru
Pozzuoli Pozzuoli
Shurugwi Shurugwi
Gowurdak Gowurdak
Kineshma Kineshma
Acarau Acarau
GuaMusang GuaMusang
Pezinok Pezinok
Gorgan Gorgan
Mabopane Mabopane
Twante Twante
Sorada Sorada
Daokou Daokou
Escada Escada
EastLongmeadow EastLongmeadow
Embu Embu
Korsakov Korsakov
Wangon Wangon
Battambang Battambang
MonteAlegre MonteAlegre
Wenchi Wenchi
PortoVelho PortoVelho
Ortaca Ortaca
AshtonunderLyne AshtonunderLyne
Skelmersdale Skelmersdale
FortWorth FortWorth
SantanadoLivramento SantanadoLivramento
