Kaimganj Fagaras Pilibhit Irvine Irvine Norristown Brecht Condado Marseille Dankov Narangba SantiagodeCuba Madurai Hita Malaybalay Racine Kamalia Cambui Albi Karasuyama Tsukawaki Yucheng Gose Luckenwalde Trinec Providence Tsirang Mesa EncarnaciondeDiaz MorlanwelzMariemont Anahuac Novopokrovskaya Xankandi Bhudgaon Isakogorka Korolev Fandriana BlueIsland Vagonoremont Kawit GobernadorGalvez Gobo Yamaguchi Tocache Kansk PinhalNovo MilpaAlta Pinas Jalaun MontecatiniTerme Leixlip Leixlip MontecatiniTerme Jalaun Pinas MilpaAlta PinhalNovo Kansk Tocache Yamaguchi Gobo GobernadorGalvez Kawit Vagonoremont BlueIsland Fandriana Korolev Isakogorka Bhudgaon Xankandi Novopokrovskaya Anahuac MorlanwelzMariemont EncarnaciondeDiaz Mesa Tsirang Providence Trinec Luckenwalde Gose Yucheng Tsukawaki Karasuyama Albi Cambui Kamalia Racine Malaybalay Hita Madurai SantiagodeCuba Narangba Dankov Marseille Condado Brecht Norristown Pilibhit Fagaras Kaimganj
25
Albi Albi
PinhalNovo PinhalNovo
Tsukawaki Tsukawaki
Narangba Narangba
Tocache Tocache
Novopokrovskaya Novopokrovskaya
Karasuyama Karasuyama
Dankov Dankov
Fagaras Fagaras
Yucheng Yucheng
Isakogorka Isakogorka
Tsirang Tsirang
EncarnaciondeDiaz EncarnaciondeDiaz
Pilibhit Pilibhit
Gobo Gobo
Brecht Brecht
Leixlip Leixlip
Fandriana Fandriana
Irvine Irvine
Korolev Korolev
MontecatiniTerme MontecatiniTerme
MilpaAlta MilpaAlta
GobernadorGalvez GobernadorGalvez
Racine Racine
Anahuac Anahuac
