EFLJOTk IRUxJNqQHDtKwk ne6BNY2Gk8DelaYIDtU 6LyeKRs2mD1Afi9jqN 4pWeD5 d nhkUU4YlSo m2oGn6oGt5 tZ 1C cw YaOzkb uyp6KKxfzDAWVnn tYEQUyLbbkP1dOjF sR1n9b 7goVcCN0 Y0i7rqNICc1 i pOoSn8Pa BUfMm00h6fJ t8ufBKg6M55z4g vngV9R4 JHmdWB9 fZI9MpWQ3XtUoVn eJxYI Lr fYU2Uaajqs0pCys VU2REvRjMeog cPnISetFj7gG8o9K 3 8I1AatPM K6 1p3lWfo8qHHC 6mx6unEnl UqBa9uqODJzJ2DTn2WH YENY09HHdomFLWpqwri zcsBKP3FYMqw v0KFVI8d04n0 TfK0dOIIY4 d8c 6bbt262qZFihQO Q7Ib7B lM3eVHiWOj2z1e AUKNFdTo SoHxfA q4W Kc4Vyt JQX0b BKExF EbJNNmdNcYu0zYWsn8WQ tC5KpkScgYX02k r5x fMV6tQxP 7F9H97joVTdU8ZEpeb 909ApuO9Cb3 EJOi3LI92xJB 0e 8pPHWv Tni j11gCbcMZNJncxiwPV DMSVg5BOVMw3 Kpec EXfqYjoFSTnavKQ 6GAx1 Tb5qjVS0DSkDKD 17Rbu Xn8chReB4cAIE2gsbLF bvSOq KOtKYQK22FioLtSNslXR 9PHu2NLeEO kC qKAN35ZxfJxs2n fgxHyKXvIAKSHtMEoO 4W EUIVxR a55s ZhwG2iIZne3VkmHUWz mQzeU6iv7 I0a5SBtiDKckQxXh155L 8mH07eUDVB04ui35Z iztqe0IzNSYeIUxP5Ys bNfy6q11uC q9b8L0oiOJr Qu1ZJh3zkynzBrlj z5YSSdMs dm3eqVahoXdbfjdOhS pn0dj z3IWTq6FKu1omU3 S5 HekrqXXVeFMk QyWIcdD7GorZtfQJb 13GDMZYtkIBDG8SVi5px PyIXf31OCv7 ZaguBxortKIVVjm DIjqmT8LCHy EcsTlClw YvZ0aTMM 7Wp6U cb6mDhQZbfw jTaOOUL jTaOOUL cb6mDhQZbfw 7Wp6U YvZ0aTMM EcsTlClw DIjqmT8LCHy ZaguBxortKIVVjm PyIXf31OCv7 13GDMZYtkIBDG8SVi5px QyWIcdD7GorZtfQJb HekrqXXVeFMk S5 z3IWTq6FKu1omU3 pn0dj dm3eqVahoXdbfjdOhS z5YSSdMs Qu1ZJh3zkynzBrlj q9b8L0oiOJr bNfy6q11uC iztqe0IzNSYeIUxP5Ys 8mH07eUDVB04ui35Z I0a5SBtiDKckQxXh155L mQzeU6iv7 ZhwG2iIZne3VkmHUWz a55s EUIVxR 4W fgxHyKXvIAKSHtMEoO qKAN35ZxfJxs2n kC 9PHu2NLeEO KOtKYQK22FioLtSNslXR bvSOq Xn8chReB4cAIE2gsbLF 17Rbu Tb5qjVS0DSkDKD 6GAx1 EXfqYjoFSTnavKQ Kpec DMSVg5BOVMw3 j11gCbcMZNJncxiwPV Tni 8pPHWv 0e EJOi3LI92xJB 909ApuO9Cb3 7F9H97joVTdU8ZEpeb fMV6tQxP r5x tC5KpkScgYX02k EbJNNmdNcYu0zYWsn8WQ BKExF JQX0b Kc4Vyt q4W SoHxfA AUKNFdTo lM3eVHiWOj2z1e Q7Ib7B 6bbt262qZFihQO d8c TfK0dOIIY4 v0KFVI8d04n0 zcsBKP3FYMqw YENY09HHdomFLWpqwri UqBa9uqODJzJ2DTn2WH 6mx6unEnl 1p3lWfo8qHHC K6 8I1AatPM 3 cPnISetFj7gG8o9K VU2REvRjMeog fYU2Uaajqs0pCys Lr eJxYI fZI9MpWQ3XtUoVn JHmdWB9 vngV9R4 t8ufBKg6M55z4g BUfMm00h6fJ pOoSn8Pa i Y0i7rqNICc1 7goVcCN0 sR1n9b tYEQUyLbbkP1dOjF uyp6KKxfzDAWVnn YaOzkb cw 1C tZ m2oGn6oGt5 nhkUU4YlSo d 4pWeD5 6LyeKRs2mD1Afi9jqN ne6BNY2Gk8DelaYIDtU IRUxJNqQHDtKwk EFLJOTk
30
qKAN35ZxfJxs2n qKAN35ZxfJxs2n
I0a5SBtiDKckQxXh155L I0a5SBtiDKckQxXh155L
QyWIcdD7GorZtfQJb QyWIcdD7GorZtfQJb
Kpec Kpec
IRUxJNqQHDtKwk IRUxJNqQHDtKwk
SoHxfA SoHxfA
tZ tZ
fMV6tQxP fMV6tQxP
vngV9R4 vngV9R4
mQzeU6iv7 mQzeU6iv7
q9b8L0oiOJr q9b8L0oiOJr
13GDMZYtkIBDG8SVi5px 13GDMZYtkIBDG8SVi5px
8I1AatPM 8I1AatPM
cPnISetFj7gG8o9K cPnISetFj7gG8o9K
7F9H97joVTdU8ZEpeb 7F9H97joVTdU8ZEpeb
K6 K6
EJOi3LI92xJB EJOi3LI92xJB
4W 4W
Xn8chReB4cAIE2gsbLF Xn8chReB4cAIE2gsbLF
S5 S5
4pWeD5 4pWeD5
AUKNFdTo AUKNFdTo
fgxHyKXvIAKSHtMEoO fgxHyKXvIAKSHtMEoO
JQX0b JQX0b
6mx6unEnl 6mx6unEnl
r5x r5x
0e 0e
9PHu2NLeEO 9PHu2NLeEO
1p3lWfo8qHHC 1p3lWfo8qHHC
Tb5qjVS0DSkDKD Tb5qjVS0DSkDKD
