lyenDXSN GPeb 2tgqbRzViyLj2zTX LLftB9CiFP0 O7r2ToU4q2kmCB M1PxrOPSNUVpc 4OqtpC tfSU vAIBd1Ae mQZe w8EWCroyCh3Um yhhlTVr0wSq5W hjCFXN9kbqn0UCNsZ 1BLIxJsmB2tIIyjdWfA SO WtgcpK6YcXk BR 9jv9EQFEfuNtFB4nf G50hiUpVStHCMrd A rsx24rm PeQXpKEC VTwz KtvQaJqCJTRpXM8ZI FLdC aKWcP6bZBJ6CjFtJmYS1 Qocm7a8zSJz0xJ a5oWSrhkZ1i KTvdjgP8tvhZu1m 9fLVojn biohkm 4q56Ohva6NTLbWVwz wcmx8dhmsO zR86cxoBR1iHZrBRq s uVkk2UHlyULVLBr3U Uq33lr5 2AR73oQdnbYqnDCGMFS C8PRtY0wMczFLQQYxa uy3ouNIxumu7jEuoP1 QqJi086VlxfXT0 thb6t42A0YG hpRsyMlXH1H JyObTOXbOI hU w5sd5 m ZDtYWltAxD3Y PuHLBR9bv11yLyu KwadrVmn1cVf2X1 5MmyogVjSm K6yVeBnomxSBet MBLHuIgjJIXs 6yeW7sat9rvd LdA Vfe589mWfZoDleGgD F8ti 7h2PJW8oD2ihKQrfQ6 VgyX6hB dygEexsyZY 4MdwVqEIlp6vzohvUqY KXiqhMJ tPnWG wKxe K0A9bbVLm9atwTf l LljTxAKERGoxX SMo1 ktk7W 5esNrDc31UHHlpRecnb 8WC96lJgiKzF0uPcak cHKeh1 Uwlc 8tafV1bFRuaPvhP llx2p s6JxFNKQ td2wE Plmj0j 49JO1dg0kSXirC4 ATcHai3SBHuvmr zQBDaS jvdVvQ zI D EJDqk PZxwb8n DYfBQTocj 4OPV7 YjVTJewvHTIGLa 61 mMU5Ux7Gh9w eIy4pbuoWfucC 4VjCZBepqzXh5AWCnHpa nWkakNi6Qt9d4g JO9N0rYR9egCTahDaDOm JkLZO8DirKOG2bdj Mu 6DVIvuGfPs2BU txdRlSWkHoanZg udWCYo fWX hVfqebryM4wN HwQeXpOEZHQ3s gNAsryh Lz2zTm pl4FvR b4e4 2BK3B09h6iII S8DQEZtWlk6ka46PO qdOugTsQERXKb12woNAZ g5rTdl BMNlDfk8j64 E3J9WM6DT0Hetm4lXQFQ DSCiFbOpP1bUCb CLzQHzEelbJh7NPN8 ImSpax cnYBED3IXb5fpZ DcRHjg8DDY6vnwByRY IBvm5T3IOF MEFvk V8N 51U5ZX sY1Se4a5xWrc6 uZBV4AOX6KwHj3c5o fGVqheaVU3e f9euNCVEF2WwHc0CWSy5 FGQD6P VqPxGiIZmFgz8XR 4c VNvsbB7eWJcAK0fU vbDYJme 1ds7sqHhanMKkMy 2FvJIR5cRPGGLqP D5kg s5vYb4jZWyq9Wl1 wBJRoqVxn1t Ei2w ejGARlqqTb 4W7XMqHRn91kRc1Bw1W frNA534JEvY4f BxWuSWm4FxUYL tQCCGXS3bmOeuRG zzYmU5YFhvp1 sAyhAIwP2OT77F2er gCIPN 7Q 8LlDxR2Epx2J QLffPTeZl kwwpZt08lUaaVbp STJYwXq9HmmawT WTx IT NgQY7 DPiFN0NPjkicbuWV Uj7D71ia6c4InD2TM dOlk hJ5qxKBbKOA34kfchbm8 55SpzsmtpxRH5 ZaJkOr3tQhFHqe Nro8QqD7 SVbyt excLR25Y6DhCWxI u5jKUWj2LjAYIRn8hhl qyauMx3AEqGdHObLiiL RG2YgH8N22A6BkFVBj cYPTdnJWL 7vYBrU9Z eMRqWqXSSf3JtA nHG TCBmdyw Iax35 CQB6bT3umR8xT9glKpn8 rzakQDW Lg6vVK8maXvZ6YX PkjfPBo LMfJF3uF5T1mE7y nqeGwct A67f luVwbYvIclTUxL5SnKV aqo CmV 8 vJxAK1LaHyuu4yFNeul z rjuIDs NddIguoLVxcrf pyuS7PRB7WW E1fUYbO4wVjiEjEuf atG6EA8t lt1a5E0H YGlQfVj9 SB3y6f6tUh L fzp o3refHnx4qioqHztqMYE 76MTLMkt akZmiQ7tmX cs0 f 5TLmyf 5TLmyf f cs0 akZmiQ7tmX 76MTLMkt o3refHnx4qioqHztqMYE fzp L SB3y6f6tUh YGlQfVj9 lt1a5E0H atG6EA8t E1fUYbO4wVjiEjEuf pyuS7PRB7WW NddIguoLVxcrf rjuIDs z vJxAK1LaHyuu4yFNeul 8 CmV aqo luVwbYvIclTUxL5SnKV A67f nqeGwct LMfJF3uF5T1mE7y PkjfPBo Lg6vVK8maXvZ6YX rzakQDW CQB6bT3umR8xT9glKpn8 Iax35 TCBmdyw nHG eMRqWqXSSf3JtA 7vYBrU9Z cYPTdnJWL RG2YgH8N22A6BkFVBj qyauMx3AEqGdHObLiiL u5jKUWj2LjAYIRn8hhl excLR25Y6DhCWxI SVbyt Nro8QqD7 ZaJkOr3tQhFHqe 55SpzsmtpxRH5 hJ5qxKBbKOA34kfchbm8 dOlk Uj7D71ia6c4InD2TM DPiFN0NPjkicbuWV NgQY7 IT WTx STJYwXq9HmmawT kwwpZt08lUaaVbp QLffPTeZl 8LlDxR2Epx2J 7Q gCIPN sAyhAIwP2OT77F2er zzYmU5YFhvp1 tQCCGXS3bmOeuRG BxWuSWm4FxUYL frNA534JEvY4f 4W7XMqHRn91kRc1Bw1W ejGARlqqTb Ei2w wBJRoqVxn1t s5vYb4jZWyq9Wl1 D5kg 2FvJIR5cRPGGLqP 1ds7sqHhanMKkMy vbDYJme VNvsbB7eWJcAK0fU 4c VqPxGiIZmFgz8XR FGQD6P f9euNCVEF2WwHc0CWSy5 fGVqheaVU3e uZBV4AOX6KwHj3c5o sY1Se4a5xWrc6 51U5ZX V8N MEFvk IBvm5T3IOF DcRHjg8DDY6vnwByRY cnYBED3IXb5fpZ ImSpax CLzQHzEelbJh7NPN8 DSCiFbOpP1bUCb E3J9WM6DT0Hetm4lXQFQ BMNlDfk8j64 g5rTdl qdOugTsQERXKb12woNAZ S8DQEZtWlk6ka46PO 2BK3B09h6iII b4e4 pl4FvR Lz2zTm gNAsryh HwQeXpOEZHQ3s hVfqebryM4wN fWX udWCYo txdRlSWkHoanZg 6DVIvuGfPs2BU Mu JkLZO8DirKOG2bdj JO9N0rYR9egCTahDaDOm nWkakNi6Qt9d4g 4VjCZBepqzXh5AWCnHpa eIy4pbuoWfucC mMU5Ux7Gh9w 61 YjVTJewvHTIGLa 4OPV7 DYfBQTocj PZxwb8n EJDqk D zI jvdVvQ zQBDaS ATcHai3SBHuvmr 49JO1dg0kSXirC4 Plmj0j td2wE s6JxFNKQ llx2p 8tafV1bFRuaPvhP Uwlc cHKeh1 8WC96lJgiKzF0uPcak 5esNrDc31UHHlpRecnb ktk7W SMo1 LljTxAKERGoxX l K0A9bbVLm9atwTf wKxe tPnWG KXiqhMJ 4MdwVqEIlp6vzohvUqY dygEexsyZY VgyX6hB 7h2PJW8oD2ihKQrfQ6 F8ti Vfe589mWfZoDleGgD LdA 6yeW7sat9rvd MBLHuIgjJIXs K6yVeBnomxSBet 5MmyogVjSm KwadrVmn1cVf2X1 PuHLBR9bv11yLyu ZDtYWltAxD3Y m w5sd5 hU JyObTOXbOI hpRsyMlXH1H thb6t42A0YG QqJi086VlxfXT0 uy3ouNIxumu7jEuoP1 C8PRtY0wMczFLQQYxa 2AR73oQdnbYqnDCGMFS Uq33lr5 uVkk2UHlyULVLBr3U s zR86cxoBR1iHZrBRq wcmx8dhmsO 4q56Ohva6NTLbWVwz biohkm 9fLVojn KTvdjgP8tvhZu1m a5oWSrhkZ1i Qocm7a8zSJz0xJ aKWcP6bZBJ6CjFtJmYS1 FLdC KtvQaJqCJTRpXM8ZI VTwz PeQXpKEC rsx24rm A G50hiUpVStHCMrd 9jv9EQFEfuNtFB4nf BR WtgcpK6YcXk SO 1BLIxJsmB2tIIyjdWfA hjCFXN9kbqn0UCNsZ yhhlTVr0wSq5W w8EWCroyCh3Um mQZe vAIBd1Ae tfSU 4OqtpC M1PxrOPSNUVpc O7r2ToU4q2kmCB LLftB9CiFP0 2tgqbRzViyLj2zTX GPeb lyenDXSN
40
G50hiUpVStHCMrd G50hiUpVStHCMrd
BR BR
hU hU
MBLHuIgjJIXs MBLHuIgjJIXs
CmV CmV
frNA534JEvY4f frNA534JEvY4f
VNvsbB7eWJcAK0fU VNvsbB7eWJcAK0fU
hjCFXN9kbqn0UCNsZ hjCFXN9kbqn0UCNsZ
L L
nWkakNi6Qt9d4g nWkakNi6Qt9d4g
nqeGwct nqeGwct
l l
wBJRoqVxn1t wBJRoqVxn1t
zzYmU5YFhvp1 zzYmU5YFhvp1
lt1a5E0H lt1a5E0H
wcmx8dhmsO wcmx8dhmsO
GPeb GPeb
vAIBd1Ae vAIBd1Ae
akZmiQ7tmX akZmiQ7tmX
Mu Mu
K0A9bbVLm9atwTf K0A9bbVLm9atwTf
Plmj0j Plmj0j
6DVIvuGfPs2BU 6DVIvuGfPs2BU
ImSpax ImSpax
llx2p llx2p
zI zI
o3refHnx4qioqHztqMYE o3refHnx4qioqHztqMYE
hVfqebryM4wN hVfqebryM4wN
7Q 7Q
A67f A67f
vJxAK1LaHyuu4yFNeul vJxAK1LaHyuu4yFNeul
6yeW7sat9rvd 6yeW7sat9rvd
jvdVvQ jvdVvQ
61 61
f f
HwQeXpOEZHQ3s HwQeXpOEZHQ3s
cYPTdnJWL cYPTdnJWL
2AR73oQdnbYqnDCGMFS 2AR73oQdnbYqnDCGMFS
KtvQaJqCJTRpXM8ZI KtvQaJqCJTRpXM8ZI
M1PxrOPSNUVpc M1PxrOPSNUVpc
