0 1 2 3 4 5 6 7 8 9 10 11 12 13 16 14 15 18 19 17 20 21 22 23 24 25 26 27 28 29 30 37 32 33 31 34 35 36 38 39 40 42 43 41 44 45 46 47 49 48 51 50 53 54 55 58 52 59 57 56 60 61 62 68 63 66 64 79 71 69 75 74 83 72 81 73 77 85 80 65 67 78 78 91 87 86 94 94 86 87 93 92 92 93 91 67 76 70 96 96 70 76 65 89 90 84 84 90 89 80 88 88 85 77 73 81 82 82 72 83 74 75 69 71 79 64 66 63 68 62 61 60 56 57 59 52 58 55 54 53 50 51 48 49 47 99 99 46 45 44 95 95 41 43 42 40 39 38 36 35 34 31 33 32 37 30 98 98 29 28 27 26 25 24 23 22 21 20 17 19 18 15 14 16 13 12 11 10 9 8 7 6 5 4 3 2 1 97 97 0
50
25 25
14 14
12 12
9 9
35 35
44 44
58 58
77 77
53 53
95 95
94 94
15 15
75 75
67 67
69 69
50 50
33 33
8 8
68 68
93 93
39 39
40 40
99 99
46 46
62 62
89 89
90 90
83 83
81 81
37 37
51 51
36 36
56 56
84 84
29 29
43 43
88 88
65 65
97 97
82 82
21 21
54 54
91 91
6 6
71 71
16 16
31 31
72 72
87 87
32 32
