0 1 2 5 3 4 7 6 8 19 14 9 11 10 15 12 20 13 21 16 17 23 18 22 27 25 26 24 30 28 29 32 31 33 39 34 35 36 37 38 40 43 41 44 42 49 46 45 48 47 53 50 51 52 54 55 56 59 57 58 62 61 63 64 65 68 60 66 67 71 69 72 74 73 70 75 76 78 77 79 81 82 84 83 80 85 86 90 87 88 89 91 96 92 95 94 93 98 97 100 101 99 102 103 104 105 107 111 108 106 112 109 110 113 115 114 116 121 118 117 119 122 124 120 127 125 130 128 123 126 131 134 132 129 138 135 133 139 140 136 137 141 143 147 142 148 145 146 149 144 150 151 155 152 156 153 154 159 157 158 161 162 165 160 164 163 169 167 171 168 166 172 170 174 173 178 177 175 179 176 183 185 180 181 182 187 184 186 188 190 189 192 191 193 194 195 198 197 197 199 196 196 199 198 195 194 193 191 192 189 190 188 186 184 187 182 181 180 185 183 176 179 175 177 178 173 174 170 172 166 168 171 167 169 163 164 160 165 162 161 158 157 159 154 153 156 152 155 151 150 144 149 146 145 148 142 147 143 141 137 136 140 139 133 135 138 129 132 134 131 126 123 128 130 125 127 120 124 122 119 117 118 121 116 114 115 113 110 109 112 106 108 111 107 105 104 103 102 99 101 100 97 98 93 94 95 92 96 91 89 88 87 90 86 85 80 83 84 82 81 79 77 78 76 75 70 73 74 72 69 71 67 66 60 68 65 64 63 61 62 58 57 59 56 55 54 52 51 50 53 47 48 45 46 49 42 44 41 43 40 38 37 36 35 34 39 33 31 32 29 28 30 24 26 25 27 22 18 23 17 16 21 13 20 12 15 10 11 9 14 19 8 6 7 4 3 5 2 1 0
100
185 185
175 175
196 196
38 38
66 66
172 172
162 162
25 25
83 83
146 146
43 43
6 6
105 105
104 104
19 19
26 26
32 32
81 81
121 121
148 148
115 115
187 187
53 53
51 51
182 182
160 160
85 85
84 84
109 109
23 23
174 174
132 132
125 125
103 103
20 20
52 52
190 190
62 62
8 8
176 176
24 24
21 21
48 48
64 64
72 72
78 78
65 65
41 41
30 30
5 5
68 68
59 59
56 56
163 163
60 60
14 14
3 3
76 76
71 71
35 35
173 173
114 114
39 39
70 70
110 110
40 40
42 42
166 166
151 151
183 183
171 171
88 88
57 57
144 144
116 116
77 77
188 188
195 195
159 159
55 55
22 22
119 119
107 107
10 10
126 126
100 100
113 113
37 37
0 0
168 168
191 191
102 102
134 134
86 86
93 93
169 169
58 58
67 67
96 96
97 97
