0 1 2 3 4 5 6 7 8 9 10 11 12 13 14 15 16 17 18 19 20 21 22 23 24 25 26 27 28 29 30 31 32 33 34 35 36 37 39 38 40 41 42 43 44 45 46 47 48 49 51 50 52 53 54 55 56 57 58 60 59 61 62 63 64 66 99 65 71 67 70 73 68 69 74 72 76 75 77 79 80 96 82 95 81 97 84 84 87 89 89 87 90 90 93 93 94 94 97 81 86 86 88 88 95 82 96 80 79 77 75 76 72 74 69 85 85 68 73 70 67 83 83 92 92 98 98 71 65 78 78 99 66 91 91 64 63 62 61 59 60 58 57 56 55 54 53 52 50 51 49 48 47 46 45 44 43 42 41 40 38 39 37 36 35 34 33 32 31 30 29 28 27 26 25 24 23 22 21 20 19 18 17 16 15 14 13 12 11 10 9 8 7 6 5 4 3 2 1 0
35
65 65
66 66
67 67
68 68
69 69
70 70
71 71
72 72
73 73
74 74
75 75
76 76
77 77
78 78
79 79
80 80
81 81
82 82
83 83
84 84
85 85
86 86
87 87
88 88
89 89
90 90
91 91
92 92
93 93
94 94
95 95
96 96
97 97
98 98
99 99
