0 1 2 3 4 5 6 9 7 8 10 11 12 13 15 14 16 17 18 19 20 21 22 23 24 27 25 26 29 28 30 31 32 34 33 36 37 35 39 38 40 42 41 43 44 45 46 48 47 49 50 51 52 53 54 55 57 56 59 58 60 61 62 63 65 64 67 66 68 69 71 72 70 76 74 73 77 78 75 79 80 81 82 84 83 85 87 88 86 89 90 91 93 92 94 96 97 95 99 98 100 101 102 105 104 103 106 107 108 109 110 111 114 115 112 116 113 118 117 119 120 121 123 122 124 125 126 127 129 128 128 129 130 131 132 133 134 135 137 136 143 138 142 144 145 146 148 151 139 165 141 174 140 140 147 159 150 149 153 154 152 162 156 158 166 171 168 160 176 155 179 161 193 167 185 172 175 173 177 183 170 197 157 157 164 164 169 169 180 180 184 186 187 187 188 188 191 196 194 198 198 199 199 194 196 191 186 184 195 195 197 170 190 190 183 177 173 175 172 181 181 185 167 193 161 192 192 179 155 182 182 176 160 168 171 166 158 156 162 152 154 153 149 150 189 189 159 147 163 163 174 141 165 139 151 148 146 145 144 142 138 143 136 137 135 134 133 132 131 130 127 178 178 126 125 124 122 123 121 120 119 117 118 113 116 112 115 114 111 110 109 108 107 106 103 104 105 102 101 100 98 99 95 97 96 94 92 93 91 90 89 86 88 87 85 83 84 82 81 80 79 75 78 77 73 74 76 70 72 71 69 68 66 67 64 65 63 62 61 60 58 59 56 57 55 54 53 52 51 50 49 47 48 46 45 44 43 41 42 40 38 39 35 37 36 33 34 32 31 30 28 29 26 25 27 24 23 22 21 20 19 18 17 16 14 15 13 12 11 10 8 7 9 6 5 4 3 2 1 0
70
130 130
131 131
132 132
133 133
134 134
135 135
136 136
137 137
138 138
139 139
140 140
141 141
142 142
143 143
144 144
145 145
146 146
147 147
148 148
149 149
150 150
151 151
152 152
153 153
154 154
155 155
156 156
157 157
158 158
159 159
160 160
161 161
162 162
163 163
164 164
165 165
166 166
167 167
168 168
169 169
170 170
171 171
172 172
173 173
174 174
175 175
176 176
177 177
178 178
179 179
180 180
181 181
182 182
183 183
184 184
185 185
186 186
187 187
188 188
189 189
190 190
191 191
192 192
193 193
194 194
195 195
196 196
197 197
198 198
199 199
