2 1 4 3 5 6 7 9 8 13 14 11 10 16 12 15 17 18 19 21 20 23 25 22 26 24 28 27 30 31 29 33 32 36 34 35 38 37 39 40 42 43 44 48 45 46 49 41 51 47 50 53 54 60 52 55 57 56 58 59 61 62 63 66 65 64 67 69 68 74 71 73 70 72 75 76 78 79 77 82 81 80 84 83 85 87 86 88 89 90 91 92 93 94 95 96 97 98 99 100 100 99 98 97 96 95 94 93 92 91 90 89 88 86 87 85 83 84 80 81 82 77 79 78 76 75 72 70 73 71 74 68 69 67 64 65 66 63 62 61 59 58 56 57 55 52 60 54 53 50 47 51 41 49 46 45 48 44 43 42 40 39 37 38 35 34 36 32 33 29 31 30 27 28 24 26 22 25 23 20 21 19 18 17 15 12 16 10 11 14 13 8 9 7 6 5 3 4 1 2
50
1 1
3 3
5 5
7 7
9 9
11 11
13 13
15 15
17 17
19 19
21 21
23 23
25 25
27 27
29 29
31 31
33 33
35 35
37 37
39 39
41 41
43 43
45 45
47 47
49 49
51 51
53 53
55 55
57 57
59 59
61 61
63 63
65 65
67 67
69 69
71 71
73 73
75 75
77 77
79 79
81 81
83 83
85 85
87 87
89 89
91 91
93 93
95 95
97 97
99 99
