2 4 3 1 8 12 6 7 5 16 9 26 21 15 17 20 10 18 11 31 14 19 13 25 24 30 28 23 36 32 22 27 35 45 33 39 34 29 43 37 40 46 38 48 47 42 41 50 44 49 65 53 56 51 59 52 54 63 69 58 55 60 64 74 67 75 57 62 70 71 61 78 66 73 79 68 90 84 80 77 86 95 81 72 92 82 93 83 91 76 89 88 87 94 111 85 97 100 96 98 103 102 101 114 106 99 104 105 108 117 109 113 107 112 110 115 118 122 123 119 121 127 126 152 124 116 128 120 130 132 125 133 131 139 138 134 136 145 142 137 141 143 148 140 161 135 129 149 144 150 154 155 146 158 163 147 153 159 160 162 157 177 151 165 156 171 183 187 168 167 164 170 169 173 174 175 176 172 166 178 189 179 186 184 181 182 180 185 190 188 191 192 196 200 199 194 193 193 194 199 200 196 197 198 198 197 192 195 195 191 188 190 185 180 182 181 184 186 179 189 178 166 172 176 175 174 173 169 170 164 167 168 187 183 171 156 165 151 177 157 162 160 159 153 147 163 158 146 155 154 150 144 149 129 135 161 140 148 143 141 137 142 145 136 134 138 139 131 133 125 132 130 120 128 116 124 152 126 127 121 119 123 122 118 115 110 112 107 113 109 117 108 105 104 99 106 114 101 102 103 98 96 100 97 85 111 94 87 88 89 76 91 83 93 82 92 72 81 95 86 77 80 84 90 68 79 73 66 78 61 71 70 62 57 75 67 74 64 60 55 58 69 63 54 52 59 51 56 53 65 49 44 50 41 42 47 48 38 46 40 37 43 29 34 39 33 45 35 27 22 32 36 23 28 30 24 25 13 19 14 31 11 18 10 20 17 15 21 26 9 16 5 7 6 12 8 1 3 4 2
100
1 1
3 3
5 5
7 7
9 9
11 11
13 13
15 15
17 17
19 19
21 21
23 23
25 25
27 27
29 29
31 31
33 33
35 35
37 37
39 39
41 41
43 43
45 45
47 47
49 49
51 51
53 53
55 55
57 57
59 59
61 61
63 63
65 65
67 67
69 69
71 71
73 73
75 75
77 77
79 79
81 81
83 83
85 85
87 87
89 89
91 91
93 93
95 95
97 97
99 99
101 101
103 103
105 105
107 107
109 109
111 111
113 113
115 115
117 117
119 119
121 121
123 123
125 125
127 127
129 129
131 131
133 133
135 135
137 137
139 139
141 141
143 143
145 145
147 147
149 149
151 151
153 153
155 155
157 157
159 159
161 161
163 163
165 165
167 167
169 169
171 171
173 173
175 175
177 177
179 179
181 181
183 183
185 185
187 187
189 189
191 191
193 193
195 195
197 197
199 199
