S 1M 1Aa 1Ab 1Ac 1Ac 1Ad 1Ad 1Ae 1Ae 1Af 1Ag 1Ah 1Ah 1Ai 1Ai 1Aj 1Aj 1Ak 1Ak 1Ag 1Af 1Ab 1Aa 1Ba 1Bb 1Bb 1Bc 1Bc 1Bd 1Bd 1Be 1Be 1Bf 1Bg 1Bg 1Bh 1Bh 1Bi 1Bi 1Bj 1Bj 1Bf 1Ba 1Ca 1Cb 1Cc 1Cd 1Cd 1Cc 1Cb 1Ca 1Da 1Db 1Db 1Dc 1Dc 1Dd 1Dd 1De 1De 1Da 1Ea 1Eb 1Eb 1Ec 1Ef 1Ef 1Eg 1Eg 1Eh 1Eh 1Ei 1Ei 1Ec 1Ed 1Ej 1Ej 1Ek 1Ek 1El 1El 1Em 1Em 1Ed 1Ee 1Ee 1Ea 1Fa 1Fb 1Fb 1Fc 1Fc 1Fd 1Fd 1Fe 1Fe 1Fa 1M 2M 2Aa 2Ab 2Ac 2Ac 2Ad 2Ad 2Ae 2Ae 2Af 2Ag 2Ah 2Ah 2Ai 2Ai 2Aj 2Aj 2Ak 2Ak 2Ag 2Af 2Ab 2Aa 2Ba 2Bb 2Bb 2Bc 2Bc 2Bd 2Bd 2Be 2Be 2Bf 2Bg 2Bg 2Bh 2Bh 2Bi 2Bi 2Bj 2Bj 2Bf 2Ba 2Ca 2Cb 2Cc 2Cd 2Cd 2Cc 2Cb 2Ca 2Da 2Db 2Db 2Dc 2Dc 2Dd 2Dd 2De 2De 2Da 2Ea 2Eb 2Eb 2Ec 2Ef 2Ef 2Eg 2Eg 2Eh 2Eh 2Ei 2Ei 2Ec 2Ed 2Ej 2Ej 2Ek 2Ek 2El 2El 2Em 2Em 2Ed 2Ee 2Ee 2Ea 2Fa 2Fb 2Fb 2Fc 2Fc 2Fd 2Fd 2Fe 2Fe 2Fa 2M S
48
1Aa 1Aa
1Ab 1Ab
1Ac 1Ac
1Ad 1Ad
1Ae 1Ae
1Ag 1Ag
1Ah 1Ah
1Ai 1Ai
1Aj 1Aj
1Bb 1Bb
1Bf 1Bf
1Bi 1Bi
1Bj 1Bj
1Ca 1Ca
1Cb 1Cb
1Cc 1Cc
1Cd 1Cd
1Dd 1Dd
1De 1De
1Ee 1Ee
1Eh 1Eh
1Ei 1Ei
1Ek 1Ek
1Fe 1Fe
2Aa 2Aa
2Ab 2Ab
2Ac 2Ac
2Ad 2Ad
2Ae 2Ae
2Ag 2Ag
2Ah 2Ah
2Ai 2Ai
2Aj 2Aj
2Bb 2Bb
2Bf 2Bf
2Bi 2Bi
2Bj 2Bj
2Ca 2Ca
2Cb 2Cb
2Cc 2Cc
2Cd 2Cd
2Dd 2Dd
2De 2De
2Ee 2Ee
2Eh 2Eh
2Ei 2Ei
2Ek 2Ek
2Fe 2Fe
