0 1 2 3 3 2 4 5 5 4 6 7 8 8 7 9 10 10 9 11 12 13 13 12 14 15 15 14 16 17 18 18 17 19 20 20 19 22 21 23 23 24 25 25 24 26 27 28 28 27 29 30 30 29 32 31 33 33 34 35 35 34 36 37 38 38 37 39 40 40 39 41 42 43 43 42 44 45 45 44 46 47 48 48 47 49 50 50 49 52 51 53 53 54 55 55 54 57 56 58 58 59 60 60 59 61 62 63 63 62 64 65 65 64 67 66 68 68 69 70 70 69 72 71 73 73 74 75 75 74 76 77 78 78 77 79 80 80 79 81 82 83 83 82 84 85 85 84 86 87 88 88 87 89 90 90 89 91 92 93 93 92 94 95 95 94 96 97 98 99 99 98 97 96 91 86 81 76 71 72 66 67 61 56 57 51 52 46 41 36 31 32 26 21 22 16 11 6 1 0
50
27 27
54 54
63 63
79 79
95 95
42 42
45 45
20 20
78 78
34 34
67 67
92 92
19 19
15 15
23 23
17 17
88 88
84 84
57 57
80 80
33 33
39 39
62 62
89 89
44 44
3 3
58 58
18 18
43 43
83 83
49 49
4 4
25 25
73 73
64 64
68 68
50 50
47 47
94 94
93 93
28 28
82 82
48 48
9 9
72 72
40 40
70 70
65 65
38 38
53 53
