0 1 2 3 3 2 4 5 5 4 6 7 8 8 7 9 10 10 9 11 12 13 13 12 14 15 15 14 16 17 18 18 17 19 20 20 19 21 22 23 23 22 24 25 25 24 26 27 28 28 27 29 30 30 29 32 31 33 33 34 35 35 34 37 36 38 38 39 40 40 39 42 41 43 43 44 45 45 44 46 47 48 48 47 49 50 50 49 51 52 53 53 52 54 55 55 54 57 56 58 58 59 60 60 59 61 62 63 63 62 64 65 65 64 66 67 68 68 67 69 70 70 69 71 72 73 73 72 74 75 75 74 76 77 78 78 77 79 80 80 79 81 82 83 83 82 84 85 85 84 87 86 88 88 89 90 90 89 92 91 93 93 94 95 95 94 96 97 98 98 97 99 100 100 99 101 102 103 103 102 104 105 105 104 106 107 108 108 107 109 110 110 109 112 111 113 113 114 115 115 114 116 117 118 118 117 119 120 120 119 121 122 123 123 122 124 125 125 124 127 126 128 128 129 130 130 129 131 132 133 133 132 134 135 135 134 136 137 138 138 137 139 140 140 139 141 142 143 143 142 144 145 145 144 146 147 148 148 147 149 150 150 149 151 152 153 153 152 154 155 155 154 156 157 158 158 157 159 160 160 159 162 161 163 163 164 165 165 164 167 166 168 168 169 170 170 169 171 172 173 173 172 174 175 175 174 176 177 178 178 177 179 180 180 179 181 182 183 183 182 184 185 185 184 186 187 188 188 187 189 190 190 189 192 191 193 193 194 195 195 194 196 197 198 199 199 198 197 196 191 192 186 181 176 171 166 167 161 162 156 151 146 141 136 131 126 127 121 116 111 112 106 101 96 91 92 86 87 81 76 71 66 61 56 57 51 46 41 42 36 37 31 32 26 21 16 11 6 1 0
100
58 58
24 24
44 44
135 135
73 73
100 100
7 7
22 22
35 35
99 99
90 90
17 17
137 137
72 72
63 63
163 163
78 78
79 79
65 65
105 105
192 192
155 155
164 164
14 14
34 34
109 109
60 60
189 189
19 19
107 107
48 48
114 114
42 42
118 118
183 183
95 95
144 144
193 193
53 53
83 83
103 103
143 143
184 184
52 52
38 38
64 64
139 139
145 145
98 98
25 25
180 180
30 30
94 94
165 165
102 102
130 130
195 195
112 112
33 33
75 75
108 108
140 140
62 62
122 122
169 169
70 70
152 152
179 179
3 3
127 127
27 27
68 68
162 162
93 93
187 187
185 185
13 13
97 97
12 12
32 32
47 47
87 87
173 173
29 29
113 113
59 59
39 39
142 142
153 153
129 129
159 159
84 84
170 170
74 74
128 128
149 149
138 138
80 80
82 82
104 104
