BY5DUgv6 QqI1C9xC UfRMeyI7 6nj6dyOK GVK6CciB 2zGyaLBR xTHVuNZl yqX5KOVJ mjMe14fC sR6JAufL gd207oOq UmgiH1K9 NL9qZEp0 OpfVa1HT 0zB29H2A R4zDiMu3 ucMA0iSv Y93BYexY yYTqCbSD 7CrB3pCm tDh0gTYH EvsxmEMg XbFQ8G0U Pi99fmGL H8eN9fj5 aPSEsY2w vVYZOPt6 Rn4zxmTr 8tOszPqV xvUBVRdA VfL5OK8y 9IHe97Yy a7ZQHfuF 9WICwGq2 K3J88UDV w3Radp7c ayFODfwg iT0t8noc S9dNuWxm rGjz0gOd AMieum8U QeSUIsQ1 FSF4Na2U aqFtjHzO E85AysUp Rv8rDvqp 1cr6aFpX m0ciW6Mx B0wYReom WlxPulQd PvtbjzW6 T9nDSMXa Af1jBIly 2mQchaeu YLp2gziD Ym8LPSnY 8KVhuJvd UQ4QaUHy EnviW6dj LiP4S7ZQ zSMh8yQJ nqvcEGpR CrvusN6e HEJxX3gA xULc5Xg4 2og9s1wD 2og9s1wD 8NqlgdJG 6GJHoNdy 3Y1yItFb mXjWiYol 8ni5D4t7 KJQpAqYk KJQpAqYk KuVHgP1J Y1BjCbsl bMSvK9eQ PagRRYIg rZiSDNtK fwYwiVnO g5YhtPSt xZfXXUDQ q1vN3eei hc6YxxqG JMul31yq 7IV7YjRX HYhd6zof msEJDy5f nKZTEeUl kkvcm3Qd c9Hgvc9w H2BV5cDz gbolqDJc o1w8sSXK HXMHfRTC HXMHfRTC 87yhsuRE 1aJdK4y9 1aJdK4y9 8e8OWOIi FPDwKJIj QfsaQspW lvlSObqb ytwiYcJl ytwiYcJl lvlSObqb QfsaQspW FPDwKJIj 8e8OWOIi 87yhsuRE o1w8sSXK gbolqDJc H2BV5cDz c9Hgvc9w kkvcm3Qd nKZTEeUl msEJDy5f HYhd6zof 7IV7YjRX JMul31yq hc6YxxqG q1vN3eei xZfXXUDQ g5YhtPSt fwYwiVnO rZiSDNtK PagRRYIg bMSvK9eQ Y1BjCbsl KuVHgP1J 8ni5D4t7 mXjWiYol 3Y1yItFb 6GJHoNdy 8NqlgdJG xULc5Xg4 HEJxX3gA CrvusN6e nqvcEGpR zSMh8yQJ LiP4S7ZQ EnviW6dj UQ4QaUHy 8KVhuJvd Ym8LPSnY YLp2gziD 2mQchaeu Af1jBIly T9nDSMXa PvtbjzW6 WlxPulQd B0wYReom m0ciW6Mx 1cr6aFpX Rv8rDvqp E85AysUp aqFtjHzO FSF4Na2U QeSUIsQ1 AMieum8U rGjz0gOd S9dNuWxm iT0t8noc ayFODfwg w3Radp7c K3J88UDV 9WICwGq2 a7ZQHfuF 9IHe97Yy VfL5OK8y xvUBVRdA 8tOszPqV Rn4zxmTr vVYZOPt6 aPSEsY2w H8eN9fj5 Pi99fmGL XbFQ8G0U EvsxmEMg tDh0gTYH 7CrB3pCm yYTqCbSD Y93BYexY ucMA0iSv R4zDiMu3 0zB29H2A OpfVa1HT NL9qZEp0 UmgiH1K9 gd207oOq sR6JAufL mjMe14fC yqX5KOVJ xTHVuNZl 2zGyaLBR GVK6CciB 6nj6dyOK UfRMeyI7 QqI1C9xC BY5DUgv6
50
FPDwKJIj FPDwKJIj
iT0t8noc iT0t8noc
S9dNuWxm S9dNuWxm
8tOszPqV 8tOszPqV
rZiSDNtK rZiSDNtK
yqX5KOVJ yqX5KOVJ
1cr6aFpX 1cr6aFpX
Rv8rDvqp Rv8rDvqp
gbolqDJc gbolqDJc
JMul31yq JMul31yq
K3J88UDV K3J88UDV
mXjWiYol mXjWiYol
PagRRYIg PagRRYIg
ayFODfwg ayFODfwg
6nj6dyOK 6nj6dyOK
UfRMeyI7 UfRMeyI7
H2BV5cDz H2BV5cDz
sR6JAufL sR6JAufL
2mQchaeu 2mQchaeu
1aJdK4y9 1aJdK4y9
B0wYReom B0wYReom
nKZTEeUl nKZTEeUl
g5YhtPSt g5YhtPSt
OpfVa1HT OpfVa1HT
0zB29H2A 0zB29H2A
8ni5D4t7 8ni5D4t7
NL9qZEp0 NL9qZEp0
Af1jBIly Af1jBIly
aPSEsY2w aPSEsY2w
gd207oOq gd207oOq
R4zDiMu3 R4zDiMu3
o1w8sSXK o1w8sSXK
xTHVuNZl xTHVuNZl
rGjz0gOd rGjz0gOd
QeSUIsQ1 QeSUIsQ1
7IV7YjRX 7IV7YjRX
8e8OWOIi 8e8OWOIi
AMieum8U AMieum8U
tDh0gTYH tDh0gTYH
CrvusN6e CrvusN6e
lvlSObqb lvlSObqb
HEJxX3gA HEJxX3gA
xULc5Xg4 xULc5Xg4
q1vN3eei q1vN3eei
UmgiH1K9 UmgiH1K9
hc6YxxqG hc6YxxqG
c9Hgvc9w c9Hgvc9w
9IHe97Yy 9IHe97Yy
ucMA0iSv ucMA0iSv
WlxPulQd WlxPulQd
