ZtfcEeD9 J2tz5Jy2 Ah46Ofm8 fa3ra0T7 zvH4AKmS Tb8W969R itC9pvuP xkCjqYXa R2FCohpD OJgw7XgR wusYsf5E 6hjWynHN DA7bDRCs CczWZLd1 yptfWPBC NvpMZWSs HTyyntxa wZJN4OBT EB4WBsTV aZcuESum CGddIqkC Q2HoHQU7 VgwgAKMz FqE4GP0Y bKTzHQn4 uEOMgmS6 lWuh5cH8 CxnbNU8s eJJL3lWa n7VUygaC tHTE6eug mrK2EXuk SUGv8yIU qtXV58SN BOlNhFGU jKNn1ZQ1 7VEdC8Bn CBKWpDQv gX4kBNm4 LDk8elYd zpLQ0R0G Pz0LLMil hBRDGWam 1dr1nBQ7 12RjOKOH wd6UNY9N BkhTgoaJ CIF8DWXL FgxkC8N1 NgGjr3Ik Rd2M5nw8 X4DALK1Z B65DnegI iF2sCG7R h4MzKYRp VqqukjeY EAWv9kfQ mlHu9OVg ZS8CQaI7 Fj27Gybu 4FNIiWtX 7czjmzr9 n7cwD1GE sAdwIwgI 43ehQX6O IZjIq9He w0QWGw2L n0riP8Jl 0MyIUMFM d4U8kEOb mSd4Nw6v 9FVeC0va Zy3im4wi L5pBwvut c6ZWTltk LvdUl8D5 aSd01nMZ W7b2i2pG PMzcqvQL IdGLl1to WvzZeqnS O5yBujnu nDVKj516 MwmVLu2P xZQyzblz NpH6Hpsr AmaYXBsi b850DFfF u2ZI4Bp6 KcGXxWyr APMxsbBa 2KepLMXB 9OV097CE jc6bXCnq m9MRh7a0 91Uq51QB eFJgi8X6 sFR9mcaG NSdaWdL7 SG64DwCC 3MYamZSb YWqBlkAs rbWYBihd NBKhkccj oqraQ3aF 97y3ut3B 7P5zi9hu yRH0nOtz bJ22zvWV REvLgkhf WPOgjVLu eF0ueRyu dB8nWjnw oECxPSEB Wznv2rRv tKnzhLx5 pDb2VAD0 SqpsWXRw RleTQaHw VDai7XkI TNblhkGK WOQy49Fo 8Rfeklr1 xRPgtW5C 0PR6ikBf FdbcCrtB RjDUex61 lqKnzPvP gmal2HHS kMauNR5Y kMauNR5Y gmal2HHS lqKnzPvP RjDUex61 GZiGmLq9 EEVF7P1A ciNFdHxl 8LVjFaQv ijk5cHsH cZyhnB0I MeetuZNx 62Mn9lau EJI0xPm2 EJI0xPm2 o4xf7nVd ZCQYXo7t 8avKqSxh iJuLSUhp 1Xrx7hj3 y7NjqOqM v654W2Kr xI4hMIxA xI4hMIxA v654W2Kr WOCLylig P0hOEoLv SdpsKJEm KbQF6Z1I KZzTlcqA KZzTlcqA KbQF6Z1I uMuBYvMK ntaFp6yn OEs82oEQ ca785uLx UiMRtBop yIRIspJJ 04vrMVdi Q6NMHx0B Q6NMHx0B 04vrMVdi PLFYaVF6 qnVestAH poaWnZDO 80BwLCcj kTn5Wdms aACN5TTZ aACN5TTZ kTn5Wdms 80BwLCcj FGbFUcoj 0JU2DOJU fURWpj00 fURWpj00 miUcr0K7 3L2NkWiR 3L2NkWiR eHAI1Emd CTlg3xsv T2a0VXcz YXHt7Frx 7Xy44hse 7Xy44hse YXHt7Frx JfDq1Cs2 RGBDWX4o 1gtWVzKV 1gtWVzKV bUsapUoo Q7hUKAHQ d5gzYuse JqKGA9ul nFqouQp3 6MPulFAv 4pgwpiHi gKOyNQPh aWGQETjI aWGQETjI svPb07cv svPb07cv gKOyNQPh 4pgwpiHi 6MPulFAv xzWL2Pp8 tCAdUY4B tCAdUY4B xzWL2Pp8 nFqouQp3 JqKGA9ul d5gzYuse Q7hUKAHQ bUsapUoo RGBDWX4o JfDq1Cs2 T2a0VXcz CTlg3xsv eHAI1Emd miUcr0K7 0JU2DOJU FGbFUcoj poaWnZDO qnVestAH U7cZo0h2 dzvtjag1 dzvtjag1 U7cZo0h2 PLFYaVF6 yIRIspJJ UiMRtBop ca785uLx OEs82oEQ 1FIjcsO2 uYGlfCi2 uYGlfCi2 1FIjcsO2 ZmF2u9Cy ZmF2u9Cy ntaFp6yn uMuBYvMK SdpsKJEm P0hOEoLv WOCLylig y7NjqOqM 1Xrx7hj3 iJuLSUhp 8avKqSxh ZCQYXo7t o4xf7nVd 62Mn9lau MeetuZNx cZyhnB0I ijk5cHsH 8LVjFaQv ciNFdHxl EEVF7P1A GZiGmLq9 FdbcCrtB 0PR6ikBf 6dJ0UicP aDGqWHym aDGqWHym 6dJ0UicP xRPgtW5C 8Rfeklr1 WOQy49Fo TNblhkGK yWlzbESz yWlzbESz VDai7XkI RleTQaHw SqpsWXRw pDb2VAD0 tKnzhLx5 Wznv2rRv oECxPSEB dB8nWjnw eF0ueRyu WPOgjVLu REvLgkhf bJ22zvWV yRH0nOtz 7P5zi9hu 97y3ut3B oqraQ3aF NBKhkccj rbWYBihd YWqBlkAs 3MYamZSb SG64DwCC NSdaWdL7 sFR9mcaG eFJgi8X6 91Uq51QB m9MRh7a0 jc6bXCnq 9OV097CE 2KepLMXB APMxsbBa KcGXxWyr u2ZI4Bp6 b850DFfF AmaYXBsi NpH6Hpsr xZQyzblz MwmVLu2P nDVKj516 O5yBujnu WvzZeqnS IdGLl1to PMzcqvQL W7b2i2pG aSd01nMZ LvdUl8D5 c6ZWTltk L5pBwvut Zy3im4wi 9FVeC0va mSd4Nw6v d4U8kEOb 0MyIUMFM n0riP8Jl w0QWGw2L IZjIq9He 43ehQX6O sAdwIwgI n7cwD1GE 7czjmzr9 4FNIiWtX Fj27Gybu ZS8CQaI7 mlHu9OVg EAWv9kfQ VqqukjeY h4MzKYRp iF2sCG7R B65DnegI X4DALK1Z Rd2M5nw8 NgGjr3Ik FgxkC8N1 CIF8DWXL BkhTgoaJ wd6UNY9N 12RjOKOH 1dr1nBQ7 hBRDGWam Pz0LLMil zpLQ0R0G LDk8elYd gX4kBNm4 CBKWpDQv 7VEdC8Bn jKNn1ZQ1 BOlNhFGU qtXV58SN SUGv8yIU mrK2EXuk tHTE6eug n7VUygaC eJJL3lWa CxnbNU8s lwKMUcFL lwKMUcFL lWuh5cH8 uEOMgmS6 bKTzHQn4 FqE4GP0Y VgwgAKMz Q2HoHQU7 CGddIqkC aZcuESum EB4WBsTV wZJN4OBT HTyyntxa NvpMZWSs yptfWPBC CczWZLd1 DA7bDRCs 6hjWynHN wusYsf5E OJgw7XgR R2FCohpD xkCjqYXa itC9pvuP Tb8W969R zvH4AKmS fa3ra0T7 Ah46Ofm8 J2tz5Jy2 ZtfcEeD9
100
Fj27Gybu Fj27Gybu
43ehQX6O 43ehQX6O
nFqouQp3 nFqouQp3
04vrMVdi 04vrMVdi
X4DALK1Z X4DALK1Z
J2tz5Jy2 J2tz5Jy2
bJ22zvWV bJ22zvWV
O5yBujnu O5yBujnu
RleTQaHw RleTQaHw
FdbcCrtB FdbcCrtB
SG64DwCC SG64DwCC
KZzTlcqA KZzTlcqA
wZJN4OBT wZJN4OBT
EB4WBsTV EB4WBsTV
8LVjFaQv 8LVjFaQv
kMauNR5Y kMauNR5Y
aDGqWHym aDGqWHym
svPb07cv svPb07cv
TNblhkGK TNblhkGK
ZtfcEeD9 ZtfcEeD9
ijk5cHsH ijk5cHsH
lWuh5cH8 lWuh5cH8
ca785uLx ca785uLx
xRPgtW5C xRPgtW5C
dzvtjag1 dzvtjag1
CBKWpDQv CBKWpDQv
EAWv9kfQ EAWv9kfQ
Pz0LLMil Pz0LLMil
FqE4GP0Y FqE4GP0Y
rbWYBihd rbWYBihd
7P5zi9hu 7P5zi9hu
d5gzYuse d5gzYuse
LvdUl8D5 LvdUl8D5
8Rfeklr1 8Rfeklr1
NpH6Hpsr NpH6Hpsr
PMzcqvQL PMzcqvQL
qnVestAH qnVestAH
BOlNhFGU BOlNhFGU
FGbFUcoj FGbFUcoj
ntaFp6yn ntaFp6yn
CIF8DWXL CIF8DWXL
kTn5Wdms kTn5Wdms
1gtWVzKV 1gtWVzKV
eF0ueRyu eF0ueRyu
gKOyNQPh gKOyNQPh
OJgw7XgR OJgw7XgR
WOCLylig WOCLylig
poaWnZDO poaWnZDO
yptfWPBC yptfWPBC
B65DnegI B65DnegI
aSd01nMZ aSd01nMZ
RjDUex61 RjDUex61
7Xy44hse 7Xy44hse
eFJgi8X6 eFJgi8X6
HTyyntxa HTyyntxa
Tb8W969R Tb8W969R
xzWL2Pp8 xzWL2Pp8
hBRDGWam hBRDGWam
mlHu9OVg mlHu9OVg
o4xf7nVd o4xf7nVd
U7cZo0h2 U7cZo0h2
Rd2M5nw8 Rd2M5nw8
W7b2i2pG W7b2i2pG
1dr1nBQ7 1dr1nBQ7
tCAdUY4B tCAdUY4B
2KepLMXB 2KepLMXB
jKNn1ZQ1 jKNn1ZQ1
uMuBYvMK uMuBYvMK
Q7hUKAHQ Q7hUKAHQ
gX4kBNm4 gX4kBNm4
91Uq51QB 91Uq51QB
ciNFdHxl ciNFdHxl
lqKnzPvP lqKnzPvP
w0QWGw2L w0QWGw2L
zvH4AKmS zvH4AKmS
IdGLl1to IdGLl1to
0MyIUMFM 0MyIUMFM
AmaYXBsi AmaYXBsi
JfDq1Cs2 JfDq1Cs2
miUcr0K7 miUcr0K7
fa3ra0T7 fa3ra0T7
YWqBlkAs YWqBlkAs
wusYsf5E wusYsf5E
Wznv2rRv Wznv2rRv
VgwgAKMz VgwgAKMz
PLFYaVF6 PLFYaVF6
62Mn9lau 62Mn9lau
zpLQ0R0G zpLQ0R0G
aWGQETjI aWGQETjI
yRH0nOtz yRH0nOtz
y7NjqOqM y7NjqOqM
8avKqSxh 8avKqSxh
CGddIqkC CGddIqkC
ZS8CQaI7 ZS8CQaI7
NSdaWdL7 NSdaWdL7
sFR9mcaG sFR9mcaG
mSd4Nw6v mSd4Nw6v
3MYamZSb 3MYamZSb
mrK2EXuk mrK2EXuk
CxnbNU8s CxnbNU8s
