yqRn7pcv Bow1G1eA TMAXVAcF z3tqnoFm ou6pOA5T xaYYL0Xr RKTqv0lO gGaSBUDY rJm7nPd7 zcy1X765 Wvomb2LC 7F8LcJJC mmiVeCrf dYz0v5Rl XlaUIvCb mpBvpan0 4bzLzw2O miG0nu5G hC2ZPbzA 41tU4PmX ne5PzSYX mB6fiF0u LQU5lyru X3Jn2MHg qGX9syVq 83BKbC2v pP15erwI hcJG54h4 BXSeJMk1 fsgAjhrq i4M5A6hw O2GwHMQM rKjRBwvM cbK8BQiu vBvjliCl lRFv66dO d0naUNzM uzY67sfN fstmfCC0 2XMfF8YA fMhFZEQj Tv0Ngo2a 6XOrbPEm kuFFViCC 5Zo9R33z 1JmiRMy2 2dprxs3b 0DZeKYOM o5fxSomz 7xyYvlir 7xyYvlir o5fxSomz 0DZeKYOM 2dprxs3b 1JmiRMy2 5Zo9R33z kuFFViCC 6XOrbPEm Tv0Ngo2a fMhFZEQj 2XMfF8YA fstmfCC0 uzY67sfN d0naUNzM lRFv66dO vBvjliCl cbK8BQiu rKjRBwvM O2GwHMQM i4M5A6hw fsgAjhrq BXSeJMk1 hcJG54h4 pP15erwI 83BKbC2v qGX9syVq X3Jn2MHg LQU5lyru mB6fiF0u ne5PzSYX 41tU4PmX hC2ZPbzA miG0nu5G 4bzLzw2O mpBvpan0 XlaUIvCb dYz0v5Rl mmiVeCrf 7F8LcJJC Wvomb2LC zcy1X765 rJm7nPd7 gGaSBUDY RKTqv0lO xaYYL0Xr ou6pOA5T z3tqnoFm TMAXVAcF Bow1G1eA yqRn7pcv
25
7xyYvlir 7xyYvlir
hC2ZPbzA hC2ZPbzA
lRFv66dO lRFv66dO
ne5PzSYX ne5PzSYX
5Zo9R33z 5Zo9R33z
fsgAjhrq fsgAjhrq
2XMfF8YA 2XMfF8YA
RKTqv0lO RKTqv0lO
6XOrbPEm 6XOrbPEm
mB6fiF0u mB6fiF0u
zcy1X765 zcy1X765
yqRn7pcv yqRn7pcv
i4M5A6hw i4M5A6hw
o5fxSomz o5fxSomz
1JmiRMy2 1JmiRMy2
mmiVeCrf mmiVeCrf
Tv0Ngo2a Tv0Ngo2a
XlaUIvCb XlaUIvCb
hcJG54h4 hcJG54h4
rKjRBwvM rKjRBwvM
rJm7nPd7 rJm7nPd7
xaYYL0Xr xaYYL0Xr
uzY67sfN uzY67sfN
LQU5lyru LQU5lyru
Wvomb2LC Wvomb2LC
