44 0 1 2 4 5 6 3 7 8 9 10 11 12 13 16 17 14 15 18 20 19 22 21 25 23 26 28 24 27 29 30 31 34 35 32 36 33 37 38 40 39 42 41 43 46 49 45 47 50 48 51 53 52 54 55 56 57 58 59 60 61 63 62 64 66 65 68 67 69 70 71 74 72 75 73 77 76 78 79 82 80 81 84 83 86 85 88 89 87 91 92 95 90 93 94 96 97 98 99 99 98 97 96 94 93 90 95 92 91 87 89 88 85 86 83 84 81 80 82 79 78 76 77 73 75 72 74 71 70 69 67 68 65 66 64 62 63 61 60 59 58 57 56 55 54 52 53 51 48 50 47 45 49 46 43 41 42 39 40 38 37 33 36 32 35 34 31 30 29 27 24 28 26 23 25 21 22 19 20 18 15 14 17 16 13 12 11 10 9 8 7 3 6 5 4 2 1 0 44
33
0 0
1 1
2 2
3 3
4 4
5 5
6 6
7 7
8 8
9 9
10 10
11 11
12 12
13 13
14 14
15 15
16 16
17 17
18 18
19 19
20 20
21 21
22 22
23 23
24 24
25 25
26 26
27 27
28 28
29 29
30 30
31 31
32 32
