74 1 0 2 3 4 5 6 7 8 9 11 10 12 14 13 16 15 19 17 18 21 22 20 23 25 24 26 27 28 29 30 31 32 33 35 34 38 39 36 37 40 41 42 44 45 43 46 47 50 48 49 51 52 53 54 55 56 63 57 59 58 61 60 62 64 65 66 68 67 69 70 71 72 73 75 79 77 78 76 80 83 81 82 86 84 85 87 88 89 90 91 93 92 94 96 95 97 98 99 100 101 105 103 102 107 104 106 108 111 109 112 110 113 115 114 116 117 118 119 120 121 122 123 124 127 128 126 125 131 132 129 130 133 137 134 135 136 139 138 140 141 142 143 144 145 146 147 148 149 152 151 150 153 154 156 155 158 159 160 161 157 162 164 165 166 163 167 168 169 176 170 171 172 173 174 175 177 178 179 180 181 182 183 184 187 185 186 190 188 189 191 192 193 195 194 196 197 198 199 199 198 197 196 194 195 193 192 191 189 188 190 186 185 187 184 183 182 181 180 179 178 177 175 174 173 172 171 170 176 169 168 167 163 166 165 164 162 157 161 160 159 158 155 156 154 153 150 151 152 149 148 147 146 145 144 143 142 141 140 138 139 136 135 134 137 133 130 129 132 131 125 126 128 127 124 123 122 121 120 119 118 117 116 114 115 113 110 112 109 111 108 106 104 107 102 103 105 101 100 99 98 97 95 96 94 92 93 91 90 89 88 87 85 84 86 82 81 83 80 76 78 77 79 75 73 72 71 70 69 67 68 66 65 64 62 60 61 58 59 57 63 56 55 54 53 52 51 49 48 50 47 46 43 45 44 42 41 40 37 36 39 38 34 35 33 32 31 30 29 28 27 26 24 25 23 20 22 21 18 17 19 15 16 13 14 12 10 11 9 8 7 6 5 4 3 2 0 1 74
66
0 0
1 1
2 2
3 3
4 4
5 5
6 6
7 7
8 8
9 9
10 10
11 11
12 12
13 13
14 14
15 15
16 16
17 17
18 18
19 19
20 20
21 21
22 22
23 23
24 24
25 25
26 26
27 27
28 28
29 29
30 30
31 31
32 32
33 33
34 34
35 35
36 36
37 37
38 38
39 39
40 40
41 41
42 42
43 43
44 44
45 45
46 46
47 47
48 48
49 49
50 50
51 51
52 52
53 53
54 54
55 55
56 56
57 57
58 58
59 59
60 60
61 61
62 62
63 63
64 64
65 65
