56 4 2 1 8 3 5 6 0 11 13 9 7 14 10 16 21 15 18 12 17 19 24 22 23 29 25 20 37 30 26 31 32 33 40 36 27 28 34 35 41 38 42 43 39 44 45 47 46 49 51 48 54 50 52 53 57 58 55 60 61 63 59 62 64 68 69 65 67 70 72 71 73 81 74 75 66 77 79 78 76 86 91 80 82 88 83 87 84 90 85 85 92 89 89 92 90 84 87 83 88 82 80 91 86 76 78 79 77 66 75 74 81 73 71 72 70 67 65 69 68 64 62 59 63 61 60 55 58 57 53 52 50 54 48 51 49 46 47 45 44 39 43 42 38 41 35 34 28 27 36 40 33 32 31 26 30 37 20 25 29 23 22 24 19 17 12 18 15 21 16 10 14 7 9 13 11 0 6 5 3 8 1 2 4 56
48
0 0
1 1
3 3
4 4
5 5
8 8
9 9
10 10
13 13
15 15
17 17
19 19
20 20
22 22
23 23
24 24
29 29
30 30
31 31
32 32
33 33
36 36
38 38
41 41
42 42
48 48
50 50
54 54
57 57
58 58
60 60
61 61
63 63
65 65
66 66
67 67
68 68
74 74
81 81
82 82
83 83
84 84
85 85
88 88
89 89
90 90
91 91
92 92
