93 0 1 6 2 8 4 3 16 9 11 5 14 12 17 10 19 13 15 7 20 18 21 23 26 22 25 33 31 27 28 29 30 35 34 37 24 32 39 36 40 42 46 47 49 41 43 44 50 48 51 45 38 53 54 57 55 56 52 60 58 64 59 62 65 66 67 61 75 63 73 71 69 70 72 68 79 78 76 74 77 80 87 83 81 85 84 82 89 91 88 92 95 86 96 90 97 103 100 101 94 98 105 99 108 107 109 104 102 112 106 114 118 110 117 111 120 115 116 119 113 121 122 124 126 123 125 131 127 128 130 134 129 132 133 138 135 140 141 137 142 143 136 146 139 145 144 147 150 154 148 149 155 152 151 156 157 158 153 159 161 163 164 162 160 167 165 174 166 168 169 171 177 173 173 177 171 169 170 175 176 172 172 176 175 170 168 166 174 165 167 160 162 164 163 161 159 153 158 157 156 151 152 155 149 148 154 150 147 144 145 139 146 136 143 142 137 141 140 135 138 133 132 129 134 130 128 127 131 125 123 126 124 122 121 113 119 116 115 120 111 117 110 118 114 106 112 102 104 109 107 108 99 105 98 94 101 100 103 97 90 96 86 95 92 88 91 89 82 84 85 81 83 87 80 77 74 76 78 79 68 72 70 69 71 73 63 75 61 67 66 65 62 59 64 58 60 52 56 55 57 54 53 38 45 51 48 50 44 43 41 49 47 46 42 40 36 39 32 24 37 34 35 30 29 28 27 31 33 25 22 26 23 21 18 20 7 15 13 19 10 17 12 14 5 11 9 16 3 4 8 2 6 1 0 93
91
1 1
2 2
4 4
14 14
18 18
19 19
20 20
24 24
26 26
27 27
34 34
36 36
38 38
39 39
40 40
43 43
46 46
47 47
49 49
51 51
52 52
53 53
56 56
57 57
61 61
62 62
63 63
64 64
65 65
66 66
67 67
70 70
72 72
73 73
74 74
75 75
76 76
77 77
79 79
80 80
81 81
82 82
84 84
86 86
87 87
90 90
91 91
95 95
98 98
99 99
101 101
102 102
105 105
108 108
109 109
110 110
111 111
115 115
116 116
117 117
119 119
121 121
122 122
124 124
125 125
129 129
130 130
131 131
136 136
137 137
138 138
140 140
141 141
143 143
146 146
147 147
151 151
154 154
155 155
157 157
161 161
163 163
165 165
168 168
169 169
170 170
171 171
172 172
174 174
176 176
177 177
