Dannemora Fabius Fonda Fleischmanns Gloversville Gordon Fairmount DeRuyter Dexter Fulton Fairport Geneva Depew Herricks Delmar Frankfort Flanders Gilbertsville Haviland Fishers Deferiet Dansville Delanson Deer Florida Farmingville Frewsburg Delhi Franklin Goshen Fire Earlville Deposit Hempstead Hewlett Fairview Heuvelton Hamilton Fair Oceanside Flower Hamburg Hillburn Ghent Depauville Fredonia Gowanda Franklinville Hermon Galeville Delevan Glenwood Northville Granville Forestville Davis Fishkill Mills Mills Olcott Olcott Fishkill Davis Freeport Herkimer Fayetteville Harbor Harbor Fayetteville Hicksville Highfalls Germantown Germantown Glasco Harrisville Harrison Friendship Gardiner Falconer Gasport Gasport Gouverneur Gouverneur Falconer Hannibal Oakfield Haverstraw Noyack Dunkirk Dunkirk Noyack Haverstraw Oakfield Odessa Downey Herrings Herrings Wantagh Wantagh Downey Forest Norwich Freeville Farnham Highland Firthcliffe Firthcliffe Norwood Heritage Heritage Norwood Highland Farnham Hancock Hancock Freeville Norwich Forest Odessa Hannibal Gardiner Hawthorne Nunda Nunda Hawthorne Friendship Harrison Harrisville Glasco Highfalls Hicksville Nyack Nyack Herkimer Freeport Forestville Granville Northville Glenwood Delevan Galeville Hermon Franklinville Ogdensburg Olean Olean Ogdensburg Gowanda Fredonia Depauville Ghent Hillburn Hamburg Hauppauge Hauppauge Flower Oceanside Fair Hamilton Heuvelton Fairview Hewlett Hempstead Deposit Hartsdale Hartsdale Earlville Fire Oakdale Oakdale Goshen Franklin Delhi Frewsburg Farmingville Florida Deer Delanson Dansville Deferiet Fishers Haviland Gilbertsville Flanders Frankfort Delmar Herricks Depew Geneva Fairport Fulton Dexter DeRuyter Fairmount Gordon Gloversville Fleischmanns Fonda Fabius Dannemora
50
Dansville Dansville
Davis Davis
Deer Deer
Deferiet Deferiet
Delanson Delanson
Delevan Delevan
Delhi Delhi
Delmar Delmar
Depauville Depauville
Depew Depew
Deposit Deposit
DeRuyter DeRuyter
Dexter Dexter
Dunkirk Dunkirk
Earlville Earlville
Fabius Fabius
Fair Fair
Fairmount Fairmount
Fairport Fairport
Fairview Fairview
Falconer Falconer
Farmingville Farmingville
Farnham Farnham
Fayetteville Fayetteville
Fire Fire
Firthcliffe Firthcliffe
Fishers Fishers
Fishkill Fishkill
Flanders Flanders
Fleischmanns Fleischmanns
Florida Florida
Flower Flower
Fonda Fonda
Forest Forest
Forestville Forestville
Frankfort Frankfort
Franklin Franklin
Franklinville Franklinville
Fredonia Fredonia
Freeport Freeport
Freeville Freeville
Frewsburg Frewsburg
Friendship Friendship
Fulton Fulton
Galeville Galeville
Gardiner Gardiner
Gasport Gasport
Geneva Geneva
Germantown Germantown
Ghent Ghent
