Acton Carlsbad Encinitas Canyondam Bakersfield Bradbury Adelanto Colusa Fontana Alpine Columbia Carpinteria Columbia Avalon Alamo Banning Fresno Artesia Diablo Fortuna Calwa Carson Antioch Bluewater Cerritos Bell Alpaugh Benicia Beaumont Calabasas Brentwood Biola Arbuckle Blythe Danville Armona Berkeley Alameda Carrick Bonita Belvedere Arcadia Burbank Camarillo Burbank Calimesa Davis Aromas Barstow Capitola Avery Chowchilla Avenal Fruitdale Byron Biggs Brawley Alhambra Burlingame Ducor Bayview Albany Escondido Atwater Emeryville Folsom Caribou Anderson Ceres Auburn Ceres Bloomington Cupertino Auberry Corona Aptos Cerritos Broadmoor Amesti Cabazon Crockett Calipatria Crockett Campbell Arnold Bradley Caruthers Freedom Carmichael Duarte Burney Chino Bootjack Florin Alturas Florin Calexico Blairsden Atherton Commerce Dorrington Castroville August Cotati Boron Cotati Bodfish Cartago Covelo Foresthill Altadena Foresthill Covelo Ashland Alhambra Belden Arcata Corning Brisbane Belmont Cambria Almanor Cambria Cayucos Arvin Bishop Brea Azusa Beckwourth Calistoga Anaheim Bystrom Buttonwillow Bowles Buttonwillow Boronda Clyde Bonsall Atascadero Angwin Bolinas Bellflower Carlsbad Acton
97
Adelanto Adelanto
Alameda Alameda
Alamo Alamo
Albany Albany
Alhambra Alhambra
Almanor Almanor
Alpaugh Alpaugh
Alpine Alpine
Altadena Altadena
Alturas Alturas
Amesti Amesti
Anaheim Anaheim
Anderson Anderson
Angwin Angwin
Antioch Antioch
Aptos Aptos
Arbuckle Arbuckle Biola
Arcadia Arcadia
Arcata Arcata
Armona Armona
Arnold Arnold
Aromas Aromas
Artesia Artesia
Arvin Arvin Cayucos
Ashland Ashland
Atascadero Atascadero
Atherton Atherton
Atwater Atwater
Auberry Auberry
Auburn Auburn
August August
Avalon Avalon
Avenal Avenal
Avery Avery
Azusa Azusa
Bakersfield Bakersfield
Banning Banning
Barstow Barstow
Bayview Bayview
Beaumont Beaumont
Beckwourth Beckwourth
Belden Belden
Bell Bell
Bellflower Bellflower
Belmont Belmont
Belvedere Belvedere
Benicia Benicia
Berkeley Berkeley
Biggs Biggs
Bishop Bishop
Blairsden Blairsden Calexico
Bloomington Bloomington
Bluewater Bluewater
Blythe Blythe
Bodfish Bodfish
Bolinas Bolinas
Bonita Bonita
Bonsall Bonsall
Bootjack Bootjack
Boron Boron
Boronda Boronda
Bowles Bowles
Bradbury Bradbury
Bradley Bradley
Brawley Brawley
Brea Brea
Brentwood Brentwood
Brisbane Brisbane
Broadmoor Broadmoor
Burbank Burbank
Burlingame Burlingame
Burney Burney
Buttonwillow Buttonwillow
Byron Byron
Bystrom Bystrom
Cabazon Cabazon
Calabasas Calabasas
Calimesa Calimesa
Calipatria Calipatria
Calistoga Calistoga
Calwa Calwa
Camarillo Camarillo
Cambria Cambria
Campbell Campbell
Canyondam Canyondam
Capitola Capitola
Caribou Caribou
Carlsbad Carlsbad
Carmichael Carmichael
Carpinteria Carpinteria
Carrick Carrick
Carson Carson
Cartago Cartago
Caruthers Caruthers
Castroville Castroville
Ceres Ceres
Cerritos Cerritos
