Acadia Biscayne Cuyahoga Channel Gateway Glacier Gunnison Bend Tortugas Tortugas Voyageurs Smoky Lassen Crater Badlands Basin Kenai Haleakala Indiana Joshua Rainier Kobuk Capitol Capitol Pinnacles Sequoia Arches Kings Petrified Petrified Yosemite Denali Katmai Everglades Caverns Congaree Congaree Rocky Rocky Caverns Mammoth Guadalupe Isle Brycecanyon Canyonlands Clark Shenandoah Shenandoah Clark Cascades Teddy Wrangell Yellowstone Zion Zion Yellowstone Wrangell Teddy Cascades Canyonlands Brycecanyon Teton Redwood Redwood Teton Isle Guadalupe Mammoth Everglades Katmai Denali Saguaro Olympic Olympic Saguaro Yosemite Kings Arches Sequoia Pinnacles Kobuk Rainier Joshua Indiana Haleakala Kenai Basin Badlands Crater Lassen Smoky Voyageurs Bend Gunnison Glacier Gateway Channel Cuyahoga Biscayne Acadia
25
Arches Arches
Badlands Badlands
Bend Bend
Biscayne Biscayne
Gunnison Gunnison
Brycecanyon Brycecanyon
Canyonlands Canyonlands
Capitol Capitol
Caverns Caverns
Channel Channel
Congaree Congaree
Crater Crater
Cuyahoga Cuyahoga
Denali Denali
Tortugas Tortugas
Everglades Everglades
Gateway Gateway
Glacier Glacier
Teton Teton
Basin Basin
Smoky Smoky
Guadalupe Guadalupe
Haleakala Haleakala
Indiana Indiana
Isle Isle
