Soda Hogwarts Hogwarts Durmstrang Durmstrang Beauxbatons Beauxbatons Ilvermorny Ilvermorny Hogsmeade Hogsmeade GodricsHollow GodricsHollow Arda Arda Lothlorien Lothlorien Rivendell Rivendell Mirkwood Mirkwood LonelyMountain LonelyMountain Moira Moira Mandos Mandos North North Reach Reach CasterlyRock CasterlyRock Vale Vale Stormlands Stormlands Dorne Dorne Westeros Pentos Andalos Andalos Essos Essos Braavos Braavos Qohor Qohor Qarth Qarth Valyria Valyria Ghis Ghis Mereen Mereen Sunspear Sunspear KingsLanding KingsLanding Iluin Iluin Ormal Ormal Mordor Mordor Hobbiton Hobbiton Narnia Narnia Calor Calor Telmar Telmar StoneTable StoneTable YiTi YiTi VaesDothrak VaesDothrak Pern Pern Sothoryos Ulthos Ulthos Arnor Gondor Lindon Rovanion Rohan Rhun Khado Khado Rhun Rohan Rovanion Lindon Gondor Arnor Sothoryos Pentos Westeros Soda
26
Hogwarts Hogwarts
Beauxbatons Beauxbatons
Hogsmeade Hogsmeade
Arda Arda
Rivendell Rivendell
LonelyMountain LonelyMountain
Mandos Mandos
Reach Reach
Vale Vale
Dorne Dorne
Westeros Westeros
Essos Essos
Braavos Braavos
Qohor Qohor
Qarth Qarth
Valyria Valyria
Ghis Ghis
Mereen Mereen
Sunspear Sunspear
KingsLanding KingsLanding
Iluin Iluin
Ormal Ormal
Mordor Mordor
Hobbiton Hobbiton
Sothoryos Sothoryos
Khado Khado
