0a 0b 0c 0c 0b 0d 0e 0f 0g 0g 0f 0h 0i 0j 0k 0k 0j 0l 1a 1b 1c 1c 1b 1d 1e 1f 1g 1g 1f 1h 1i 1j 1k 1k 1j 1l 2a 2b 2c 2c 2b 2d 2e 2f 2g 2g 2f 2h 2i 2j 2k 2k 2j 2l 3a 3b 3c 3c 3b 3d 3e 3f 3g 3g 3f 3h 3i 3j 3k 3k 3j 3l 4a 4b 4c 4c 4b 4d 4e 4f 4g 4g 4f 4h 4i 4j 4k 4k 4j 4l 5a 5b 5c 5c 5b 5d 5e 5f 5g 5g 5f 5h 5i 5j 5k 5k 5j 5l 6a 6b 6c 6c 6b 6d 6e 6f 6g 6g 6f 6h 6i 6j 6k 6k 6j 6l 7a 7b 7c 7c 7b 7d 7e 7f 7g 7g 7f 7h 7i 7j 7k 7k 7j 7l 8a 8b 8c 8c 8b 8d 8e 8f 8g 8g 8f 8h 8i 8j 8k 8k 8j 8l 9a 9b 9c 9c 9b 9d 9e 9f 9g 9g 9f 9h 9i 9j 9k 9k 9j 9l 10a 10b 10c 10c 10b 10d 10e 10f 10g 10g 10f 10h 10i 10j 10k 10k 10j 10l 11a 11b 11c 11c 11b 11d 11e 11f 11g 11g 11f 11h 11i 11j 11k 11k 11j 11l 12a 12b 12c 12c 12b 12d 12e 12f 12g 12g 12f 12h 12i 12j 12k 12k 12j 12l 13a 13b 13c 13c 13b 13d 13e 13f 13g 13g 13f 13h 13i 13j 13k 13k 13j 13l 14a 14b 14c 14c 14b 14d 14e 14f 14g 14g 14f 14h 14i 14j 14k 14k 14j 14l 15a 15b 15c 15c 15b 15d 15e 15f 15g 15g 15f 15h 15i 15j 15k 15k 15j 15l 15l 15i 15h 15e 15d 15a 14l 14i 14h 14e 14d 14a 13l 13i 13h 13e 13d 13a 12l 12i 12h 12e 12d 12a 11l 11i 11h 11e 11d 11a 10l 10i 10h 10e 10d 10a 9l 9i 9h 9e 9d 9a 8l 8i 8h 8e 8d 8a 7l 7i 7h 7e 7d 7a 6l 6i 6h 6e 6d 6a 5l 5i 5h 5e 5d 5a 4l 4i 4h 4e 4d 4a 3l 3i 3h 3e 3d 3a 2l 2i 2h 2e 2d 2a 1l 1i 1h 1e 1d 1a 0l 0i 0h 0e 0d 0a
96
0b 0b
0c 0c
0f 0f
0g 0g
0j 0j
0k 0k
1b 1b
1c 1c
1f 1f
1g 1g
1j 1j
1k 1k
2b 2b
2c 2c
2f 2f
2g 2g
2j 2j
2k 2k
3b 3b
3c 3c
3f 3f
3g 3g
3j 3j
3k 3k
4b 4b
4c 4c
4f 4f
4g 4g
4j 4j
4k 4k
5b 5b
5c 5c
5f 5f
5g 5g
5j 5j
5k 5k
6b 6b
6c 6c
6f 6f
6g 6g
6j 6j
6k 6k
7b 7b
7c 7c
7f 7f
7g 7g
7j 7j
7k 7k
8b 8b
8c 8c
8f 8f
8g 8g
8j 8j
8k 8k
9b 9b
9c 9c
9f 9f
9g 9g
9j 9j
9k 9k
10b 10b
10c 10c
10f 10f
10g 10g
10j 10j
10k 10k
11b 11b
11c 11c
11f 11f
11g 11g
11j 11j
11k 11k
12b 12b
12c 12c
12f 12f
12g 12g
12j 12j
12k 12k
13b 13b
13c 13c
13f 13f
13g 13g
13j 13j
13k 13k
14b 14b
14c 14c
14f 14f
14g 14g
14j 14j
14k 14k
15b 15b
15c 15c
15f 15f
15g 15g
15j 15j
15k 15k
