6 4 0 99 99 0 1 1 4 5 2 2 3 3 5 13 11 7 7 8 8 11 12 9 9 10 10 12 20 18 14 14 15 15 18 19 16 16 17 17 19 27 25 21 21 22 22 25 26 23 23 24 24 26 34 32 28 28 29 29 32 33 30 30 31 31 33 41 39 35 35 36 36 39 40 37 37 38 38 40 48 46 42 42 43 43 46 47 44 44 45 45 47 55 53 49 49 50 50 53 54 51 51 52 52 54 62 60 56 56 57 57 60 61 58 58 59 59 61 69 67 63 63 64 64 67 68 65 65 66 66 68 76 74 70 70 71 71 74 75 72 72 73 73 75 83 81 77 77 78 78 81 82 79 79 80 80 82 90 88 84 84 85 85 88 89 86 86 87 87 89 97 95 91 91 92 92 95 96 93 93 94 94 96 98 98 97 90 83 76 69 62 55 48 41 34 27 20 13 6
42
2 2
6 6
4 4
9 9
11 11
8 8
14 14
18 18
15 15
25 25
21 21
24 24
34 34
31 31
29 29
39 39
35 35
41 41
48 48
44 44
46 46
52 52
54 54
49 49
56 56
60 60
59 59
67 67
63 63
65 65
75 75
71 71
73 73
82 82
78 78
79 79
84 84
88 88
90 90
94 94
95 95
92 92
