6 5 2 5 6 4 1 4 6 195 193 190 193 195 194 195 6 195 188 187 184 187 188 186 182 186 188 181 180 177 180 181 179 181 174 172 169 172 174 167 165 161 165 167 166 167 160 158 155 158 154 158 160 153 152 150 152 149 152 153 151 148 151 153 146 144 140 144 146 145 142 145 146 139 137 133 137 134 137 139 138 136 138 139 132 130 126 130 132 131 128 131 129 131 132 125 123 120 123 125 124 122 124 125 118 116 112 116 118 117 115 117 118 111 109 106 109 105 109 111 110 111 104 103 101 103 100 103 104 97 96 94 96 97 95 91 95 97 90 88 90 89 87 89 90 83 81 77 81 83 82 80 82 83 76 75 76 69 67 64 67 69 68 65 68 69 62 61 62 55 54 51 54 55 53 50 53 55 48 46 43 46 48 47 44 47 48 41 40 38 40 41 39 41 34 33 30 33 31 33 34 27 25 22 25 27 20 18 20 19 17 19 20 13 11 13 12 10 12 13 6
71
6 6 189
2 2
1 1
10 10
12 12
11 11
19 19
17 17
18 18
27 27 32
25 25
22 22
31 31
30 30
38 38
41 41
39 39
44 44
43 43 47
50 50 53
51 51
61 61
62 60 62 69
64 64
65 65
76 76 74 83
75 75
77 77
80 80
90 90
87 87
88 88
96 96
91 91
94 94
101 101
100 100
103 103
110 110
106 106
105 105
112 116 112
115 115
122 124 122
120 120
128 128
129 129
126 126
136 136
134 134
133 133
140 140
142 145 142
150 150
148 148
149 149
155 155
160 160
154 154
161 165 161
166 166
174 174 181
172 172
169 169
179 179
177 177
182 182
184 184
186 186
194 194
190 190
