Greenhouse HilgardHall HilgardHall Insectary Insectary iHouse iHouse IshiCourt IshiCourt JacobsHall JacobsHall JonesStudyCent JonesStudyCent KlebFieldHouse KlebFieldHouse KoshlandHall KoshlandHall KroeberHall KroeberHall KrutchTheater KrutchTheater LatimerHall LatimerHall lawrence lawrence LawrenceHall LawrenceHall LeConteHall LeConteHall AquaticCenter AquaticCenter LevFricField LevFricField LewisHall LewisHall SciencesAddition SciencesAddition Lsproul Lsproul mlk mlk MathSciencesRes MathSciencesRes maxwell maxwell McConeHall McConeHall McEnerneyHall McEnerneyHall McLaughlin McLaughlin memorialpool memorialpool MinorHall MinorHall MinorHallAdd MinorHallAdd moffit moffit MorganHall MorganHall MorrisonHall MorrisonHall MosesHall MosesHall MulfordHall MulfordHall nrl nrl NorthField NorthField NorthGateHall NorthGateHall NAnimalFacil NAnimalFacil OBrienHall OBrienHall ObservHill ObservHill AlumniHouse AlumniHouse AndersenAud AndersenAud AnthonyHall AnthonyHall ArchsEngineers ArchsEngineers BancroftLibrary BancroftLibrary BanwayBldg BanwayBldg BarkerHall BarkerHall BarrowLane BarrowLane BarrowsHall BarrowsHall BARTStation BARTStation BechtelEngineering BechtelEngineering BerkeleyMuseum BerkeleyMuseum BerkeleyWest BerkeleyWest BirgeHall BirgeHall BlackwellHall BlackwellHall BlumHall BlumHall BoaltHall BoaltHall BotanGarden BotanGarden ImagingCenter ImagingCenter StarrLibrary StarrLibrary CaliforniaHall CaliforniaHall CaliforniaStadium CaliforniaStadium CalvinLaboratory CalvinLaboratory CampbellHall CampbellHall CareerCenter CareerCenter ChanAuditorium ChanAuditorium ChavezCenter ChavezCenter CheitHall CheitHall ChouHall ChouHall ClarkCampus ClarkCampus ClassFountain ClassFountain ClassGate ClassGate CNMAT CNMAT CoryHall CoryHall CyclotronRd CyclotronRd DavisHall DavisHall DoeLibrary DoeLibrary DonnerLab DonnerLab DurantHall DurantHall DurhamTheatre DurhamTheatre DwinelleAnnex DwinelleAnnex DwinelleHall DwinelleHall EastGate EastGate EdwardsStadium EdwardsStadium EnergyBuilding EnergyBuilding EshlemanHall EshlemanHall EtcheverryHall EtcheverryHall EvansDiamond EvansDiamond EvansHall EvansHall EyeCenter EyeCenter FacultyClub FacultyClub FacultyGlade FacultyGlade FoundersRock FoundersRock FoxCottage FoxCottage FrankWay FrankWay GayleyRd GayleyRd GeneticsPlantBldg GeneticsPlantBldg GianniniHall GianniniHall HertzHall HertzHall Cafe3 Cafe3 unit3 unit3 Greenhouse
50
BerkeleyMuseum BerkeleyMuseum
BerkeleyWest BerkeleyWest
BirgeHall BirgeHall
BlackwellHall BlackwellHall
BlumHall BlumHall
BoaltHall BoaltHall
BotanGarden BotanGarden
ImagingCenter ImagingCenter
StarrLibrary StarrLibrary
CaliforniaHall CaliforniaHall
CaliforniaStadium CaliforniaStadium
CalvinLaboratory CalvinLaboratory
CampbellHall CampbellHall
CareerCenter CareerCenter
ChanAuditorium ChanAuditorium
ChavezCenter ChavezCenter
CheitHall CheitHall
ChouHall ChouHall
ClarkCampus ClarkCampus
ClassFountain ClassFountain
ClassGate ClassGate
CNMAT CNMAT
CoryHall CoryHall
CyclotronRd CyclotronRd
DavisHall DavisHall
DoeLibrary DoeLibrary
DonnerLab DonnerLab
DurantHall DurantHall
DurhamTheatre DurhamTheatre
DwinelleAnnex DwinelleAnnex
DwinelleHall DwinelleHall
EastGate EastGate
EdwardsStadium EdwardsStadium
EnergyBuilding EnergyBuilding
EshlemanHall EshlemanHall
EtcheverryHall EtcheverryHall
EvansDiamond EvansDiamond
EvansHall EvansHall
EyeCenter EyeCenter
FacultyClub FacultyClub
FacultyGlade FacultyGlade
FoundersRock FoundersRock
FoxCottage FoxCottage
FrankWay FrankWay
GayleyRd GayleyRd
GeneticsPlantBldg GeneticsPlantBldg
GianniniHall GianniniHall
HertzHall HertzHall
Cafe3 Cafe3
unit3 unit3
