Loc1 Loc137 Loc10 Loc67 Loc10 Loc143 Loc10 Loc107 Loc142 Loc39 Loc179 Loc52 Loc179 Loc77 Loc113 Loc151 Loc59 Loc123 Loc59 Loc151 Loc113 Loc74 Loc152 Loc38 Loc157 Loc103 Loc157 Loc192 Loc156 Loc100 Loc1 Loc16 Loc42 Loc13 Loc42 Loc71 Loc64 Loc17 Loc108 Loc57 Loc108 Loc9 Loc89 Loc168 Loc47 Loc83 Loc47 Loc31 Loc47 Loc163 Loc47 Loc176 Loc28 Loc190 Loc138 Loc0 Loc193 Loc109 Loc155 Loc61 Loc155 Loc51 Loc69 Loc124 Loc23 Loc70 Loc32 Loc41 Loc94 Loc194 Loc91 Loc128 Loc111 Loc166 Loc75 Loc135 Loc149 Loc135 Loc85 Loc98 Loc50 Loc58 Loc129 Loc178 Loc147 Loc178 Loc27 Loc86 Loc96 Loc186 Loc122 Loc186 Loc132 Loc158 Loc140 Loc158 Loc20 Loc158 Loc197 Loc44 Loc4 Loc171 Loc4 Loc133 Loc164 Loc11 Loc126 Loc141 Loc126 Loc118 Loc174 Loc60 Loc174 Loc33 Loc146 Loc175 Loc146 Loc25 Loc146 Loc145 Loc191 Loc6 Loc191 Loc159 Loc84 Loc101 Loc120 Loc99 Loc131 Loc7 Loc88 Loc18 Loc2 Loc76 Loc49 Loc46 Loc199 Loc14 Loc187 Loc182 Loc127 Loc153 Loc150 Loc8 Loc53 Loc22 Loc3 Loc29 Loc167 Loc45 Loc62 Loc45 Loc170 Loc112 Loc160 Loc112 Loc65 Loc136 Loc106 Loc66 Loc188 Loc165 Loc56 Loc180 Loc56 Loc195 Loc121 Loc189 Loc12 Loc15 Loc12 Loc5 Loc54 Loc162 Loc144 Loc162 Loc37 Loc162 Loc154 Loc48 Loc172 Loc30 Loc1
95
Loc0 Loc0
Loc3 Loc3
Loc5 Loc5
Loc6 Loc6
Loc7 Loc7
Loc8 Loc8
Loc9 Loc9
Loc11 Loc11
Loc13 Loc13
Loc14 Loc14
Loc15 Loc15
Loc16 Loc16
Loc17 Loc17
Loc18 Loc18
Loc165 Loc19 Loc110 Loc177
Loc20 Loc20
Loc23 Loc23 Loc95
Loc25 Loc25 Loc97
Loc27 Loc27
Loc30 Loc30
Loc31 Loc31
Loc32 Loc32
Loc33 Loc33
Loc37 Loc37
Loc38 Loc38
Loc39 Loc39
Loc44 Loc44
Loc46 Loc46
Loc50 Loc50
Loc51 Loc51
Loc52 Loc52
Loc53 Loc53 Loc183
Loc54 Loc54
Loc57 Loc57
Loc60 Loc60
Loc61 Loc61
Loc62 Loc62
Loc65 Loc65
Loc67 Loc67
Loc71 Loc71
Loc74 Loc74
Loc75 Loc75
Loc76 Loc76
Loc77 Loc77
Loc83 Loc83
Loc85 Loc85
Loc91 Loc91
Loc94 Loc94
Loc96 Loc96
Loc99 Loc99
Loc100 Loc100
Loc101 Loc101
Loc103 Loc103
Loc106 Loc106
Loc107 Loc107
Loc109 Loc109
Loc111 Loc111
Loc118 Loc118
Loc122 Loc122
Loc124 Loc124
Loc128 Loc128
Loc129 Loc129
Loc132 Loc132
Loc133 Loc133
Loc137 Loc137
Loc140 Loc140
Loc141 Loc141
Loc143 Loc143
Loc144 Loc144
Loc145 Loc145
Loc147 Loc147
Loc149 Loc149
Loc153 Loc153
Loc154 Loc154
Loc159 Loc159
Loc160 Loc160
Loc163 Loc163
Loc167 Loc167
Loc168 Loc168
Loc170 Loc170
Loc171 Loc171
Loc172 Loc172
Loc175 Loc175
Loc176 Loc176
Loc180 Loc180
Loc182 Loc182
Loc188 Loc188
Loc189 Loc189
Loc190 Loc190
Loc192 Loc192
Loc195 Loc195
Loc197 Loc197
Loc151 Loc151
Loc59 Loc59
Loc123 Loc123
