pace king view forge winner assignment physics bitter guarantee due write title prison injury disclose skeleton likely dialogue romantic certain quality throne approval environment miserable audience output circulation deposit paper mixture understand seize sunrise assume exempt injection exclusive honor feature interactive sign tolerate thirsty stroke excuse thumb nationalist shy tablet cigarette demand page lake pier imposter class judicial glasses autonomy enter mystery gate gate market figure banana banana figure pain pig other swear financial voice voice profound fortune fortune profound dough tool ward iron chair brake mature headline rob rob shiver joint dip discriminate discriminate dip joint shiver headline buffet opposed opposed straighten straighten buffet enhance respect rent stress linger vegetarian vegetarian linger coast coast stress rent respect legislation legislation enhance mature brake chair iron ward tool dough solve solve financial swear other pig pain market mystery enter autonomy glasses judicial class gallon gallon imposter pier lake page demand cigarette tablet shy nationalist thumb excuse stroke thirsty tolerate sign interactive feature honor exclusive injection exempt assume sunrise seize understand mixture paper deposit circulation output audience miserable environment approval throne quality certain romantic dialogue likely skeleton disclose injury prison title write due guarantee bitter physics assignment winner forge view king pace
50
shy shy
swear swear
dough dough
pain pain
buffet buffet
linger linger
circulation circulation
class class
nationalist nationalist
tool tool
honor honor
prison prison
imposter imposter
guarantee guarantee
exclusive exclusive
other other
rob rob
sunrise sunrise
voice voice
winner winner
vegetarian vegetarian
tolerate tolerate
lake lake
headline headline
throne throne
seize seize
glasses glasses
paper paper
tablet tablet
legislation legislation
enter enter
enhance enhance
quality quality
injury injury
bitter bitter
dip dip
page page
mystery mystery
figure figure
autonomy autonomy
likely likely
demand demand
output output
thumb thumb
cigarette cigarette
brake brake
financial financial
title title
king king
sign sign
