pace mixture joint output buffet exempt certain due title mystery miserable election guarantee attraction excuse forge coast profound skeleton gallon injection financial fortune atmosphere rent approval disclose voice triple shy gate discriminate pardon vegetarian market rob judicial coincide dive view king respect throne boom quality circulation stress enemy ask sign honor comfortable likely other quadruple imposter tablet ward autonomy paper expression assignment winner virgin prison environment node headline brake nationalist page deposit seize cigarette tolerate injury demand feature write pig pier interactive father compromise shiver structure thirsty opposed dip understand notebook glasses mature prospect legislation extort widen class joystick beg ex spoil bleed smile drawer chew curriculum curriculum offset enter science blonde pipe assume acceptance double double acceptance railcar tool swear charity stroke pain pain stroke reliable reliable liver ignore audience sunrise solve labour figure clay rage dialogue home error error flag module identity straighten straighten deter linger physics dough greeting decisive decisive begin lake lake begin greeting dough note note physics linger terms thumb address terminal bitter weapon illusion illusion weapon policy viable job grounds grounds job viable policy coffin coffin bitter terminal address thumb hospitality quiet speaker electronics exclusive exclusive interface interface swop swop electronics speaker snuggle snuggle quiet teacher candle candle teacher confrontation development desk desk native mercy embarrassment embarrassment mercy native development pound pound confrontation hospitality terms deter identity module flag home cotton lifestyle lifestyle cotton dialogue rage clay figure labour ladder separate separate ladder solve sunrise outline iron iron outline dramatic dramatic audience ignore liver charity swear tool railcar assume pipe blonde science enter offset chew drawer smile knot country single single country knot bleed spoil ex control control beg bowel penetrate penetrate bowel joystick class banana aspect romantic romantic mist mist aspect driver driver banana widen extort legislation prospect mature glasses notebook understand dip opposed thirsty structure exploit exploit shiver case exile exile case compromise father interactive pier pig write feature demand injury tolerate cigarette seize deposit page nationalist scheme scheme brake headline enhance enhance node environment prison virgin winner assignment expression paper autonomy ward tablet imposter quadruple other likely comfortable honor sign ask enemy stress circulation quality boom throne chair chair respect king view dive coincide judicial rob market vegetarian pardon discriminate gate shy triple voice disclose approval rent atmosphere fortune financial injection gallon skeleton profound coast forge excuse attraction guarantee election miserable mystery title due certain exempt buffet output joint mixture pace
100
exclusive exclusive
identity identity
injection injection
market market
acceptance acceptance
exempt exempt
coffin coffin
begin begin
teacher teacher
autonomy autonomy
development development
drawer drawer
control control
swop swop
stress stress
audience audience
injury injury
deter deter
environment environment
virgin virgin
tablet tablet
output output
dip dip
thumb thumb
structure structure
buffet buffet
viable viable
dough dough
assignment assignment
coincide coincide
atmosphere atmosphere
cotton cotton
triple triple
mature mature
pig pig
spoil spoil
profound profound
curriculum curriculum
widen widen
dive dive
shiver shiver
smile smile
note note
flag flag
physics physics
driver driver
railcar railcar
mercy mercy
error error
throne throne
decisive decisive
candle candle
illusion illusion
headline headline
rob rob
scheme scheme
offset offset
knot knot
country country
comfortable comfortable
native native
skeleton skeleton
rent rent
guarantee guarantee
coast coast
interface interface
electronics electronics
other other
confrontation confrontation
exile exile
pace pace
ask ask
imposter imposter
enemy enemy
straighten straighten
quadruple quadruple
liver liver
pardon pardon
due due
likely likely
bowel bowel
home home
financial financial
lifestyle lifestyle
ignore ignore
interactive interactive
respect respect
swear swear
chair chair
page page
boom boom
greeting greeting
attraction attraction
forge forge
rage rage
election election
excuse excuse
tool tool
feature feature
pipe pipe
