pace miserable mixture injury disclose excuse feature nationalist brake forge likely king title throne view prison honor environment write output understand paper due audience page guarantee enter deposit skeleton opposed injection profound quality assignment winner exclusive market exempt thumb circulation headline headline dough dough circulation thumb exempt market exclusive winner assignment quality profound certain pier gate tablet approval voice voice other other approval tablet gate pier certain injection opposed skeleton deposit enter guarantee page audience due paper understand output write environment honor prison view throne title king likely physics physics forge brake nationalist feature excuse disclose injury mixture miserable pace
25
deposit deposit
exempt exempt
enter enter
gate gate
audience audience
headline headline
honor honor
brake brake
likely likely
market market
mixture mixture
throne throne
circulation circulation
feature feature
output output
nationalist nationalist
voice voice
opposed opposed
excuse excuse
guarantee guarantee
king king
page page
injury injury
approval approval
skeleton skeleton
