0 67 1 2 2 3 3 4 4 70 5 6 6 7 7 69 71 8 9 9 10 10 11 11 12 12 13 13 75 14 15 15 16 17 17 76 18 19 19 20 20 21 21 22 22 23 23 24 24 77 25 26 26 27 27 78 28 29 29 30 30 31 31 32 32 79 33 34 34 35 36 37 37 36 35 80 81 82 38 39 39 40 40 84 41 42 43 43 42 44 45 45 44 46 47 47 46 85 48 49 49 50 50 51 51 86 52 53 53 87 54 55 55 56 56 57 57 58 58 88 59 60 60 61 61 62 62 63 63 64 64 89 65 66 66 90 94 91 91 92 92 94 90 65 89 59 88 54 87 52 86 48 85 41 84 38 82 83 83 81 80 33 79 28 78 25 77 18 76 16 14 75 8 72 68 73 73 96 95 95 97 93 93 97 96 68 72 71 69 5 70 1 67 0
50
2 2
3 3
4 4
6 6
7 7
9 9
10 10
11 11
12 12
13 13
15 15
17 17
19 19
20 20
21 21
22 22
23 23
24 24
26 26
27 27
29 29
30 30
31 31
32 32
34 34
35 35
36 36
37 37
39 39
40 40
42 42
43 43
44 44
45 45
46 46
47 47
49 49
50 50
51 51
53 53
55 55
56 56
57 57
58 58
60 60
61 61
62 62
63 63
64 64
66 66
