0 182 27 28 28 29 29 30 30 31 31 32 32 33 33 34 35 35 36 36 37 37 133 134 38 39 39 132 40 41 41 42 42 43 43 131 44 45 45 46 46 135 136 136 137 137 138 1 2 2 3 3 4 4 13 13 139 141 5 6 6 7 7 8 8 9 9 10 10 24 25 25 26 26 144 20 21 21 22 22 23 23 146 145 14 15 15 16 16 17 17 18 18 19 19 147 148 149 11 12 12 150 152 151 60 61 61 62 62 63 63 64 64 65 65 66 66 153 57 54 55 55 56 56 154 155 52 53 53 156 47 48 48 49 49 50 50 51 51 157 159 158 158 160 120 121 121 122 122 123 123 124 124 125 125 126 126 127 127 128 128 129 129 130 130 162 163 67 68 68 69 69 70 70 71 71 164 72 73 73 74 74 75 75 165 76 77 77 78 78 79 79 166 167 80 81 81 82 82 83 83 84 84 85 85 92 86 87 87 88 88 168 89 90 90 91 91 169 94 95 95 96 96 97 97 98 98 99 99 100 100 101 101 102 103 103 104 104 105 105 171 170 172 175 106 107 107 108 108 109 109 110 110 176 111 112 112 113 113 114 115 115 116 116 117 117 118 119 119 177 178 179 181 181 179 180 180 178 177 118 114 111 176 106 175 172 173 174 174 173 170 171 102 94 169 89 168 86 93 93 92 80 167 166 76 165 72 164 67 163 162 120 161 161 160 159 157 47 156 52 155 154 54 58 58 59 59 57 153 60 151 152 150 11 149 148 147 14 145 146 20 144 24 142 143 140 140 143 142 5 141 139 1 138 135 44 131 40 132 38 134 133 34 27 182 0
100
2 2
3 3
4 4
6 6
7 7
8 8
9 9
10 10
12 12
13 13
15 15
16 16
17 17
18 18
19 19
21 21
22 22
23 23
25 25
26 26
28 28
29 29
30 30
31 31
32 32
33 33
35 35
36 36
37 37
39 39
41 41
42 42
43 43
45 45
46 46
48 48
49 49
50 50
51 51
53 53
55 55
56 56
58 58
59 59
61 61
62 62
63 63
64 64
65 65
66 66
68 68
69 69
70 70
71 71
73 73
74 74
75 75
77 77
78 78
79 79
81 81
82 82
83 83
84 84
85 85
87 87
88 88
90 90
91 91
93 93
95 95
96 96
97 97
98 98
99 99
100 100
101 101
103 103
104 104
105 105
107 107
108 108
109 109
110 110
112 112
113 113
115 115
116 116
117 117
119 119
121 121
122 122
123 123
124 124
125 125
126 126
127 127
128 128
129 129
130 130
