9iIwk Mj2eQ ZzWHp iEXNY AQ02H MA43U jYfXn Ew56P 9ejIc SgDk6 I5lew RhUVQ QVYVG 7G74f FbFgI FOL0S 1uRw3 S6nic q0lus XYzcU Nceu2 qkJ6b Ib6np 1xmtC HOs1b jT5CK c9sIw tG1wc 5BDPJ WJNpN r2dxQ Y7IDR UpLNw 4a0W8 4a0W8 UpLNw YH6mk 5ioW1 Be0ab XZKtP dw7aX q85d7 q85d7 dw7aX qmTnM bXinH bXinH qmTnM XZKtP Be0ab AgYPL tnjfN nctzP nctzP tnjfN AgYPL vrNke k6V9L N1MZB TI54i uXqXg pXCjI ZgtaX Vake4 BnAjj k64Ok fS0W8 ZfVrl p9vQm p9vQm Esl6u rrNj1 mBYfp 5R5Xa 0mah3 TzIYf Q1WC5 h2rea 1eRkH 6EWVx u0DM6 5VT1H 1pxZM LJqKh LZomt aHGHb RKW0P CAygY 1r917 1r917 kmzhT jAwQw Ri2t4 y89SK knY3U vE0Pj WGJpQ WGJpQ vE0Pj 80uvP 80uvP knY3U y89SK Ri2t4 jAwQw kmzhT CAygY RKW0P aHGHb LZomt LJqKh 1pxZM 5VT1H u0DM6 6EWVx ChXAd ChXAd p7hV5 6oThd 6oThd p7hV5 1eRkH h2rea Q1WC5 TzIYf 0mah3 5R5Xa mBYfp rrNj1 Esl6u ZfVrl fS0W8 k64Ok BnAjj Vake4 JgjFI veOJ7 iCgvV iCgvV veOJ7 JgjFI ZgtaX pXCjI uXqXg TI54i N1MZB OQnD0 fw1kb fw1kb OQnD0 k6V9L vrNke 5ioW1 YH6mk Y7IDR r2dxQ WJNpN 5BDPJ tG1wc c9sIw jT5CK HOs1b jASvw oqPYQ 0GdkR coWXz YZysZ Jq528 Jq528 YZysZ coWXz 0GdkR oqPYQ jASvw 1xmtC Ib6np qkJ6b Nceu2 XYzcU q0lus S6nic 1uRw3 FOL0S FbFgI 7G74f QVYVG RhUVQ s9zWz s9zWz I5lew SgDk6 9ejIc Ew56P jYfXn MA43U AQ02H iEXNY ZzWHp Mj2eQ 9iIwk
50
5VT1H 5VT1H
jT5CK jT5CK
bXinH bXinH
qkJ6b qkJ6b
Y7IDR Y7IDR
AgYPL AgYPL
XYzcU XYzcU
vE0Pj vE0Pj
5R5Xa 5R5Xa
iEXNY iEXNY
WGJpQ WGJpQ
1uRw3 1uRw3
1eRkH 1eRkH
veOJ7 veOJ7
YH6mk YH6mk
jAwQw jAwQw
Ri2t4 Ri2t4
jYfXn jYfXn
ChXAd ChXAd
XZKtP XZKtP
Mj2eQ Mj2eQ
ZzWHp ZzWHp
h2rea h2rea
jASvw jASvw
5ioW1 5ioW1
SgDk6 SgDk6
1xmtC 1xmtC
JgjFI JgjFI
0GdkR 0GdkR
fS0W8 fS0W8
oqPYQ oqPYQ
tnjfN tnjfN
dw7aX dw7aX
9iIwk 9iIwk
Be0ab Be0ab
LZomt LZomt
p9vQm p9vQm
kmzhT kmzhT
pXCjI pXCjI
1pxZM 1pxZM
BnAjj BnAjj
Vake4 Vake4
iCgvV iCgvV
7G74f 7G74f
5BDPJ 5BDPJ
y89SK y89SK
RhUVQ RhUVQ
aHGHb aHGHb
4a0W8 4a0W8
ZgtaX ZgtaX
