HAZtD 6gp0A kPB79 4Tt2a 4Tt2a UqGfS GxQg8 XWtdT 1gvq4 lJnz7 Q9Dex aWuHk 3NU9e CXkxa ED9em 5h4rt 5h4rt RN9nS F7CZj 4Eg1F wnnBN Cg1yP J0OP0 iKwe0 EyMEe bW6Ms vfAR8 X2hjX zg9rt iqOI4 mJExt XbFfE O8CwF C4biR 93R2m cu5FB 4AhmX jesVt 69WZh wedr3 zrVPv 15wtn npBgR ox9Gx EgumV UQeyk p3gJd 9cp56 zcuSA 4PSW9 0F8yg gpbSj Tp7uZ jyRQW Xqwfz pLg86 jcSDd 7kY28 fiXIW URrao qz2Of 8Qx0C TyY1w iPRoT Vg6Sz iIQll p4kTx 7ZJYA 4jcrD UPel5 UbqWX GrnJ7 SEc9N v9joy PnmPs iaaYU iaaYU PnmPs DmTRc gNinx gNinx tgL8p 0FMEI 5EAEu sU69u RWE9G 2GCiD 2GCiD 3JtxZ 3JtxZ RWE9G sU69u 5EAEu R6NzB onBu6 mdIe6 Q5zY0 5MtKr kvy7i Ia6ul dLgmf eVDVP b9v0q SEkfX v7hOX Mm2U8 2zHfe hvF70 AwFdf Qz8Ub rH3nx cpzS8 GmE3O acHTt kjZGl kNG2j kNG2j kjZGl acHTt GmE3O cpzS8 rH3nx DaieK qXBVG qXBVG cMyGs uPUO1 ESrfm aegld TlJnt TlJnt aegld ESrfm uPUO1 cMyGs DaieK Qz8Ub KtlQd dmbCw dmbCw KtlQd AwFdf hvF70 fExZu wVSYr B19Le Agb0E gcByh WVEjT WVEjT VG4na tkVif tkVif VG4na gcByh Agb0E B19Le wVSYr fExZu 2zHfe Mm2U8 v7hOX SEkfX b9v0q eVDVP dLgmf Ia6ul kvy7i 5MtKr DchVt zZ10c 7WH0C ntxuv ZKvNM TzGS5 TzGS5 v0WXM iHR3J SE1WY VJX0I VJX0I fWz4T fWz4T SE1WY iHR3J v0WXM ZKvNM ntxuv 7WH0C zZ10c DchVt Q5zY0 mdIe6 onBu6 R6NzB 0FMEI tgL8p GfIsc rmW0U CHx6u bMhFI lF8gH DUzz2 DUzz2 lF8gH SfSL1 36fTo HOuAL HOuAL 36fTo RkCLD E6pda e7SjH DuU0x BIY9X o2JtM GaZ4O H1xt8 H1xt8 Jbr8u Q8lcd ejBhY 8x5TS 8x5TS 6sv9O Njpie el46Y el46Y OEGHh kYZ5P iimZq 6owsT g8MpX ninof OWqP4 rVnMc sJ62h hA7FQ SxklZ VESmp VESmp BaYb3 IOpdQ 1VA1I Zok18 Zok18 1VA1I IOpdQ BaYb3 0moVI GDCfm NV1GL lqKR5 GUEko Pk19A HAKlt 234po 234po HAKlt Pk19A GUEko lqKR5 GWb7L GWb7L NV1GL GDCfm 0moVI SxklZ hA7FQ sJ62h rVnMc OWqP4 ninof g8MpX 6owsT iimZq kYZ5P OEGHh Njpie 6sv9O ejBhY Q8lcd Jbr8u GaZ4O TvWc0 TvWc0 o2JtM BIY9X DuU0x 2LhKB 2LhKB e7SjH xKTIz 2kvzl 2kvzl xKTIz E6pda RkCLD SfSL1 bMhFI CHx6u 9tf0w 9tf0w rmW0U GfIsc DmTRc v9joy SEc9N GrnJ7 UbqWX UPel5 4jcrD 7ZJYA p4kTx iIQll Vg6Sz iPRoT TyY1w 8Qx0C qz2Of URrao fiXIW 7kY28 jcSDd pLg86 CWT0c CWT0c Gf5gy Gf5gy NqBQW NqBQW Xqwfz u60s4 cC0Rg cC0Rg Zxvdf Zxvdf u60s4 jyRQW Tp7uZ gpbSj 0F8yg 4PSW9 zcuSA 9cp56 p3gJd UQeyk EgumV ox9Gx npBgR 15wtn zrVPv wedr3 69WZh jesVt 4AhmX cu5FB 93R2m C4biR O8CwF XbFfE mJExt iqOI4 zg9rt X2hjX vfAR8 bW6Ms xF1Bj xF1Bj z82fM z82fM EyMEe iKwe0 J0OP0 Cg1yP wnnBN 4Eg1F F7CZj RN9nS ED9em Lusir Lusir CXkxa 3NU9e aWuHk Q9Dex lJnz7 1gvq4 XWtdT v6BY5 v6BY5 GxQg8 Ssao4 Ssao4 UqGfS 4PXv9 4PXv9 kPB79 6gp0A HAZtD
100
pLg86 pLg86
p4kTx p4kTx
kNG2j kNG2j
aWuHk aWuHk
uPUO1 uPUO1
4AhmX 4AhmX
bMhFI bMhFI
7kY28 7kY28
HOuAL HOuAL
Zok18 Zok18
Zxvdf Zxvdf
cu5FB cu5FB
0moVI 0moVI
VG4na VG4na
UqGfS UqGfS
xKTIz xKTIz
z82fM z82fM
iIQll iIQll
NqBQW NqBQW
OWqP4 OWqP4
URrao URrao
DuU0x DuU0x
zrVPv zrVPv
WVEjT WVEjT
DaieK DaieK
RN9nS RN9nS
R6NzB R6NzB
TzGS5 TzGS5
Pk19A Pk19A
4Tt2a 4Tt2a
5h4rt 5h4rt
SEkfX SEkfX
4jcrD 4jcrD
cC0Rg cC0Rg
vfAR8 vfAR8
gNinx gNinx
Q8lcd Q8lcd
iHR3J iHR3J
GxQg8 GxQg8
HAKlt HAKlt
2LhKB 2LhKB
fExZu fExZu
jesVt jesVt
4PXv9 4PXv9
O8CwF O8CwF
CHx6u CHx6u
fWz4T fWz4T
BIY9X BIY9X
9tf0w 9tf0w
H1xt8 H1xt8
1gvq4 1gvq4
J0OP0 J0OP0
bW6Ms bW6Ms
lJnz7 lJnz7
mdIe6 mdIe6
1VA1I 1VA1I
X2hjX X2hjX
SxklZ SxklZ
aegld aegld
AwFdf AwFdf
eVDVP eVDVP
ox9Gx ox9Gx
VESmp VESmp
iKwe0 iKwe0
v7hOX v7hOX
p3gJd p3gJd
Ia6ul Ia6ul
E6pda E6pda
0F8yg 0F8yg
acHTt acHTt
iimZq iimZq
6owsT 6owsT
wnnBN wnnBN
UbqWX UbqWX
Vg6Sz Vg6Sz
5EAEu 5EAEu
zcuSA zcuSA
cpzS8 cpzS8
IOpdQ IOpdQ
Lusir Lusir
iqOI4 iqOI4
BaYb3 BaYb3
EgumV EgumV
Ssao4 Ssao4
rH3nx rH3nx
8Qx0C 8Qx0C
TlJnt TlJnt
wedr3 wedr3
69WZh 69WZh
ED9em ED9em
fiXIW fiXIW
gpbSj gpbSj
DmTRc DmTRc
2GCiD 2GCiD
v9joy v9joy
iaaYU iaaYU
Agb0E Agb0E
lF8gH lF8gH
Cg1yP Cg1yP
u60s4 u60s4
