3Yw8H 2m7vR KHHwN xNFYO hQySr ycoh0 EvuAH fWgKV miscC miscC uyQLS uyQLS fWgKV vN0gV TT3Hk EQJ7U rNOyg Vm2RV RTNKK s8jhm WapgM WapgM 5ayvc OhHc9 1D7Td 1D7Td 8Dtha 8Dtha OhHc9 5ayvc w0i4E zSmKp NRZIn CmuV1 QUkKU M5wZP Z7joj Jcs3B fEdtk Tz4zy FzlgD sBBO4 x5InZ 5PNx4 WEKrt P18zR BSqOv 9e1Io 9e1Io kdMDW kdMDW BSqOv P18zR VpaoF VpaoF WEKrt 5PNx4 x5InZ MC0kp MC0kp sBBO4 FzlgD Tz4zy fEdtk Jcs3B IWj7Z IWj7Z Z7joj M5wZP QUkKU cvjQc JYR5M zFpox zFpox JYR5M cvjQc CmuV1 NRZIn zSmKp w0i4E WK02s WK02s s8jhm RTNKK Vm2RV rNOyg 8MJwv 8MJwv iaf34 iaf34 EQJ7U TT3Hk vN0gV EvuAH ycoh0 hQySr xNFYO KHHwN 2m7vR 3Yw8H
25
8MJwv 8MJwv
ycoh0 ycoh0
JYR5M JYR5M
vN0gV vN0gV
miscC miscC
w0i4E w0i4E
Vm2RV Vm2RV
EvuAH EvuAH
BSqOv BSqOv
xNFYO xNFYO
Z7joj Z7joj
QUkKU QUkKU
P18zR P18zR
OhHc9 OhHc9
M5wZP M5wZP
KHHwN KHHwN
TT3Hk TT3Hk
9e1Io 9e1Io
5PNx4 5PNx4
zSmKp zSmKp
iaf34 iaf34
Tz4zy Tz4zy
cvjQc cvjQc
3Yw8H 3Yw8H
RTNKK RTNKK
