1 3 57 4 22 18 12 38 2 8 30 19 6 16 20 11 5 27 10 17 14 9 23 34 36 60 50 40 26 54 37 28 35 15 46 21 44 48 47 58 89 25 66 66 71 13 13 72 33 33 53 74 55 49 63 43 80 31 51 61 96 84 85 39 67 65 59 29 69 41 42 24 73 56 56 93 76 7 91 91 7 76 93 73 79 90 52 52 90 79 100 32 62 99 82 45 75 75 45 82 99 62 87 95 95 87 32 100 24 92 98 98 92 42 88 88 97 94 94 97 41 69 29 59 68 68 65 78 64 81 70 70 81 64 78 67 39 85 84 96 61 51 31 80 43 63 86 86 49 55 74 77 77 53 72 71 25 89 58 47 83 83 48 44 21 46 15 35 28 37 54 26 40 50 60 36 34 23 9 14 17 10 27 5 11 20 16 6 19 30 8 2 38 12 18 22 4 57 3 1
40
90 90
42 42
58 58
72 72
92 92
11 11
87 87
26 26
83 83
45 45
66 66
5 5
99 99
34 34
1 1
12 12
63 63
73 73
100 100
84 84
28 28
8 8
50 50
79 79
78 78
89 89
93 93
46 46
33 33
10 10
91 91
86 86
64 64
95 95
52 52
69 69
7 7
3 3
14 14
98 98
