1 174 14 42 161 128 105 159 96 18 89 95 147 142 51 91 156 163 7 186 193 83 64 3 182 129 152 82 78 26 110 86 13 190 12 57 116 88 52 176 60 23 84 140 137 31 130 199 115 36 53 46 90 101 66 71 121 56 162 157 119 98 185 175 15 108 171 49 138 103 153 43 99 92 93 58 136 1
75
78 78 127 132
115 194 115
46 46
152 152
82 82
36 36
49 49
51 51
129 129
101 101
142 142
147 147
108 108
43 43
159 159
18 18
92 92
162 162
7 7
15 15
156 156
90 90
3 3
153 153
182 182
66 66
91 91
137 137
64 64
89 89
186 186
96 96
163 163
93 93
31 31
99 99
176 176
58 58
12 12
71 71
83 83
136 136
199 199
175 175
42 42
130 130
53 53
52 52
84 84
103 103
138 138
157 157
13 13
26 26
140 140
185 185
95 95
88 88
86 86
14 14
116 116
110 110
193 193
98 98
190 190
56 56
161 161
119 119
128 128
105 105
23 23
57 57
60 60
121 121
174 174
