Abbey Tanya Beatrice Alexia Helen Kiera Dana Isabella Lilia Jordin Avni Nora Liberty Sophia Maeve Matilda Kayley Mira Mckinley Lillie Rayna Tara Yoselin Presley Shannon Lisa Riley Vivian Eden Haven Kristina Lana Carlee Jamiya Karma Kimberly Harley Marisol Rebecca Ruth Abbey
39
Alexia Alexia Ayanna
Avni Avni
Beatrice Beatrice
Carlee Carlee
Dana Dana
Eden Eden
Harley Harley
Haven Haven
Helen Helen
Isabella Isabella
Jamiya Jamiya
Jordin Jordin
Karma Karma
Kayley Kayley
Kiera Kiera
Kimberly Kimberly
Kristina Kristina
Lana Lana
Liberty Liberty
Lilia Lilia
Lillie Lillie
Lisa Lisa
Maeve Maeve
Marisol Marisol
Matilda Matilda
Mckinley Mckinley
Mira Mira
Nora Nora
Presley Presley
Rayna Rayna
Rebecca Rebecca
Riley Riley
Ruth Ruth
Shannon Shannon
Sophia Sophia
Tanya Tanya
Tara Tara
Vivian Vivian
Yoselin Yoselin
