Abbey Ashleigh Alexia Baylee Claire Lindsay Kaley Kayden Lacey Kira Jamiya Maggie Laylah Jasmin Christine Juliette Kiley Jimena Jaden Aubree Aniya Ciara Zion Shyanne Tara Zaria Sharon Sophie Taniyah Zara Mireya Nia Mira Mya Rylee Natalee Riley Mckayla Noelle Dana Dayami Diana Emilie Elianna Gillian Emma Denisse Haven Iyana Jillian Jade Camilla Carlie Imani Ingrid Jazmyn Janiya Aryana Kiana Kimberly Keyla Madilynn Leila Kristin Sophia Kaydence Lilia Neveah Lucille Mckinley Lilyana Parker Melina Lainey Matilda Myah Avni Chasity Alia Carlee Ariel Ashley Alexus Kenzie Carleigh Kristina Bryanna Carly Brooklyn Arielle Abbey
89
Abbey Abbey Alivia
Alexia Alexia
Alexus Alexus
Alia Alia
Aniya Aniya
Ariel Ariel
Arielle Arielle
Aryana Aryana
Ashley Ashley
Aubree Aubree
Avni Avni
Baylee Baylee
Brooklyn Brooklyn
Bryanna Bryanna
Camilla Camilla
Carlee Carlee
Carleigh Carleigh
Carlie Carlie
Carly Carly
Chasity Chasity
Christine Christine
Ciara Ciara
Claire Claire
Dana Dana
Dayami Dayami
Denisse Denisse
Diana Diana
Elianna Elianna
Emilie Emilie
Emma Emma
Gillian Gillian
Haven Haven
Imani Imani
Ingrid Ingrid
Iyana Iyana
Jade Jade
Jaden Jaden
Jamiya Jamiya
Janiya Janiya
Jasmin Jasmin
Jazmyn Jazmyn
Jillian Jillian
Jimena Jimena
Juliette Juliette
Kaley Kaley
Kayden Kayden
Kaydence Kaydence
Kenzie Kenzie
Keyla Keyla
Kiana Kiana
Kiley Kiley
Kimberly Kimberly
Kira Kira
Kristin Kristin
Kristina Kristina
Lacey Lacey
Lainey Lainey
Laylah Laylah
Leila Leila
Lilia Lilia
Lilyana Lilyana
Lindsay Lindsay
Lucille Lucille
Madilynn Madilynn
Maggie Maggie
Matilda Matilda
Mckayla Mckayla
Mckinley Mckinley
Melina Melina
Mira Mira
Mireya Mireya
Mya Mya
Myah Myah
Natalee Natalee
Neveah Neveah
Nia Nia
Noelle Noelle
Parker Parker
Riley Riley
Rylee Rylee
Sharon Sharon
Shyanne Shyanne
Sophia Sophia
Sophie Sophie
Taniyah Taniyah
Tara Tara
Zara Zara
Zaria Zaria
Zion Zion
