Alena Amaris Araceli Alexus Aryana Cecilia Ashleigh Avni Averi Ashley Brooklyn Camille Bryanna Carly Charlie Ciara Fatima Emma Heather Cloe Jade Helen Kaila Kaitlynn Jasmin Kaley Jamiya Kathy Lainey Kimberly Kenzie Lucille Lorelai Maggie Marley Lisa Meredith Miah Mira Mireya Nia Shannon Paulina Rebecca Riley Susan Tamia Natalee Vivian Tania Tania Vivian Natalee Tamia Susan Riley Rebecca Paulina Shannon Nia Mireya Mira Miah Meredith Lisa Marley Maggie Lorelai Lucille Kenzie Kimberly Lainey Kathy Jamiya Kaley Jasmin Kaitlynn Kaila Helen Jade Cloe Heather Emma Fatima Ciara Charlie Carly Bryanna Camille Brooklyn Ashley Averi Avni Ashleigh Cecilia Aryana Alexus Araceli Amaris Alena
20
Alena Alena
Alexus Alexus
Aryana Aryana
Brooklyn Brooklyn
Bryanna Bryanna
Ciara Ciara
Cloe Cloe
Heather Heather
Jade Jade
Jamiya Jamiya
Jasmin Jasmin
Kaila Kaila
Kaley Kaley
Lucille Lucille
Miah Miah
Mira Mira
Mireya Mireya
Natalee Natalee
Nia Nia
Tania Tania
