Taozhuang Bhit Carnot Udumalaippettai Norco Longgang Bhit Middle Besuki Vernon Severodvinsk Vernon Caravaca Donggongon Boo Cibinong Villa Rafiganj Villa Nonsan Waverly Strathfield Bourbonnais Tupelo Esperanza Bang Somma Kallio Alatyr Memmingen Gudermes Aytos Hechingen Azrou Ramla Sarandi Southsea Calauan Southsea Freetown Ulu New Artur Sicklerville Chharra Wesseling Chharra Jackson Rosedale Camayenne Bhit Durazno Bhit Gauting Rutherglen Oulmes Fort Uran Jinotepe Uran Jingzhou Uran Pottstown Uran Ilesa Chharra Taozhuang
49
Gauting Gauting
Nonsan Nonsan
Jackson Jackson
Kallio Kallio
Ulu Ulu
Sarandi Sarandi
Middle Middle
Donggongon Donggongon
Durazno Durazno
Camayenne Camayenne
Strathfield Strathfield
Cibinong Cibinong
Jingzhou Jingzhou
New New
Somma Somma
Azrou Azrou
Fort Fort
Esperanza Esperanza
Longgang Longgang
Udumalaippettai Udumalaippettai
Boo Boo Esmeraldas
Villa Villa
Severodvinsk Severodvinsk
Ilesa Ilesa
Besuki Besuki
Gudermes Gudermes
Calauan Calauan
Wesseling Wesseling
Taozhuang Taozhuang
Rosedale Rosedale
Aytos Aytos
Tupelo Tupelo
Rutherglen Rutherglen
Alatyr Alatyr
Artur Artur
Bang Bang
Ramla Ramla
Freetown Freetown
Waverly Waverly
Caravaca Caravaca
Sicklerville Sicklerville
Bourbonnais Bourbonnais
Memmingen Memmingen
Hechingen Hechingen
Jinotepe Jinotepe
Rafiganj Rafiganj
Pottstown Pottstown
Uran Uran
Oulmes Oulmes
