Ilesa Perth Great Tyoply Great Resplendor Bensheim Campobasso Bensheim Copperas MitryMory Ponta MitryMory Lodwar Puducherry American Malden Ada Krymsk GernikaLumo LonsleSaunier Calauan Shagamu Bang Bensheim Oulmes Mexborough Meizhou Toledo Davis Jiangyan Brunswick Zeist Niort Perth Shaowu Chacabuco Ramla Yingkou Barras Sceaux Valletta Itacoatiara Sirsi Foshan Alfenas Aleshtar Hermsdorf Tharu Aistala DehiwalaMount Tupiza Valday Bogovinje Mouscron Jagna Aurora Barracas Ventimiglia Viewpark Palafrugell Villaquilambre Stupino PortVila Alexandria Milagro Azrou Jashpurnagar Magomeni Minas Dahlem Minas New Belper Zaozhuang Rutland Stuttgart Aklera Bensheim PointeClaire Bensheim Gariadhar Bavly Polohy WaltonontheNaze Memmingen Tupelo Uran Landshut Bon An Bobigny Sillanwali Sishui Talipparamba Tak Perth UlanUde Perth Clermont Perth Brzeg Kyzylorda Bensheim Lille Marburg Sorsogon Oberhausen Palm Liberia Paredes Belper Skalica Belper Guli MitryMory Claremont MitryMory Tiruppuvanam Onex Puerto Milledgeville Ilesa
99
Jagna Jagna
Sishui Sishui
Milagro Milagro
Claremont Claremont
Palm Palm
Talipparamba Talipparamba
Aklera Aklera
Sillanwali Sillanwali
Milledgeville Milledgeville
Ada Ada
Tyoply Tyoply
Bavly Bavly
Mexborough Mexborough
Sceaux Sceaux
Foshan Foshan
Valletta Valletta
Resplendor Resplendor
Brunswick Brunswick
Stuttgart Stuttgart
Stupino Stupino
Bensheim Bensheim
Alexandria Alexandria
Sirsi Sirsi
New New
Malden Malden
Chacabuco Chacabuco
Azrou Azrou
Perth Perth
Bogovinje Bogovinje
Oberhausen Oberhausen
UlanUde UlanUde
Palafrugell Palafrugell
Polohy Polohy
Tak Tak
Campobasso Campobasso
Yingkou Yingkou
Zaozhuang Zaozhuang
Skalica Skalica
Ilesa Ilesa
Calauan Calauan Rhosllanerchrugog
Tiruppuvanam Tiruppuvanam
Shagamu Shagamu
Gariadhar Gariadhar
Ventimiglia Ventimiglia
Shaowu Shaowu
Aurora Aurora
Landshut Landshut
Tupelo Tupelo
Guli Guli
Davis Davis
Ramla Ramla
Barracas Barracas
An An
Bobigny Bobigny
Bang Bang
Toledo Toledo
PortVila PortVila
PointeClaire PointeClaire
MitryMory MitryMory
Meizhou Meizhou
Memmingen Memmingen
Itacoatiara Itacoatiara
Viewpark Viewpark
Rutland Rutland
Mouscron Mouscron
Niort Niort
Tupiza Tupiza
Lille Lille
Magomeni Magomeni
Sorsogon Sorsogon
Puerto Puerto
Great Great
Brzeg Brzeg
Valday Valday
American American
DehiwalaMount DehiwalaMount
Hermsdorf Hermsdorf
Clermont Clermont
Aleshtar Aleshtar
Villaquilambre Villaquilambre
Marburg Marburg
Jiangyan Jiangyan
Lodwar Lodwar
Jashpurnagar Jashpurnagar
Onex Onex
Alfenas Alfenas
Bon Bon
Uran Uran
Ponta Ponta
Copperas Copperas
LonsleSaunier LonsleSaunier
Oulmes Oulmes
Kyzylorda Kyzylorda
Tharu Tharu
Puducherry Puducherry
WaltonontheNaze WaltonontheNaze
Paredes Paredes
Dahlem Dahlem
GernikaLumo GernikaLumo
