Lesnoy Beveren Hueytown Gisborne Hudiksvall Andijon Sungurlu Visitacion Rutherglen Barras Jerada Palafrugell East Sun Winsford Herblay Pingyi Tak Aloha Edremit Adra Yangambi Zgorzelec Brentwood Ken Hofheim Hofheim Ken Brentwood Elamanchili Stade Portogruaro Artur Schwalmtal Schwalmtal Artur Portogruaro Ishim Kahului Vahdat Ponta Kundla Kundla Ponta Vahdat Kahului Ishim Taozhuang Reutlingen Dharmapuri Dharmapuri Reutlingen Taozhuang Stade Elamanchili Zgorzelec Norco Norco Yangambi Franceville Kot Kot Svatove Svatove Franceville Adra Edremit Aloha Tak Malaut Blackpool Meerut Meerut Blackpool Malaut Pingyi Herblay Palmeira Glogovac Glogovac GatesNorth GatesNorth Palmeira Winsford Sun East Palafrugell Fort Fort Jerada Barras Rutherglen Visitacion Sungurlu Andijon Hudiksvall Gisborne Hueytown Beveren Lesnoy
25
Hudiksvall Hudiksvall
Rutherglen Rutherglen
Dharmapuri Dharmapuri
Artur Artur
Meerut Meerut
Kundla Kundla
Visitacion Visitacion
Sun Sun
Zgorzelec Zgorzelec
Ishim Ishim
Malaut Malaut
Pingyi Pingyi
Hueytown Hueytown
Stade Stade
Sungurlu Sungurlu
Glogovac Glogovac
Gisborne Gisborne
GatesNorth GatesNorth
Blackpool Blackpool
Lesnoy Lesnoy
Winsford Winsford
Portogruaro Portogruaro
Franceville Franceville
Brentwood Brentwood
Yangambi Yangambi
