108 0 3 1 10 4 2 5 9 6 7 12 11 13 8 16 21 14 23 17 24 15 18 26 27 19 25 20 22 29 28 30 31 38 33 35 36 32 34 37 41 39 40 46 54 44 42 43 47 45 48 50 53 49 55 52 58 56 57 61 59 62 64 63 60 66 65 51 67 69 68 73 71 72 74 70 75 81 78 76 80 77 79 82 83 84 85 88 87 86 89 90 92 91 97 96 98 94 101 99 95 103 100 104 93 102 111 105 106 109 107 112 113 114 110 115 116 117 122 118 126 123 120 119 125 121 127 124 131 139 128 135 136 129 134 132 137 133 130 140 141 144 138 142 148 143 145 153 146 150 151 154 147 152 156 155 162 157 149 159 161 160 163 168 164 166 167 165 158 178 177 171 170 173 169 176 175 183 174 172 181 179 182 180 188 185 184 186 192 187 193 189 190 191 196 194 195 197 197 195 194 196 191 190 189 193 187 192 186 184 185 188 180 182 179 181 172 174 183 175 176 169 173 170 171 177 178 158 165 167 166 164 168 163 160 161 159 149 157 162 155 156 152 147 154 151 150 146 153 145 143 148 142 138 144 141 140 130 133 137 132 134 129 136 135 128 139 131 124 127 121 125 119 120 123 126 118 122 117 116 115 110 114 113 112 107 109 106 105 111 102 93 104 100 103 95 99 101 94 98 96 97 91 92 90 89 86 87 88 85 84 83 82 79 77 80 76 78 81 75 70 74 72 71 73 68 69 67 51 65 66 60 63 64 62 59 61 57 56 58 52 55 49 53 50 48 45 47 43 42 44 54 46 40 39 41 37 34 32 36 35 33 38 31 30 28 29 22 20 25 19 27 26 18 15 24 17 23 14 21 16 8 13 11 12 7 6 9 5 2 4 10 1 3 0 108
97
188 188
7 7
39 39
67 67
99 99
48 48
54 54
114 114
129 129
37 37
176 176
57 57
19 19
95 95
153 153
26 26
121 121
100 100
142 142
184 184
137 137
46 46
63 63
64 64
14 14
126 126
186 186
24 24
117 117
151 151
118 118
11 11
181 181
148 148
61 61
78 78
81 81
66 66
69 69
44 44
34 34
144 144
110 110
68 68
187 187
128 128
136 136
157 157
23 23
35 35
107 107
182 182
134 134
13 13
17 17
79 79
138 138
45 45
1 1
83 83
49 49
190 190
75 75
56 56
197 197
150 150
65 65
77 77
140 140
82 82
109 109
31 31
36 36
133 133
15 15
38 38
5 5
43 43
179 179
96 96
120 120
84 84
130 130
167 167
177 177
71 71
85 85
73 73
28 28
53 53
174 174
92 92
146 146
143 143
170 170
101 101
32 32
