1 2 3 4 6 5 7 8 10 9 12 11 13 14 15 16 18 17 19 20 22 21 24 23 25 26 27 28 30 29 31 32 34 33 36 35 37 38 39 40 42 41 43 44 46 45 48 47 49 50 51 52 54 53 55 56 58 57 60 59 61 62 63 64 66 65 67 68 70 69 72 71 73 74 75 76 78 77 79 80 82 81 84 83 85 86 87 88 90 89 91 92 94 93 96 95 95 96 93 94 92 91 89 90 88 87 86 85 83 84 81 82 80 79 77 78 76 75 74 73 71 72 69 70 68 67 65 66 64 63 62 61 59 60 57 58 56 55 53 54 52 51 50 49 47 48 45 46 44 43 41 42 40 39 38 37 35 36 33 34 32 31 29 30 28 27 26 25 23 24 21 22 20 19 17 18 16 15 14 13 11 12 9 10 8 7 5 6 4 3 2 1
49
74 74
47 47
12 12
87 87
65 65
25 25
92 92
78 78
5 5
34 34
48 48
77 77
6 6
79 79
67 67
33 33
46 46
16 16
49 49
30 30
56 56
7 7
22 22
93 93
94 94
91 91
10 10
18 18
50 50
90 90
2 2
21 21
86 86
83 83
39 39
8 8
32 32
84 84
19 19
54 54
57 57
29 29
11 11
59 59
95 95
42 42
36 36
89 89
28 28
