1 2 3 4 6 5 7 8 10 9 12 11 13 14 15 16 18 17 19 20 22 21 24 23 25 26 27 28 30 29 31 32 34 33 36 35 37 38 39 40 42 41 43 44 46 45 48 47 49 50 51 52 54 53 55 56 58 57 60 59 61 62 63 64 66 65 67 68 70 69 72 71 73 74 75 76 78 77 79 80 82 81 84 83 85 86 87 88 90 89 91 92 94 93 96 95 97 98 99 100 102 101 103 104 106 105 108 107 109 110 111 112 114 113 115 116 118 117 120 119 121 122 123 124 126 125 127 128 130 129 132 131 133 134 135 136 138 137 139 140 142 141 144 143 145 146 147 148 150 149 151 152 154 153 156 155 157 158 159 160 162 161 163 164 166 165 168 167 169 170 171 172 174 173 175 176 178 177 180 179 181 182 183 184 186 185 187 188 190 189 192 191 191 192 189 190 188 187 185 186 184 183 182 181 179 180 177 178 176 175 173 174 172 171 170 169 167 168 165 166 164 163 161 162 160 159 158 157 155 156 153 154 152 151 149 150 148 147 146 145 143 144 141 142 140 139 137 138 136 135 134 133 131 132 129 130 128 127 125 126 124 123 122 121 119 120 117 118 116 115 113 114 112 111 110 109 107 108 105 106 104 103 101 102 100 99 98 97 95 96 93 94 92 91 89 90 88 87 86 85 83 84 81 82 80 79 77 78 76 75 74 73 71 72 69 70 68 67 65 66 64 63 62 61 59 60 57 58 56 55 53 54 52 51 50 49 47 48 45 46 44 43 41 42 40 39 38 37 35 36 33 34 32 31 29 30 28 27 26 25 23 24 21 22 20 19 17 18 16 15 14 13 11 12 9 10 8 7 5 6 4 3 2 1
96
2 2
4 4
5 5
6 6
8 8
10 10
11 11
12 12
14 14
16 16
17 17
18 18
20 20
22 22
23 23
24 24
26 26
28 28
29 29
30 30
32 32
34 34
35 35
36 36
38 38
40 40
41 41
42 42
44 44
46 46
47 47
48 48
50 50
52 52
53 53
54 54
56 56
58 58
59 59
60 60
62 62
64 64
65 65
66 66
68 68
70 70
71 71
72 72
74 74
76 76
77 77
78 78
80 80
82 82
83 83
84 84
86 86
88 88
89 89
90 90
92 92
94 94
95 95
96 96
98 98
100 100
101 101
102 102
104 104
106 106
107 107
108 108
110 110
112 112
113 113
114 114
116 116
118 118
119 119
120 120
122 122
124 124
125 125
126 126
128 128
130 130
131 131
132 132
134 134
136 136
137 137
138 138
140 140
142 142
143 143
144 144
