create concern company belief basketball top battery crew pastel hide linear adult minimize farewell ballot appear childish creation scrap deck tin perception community think exotic suffer skip merit nationalism pride bracket breakin colon magnitude prove transmission mechanism line contract absorption dose feign cancel direct predict pupil accessible fuss maze whole snap celebration steward present salmon desk dramatic partnership traction shelter thread denial wrong knit lobby glide gift dialect leash loud east berry valid magnetic formation bring huge car integrated equinox fortune seller tribe makeup homosexual deter offensive mosaic rabbit inhibition mind trance work dedicate craftsman vote dilemma domestic thank transaction transaction thank domestic dilemma vote craftsman dedicate work trance mind inhibition rabbit mosaic offensive deter homosexual makeup tribe seller fortune equinox integrated car huge bring formation magnetic valid berry east loud leash dialect gift glide lobby knit wrong denial thread shelter traction partnership dramatic desk salmon present steward celebration snap whole maze fuss accessible pupil predict direct cancel feign dose absorption contract line mechanism transmission prove magnitude colon breakin bracket pride nationalism merit skip suffer exotic think community perception tin deck scrap creation childish appear ballot farewell minimize adult linear hide pastel crew battery top basketball belief company concern create
50
merit merit
hide hide
predict predict
fuss fuss
direct direct
contract contract
scrap scrap
accessible accessible
linear linear
pride pride
crew crew
creation creation
community community
prove prove
think think
battery battery
celebration celebration
nationalism nationalism
adult adult
tin tin
feign feign
farewell farewell
bracket bracket
exotic exotic
ballot ballot
steward steward
perception perception
concern concern
cancel cancel
breakin breakin
colon colon
childish childish
dose dose
transmission transmission
magnitude magnitude
suffer suffer
top top
absorption absorption
skip skip
basketball basketball
pupil pupil
deck deck
appear appear
belief belief
pastel pastel
maze maze
minimize minimize
mechanism mechanism
company company
line line
