pride concern company top belief basketball hide battery pastel crew ballot linear minimize adult farewell childish appear scrap deck perception creation exotic skip community think suffer tin bracket merit breakin prove nationalism transmission contract magnitude colon cancel direct mechanism predict accessible line fuss absorption dose feign celebration pupil maze steward traction present wrong whole snap salmon dramatic partnership desk glide denial shelter thread dialect knit gift lobby east magnetic leash formation loud valid berry bring huge equinox integrated deter fortune tribe car seller create makeup homosexual trance offensive mind mosaic thank rabbit work craftsman inhibition domestic vote transaction dilemma dedicate addition straighten veteran scholar national ceiling administration discrimination preoccupation notorious large sensitivity price requirement import identification element father deficit tumble stunning clear fault wear pioneer pity mouse favorable circle witness unique introduce different campaign stubborn service hypothesize understanding cheat dairy trick exit reach pawn knife incentive supply soul courtesy suspect preference shed auditor linen freckle chaos plug grind combine alcohol eyebrow distinct illustrate camp frozen volunteer scheme tease leave inappropriate crackpot contrary coerce transform difference tourist confidence smile bother continental rock sacrifice mean stadium beam stick bulb sight science stroke democratic laundry number struggle pull chief withdraw withdraw chief sea federation scatter scatter federation sea pull struggle number laundry democratic stroke science sight bulb stick beam stadium mean sacrifice rock continental bother smile confidence tourist difference transform coerce contrary crackpot inappropriate leave tease scheme volunteer frozen camp illustrate distinct eyebrow alcohol combine grind plug chaos freckle linen auditor shed preference suspect courtesy soul supply incentive knife pawn reach exit trick dairy cheat understanding hypothesize service stubborn campaign different introduce unique witness circle favorable mouse pity pioneer wear fault clear stunning tumble deficit father element identification import requirement price sensitivity large notorious preoccupation discrimination administration ceiling national scholar veteran straighten addition dedicate dilemma transaction vote domestic inhibition craftsman work rabbit thank mosaic mind offensive trance homosexual makeup create seller car tribe fortune deter integrated equinox huge bring berry valid loud formation leash magnetic east lobby gift knit dialect thread shelter denial glide desk partnership dramatic salmon snap whole wrong present traction steward maze pupil celebration feign dose absorption fuss line accessible predict mechanism direct cancel colon magnitude contract transmission nationalism prove breakin merit bracket tin suffer think community skip exotic creation perception deck scrap appear childish farewell adult minimize linear ballot crew pastel battery hide basketball belief top company concern pride
100
transmission transmission
farewell farewell
trance trance
pride pride
mind mind
magnitude magnitude
predict predict
car car
prove prove
community community
lobby lobby
adult adult
vote vote
dramatic dramatic
create create
think think
mechanism mechanism
ballot ballot
tin tin
feign feign
crew crew
battery battery
makeup makeup
salmon salmon
work work
thank thank
nationalism nationalism
partnership partnership
tribe tribe
dose dose
east east
breakin breakin
homosexual homosexual
absorption absorption
scrap scrap
valid valid
seller seller
glide glide
loud loud
berry berry
leash leash
wrong wrong
mosaic mosaic
minimize minimize
company company
hide hide
accessible accessible
equinox equinox
skip skip
belief belief
fuss fuss
fortune fortune
suffer suffer
knit knit
rabbit rabbit
integrated integrated
deter deter
exotic exotic
gift gift
magnetic magnetic
top top
pupil pupil
pastel pastel
bracket bracket
craftsman craftsman
merit merit
colon colon
dedicate dedicate
dialect dialect
dilemma dilemma
traction traction
transaction transaction
domestic domestic
huge huge
maze maze
denial denial
concern concern
present present
creation creation
perception perception
cancel cancel
basketball basketball
deck deck
appear appear
contract contract
snap snap
whole whole
desk desk
steward steward
linear linear
direct direct
inhibition inhibition
shelter shelter
formation formation
childish childish
celebration celebration
bring bring
line line
thread thread
offensive offensive
