steward concern hide company basketball top crew linear belief adult pastel minimize battery ballot scrap appear creation farewell perception deck childish think skip community exotic tin merit suffer breakin bracket pride colon prove nationalism mechanism magnitude transmission direct contract line absorption dose predict feign accessible pupil cancel cancel maze celebration celebration maze fuss fuss pupil accessible feign predict dose absorption line contract direct transmission magnitude mechanism nationalism prove colon pride bracket breakin suffer merit tin exotic community skip think childish deck perception farewell creation appear scrap ballot battery minimize pastel adult belief linear crew top basketball company hide concern steward
25
battery battery
appear appear
adult adult
think think
minimize minimize
linear linear
ballot ballot
farewell farewell
tin tin
childish childish
pastel pastel
community community
concern concern
top top
hide hide
perception perception
creation creation
exotic exotic
belief belief
basketball basketball
company company
scrap scrap
crew crew
skip skip
deck deck
