1 2 3 4 5 12 8 6 7 9 13 10 11 22 15 14 16 17 29 20 18 19 21 30 31 27 26 28 44 32 24 23 25 42 36 35 34 33 41 40 39 37 38 49 48 47 46 54 52 45 51 43 53 50 55 59 56 57 58 62 60 61 63 72 68 69 65 64 66 67 76 70 71 73 74 75 75 74 73 79 78 77 77 78 80 81 81 80 79 71 70 76 67 66 64 65 69 68 72 63 61 60 62 58 57 56 59 55 50 53 43 51 45 52 54 46 47 48 49 38 37 39 40 41 33 34 35 36 42 25 23 24 32 44 28 26 27 31 30 21 19 18 20 29 17 16 14 15 22 11 10 13 9 7 6 8 12 5 4 3 2 1
40
3 3
4 4
5 5
7 7
8 8
9 9
11 11
12 12
13 13
15 15
16 16
17 17
19 19
20 20
21 21
23 23
24 24
25 25
28 28
30 30
53 53
54 54
55 55
57 57
58 58
59 59
61 61
62 62
63 63
65 65
66 66
67 67
69 69
70 70
71 71
73 73
74 74
75 75
78 78
80 80
