1 2 3 4 5 5 4 38 38 39 40 41 41 40 39 3 2 6 7 8 9 9 8 42 42 7 6 10 11 12 13 13 12 11 10 14 15 16 17 17 16 15 14 18 19 20 21 21 20 19 18 22 23 24 25 25 43 43 24 23 36 36 22 26 27 28 29 30 31 31 30 46 47 48 49 49 48 47 46 29 28 27 26 32 33 34 35 35 34 33 44 44 45 45 32 37 37 50 51 52 53 54 55 55 54 88 88 89 90 91 91 90 89 53 52 51 50 56 57 58 59 59 58 92 92 57 56 60 61 62 63 63 62 61 60 64 65 66 67 67 66 65 64 68 69 70 71 71 70 69 68 72 73 74 75 75 93 93 74 73 86 86 72 76 77 78 79 80 81 81 80 96 97 98 99 99 98 97 96 79 78 77 76 82 83 84 85 85 84 83 94 94 95 95 82 87 87 100 101 102 103 104 105 105 104 138 138 139 140 141 141 140 139 103 102 101 100 106 107 108 109 109 108 142 142 107 106 110 111 112 113 113 112 111 110 114 115 116 117 117 116 115 114 118 119 120 121 121 120 119 118 122 123 124 125 125 143 143 124 123 136 136 122 126 127 128 129 130 131 131 130 146 147 148 149 149 148 147 146 129 128 127 126 132 133 134 135 135 134 133 144 144 145 145 132 137 137 150 151 152 153 154 155 155 154 188 188 189 190 191 191 190 189 153 152 151 150 156 157 158 159 159 158 192 192 157 156 160 161 162 163 163 162 161 160 164 165 166 167 167 166 165 164 168 169 170 171 171 170 169 168 172 173 174 175 175 193 193 174 173 186 186 172 176 177 178 179 180 181 181 180 196 197 198 199 199 198 197 196 179 178 177 176 182 183 184 185 185 184 183 194 194 195 195 182 187 187 1
80
3 3
4 4
5 5
7 7
8 8
9 9
11 11
12 12
13 13
15 15
16 16
17 17
19 19
20 20
21 21
23 23
24 24
25 25
28 28
30 30
53 53
54 54
55 55
57 57
58 58
59 59
61 61
62 62
63 63
65 65
66 66
67 67
69 69
70 70
71 71
73 73
74 74
75 75
78 78
80 80
103 103
104 104
105 105
107 107
108 108
109 109
111 111
112 112
113 113
115 115
116 116
117 117
119 119
120 120
121 121
123 123
124 124
125 125
128 128
130 130
153 153
154 154
155 155
157 157
158 158
159 159
161 161
162 162
163 163
165 165
166 166
167 167
169 169
170 170
171 171
173 173
174 174
175 175
178 178
180 180
