0 1 2 3 4 8 7 6 5 10 11 12 13 14 9 9 18 17 16 15 20 21 22 23 24 19 19 28 27 26 25 30 31 32 33 34 29 29 38 37 36 35 40 41 42 43 44 39 39 48 47 46 45 50 51 52 53 54 49 49 58 57 56 55 60 61 62 63 64 59 59 68 67 66 65 70 71 72 73 74 69 69 78 77 76 75 80 81 82 83 84 79 79 88 87 86 85 90 91 92 93 94 89 89 98 97 96 95 95 96 97 99 99 98 94 93 92 91 90 85 86 87 88 84 83 82 81 80 75 76 77 78 74 73 72 71 70 65 66 67 68 64 63 62 61 60 55 56 57 58 54 53 52 51 50 45 46 47 48 44 43 42 41 40 35 36 37 38 34 33 32 31 30 25 26 27 28 24 23 22 21 20 15 16 17 18 14 13 12 11 10 5 6 7 8 4 3 2 1 0
50
89 89
10 10
64 64
66 66
83 83
46 46
61 61
35 35
0 0
99 99
18 18
43 43
44 44
39 39
63 63
94 94
70 70
24 24
92 92
37 37
17 17
45 45
11 11
38 38
3 3
34 34
29 29
20 20
47 47
85 85
96 96
52 52
55 55
65 65
49 49
90 90
41 41
8 8
91 91
13 13
57 57
2 2
30 30
69 69
5 5
7 7
48 48
6 6
21 21
16 16
