0 10 21 22 12 2 3 4 5 15 26 16 17 8 9 18 29 39 38 37 48 57 67 77 68 78 89 99 98 108 118 129 139 149 158 148 147 146 136 127 116 107 96 87 76 86 95 94 104 105 114 113 123 132 133 143 152 153 164 154 155 166 167 168 178 189 199 198 188 187 186 176 175 165 174 184 183 182 181 170 160 161 151 150 140 130 120 121 122 111 101 102 103 92 83 73 72 71 82 81 80 70 61 51 52 53 44 45 34 24 33 43 42 31 21 20 10 0
97
53 53 64
114 125 114
186 186 196
86 86
31 31
152 152
154 154
61 61
20 20
130 130
160 160
80 80
108 108
127 127
29 29
22 22
99 99
77 77
12 12
101 101
82 82
15 15
103 103
2 2
178 178
155 155
21 21
188 188
122 122
158 158
9 9
33 33
132 132
51 51
71 71
16 16
123 123
39 39
68 68
139 139
95 95
146 146
147 147
5 5
164 164
149 149
166 166
175 175
18 18
151 151
4 4
76 76
167 167
87 87
83 83
189 189
118 118
181 181
73 73
153 153
8 8
120 120
184 184
81 81
129 129
133 133
26 26
17 17
105 105
140 140
111 111
182 182
48 48
165 165
150 150
43 43
42 42
45 45
94 94
37 37
70 70
98 98
104 104
107 107
199 199
198 198
96 96
161 161
116 116
102 102
24 24
183 183
187 187
72 72
89 89
176 176
67 67
