start b16 b10 b9 b8 b7 b1 b1 b7 b2 b2 b8 b9 b11 b12 b13 b14 b6 b6 b14 b5 b5 b13 b4 b4 b12 b3 b3 b11 b10 b17 b18 b19 b20 b21 b22 b15 b15 b22 b25 b25 b21 b24 b24 b20 b19 b23 b27 b26 b26 b27 b23 b18 b17 b16 c3 c2 c1 c1 c2 c4 c5 c6 c7 c24 c18 c19 c17 c20 c11 c8 c9 c12 c10 c14 c16 c15 c13 c13 c15 c16 c14 c10 c12 c9 c8 c11 c22 c21 c23 c30 c29 c28 c26 c25 c27 c32 c35 c36 c36 c31 c34 c33 c33 c34 c31 c35 c32 c27 c25 c26 c28 c29 c30 c23 c21 c22 c20 c17 c19 c18 c24 c7 c6 c5 c4 c3 d3 d6 d5 d4 d2 d1 d1 d2 d4 d5 d6 d3 e1 e2 e3 e4 e5 e6 e7 e8 e9 e11 e10 e12 e23 e23 e24 e13 e14 e17 e15 e16 e18 e25 e25 e18 e16 e15 e17 e14 e13 e24 e12 e22 e22 e10 e11 e9 e8 e7 e6 e5 e21 e21 e4 e20 e20 e3 e19 e19 e2 e1 h1 h8 h2 h3 h25 h4 h23 h24 h24 h23 h22 h21 h5 h20 h19 h18 h6 h7 h15 h14 h13 h12 h11 h10 h9 h9 h10 h11 h16 h17 h17 h16 h12 h13 h14 h15 h7 h6 h18 h19 h20 h5 h21 h22 h4 h25 h26 h26 h3 h2 h8 h1 g3 g4 g1 g5 g2 g6 g7 g9 g12 g8 g10 g11 g14 g19 g15 g20 g16 g13 g17 g21 g24 g24 g25 g22 g22 g25 g21 g17 g13 g16 g20 g15 g23 g18 g18 g23 g19 g14 g11 g10 g8 g12 g9 g7 g6 g2 g5 g1 g4 g3 f11 f1 f1 f12 f2 f2 f3 f3 f4 f4 f5 f13 f6 f15 f7 f14 f8 f17 f16 f16 f17 f8 f9 f10 f18 f19 f20 f20 f19 f18 f10 f9 f14 f7 f15 f6 f13 f5 f12 f11 a1 a2 a3 a4 a5 a5 a4 a3 a2 a1 start
79
g1 g1
g2 g2
g3 g3
g4 g4
g5 g5
g6 g6
g7 g7
g8 g8
g9 g9
g10 g10
g11 g11
g12 g12
g13 g13
g14 g14
g15 g15
g16 g16
g17 g17
g18 g18
g19 g19
g20 g20
g21 g21
g22 g22
g23 g23
g24 g24
g25 g25
f11 f11
f12 f12
f13 f13
f14 f14
f15 f15
f16 f16
f17 f17
f18 f18
f19 f19
f20 f20
b1 b1
b2 b2
b3 b3
b4 b4
b5 b5
b6 b6
b15 b15
b24 b24
b25 b25
b26 b26
c1 c1
c5 c5
c10 c10
c13 c13
c15 c15
c17 c17
c21 c21
c23 c23
c26 c26
c27 c27
c31 c31
c33 c33
d1 d1
d4 d4
d5 d5
a1 a1
a2 a2
a3 a3
a4 a4
a5 a5
e19 e19
e20 e20
e21 e21
e22 e22
e23 e23
e24 e24
e25 e25
h9 h9
h13 h13
h17 h17
h18 h18
h22 h22
h24 h24
h26 h26
