CH AE AN AJ AF AT AD AC AH AG AL AY AV AS BF AK AX BN AZ AM AO AU AW AB CD AQ BC BO BA AP AR AI BQ BM CJ BP BD AA BZ BU BK CF BE BG BW BV CP BY BJ CG CA CI BR CE BH CC BX BB BT CU DC CZ CT DT DF DF DS BS CB DB CY CM CK DL BI CS BL CX CL DH CO DM CN DU CQ CQ CW CW DO DR CV CV DR DO DU DV DJ DE DD DD DN DA DA DN DE DK CR DI DI CR DP DP DK DQ DQ DJ DV CN DM CO DH CL CX BL CS BI DL CK CM CY DB CB BS DG DG DS DT CT CZ DC CU BT BB BX CC BH CE BR CI CA CG BJ BY CP BV BW BG BE CF BK BU BZ AA BD BP CJ BM BQ AI AR AP BA BO BC AQ CD AB AW AU AO AM AZ BN AX AK BF AS AV AY AL AG AH AC AD AT AF AJ AN AE CH
50
BS BS
CQ CQ
DM DM
BL BL
DO DO
AT AT
DB DB
CU CU
DU DU
DV DV
AY AY
CB CB
BN BN
DP DP
AN AN
CN CN
CF CF
AV AV
BC BC
DI DI
DD DD
BG BG
DL DL
BZ BZ
CW CW
CL CL
CP CP
DQ DQ
CD CD
AJ AJ
AZ AZ
BY BY
CA CA
AU AU
AM AM
BU BU
CS CS
AL AL
CV CV
DG DG
CZ CZ
BV BV
AP AP
DC DC
AF AF
BI BI
BP BP
BF BF
BD BD
DF DF
