BU FF DR EY ET HA ET CT DL DV DH AY FB EH AX CO ES FR BK FI GS CV FD BH BM HJ DP DQ HH EV BF BY FU EO GT DU FF BZ AN AV EK GQ HO CM AT GM BE AP EC FS GH GO EG CD BW HI HG DS BA GP DD ER CB DJ BG GY CW FN EN DW FL BQ GE DK DM DI GA FG BT EL AE CE GN CE CZ FH CX EQ AR CQ DT FC DZ FC HM HP AQ DE FW AD CS CI DX AO CR BN GK CK DE FY AF FP CY CA HF BU
99
DV DV
EC EC
AN AN
DR DR
BW BW
FD FD
CX CX
DK DK
EO EO
GN GN
FN FN
BU BU
FG FG
FW FW
BK BK
EG HC EG
CT CT
EL EL
DQ DQ
DS DS
HJ HJ
BF BF
CM CM
CY CY
CQ CQ
CD CD
CV CV
DJ DJ
GK GK
FF FF
AE AE
BZ BZ
EH EH
ER ER
DZ DZ
HG HG
HM HM
GY GY
DI DI
CK CK
CI CI
AQ AQ
GA GA
EK EK
DM DM
GP GP
FR FR
CS CS
CZ CZ
DE DE
FL FL
GQ GQ
AF AF
ET ET
DP DP
EQ EQ
BE BE
DL DL
BY BY
BM BM
AY AY
CO CO
AV AV
AT AT
AP AP
EN EN
HF HF
BH BH
FB FB
BN BN
FP FP
CA CA
FS FS
GS GS
DT DT
GO GO
GH GH
CR CR
GT GT
DX DX
HP HP
HH HH
AX AX
FU FU
EV EV
BA BA
GM GM
CW CW
ES ES
GE GE
EY EY
BQ BQ
DD DD
FY FY
FI FI
AR AR
DU DU
HA HA
BG BG
