Qatar Uruguay Serbia MarshallIslands Albania Mongolia India America Pakistan Indonesia Kyrgyzstan Azerbaijan VaticanCity CentralAfricanRep CzechRepublic EastTimor Bulgaria Armenia Peru Laos Tanzania Uganda Grenada Oman UnitedKingdom Mali Fiji UAE Somalia Tuvalu Guyana France Mexico Newfoundland Kuwait Iceland Colombia Madagascar Andorra Kosovo Australia Philippines Argentina RussianFederation Nicaragua Portugal Netherlands Gabon Mozambique Tajikistan Cuba GuineaBissau Burundi Jamaica SierraLeone Senegal Chad Sweden Lebanon Turkmenistan DemCongo Swaziland Montenegro Danzig Georgia Tonga Paraguay ElSalvador Angola SouthAfrica Haiti Liberia Cambodia Morocco Bolivia Uzbekistan Belarus Honduras Syria SanMarino CostaRica Macedonia Dominica NewZealand Rwanda Comoros Tunisia Belgium GazaStrip Egypt SaintLucia DomRepublic Singapore Estonia Palau Bhutan Benin Iran Malta Malta DemofChina DemofChina Iran Benin Bhutan Palau Estonia Singapore DomRepublic SaintLucia Egypt GazaStrip Belgium Tunisia Comoros Rwanda NewZealand Dominica Macedonia CostaRica SanMarino Syria Honduras Belarus Uzbekistan Bolivia Morocco Cambodia Liberia Haiti SouthAfrica Angola ElSalvador Paraguay Tonga Georgia Danzig Montenegro Swaziland DemCongo Turkmenistan Lebanon Sweden Chad Senegal SierraLeone Jamaica Burundi GuineaBissau Cuba Tajikistan Mozambique Gabon Netherlands Portugal Nicaragua RussianFederation Argentina Philippines Australia Kosovo Andorra Madagascar Colombia Iceland Kuwait Newfoundland Mexico France Guyana Tuvalu Somalia UAE Fiji Mali UnitedKingdom Oman Grenada Uganda Tanzania Laos Peru Armenia Bulgaria EastTimor CzechRepublic CentralAfricanRep VaticanCity Azerbaijan Kyrgyzstan Indonesia Pakistan America India Mongolia Albania MarshallIslands Serbia Uruguay Qatar
50
Belarus Belarus
Peru Peru
Nicaragua Nicaragua
Gabon Gabon
Haiti Haiti
Tajikistan Tajikistan
Mongolia Mongolia
Danzig Danzig
Morocco Morocco
Liberia Liberia
UAE UAE
Armenia Armenia
Australia Australia
Estonia Estonia
Sweden Sweden
Montenegro Montenegro
RussianFederation RussianFederation
Egypt Egypt
France France
CostaRica CostaRica
Senegal Senegal
SierraLeone SierraLeone
DemofChina DemofChina
Kosovo Kosovo
Netherlands Netherlands
UnitedKingdom UnitedKingdom
Macedonia Macedonia
Singapore Singapore
Mozambique Mozambique
Belgium Belgium
Angola Angola
Guyana Guyana
Tanzania Tanzania
Uzbekistan Uzbekistan
Mali Mali
SanMarino SanMarino
GuineaBissau GuineaBissau
Tunisia Tunisia
VaticanCity VaticanCity
Malta Malta
Lebanon Lebanon
Tuvalu Tuvalu
Albania Albania
Kyrgyzstan Kyrgyzstan
America America
Burundi Burundi
Andorra Andorra
SaintLucia SaintLucia
Georgia Georgia
CzechRepublic CzechRepublic
