Albania Canada Vietnam Netherlands Paraguay Vanuatu Brunei Uruguay Ethiopia Swaziland Burkina Namibia Latvia Armenia Venezuela Malawi Nauru Jordan Uzbekistan Gabon Malta Iceland Liberia Haiti Comoros Pakistan Fiji Georgia Kyrgyzstan SouthKorea Chad Guinea Tajikistan Ghana Uganda SaintLucia DemofChina SaintVincent Mauritius Burma MountAthos Luxembourg Estonia Israel Finland VaticanCity Romania Bahrain Qatar Rwanda GazaStrip CapeVerde Mauritania Liechtenstein Nicaragua Bangladesh Germany Norway DemCongo SaoTomPrincipe Panama France Turkmenistan Libya TrinidadTobago RussianFederation Djibouti Tunisia Bahamas Singapore UAE SriLanka NorthKorea EquatorGuinea Bulgaria IvoryCoast SouthAfrica Niger Cyprus Kiribati Thailand Yemen Mozambique America Colombia Montenegro Eritrea Palau Newfoundland Kenya SierraLeone Austria Indonesia Peru Kosovo Iraq Taiwan MarshallIslands Chile Guatemala BosHerzegovina SanMarino Maldives Egypt Zambia India ElSalvador Dominica SolomonIslands Samoa Bhutan Cameroon CentralAfricanRep Suriname Ukraine AntiguaDeps Danzig Togo Portugal DomRepublic Monaco Seychelles Guyana Algeria Kuwait Rome PapuaNewGuinea Greece Afghanistan Lithuania Madagascar Ecuador Syria Poland Grenada Zimbabwe Azerbaijan Tonga EastTimor Tanzania SaintKitts Honduras Oman Tuvalu Mongolia Sweden Serbia Argentina Macedonia Spain Nigeria Cuba RepCongo Italy Belgium Belarus Burundi Japan Denmark Kazakhstan Switzerland TheGambia Jamaica NewZealand Andorra Lesotho Bolivia SaudiArabia Hungary Angola Lebanon CostaRica Iran Philippines Brazil Cambodia Mali Barbados Croatia UnitedKingdom Nepal Belize Benin Turkey CzechRepublic Senegal Malaysia RepIreland GuineaBissau Somalia Micronesia Laos Australia Sudan Mexico Moldova Slovakia Slovenia Botswana Botswana Slovenia Morocco Morocco Slovakia Moldova Mexico Sudan Australia Laos Micronesia Somalia GuineaBissau RepIreland Malaysia Senegal CzechRepublic Turkey Benin Belize Nepal UnitedKingdom Croatia Barbados Mali Cambodia Brazil Philippines Iran CostaRica Lebanon Angola Hungary SaudiArabia Bolivia Lesotho Andorra NewZealand Jamaica TheGambia Switzerland Kazakhstan Denmark Japan Burundi Belarus Belgium Italy RepCongo Cuba Nigeria Spain Macedonia Argentina Serbia Sweden Mongolia Tuvalu Oman Honduras SaintKitts Tanzania EastTimor Tonga Azerbaijan Zimbabwe Grenada Poland Syria Ecuador Madagascar Lithuania Afghanistan Greece PapuaNewGuinea Rome Kuwait Algeria Guyana Seychelles Monaco DomRepublic Portugal Togo Danzig AntiguaDeps Ukraine Suriname CentralAfricanRep Cameroon Bhutan Samoa SolomonIslands Dominica ElSalvador India Zambia Egypt Maldives SanMarino BosHerzegovina Guatemala Chile MarshallIslands Taiwan Iraq Kosovo Peru Indonesia Austria SierraLeone Kenya Newfoundland Palau Eritrea Montenegro Colombia America Mozambique Yemen Thailand Kiribati Cyprus Niger SouthAfrica IvoryCoast Bulgaria EquatorGuinea NorthKorea SriLanka UAE Singapore Bahamas Tunisia Djibouti RussianFederation TrinidadTobago Libya Turkmenistan France Panama SaoTomPrincipe DemCongo Norway Germany Bangladesh Nicaragua Liechtenstein Mauritania CapeVerde GazaStrip Rwanda Qatar Bahrain Romania VaticanCity Finland Israel Estonia Luxembourg MountAthos Burma Mauritius SaintVincent DemofChina SaintLucia Uganda Ghana Tajikistan Guinea Chad SouthKorea Kyrgyzstan Georgia Fiji Pakistan Comoros Haiti Liberia Iceland Malta Gabon Uzbekistan Jordan Nauru Malawi Venezuela Armenia Latvia Namibia Burkina Swaziland Ethiopia Uruguay Brunei Vanuatu Paraguay Netherlands Vietnam Canada Albania
100
Bahamas Bahamas
Malaysia Malaysia
Rome Rome
Burkina Burkina
SolomonIslands SolomonIslands
IvoryCoast IvoryCoast
BosHerzegovina BosHerzegovina
Andorra Andorra
VaticanCity VaticanCity
EquatorGuinea EquatorGuinea
Djibouti Djibouti
Mauritania Mauritania
Pakistan Pakistan
Bulgaria Bulgaria
Thailand Thailand
Nepal Nepal
Estonia Estonia
Italy Italy
Comoros Comoros
Kosovo Kosovo
Norway Norway
Algeria Algeria
Panama Panama
Eritrea Eritrea
Mongolia Mongolia
UnitedKingdom UnitedKingdom
Peru Peru
Mauritius Mauritius
Laos Laos
Luxembourg Luxembourg
Belarus Belarus
Paraguay Paraguay
America America
Brazil Brazil
MountAthos MountAthos
Dominica Dominica
Philippines Philippines
CapeVerde CapeVerde
Niger Niger
Latvia Latvia
Cyprus Cyprus
Burma Burma
SierraLeone SierraLeone
Kazakhstan Kazakhstan
Cambodia Cambodia
Japan Japan
Portugal Portugal
Danzig Danzig
Jamaica Jamaica
Tunisia Tunisia
Qatar Qatar
Argentina Argentina
Chile Chile
Tanzania Tanzania
Kiribati Kiribati
Germany Germany
Ukraine Ukraine
Australia Australia
Yemen Yemen
France France
Newfoundland Newfoundland
Slovenia Slovenia
Lesotho Lesotho
CentralAfricanRep CentralAfricanRep
Romania Romania
Bhutan Bhutan
Ethiopia Ethiopia
NorthKorea NorthKorea
SaintLucia SaintLucia
Gabon Gabon
Hungary Hungary
SaintKitts SaintKitts
Vanuatu Vanuatu
SaudiArabia SaudiArabia
Grenada Grenada
SaoTomPrincipe SaoTomPrincipe
Rwanda Rwanda
RussianFederation RussianFederation
Guatemala Guatemala
UAE UAE
SriLanka SriLanka
Cuba Cuba
Togo Togo
Poland Poland
Israel Israel
Switzerland Switzerland
Seychelles Seychelles
Venezuela Venezuela
NewZealand NewZealand
PapuaNewGuinea PapuaNewGuinea
Finland Finland
Mali Mali
TheGambia TheGambia
Greece Greece
Suriname Suriname
Liechtenstein Liechtenstein
Lithuania Lithuania
Serbia Serbia
Maldives Maldives
Fiji Fiji
