Nepal Georgia Tanzania Liechtenstein SaintLucia VaticanCity TheGambia MarshallIslands Suriname Serbia Niger Vietnam Afghanistan Panama Fiji Palau Mauritius Kuwait Tajikistan NewZealand Estonia UAE Belarus Azerbaijan Argentina Nepal
23
Azerbaijan Azerbaijan
Tajikistan Tajikistan
VaticanCity VaticanCity
Estonia Estonia
Fiji Botswana Fiji
UAE UAE
Serbia Serbia
NewZealand NewZealand Slovakia
Belarus Belarus
Tanzania Tanzania
Georgia Georgia
Panama Panama
Suriname Suriname
Argentina Argentina
Vietnam Vietnam
Niger Niger
MarshallIslands MarshallIslands
Afghanistan Afghanistan
Palau Palau
Liechtenstein Liechtenstein
Mauritius Mauritius
Kuwait Kuwait
SaintLucia SaintLucia
