Zo0umr3KFWOZJQPm HAZt9xslXTTIQrh6 bpy0VAq3GZuO2R8U ziJdi0Y4mj4TIJZ9 RnvIh4TOetAfG82E WVwd9ExLXa3zphJn 9pH9xdreYrmVM1JI J5iqQt6wukvg6KLY OMjRZA0G6vbBxKd5 rvadWwbDVrEOdUmt 9L0zlmq9jRh6nd1I qeVT6FbNKHRizFU8 tZ46uZudk7AfSXt1 qQzEeIfIOpoI9qKk e9DWnoEu0mxMb9VK ZsdU4FLz0FoJAHOC KHBd51v9Lk79JoNu 9dVIdmIqrww8IL0A xlWntBwCLfHgHam8 asqla05DvWvndrgH K5TJWlCDC2GiIJEC z6aHWvfWV1YcOU3s QSabhET5tNnXgX60 uuhviI1p7F0sChqp 1bDI0W7o3Pb2zYhB fBCH5yXHMW5jQJjk eRAtRmExinGYKjYs LI7uFZ34s97AeNpk 5TjXpBJuIWCWGZis 8pFqGmxaOhvFeBf4 W4POX5YqpnnI3x1U jVrty3u6KGOjBg80 Gypke7sesv6WDuj9 LdwRPFzBNqStC5X8 Byr8ftz6Pn4uac3K 0Pfip4BXzoRzyFv2 1yeDQmwUGYi8LEVC HqZKcXPbTIsIN6eT 3SYpu8y7n2lFaEgA 3PEg9lFbqEimkqjc kWAnmn2xV4T8moWO 2hsCdf5s2NPqItPy drsNw5E8nXGgcxxE CvZWFxoaMZYhwHYj 2yhNJ9fcTz8hRVDj EotYPttMvJbBfyaO Dg4uIWuVD7Xd3FfI PDtM7hU3L1QjW9eR uRc2j178KRm3sVAY pKGVzMiXVo3v1oQu PmJZCdR41rbLgXgi SLuZYQ4lYwLMQuMp fg0WyZdFGAAZWRqK EuY7nNg1nWHDnCBx 0BNdm9hpaqd4q3Tx 1ByTcIJH8XabOIWu 0rKC7Chib5iDGjTC 6La4alyyQSzgrmmj TbM88DujEo9BSxqT U5CEflgpFptgqHUL quCqGzaCZ5rVk9Gn ngcwhTcmwXuonGlk 27KMNaF72cTW0PDA AvHIDL41dbfeNksW LZyPcj0slZv1Vk6U YHVvi99ucaU9tYgf 2v7uFoKD90sPVOTA nkKMB647tDItOdTX xLhGn69fZWxkF2ME u7i0C02E9nMoZ6Ab YpZJ50mXHPeALpEr 1Eq6CyZRaHXkARva LsIlvCjQu9Xqre9U StSocpbFeWB0czP8 nPVdEshNZOOx6qGx Uw31N0oW965MP4qr 6GsK7I0daq8OZxaS MxcmtGZ6qJUnGaxB LUoJ0iRCc71uZfNX gqX9V4QU6KrO7JGI yILnNjtdKS6kD3NP uN0YmlR4YKMmyTVh 3th5kfdmmYoxH6sF FzSHaHADmN7Zbhbr 8ae7BICLTSRkgPWv 1r13Qnmq9ixI97Qj 6Gt5ffOE5tOJA8A7 8vLm5GS8pptr9y8t kmMzOIvorXbmvHXw pi9Gjwqb8nw39ALT qKKAwpkuJY9E8dpl R43sDxzHzrO5kncN Of6XUqufA1wxpnuj m8Rn3gh3HBuT9R8d Plb766RuoiNfkOGW LjKfvPnu1IVb9d8E TEBcdk0AQd6dKevH ZASkL5Mxwr8cbBFG ZASkL5Mxwr8cbBFG dBEYMpdveobbOa64 dBEYMpdveobbOa64 M9il2j2XBWeGdURv M9il2j2XBWeGdURv TEBcdk0AQd6dKevH LjKfvPnu1IVb9d8E Plb766RuoiNfkOGW m8Rn3gh3HBuT9R8d Of6XUqufA1wxpnuj R43sDxzHzrO5kncN qKKAwpkuJY9E8dpl pi9Gjwqb8nw39ALT kmMzOIvorXbmvHXw 8vLm5GS8pptr9y8t 6Gt5ffOE5tOJA8A7 1r13Qnmq9ixI97Qj 8ae7BICLTSRkgPWv FzSHaHADmN7Zbhbr 3th5kfdmmYoxH6sF uN0YmlR4YKMmyTVh yILnNjtdKS6kD3NP gqX9V4QU6KrO7JGI LUoJ0iRCc71uZfNX MxcmtGZ6qJUnGaxB 6GsK7I0daq8OZxaS Uw31N0oW965MP4qr nPVdEshNZOOx6qGx StSocpbFeWB0czP8 LsIlvCjQu9Xqre9U 1Eq6CyZRaHXkARva YpZJ50mXHPeALpEr u7i0C02E9nMoZ6Ab xLhGn69fZWxkF2ME nkKMB647tDItOdTX 2v7uFoKD90sPVOTA YHVvi99ucaU9tYgf LZyPcj0slZv1Vk6U AvHIDL41dbfeNksW 27KMNaF72cTW0PDA ngcwhTcmwXuonGlk quCqGzaCZ5rVk9Gn U5CEflgpFptgqHUL TbM88DujEo9BSxqT 6La4alyyQSzgrmmj 0rKC7Chib5iDGjTC 1ByTcIJH8XabOIWu 0BNdm9hpaqd4q3Tx EuY7nNg1nWHDnCBx fg0WyZdFGAAZWRqK SLuZYQ4lYwLMQuMp PmJZCdR41rbLgXgi pKGVzMiXVo3v1oQu uRc2j178KRm3sVAY PDtM7hU3L1QjW9eR Dg4uIWuVD7Xd3FfI EotYPttMvJbBfyaO 2yhNJ9fcTz8hRVDj CvZWFxoaMZYhwHYj drsNw5E8nXGgcxxE 2hsCdf5s2NPqItPy kWAnmn2xV4T8moWO 3PEg9lFbqEimkqjc 3SYpu8y7n2lFaEgA HqZKcXPbTIsIN6eT 1yeDQmwUGYi8LEVC 0Pfip4BXzoRzyFv2 Byr8ftz6Pn4uac3K LdwRPFzBNqStC5X8 Gypke7sesv6WDuj9 jVrty3u6KGOjBg80 W4POX5YqpnnI3x1U 8pFqGmxaOhvFeBf4 5TjXpBJuIWCWGZis LI7uFZ34s97AeNpk eRAtRmExinGYKjYs fBCH5yXHMW5jQJjk 1bDI0W7o3Pb2zYhB uuhviI1p7F0sChqp QSabhET5tNnXgX60 z6aHWvfWV1YcOU3s K5TJWlCDC2GiIJEC asqla05DvWvndrgH xlWntBwCLfHgHam8 9dVIdmIqrww8IL0A KHBd51v9Lk79JoNu ZsdU4FLz0FoJAHOC e9DWnoEu0mxMb9VK qQzEeIfIOpoI9qKk tZ46uZudk7AfSXt1 qeVT6FbNKHRizFU8 9L0zlmq9jRh6nd1I rvadWwbDVrEOdUmt OMjRZA0G6vbBxKd5 J5iqQt6wukvg6KLY 9pH9xdreYrmVM1JI WVwd9ExLXa3zphJn RnvIh4TOetAfG82E ziJdi0Y4mj4TIJZ9 bpy0VAq3GZuO2R8U HAZt9xslXTTIQrh6 Zo0umr3KFWOZJQPm
50
HAZt9xslXTTIQrh6 HAZt9xslXTTIQrh6
bpy0VAq3GZuO2R8U bpy0VAq3GZuO2R8U
ziJdi0Y4mj4TIJZ9 ziJdi0Y4mj4TIJZ9
RnvIh4TOetAfG82E RnvIh4TOetAfG82E
OMjRZA0G6vbBxKd5 OMjRZA0G6vbBxKd5
WVwd9ExLXa3zphJn WVwd9ExLXa3zphJn
9pH9xdreYrmVM1JI 9pH9xdreYrmVM1JI
J5iqQt6wukvg6KLY J5iqQt6wukvg6KLY
rvadWwbDVrEOdUmt rvadWwbDVrEOdUmt
qeVT6FbNKHRizFU8 qeVT6FbNKHRizFU8
9L0zlmq9jRh6nd1I 9L0zlmq9jRh6nd1I
tZ46uZudk7AfSXt1 tZ46uZudk7AfSXt1
qQzEeIfIOpoI9qKk qQzEeIfIOpoI9qKk
ZsdU4FLz0FoJAHOC ZsdU4FLz0FoJAHOC
e9DWnoEu0mxMb9VK e9DWnoEu0mxMb9VK
KHBd51v9Lk79JoNu KHBd51v9Lk79JoNu
xlWntBwCLfHgHam8 xlWntBwCLfHgHam8
K5TJWlCDC2GiIJEC K5TJWlCDC2GiIJEC
asqla05DvWvndrgH asqla05DvWvndrgH
QSabhET5tNnXgX60 QSabhET5tNnXgX60
1bDI0W7o3Pb2zYhB 1bDI0W7o3Pb2zYhB
9dVIdmIqrww8IL0A 9dVIdmIqrww8IL0A
z6aHWvfWV1YcOU3s z6aHWvfWV1YcOU3s
uuhviI1p7F0sChqp uuhviI1p7F0sChqp
eRAtRmExinGYKjYs eRAtRmExinGYKjYs
fBCH5yXHMW5jQJjk fBCH5yXHMW5jQJjk
LI7uFZ34s97AeNpk LI7uFZ34s97AeNpk
5TjXpBJuIWCWGZis 5TjXpBJuIWCWGZis
8pFqGmxaOhvFeBf4 8pFqGmxaOhvFeBf4
Gypke7sesv6WDuj9 Gypke7sesv6WDuj9
jVrty3u6KGOjBg80 jVrty3u6KGOjBg80
W4POX5YqpnnI3x1U W4POX5YqpnnI3x1U
Byr8ftz6Pn4uac3K Byr8ftz6Pn4uac3K
LdwRPFzBNqStC5X8 LdwRPFzBNqStC5X8
kWAnmn2xV4T8moWO kWAnmn2xV4T8moWO
1yeDQmwUGYi8LEVC 1yeDQmwUGYi8LEVC
0Pfip4BXzoRzyFv2 0Pfip4BXzoRzyFv2
3SYpu8y7n2lFaEgA 3SYpu8y7n2lFaEgA
3PEg9lFbqEimkqjc 3PEg9lFbqEimkqjc
2hsCdf5s2NPqItPy 2hsCdf5s2NPqItPy
HqZKcXPbTIsIN6eT HqZKcXPbTIsIN6eT
drsNw5E8nXGgcxxE drsNw5E8nXGgcxxE
CvZWFxoaMZYhwHYj CvZWFxoaMZYhwHYj
2yhNJ9fcTz8hRVDj 2yhNJ9fcTz8hRVDj
PmJZCdR41rbLgXgi PmJZCdR41rbLgXgi
EotYPttMvJbBfyaO EotYPttMvJbBfyaO
Dg4uIWuVD7Xd3FfI Dg4uIWuVD7Xd3FfI
PDtM7hU3L1QjW9eR PDtM7hU3L1QjW9eR
uRc2j178KRm3sVAY uRc2j178KRm3sVAY
fg0WyZdFGAAZWRqK fg0WyZdFGAAZWRqK
