vBhpoFdJZxyttIlfaf7D pQXOuOEmPXLWYcp1NGOw eKaPpzrMwOPxNzeoOSFH EHYUZOt1fTtm7KJue8on mv3tFPDoT2NlrLp24T9l InZnvPu8h9zAoLCNj2in KdfPZ6xz4cOaMLpuBPMV 6PPTzNGrNxrgfdvm8cwZ 4DVjJLwQqqsLyduGJ9b0 R7crXexksQ4TN5zY2ck3 PTLuDKOoq7xOBNmDYZyZ ORsS8PhYU7QJhPkIo1xK HP9rCKizazA8tTd6EvQn XBxLd5K0m0Gtk5fTL45q ohy3S5QXymEhh63dMBQE 9B0w6Ahn3NsugfNn6veD Q3XFYOsTKSzlksoFZpSk W1jWYYdH0atiKtbaVDRT 2rqhmYoGMbGcAZmcRrhF 6koX1rNvAwrB84m39eQv nB1RHSnvjX4nG0Tch5En x46nB6Iwp6wweeEhyIVP 8mLI4Cl8exxeLw5eLCvi ByStsnhiga1DCz50VNGG 17OoKHzumyPaqfjSSc7S ZYwKC5uFmtW0QjsMiT9A RpMJGAvULIBCQ0RI369s jTdja1e2hUhydiExPlJM qM7lEl3z2COceXw7x0EC sZEJEKZ8ZhIllqXsuj72 fHfopcx4v3MKBN0TMn7s p8vaf7BxwhTHVQ7xf14T R8y8GsBEYGcYG98ELdKo r7zzQREzwZK5s2plOEMb iboL4JgkqVZaEWXpgBVJ gpVfP7ILbg2pDpIPQr5Q t9sKEbhLg4hRMCMxdZiD qHwCsNomWkpZ3C6j94Cj JN17iRC4tStS65wVP34v RRlYwTFLYqL48JIMSAmC iLoZi9Udouf2bH9NFsk4 YcxUAlL7DgkVgq8Zmqcx cFXGQ6tDn5lo60W3mw1y MiPSEwVMn3bbGh4tbRTf 3k0aPItJckmjybSSZ7vB TbpWcxfO0os3IWSajbDY WN0Nl06Zx9w6LYUHMZam J25RC7bcYE8mQfyYQhBt j0gfpSkQuY2aCnSASDK5 4ilNvg3IkxoJuvkwqYsS MNehJysDvnWQbbvHSbNi d6xeP6xeDJ3O2jY8D4pB rMd1TXBMCuFfO59jF1Tq 0smtcWECRVW5IqVm6wBj e6i9mgbc8DjzYsf61uhQ Iz79VMi2nkM7feHNxIEU z4v1d4jdbvLBqzq8O4Ca vZUMyUDxLY7qRIRiUPr2 XX8iZd9Mw56dkKCstFAC Qs0K7PGKCJNOLMDZLnEf XgDMuo1AqytyG9qTqNv4 R4Ftu8EuO0k21qmlfgFk wHEcyeduhdH7p3Lr1PtC eoouXbauUEZFoVnISdZW NAqhSs9OpS9XtIaJtTCD cs6LkMYfySGYUzb8VLcc JEGgKJfdY8owvwdYhKMk tUVqKo1E6AibIE6zShkv rkMvLqMMN5Aq3onq5XeZ KuHO8xRrArMMDCKffmsm 7Rn0xBRZQovegOnfabmb Qf8fIpH8k30NerFGYAIM W1oKj4YwVrgRk8CEP5N8 37APL8dpwT5Ds5AIG0t4 J00g7hlLLSWTXvTYK9v2 WwLzOfqcc3FIzub2jh8R oFNlFPub6zLirsQwo0fu 8Le4AI986fwHZXPoOMK1 7PoxePhwnlLvMilKVpER UZ0TKwjLE8ZLiMJfWLZ4 lNXOSirtCXW7TPygvsll n2Cqtp5v2DuwGX7LhuzE fp9JaV5iTp8QxXwwkR68 RHcsiimy7VJf61UVhM9I xVHVP9vjiW3Srf3J1yYm fMf4OEuDhzQ5lzL1yC1p R6ZzYYWqarkWldqbKDab XYk0VV4ujV55qqS8YiHV 2LthmnS3Cdd5FBfY5GQ9 wRuGNazG4ZAxqcI0KBgs DybFcuyeWxt51LawzVvs uUumBfQJDh6S0d06Kb78 zs7X4IJgeJEM8iqAbvF3 qkrT0EYt8AHuefFD25g1 KyDQmUshvaOMIokV4BFs XWHR07Y6kfSBbEuD62PN iki3BohF22ET0rMPxXQ5 535WuquKiicRqEyzCI3d vLwJebpyApE3MPksc9OW IxefgaEVTV9aMlxjiI1f IxefgaEVTV9aMlxjiI1f vLwJebpyApE3MPksc9OW 535WuquKiicRqEyzCI3d iki3BohF22ET0rMPxXQ5 XWHR07Y6kfSBbEuD62PN KyDQmUshvaOMIokV4BFs qkrT0EYt8AHuefFD25g1 zs7X4IJgeJEM8iqAbvF3 uUumBfQJDh6S0d06Kb78 DybFcuyeWxt51LawzVvs wRuGNazG4ZAxqcI0KBgs 2LthmnS3Cdd5FBfY5GQ9 XYk0VV4ujV55qqS8YiHV R6ZzYYWqarkWldqbKDab fMf4OEuDhzQ5lzL1yC1p xVHVP9vjiW3Srf3J1yYm RHcsiimy7VJf61UVhM9I fp9JaV5iTp8QxXwwkR68 n2Cqtp5v2DuwGX7LhuzE lNXOSirtCXW7TPygvsll UZ0TKwjLE8ZLiMJfWLZ4 7PoxePhwnlLvMilKVpER 8Le4AI986fwHZXPoOMK1 oFNlFPub6zLirsQwo0fu WwLzOfqcc3FIzub2jh8R J00g7hlLLSWTXvTYK9v2 37APL8dpwT5Ds5AIG0t4 W1oKj4YwVrgRk8CEP5N8 Qf8fIpH8k30NerFGYAIM 7Rn0xBRZQovegOnfabmb KuHO8xRrArMMDCKffmsm rkMvLqMMN5Aq3onq5XeZ tUVqKo1E6AibIE6zShkv JEGgKJfdY8owvwdYhKMk cs6LkMYfySGYUzb8VLcc NAqhSs9OpS9XtIaJtTCD eoouXbauUEZFoVnISdZW wHEcyeduhdH7p3Lr1PtC R4Ftu8EuO0k21qmlfgFk XgDMuo1AqytyG9qTqNv4 Qs0K7PGKCJNOLMDZLnEf XX8iZd9Mw56dkKCstFAC vZUMyUDxLY7qRIRiUPr2 z4v1d4jdbvLBqzq8O4Ca Iz79VMi2nkM7feHNxIEU e6i9mgbc8DjzYsf61uhQ 0smtcWECRVW5IqVm6wBj rMd1TXBMCuFfO59jF1Tq d6xeP6xeDJ3O2jY8D4pB MNehJysDvnWQbbvHSbNi 4ilNvg3IkxoJuvkwqYsS j0gfpSkQuY2aCnSASDK5 J25RC7bcYE8mQfyYQhBt WN0Nl06Zx9w6LYUHMZam TbpWcxfO0os3IWSajbDY 3k0aPItJckmjybSSZ7vB MiPSEwVMn3bbGh4tbRTf cFXGQ6tDn5lo60W3mw1y YcxUAlL7DgkVgq8Zmqcx iLoZi9Udouf2bH9NFsk4 RRlYwTFLYqL48JIMSAmC JN17iRC4tStS65wVP34v qHwCsNomWkpZ3C6j94Cj t9sKEbhLg4hRMCMxdZiD gpVfP7ILbg2pDpIPQr5Q iboL4JgkqVZaEWXpgBVJ r7zzQREzwZK5s2plOEMb R8y8GsBEYGcYG98ELdKo p8vaf7BxwhTHVQ7xf14T fHfopcx4v3MKBN0TMn7s sZEJEKZ8ZhIllqXsuj72 qM7lEl3z2COceXw7x0EC jTdja1e2hUhydiExPlJM RpMJGAvULIBCQ0RI369s ZYwKC5uFmtW0QjsMiT9A 17OoKHzumyPaqfjSSc7S ByStsnhiga1DCz50VNGG 8mLI4Cl8exxeLw5eLCvi x46nB6Iwp6wweeEhyIVP nB1RHSnvjX4nG0Tch5En 6koX1rNvAwrB84m39eQv 2rqhmYoGMbGcAZmcRrhF W1jWYYdH0atiKtbaVDRT Q3XFYOsTKSzlksoFZpSk 9B0w6Ahn3NsugfNn6veD ohy3S5QXymEhh63dMBQE XBxLd5K0m0Gtk5fTL45q HP9rCKizazA8tTd6EvQn ORsS8PhYU7QJhPkIo1xK PTLuDKOoq7xOBNmDYZyZ R7crXexksQ4TN5zY2ck3 4DVjJLwQqqsLyduGJ9b0 6PPTzNGrNxrgfdvm8cwZ KdfPZ6xz4cOaMLpuBPMV InZnvPu8h9zAoLCNj2in mv3tFPDoT2NlrLp24T9l EHYUZOt1fTtm7KJue8on eKaPpzrMwOPxNzeoOSFH pQXOuOEmPXLWYcp1NGOw vBhpoFdJZxyttIlfaf7D
50
MiPSEwVMn3bbGh4tbRTf MiPSEwVMn3bbGh4tbRTf
RpMJGAvULIBCQ0RI369s RpMJGAvULIBCQ0RI369s
JEGgKJfdY8owvwdYhKMk JEGgKJfdY8owvwdYhKMk
8Le4AI986fwHZXPoOMK1 8Le4AI986fwHZXPoOMK1
WwLzOfqcc3FIzub2jh8R WwLzOfqcc3FIzub2jh8R
R7crXexksQ4TN5zY2ck3 R7crXexksQ4TN5zY2ck3
XYk0VV4ujV55qqS8YiHV XYk0VV4ujV55qqS8YiHV
NAqhSs9OpS9XtIaJtTCD NAqhSs9OpS9XtIaJtTCD
R6ZzYYWqarkWldqbKDab R6ZzYYWqarkWldqbKDab
WN0Nl06Zx9w6LYUHMZam WN0Nl06Zx9w6LYUHMZam
zs7X4IJgeJEM8iqAbvF3 zs7X4IJgeJEM8iqAbvF3
cs6LkMYfySGYUzb8VLcc cs6LkMYfySGYUzb8VLcc
vLwJebpyApE3MPksc9OW vLwJebpyApE3MPksc9OW
ohy3S5QXymEhh63dMBQE ohy3S5QXymEhh63dMBQE
RRlYwTFLYqL48JIMSAmC RRlYwTFLYqL48JIMSAmC
2LthmnS3Cdd5FBfY5GQ9 2LthmnS3Cdd5FBfY5GQ9
DybFcuyeWxt51LawzVvs DybFcuyeWxt51LawzVvs
rMd1TXBMCuFfO59jF1Tq rMd1TXBMCuFfO59jF1Tq
7PoxePhwnlLvMilKVpER 7PoxePhwnlLvMilKVpER
J00g7hlLLSWTXvTYK9v2 J00g7hlLLSWTXvTYK9v2
jTdja1e2hUhydiExPlJM jTdja1e2hUhydiExPlJM
mv3tFPDoT2NlrLp24T9l mv3tFPDoT2NlrLp24T9l
tUVqKo1E6AibIE6zShkv tUVqKo1E6AibIE6zShkv
rkMvLqMMN5Aq3onq5XeZ rkMvLqMMN5Aq3onq5XeZ
iki3BohF22ET0rMPxXQ5 iki3BohF22ET0rMPxXQ5
6koX1rNvAwrB84m39eQv 6koX1rNvAwrB84m39eQv
17OoKHzumyPaqfjSSc7S 17OoKHzumyPaqfjSSc7S
XX8iZd9Mw56dkKCstFAC XX8iZd9Mw56dkKCstFAC
qkrT0EYt8AHuefFD25g1 qkrT0EYt8AHuefFD25g1
XBxLd5K0m0Gtk5fTL45q XBxLd5K0m0Gtk5fTL45q
EHYUZOt1fTtm7KJue8on EHYUZOt1fTtm7KJue8on
37APL8dpwT5Ds5AIG0t4 37APL8dpwT5Ds5AIG0t4
9B0w6Ahn3NsugfNn6veD 9B0w6Ahn3NsugfNn6veD
uUumBfQJDh6S0d06Kb78 uUumBfQJDh6S0d06Kb78
eKaPpzrMwOPxNzeoOSFH eKaPpzrMwOPxNzeoOSFH
fp9JaV5iTp8QxXwwkR68 fp9JaV5iTp8QxXwwkR68
d6xeP6xeDJ3O2jY8D4pB d6xeP6xeDJ3O2jY8D4pB
6PPTzNGrNxrgfdvm8cwZ 6PPTzNGrNxrgfdvm8cwZ
wHEcyeduhdH7p3Lr1PtC wHEcyeduhdH7p3Lr1PtC
W1jWYYdH0atiKtbaVDRT W1jWYYdH0atiKtbaVDRT
535WuquKiicRqEyzCI3d 535WuquKiicRqEyzCI3d
4ilNvg3IkxoJuvkwqYsS 4ilNvg3IkxoJuvkwqYsS
InZnvPu8h9zAoLCNj2in InZnvPu8h9zAoLCNj2in
nB1RHSnvjX4nG0Tch5En nB1RHSnvjX4nG0Tch5En
XWHR07Y6kfSBbEuD62PN XWHR07Y6kfSBbEuD62PN
fHfopcx4v3MKBN0TMn7s fHfopcx4v3MKBN0TMn7s
oFNlFPub6zLirsQwo0fu oFNlFPub6zLirsQwo0fu
qM7lEl3z2COceXw7x0EC qM7lEl3z2COceXw7x0EC
8mLI4Cl8exxeLw5eLCvi 8mLI4Cl8exxeLw5eLCvi
n2Cqtp5v2DuwGX7LhuzE n2Cqtp5v2DuwGX7LhuzE
