Mf966TmCJF9l0PTKetVd JWE9kJZ3fUSBbRtkVScl CxdADQl1Lh5mGQMAravk jsxdUxf9Osj1u9ZOfA8H QMmklR1fA1rnjMsU1WMc fsor2KpQJ6EjVccpDv9W 7c4FoaFf1TJetsLZUEok QtUoaFUFBMw7V9DHgrcf vXEVHH4q4UMva6wWns8S KCy3uvDFe4h3kwRgxFiX OUMbAfpzy5GRzgDEKokb Y5ZKsuPbCDUQp5LjPNey byF5FvS6RJUrgCsP3o6T 56ePYTmTGzdOHfvnLEPd VI6bhpg8nr2U3bjLEpMD u4VGAkqq00Jhej3knMJI NvfSRypj4POoHWC3jDz3 YrtjNlKZcZnAXu7owFPA GfTqQpqjWivAFXbCN2BL XtOSIksCxQPAzChWtB8x ABk14cfS7j3v5H7oJg69 MgfIiwMElh8mtTDc3OTG uabtazFhzr2OrOfWllzO OGxA8YvD4WfIxOfmtWm4 K2vXRMB1uOAo2LiHd1lH sJyumTmEoi4MWbaRoNlm czjPVxJvSz9DoMc0Y7Vv fsCdklolnC3ndvzFtyM3 BMDtuwGZg1f1rj5A1b3x jAzyDyaN1mD5Ei1RjCiO eO6DzL77RKRtHIXSDRed mdRWNgW1OXg5UTxZCHoS BcvYB1mubFuRTbgMUsXg fBow0nU9fNO0JnF2yfaM VaRx19QfIOvUT5pZyulj abfQYXbANnzx1AWQXKif bLojQFXmB5k6r0zKTWYe 3Yod5nNtIcKNmTtNQ3xH wtlCpdxHbUUmSY7DnD2u VqBuOSJBVqxMG4rldwQn 9HH5irmCdrqCCezXnJiW NtZncVsU7O40k1BXousH BPT5ZnXHY4PLKTlszS8H IwnN6xRahpjWnxZTYR2F km12BN3CByUGmRV2tX7b AjMqEYKq0eELwsiEhQNE FhyU3TGCVWgCcMMzAMS1 dlI05mdojdMEdSLIkWsG wyZ3Q4gHyaxpdYdezyjU V1NRtDFpLgUvdcMNRDCv 1wZce3qjltyIzzlL1Zfw p6bp9pYgtaGo4Q50DQAM QH0BDGvVyxRCKFz8HI8X ZDA7k1XMUYTsnmCfuUtR ydEppVwK15UN0USyP00U zPr2hM1BB6QwzrT9Cto2 W1IcDWCQWwTCriXsjtm4 TkZ4LHIfwKap48xdp8m2 4CVQrsejmjPmVL7elf2w dOWv4G57nxm9UArCvQlq 4c7jdZfXlaPz4IZbgKcx mGfIqoDGGajPXw9RvY8S XTp3YhYjdFwpfCd1sHBr XTJsnlniS8VBeA1RWlnv lrLgTYF7nIsDkEYlxuHz Xltsv4pWecfDbEIf7wIT 3wnWMN13hDOpLfn819VH jXruIBVvU1ZXoT4EkgxD pUShkBWCgx4vSxXmfOcy JfWSVxbK8iOEPzK7FV9x kGhQ3uDjcFA7MLP7UF4W S0PhmGw8tyUPzxvRSE5R tH0lbMmdJDVlC4Pr7uAb aQjUMkqTLL2xI6AuCLxX cQteqX6tIl3ToXV5rCSz 1crXui4lUlMG7IuTFiXo rzYdrZxXnbXlOjFVWVaR PUpX9hnq8lCr2MuEM79X vWQ9gSPmhR2i5UglG1Cy acwLCbshqBQuYbTzAPRI bBJ5TDHtVrSIxXmQJ63J BLgd9OLqnPIJY5LCIxDK XfWllIgv9lA6ZwGuKvLt TmdW4dU59umpgT9XX8G3 7ArLVA3N0doHBQAlCDtl yk5giKs9pvqErT2HCEPA 9vP489zmTCThBqN2SC1r zDq8bGYKiSYw3c53IWfw q4ugkwSY6ViNm0c39aSs NTeJtbm5gSnTWXQ3LvSI Xucw5TdPOzp0SQGWHjkE ksXyQQNO2sSJacUypI8V A92K5Cd1GT55aemqW0vQ QZIvvAQe1weWyQjLrGi1 Hpniux0SkkA6CliHWNDc 1EtrR5H9A3TMUPS71hPl WDY5ApSXtzd8TcqEYyFr WQlZty1AKP9gLfjz0EYW aH2XDl7CjGFhEP3bbYjH Ijl4CEfXgYPnLQsaG3l2 WZxeHszJ2ShfYgJs53YV pST2UibVvaFs7NnElOiM SQhK0n9L9aixdJxvdeKd JfzkldRR1w0Y52KBg47D HR7q1SHXYoV1oWoyahgt trOoQ3enuOI8GUJqwAMC e2usEAoRX2qu6mneHOxg R87rV3jFUvYuE0RN4Z4a 88lI6lUbCFloNqfPp9qO fKajGKNXD5NbLKxWiJ47 RrBlUMzlEzdRa5S1pyiF 4O2VEkN1ftjvLwoNouzB ny999OXXkLqLzEchYJti ZQab4dDWTHUWkDUJqBSO cAkwFDH7tSQkP40ewGcD f3aTBneDuZi0oYXARvcm 3T9xfmao9oirmnybMmQj UvtGaTsTes8Gs4gE8ya3 SpEuZchEqWugbZTYkaxm TBEGhhvsdStRJh2Eqkyf kk9hnZxxBFZfHSf7jyEB DMIhznlgV4TccTaZ33Ir KXqYiLdUxtSnooxFj1Ib ssOocUX1m3f6XkTvZtJV z0JVyC97F2sfYOHDsqCd YbSp45JPsR0boD7yz5qS 17QNzmQeHZetXwmICrNB y1iGOFRKdlQM0ghlotSn HhITLZSwERe6osGRUBXt 2bMCdMiNzTpm8a2kNe9G 0O3lDJvzYSiuZNzHimQX ZPAxEbVjKWTr0cDqLbA0 lfkDpy0Dzjb65M4poJ5N Yw0z9L8p6xIk7hgYCgVd 4mdSIFCsq2HySOzm2H4M U480q7KMBV6u0CxF9qHV RqcyjsZaW5Whm3g5SmeN Ic20PkDM6xxefUTvJEIQ 8tOQbReSdxKFsG9CYbZK GzkbHop7cJv0CvjQalTE rOZoFnpTntC6wvysu9Xh jSyASeaGB6ErFY6XJcnd 1aGCWVuyE8DRxIV204ZW 0lQJttb9mqclt5GB6G6p lW4ZBzIV5QnNgb3BgJPj fmXI2fiRDKGKDk7Lczzs jZUUy27kZ3z2uIv0PGPy 4mRiy2s23Ljl4N4CqEav Man5mweIdA0oHezvIoTH sSdPSXUotKahf03SRnBn wNmo9den9k6ySqzO7o0M hdzMlRPopi59kMOfpHEo OyOgefgJfgx6VwEfudZn y3cL4LyhfEAlU1Jj1Xj6 N7mkTpLI9Mgh0txBOflw BCVfaQnOCgLubJ23r8nF KKiBHd9DTQAd6AZYxlK3 HKK5Jm9eHd0V7gvBWuw9 XM2epDdQlzVNrldkM9rh CLNCAWQgYnzuvt7RChAf PLyQF48YPXs4LxxIxWHM N1nCqBhBKMK7yfEHWDsK eA2uctxdjBuXDZUrmUHy 2Ya6qX2a8hTrk7y5kV3V aU4DeG46NC8vRU6N0ahg pMRS1IvCw1ndT7Ffg1bE Crbc9OlCoJ9dTIJXXsjb 0cfjMDiHCYlJddbR72mX pxBA1Tii62WPeRWcccVp tQezqRP7sIoxGpSN4jn9 Q4jkxyPtGKis0eXik3Gg vfUng4KWHMI1EW7MPH8O 3Kf7NbRAPMqHxYOVsqnT s7HXjvUAOobkeOC6hmGZ iRg3oRlKsAtLuOm5tUrC kVdbGuYm0jD2q8vsLFHY zwf9ghy1nblZx3HkGhp8 ZzUJWpXUZeO1dCVdodSV Ad4iMaOuAofXNjJzNKWl Ejmw9YVfbgpcODCHCJUP QMfugTdL8cMnu7owJzpL lbdkv57MCZ97lfIXEhIW GpiOM4ynWttgV8VgylA9 yjTU6mb0sXWr7Nh8SghO iLL8Ler2XV3HF8IInEZ7 5xTj2bwtAGxne1OvovYf b2icxuMf1zEyF7ImMEzE a6uUA0TEdnZwD1b73O9r 5ebtvAsyAh8vEmm1Z3wm 26qGQxnCCbJ2EOhN7Gcj VZozLuXR9oTwtUW9knOQ ul7ierPjffkmvfh4Ylme pqICMkxXlmeDQjitgIAG mczsYYfo4mGnUa8T6O4K CHHJQHxp9VQGraviPBS2 gjqmwx8KEwk7C9l818J6 D8EqP7YYAGp7ozDJsFab 0avddYNUUSifDVnh6Pkn flliQzyn5hSC8yLOMyYJ flliQzyn5hSC8yLOMyYJ wgaIQdSLkfrgCwxikw7V wgaIQdSLkfrgCwxikw7V 0avddYNUUSifDVnh6Pkn D8EqP7YYAGp7ozDJsFab gjqmwx8KEwk7C9l818J6 CHHJQHxp9VQGraviPBS2 mczsYYfo4mGnUa8T6O4K pqICMkxXlmeDQjitgIAG ul7ierPjffkmvfh4Ylme VZozLuXR9oTwtUW9knOQ 26qGQxnCCbJ2EOhN7Gcj 5ebtvAsyAh8vEmm1Z3wm a6uUA0TEdnZwD1b73O9r b2icxuMf1zEyF7ImMEzE 5xTj2bwtAGxne1OvovYf iLL8Ler2XV3HF8IInEZ7 yjTU6mb0sXWr7Nh8SghO GpiOM4ynWttgV8VgylA9 lbdkv57MCZ97lfIXEhIW QMfugTdL8cMnu7owJzpL Ejmw9YVfbgpcODCHCJUP Ad4iMaOuAofXNjJzNKWl ZzUJWpXUZeO1dCVdodSV zwf9ghy1nblZx3HkGhp8 kVdbGuYm0jD2q8vsLFHY iRg3oRlKsAtLuOm5tUrC s7HXjvUAOobkeOC6hmGZ 3Kf7NbRAPMqHxYOVsqnT vfUng4KWHMI1EW7MPH8O Q4jkxyPtGKis0eXik3Gg tQezqRP7sIoxGpSN4jn9 pxBA1Tii62WPeRWcccVp 0cfjMDiHCYlJddbR72mX Crbc9OlCoJ9dTIJXXsjb pMRS1IvCw1ndT7Ffg1bE aU4DeG46NC8vRU6N0ahg 2Ya6qX2a8hTrk7y5kV3V eA2uctxdjBuXDZUrmUHy N1nCqBhBKMK7yfEHWDsK PLyQF48YPXs4LxxIxWHM CLNCAWQgYnzuvt7RChAf XM2epDdQlzVNrldkM9rh HKK5Jm9eHd0V7gvBWuw9 KKiBHd9DTQAd6AZYxlK3 BCVfaQnOCgLubJ23r8nF N7mkTpLI9Mgh0txBOflw y3cL4LyhfEAlU1Jj1Xj6 OyOgefgJfgx6VwEfudZn hdzMlRPopi59kMOfpHEo wNmo9den9k6ySqzO7o0M sSdPSXUotKahf03SRnBn Man5mweIdA0oHezvIoTH 4mRiy2s23Ljl4N4CqEav jZUUy27kZ3z2uIv0PGPy fmXI2fiRDKGKDk7Lczzs lW4ZBzIV5QnNgb3BgJPj 0lQJttb9mqclt5GB6G6p 1aGCWVuyE8DRxIV204ZW jSyASeaGB6ErFY6XJcnd rOZoFnpTntC6wvysu9Xh GzkbHop7cJv0CvjQalTE 8tOQbReSdxKFsG9CYbZK Ic20PkDM6xxefUTvJEIQ RqcyjsZaW5Whm3g5SmeN U480q7KMBV6u0CxF9qHV 4mdSIFCsq2HySOzm2H4M Yw0z9L8p6xIk7hgYCgVd lfkDpy0Dzjb65M4poJ5N ZPAxEbVjKWTr0cDqLbA0 0O3lDJvzYSiuZNzHimQX 2bMCdMiNzTpm8a2kNe9G HhITLZSwERe6osGRUBXt y1iGOFRKdlQM0ghlotSn 17QNzmQeHZetXwmICrNB YbSp45JPsR0boD7yz5qS z0JVyC97F2sfYOHDsqCd ssOocUX1m3f6XkTvZtJV KXqYiLdUxtSnooxFj1Ib DMIhznlgV4TccTaZ33Ir kk9hnZxxBFZfHSf7jyEB TBEGhhvsdStRJh2Eqkyf SpEuZchEqWugbZTYkaxm UvtGaTsTes8Gs4gE8ya3 3T9xfmao9oirmnybMmQj f3aTBneDuZi0oYXARvcm cAkwFDH7tSQkP40ewGcD ZQab4dDWTHUWkDUJqBSO ny999OXXkLqLzEchYJti 4O2VEkN1ftjvLwoNouzB RrBlUMzlEzdRa5S1pyiF fKajGKNXD5NbLKxWiJ47 88lI6lUbCFloNqfPp9qO R87rV3jFUvYuE0RN4Z4a e2usEAoRX2qu6mneHOxg trOoQ3enuOI8GUJqwAMC HR7q1SHXYoV1oWoyahgt JfzkldRR1w0Y52KBg47D SQhK0n9L9aixdJxvdeKd pST2UibVvaFs7NnElOiM WZxeHszJ2ShfYgJs53YV Ijl4CEfXgYPnLQsaG3l2 aH2XDl7CjGFhEP3bbYjH WQlZty1AKP9gLfjz0EYW WDY5ApSXtzd8TcqEYyFr 1EtrR5H9A3TMUPS71hPl Hpniux0SkkA6CliHWNDc QZIvvAQe1weWyQjLrGi1 A92K5Cd1GT55aemqW0vQ ksXyQQNO2sSJacUypI8V Xucw5TdPOzp0SQGWHjkE NTeJtbm5gSnTWXQ3LvSI q4ugkwSY6ViNm0c39aSs zDq8bGYKiSYw3c53IWfw 9vP489zmTCThBqN2SC1r yk5giKs9pvqErT2HCEPA 7ArLVA3N0doHBQAlCDtl TmdW4dU59umpgT9XX8G3 XfWllIgv9lA6ZwGuKvLt BLgd9OLqnPIJY5LCIxDK bBJ5TDHtVrSIxXmQJ63J acwLCbshqBQuYbTzAPRI vWQ9gSPmhR2i5UglG1Cy PUpX9hnq8lCr2MuEM79X rzYdrZxXnbXlOjFVWVaR 1crXui4lUlMG7IuTFiXo cQteqX6tIl3ToXV5rCSz aQjUMkqTLL2xI6AuCLxX tH0lbMmdJDVlC4Pr7uAb S0PhmGw8tyUPzxvRSE5R kGhQ3uDjcFA7MLP7UF4W JfWSVxbK8iOEPzK7FV9x pUShkBWCgx4vSxXmfOcy jXruIBVvU1ZXoT4EkgxD 3wnWMN13hDOpLfn819VH Xltsv4pWecfDbEIf7wIT lrLgTYF7nIsDkEYlxuHz XTJsnlniS8VBeA1RWlnv XTp3YhYjdFwpfCd1sHBr mGfIqoDGGajPXw9RvY8S 4c7jdZfXlaPz4IZbgKcx dOWv4G57nxm9UArCvQlq 4CVQrsejmjPmVL7elf2w TkZ4LHIfwKap48xdp8m2 W1IcDWCQWwTCriXsjtm4 zPr2hM1BB6QwzrT9Cto2 ydEppVwK15UN0USyP00U ZDA7k1XMUYTsnmCfuUtR QH0BDGvVyxRCKFz8HI8X p6bp9pYgtaGo4Q50DQAM 1wZce3qjltyIzzlL1Zfw V1NRtDFpLgUvdcMNRDCv wyZ3Q4gHyaxpdYdezyjU dlI05mdojdMEdSLIkWsG FhyU3TGCVWgCcMMzAMS1 AjMqEYKq0eELwsiEhQNE km12BN3CByUGmRV2tX7b IwnN6xRahpjWnxZTYR2F BPT5ZnXHY4PLKTlszS8H NtZncVsU7O40k1BXousH 9HH5irmCdrqCCezXnJiW VqBuOSJBVqxMG4rldwQn wtlCpdxHbUUmSY7DnD2u 3Yod5nNtIcKNmTtNQ3xH bLojQFXmB5k6r0zKTWYe abfQYXbANnzx1AWQXKif VaRx19QfIOvUT5pZyulj fBow0nU9fNO0JnF2yfaM BcvYB1mubFuRTbgMUsXg mdRWNgW1OXg5UTxZCHoS eO6DzL77RKRtHIXSDRed jAzyDyaN1mD5Ei1RjCiO BMDtuwGZg1f1rj5A1b3x fsCdklolnC3ndvzFtyM3 czjPVxJvSz9DoMc0Y7Vv sJyumTmEoi4MWbaRoNlm K2vXRMB1uOAo2LiHd1lH OGxA8YvD4WfIxOfmtWm4 uabtazFhzr2OrOfWllzO MgfIiwMElh8mtTDc3OTG ABk14cfS7j3v5H7oJg69 XtOSIksCxQPAzChWtB8x GfTqQpqjWivAFXbCN2BL YrtjNlKZcZnAXu7owFPA NvfSRypj4POoHWC3jDz3 u4VGAkqq00Jhej3knMJI VI6bhpg8nr2U3bjLEpMD 56ePYTmTGzdOHfvnLEPd byF5FvS6RJUrgCsP3o6T Y5ZKsuPbCDUQp5LjPNey OUMbAfpzy5GRzgDEKokb KCy3uvDFe4h3kwRgxFiX vXEVHH4q4UMva6wWns8S QtUoaFUFBMw7V9DHgrcf 7c4FoaFf1TJetsLZUEok fsor2KpQJ6EjVccpDv9W QMmklR1fA1rnjMsU1WMc jsxdUxf9Osj1u9ZOfA8H CxdADQl1Lh5mGQMAravk JWE9kJZ3fUSBbRtkVScl Mf966TmCJF9l0PTKetVd
100
GzkbHop7cJv0CvjQalTE GzkbHop7cJv0CvjQalTE
S0PhmGw8tyUPzxvRSE5R S0PhmGw8tyUPzxvRSE5R
YrtjNlKZcZnAXu7owFPA YrtjNlKZcZnAXu7owFPA
rzYdrZxXnbXlOjFVWVaR rzYdrZxXnbXlOjFVWVaR
1wZce3qjltyIzzlL1Zfw 1wZce3qjltyIzzlL1Zfw
PLyQF48YPXs4LxxIxWHM PLyQF48YPXs4LxxIxWHM
OGxA8YvD4WfIxOfmtWm4 OGxA8YvD4WfIxOfmtWm4
BLgd9OLqnPIJY5LCIxDK BLgd9OLqnPIJY5LCIxDK
VqBuOSJBVqxMG4rldwQn VqBuOSJBVqxMG4rldwQn
4CVQrsejmjPmVL7elf2w 4CVQrsejmjPmVL7elf2w
CLNCAWQgYnzuvt7RChAf CLNCAWQgYnzuvt7RChAf
HKK5Jm9eHd0V7gvBWuw9 HKK5Jm9eHd0V7gvBWuw9
KKiBHd9DTQAd6AZYxlK3 KKiBHd9DTQAd6AZYxlK3
zDq8bGYKiSYw3c53IWfw zDq8bGYKiSYw3c53IWfw
CxdADQl1Lh5mGQMAravk CxdADQl1Lh5mGQMAravk
2bMCdMiNzTpm8a2kNe9G 2bMCdMiNzTpm8a2kNe9G
jAzyDyaN1mD5Ei1RjCiO jAzyDyaN1mD5Ei1RjCiO
Q4jkxyPtGKis0eXik3Gg Q4jkxyPtGKis0eXik3Gg
kGhQ3uDjcFA7MLP7UF4W kGhQ3uDjcFA7MLP7UF4W
byF5FvS6RJUrgCsP3o6T byF5FvS6RJUrgCsP3o6T
ul7ierPjffkmvfh4Ylme ul7ierPjffkmvfh4Ylme
aU4DeG46NC8vRU6N0ahg aU4DeG46NC8vRU6N0ahg
3Yod5nNtIcKNmTtNQ3xH 3Yod5nNtIcKNmTtNQ3xH
NvfSRypj4POoHWC3jDz3 NvfSRypj4POoHWC3jDz3
wNmo9den9k6ySqzO7o0M wNmo9den9k6ySqzO7o0M
b2icxuMf1zEyF7ImMEzE b2icxuMf1zEyF7ImMEzE
kVdbGuYm0jD2q8vsLFHY kVdbGuYm0jD2q8vsLFHY
y3cL4LyhfEAlU1Jj1Xj6 y3cL4LyhfEAlU1Jj1Xj6
Y5ZKsuPbCDUQp5LjPNey Y5ZKsuPbCDUQp5LjPNey
km12BN3CByUGmRV2tX7b km12BN3CByUGmRV2tX7b
p6bp9pYgtaGo4Q50DQAM p6bp9pYgtaGo4Q50DQAM
TkZ4LHIfwKap48xdp8m2 TkZ4LHIfwKap48xdp8m2
JWE9kJZ3fUSBbRtkVScl JWE9kJZ3fUSBbRtkVScl
iRg3oRlKsAtLuOm5tUrC iRg3oRlKsAtLuOm5tUrC
Ad4iMaOuAofXNjJzNKWl Ad4iMaOuAofXNjJzNKWl
czjPVxJvSz9DoMc0Y7Vv czjPVxJvSz9DoMc0Y7Vv
trOoQ3enuOI8GUJqwAMC trOoQ3enuOI8GUJqwAMC
bBJ5TDHtVrSIxXmQJ63J bBJ5TDHtVrSIxXmQJ63J
QMmklR1fA1rnjMsU1WMc QMmklR1fA1rnjMsU1WMc
UvtGaTsTes8Gs4gE8ya3 UvtGaTsTes8Gs4gE8ya3
Xucw5TdPOzp0SQGWHjkE Xucw5TdPOzp0SQGWHjkE
a6uUA0TEdnZwD1b73O9r a6uUA0TEdnZwD1b73O9r
7c4FoaFf1TJetsLZUEok 7c4FoaFf1TJetsLZUEok
N7mkTpLI9Mgh0txBOflw N7mkTpLI9Mgh0txBOflw
Hpniux0SkkA6CliHWNDc Hpniux0SkkA6CliHWNDc
cAkwFDH7tSQkP40ewGcD cAkwFDH7tSQkP40ewGcD
JfzkldRR1w0Y52KBg47D JfzkldRR1w0Y52KBg47D
XfWllIgv9lA6ZwGuKvLt XfWllIgv9lA6ZwGuKvLt
5ebtvAsyAh8vEmm1Z3wm 5ebtvAsyAh8vEmm1Z3wm
fsCdklolnC3ndvzFtyM3 fsCdklolnC3ndvzFtyM3
ZPAxEbVjKWTr0cDqLbA0 ZPAxEbVjKWTr0cDqLbA0
JfWSVxbK8iOEPzK7FV9x JfWSVxbK8iOEPzK7FV9x
GfTqQpqjWivAFXbCN2BL GfTqQpqjWivAFXbCN2BL
AjMqEYKq0eELwsiEhQNE AjMqEYKq0eELwsiEhQNE
aH2XDl7CjGFhEP3bbYjH aH2XDl7CjGFhEP3bbYjH
BCVfaQnOCgLubJ23r8nF BCVfaQnOCgLubJ23r8nF
1crXui4lUlMG7IuTFiXo 1crXui4lUlMG7IuTFiXo
Crbc9OlCoJ9dTIJXXsjb Crbc9OlCoJ9dTIJXXsjb
sSdPSXUotKahf03SRnBn sSdPSXUotKahf03SRnBn
IwnN6xRahpjWnxZTYR2F IwnN6xRahpjWnxZTYR2F
KCy3uvDFe4h3kwRgxFiX KCy3uvDFe4h3kwRgxFiX
lrLgTYF7nIsDkEYlxuHz lrLgTYF7nIsDkEYlxuHz
CHHJQHxp9VQGraviPBS2 CHHJQHxp9VQGraviPBS2
WZxeHszJ2ShfYgJs53YV WZxeHszJ2ShfYgJs53YV
Ic20PkDM6xxefUTvJEIQ Ic20PkDM6xxefUTvJEIQ
flliQzyn5hSC8yLOMyYJ flliQzyn5hSC8yLOMyYJ
bLojQFXmB5k6r0zKTWYe bLojQFXmB5k6r0zKTWYe
1aGCWVuyE8DRxIV204ZW 1aGCWVuyE8DRxIV204ZW
u4VGAkqq00Jhej3knMJI u4VGAkqq00Jhej3knMJI
Yw0z9L8p6xIk7hgYCgVd Yw0z9L8p6xIk7hgYCgVd
TmdW4dU59umpgT9XX8G3 TmdW4dU59umpgT9XX8G3
SQhK0n9L9aixdJxvdeKd SQhK0n9L9aixdJxvdeKd
wtlCpdxHbUUmSY7DnD2u wtlCpdxHbUUmSY7DnD2u
dOWv4G57nxm9UArCvQlq dOWv4G57nxm9UArCvQlq
56ePYTmTGzdOHfvnLEPd 56ePYTmTGzdOHfvnLEPd
HhITLZSwERe6osGRUBXt HhITLZSwERe6osGRUBXt
RrBlUMzlEzdRa5S1pyiF RrBlUMzlEzdRa5S1pyiF
W1IcDWCQWwTCriXsjtm4 W1IcDWCQWwTCriXsjtm4
ydEppVwK15UN0USyP00U ydEppVwK15UN0USyP00U
eA2uctxdjBuXDZUrmUHy eA2uctxdjBuXDZUrmUHy
WQlZty1AKP9gLfjz0EYW WQlZty1AKP9gLfjz0EYW
4mRiy2s23Ljl4N4CqEav 4mRiy2s23Ljl4N4CqEav
ZDA7k1XMUYTsnmCfuUtR ZDA7k1XMUYTsnmCfuUtR
0O3lDJvzYSiuZNzHimQX 0O3lDJvzYSiuZNzHimQX
pxBA1Tii62WPeRWcccVp pxBA1Tii62WPeRWcccVp
BcvYB1mubFuRTbgMUsXg BcvYB1mubFuRTbgMUsXg
TBEGhhvsdStRJh2Eqkyf TBEGhhvsdStRJh2Eqkyf
e2usEAoRX2qu6mneHOxg e2usEAoRX2qu6mneHOxg
tH0lbMmdJDVlC4Pr7uAb tH0lbMmdJDVlC4Pr7uAb
R87rV3jFUvYuE0RN4Z4a R87rV3jFUvYuE0RN4Z4a
jZUUy27kZ3z2uIv0PGPy jZUUy27kZ3z2uIv0PGPy
NtZncVsU7O40k1BXousH NtZncVsU7O40k1BXousH
acwLCbshqBQuYbTzAPRI acwLCbshqBQuYbTzAPRI
QZIvvAQe1weWyQjLrGi1 QZIvvAQe1weWyQjLrGi1
VaRx19QfIOvUT5pZyulj VaRx19QfIOvUT5pZyulj
wyZ3Q4gHyaxpdYdezyjU wyZ3Q4gHyaxpdYdezyjU
OyOgefgJfgx6VwEfudZn OyOgefgJfgx6VwEfudZn
4mdSIFCsq2HySOzm2H4M 4mdSIFCsq2HySOzm2H4M
mGfIqoDGGajPXw9RvY8S mGfIqoDGGajPXw9RvY8S
7ArLVA3N0doHBQAlCDtl 7ArLVA3N0doHBQAlCDtl
