0EzLvznzqSsDTCbR5WWQ 0t5LNxEUvcjoE0cwwEbN m5Au4RgVgXhOUKbKSdGW HET4yE4ksHFmFRytJhfu piNBrUZvBcV7Df1TXrww KcET1WyqLHLe0WoWjg9K I7VRK3VugXxRlgxCe54Q OW93fm7JGxvGIWWhVC1r pv0BsC9reZAUPyAAwfcN LS3fS52ozGva9KBtcfZZ wrf0xNKoLGLKfuhe6hpI Z66yYaYopYkEhHIEeEpL mEX8P8Nbd8sILX8SAXJz ZjpED98yiQMn3rWbS8xE GvCrMaRaSI4vEiFIb0hT wyGmGIrbcEWTpb0hhuRQ idUlMWK1ZaKWh4awCdHY iVX7TtjHXcE8SyeIBcE6 TWpWLT2JICvczaB6q8Bo N0EmviMgt156P2Bd7oet E0qx1qnBHaTxztHrfCii Auo4k9dWSL8IPJ5ZlV3y b69ITlIgTtPRUIpmSw5o DTB9kDmUQnvnbA15dyNs kp7zOmTPtP689yQVQHhJ pWBi6tyyRZpOm0dbsZfH WQLrydIe30SyZWUYR0o9 NdK8ArCf2MlrWBNZD2Os oEaVwHLjAMvlaIULtgxD oFJmSdI9Mubs3awqWY5w LtVuPtXkki7L0rCf1ysG EvkNKg3FzDd0NJzzyEt4 vgcAaadTbDs3lU9Z1t49 YRtAAkfi0YIaAv0XqGni i2LSx9yjqfqqgvPEwf0F hk9ECfFhibg7bmIlco5h j0WEafPmBPNuvhf6ZEsy cZGUbNgsLGnuZE3Ot20K wr15IrVI9ypnsXqeVJz5 sTkrLjSI0wAyZQvL0L8q lEZ0YMvUzTvQYxlTiMir LTgssryHh3BZe1w1IMJd tnUjNl6cWuoaXQEfxH4p j7jI3vJM5SWQs3N9YWK4 G1veNpxkPsctj7nF0LnD 75EgdJC8MacBE2zKZlon 3iRTkaf7suaV2i91D7AI IVZaGmLbfT5MQpxXO2DP K5LnOJV1Zh18kgMnZsVe 4ZMxz7AKccmgx6JK5gZn 4ZMxz7AKccmgx6JK5gZn K5LnOJV1Zh18kgMnZsVe IVZaGmLbfT5MQpxXO2DP 3iRTkaf7suaV2i91D7AI 75EgdJC8MacBE2zKZlon G1veNpxkPsctj7nF0LnD j7jI3vJM5SWQs3N9YWK4 tnUjNl6cWuoaXQEfxH4p LTgssryHh3BZe1w1IMJd lEZ0YMvUzTvQYxlTiMir sTkrLjSI0wAyZQvL0L8q wr15IrVI9ypnsXqeVJz5 cZGUbNgsLGnuZE3Ot20K j0WEafPmBPNuvhf6ZEsy hk9ECfFhibg7bmIlco5h i2LSx9yjqfqqgvPEwf0F YRtAAkfi0YIaAv0XqGni vgcAaadTbDs3lU9Z1t49 EvkNKg3FzDd0NJzzyEt4 LtVuPtXkki7L0rCf1ysG oFJmSdI9Mubs3awqWY5w oEaVwHLjAMvlaIULtgxD NdK8ArCf2MlrWBNZD2Os WQLrydIe30SyZWUYR0o9 pWBi6tyyRZpOm0dbsZfH kp7zOmTPtP689yQVQHhJ DTB9kDmUQnvnbA15dyNs b69ITlIgTtPRUIpmSw5o Auo4k9dWSL8IPJ5ZlV3y E0qx1qnBHaTxztHrfCii N0EmviMgt156P2Bd7oet TWpWLT2JICvczaB6q8Bo iVX7TtjHXcE8SyeIBcE6 idUlMWK1ZaKWh4awCdHY wyGmGIrbcEWTpb0hhuRQ GvCrMaRaSI4vEiFIb0hT ZjpED98yiQMn3rWbS8xE mEX8P8Nbd8sILX8SAXJz Z66yYaYopYkEhHIEeEpL wrf0xNKoLGLKfuhe6hpI LS3fS52ozGva9KBtcfZZ pv0BsC9reZAUPyAAwfcN OW93fm7JGxvGIWWhVC1r I7VRK3VugXxRlgxCe54Q KcET1WyqLHLe0WoWjg9K piNBrUZvBcV7Df1TXrww HET4yE4ksHFmFRytJhfu m5Au4RgVgXhOUKbKSdGW 0t5LNxEUvcjoE0cwwEbN 0EzLvznzqSsDTCbR5WWQ
25
j7jI3vJM5SWQs3N9YWK4 j7jI3vJM5SWQs3N9YWK4
lEZ0YMvUzTvQYxlTiMir lEZ0YMvUzTvQYxlTiMir
YRtAAkfi0YIaAv0XqGni YRtAAkfi0YIaAv0XqGni
3iRTkaf7suaV2i91D7AI 3iRTkaf7suaV2i91D7AI
4ZMxz7AKccmgx6JK5gZn 4ZMxz7AKccmgx6JK5gZn
m5Au4RgVgXhOUKbKSdGW m5Au4RgVgXhOUKbKSdGW
oFJmSdI9Mubs3awqWY5w oFJmSdI9Mubs3awqWY5w
I7VRK3VugXxRlgxCe54Q I7VRK3VugXxRlgxCe54Q
LTgssryHh3BZe1w1IMJd LTgssryHh3BZe1w1IMJd
HET4yE4ksHFmFRytJhfu HET4yE4ksHFmFRytJhfu
IVZaGmLbfT5MQpxXO2DP IVZaGmLbfT5MQpxXO2DP
TWpWLT2JICvczaB6q8Bo TWpWLT2JICvczaB6q8Bo
cZGUbNgsLGnuZE3Ot20K cZGUbNgsLGnuZE3Ot20K
hk9ECfFhibg7bmIlco5h hk9ECfFhibg7bmIlco5h
K5LnOJV1Zh18kgMnZsVe K5LnOJV1Zh18kgMnZsVe
vgcAaadTbDs3lU9Z1t49 vgcAaadTbDs3lU9Z1t49
wrf0xNKoLGLKfuhe6hpI wrf0xNKoLGLKfuhe6hpI
idUlMWK1ZaKWh4awCdHY idUlMWK1ZaKWh4awCdHY
LtVuPtXkki7L0rCf1ysG LtVuPtXkki7L0rCf1ysG
pWBi6tyyRZpOm0dbsZfH pWBi6tyyRZpOm0dbsZfH
LS3fS52ozGva9KBtcfZZ LS3fS52ozGva9KBtcfZZ
75EgdJC8MacBE2zKZlon 75EgdJC8MacBE2zKZlon
N0EmviMgt156P2Bd7oet N0EmviMgt156P2Bd7oet
b69ITlIgTtPRUIpmSw5o b69ITlIgTtPRUIpmSw5o
tnUjNl6cWuoaXQEfxH4p tnUjNl6cWuoaXQEfxH4p
