80 1 2 6 4 5 7 8 3 9 10 11 12 13 17 14 18 15 16 19 21 20 22 24 23 26 25 27 29 28 30 31 34 35 37 32 38 33 39 36 40 41 42 43 44 45 48 46 47 50 52 49 51 54 53 55 56 57 58 59 60 61 63 67 64 65 66 62 68 69 70 71 72 73 74 75 77 76 78 79 83 81 82 85 84 86 88 87 87 88 89 89 86 84 85 82 81 83 79 78 76 77 75 74 73 72 71 70 69 68 62 66 65 64 67 63 61 60 59 58 57 56 55 53 54 51 49 52 50 47 46 48 45 44 43 42 41 40 36 39 33 38 32 37 35 34 31 30 28 29 27 25 26 23 24 22 20 21 19 16 15 18 14 17 13 12 11 10 9 3 8 7 5 4 6 2 1 80
43
47 47
40 40
71 71
1 1
15 15
52 52
3 3
31 31
85 85
56 56
9 9
4 4
14 14
42 42
54 54
89 89
46 46
49 49
76 76
37 37
73 73
34 34
20 20
25 25
41 41
79 79
87 87
53 53
5 5
84 84
23 23
68 68
48 48
12 12
6 6
77 77
86 86
59 59
75 75
27 27
33 33
36 36
60 60
