55 57 182 101 61 122 179 90 56 85 146 181 62 42 97 40 13 15 113 114 28 172 8 53 127 54 9 67 76 116 134 126 30 164 27 170 160 136 124 105 32 150 49 41 148 109 175 74 107 69 77 78 184 163 10 133 58 166 43 66 174 26 88 80 86 188 128 81 118 14 36 14 17 168 11 185 131 171 149 20 151 45 12 162 177 173 16 4 71 111 137 159 59 152 119 29 158 63 115 48 186 33 83 91 55
89
40 40
11 11
58 140 58
33 33
159 159
97 97
146 146
149 149
12 12
170 170
63 63 106
119 119
184 184
172 172
81 81
17 17
32 32
91 91
61 61
26 26
27 27
148 148
188 188
78 78 153
101 101 182
62 62
45 45
76 76
111 111
133 133
152 152
88 88
185 185
56 90 56
162 162
49 49
59 59
107 107
186 186
71 189 71
118 118
181 181
74 74
67 67
15 15 135
29 29
83 83
53 53
41 41
36 36
171 171
134 134
54 54
175 175
177 177
151 151
43 43
116 116
105 105
179 179
86 86
158 158
163 163
66 66
131 131
166 166
115 115
57 57
160 160
137 137
8 8
13 13
109 109
126 126
150 150
42 42
16 16
122 122
85 85
113 113
20 20
80 80
77 77
173 173
9 9
30 30
48 48
168 168
114 114
