x182 x11 x46 x120 x156 x71 x61 x71 x184 x30 x175 x55 x11 x14 x0 x163 x66 x115 x170 x82 x107 x188 x25 x131 x122 x194 x75 x185 x70 x7 x144 x84 x144 x106 x15 x146 x196 x92 x155 x177 x144 x179 x100 x169 x166 x20 x160 x8 x98 x174 x87 x174 x18 x190 x73 x114 x153 x2 x161 x195 x59 x32 x138 x129 x14 x64 x120 x9 x192 x177 x89 x10 x50 x31 x119 x42 x112 x71 x187 x127 x76 x21 x170 x72 x147 x72 x125 x182
43
x147 x74 x147 x72 x125 x50
x21 x21 x143 x172 x17 x76 x118 x164
x127 x86 x79 x3 x127 x56 x27 x49 x58
x71 x20 x71 x77
x42 x42
x119 x45 x189 x151 x119 x23
x31 x6 x133 x80 x31
x10 x10
x192 x192
x9 x69 x128 x146 x19 x136 x95
x64 x88 x48 x137 x64 x4
x14 x14 x94
x138 x43 x138 x141 x26 x184
x59 x59 x186 x183 x32
x161 x161
x2 x2
x153 x153
x114 x114
x18 x18
x87 x87
x98 x104 x98
x8 x8
x166 x166
x100 x159 x99 x100
x179 x179
x155 x109 x155 x177 x113 x139 x198 x116 x102
x92 x53 x92 x83
x15 x15 x106
x84 x84
x7 x7
x185 x185
x194 x194
x25 x25
x107 x107
x82 x82
x66 x66
x163 x163
x11 x11 x182
x55 x55
x30 x30
x61 x61
x156 x156
x46 x46
