5 14 64 57 87 53 123 131 140 131 123 53 27 41 86 109 86 41 19 169 19 69 145 69 19 20 54 20 19 52 143 144 176 180 176 144 143 52 80 52 56 102 56 73 32 29 16 7 35 7 16 61 43 183 43 25 12 18 178 18 12 150 191 150 12 66 31 39 88 168 88 39 8 95 121 95 59 118 126 118 59 101 59 45 37 44 106 44 11 6 0 51 0 1 70 105 70 1 177 1 30 15 163 15 10 160 10 9 22 92 40 36 82 179 82 36 17 68 33 5
33
9 9 58 77
32 21 32 50 91
14 23 63 103 196
11 27 85 113
31 31
35 35
45 45 152
51 51
54 54 96
57 57
68 68 155
59 76 127
80 80
92 92
101 101 104 111
102 102
105 105
106 106
109 109 130
121 121
126 126
140 140
145 145
160 160
163 163
168 168
169 169
180 176 180 194
177 177
178 178
179 179
183 183
191 191
