7FWNmYu1sEzp7YpjhNM0 kgMLDXb5R3ORIfTilNFP AzIG5crlJuxKgwAi8EiY LEf0huj6HzVDaAZAnsYH IcKzxr7CcACAPE40T0L0 6uJmr1C0tkMcbasOZ8YR Hp324dioHwKLfiZ19twT 1foAom0YUla8ad6rygWf B46pe0ii1rn1dcGCmje6 CdlE2FMHtE23wbpleKPr qUHIoJ8btUij9h8nDU8R lDAnOMVYOYXzMCtINEX8 goJftIzc5FBlw9j9PMfL pPWJrH430fABR0NcoPKV scUa5QdkUC7khfk1TYEx nAg8OEdqlYhSIX9nv2SQ uKBUiyynqpfTFP93OJ0w 9l9bqgsSEgsSkszLK4O4 A9DFzQyemv4Vrp2lXMgz 7FWNmYu1sEzp7YpjhNM0
18
pPWJrH430fABR0NcoPKV pPWJrH430fABR0NcoPKV
6uJmr1C0tkMcbasOZ8YR 6uJmr1C0tkMcbasOZ8YR RIFDgOYLizqUpmzvNX0Y
goJftIzc5FBlw9j9PMfL goJftIzc5FBlw9j9PMfL ZPdVSQmUt7J8A3Rehp7D
IcKzxr7CcACAPE40T0L0 IcKzxr7CcACAPE40T0L0 6uYVEZNStGwGBaOTSZJ3
Hp324dioHwKLfiZ19twT Hp324dioHwKLfiZ19twT g2g8WLVxe9HOQYy10Bok
A9DFzQyemv4Vrp2lXMgz A9DFzQyemv4Vrp2lXMgz
nAg8OEdqlYhSIX9nv2SQ nAg8OEdqlYhSIX9nv2SQ
kgMLDXb5R3ORIfTilNFP kgMLDXb5R3ORIfTilNFP 5yzYewNOjD4D1V8ZP8q1 W2denTwXnWz4qrXL3aFw
1foAom0YUla8ad6rygWf 1foAom0YUla8ad6rygWf
9l9bqgsSEgsSkszLK4O4 9l9bqgsSEgsSkszLK4O4
qUHIoJ8btUij9h8nDU8R qUHIoJ8btUij9h8nDU8R
scUa5QdkUC7khfk1TYEx scUa5QdkUC7khfk1TYEx
CdlE2FMHtE23wbpleKPr CdlE2FMHtE23wbpleKPr
lDAnOMVYOYXzMCtINEX8 lDAnOMVYOYXzMCtINEX8 PyIlH9YicODghA6KwJUV
B46pe0ii1rn1dcGCmje6 B46pe0ii1rn1dcGCmje6
uKBUiyynqpfTFP93OJ0w uKBUiyynqpfTFP93OJ0w
LEf0huj6HzVDaAZAnsYH LEf0huj6HzVDaAZAnsYH
AzIG5crlJuxKgwAi8EiY AzIG5crlJuxKgwAi8EiY
