xse rsg dkp nsw hcr ils jfh miy mti vvn nwn uuw kxn fin dgl adx vlb mok vlb fgp xjt ceo tlh ksg rir vmt emz wiy qbf fyc nhi vzr jgt nry cun gfa bnl nko fbk vmv fjy kpp xeh aeg vtd hmi rjv idv ukv nii tdu cma ljd gex pjf wyg ocp nmf fia lvm nvz qkp yug qkp qdw zkt qxs ruo byu ttw uau krr bod ogh auf uwo qjf clj fhv khu ikb pvs aii wbg hpx qwk bdh rtc txq lrj nfr lwk fzi xme vwg nwc qzf zdb loj ckx gbd zud phg jam ybr uok cek kfu aeu cen ego weo xse
90
cma cma
adx adx
ocp ocp
pvs pvs
fbk fbk
vtd vtd
cen cen
ttw bda ttw ptu
aii aii
lrj lrj nfr
uwo uwo
nii nii
mti mti
ybr ybr
ikb ikb
wyg wyg
xeh xeh
khu khu
vvn vvn
bdh bdh
mok mok
fin fin
vmv vmv
lvm lvm
nwc nwc
loj loj
lwk fzi lwk
uau uau svk
miy miy
tdu tdu
fia fia
byu byu
hmi hmi
fhv fhv
uok uok
qbf qbf wiy
hcr hcr
phg phg
zud zud
hpx hpx
pjf pjf gex
cun cun
rtc rtc
nry nry
yug yug
jgt jgt
aeg aeg
nmf nmf
ckx ckx
zkt zkt
uuw uuw
nhi nhi
ogh ogh
krr krr
nko nko
qdw qdw
ljd tso ljd
kxn kxn
bod bod
xjt xjt
qjf tko qjf
vzr vzr
vwg vwg
dgl dgl
zdb zdb
ruo ruo
nsw nsw
rsg rsg
rjv rjv
fgp fgp
xme xme
ego ego
bnl bnl
ukv ukv
emz emz
txq txq
kpp kpp
jam jam
fyc fyc
wbg wbg
vmt vmt
jfh jfh
ksg ksg
kfu kfu
tlh tlh
qxs qxs
nvz nvz
idv idv
fjy fjy
ils ils
