Vernon Anaheim Industrial Winterhaven Brundage Glencoe Capuchino Bodad Grasslands Beach California Woody Pleasant Cambridge Alamo Forbestown Veterans Delta Escondido Smoke Lake Wallace Sherman Santa Cudahy Potrero Cabbage Sacramento Calaveras Cressey Hammer Parchester Quail Buena Yankee Cypress Louis Crestmont Industry Ritter Kaiser Hoffman Clayton Marshall Bell Bradley Huron Cerro Temecula Pacheco Bakersfield Escalon Coddingtown Donner Bonny Moores Smith Bangor Saint Robertsville Portola Rowland Civic Collins Mecca Flinn Dulzura Roseland Presidio Richvale Le Rough Ramona Downtown Davenport All Stockdale Garcia Yurok Fiorini Timbuctoo Antelope Sulpizio Tijuana Manker Fullerton Three Blue Del Terra Carmel Fox Chittenden Costa Armstrong Sunny Strawberry South Balboa Helm Vernon
99
Davenport Davenport
Smith Smith
Winterhaven Winterhaven
Yankee Yankee
Cressey Cressey
Robertsville Robertsville
Parchester Warner Parchester
Cerro Cerro
Terra Terra
Wallace Wallace
Temecula Temecula
Quail Quail
Stockdale Stockdale
Carmel Carmel
Clayton Clayton
Richvale Richvale
Le Le
Downtown Downtown
Woody Woody
Three Three
Presidio Presidio
Crestmont Crestmont
Anaheim Anaheim
Bell Bell
Cabbage Cabbage
Industry Industry
Forbestown Forbestown
Mecca Mecca
Bodad Bodad
Industrial Industrial
Portola Portola
Calaveras Calaveras
Antelope Antelope
Kaiser Kaiser
Bakersfield Bakersfield
Strawberry Strawberry
Veterans Veterans
Dulzura Dulzura
Pleasant Pleasant
Escalon Escalon
Brundage Brundage
Hammer Hammer
Manker Manker
Moores Moores
Blue Blue
Grasslands Grasslands
Helm Helm
Saint Saint
Rough Rough
Bonny Bonny
Timbuctoo Timbuctoo
Fox Fox
Pacheco Pacheco
Huron Huron
Balboa Balboa
Roseland Roseland
Capuchino Capuchino
Beach Beach
Fullerton Fullerton
Cudahy Cudahy
Civic Civic
Potrero Potrero
Bangor Bangor
Santa Santa
Ramona Ramona
Garcia Garcia
Cambridge Cambridge
Ritter Ritter
Sherman Sherman
Costa Costa
Fiorini Fiorini
Louis Louis
Hoffman Hoffman
Lake Lake
Buena Buena
Alamo Alamo
California California
Collins Collins
Donner Donner
Coddingtown Coddingtown
Glencoe Glencoe
Yurok Yurok
Rowland Rowland
Marshall Marshall
Sunny Sunny
Sacramento Sacramento
Flinn Flinn
Chittenden Chittenden
Armstrong Armstrong
Delta Delta
Tijuana Tijuana
All All
Smoke Smoke
Bradley Bradley
South South
Sulpizio Sulpizio
Cypress Cypress
Del Del
Escondido Escondido
