Encanto Huron Delta Vernon Garden Willow Woodbridge Welden Yurok Granite Elmira Cypress Forest Pumpkin Santa Green Shafter Mount Smoke Costa Glencoe McAuley Vista Ramona Beach Kern Banning Chinese All Bonita Los Jane Woffard Laguna Kentfield Cherokee Clayton Two Alpaugh Ames Richvale Sherman Foothills Riverside Homestead Quail Warner Cabbage Moccasin City Encanto
49
Cherokee Cherokee
Kentfield Kentfield
Banning Banning
Vernon Vernon
Bonita Bonita
Forest Forest
Vista Vista
Laguna Laguna
Homestead Homestead
Willow Willow
Foothills Foothills
Moccasin Moccasin
Two Two
Beach Beach
Clayton Presidio Clayton
Sherman Sherman
All All
Richvale Richvale
Kern Kern
Woodbridge Woodbridge
Yurok Yurok
Cabbage Cabbage
Glencoe Glencoe
Jane Jane
Welden Welden
Mount Mount
Elmira Elmira
Warner Warner
Shafter Shafter
Los Los
Ames Ames
City City
Quail Quail
Santa Santa
Granite Granite
Garden Garden
Chinese Chinese
Woffard Woffard
Alpaugh Alpaugh
Pumpkin Pumpkin
Delta Delta
Costa Costa
Encanto Encanto
Ramona Ramona
Riverside Riverside
Smoke Smoke
Cypress Cypress
McAuley McAuley
Green Green
