Evans Cory Evans WursterHall Campbell DurantHall Unit2 Stern Unit2 Barrows KroeberHall Etcheverry KroeberHall Bowles Unit3 Spats Boalt Spats Unit3 Bowles HilgardHall AshaTeaHouse ImmThai AlumniHouse BerkeleyWayWest Yifang Raretea Wheeler UniversityVillage HortonHall LeConte Moffit SouthHall HesseHall SouthHall Moffit HappyLemon LawrenceHall BancroftLibrary HavilandHall VLSB HearstMining StrawberryCreek MemorialGlade Kresge MemorialGlade StrawberryCreek GreekTheatre SatherGate GiauqueHall SatherGate InternationalHouse CaliforniaHall Firewings RSF Underhill Campanile Marugame Gilman BotanicalGardens ClarkKerr ThaiNoodle Dwinelle MLK HildebrandHall MLK LatimerHall Plentea Doe Plentea Soda Plentea SutardjaDai Plentea StrawberryCreek Unit1 HAAS Foothill Artichokes Evans
36
ThaiNoodle ThaiNoodle
Doe Doe
HearstMining HearstMining
Wheeler Wheeler
Campanile Campanile
LeConte LeConte
Moffit Moffit
Dwinelle Dwinelle MLK
SouthHall SouthHall
Gilman Gilman
CaliforniaHall CaliforniaHall InternationalHouse
Bowles Bowles Unit3 ZellerbachHall HilgardHall
BancroftLibrary BancroftLibrary HavilandHall
DurantHall DurantHall
Stern Stern
Campbell Campbell Eshelman
GreekTheatre GreekTheatre CanyonPool
HAAS BAMPFA Foothill HAAS
BerkeleyWayWest BerkeleyWayWest AlumniHouse
LawrenceHall LawrenceHall
Unit1 Unit1
Unit2 Unit2
VLSB VLSB
RSF RSF Blackwell
Soda Soda
Cory Cory
Barrows Barrows MemorialStadium
Boalt Boalt
BotanicalGardens BotanicalGardens DavisHall
Kresge Kresge
SutardjaDai SutardjaDai
Etcheverry Etcheverry
GiauqueHall GiauqueHall
UniversityVillage UniversityVillage
HesseHall HesseHall
HildebrandHall HildebrandHall
