Shower0 Robot49 Fence29 BBQ36 Laptop22 Elevator35 Monster32 Android27 Puppy28 Boat48 Cone13 Boat48 Allergies7 Prints46 Ring33 Soap14 Website21 Soda18 Website21 Crab16 Nuclear43 Ice30 Light1 Cat44 Toilet45 Post17 Prints25 Post17 Ice42 YouTube4 Shower0
18
Soda18 Soda18
Toilet45 Toilet45
Prints25 Mail41 Prints25 Toilet26 BBQ38 Plants3
Ring33 Ring33
YouTube4 YouTube4 Puppy19
Elevator35 Elevator35
Laptop22 Sink37 Laptop22
Robot49 Robot49
Nuclear43 Nuclear43
Ice42 Ice42
Light1 Cat44 Light1
Android27 Android27
Monster32 Monster32
Crab16 Crab16
Cone13 Cone13
BBQ36 BBQ36
Ice30 Ice30
Allergies7 Allergies7
