Horse0 Towel35 Allergies3 Towel16 Breakfast42 Running77 Water52 Cat13 Ice30 Allergies4 Ice30 Prints23 Floppy63 Ice10 Water66 Bird93 Leash68 Kitty14 Trees96 BBQ86 Monster71 Monster39 Websites81 Rollers48 Book41 Whale22 Comics49 Dislike21 Shower15 Rollers34 Websites17 Leash89 Ice38 Leash89 Towel37 Ice32 Robot9 Mail88 Printer53 Shower11 Whale59 Ring45 Horse55 Breakfast19 Floppy64 Horse0
31
Shower11 Shower11 Whale59 Settings5
Websites81 Websites81
Running77 Running77 Ring97
Horse55 Horse55
Monster39 Monster39
Websites17 Websites17 Rollers34
Leash68 Male84 Leash68
Monster71 Monster71
Ring45 Ring45
Allergies3 Solar58 Flowers98 Allergies3
Comics49 Plus62 Dislike51 Comics49 Post61
Allergies4 Allergies4 Ice30
Kitty14 Kitty14
Printer53 Printer53
Ice10 Ice10
Bird93 Toilet20 Water66 Bird93
Towel37 Towel37
Whale22 Bird82 Whale22 Shelf25
BBQ86 BBQ86
Horse0 Horse0 Breakfast74
Book41 Book41
Cat13 Water52 Cat13
Shower15 Shower15
Breakfast19 Breakfast19
Floppy63 Floppy63
Towel16 Soda57 Towel16
Ice38 Ice38
Robot9 Robot9 Mail88
Prints23 Prints23
Towel35 Towel35
Rollers48 Rollers48
