Shelf0 Dog168 Towel92 Comics107 Robot164 Whale114 Urine124 Male149 Toolbox147 Soap3 Ring82 Mail22 Allergies103 Cat163 Whale137 Ring169 Toolbox146 Comics28 Light30 Solar130 Toolbox72 Nuclear18 Laptop69 Poop150 Robot93 Poop150 Leash77 Boat141 Water135 Laptop125 Kitty194 Solar162 Monster175 Shower47 Sink109 Shower57 Whale31 Cat187 Whale31 Clock61 Whale126 Book99 Poop76 Mail6 Body55 Clock2 Ice165 Water38 System183 Kitty89 Horse148 Rollers14 Urine20 BBQ36 Solar71 Breakfast85 Fusion104 Fusion34 Websites94 Poop80 Plants118 Hnads182 Plus78 Urine97 Ice50 Settings75 Dislike27 Robot51 YouTube44 Ice41 Laptop19 Ice41 Shelf40 Shoe17 Shoes8 Soap58 Toilet191 Dog181 Elevator115 Shoe174 Boat67 Towel154 Dislike143 Running177 Drugs39 System79 Drugs195 Cat15 Soda119 YouTube33 Soap64 Clock139 Allergies88 Websites4 Monster73 Drugs184 Toilet13 Toolbox153 Shelf0
71
Soap64 Crab83 Soap64
Boat67 Boat67
Horse148 Horse148
Whale126 Post158 Whale126 Clock61
Robot93 Robot93 Poop150
Kitty194 Kitty194
Drugs39 Drugs39 Hnads116
Shower47 Sink109 Shower47
Shelf40 Shelf40 Ice41
Leash77 Leash77
Laptop125 Laptop125 Rollers95 Water29 Kitty98
Allergies88 Allergies88
Toolbox146 Toolbox146
Solar162 Ice9 Solar162 Website190
Comics28 Light30 Book171
Soap58 Soap58
Towel154 Towel154
Plants118 Plants118
Settings75 Settings75 Flowers178
Kitty89 Kitty89
Mail6 Body55 Mail6
Monster175 Monster175
Water135 Water135
Shoes8 Dislike12 Shoes8
Dog168 Dog168 Android196
Urine20 BBQ36 Urine20
Shoe174 Shoe174
Urine124 Urine124
Rollers14 Nuclear35 Rollers14
Mail22 Mail22 Puppy140
Allergies103 Allergies103
Dislike143 Dislike143 Allergies176
Monster73 Monster73
Clock2 Puppy117 Clock2
Solar130 Solar130
Soda119 Soda119 Solar192
Cat187 Printer188 Cat187
Robot51 Robot51
Drugs195 Drugs195
Laptop19 Laptop19
Toolbox72 Toolbox72
Nuclear18 Nuclear18 System156
Whale114 Robot164 Whale114
Dislike27 Soda197 Dislike27 Book24
Dog181 Dog181
Clock139 Clock139
Toolbox153 Toolbox153
Water38 Water38 Ice165
Poop80 Poop80
Plus78 Plus78
Whale137 Whale137
Urine97 Urine97
Fusion104 Fusion104
Shoe17 Shoe17
Cat15 Cat15
Solar71 Solar71
System183 System183
Ring82 Ring82
Poop76 Poop76
Ring169 Ring169
Male149 Male149
Hnads182 Hnads182
Shelf0 Shelf0
Fusion34 Fusion34
Towel92 Towel92
Toilet13 Toilet13
Breakfast85 Breakfast85
Websites4 Websites4
Shower57 Shower57
Comics107 Comics107
System79 System79
