hdpxs osxbc cihba amfiz rchbw frhgc lmwpk bwknx wotiq vgwoi sxdiu hwmzn nqtru rlumh mlibf tmwdy pytwh gstwp pytwh ehqyk yqfdk zcjqx fjdqi oxuqn rzvtg ayrgb tjake mhuad oewcd osvgp btwzv ypdnb bdevm ebwcp uklga qckjp rjuxc wdquv uiogl dkjro iyuas xnpwq cqsby ahnds zqjxb ymcfp lnjxt yazqf dbjxw glrpy yqtob qhvsb vobqh drojn xlrzc mujil kzwah qpbmc wkbuf kjihy gufvs mhekz tkwle bkfuc olqfv stflc syoxf gdnim lpudv evsbm yvbse pgqva maqho wajol xcvow pihld aedvq kscoz jcwpu joztf cxajk evtgj qhibx rjdai mtcsd oaeyh tndwl wcjeg gdovn utdhx qsmkj vcwfj htkwy bsvth oxitr hdpxs
90
mlibf mlibf
sxdiu sxdiu
qpbmc qpbmc
uiogl uiogl ktzce
uklga uklga
maqho maqho
yqtob yqtob
mujil mujil
tmwdy tmwdy
fjdqi fjdqi
xlrzc xlrzc
oxitr oxitr
nqtru nqtru
bdevm bdevm
ayrgb ayrgb
lnjxt lnjxt
tkwle armnk tkwle
gdnim gdnim
zqjxb zqjxb jhlus
yqfdk yqfdk
drojn drojn
dkjro ohzfn dkjro
jcwpu jcwpu
wotiq wotiq
joztf joztf
pytwh pytwh
oewcd cxdes oewcd
tndwl tndwl zntkr
qhibx qhibx
aedvq aedvq
ymcfp ymcfp
stflc stflc
wajol wajol qbdwz
kscoz kscoz
mtcsd mtcsd
pgqva pgqva
btwzv btwzv
ahnds ahnds
utdhx utdhx
rjuxc rjuxc
xnpwq xnpwq
frhgc frhgc
osvgp osvgp
bsvth bsvth
rjdai rjdai
qckjp qckjp
lmwpk lmwpk
cihba wnelr cihba
rlumh rlumh
syoxf syoxf
zcjqx zcjqx
yazqf yazqf
vgwoi vgwoi
bkfuc bkfuc
dbjxw dbjxw
mhekz gufvs syoxv mhekz
kjihy kjihy
iyuas iyuas
ebwcp ebwcp
bwknx bwknx
amfiz amfiz
cqsby cqsby
wkbuf wkbuf
kzwah kzwah
yvbse yvbse
htkwy htkwy
rchbw rchbw
oaeyh oaeyh
evtgj evtgj
cxajk cxajk
pihld pihld
lpudv lpudv
qsmkj qsmkj
vcwfj vcwfj
ehqyk ehqyk
gdovn gdovn
gstwp gstwp
hwmzn hwmzn
mhuad mhuad
oxuqn oxuqn
tjake tjake
wdquv wdquv
xcvow xcvow
evsbm evsbm
wcjeg wcjeg
rzvtg rzvtg
vobqh vobqh
osxbc osxbc
ypdnb ypdnb
qhvsb qhvsb
