hutmk vmgxh ugyls yzaje lcghr lskxo oscrv mlfbi lsnhz gxdqt bcrwj otirh yiodb ywion ijvuq xeljy misyc urlkt xintv coubd xnysi cursl tyuep zsehb hopbn qdzgs tejxc aqzce axmwy artvi abupm mzlsn spuoi vczkh ugamb iofdr aeomh lnfiu ablxw yaxts omjfc hutmk
37
oscrv oscrv
hopbn hopbn
mlfbi mlfbi
lcghr lcghr
aqzce aqzce
mzlsn mzlsn
zsehb zsehb
tyuep tyuep
coubd coubd
yzaje yzaje
lnfiu lnfiu
cursl cursl
omjfc omjfc dowbf
qdzgs qdzgs
xintv xintv
ywion ywion ijofp
gxdqt gxdqt
vczkh vczkh
yiodb yiodb
urlkt urlkt
ablxw rlfxc ablxw
aeomh aeomh
artvi artvi
vmgxh vmgxh
ugamb ugamb
otirh otirh
ugyls ugyls
tejxc tejxc
xeljy xeljy
yaxts yaxts
spuoi spuoi
xnysi xnysi
misyc misyc
bcrwj bcrwj
lsnhz lsnhz
axmwy axmwy
ijvuq ijvuq
